[0.310s] DEBUG:colcon:Command line arguments: ['/usr/bin/colcon', 'build', '--symlink-install']
[0.310s] DEBUG:colcon:Parsed command line arguments: Namespace(log_base=None, log_level=None, verb_name='build', build_base='build', install_base='install', merge_install=False, symlink_install=True, test_result_base=None, continue_on_error=False, executor='parallel', parallel_workers=32, event_handlers=None, ignore_user_meta=False, metas=['./colcon.meta'], base_paths=['.'], packages_ignore=None, packages_ignore_regex=None, paths=None, packages_up_to=None, packages_up_to_regex=None, packages_above=None, packages_above_and_dependencies=None, packages_above_depth=None, packages_select_by_dep=None, packages_skip_by_dep=None, packages_skip_up_to=None, packages_select_build_failed=False, packages_skip_build_finished=False, packages_select_test_failures=False, packages_skip_test_passed=False, packages_select=None, packages_skip=None, packages_select_regex=None, packages_skip_regex=None, packages_start=None, packages_end=None, cmake_args=None, cmake_target=None, cmake_target_skip_unavailable=False, cmake_clean_cache=False, cmake_clean_first=False, cmake_force_configure=False, ament_cmake_args=None, catkin_cmake_args=None, catkin_skip_building_tests=False, mixin_files=None, mixin=None, verb_parser=<colcon_mixin.mixin.mixin_argument.MixinArgumentDecorator object at 0x7e41aa52f440>, verb_extension=<colcon_core.verb.build.BuildVerb object at 0x7e41aa52f140>, main=<bound method BuildVerb.main of <colcon_core.verb.build.BuildVerb object at 0x7e41aa52f140>>, mixin_verb=('build',))
[0.358s] Level 1:colcon.colcon_core.package_discovery:discover_packages(colcon_meta) check parameters
[0.358s] Level 1:colcon.colcon_core.package_discovery:discover_packages(recursive) check parameters
[0.358s] Level 1:colcon.colcon_core.package_discovery:discover_packages(ignore) check parameters
[0.358s] Level 1:colcon.colcon_core.package_discovery:discover_packages(path) check parameters
[0.358s] Level 1:colcon.colcon_core.package_discovery:discover_packages(colcon_meta) discover
[0.358s] Level 1:colcon.colcon_core.package_discovery:discover_packages(recursive) discover
[0.358s] INFO:colcon.colcon_core.package_discovery:Crawling recursively for packages in '/home/tamar/RBE594_ws'
[0.358s] Level 1:colcon.colcon_core.package_identification:_identify(.) by extensions ['ignore', 'ignore_ament_install']
[0.358s] Level 1:colcon.colcon_core.package_identification:_identify(.) by extension 'ignore'
[0.358s] Level 1:colcon.colcon_core.package_identification:_identify(.) by extension 'ignore_ament_install'
[0.358s] Level 1:colcon.colcon_core.package_identification:_identify(.) by extensions ['colcon_pkg']
[0.358s] Level 1:colcon.colcon_core.package_identification:_identify(.) by extension 'colcon_pkg'
[0.358s] Level 1:colcon.colcon_core.package_identification:_identify(.) by extensions ['colcon_meta']
[0.358s] Level 1:colcon.colcon_core.package_identification:_identify(.) by extension 'colcon_meta'
[0.358s] Level 1:colcon.colcon_core.package_identification:_identify(.) by extensions ['ros']
[0.358s] Level 1:colcon.colcon_core.package_identification:_identify(.) by extension 'ros'
[0.389s] Level 1:colcon.colcon_core.package_identification:_identify(.) by extensions ['cmake', 'python']
[0.390s] Level 1:colcon.colcon_core.package_identification:_identify(.) by extension 'cmake'
[0.390s] Level 1:colcon.colcon_core.package_identification:_identify(.) by extension 'python'
[0.390s] Level 1:colcon.colcon_core.package_identification:_identify(.) by extensions ['python_setup_py']
[0.390s] Level 1:colcon.colcon_core.package_identification:_identify(.) by extension 'python_setup_py'
[0.390s] Level 1:colcon.colcon_core.package_identification:_identify(Photos) by extensions ['ignore', 'ignore_ament_install']
[0.390s] Level 1:colcon.colcon_core.package_identification:_identify(Photos) by extension 'ignore'
[0.390s] Level 1:colcon.colcon_core.package_identification:_identify(Photos) by extension 'ignore_ament_install'
[0.390s] Level 1:colcon.colcon_core.package_identification:_identify(Photos) by extensions ['colcon_pkg']
[0.390s] Level 1:colcon.colcon_core.package_identification:_identify(Photos) by extension 'colcon_pkg'
[0.390s] Level 1:colcon.colcon_core.package_identification:_identify(Photos) by extensions ['colcon_meta']
[0.390s] Level 1:colcon.colcon_core.package_identification:_identify(Photos) by extension 'colcon_meta'
[0.390s] Level 1:colcon.colcon_core.package_identification:_identify(Photos) by extensions ['ros']
[0.390s] Level 1:colcon.colcon_core.package_identification:_identify(Photos) by extension 'ros'
[0.390s] Level 1:colcon.colcon_core.package_identification:_identify(Photos) by extensions ['cmake', 'python']
[0.390s] Level 1:colcon.colcon_core.package_identification:_identify(Photos) by extension 'cmake'
[0.390s] Level 1:colcon.colcon_core.package_identification:_identify(Photos) by extension 'python'
[0.390s] Level 1:colcon.colcon_core.package_identification:_identify(Photos) by extensions ['python_setup_py']
[0.390s] Level 1:colcon.colcon_core.package_identification:_identify(Photos) by extension 'python_setup_py'
[0.390s] Level 1:colcon.colcon_core.package_identification:_identify(build) by extensions ['ignore', 'ignore_ament_install']
[0.390s] Level 1:colcon.colcon_core.package_identification:_identify(build) by extension 'ignore'
[0.390s] Level 1:colcon.colcon_core.package_identification:_identify(build) ignored
[0.390s] Level 1:colcon.colcon_core.package_identification:_identify(install) by extensions ['ignore', 'ignore_ament_install']
[0.390s] Level 1:colcon.colcon_core.package_identification:_identify(install) by extension 'ignore'
[0.390s] Level 1:colcon.colcon_core.package_identification:_identify(install) ignored
[0.390s] Level 1:colcon.colcon_core.package_identification:_identify(log) by extensions ['ignore', 'ignore_ament_install']
[0.390s] Level 1:colcon.colcon_core.package_identification:_identify(log) by extension 'ignore'
[0.390s] Level 1:colcon.colcon_core.package_identification:_identify(log) ignored
[0.390s] Level 1:colcon.colcon_core.package_identification:_identify(src) by extensions ['ignore', 'ignore_ament_install']
[0.390s] Level 1:colcon.colcon_core.package_identification:_identify(src) by extension 'ignore'
[0.390s] Level 1:colcon.colcon_core.package_identification:_identify(src) by extension 'ignore_ament_install'
[0.390s] Level 1:colcon.colcon_core.package_identification:_identify(src) by extensions ['colcon_pkg']
[0.391s] Level 1:colcon.colcon_core.package_identification:_identify(src) by extension 'colcon_pkg'
[0.391s] Level 1:colcon.colcon_core.package_identification:_identify(src) by extensions ['colcon_meta']
[0.391s] Level 1:colcon.colcon_core.package_identification:_identify(src) by extension 'colcon_meta'
[0.391s] Level 1:colcon.colcon_core.package_identification:_identify(src) by extensions ['ros']
[0.391s] Level 1:colcon.colcon_core.package_identification:_identify(src) by extension 'ros'
[0.391s] Level 1:colcon.colcon_core.package_identification:_identify(src) by extensions ['cmake', 'python']
[0.391s] Level 1:colcon.colcon_core.package_identification:_identify(src) by extension 'cmake'
[0.391s] Level 1:colcon.colcon_core.package_identification:_identify(src) by extension 'python'
[0.391s] Level 1:colcon.colcon_core.package_identification:_identify(src) by extensions ['python_setup_py']
[0.391s] Level 1:colcon.colcon_core.package_identification:_identify(src) by extension 'python_setup_py'
[0.392s] Level 1:colcon.colcon_core.package_identification:_identify(src/Universal_Robots_ROS2_Description) by extensions ['ignore', 'ignore_ament_install']
[0.392s] Level 1:colcon.colcon_core.package_identification:_identify(src/Universal_Robots_ROS2_Description) by extension 'ignore'
[0.392s] Level 1:colcon.colcon_core.package_identification:_identify(src/Universal_Robots_ROS2_Description) by extension 'ignore_ament_install'
[0.392s] Level 1:colcon.colcon_core.package_identification:_identify(src/Universal_Robots_ROS2_Description) by extensions ['colcon_pkg']
[0.392s] Level 1:colcon.colcon_core.package_identification:_identify(src/Universal_Robots_ROS2_Description) by extension 'colcon_pkg'
[0.392s] Level 1:colcon.colcon_core.package_identification:_identify(src/Universal_Robots_ROS2_Description) by extensions ['colcon_meta']
[0.392s] Level 1:colcon.colcon_core.package_identification:_identify(src/Universal_Robots_ROS2_Description) by extension 'colcon_meta'
[0.392s] Level 1:colcon.colcon_core.package_identification:_identify(src/Universal_Robots_ROS2_Description) by extensions ['ros']
[0.392s] Level 1:colcon.colcon_core.package_identification:_identify(src/Universal_Robots_ROS2_Description) by extension 'ros'
[0.394s] DEBUG:colcon.colcon_core.package_identification:Package 'src/Universal_Robots_ROS2_Description' with type 'ros.ament_cmake' and name 'ur_description'
[0.394s] Level 1:colcon.colcon_core.package_identification:_identify(src/Universal_Robots_ROS2_GZ_Simulation) by extensions ['ignore', 'ignore_ament_install']
[0.394s] Level 1:colcon.colcon_core.package_identification:_identify(src/Universal_Robots_ROS2_GZ_Simulation) by extension 'ignore'
[0.394s] Level 1:colcon.colcon_core.package_identification:_identify(src/Universal_Robots_ROS2_GZ_Simulation) by extension 'ignore_ament_install'
[0.395s] Level 1:colcon.colcon_core.package_identification:_identify(src/Universal_Robots_ROS2_GZ_Simulation) by extensions ['colcon_pkg']
[0.395s] Level 1:colcon.colcon_core.package_identification:_identify(src/Universal_Robots_ROS2_GZ_Simulation) by extension 'colcon_pkg'
[0.395s] Level 1:colcon.colcon_core.package_identification:_identify(src/Universal_Robots_ROS2_GZ_Simulation) by extensions ['colcon_meta']
[0.395s] Level 1:colcon.colcon_core.package_identification:_identify(src/Universal_Robots_ROS2_GZ_Simulation) by extension 'colcon_meta'
[0.395s] Level 1:colcon.colcon_core.package_identification:_identify(src/Universal_Robots_ROS2_GZ_Simulation) by extensions ['ros']
[0.395s] Level 1:colcon.colcon_core.package_identification:_identify(src/Universal_Robots_ROS2_GZ_Simulation) by extension 'ros'
[0.395s] Level 1:colcon.colcon_core.package_identification:_identify(src/Universal_Robots_ROS2_GZ_Simulation) by extensions ['cmake', 'python']
[0.395s] Level 1:colcon.colcon_core.package_identification:_identify(src/Universal_Robots_ROS2_GZ_Simulation) by extension 'cmake'
[0.395s] Level 1:colcon.colcon_core.package_identification:_identify(src/Universal_Robots_ROS2_GZ_Simulation) by extension 'python'
[0.395s] Level 1:colcon.colcon_core.package_identification:_identify(src/Universal_Robots_ROS2_GZ_Simulation) by extensions ['python_setup_py']
[0.395s] Level 1:colcon.colcon_core.package_identification:_identify(src/Universal_Robots_ROS2_GZ_Simulation) by extension 'python_setup_py'
[0.395s] Level 1:colcon.colcon_core.package_identification:_identify(src/Universal_Robots_ROS2_GZ_Simulation/ur_simulation_gz) by extensions ['ignore', 'ignore_ament_install']
[0.395s] Level 1:colcon.colcon_core.package_identification:_identify(src/Universal_Robots_ROS2_GZ_Simulation/ur_simulation_gz) by extension 'ignore'
[0.395s] Level 1:colcon.colcon_core.package_identification:_identify(src/Universal_Robots_ROS2_GZ_Simulation/ur_simulation_gz) by extension 'ignore_ament_install'
[0.395s] Level 1:colcon.colcon_core.package_identification:_identify(src/Universal_Robots_ROS2_GZ_Simulation/ur_simulation_gz) by extensions ['colcon_pkg']
[0.395s] Level 1:colcon.colcon_core.package_identification:_identify(src/Universal_Robots_ROS2_GZ_Simulation/ur_simulation_gz) by extension 'colcon_pkg'
[0.395s] Level 1:colcon.colcon_core.package_identification:_identify(src/Universal_Robots_ROS2_GZ_Simulation/ur_simulation_gz) by extensions ['colcon_meta']
[0.395s] Level 1:colcon.colcon_core.package_identification:_identify(src/Universal_Robots_ROS2_GZ_Simulation/ur_simulation_gz) by extension 'colcon_meta'
[0.395s] Level 1:colcon.colcon_core.package_identification:_identify(src/Universal_Robots_ROS2_GZ_Simulation/ur_simulation_gz) by extensions ['ros']
[0.395s] Level 1:colcon.colcon_core.package_identification:_identify(src/Universal_Robots_ROS2_GZ_Simulation/ur_simulation_gz) by extension 'ros'
[0.395s] DEBUG:colcon.colcon_core.package_identification:Package 'src/Universal_Robots_ROS2_GZ_Simulation/ur_simulation_gz' with type 'ros.ament_cmake' and name 'ur_simulation_gz'
[0.396s] Level 1:colcon.colcon_core.package_identification:_identify(src/custom_gear_controllers) by extensions ['ignore', 'ignore_ament_install']
[0.396s] Level 1:colcon.colcon_core.package_identification:_identify(src/custom_gear_controllers) by extension 'ignore'
[0.396s] Level 1:colcon.colcon_core.package_identification:_identify(src/custom_gear_controllers) by extension 'ignore_ament_install'
[0.396s] Level 1:colcon.colcon_core.package_identification:_identify(src/custom_gear_controllers) by extensions ['colcon_pkg']
[0.396s] Level 1:colcon.colcon_core.package_identification:_identify(src/custom_gear_controllers) by extension 'colcon_pkg'
[0.396s] Level 1:colcon.colcon_core.package_identification:_identify(src/custom_gear_controllers) by extensions ['colcon_meta']
[0.396s] Level 1:colcon.colcon_core.package_identification:_identify(src/custom_gear_controllers) by extension 'colcon_meta'
[0.396s] Level 1:colcon.colcon_core.package_identification:_identify(src/custom_gear_controllers) by extensions ['ros']
[0.396s] Level 1:colcon.colcon_core.package_identification:_identify(src/custom_gear_controllers) by extension 'ros'
[0.396s] DEBUG:colcon.colcon_core.package_identification:Package 'src/custom_gear_controllers' with type 'ros.ament_python' and name 'custom_gear_controllers'
[0.396s] Level 1:colcon.colcon_core.package_identification:_identify(src/sirgas_description) by extensions ['ignore', 'ignore_ament_install']
[0.396s] Level 1:colcon.colcon_core.package_identification:_identify(src/sirgas_description) by extension 'ignore'
[0.396s] Level 1:colcon.colcon_core.package_identification:_identify(src/sirgas_description) by extension 'ignore_ament_install'
[0.396s] Level 1:colcon.colcon_core.package_identification:_identify(src/sirgas_description) by extensions ['colcon_pkg']
[0.396s] Level 1:colcon.colcon_core.package_identification:_identify(src/sirgas_description) by extension 'colcon_pkg'
[0.396s] Level 1:colcon.colcon_core.package_identification:_identify(src/sirgas_description) by extensions ['colcon_meta']
[0.396s] Level 1:colcon.colcon_core.package_identification:_identify(src/sirgas_description) by extension 'colcon_meta'
[0.396s] Level 1:colcon.colcon_core.package_identification:_identify(src/sirgas_description) by extensions ['ros']
[0.396s] Level 1:colcon.colcon_core.package_identification:_identify(src/sirgas_description) by extension 'ros'
[0.397s] DEBUG:colcon.colcon_core.package_identification:Package 'src/sirgas_description' with type 'ros.ament_cmake' and name 'sirgas_description'
[0.397s] Level 1:colcon.colcon_core.package_discovery:discover_packages(recursive) using defaults
[0.397s] Level 1:colcon.colcon_core.package_discovery:discover_packages(ignore) discover
[0.397s] Level 1:colcon.colcon_core.package_discovery:discover_packages(ignore) using defaults
[0.397s] Level 1:colcon.colcon_core.package_discovery:discover_packages(path) discover
[0.397s] Level 1:colcon.colcon_core.package_discovery:discover_packages(path) using defaults
[0.415s] Level 5:colcon.colcon_core.verb:set package 'custom_gear_controllers' build argument 'cmake_args' from command line to 'None'
[0.415s] Level 5:colcon.colcon_core.verb:set package 'custom_gear_controllers' build argument 'cmake_target' from command line to 'None'
[0.415s] Level 5:colcon.colcon_core.verb:set package 'custom_gear_controllers' build argument 'cmake_target_skip_unavailable' from command line to 'False'
[0.415s] Level 5:colcon.colcon_core.verb:set package 'custom_gear_controllers' build argument 'cmake_clean_cache' from command line to 'False'
[0.415s] Level 5:colcon.colcon_core.verb:set package 'custom_gear_controllers' build argument 'cmake_clean_first' from command line to 'False'
[0.415s] Level 5:colcon.colcon_core.verb:set package 'custom_gear_controllers' build argument 'cmake_force_configure' from command line to 'False'
[0.415s] Level 5:colcon.colcon_core.verb:set package 'custom_gear_controllers' build argument 'ament_cmake_args' from command line to 'None'
[0.415s] Level 5:colcon.colcon_core.verb:set package 'custom_gear_controllers' build argument 'catkin_cmake_args' from command line to 'None'
[0.415s] Level 5:colcon.colcon_core.verb:set package 'custom_gear_controllers' build argument 'catkin_skip_building_tests' from command line to 'False'
[0.415s] DEBUG:colcon.colcon_core.verb:Building package 'custom_gear_controllers' with the following arguments: {'ament_cmake_args': None, 'build_base': '/home/tamar/RBE594_ws/build/custom_gear_controllers', 'catkin_cmake_args': None, 'catkin_skip_building_tests': False, 'cmake_args': None, 'cmake_clean_cache': False, 'cmake_clean_first': False, 'cmake_force_configure': False, 'cmake_target': None, 'cmake_target_skip_unavailable': False, 'install_base': '/home/tamar/RBE594_ws/install/custom_gear_controllers', 'merge_install': False, 'path': '/home/tamar/RBE594_ws/src/custom_gear_controllers', 'symlink_install': True, 'test_result_base': None}
[0.415s] Level 5:colcon.colcon_core.verb:set package 'sirgas_description' build argument 'cmake_args' from command line to 'None'
[0.415s] Level 5:colcon.colcon_core.verb:set package 'sirgas_description' build argument 'cmake_target' from command line to 'None'
[0.415s] Level 5:colcon.colcon_core.verb:set package 'sirgas_description' build argument 'cmake_target_skip_unavailable' from command line to 'False'
[0.415s] Level 5:colcon.colcon_core.verb:set package 'sirgas_description' build argument 'cmake_clean_cache' from command line to 'False'
[0.415s] Level 5:colcon.colcon_core.verb:set package 'sirgas_description' build argument 'cmake_clean_first' from command line to 'False'
[0.415s] Level 5:colcon.colcon_core.verb:set package 'sirgas_description' build argument 'cmake_force_configure' from command line to 'False'
[0.415s] Level 5:colcon.colcon_core.verb:set package 'sirgas_description' build argument 'ament_cmake_args' from command line to 'None'
[0.415s] Level 5:colcon.colcon_core.verb:set package 'sirgas_description' build argument 'catkin_cmake_args' from command line to 'None'
[0.415s] Level 5:colcon.colcon_core.verb:set package 'sirgas_description' build argument 'catkin_skip_building_tests' from command line to 'False'
[0.415s] DEBUG:colcon.colcon_core.verb:Building package 'sirgas_description' with the following arguments: {'ament_cmake_args': None, 'build_base': '/home/tamar/RBE594_ws/build/sirgas_description', 'catkin_cmake_args': None, 'catkin_skip_building_tests': False, 'cmake_args': None, 'cmake_clean_cache': False, 'cmake_clean_first': False, 'cmake_force_configure': False, 'cmake_target': None, 'cmake_target_skip_unavailable': False, 'install_base': '/home/tamar/RBE594_ws/install/sirgas_description', 'merge_install': False, 'path': '/home/tamar/RBE594_ws/src/sirgas_description', 'symlink_install': True, 'test_result_base': None}
[0.415s] Level 5:colcon.colcon_core.verb:set package 'ur_description' build argument 'cmake_args' from command line to 'None'
[0.415s] Level 5:colcon.colcon_core.verb:set package 'ur_description' build argument 'cmake_target' from command line to 'None'
[0.415s] Level 5:colcon.colcon_core.verb:set package 'ur_description' build argument 'cmake_target_skip_unavailable' from command line to 'False'
[0.415s] Level 5:colcon.colcon_core.verb:set package 'ur_description' build argument 'cmake_clean_cache' from command line to 'False'
[0.415s] Level 5:colcon.colcon_core.verb:set package 'ur_description' build argument 'cmake_clean_first' from command line to 'False'
[0.415s] Level 5:colcon.colcon_core.verb:set package 'ur_description' build argument 'cmake_force_configure' from command line to 'False'
[0.415s] Level 5:colcon.colcon_core.verb:set package 'ur_description' build argument 'ament_cmake_args' from command line to 'None'
[0.415s] Level 5:colcon.colcon_core.verb:set package 'ur_description' build argument 'catkin_cmake_args' from command line to 'None'
[0.415s] Level 5:colcon.colcon_core.verb:set package 'ur_description' build argument 'catkin_skip_building_tests' from command line to 'False'
[0.415s] DEBUG:colcon.colcon_core.verb:Building package 'ur_description' with the following arguments: {'ament_cmake_args': None, 'build_base': '/home/tamar/RBE594_ws/build/ur_description', 'catkin_cmake_args': None, 'catkin_skip_building_tests': False, 'cmake_args': None, 'cmake_clean_cache': False, 'cmake_clean_first': False, 'cmake_force_configure': False, 'cmake_target': None, 'cmake_target_skip_unavailable': False, 'install_base': '/home/tamar/RBE594_ws/install/ur_description', 'merge_install': False, 'path': '/home/tamar/RBE594_ws/src/Universal_Robots_ROS2_Description', 'symlink_install': True, 'test_result_base': None}
[0.416s] Level 5:colcon.colcon_core.verb:set package 'ur_simulation_gz' build argument 'cmake_args' from command line to 'None'
[0.416s] Level 5:colcon.colcon_core.verb:set package 'ur_simulation_gz' build argument 'cmake_target' from command line to 'None'
[0.416s] Level 5:colcon.colcon_core.verb:set package 'ur_simulation_gz' build argument 'cmake_target_skip_unavailable' from command line to 'False'
[0.416s] Level 5:colcon.colcon_core.verb:set package 'ur_simulation_gz' build argument 'cmake_clean_cache' from command line to 'False'
[0.416s] Level 5:colcon.colcon_core.verb:set package 'ur_simulation_gz' build argument 'cmake_clean_first' from command line to 'False'
[0.416s] Level 5:colcon.colcon_core.verb:set package 'ur_simulation_gz' build argument 'cmake_force_configure' from command line to 'False'
[0.416s] Level 5:colcon.colcon_core.verb:set package 'ur_simulation_gz' build argument 'ament_cmake_args' from command line to 'None'
[0.416s] Level 5:colcon.colcon_core.verb:set package 'ur_simulation_gz' build argument 'catkin_cmake_args' from command line to 'None'
[0.416s] Level 5:colcon.colcon_core.verb:set package 'ur_simulation_gz' build argument 'catkin_skip_building_tests' from command line to 'False'
[0.416s] DEBUG:colcon.colcon_core.verb:Building package 'ur_simulation_gz' with the following arguments: {'ament_cmake_args': None, 'build_base': '/home/tamar/RBE594_ws/build/ur_simulation_gz', 'catkin_cmake_args': None, 'catkin_skip_building_tests': False, 'cmake_args': None, 'cmake_clean_cache': False, 'cmake_clean_first': False, 'cmake_force_configure': False, 'cmake_target': None, 'cmake_target_skip_unavailable': False, 'install_base': '/home/tamar/RBE594_ws/install/ur_simulation_gz', 'merge_install': False, 'path': '/home/tamar/RBE594_ws/src/Universal_Robots_ROS2_GZ_Simulation/ur_simulation_gz', 'symlink_install': True, 'test_result_base': None}
[0.416s] INFO:colcon.colcon_core.executor:Executing jobs using 'parallel' executor
[0.416s] DEBUG:colcon.colcon_parallel_executor.executor.parallel:run_until_complete
[0.416s] INFO:colcon.colcon_ros.task.ament_cmake.build:Building ROS package in '/home/tamar/RBE594_ws/src/Universal_Robots_ROS2_Description' with build type 'ament_cmake'
[0.416s] INFO:colcon.colcon_cmake.task.cmake.build:Building CMake package in '/home/tamar/RBE594_ws/src/Universal_Robots_ROS2_Description'
[0.419s] INFO:colcon.colcon_core.plugin_system:Skipping extension 'colcon_core.shell.bat': Not used on non-Windows systems
[0.419s] INFO:colcon.colcon_core.shell:Skip shell extension 'powershell' for command environment: Not usable outside of PowerShell
[0.419s] DEBUG:colcon.colcon_core.shell:Skip shell extension 'dsv' for command environment
[0.423s] INFO:colcon.colcon_ros.task.ament_python.build:Building ROS package in '/home/tamar/RBE594_ws/src/custom_gear_controllers' with build type 'ament_python'
[0.423s] Level 1:colcon.colcon_core.shell:create_environment_hook('custom_gear_controllers', 'ament_prefix_path')
[0.423s] INFO:colcon.colcon_core.shell:Creating environment hook '/home/tamar/RBE594_ws/install/custom_gear_controllers/share/custom_gear_controllers/hook/ament_prefix_path.ps1'
[0.425s] INFO:colcon.colcon_core.shell:Creating environment descriptor '/home/tamar/RBE594_ws/install/custom_gear_controllers/share/custom_gear_controllers/hook/ament_prefix_path.dsv'
[0.425s] INFO:colcon.colcon_core.shell:Creating environment hook '/home/tamar/RBE594_ws/install/custom_gear_controllers/share/custom_gear_controllers/hook/ament_prefix_path.sh'
[0.426s] INFO:colcon.colcon_core.shell:Skip shell extension 'powershell' for command environment: Not usable outside of PowerShell
[0.426s] DEBUG:colcon.colcon_core.shell:Skip shell extension 'dsv' for command environment
[0.429s] INFO:colcon.colcon_ros.task.ament_cmake.build:Building ROS package in '/home/tamar/RBE594_ws/src/sirgas_description' with build type 'ament_cmake'
[0.429s] INFO:colcon.colcon_cmake.task.cmake.build:Building CMake package in '/home/tamar/RBE594_ws/src/sirgas_description'
[0.429s] INFO:colcon.colcon_core.shell:Skip shell extension 'powershell' for command environment: Not usable outside of PowerShell
[0.429s] DEBUG:colcon.colcon_core.shell:Skip shell extension 'dsv' for command environment
[0.436s] DEBUG:colcon.colcon_core.event_handler.log_command:Invoking command in '/home/tamar/RBE594_ws/build/ur_description': CMAKE_PREFIX_PATH=${CMAKE_PREFIX_PATH}:/opt/ros/jazzy PS1=(vEnv) ${debian_chroot:+($debian_chroot)}\u@\h:\w\$ VIRTUAL_ENV_PROMPT=(vEnv) /usr/bin/cmake --build /home/tamar/RBE594_ws/build/ur_description -- -j32 -l32
[0.545s] INFO:colcon.colcon_core.task.python.build:Building Python package in '/home/tamar/RBE594_ws/src/custom_gear_controllers'
[0.545s] INFO:colcon.colcon_core.shell:Skip shell extension 'powershell' for command environment: Not usable outside of PowerShell
[0.545s] DEBUG:colcon.colcon_core.shell:Skip shell extension 'dsv' for command environment
[0.550s] DEBUG:colcon.colcon_core.event_handler.log_command:Invoking command in '/home/tamar/RBE594_ws/build/sirgas_description': CMAKE_PREFIX_PATH=${CMAKE_PREFIX_PATH}:/opt/ros/jazzy PS1=(vEnv) ${debian_chroot:+($debian_chroot)}\u@\h:\w\$ VIRTUAL_ENV_PROMPT=(vEnv) /usr/bin/cmake --build /home/tamar/RBE594_ws/build/sirgas_description -- -j32 -l32
[0.554s] DEBUG:colcon.colcon_core.event_handler.log_command:Invoked command in '/home/tamar/RBE594_ws/build/ur_description' returned '0': CMAKE_PREFIX_PATH=${CMAKE_PREFIX_PATH}:/opt/ros/jazzy PS1=(vEnv) ${debian_chroot:+($debian_chroot)}\u@\h:\w\$ VIRTUAL_ENV_PROMPT=(vEnv) /usr/bin/cmake --build /home/tamar/RBE594_ws/build/ur_description -- -j32 -l32
[0.561s] DEBUG:colcon.colcon_core.event_handler.log_command:Invoking command in '/home/tamar/RBE594_ws/build/ur_description': CMAKE_PREFIX_PATH=${CMAKE_PREFIX_PATH}:/opt/ros/jazzy PS1=(vEnv) ${debian_chroot:+($debian_chroot)}\u@\h:\w\$ VIRTUAL_ENV_PROMPT=(vEnv) /usr/bin/cmake --install /home/tamar/RBE594_ws/build/ur_description
[0.586s] DEBUG:colcon.colcon_core.event_handler.log_command:Invoked command in '/home/tamar/RBE594_ws/build/sirgas_description' returned '0': CMAKE_PREFIX_PATH=${CMAKE_PREFIX_PATH}:/opt/ros/jazzy PS1=(vEnv) ${debian_chroot:+($debian_chroot)}\u@\h:\w\$ VIRTUAL_ENV_PROMPT=(vEnv) /usr/bin/cmake --build /home/tamar/RBE594_ws/build/sirgas_description -- -j32 -l32
[0.587s] DEBUG:colcon.colcon_core.event_handler.log_command:Invoking command in '/home/tamar/RBE594_ws/build/sirgas_description': CMAKE_PREFIX_PATH=${CMAKE_PREFIX_PATH}:/opt/ros/jazzy PS1=(vEnv) ${debian_chroot:+($debian_chroot)}\u@\h:\w\$ VIRTUAL_ENV_PROMPT=(vEnv) /usr/bin/cmake --install /home/tamar/RBE594_ws/build/sirgas_description
[0.613s] Level 1:colcon.colcon_core.environment:create_environment_scripts_only(sirgas_description)
[0.614s] DEBUG:colcon.colcon_core.event_handler.log_command:Invoked command in '/home/tamar/RBE594_ws/build/sirgas_description' returned '0': CMAKE_PREFIX_PATH=${CMAKE_PREFIX_PATH}:/opt/ros/jazzy PS1=(vEnv) ${debian_chroot:+($debian_chroot)}\u@\h:\w\$ VIRTUAL_ENV_PROMPT=(vEnv) /usr/bin/cmake --install /home/tamar/RBE594_ws/build/sirgas_description
[0.618s] Level 1:colcon.colcon_core.environment:checking '/home/tamar/RBE594_ws/install/sirgas_description' for CMake module files
[0.619s] Level 1:colcon.colcon_core.environment:checking '/home/tamar/RBE594_ws/install/sirgas_description' for CMake config files
[0.620s] Level 1:colcon.colcon_core.shell:create_environment_hook('sirgas_description', 'cmake_prefix_path')
[0.620s] INFO:colcon.colcon_core.shell:Creating environment hook '/home/tamar/RBE594_ws/install/sirgas_description/share/sirgas_description/hook/cmake_prefix_path.ps1'
[0.620s] INFO:colcon.colcon_core.shell:Creating environment descriptor '/home/tamar/RBE594_ws/install/sirgas_description/share/sirgas_description/hook/cmake_prefix_path.dsv'
[0.620s] INFO:colcon.colcon_core.shell:Creating environment hook '/home/tamar/RBE594_ws/install/sirgas_description/share/sirgas_description/hook/cmake_prefix_path.sh'
[0.621s] Level 1:colcon.colcon_core.environment:checking '/home/tamar/RBE594_ws/install/sirgas_description/bin'
[0.621s] Level 1:colcon.colcon_core.environment:checking '/home/tamar/RBE594_ws/install/sirgas_description/lib/pkgconfig/sirgas_description.pc'
[0.621s] Level 1:colcon.colcon_core.environment:checking '/home/tamar/RBE594_ws/install/sirgas_description/lib/python3.12/site-packages'
[0.621s] Level 1:colcon.colcon_core.environment:checking '/home/tamar/RBE594_ws/install/sirgas_description/bin'
[0.621s] INFO:colcon.colcon_core.shell:Creating package script '/home/tamar/RBE594_ws/install/sirgas_description/share/sirgas_description/package.ps1'
[0.621s] INFO:colcon.colcon_core.shell:Creating package descriptor '/home/tamar/RBE594_ws/install/sirgas_description/share/sirgas_description/package.dsv'
[0.622s] INFO:colcon.colcon_core.shell:Creating package script '/home/tamar/RBE594_ws/install/sirgas_description/share/sirgas_description/package.sh'
[0.622s] INFO:colcon.colcon_core.shell:Creating package script '/home/tamar/RBE594_ws/install/sirgas_description/share/sirgas_description/package.bash'
[0.623s] INFO:colcon.colcon_core.shell:Creating package script '/home/tamar/RBE594_ws/install/sirgas_description/share/sirgas_description/package.zsh'
[0.623s] Level 1:colcon.colcon_core.environment:create_file_with_runtime_dependencies(/home/tamar/RBE594_ws/install/sirgas_description/share/colcon-core/packages/sirgas_description)
[0.624s] Level 1:colcon.colcon_core.environment:create_environment_scripts_only(sirgas_description)
[0.624s] Level 1:colcon.colcon_core.environment:checking '/home/tamar/RBE594_ws/install/sirgas_description' for CMake module files
[0.624s] Level 1:colcon.colcon_core.environment:checking '/home/tamar/RBE594_ws/install/sirgas_description' for CMake config files
[0.624s] Level 1:colcon.colcon_core.shell:create_environment_hook('sirgas_description', 'cmake_prefix_path')
[0.624s] INFO:colcon.colcon_core.shell:Creating environment hook '/home/tamar/RBE594_ws/install/sirgas_description/share/sirgas_description/hook/cmake_prefix_path.ps1'
[0.624s] INFO:colcon.colcon_core.shell:Creating environment descriptor '/home/tamar/RBE594_ws/install/sirgas_description/share/sirgas_description/hook/cmake_prefix_path.dsv'
[0.625s] INFO:colcon.colcon_core.shell:Creating environment hook '/home/tamar/RBE594_ws/install/sirgas_description/share/sirgas_description/hook/cmake_prefix_path.sh'
[0.625s] Level 1:colcon.colcon_core.environment:checking '/home/tamar/RBE594_ws/install/sirgas_description/bin'
[0.625s] Level 1:colcon.colcon_core.environment:checking '/home/tamar/RBE594_ws/install/sirgas_description/lib/pkgconfig/sirgas_description.pc'
[0.625s] Level 1:colcon.colcon_core.environment:checking '/home/tamar/RBE594_ws/install/sirgas_description/lib/python3.12/site-packages'
[0.625s] Level 1:colcon.colcon_core.environment:checking '/home/tamar/RBE594_ws/install/sirgas_description/bin'
[0.625s] INFO:colcon.colcon_core.shell:Creating package script '/home/tamar/RBE594_ws/install/sirgas_description/share/sirgas_description/package.ps1'
[0.625s] INFO:colcon.colcon_core.shell:Creating package descriptor '/home/tamar/RBE594_ws/install/sirgas_description/share/sirgas_description/package.dsv'
[0.626s] INFO:colcon.colcon_core.shell:Creating package script '/home/tamar/RBE594_ws/install/sirgas_description/share/sirgas_description/package.sh'
[0.626s] INFO:colcon.colcon_core.shell:Creating package script '/home/tamar/RBE594_ws/install/sirgas_description/share/sirgas_description/package.bash'
[0.626s] INFO:colcon.colcon_core.shell:Creating package script '/home/tamar/RBE594_ws/install/sirgas_description/share/sirgas_description/package.zsh'
[0.626s] Level 1:colcon.colcon_core.environment:create_file_with_runtime_dependencies(/home/tamar/RBE594_ws/install/sirgas_description/share/colcon-core/packages/sirgas_description)
[0.638s] Level 1:colcon.colcon_core.environment:create_environment_scripts_only(ur_description)
[0.638s] DEBUG:colcon.colcon_core.event_handler.log_command:Invoked command in '/home/tamar/RBE594_ws/build/ur_description' returned '0': CMAKE_PREFIX_PATH=${CMAKE_PREFIX_PATH}:/opt/ros/jazzy PS1=(vEnv) ${debian_chroot:+($debian_chroot)}\u@\h:\w\$ VIRTUAL_ENV_PROMPT=(vEnv) /usr/bin/cmake --install /home/tamar/RBE594_ws/build/ur_description
[0.638s] Level 1:colcon.colcon_core.environment:checking '/home/tamar/RBE594_ws/install/ur_description' for CMake module files
[0.638s] Level 1:colcon.colcon_core.environment:checking '/home/tamar/RBE594_ws/install/ur_description' for CMake config files
[0.639s] Level 1:colcon.colcon_core.shell:create_environment_hook('ur_description', 'cmake_prefix_path')
[0.640s] INFO:colcon.colcon_core.shell:Creating environment hook '/home/tamar/RBE594_ws/install/ur_description/share/ur_description/hook/cmake_prefix_path.ps1'
[0.640s] INFO:colcon.colcon_core.shell:Creating environment descriptor '/home/tamar/RBE594_ws/install/ur_description/share/ur_description/hook/cmake_prefix_path.dsv'
[0.640s] INFO:colcon.colcon_core.shell:Creating environment hook '/home/tamar/RBE594_ws/install/ur_description/share/ur_description/hook/cmake_prefix_path.sh'
[0.640s] Level 1:colcon.colcon_core.environment:checking '/home/tamar/RBE594_ws/install/ur_description/bin'
[0.640s] Level 1:colcon.colcon_core.environment:checking '/home/tamar/RBE594_ws/install/ur_description/lib/pkgconfig/ur_description.pc'
[0.640s] Level 1:colcon.colcon_core.environment:checking '/home/tamar/RBE594_ws/install/ur_description/lib/python3.12/site-packages'
[0.640s] Level 1:colcon.colcon_core.environment:checking '/home/tamar/RBE594_ws/install/ur_description/bin'
[0.640s] INFO:colcon.colcon_core.shell:Creating package script '/home/tamar/RBE594_ws/install/ur_description/share/ur_description/package.ps1'
[0.641s] INFO:colcon.colcon_core.shell:Creating package descriptor '/home/tamar/RBE594_ws/install/ur_description/share/ur_description/package.dsv'
[0.641s] INFO:colcon.colcon_core.shell:Creating package script '/home/tamar/RBE594_ws/install/ur_description/share/ur_description/package.sh'
[0.641s] INFO:colcon.colcon_core.shell:Creating package script '/home/tamar/RBE594_ws/install/ur_description/share/ur_description/package.bash'
[0.641s] INFO:colcon.colcon_core.shell:Creating package script '/home/tamar/RBE594_ws/install/ur_description/share/ur_description/package.zsh'
[0.641s] Level 1:colcon.colcon_core.environment:create_file_with_runtime_dependencies(/home/tamar/RBE594_ws/install/ur_description/share/colcon-core/packages/ur_description)
[0.641s] Level 1:colcon.colcon_core.environment:create_environment_scripts_only(ur_description)
[0.641s] Level 1:colcon.colcon_core.environment:checking '/home/tamar/RBE594_ws/install/ur_description' for CMake module files
[0.642s] Level 1:colcon.colcon_core.environment:checking '/home/tamar/RBE594_ws/install/ur_description' for CMake config files
[0.642s] Level 1:colcon.colcon_core.shell:create_environment_hook('ur_description', 'cmake_prefix_path')
[0.643s] INFO:colcon.colcon_core.shell:Creating environment hook '/home/tamar/RBE594_ws/install/ur_description/share/ur_description/hook/cmake_prefix_path.ps1'
[0.643s] INFO:colcon.colcon_core.shell:Creating environment descriptor '/home/tamar/RBE594_ws/install/ur_description/share/ur_description/hook/cmake_prefix_path.dsv'
[0.643s] INFO:colcon.colcon_core.shell:Creating environment hook '/home/tamar/RBE594_ws/install/ur_description/share/ur_description/hook/cmake_prefix_path.sh'
[0.643s] Level 1:colcon.colcon_core.environment:checking '/home/tamar/RBE594_ws/install/ur_description/bin'
[0.643s] Level 1:colcon.colcon_core.environment:checking '/home/tamar/RBE594_ws/install/ur_description/lib/pkgconfig/ur_description.pc'
[0.643s] Level 1:colcon.colcon_core.environment:checking '/home/tamar/RBE594_ws/install/ur_description/lib/python3.12/site-packages'
[0.643s] Level 1:colcon.colcon_core.environment:checking '/home/tamar/RBE594_ws/install/ur_description/bin'
[0.643s] INFO:colcon.colcon_core.shell:Creating package script '/home/tamar/RBE594_ws/install/ur_description/share/ur_description/package.ps1'
[0.644s] INFO:colcon.colcon_core.shell:Creating package descriptor '/home/tamar/RBE594_ws/install/ur_description/share/ur_description/package.dsv'
[0.644s] INFO:colcon.colcon_core.shell:Creating package script '/home/tamar/RBE594_ws/install/ur_description/share/ur_description/package.sh'
[0.644s] INFO:colcon.colcon_core.shell:Creating package script '/home/tamar/RBE594_ws/install/ur_description/share/ur_description/package.bash'
[0.644s] INFO:colcon.colcon_core.shell:Creating package script '/home/tamar/RBE594_ws/install/ur_description/share/ur_description/package.zsh'
[0.644s] Level 1:colcon.colcon_core.environment:create_file_with_runtime_dependencies(/home/tamar/RBE594_ws/install/ur_description/share/colcon-core/packages/ur_description)
[0.644s] INFO:colcon.colcon_ros.task.ament_cmake.build:Building ROS package in '/home/tamar/RBE594_ws/src/Universal_Robots_ROS2_GZ_Simulation/ur_simulation_gz' with build type 'ament_cmake'
[0.644s] INFO:colcon.colcon_cmake.task.cmake.build:Building CMake package in '/home/tamar/RBE594_ws/src/Universal_Robots_ROS2_GZ_Simulation/ur_simulation_gz'
[0.644s] INFO:colcon.colcon_core.shell:Skip shell extension 'powershell' for command environment: Not usable outside of PowerShell
[0.644s] DEBUG:colcon.colcon_core.shell:Skip shell extension 'dsv' for command environment
[0.650s] DEBUG:colcon.colcon_core.event_handler.log_command:Invoking command in '/home/tamar/RBE594_ws/build/ur_simulation_gz': AMENT_PREFIX_PATH=/home/tamar/RBE594_ws/install/ur_description:${AMENT_PREFIX_PATH} CMAKE_PREFIX_PATH=/home/tamar/RBE594_ws/install/ur_description:/opt/ros/jazzy/opt/gz_sim_vendor:/opt/ros/jazzy/opt/gz_sensors_vendor:/opt/ros/jazzy/opt/gz_physics_vendor:/opt/ros/jazzy/opt/sdformat_vendor:/opt/ros/jazzy/opt/gz_gui_vendor:/opt/ros/jazzy/opt/gz_transport_vendor:/opt/ros/jazzy/opt/gz_rendering_vendor:/opt/ros/jazzy/opt/gz_plugin_vendor:/opt/ros/jazzy/opt/gz_fuel_tools_vendor:/opt/ros/jazzy/opt/gz_msgs_vendor:/opt/ros/jazzy/opt/gz_common_vendor:/opt/ros/jazzy/opt/gz_math_vendor:/opt/ros/jazzy/opt/gz_utils_vendor:/opt/ros/jazzy/opt/gz_tools_vendor:/opt/ros/jazzy/opt/gz_ogre_next_vendor:/opt/ros/jazzy/opt/gz_dartsim_vendor:/opt/ros/jazzy/opt/gz_cmake_vendor:/opt/ros/jazzy PS1=(vEnv) ${debian_chroot:+($debian_chroot)}\u@\h:\w\$ VIRTUAL_ENV_PROMPT=(vEnv) /usr/bin/cmake --build /home/tamar/RBE594_ws/build/ur_simulation_gz -- -j32 -l32
[0.676s] DEBUG:colcon.colcon_core.event_handler.log_command:Invoked command in '/home/tamar/RBE594_ws/build/ur_simulation_gz' returned '0': AMENT_PREFIX_PATH=/home/tamar/RBE594_ws/install/ur_description:${AMENT_PREFIX_PATH} CMAKE_PREFIX_PATH=/home/tamar/RBE594_ws/install/ur_description:/opt/ros/jazzy/opt/gz_sim_vendor:/opt/ros/jazzy/opt/gz_sensors_vendor:/opt/ros/jazzy/opt/gz_physics_vendor:/opt/ros/jazzy/opt/sdformat_vendor:/opt/ros/jazzy/opt/gz_gui_vendor:/opt/ros/jazzy/opt/gz_transport_vendor:/opt/ros/jazzy/opt/gz_rendering_vendor:/opt/ros/jazzy/opt/gz_plugin_vendor:/opt/ros/jazzy/opt/gz_fuel_tools_vendor:/opt/ros/jazzy/opt/gz_msgs_vendor:/opt/ros/jazzy/opt/gz_common_vendor:/opt/ros/jazzy/opt/gz_math_vendor:/opt/ros/jazzy/opt/gz_utils_vendor:/opt/ros/jazzy/opt/gz_tools_vendor:/opt/ros/jazzy/opt/gz_ogre_next_vendor:/opt/ros/jazzy/opt/gz_dartsim_vendor:/opt/ros/jazzy/opt/gz_cmake_vendor:/opt/ros/jazzy PS1=(vEnv) ${debian_chroot:+($debian_chroot)}\u@\h:\w\$ VIRTUAL_ENV_PROMPT=(vEnv) /usr/bin/cmake --build /home/tamar/RBE594_ws/build/ur_simulation_gz -- -j32 -l32
[0.678s] DEBUG:colcon.colcon_core.event_handler.log_command:Invoking command in '/home/tamar/RBE594_ws/build/ur_simulation_gz': AMENT_PREFIX_PATH=/home/tamar/RBE594_ws/install/ur_description:${AMENT_PREFIX_PATH} CMAKE_PREFIX_PATH=/home/tamar/RBE594_ws/install/ur_description:/opt/ros/jazzy/opt/gz_sim_vendor:/opt/ros/jazzy/opt/gz_sensors_vendor:/opt/ros/jazzy/opt/gz_physics_vendor:/opt/ros/jazzy/opt/sdformat_vendor:/opt/ros/jazzy/opt/gz_gui_vendor:/opt/ros/jazzy/opt/gz_transport_vendor:/opt/ros/jazzy/opt/gz_rendering_vendor:/opt/ros/jazzy/opt/gz_plugin_vendor:/opt/ros/jazzy/opt/gz_fuel_tools_vendor:/opt/ros/jazzy/opt/gz_msgs_vendor:/opt/ros/jazzy/opt/gz_common_vendor:/opt/ros/jazzy/opt/gz_math_vendor:/opt/ros/jazzy/opt/gz_utils_vendor:/opt/ros/jazzy/opt/gz_tools_vendor:/opt/ros/jazzy/opt/gz_ogre_next_vendor:/opt/ros/jazzy/opt/gz_dartsim_vendor:/opt/ros/jazzy/opt/gz_cmake_vendor:/opt/ros/jazzy PS1=(vEnv) ${debian_chroot:+($debian_chroot)}\u@\h:\w\$ VIRTUAL_ENV_PROMPT=(vEnv) /usr/bin/cmake --install /home/tamar/RBE594_ws/build/ur_simulation_gz
[0.699s] Level 1:colcon.colcon_core.environment:create_environment_scripts_only(ur_simulation_gz)
[0.699s] DEBUG:colcon.colcon_core.event_handler.log_command:Invoked command in '/home/tamar/RBE594_ws/build/ur_simulation_gz' returned '0': AMENT_PREFIX_PATH=/home/tamar/RBE594_ws/install/ur_description:${AMENT_PREFIX_PATH} CMAKE_PREFIX_PATH=/home/tamar/RBE594_ws/install/ur_description:/opt/ros/jazzy/opt/gz_sim_vendor:/opt/ros/jazzy/opt/gz_sensors_vendor:/opt/ros/jazzy/opt/gz_physics_vendor:/opt/ros/jazzy/opt/sdformat_vendor:/opt/ros/jazzy/opt/gz_gui_vendor:/opt/ros/jazzy/opt/gz_transport_vendor:/opt/ros/jazzy/opt/gz_rendering_vendor:/opt/ros/jazzy/opt/gz_plugin_vendor:/opt/ros/jazzy/opt/gz_fuel_tools_vendor:/opt/ros/jazzy/opt/gz_msgs_vendor:/opt/ros/jazzy/opt/gz_common_vendor:/opt/ros/jazzy/opt/gz_math_vendor:/opt/ros/jazzy/opt/gz_utils_vendor:/opt/ros/jazzy/opt/gz_tools_vendor:/opt/ros/jazzy/opt/gz_ogre_next_vendor:/opt/ros/jazzy/opt/gz_dartsim_vendor:/opt/ros/jazzy/opt/gz_cmake_vendor:/opt/ros/jazzy PS1=(vEnv) ${debian_chroot:+($debian_chroot)}\u@\h:\w\$ VIRTUAL_ENV_PROMPT=(vEnv) /usr/bin/cmake --install /home/tamar/RBE594_ws/build/ur_simulation_gz
[0.699s] Level 1:colcon.colcon_core.environment:checking '/home/tamar/RBE594_ws/install/ur_simulation_gz' for CMake module files
[0.700s] Level 1:colcon.colcon_core.environment:checking '/home/tamar/RBE594_ws/install/ur_simulation_gz' for CMake config files
[0.701s] Level 1:colcon.colcon_core.shell:create_environment_hook('ur_simulation_gz', 'cmake_prefix_path')
[0.701s] INFO:colcon.colcon_core.shell:Creating environment hook '/home/tamar/RBE594_ws/install/ur_simulation_gz/share/ur_simulation_gz/hook/cmake_prefix_path.ps1'
[0.702s] INFO:colcon.colcon_core.shell:Creating environment descriptor '/home/tamar/RBE594_ws/install/ur_simulation_gz/share/ur_simulation_gz/hook/cmake_prefix_path.dsv'
[0.702s] INFO:colcon.colcon_core.shell:Creating environment hook '/home/tamar/RBE594_ws/install/ur_simulation_gz/share/ur_simulation_gz/hook/cmake_prefix_path.sh'
[0.703s] Level 1:colcon.colcon_core.environment:checking '/home/tamar/RBE594_ws/install/ur_simulation_gz/bin'
[0.703s] Level 1:colcon.colcon_core.environment:checking '/home/tamar/RBE594_ws/install/ur_simulation_gz/lib/pkgconfig/ur_simulation_gz.pc'
[0.704s] Level 1:colcon.colcon_core.environment:checking '/home/tamar/RBE594_ws/install/ur_simulation_gz/lib/python3.12/site-packages'
[0.704s] Level 1:colcon.colcon_core.environment:checking '/home/tamar/RBE594_ws/install/ur_simulation_gz/bin'
[0.704s] INFO:colcon.colcon_core.shell:Creating package script '/home/tamar/RBE594_ws/install/ur_simulation_gz/share/ur_simulation_gz/package.ps1'
[0.704s] INFO:colcon.colcon_core.shell:Creating package descriptor '/home/tamar/RBE594_ws/install/ur_simulation_gz/share/ur_simulation_gz/package.dsv'
[0.705s] INFO:colcon.colcon_core.shell:Creating package script '/home/tamar/RBE594_ws/install/ur_simulation_gz/share/ur_simulation_gz/package.sh'
[0.705s] INFO:colcon.colcon_core.shell:Creating package script '/home/tamar/RBE594_ws/install/ur_simulation_gz/share/ur_simulation_gz/package.bash'
[0.706s] INFO:colcon.colcon_core.shell:Creating package script '/home/tamar/RBE594_ws/install/ur_simulation_gz/share/ur_simulation_gz/package.zsh'
[0.706s] Level 1:colcon.colcon_core.environment:create_file_with_runtime_dependencies(/home/tamar/RBE594_ws/install/ur_simulation_gz/share/colcon-core/packages/ur_simulation_gz)
[0.707s] Level 1:colcon.colcon_core.environment:create_environment_scripts_only(ur_simulation_gz)
[0.707s] Level 1:colcon.colcon_core.environment:checking '/home/tamar/RBE594_ws/install/ur_simulation_gz' for CMake module files
[0.707s] Level 1:colcon.colcon_core.environment:checking '/home/tamar/RBE594_ws/install/ur_simulation_gz' for CMake config files
[0.708s] Level 1:colcon.colcon_core.shell:create_environment_hook('ur_simulation_gz', 'cmake_prefix_path')
[0.708s] INFO:colcon.colcon_core.shell:Creating environment hook '/home/tamar/RBE594_ws/install/ur_simulation_gz/share/ur_simulation_gz/hook/cmake_prefix_path.ps1'
[0.708s] INFO:colcon.colcon_core.shell:Creating environment descriptor '/home/tamar/RBE594_ws/install/ur_simulation_gz/share/ur_simulation_gz/hook/cmake_prefix_path.dsv'
[0.708s] INFO:colcon.colcon_core.shell:Creating environment hook '/home/tamar/RBE594_ws/install/ur_simulation_gz/share/ur_simulation_gz/hook/cmake_prefix_path.sh'
[0.708s] Level 1:colcon.colcon_core.environment:checking '/home/tamar/RBE594_ws/install/ur_simulation_gz/bin'
[0.708s] Level 1:colcon.colcon_core.environment:checking '/home/tamar/RBE594_ws/install/ur_simulation_gz/lib/pkgconfig/ur_simulation_gz.pc'
[0.709s] Level 1:colcon.colcon_core.environment:checking '/home/tamar/RBE594_ws/install/ur_simulation_gz/lib/python3.12/site-packages'
[0.709s] Level 1:colcon.colcon_core.environment:checking '/home/tamar/RBE594_ws/install/ur_simulation_gz/bin'
[0.709s] INFO:colcon.colcon_core.shell:Creating package script '/home/tamar/RBE594_ws/install/ur_simulation_gz/share/ur_simulation_gz/package.ps1'
[0.709s] INFO:colcon.colcon_core.shell:Creating package descriptor '/home/tamar/RBE594_ws/install/ur_simulation_gz/share/ur_simulation_gz/package.dsv'
[0.709s] INFO:colcon.colcon_core.shell:Creating package script '/home/tamar/RBE594_ws/install/ur_simulation_gz/share/ur_simulation_gz/package.sh'
[0.710s] INFO:colcon.colcon_core.shell:Creating package script '/home/tamar/RBE594_ws/install/ur_simulation_gz/share/ur_simulation_gz/package.bash'
[0.710s] INFO:colcon.colcon_core.shell:Creating package script '/home/tamar/RBE594_ws/install/ur_simulation_gz/share/ur_simulation_gz/package.zsh'
[0.710s] Level 1:colcon.colcon_core.environment:create_file_with_runtime_dependencies(/home/tamar/RBE594_ws/install/ur_simulation_gz/share/colcon-core/packages/ur_simulation_gz)
[1.108s] DEBUG:colcon.colcon_core.event_handler.log_command:Invoking command in '/home/tamar/RBE594_ws/build/custom_gear_controllers': PS1=(vEnv) ${debian_chroot:+($debian_chroot)}\u@\h:\w\$ PYTHONPATH=/home/tamar/RBE594_ws/build/custom_gear_controllers/prefix_override:/usr/lib/python3/dist-packages/colcon_core/task/python/colcon_distutils_commands:/home/tamar/RBE594_ws/install/custom_gear_controllers/lib/python3.12/site-packages:${PYTHONPATH} VIRTUAL_ENV_PROMPT=(vEnv) /usr/bin/python3 -W ignore:setup.py install is deprecated -W ignore:easy_install command is deprecated setup.py develop --editable --build-directory /home/tamar/RBE594_ws/build/custom_gear_controllers/build --no-deps symlink_data
[1.366s] Level 1:colcon.colcon_core.shell:create_environment_hook('custom_gear_controllers', 'pythonpath_develop')
[1.366s] INFO:colcon.colcon_core.shell:Creating environment hook '/home/tamar/RBE594_ws/build/custom_gear_controllers/share/custom_gear_controllers/hook/pythonpath_develop.ps1'
[1.366s] DEBUG:colcon.colcon_core.event_handler.log_command:Invoked command in '/home/tamar/RBE594_ws/build/custom_gear_controllers' returned '0': PS1=(vEnv) ${debian_chroot:+($debian_chroot)}\u@\h:\w\$ PYTHONPATH=/home/tamar/RBE594_ws/build/custom_gear_controllers/prefix_override:/usr/lib/python3/dist-packages/colcon_core/task/python/colcon_distutils_commands:/home/tamar/RBE594_ws/install/custom_gear_controllers/lib/python3.12/site-packages:${PYTHONPATH} VIRTUAL_ENV_PROMPT=(vEnv) /usr/bin/python3 -W ignore:setup.py install is deprecated -W ignore:easy_install command is deprecated setup.py develop --editable --build-directory /home/tamar/RBE594_ws/build/custom_gear_controllers/build --no-deps symlink_data
[1.367s] INFO:colcon.colcon_core.shell:Creating environment descriptor '/home/tamar/RBE594_ws/build/custom_gear_controllers/share/custom_gear_controllers/hook/pythonpath_develop.dsv'
[1.367s] INFO:colcon.colcon_core.shell:Creating environment hook '/home/tamar/RBE594_ws/build/custom_gear_controllers/share/custom_gear_controllers/hook/pythonpath_develop.sh'
[1.368s] Level 1:colcon.colcon_core.environment:checking '/home/tamar/RBE594_ws/install/custom_gear_controllers' for CMake module files
[1.368s] Level 1:colcon.colcon_core.environment:checking '/home/tamar/RBE594_ws/install/custom_gear_controllers' for CMake config files
[1.368s] Level 1:colcon.colcon_core.environment:checking '/home/tamar/RBE594_ws/install/custom_gear_controllers/lib'
[1.369s] Level 1:colcon.colcon_core.environment:checking '/home/tamar/RBE594_ws/install/custom_gear_controllers/bin'
[1.369s] Level 1:colcon.colcon_core.environment:checking '/home/tamar/RBE594_ws/install/custom_gear_controllers/lib/pkgconfig/custom_gear_controllers.pc'
[1.369s] Level 1:colcon.colcon_core.environment:checking '/home/tamar/RBE594_ws/install/custom_gear_controllers/lib/python3.12/site-packages'
[1.369s] Level 1:colcon.colcon_core.shell:create_environment_hook('custom_gear_controllers', 'pythonpath')
[1.369s] INFO:colcon.colcon_core.shell:Creating environment hook '/home/tamar/RBE594_ws/install/custom_gear_controllers/share/custom_gear_controllers/hook/pythonpath.ps1'
[1.369s] INFO:colcon.colcon_core.shell:Creating environment descriptor '/home/tamar/RBE594_ws/install/custom_gear_controllers/share/custom_gear_controllers/hook/pythonpath.dsv'
[1.369s] INFO:colcon.colcon_core.shell:Creating environment hook '/home/tamar/RBE594_ws/install/custom_gear_controllers/share/custom_gear_controllers/hook/pythonpath.sh'
[1.369s] Level 1:colcon.colcon_core.environment:checking '/home/tamar/RBE594_ws/install/custom_gear_controllers/bin'
[1.369s] Level 1:colcon.colcon_core.environment:create_environment_scripts_only(custom_gear_controllers)
[1.369s] INFO:colcon.colcon_core.shell:Creating package script '/home/tamar/RBE594_ws/install/custom_gear_controllers/share/custom_gear_controllers/package.ps1'
[1.370s] INFO:colcon.colcon_core.shell:Creating package descriptor '/home/tamar/RBE594_ws/install/custom_gear_controllers/share/custom_gear_controllers/package.dsv'
[1.370s] INFO:colcon.colcon_core.shell:Creating package script '/home/tamar/RBE594_ws/install/custom_gear_controllers/share/custom_gear_controllers/package.sh'
[1.370s] INFO:colcon.colcon_core.shell:Creating package script '/home/tamar/RBE594_ws/install/custom_gear_controllers/share/custom_gear_controllers/package.bash'
[1.370s] INFO:colcon.colcon_core.shell:Creating package script '/home/tamar/RBE594_ws/install/custom_gear_controllers/share/custom_gear_controllers/package.zsh'
[1.370s] Level 1:colcon.colcon_core.environment:create_file_with_runtime_dependencies(/home/tamar/RBE594_ws/install/custom_gear_controllers/share/colcon-core/packages/custom_gear_controllers)
[1.370s] DEBUG:colcon.colcon_parallel_executor.executor.parallel:closing loop
[1.370s] DEBUG:colcon.colcon_parallel_executor.executor.parallel:loop closed
[1.370s] DEBUG:colcon.colcon_parallel_executor.executor.parallel:run_until_complete finished with '0'
[1.370s] DEBUG:colcon.colcon_core.event_reactor:joining thread
[1.379s] INFO:colcon.colcon_core.plugin_system:Skipping extension 'colcon_notification.desktop_notification.notify_send': Could not find 'notify-send'
[1.379s] INFO:colcon.colcon_core.plugin_system:Skipping extension 'colcon_notification.desktop_notification.terminal_notifier': Not used on non-Darwin systems
[1.379s] INFO:colcon.colcon_core.plugin_system:Skipping extension 'colcon_notification.desktop_notification.win32': Not used on non-Windows systems
[1.379s] INFO:colcon.colcon_notification.desktop_notification:Sending desktop notification using 'notify2'
[1.384s] DEBUG:colcon.colcon_notification.desktop_notification.notify2:Failed to initialize notify2: org.freedesktop.DBus.Error.Spawn.ExecFailed: /usr/bin/dbus-launch terminated abnormally without any error message
[1.384s] DEBUG:colcon.colcon_core.event_reactor:joined thread
[1.384s] INFO:colcon.colcon_core.shell:Creating prefix script '/home/tamar/RBE594_ws/install/local_setup.ps1'
[1.386s] INFO:colcon.colcon_core.shell:Creating prefix util module '/home/tamar/RBE594_ws/install/_local_setup_util_ps1.py'
[1.387s] INFO:colcon.colcon_core.shell:Creating prefix chain script '/home/tamar/RBE594_ws/install/setup.ps1'
[1.388s] INFO:colcon.colcon_core.shell:Creating prefix script '/home/tamar/RBE594_ws/install/local_setup.sh'
[1.389s] INFO:colcon.colcon_core.shell:Creating prefix util module '/home/tamar/RBE594_ws/install/_local_setup_util_sh.py'
[1.389s] INFO:colcon.colcon_core.shell:Creating prefix chain script '/home/tamar/RBE594_ws/install/setup.sh'
[1.390s] INFO:colcon.colcon_core.shell:Creating prefix script '/home/tamar/RBE594_ws/install/local_setup.bash'
[1.391s] INFO:colcon.colcon_core.shell:Creating prefix chain script '/home/tamar/RBE594_ws/install/setup.bash'
[1.392s] INFO:colcon.colcon_core.shell:Creating prefix script '/home/tamar/RBE594_ws/install/local_setup.zsh'
[1.392s] INFO:colcon.colcon_core.shell:Creating prefix chain script '/home/tamar/RBE594_ws/install/setup.zsh'
