[0.012s] Invoking command in '/home/tamar/RBE594_ws/build/moveit_resources_fanuc_description': CMAKE_PREFIX_PATH=${CMAKE_PREFIX_PATH}:/opt/ros/humble /home/tamar/.local/bin/cmake /home/tamar/RBE594_ws/src/moveit_resources/fanuc_description -DAMENT_CMAKE_SYMLINK_INSTALL=1 -DCMAKE_INSTALL_PREFIX=/home/tamar/RBE594_ws/install/moveit_resources_fanuc_description
[0.199s] -- The C compiler identification is GNU 11.4.0
[0.330s] -- The CXX compiler identification is GNU 11.4.0
[0.335s] -- Detecting C compiler ABI info
[0.372s] -- Detecting C compiler ABI info - done
[0.380s] -- Check for working C compiler: /usr/bin/cc - skipped
[0.380s] -- Detecting C compile features
[0.381s] -- Detecting C compile features - done
[0.388s] -- Detecting CXX compiler ABI info
[0.426s] -- Detecting CXX compiler ABI info - done
[0.435s] -- Check for working CXX compiler: /usr/bin/c++ - skipped
[0.435s] -- Detecting CXX compile features
[0.436s] -- Detecting CXX compile features - done
[0.441s] -- Found ament_cmake: 1.3.11 (/opt/ros/humble/share/ament_cmake/cmake)
[0.519s] -- Found Python3: /usr/bin/python3 (found version "3.10.12") found components: Interpreter
[0.549s] -- Override CMake install command with custom implementation using symlinks instead of copying resources
[0.625s] -- Configuring done (0.6s)
[0.625s] -- Generating done (0.0s)
[0.626s] -- Build files have been written to: /home/tamar/RBE594_ws/build/moveit_resources_fanuc_description
[0.642s] Invoked command in '/home/tamar/RBE594_ws/build/moveit_resources_fanuc_description' returned '0': CMAKE_PREFIX_PATH=${CMAKE_PREFIX_PATH}:/opt/ros/humble /home/tamar/.local/bin/cmake /home/tamar/RBE594_ws/src/moveit_resources/fanuc_description -DAMENT_CMAKE_SYMLINK_INSTALL=1 -DCMAKE_INSTALL_PREFIX=/home/tamar/RBE594_ws/install/moveit_resources_fanuc_description
[0.646s] Invoking command in '/home/tamar/RBE594_ws/build/moveit_resources_fanuc_description': CMAKE_PREFIX_PATH=${CMAKE_PREFIX_PATH}:/opt/ros/humble /home/tamar/.local/bin/cmake --build /home/tamar/RBE594_ws/build/moveit_resources_fanuc_description -- -j32 -l32
[0.820s] Invoked command in '/home/tamar/RBE594_ws/build/moveit_resources_fanuc_description' returned '0': CMAKE_PREFIX_PATH=${CMAKE_PREFIX_PATH}:/opt/ros/humble /home/tamar/.local/bin/cmake --build /home/tamar/RBE594_ws/build/moveit_resources_fanuc_description -- -j32 -l32
[0.821s] Invoking command in '/home/tamar/RBE594_ws/build/moveit_resources_fanuc_description': CMAKE_PREFIX_PATH=${CMAKE_PREFIX_PATH}:/opt/ros/humble /home/tamar/.local/bin/cmake --install /home/tamar/RBE594_ws/build/moveit_resources_fanuc_description
[0.929s] -- Install configuration: ""
[0.929s] -- Execute custom install script
[0.929s] -- Symlinking: /home/tamar/RBE594_ws/install/moveit_resources_fanuc_description/share/ament_index/resource_index/package_run_dependencies/moveit_resources_fanuc_description
[0.929s] -- Symlinking: /home/tamar/RBE594_ws/install/moveit_resources_fanuc_description/share/ament_index/resource_index/parent_prefix_path/moveit_resources_fanuc_description
[0.931s] -- Symlinking: /home/tamar/RBE594_ws/install/moveit_resources_fanuc_description/share/moveit_resources_fanuc_description/environment/ament_prefix_path.sh
[0.933s] -- Symlinking: /home/tamar/RBE594_ws/install/moveit_resources_fanuc_description/share/moveit_resources_fanuc_description/environment/ament_prefix_path.dsv
[0.936s] -- Symlinking: /home/tamar/RBE594_ws/install/moveit_resources_fanuc_description/share/moveit_resources_fanuc_description/environment/path.sh
[0.944s] -- Symlinking: /home/tamar/RBE594_ws/install/moveit_resources_fanuc_description/share/moveit_resources_fanuc_description/environment/path.dsv
[0.944s] -- Symlinking: /home/tamar/RBE594_ws/install/moveit_resources_fanuc_description/share/moveit_resources_fanuc_description/local_setup.bash
[0.944s] -- Symlinking: /home/tamar/RBE594_ws/install/moveit_resources_fanuc_description/share/moveit_resources_fanuc_description/local_setup.sh
[0.947s] -- Symlinking: /home/tamar/RBE594_ws/install/moveit_resources_fanuc_description/share/moveit_resources_fanuc_description/local_setup.zsh
[0.949s] -- Symlinking: /home/tamar/RBE594_ws/install/moveit_resources_fanuc_description/share/moveit_resources_fanuc_description/local_setup.dsv
[0.953s] -- Symlinking: /home/tamar/RBE594_ws/install/moveit_resources_fanuc_description/share/moveit_resources_fanuc_description/package.dsv
[0.953s] -- Symlinking: /home/tamar/RBE594_ws/install/moveit_resources_fanuc_description/share/ament_index/resource_index/packages/moveit_resources_fanuc_description
[0.956s] -- Symlinking: /home/tamar/RBE594_ws/install/moveit_resources_fanuc_description/share/moveit_resources_fanuc_description/cmake/moveit_resources_fanuc_descriptionConfig.cmake
[0.957s] -- Symlinking: /home/tamar/RBE594_ws/install/moveit_resources_fanuc_description/share/moveit_resources_fanuc_description/cmake/moveit_resources_fanuc_descriptionConfig-version.cmake
[0.959s] -- Symlinking: /home/tamar/RBE594_ws/install/moveit_resources_fanuc_description/share/moveit_resources_fanuc_description/package.xml
[0.962s] -- Symlinking: /home/tamar/RBE594_ws/install/moveit_resources_fanuc_description/share/moveit_resources_fanuc_description/meshes/collision/base_link.stl
[0.964s] -- Symlinking: /home/tamar/RBE594_ws/install/moveit_resources_fanuc_description/share/moveit_resources_fanuc_description/meshes/collision/link_1.stl
[0.966s] -- Symlinking: /home/tamar/RBE594_ws/install/moveit_resources_fanuc_description/share/moveit_resources_fanuc_description/meshes/collision/link_2.stl
[0.968s] -- Symlinking: /home/tamar/RBE594_ws/install/moveit_resources_fanuc_description/share/moveit_resources_fanuc_description/meshes/collision/link_3.stl
[0.975s] -- Symlinking: /home/tamar/RBE594_ws/install/moveit_resources_fanuc_description/share/moveit_resources_fanuc_description/meshes/collision/link_4.stl
[0.977s] -- Symlinking: /home/tamar/RBE594_ws/install/moveit_resources_fanuc_description/share/moveit_resources_fanuc_description/meshes/collision/link_5.stl
[0.979s] -- Symlinking: /home/tamar/RBE594_ws/install/moveit_resources_fanuc_description/share/moveit_resources_fanuc_description/meshes/collision/link_6.stl
[0.981s] -- Symlinking: /home/tamar/RBE594_ws/install/moveit_resources_fanuc_description/share/moveit_resources_fanuc_description/meshes/visual/base_link.stl
[0.986s] -- Symlinking: /home/tamar/RBE594_ws/install/moveit_resources_fanuc_description/share/moveit_resources_fanuc_description/meshes/visual/link_1.stl
[0.988s] -- Symlinking: /home/tamar/RBE594_ws/install/moveit_resources_fanuc_description/share/moveit_resources_fanuc_description/meshes/visual/link_2.stl
[0.990s] -- Symlinking: /home/tamar/RBE594_ws/install/moveit_resources_fanuc_description/share/moveit_resources_fanuc_description/meshes/visual/link_3.stl
[0.994s] -- Symlinking: /home/tamar/RBE594_ws/install/moveit_resources_fanuc_description/share/moveit_resources_fanuc_description/meshes/visual/link_4.stl
[0.994s] -- Symlinking: /home/tamar/RBE594_ws/install/moveit_resources_fanuc_description/share/moveit_resources_fanuc_description/meshes/visual/link_5.stl
[0.996s] -- Symlinking: /home/tamar/RBE594_ws/install/moveit_resources_fanuc_description/share/moveit_resources_fanuc_description/meshes/visual/link_6.stl
[0.998s] -- Symlinking: /home/tamar/RBE594_ws/install/moveit_resources_fanuc_description/share/moveit_resources_fanuc_description/urdf/fanuc.urdf
[1.011s] Invoked command in '/home/tamar/RBE594_ws/build/moveit_resources_fanuc_description' returned '0': CMAKE_PREFIX_PATH=${CMAKE_PREFIX_PATH}:/opt/ros/humble /home/tamar/.local/bin/cmake --install /home/tamar/RBE594_ws/build/moveit_resources_fanuc_description
