[0.000000] (-) TimerEvent: {}
[0.000102] (custom_gear_controllers) JobQueued: {'identifier': 'custom_gear_controllers', 'dependencies': OrderedDict()}
[0.000150] (sirgas_apriltag_detector) JobQueued: {'identifier': 'sirgas_apriltag_detector', 'dependencies': OrderedDict()}
[0.000183] (sirgas_description) JobQueued: {'identifier': 'sirgas_description', 'dependencies': OrderedDict()}
[0.000204] (custom_gear_controllers) JobStarted: {'identifier': 'custom_gear_controllers'}
[0.012427] (sirgas_apriltag_detector) JobStarted: {'identifier': 'sirgas_apriltag_detector'}
[0.021467] (sirgas_description) JobStarted: {'identifier': 'sirgas_description'}
[0.099468] (-) TimerEvent: {}
[0.199688] (-) TimerEvent: {}
[0.299896] (-) TimerEvent: {}
[0.400095] (-) TimerEvent: {}
[0.482563] (sirgas_description) JobProgress: {'identifier': 'sirgas_description', 'progress': 'cmake'}
[0.483450] (sirgas_description) JobProgress: {'identifier': 'sirgas_description', 'progress': 'build'}
[0.484228] (sirgas_description) Command: {'cmd': ['/usr/bin/cmake', '--build', '/home/tamar/RBE594_ws/build/sirgas_description', '--', '-j12', '-l12'], 'cwd': '/home/tamar/RBE594_ws/build/sirgas_description', 'env': OrderedDict({'GZ_SIM_RESOURCE_PATH': '/opt/ros/jazzy/share', 'GZ_CONFIG_PATH': '/opt/ros/jazzy/opt/gz_sim_vendor/share/gz:/opt/ros/jazzy/opt/sdformat_vendor/share/gz:/opt/ros/jazzy/opt/gz_gui_vendor/share/gz:/opt/ros/jazzy/opt/gz_transport_vendor/share/gz:/opt/ros/jazzy/opt/gz_rendering_vendor/share/gz:/opt/ros/jazzy/opt/gz_plugin_vendor/share/gz:/opt/ros/jazzy/opt/gz_fuel_tools_vendor/share/gz:/opt/ros/jazzy/opt/gz_msgs_vendor/share/gz:/opt/ros/jazzy/opt/gz_common_vendor/share/gz', 'HOSTNAME': 'f35654c561c7', 'SHLVL': '1', 'LIBGL_ALWAYS_SOFTWARE': '1', 'LD_LIBRARY_PATH': '/opt/ros/jazzy/opt/gz_sim_vendor/lib:/opt/ros/jazzy/opt/gz_sensors_vendor/lib:/opt/ros/jazzy/opt/gz_physics_vendor/lib:/opt/ros/jazzy/opt/sdformat_vendor/lib:/opt/ros/jazzy/opt/rviz_ogre_vendor/lib:/opt/ros/jazzy/lib/x86_64-linux-gnu:/opt/ros/jazzy/opt/gz_gui_vendor/lib:/opt/ros/jazzy/opt/gz_transport_vendor/lib:/opt/ros/jazzy/opt/gz_rendering_vendor/lib:/opt/ros/jazzy/opt/gz_plugin_vendor/lib:/opt/ros/jazzy/opt/gz_fuel_tools_vendor/lib:/opt/ros/jazzy/opt/gz_msgs_vendor/lib:/opt/ros/jazzy/opt/gz_common_vendor/lib:/opt/ros/jazzy/opt/gz_math_vendor/lib:/opt/ros/jazzy/opt/gz_utils_vendor/lib:/opt/ros/jazzy/opt/gz_tools_vendor/lib:/opt/ros/jazzy/opt/gz_ogre_next_vendor/lib:/opt/ros/jazzy/opt/gz_dartsim_vendor/lib:/opt/ros/jazzy/opt/gz_cmake_vendor/lib:/opt/ros/jazzy/lib', 'HOME': '/home/tamar', 'OLDPWD': '/', 'ROS_PYTHON_VERSION': '3', 'COLCON_PREFIX_PATH': '/home/tamar/RBE594_ws/install', 'ROS_DISTRO': 'jazzy', '_': '/usr/bin/colcon', 'ROS_VERSION': '2', 'TERM': 'xterm', 'QT_X11_NO_MITSHM': '1', 'PATH': '/opt/ros/jazzy/opt/gz_msgs_vendor/bin:/opt/ros/jazzy/opt/gz_tools_vendor/bin:/opt/ros/jazzy/opt/gz_ogre_next_vendor/bin:/opt/ros/jazzy/bin:/usr/local/sbin:/usr/local/bin:/usr/sbin:/usr/bin:/sbin:/bin', 'DISPLAY': ':1', 'LANG': 'C.UTF-8', 'RMW_IMPLEMENTATION': 'rmw_cyclonedds_cpp', 'AMENT_PREFIX_PATH': '/home/tamar/RBE594_ws/install/sirgas_description:/home/tamar/RBE594_ws/install/sirgas_apriltag_detector:/home/tamar/RBE594_ws/install/custom_gear_controllers:/opt/ros/jazzy', 'ROS_AUTOMATIC_DISCOVERY_RANGE': 'SUBNET', 'PWD': '/home/tamar/RBE594_ws/build/sirgas_description', 'TURTLEBOT3_MODEL': 'waffle', 'LC_ALL': 'C.UTF-8', 'PYTHONPATH': '/home/tamar/RBE594_ws/build/sirgas_apriltag_detector:/home/tamar/RBE594_ws/install/sirgas_apriltag_detector/lib/python3.12/site-packages:/home/tamar/RBE594_ws/build/custom_gear_controllers:/home/tamar/RBE594_ws/install/custom_gear_controllers/lib/python3.12/site-packages:/opt/ros/jazzy/lib/python3.12/site-packages', 'NVIDIA_VISIBLE_DEVICES': 'all', 'COLCON': '1', 'CMAKE_PREFIX_PATH': '/home/tamar/RBE594_ws/install/sirgas_description:/opt/ros/jazzy/opt/gz_sim_vendor:/opt/ros/jazzy/opt/gz_sensors_vendor:/opt/ros/jazzy/opt/gz_physics_vendor:/opt/ros/jazzy/opt/sdformat_vendor:/opt/ros/jazzy/opt/gz_gui_vendor:/opt/ros/jazzy/opt/gz_transport_vendor:/opt/ros/jazzy/opt/gz_rendering_vendor:/opt/ros/jazzy/opt/gz_plugin_vendor:/opt/ros/jazzy/opt/gz_fuel_tools_vendor:/opt/ros/jazzy/opt/gz_msgs_vendor:/opt/ros/jazzy/opt/gz_common_vendor:/opt/ros/jazzy/opt/gz_math_vendor:/opt/ros/jazzy/opt/gz_utils_vendor:/opt/ros/jazzy/opt/gz_tools_vendor:/opt/ros/jazzy/opt/gz_ogre_next_vendor:/opt/ros/jazzy/opt/gz_dartsim_vendor:/opt/ros/jazzy/opt/gz_cmake_vendor:/home/tamar/RBE594_ws/install/sirgas_apriltag_detector:/home/tamar/RBE594_ws/install/custom_gear_controllers:/opt/ros/jazzy'}), 'shell': False}
[0.500196] (-) TimerEvent: {}
[0.548203] (sirgas_description) CommandEnded: {'returncode': 0}
[0.549336] (sirgas_description) JobProgress: {'identifier': 'sirgas_description', 'progress': 'install'}
[0.562518] (sirgas_description) Command: {'cmd': ['/usr/bin/cmake', '--install', '/home/tamar/RBE594_ws/build/sirgas_description'], 'cwd': '/home/tamar/RBE594_ws/build/sirgas_description', 'env': OrderedDict({'GZ_SIM_RESOURCE_PATH': '/opt/ros/jazzy/share', 'GZ_CONFIG_PATH': '/opt/ros/jazzy/opt/gz_sim_vendor/share/gz:/opt/ros/jazzy/opt/sdformat_vendor/share/gz:/opt/ros/jazzy/opt/gz_gui_vendor/share/gz:/opt/ros/jazzy/opt/gz_transport_vendor/share/gz:/opt/ros/jazzy/opt/gz_rendering_vendor/share/gz:/opt/ros/jazzy/opt/gz_plugin_vendor/share/gz:/opt/ros/jazzy/opt/gz_fuel_tools_vendor/share/gz:/opt/ros/jazzy/opt/gz_msgs_vendor/share/gz:/opt/ros/jazzy/opt/gz_common_vendor/share/gz', 'HOSTNAME': 'f35654c561c7', 'SHLVL': '1', 'LIBGL_ALWAYS_SOFTWARE': '1', 'LD_LIBRARY_PATH': '/opt/ros/jazzy/opt/gz_sim_vendor/lib:/opt/ros/jazzy/opt/gz_sensors_vendor/lib:/opt/ros/jazzy/opt/gz_physics_vendor/lib:/opt/ros/jazzy/opt/sdformat_vendor/lib:/opt/ros/jazzy/opt/rviz_ogre_vendor/lib:/opt/ros/jazzy/lib/x86_64-linux-gnu:/opt/ros/jazzy/opt/gz_gui_vendor/lib:/opt/ros/jazzy/opt/gz_transport_vendor/lib:/opt/ros/jazzy/opt/gz_rendering_vendor/lib:/opt/ros/jazzy/opt/gz_plugin_vendor/lib:/opt/ros/jazzy/opt/gz_fuel_tools_vendor/lib:/opt/ros/jazzy/opt/gz_msgs_vendor/lib:/opt/ros/jazzy/opt/gz_common_vendor/lib:/opt/ros/jazzy/opt/gz_math_vendor/lib:/opt/ros/jazzy/opt/gz_utils_vendor/lib:/opt/ros/jazzy/opt/gz_tools_vendor/lib:/opt/ros/jazzy/opt/gz_ogre_next_vendor/lib:/opt/ros/jazzy/opt/gz_dartsim_vendor/lib:/opt/ros/jazzy/opt/gz_cmake_vendor/lib:/opt/ros/jazzy/lib', 'HOME': '/home/tamar', 'OLDPWD': '/', 'ROS_PYTHON_VERSION': '3', 'COLCON_PREFIX_PATH': '/home/tamar/RBE594_ws/install', 'ROS_DISTRO': 'jazzy', '_': '/usr/bin/colcon', 'ROS_VERSION': '2', 'TERM': 'xterm', 'QT_X11_NO_MITSHM': '1', 'PATH': '/opt/ros/jazzy/opt/gz_msgs_vendor/bin:/opt/ros/jazzy/opt/gz_tools_vendor/bin:/opt/ros/jazzy/opt/gz_ogre_next_vendor/bin:/opt/ros/jazzy/bin:/usr/local/sbin:/usr/local/bin:/usr/sbin:/usr/bin:/sbin:/bin', 'DISPLAY': ':1', 'LANG': 'C.UTF-8', 'RMW_IMPLEMENTATION': 'rmw_cyclonedds_cpp', 'AMENT_PREFIX_PATH': '/home/tamar/RBE594_ws/install/sirgas_description:/home/tamar/RBE594_ws/install/sirgas_apriltag_detector:/home/tamar/RBE594_ws/install/custom_gear_controllers:/opt/ros/jazzy', 'ROS_AUTOMATIC_DISCOVERY_RANGE': 'SUBNET', 'PWD': '/home/tamar/RBE594_ws/build/sirgas_description', 'TURTLEBOT3_MODEL': 'waffle', 'LC_ALL': 'C.UTF-8', 'PYTHONPATH': '/home/tamar/RBE594_ws/build/sirgas_apriltag_detector:/home/tamar/RBE594_ws/install/sirgas_apriltag_detector/lib/python3.12/site-packages:/home/tamar/RBE594_ws/build/custom_gear_controllers:/home/tamar/RBE594_ws/install/custom_gear_controllers/lib/python3.12/site-packages:/opt/ros/jazzy/lib/python3.12/site-packages', 'NVIDIA_VISIBLE_DEVICES': 'all', 'COLCON': '1', 'CMAKE_PREFIX_PATH': '/home/tamar/RBE594_ws/install/sirgas_description:/opt/ros/jazzy/opt/gz_sim_vendor:/opt/ros/jazzy/opt/gz_sensors_vendor:/opt/ros/jazzy/opt/gz_physics_vendor:/opt/ros/jazzy/opt/sdformat_vendor:/opt/ros/jazzy/opt/gz_gui_vendor:/opt/ros/jazzy/opt/gz_transport_vendor:/opt/ros/jazzy/opt/gz_rendering_vendor:/opt/ros/jazzy/opt/gz_plugin_vendor:/opt/ros/jazzy/opt/gz_fuel_tools_vendor:/opt/ros/jazzy/opt/gz_msgs_vendor:/opt/ros/jazzy/opt/gz_common_vendor:/opt/ros/jazzy/opt/gz_math_vendor:/opt/ros/jazzy/opt/gz_utils_vendor:/opt/ros/jazzy/opt/gz_tools_vendor:/opt/ros/jazzy/opt/gz_ogre_next_vendor:/opt/ros/jazzy/opt/gz_dartsim_vendor:/opt/ros/jazzy/opt/gz_cmake_vendor:/home/tamar/RBE594_ws/install/sirgas_apriltag_detector:/home/tamar/RBE594_ws/install/custom_gear_controllers:/opt/ros/jazzy'}), 'shell': False}
[0.572813] (sirgas_description) StdoutLine: {'line': b'-- Install configuration: ""\n'}
[0.573288] (sirgas_description) StdoutLine: {'line': b'-- Execute custom install script\n'}
[0.574121] (sirgas_description) StdoutLine: {'line': b'-- Up-to-date symlink: /home/tamar/RBE594_ws/install/sirgas_description/share/sirgas_description//urdf/apriltags/tag_1.png\n'}
[0.574366] (sirgas_description) StdoutLine: {'line': b'-- Up-to-date symlink: /home/tamar/RBE594_ws/install/sirgas_description/share/sirgas_description//urdf/camera.urdf.xacro\n'}
[0.574620] (sirgas_description) StdoutLine: {'line': b'-- Up-to-date symlink: /home/tamar/RBE594_ws/install/sirgas_description/share/sirgas_description//urdf/camera_mount.urdf.xacro\n'}
[0.574798] (sirgas_description) StdoutLine: {'line': b'-- Up-to-date symlink: /home/tamar/RBE594_ws/install/sirgas_description/share/sirgas_description//urdf/gear_starter_motor.urdf.xacro\n'}
[0.574961] (sirgas_description) StdoutLine: {'line': b'-- Up-to-date symlink: /home/tamar/RBE594_ws/install/sirgas_description/share/sirgas_description//urdf/inc/ur_common.xacro\n'}
[0.575125] (sirgas_description) StdoutLine: {'line': b'-- Up-to-date symlink: /home/tamar/RBE594_ws/install/sirgas_description/share/sirgas_description//urdf/inc/ur_transmissions.xacro\n'}
[0.575301] (sirgas_description) StdoutLine: {'line': b'-- Up-to-date symlink: /home/tamar/RBE594_ws/install/sirgas_description/share/sirgas_description//urdf/pba.urdf.xacro\n'}
[0.575518] (sirgas_description) StdoutLine: {'line': b'-- Up-to-date symlink: /home/tamar/RBE594_ws/install/sirgas_description/share/sirgas_description//urdf/pba2.urdf.xacro\n'}
[0.575745] (sirgas_description) StdoutLine: {'line': b'-- Up-to-date symlink: /home/tamar/RBE594_ws/install/sirgas_description/share/sirgas_description//urdf/robotiq_arg85_description.urdf.xacro\n'}
[0.575924] (sirgas_description) StdoutLine: {'line': b'-- Up-to-date symlink: /home/tamar/RBE594_ws/install/sirgas_description/share/sirgas_description//urdf/sim_cam.urdf.xacro\n'}
[0.576101] (sirgas_description) StdoutLine: {'line': b'-- Up-to-date symlink: /home/tamar/RBE594_ws/install/sirgas_description/share/sirgas_description//urdf/tag_1.urdf.xacro\n'}
[0.576275] (sirgas_description) StdoutLine: {'line': b'-- Up-to-date symlink: /home/tamar/RBE594_ws/install/sirgas_description/share/sirgas_description//urdf/ur20.ros2_control.xacro\n'}
[0.576480] (sirgas_description) StdoutLine: {'line': b'-- Up-to-date symlink: /home/tamar/RBE594_ws/install/sirgas_description/share/sirgas_description//urdf/ur20_macro.xacro\n'}
[0.576679] (sirgas_description) StdoutLine: {'line': b'-- Up-to-date symlink: /home/tamar/RBE594_ws/install/sirgas_description/share/sirgas_description//urdf/ur20_pba.urdf.xacro\n'}
[0.576869] (sirgas_description) StdoutLine: {'line': b'-- Up-to-date symlink: /home/tamar/RBE594_ws/install/sirgas_description/share/sirgas_description//urdf/ur20_picker.urdf.xacro\n'}
[0.577046] (sirgas_description) StdoutLine: {'line': b'-- Up-to-date symlink: /home/tamar/RBE594_ws/install/sirgas_description/share/sirgas_description//urdf/ur20_starter.urdf.xacro\n'}
[0.577225] (sirgas_description) StdoutLine: {'line': b'-- Up-to-date symlink: /home/tamar/RBE594_ws/install/sirgas_description/share/sirgas_description//urdf/ur20_starter2.urdf.xacro\n'}
[0.577953] (sirgas_description) StdoutLine: {'line': b'-- Up-to-date symlink: /home/tamar/RBE594_ws/install/sirgas_description/share/sirgas_description//launch/apriltag_detector.py\n'}
[0.578153] (sirgas_description) StdoutLine: {'line': b'-- Up-to-date symlink: /home/tamar/RBE594_ws/install/sirgas_description/share/sirgas_description//launch/camera.launch.py\n'}
[0.578333] (sirgas_description) StdoutLine: {'line': b'-- Up-to-date symlink: /home/tamar/RBE594_ws/install/sirgas_description/share/sirgas_description//launch/gr.launch.py\n'}
[0.578583] (sirgas_description) StdoutLine: {'line': b'-- Up-to-date symlink: /home/tamar/RBE594_ws/install/sirgas_description/share/sirgas_description//launch/gripper.launch.py\n'}
[0.578795] (sirgas_description) StdoutLine: {'line': b'-- Up-to-date symlink: /home/tamar/RBE594_ws/install/sirgas_description/share/sirgas_description//launch/pba.launch.py\n'}
[0.578977] (sirgas_description) StdoutLine: {'line': b'-- Up-to-date symlink: /home/tamar/RBE594_ws/install/sirgas_description/share/sirgas_description//launch/pba.launch.xml\n'}
[0.579159] (sirgas_description) StdoutLine: {'line': b'-- Up-to-date symlink: /home/tamar/RBE594_ws/install/sirgas_description/share/sirgas_description//launch/sim.launch.py\n'}
[0.579332] (sirgas_description) StdoutLine: {'line': b'-- Up-to-date symlink: /home/tamar/RBE594_ws/install/sirgas_description/share/sirgas_description//launch/sim2.launch.py\n'}
[0.579584] (sirgas_description) StdoutLine: {'line': b'-- Up-to-date symlink: /home/tamar/RBE594_ws/install/sirgas_description/share/sirgas_description//launch/sim3.launch.py\n'}
[0.579783] (sirgas_description) StdoutLine: {'line': b'-- Up-to-date symlink: /home/tamar/RBE594_ws/install/sirgas_description/share/sirgas_description//launch/sim4.launch.py\n'}
[0.579956] (sirgas_description) StdoutLine: {'line': b'-- Up-to-date symlink: /home/tamar/RBE594_ws/install/sirgas_description/share/sirgas_description//launch/sim5.launch.py\n'}
[0.580126] (sirgas_description) StdoutLine: {'line': b'-- Up-to-date symlink: /home/tamar/RBE594_ws/install/sirgas_description/share/sirgas_description//launch/ur20_starter.launch.py\n'}
[0.580294] (sirgas_description) StdoutLine: {'line': b'-- Up-to-date symlink: /home/tamar/RBE594_ws/install/sirgas_description/share/sirgas_description//launch/ur20_starter_spawn.launch.py\n'}
[0.581166] (sirgas_description) StdoutLine: {'line': b'-- Up-to-date symlink: /home/tamar/RBE594_ws/install/sirgas_description/share/sirgas_description//meshes/Assembly 1.stl\n'}
[0.581371] (sirgas_description) StdoutLine: {'line': b'-- Up-to-date symlink: /home/tamar/RBE594_ws/install/sirgas_description/share/sirgas_description//meshes/First_Gear.stl\n'}
[0.581665] (sirgas_description) StdoutLine: {'line': b'-- Up-to-date symlink: /home/tamar/RBE594_ws/install/sirgas_description/share/sirgas_description//meshes/Gear_Rotator.stl\n'}
[0.581855] (sirgas_description) StdoutLine: {'line': b'-- Up-to-date symlink: /home/tamar/RBE594_ws/install/sirgas_description/share/sirgas_description//meshes/Motor_Housing.stl\n'}
[0.582020] (sirgas_description) StdoutLine: {'line': b'-- Up-to-date symlink: /home/tamar/RBE594_ws/install/sirgas_description/share/sirgas_description//meshes/Peg_Board.stl\n'}
[0.582202] (sirgas_description) StdoutLine: {'line': b'-- Up-to-date symlink: /home/tamar/RBE594_ws/install/sirgas_description/share/sirgas_description//meshes/Second_Gear.stl\n'}
[0.582384] (sirgas_description) StdoutLine: {'line': b'-- Up-to-date symlink: /home/tamar/RBE594_ws/install/sirgas_description/share/sirgas_description//meshes/Starter_Gear.stl\n'}
[0.582647] (sirgas_description) StdoutLine: {'line': b'-- Up-to-date symlink: /home/tamar/RBE594_ws/install/sirgas_description/share/sirgas_description//meshes/Third_Gear.stl\n'}
[0.582840] (sirgas_description) StdoutLine: {'line': b'-- Up-to-date symlink: /home/tamar/RBE594_ws/install/sirgas_description/share/sirgas_description//meshes/apriltag_cube/materials/scripts/apriltag.material\n'}
[0.583039] (sirgas_description) StdoutLine: {'line': b'-- Up-to-date symlink: /home/tamar/RBE594_ws/install/sirgas_description/share/sirgas_description//meshes/apriltag_cube/materials/textures/tag_1.png\n'}
[0.583231] (sirgas_description) StdoutLine: {'line': b'-- Up-to-date symlink: /home/tamar/RBE594_ws/install/sirgas_description/share/sirgas_description//meshes/apriltag_cube/model.sdf\n'}
[0.583419] (sirgas_description) StdoutLine: {'line': b'-- Up-to-date symlink: /home/tamar/RBE594_ws/install/sirgas_description/share/sirgas_description//meshes/gripper_meshes/inner_finger_coarse.STL\n'}
[0.583674] (sirgas_description) StdoutLine: {'line': b'-- Up-to-date symlink: /home/tamar/RBE594_ws/install/sirgas_description/share/sirgas_description//meshes/gripper_meshes/inner_finger_fine.STL\n'}
[0.583850] (sirgas_description) StdoutLine: {'line': b'-- Up-to-date symlink: /home/tamar/RBE594_ws/install/sirgas_description/share/sirgas_description//meshes/gripper_meshes/inner_knuckle_coarse.STL\n'}
[0.584028] (sirgas_description) StdoutLine: {'line': b'-- Up-to-date symlink: /home/tamar/RBE594_ws/install/sirgas_description/share/sirgas_description//meshes/gripper_meshes/inner_knuckle_fine.STL\n'}
[0.584207] (sirgas_description) StdoutLine: {'line': b'-- Up-to-date symlink: /home/tamar/RBE594_ws/install/sirgas_description/share/sirgas_description//meshes/gripper_meshes/outer_finger_coarse.STL\n'}
[0.584381] (sirgas_description) StdoutLine: {'line': b'-- Up-to-date symlink: /home/tamar/RBE594_ws/install/sirgas_description/share/sirgas_description//meshes/gripper_meshes/outer_finger_fine.STL\n'}
[0.584692] (sirgas_description) StdoutLine: {'line': b'-- Up-to-date symlink: /home/tamar/RBE594_ws/install/sirgas_description/share/sirgas_description//meshes/gripper_meshes/outer_knuckle_coarse.STL\n'}
[0.584863] (sirgas_description) StdoutLine: {'line': b'-- Up-to-date symlink: /home/tamar/RBE594_ws/install/sirgas_description/share/sirgas_description//meshes/gripper_meshes/outer_knuckle_fine.STL\n'}
[0.585036] (sirgas_description) StdoutLine: {'line': b'-- Up-to-date symlink: /home/tamar/RBE594_ws/install/sirgas_description/share/sirgas_description//meshes/gripper_meshes/robotiq_85_base_link_coarse.STL\n'}
[0.585211] (sirgas_description) StdoutLine: {'line': b'-- Up-to-date symlink: /home/tamar/RBE594_ws/install/sirgas_description/share/sirgas_description//meshes/gripper_meshes/robotiq_85_base_link_fine.STL\n'}
[0.585385] (sirgas_description) StdoutLine: {'line': b'-- Up-to-date symlink: /home/tamar/RBE594_ws/install/sirgas_description/share/sirgas_description//meshes/sim_cam/model.sdf\n'}
[0.585832] (sirgas_description) StdoutLine: {'line': b'-- Up-to-date symlink: /home/tamar/RBE594_ws/install/sirgas_description/share/sirgas_description//world/.keep\n'}
[0.586248] (sirgas_description) StdoutLine: {'line': b'-- Up-to-date symlink: /home/tamar/RBE594_ws/install/sirgas_description/share/sirgas_description//rviz/camera.rviz\n'}
[0.586423] (sirgas_description) StdoutLine: {'line': b'-- Up-to-date symlink: /home/tamar/RBE594_ws/install/sirgas_description/share/sirgas_description//rviz/config.rviz\n'}
[0.586703] (sirgas_description) StdoutLine: {'line': b'-- Up-to-date symlink: /home/tamar/RBE594_ws/install/sirgas_description/share/sirgas_description//rviz/config2.rviz\n'}
[0.587016] (sirgas_description) StdoutLine: {'line': b'-- Up-to-date symlink: /home/tamar/RBE594_ws/install/sirgas_description/share/sirgas_description//rviz/gsm.rviz\n'}
[0.587242] (sirgas_description) StdoutLine: {'line': b'-- Up-to-date symlink: /home/tamar/RBE594_ws/install/sirgas_description/share/sirgas_description//rviz/ur20_view.rviz\n'}
[0.587685] (sirgas_description) StdoutLine: {'line': b'-- Up-to-date symlink: /home/tamar/RBE594_ws/install/sirgas_description/share/sirgas_description//config/gear_coupling_controller.yaml\n'}
[0.587873] (sirgas_description) StdoutLine: {'line': b'-- Up-to-date symlink: /home/tamar/RBE594_ws/install/sirgas_description/share/sirgas_description//config/gsm_controller.yaml\n'}
[0.588046] (sirgas_description) StdoutLine: {'line': b'-- Up-to-date symlink: /home/tamar/RBE594_ws/install/sirgas_description/share/sirgas_description//config/initial_positions.yaml\n'}
[0.588307] (sirgas_description) StdoutLine: {'line': b'-- Up-to-date symlink: /home/tamar/RBE594_ws/install/sirgas_description/share/sirgas_description//config/load_controllers.sh\n'}
[0.588522] (sirgas_description) StdoutLine: {'line': b'-- Up-to-date symlink: /home/tamar/RBE594_ws/install/sirgas_description/share/sirgas_description//config/pba_controller.yaml\n'}
[0.588767] (sirgas_description) StdoutLine: {'line': b'-- Up-to-date symlink: /home/tamar/RBE594_ws/install/sirgas_description/share/sirgas_description//config/test.yaml\n'}
[0.588922] (sirgas_description) StdoutLine: {'line': b'-- Up-to-date symlink: /home/tamar/RBE594_ws/install/sirgas_description/share/sirgas_description//config/ur20_controllers.yaml\n'}
[0.589137] (sirgas_description) StdoutLine: {'line': b'-- Up-to-date symlink: /home/tamar/RBE594_ws/install/sirgas_description/share/sirgas_description//config/ur20_picker_controllers.yaml\n'}
[0.589313] (sirgas_description) StdoutLine: {'line': b'-- Up-to-date symlink: /home/tamar/RBE594_ws/install/sirgas_description/share/sirgas_description//config/ur20_starter_controllers.yaml\n'}
[0.589730] (sirgas_description) StdoutLine: {'line': b'-- Up-to-date symlink: /home/tamar/RBE594_ws/install/sirgas_description/share/ament_index/resource_index/package_run_dependencies/sirgas_description\n'}
[0.590028] (sirgas_description) StdoutLine: {'line': b'-- Up-to-date symlink: /home/tamar/RBE594_ws/install/sirgas_description/share/ament_index/resource_index/parent_prefix_path/sirgas_description\n'}
[0.590326] (sirgas_description) StdoutLine: {'line': b'-- Up-to-date symlink: /home/tamar/RBE594_ws/install/sirgas_description/share/sirgas_description/environment/ament_prefix_path.sh\n'}
[0.590640] (sirgas_description) StdoutLine: {'line': b'-- Up-to-date symlink: /home/tamar/RBE594_ws/install/sirgas_description/share/sirgas_description/environment/ament_prefix_path.dsv\n'}
[0.590853] (sirgas_description) StdoutLine: {'line': b'-- Up-to-date symlink: /home/tamar/RBE594_ws/install/sirgas_description/share/sirgas_description/environment/path.sh\n'}
[0.591132] (sirgas_description) StdoutLine: {'line': b'-- Up-to-date symlink: /home/tamar/RBE594_ws/install/sirgas_description/share/sirgas_description/environment/path.dsv\n'}
[0.591406] (sirgas_description) StdoutLine: {'line': b'-- Up-to-date symlink: /home/tamar/RBE594_ws/install/sirgas_description/share/sirgas_description/local_setup.bash\n'}
[0.591784] (sirgas_description) StdoutLine: {'line': b'-- Up-to-date symlink: /home/tamar/RBE594_ws/install/sirgas_description/share/sirgas_description/local_setup.sh\n'}
[0.592055] (sirgas_description) StdoutLine: {'line': b'-- Up-to-date symlink: /home/tamar/RBE594_ws/install/sirgas_description/share/sirgas_description/local_setup.zsh\n'}
[0.592325] (sirgas_description) StdoutLine: {'line': b'-- Up-to-date symlink: /home/tamar/RBE594_ws/install/sirgas_description/share/sirgas_description/local_setup.dsv\n'}
[0.592659] (sirgas_description) StdoutLine: {'line': b'-- Symlinking: /home/tamar/RBE594_ws/install/sirgas_description/share/sirgas_description/package.dsv\n'}
[0.600280] (-) TimerEvent: {}
[0.603598] (sirgas_description) StdoutLine: {'line': b'-- Up-to-date symlink: /home/tamar/RBE594_ws/install/sirgas_description/share/ament_index/resource_index/packages/sirgas_description\n'}
[0.603929] (sirgas_description) StdoutLine: {'line': b'-- Up-to-date symlink: /home/tamar/RBE594_ws/install/sirgas_description/share/sirgas_description/cmake/sirgas_descriptionConfig.cmake\n'}
[0.604140] (sirgas_description) StdoutLine: {'line': b'-- Up-to-date symlink: /home/tamar/RBE594_ws/install/sirgas_description/share/sirgas_description/cmake/sirgas_descriptionConfig-version.cmake\n'}
[0.604402] (sirgas_description) StdoutLine: {'line': b'-- Up-to-date symlink: /home/tamar/RBE594_ws/install/sirgas_description/share/sirgas_description/package.xml\n'}
[0.606805] (sirgas_description) CommandEnded: {'returncode': 0}
[0.624868] (sirgas_description) JobEnded: {'identifier': 'sirgas_description', 'rc': 0}
[0.700379] (-) TimerEvent: {}
[0.800627] (-) TimerEvent: {}
[0.900871] (-) TimerEvent: {}
[1.001112] (-) TimerEvent: {}
[1.101359] (-) TimerEvent: {}
[1.127202] (custom_gear_controllers) Command: {'cmd': ['/usr/bin/python3', '-W', 'ignore:setup.py install is deprecated', '-W', 'ignore:easy_install command is deprecated', 'setup.py', 'develop', '--editable', '--build-directory', '/home/tamar/RBE594_ws/build/custom_gear_controllers/build', '--no-deps', 'symlink_data'], 'cwd': '/home/tamar/RBE594_ws/build/custom_gear_controllers', 'env': {'GZ_SIM_RESOURCE_PATH': '/opt/ros/jazzy/share', 'GZ_CONFIG_PATH': '/opt/ros/jazzy/opt/gz_sim_vendor/share/gz:/opt/ros/jazzy/opt/sdformat_vendor/share/gz:/opt/ros/jazzy/opt/gz_gui_vendor/share/gz:/opt/ros/jazzy/opt/gz_transport_vendor/share/gz:/opt/ros/jazzy/opt/gz_rendering_vendor/share/gz:/opt/ros/jazzy/opt/gz_plugin_vendor/share/gz:/opt/ros/jazzy/opt/gz_fuel_tools_vendor/share/gz:/opt/ros/jazzy/opt/gz_msgs_vendor/share/gz:/opt/ros/jazzy/opt/gz_common_vendor/share/gz', 'HOSTNAME': 'f35654c561c7', 'SHLVL': '1', 'LIBGL_ALWAYS_SOFTWARE': '1', 'LD_LIBRARY_PATH': '/opt/ros/jazzy/opt/gz_sim_vendor/lib:/opt/ros/jazzy/opt/gz_sensors_vendor/lib:/opt/ros/jazzy/opt/gz_physics_vendor/lib:/opt/ros/jazzy/opt/sdformat_vendor/lib:/opt/ros/jazzy/opt/rviz_ogre_vendor/lib:/opt/ros/jazzy/lib/x86_64-linux-gnu:/opt/ros/jazzy/opt/gz_gui_vendor/lib:/opt/ros/jazzy/opt/gz_transport_vendor/lib:/opt/ros/jazzy/opt/gz_rendering_vendor/lib:/opt/ros/jazzy/opt/gz_plugin_vendor/lib:/opt/ros/jazzy/opt/gz_fuel_tools_vendor/lib:/opt/ros/jazzy/opt/gz_msgs_vendor/lib:/opt/ros/jazzy/opt/gz_common_vendor/lib:/opt/ros/jazzy/opt/gz_math_vendor/lib:/opt/ros/jazzy/opt/gz_utils_vendor/lib:/opt/ros/jazzy/opt/gz_tools_vendor/lib:/opt/ros/jazzy/opt/gz_ogre_next_vendor/lib:/opt/ros/jazzy/opt/gz_dartsim_vendor/lib:/opt/ros/jazzy/opt/gz_cmake_vendor/lib:/opt/ros/jazzy/lib', 'HOME': '/home/tamar', 'OLDPWD': '/', 'ROS_PYTHON_VERSION': '3', 'COLCON_PREFIX_PATH': '/home/tamar/RBE594_ws/install', 'ROS_DISTRO': 'jazzy', '_': '/usr/bin/colcon', 'ROS_VERSION': '2', 'TERM': 'xterm', 'QT_X11_NO_MITSHM': '1', 'PATH': '/opt/ros/jazzy/opt/gz_msgs_vendor/bin:/opt/ros/jazzy/opt/gz_tools_vendor/bin:/opt/ros/jazzy/opt/gz_ogre_next_vendor/bin:/opt/ros/jazzy/bin:/usr/local/sbin:/usr/local/bin:/usr/sbin:/usr/bin:/sbin:/bin', 'DISPLAY': ':1', 'LANG': 'C.UTF-8', 'RMW_IMPLEMENTATION': 'rmw_cyclonedds_cpp', 'AMENT_PREFIX_PATH': '/home/tamar/RBE594_ws/install/sirgas_description:/home/tamar/RBE594_ws/install/sirgas_apriltag_detector:/home/tamar/RBE594_ws/install/custom_gear_controllers:/opt/ros/jazzy', 'ROS_AUTOMATIC_DISCOVERY_RANGE': 'SUBNET', 'PWD': '/home/tamar/RBE594_ws/build/custom_gear_controllers', 'TURTLEBOT3_MODEL': 'waffle', 'LC_ALL': 'C.UTF-8', 'PYTHONPATH': '/home/tamar/RBE594_ws/build/custom_gear_controllers/prefix_override:/usr/lib/python3/dist-packages/colcon_core/task/python/colcon_distutils_commands:/home/tamar/RBE594_ws/install/custom_gear_controllers/lib/python3.12/site-packages:/home/tamar/RBE594_ws/build/sirgas_apriltag_detector:/home/tamar/RBE594_ws/install/sirgas_apriltag_detector/lib/python3.12/site-packages:/home/tamar/RBE594_ws/build/custom_gear_controllers:/home/tamar/RBE594_ws/install/custom_gear_controllers/lib/python3.12/site-packages:/opt/ros/jazzy/lib/python3.12/site-packages', 'NVIDIA_VISIBLE_DEVICES': 'all', 'COLCON': '1', 'CMAKE_PREFIX_PATH': '/home/tamar/RBE594_ws/install/sirgas_description:/opt/ros/jazzy/opt/gz_sim_vendor:/opt/ros/jazzy/opt/gz_sensors_vendor:/opt/ros/jazzy/opt/gz_physics_vendor:/opt/ros/jazzy/opt/sdformat_vendor:/opt/ros/jazzy/opt/gz_gui_vendor:/opt/ros/jazzy/opt/gz_transport_vendor:/opt/ros/jazzy/opt/gz_rendering_vendor:/opt/ros/jazzy/opt/gz_plugin_vendor:/opt/ros/jazzy/opt/gz_fuel_tools_vendor:/opt/ros/jazzy/opt/gz_msgs_vendor:/opt/ros/jazzy/opt/gz_common_vendor:/opt/ros/jazzy/opt/gz_math_vendor:/opt/ros/jazzy/opt/gz_utils_vendor:/opt/ros/jazzy/opt/gz_tools_vendor:/opt/ros/jazzy/opt/gz_ogre_next_vendor:/opt/ros/jazzy/opt/gz_dartsim_vendor:/opt/ros/jazzy/opt/gz_cmake_vendor'}, 'shell': False}
[1.144711] (sirgas_apriltag_detector) Command: {'cmd': ['/usr/bin/python3', '-W', 'ignore:setup.py install is deprecated', '-W', 'ignore:easy_install command is deprecated', 'setup.py', 'develop', '--editable', '--build-directory', '/home/tamar/RBE594_ws/build/sirgas_apriltag_detector/build', '--no-deps', 'symlink_data'], 'cwd': '/home/tamar/RBE594_ws/build/sirgas_apriltag_detector', 'env': {'GZ_SIM_RESOURCE_PATH': '/opt/ros/jazzy/share', 'GZ_CONFIG_PATH': '/opt/ros/jazzy/opt/gz_sim_vendor/share/gz:/opt/ros/jazzy/opt/sdformat_vendor/share/gz:/opt/ros/jazzy/opt/gz_gui_vendor/share/gz:/opt/ros/jazzy/opt/gz_transport_vendor/share/gz:/opt/ros/jazzy/opt/gz_rendering_vendor/share/gz:/opt/ros/jazzy/opt/gz_plugin_vendor/share/gz:/opt/ros/jazzy/opt/gz_fuel_tools_vendor/share/gz:/opt/ros/jazzy/opt/gz_msgs_vendor/share/gz:/opt/ros/jazzy/opt/gz_common_vendor/share/gz', 'HOSTNAME': 'f35654c561c7', 'SHLVL': '1', 'LIBGL_ALWAYS_SOFTWARE': '1', 'LD_LIBRARY_PATH': '/opt/ros/jazzy/opt/gz_sim_vendor/lib:/opt/ros/jazzy/opt/gz_sensors_vendor/lib:/opt/ros/jazzy/opt/gz_physics_vendor/lib:/opt/ros/jazzy/opt/sdformat_vendor/lib:/opt/ros/jazzy/opt/rviz_ogre_vendor/lib:/opt/ros/jazzy/lib/x86_64-linux-gnu:/opt/ros/jazzy/opt/gz_gui_vendor/lib:/opt/ros/jazzy/opt/gz_transport_vendor/lib:/opt/ros/jazzy/opt/gz_rendering_vendor/lib:/opt/ros/jazzy/opt/gz_plugin_vendor/lib:/opt/ros/jazzy/opt/gz_fuel_tools_vendor/lib:/opt/ros/jazzy/opt/gz_msgs_vendor/lib:/opt/ros/jazzy/opt/gz_common_vendor/lib:/opt/ros/jazzy/opt/gz_math_vendor/lib:/opt/ros/jazzy/opt/gz_utils_vendor/lib:/opt/ros/jazzy/opt/gz_tools_vendor/lib:/opt/ros/jazzy/opt/gz_ogre_next_vendor/lib:/opt/ros/jazzy/opt/gz_dartsim_vendor/lib:/opt/ros/jazzy/opt/gz_cmake_vendor/lib:/opt/ros/jazzy/lib', 'HOME': '/home/tamar', 'OLDPWD': '/', 'ROS_PYTHON_VERSION': '3', 'COLCON_PREFIX_PATH': '/home/tamar/RBE594_ws/install', 'ROS_DISTRO': 'jazzy', '_': '/usr/bin/colcon', 'ROS_VERSION': '2', 'TERM': 'xterm', 'QT_X11_NO_MITSHM': '1', 'PATH': '/opt/ros/jazzy/opt/gz_msgs_vendor/bin:/opt/ros/jazzy/opt/gz_tools_vendor/bin:/opt/ros/jazzy/opt/gz_ogre_next_vendor/bin:/opt/ros/jazzy/bin:/usr/local/sbin:/usr/local/bin:/usr/sbin:/usr/bin:/sbin:/bin', 'DISPLAY': ':1', 'LANG': 'C.UTF-8', 'RMW_IMPLEMENTATION': 'rmw_cyclonedds_cpp', 'AMENT_PREFIX_PATH': '/home/tamar/RBE594_ws/install/sirgas_description:/home/tamar/RBE594_ws/install/sirgas_apriltag_detector:/home/tamar/RBE594_ws/install/custom_gear_controllers:/opt/ros/jazzy', 'ROS_AUTOMATIC_DISCOVERY_RANGE': 'SUBNET', 'PWD': '/home/tamar/RBE594_ws/build/sirgas_apriltag_detector', 'TURTLEBOT3_MODEL': 'waffle', 'LC_ALL': 'C.UTF-8', 'PYTHONPATH': '/home/tamar/RBE594_ws/build/sirgas_apriltag_detector/prefix_override:/usr/lib/python3/dist-packages/colcon_core/task/python/colcon_distutils_commands:/home/tamar/RBE594_ws/install/sirgas_apriltag_detector/lib/python3.12/site-packages:/home/tamar/RBE594_ws/build/sirgas_apriltag_detector:/home/tamar/RBE594_ws/install/sirgas_apriltag_detector/lib/python3.12/site-packages:/home/tamar/RBE594_ws/build/custom_gear_controllers:/home/tamar/RBE594_ws/install/custom_gear_controllers/lib/python3.12/site-packages:/opt/ros/jazzy/lib/python3.12/site-packages', 'NVIDIA_VISIBLE_DEVICES': 'all', 'COLCON': '1', 'CMAKE_PREFIX_PATH': '/home/tamar/RBE594_ws/install/sirgas_description:/opt/ros/jazzy/opt/gz_sim_vendor:/opt/ros/jazzy/opt/gz_sensors_vendor:/opt/ros/jazzy/opt/gz_physics_vendor:/opt/ros/jazzy/opt/sdformat_vendor:/opt/ros/jazzy/opt/gz_gui_vendor:/opt/ros/jazzy/opt/gz_transport_vendor:/opt/ros/jazzy/opt/gz_rendering_vendor:/opt/ros/jazzy/opt/gz_plugin_vendor:/opt/ros/jazzy/opt/gz_fuel_tools_vendor:/opt/ros/jazzy/opt/gz_msgs_vendor:/opt/ros/jazzy/opt/gz_common_vendor:/opt/ros/jazzy/opt/gz_math_vendor:/opt/ros/jazzy/opt/gz_utils_vendor:/opt/ros/jazzy/opt/gz_tools_vendor:/opt/ros/jazzy/opt/gz_ogre_next_vendor:/opt/ros/jazzy/opt/gz_dartsim_vendor:/opt/ros/jazzy/opt/gz_cmake_vendor'}, 'shell': False}
[1.201478] (-) TimerEvent: {}
[1.301704] (-) TimerEvent: {}
[1.401963] (-) TimerEvent: {}
[1.463424] (custom_gear_controllers) StdoutLine: {'line': b'running develop\n'}
[1.493235] (sirgas_apriltag_detector) StdoutLine: {'line': b'running develop\n'}
[1.502067] (-) TimerEvent: {}
[1.602306] (-) TimerEvent: {}
[1.683355] (custom_gear_controllers) StdoutLine: {'line': b'running egg_info\n'}
[1.702412] (-) TimerEvent: {}
[1.703326] (custom_gear_controllers) StdoutLine: {'line': b'writing custom_gear_controllers.egg-info/PKG-INFO\n'}
[1.703546] (custom_gear_controllers) StdoutLine: {'line': b'writing dependency_links to custom_gear_controllers.egg-info/dependency_links.txt\n'}
[1.703754] (custom_gear_controllers) StdoutLine: {'line': b'writing entry points to custom_gear_controllers.egg-info/entry_points.txt\n'}
[1.703912] (custom_gear_controllers) StdoutLine: {'line': b'writing requirements to custom_gear_controllers.egg-info/requires.txt\n'}
[1.704042] (custom_gear_controllers) StdoutLine: {'line': b'writing top-level names to custom_gear_controllers.egg-info/top_level.txt\n'}
[1.720756] (sirgas_apriltag_detector) StdoutLine: {'line': b'running egg_info\n'}
[1.741794] (sirgas_apriltag_detector) StdoutLine: {'line': b'writing sirgas_apriltag_detector.egg-info/PKG-INFO\n'}
[1.742059] (sirgas_apriltag_detector) StdoutLine: {'line': b'writing dependency_links to sirgas_apriltag_detector.egg-info/dependency_links.txt\n'}
[1.742228] (sirgas_apriltag_detector) StdoutLine: {'line': b'writing entry points to sirgas_apriltag_detector.egg-info/entry_points.txt\n'}
[1.742403] (sirgas_apriltag_detector) StdoutLine: {'line': b'writing requirements to sirgas_apriltag_detector.egg-info/requires.txt\n'}
[1.742539] (sirgas_apriltag_detector) StdoutLine: {'line': b'writing top-level names to sirgas_apriltag_detector.egg-info/top_level.txt\n'}
[1.746067] (custom_gear_controllers) StdoutLine: {'line': b"reading manifest file 'custom_gear_controllers.egg-info/SOURCES.txt'\n"}
[1.746813] (custom_gear_controllers) StdoutLine: {'line': b"writing manifest file 'custom_gear_controllers.egg-info/SOURCES.txt'\n"}
[1.768204] (custom_gear_controllers) StdoutLine: {'line': b'running build_ext\n'}
[1.768395] (custom_gear_controllers) StdoutLine: {'line': b'Creating /home/tamar/RBE594_ws/install/custom_gear_controllers/lib/python3.12/site-packages/custom-gear-controllers.egg-link (link to .)\n'}
[1.768941] (custom_gear_controllers) StdoutLine: {'line': b'\n'}
[1.769084] (custom_gear_controllers) StdoutLine: {'line': b'Installed /home/tamar/RBE594_ws/build/custom_gear_controllers\n'}
[1.769244] (custom_gear_controllers) StdoutLine: {'line': b'running symlink_data\n'}
[1.784962] (sirgas_apriltag_detector) StdoutLine: {'line': b"reading manifest file 'sirgas_apriltag_detector.egg-info/SOURCES.txt'\n"}
[1.785963] (sirgas_apriltag_detector) StdoutLine: {'line': b"writing manifest file 'sirgas_apriltag_detector.egg-info/SOURCES.txt'\n"}
[1.793346] (custom_gear_controllers) CommandEnded: {'returncode': 0}
[1.800241] (custom_gear_controllers) JobEnded: {'identifier': 'custom_gear_controllers', 'rc': 0}
[1.802513] (-) TimerEvent: {}
[1.812031] (sirgas_apriltag_detector) StdoutLine: {'line': b'running build_ext\n'}
[1.812311] (sirgas_apriltag_detector) StdoutLine: {'line': b'Creating /home/tamar/RBE594_ws/install/sirgas_apriltag_detector/lib/python3.12/site-packages/sirgas-apriltag-detector.egg-link (link to .)\n'}
[1.813053] (sirgas_apriltag_detector) StdoutLine: {'line': b'Installing apriltag_detector script to /home/tamar/RBE594_ws/install/sirgas_apriltag_detector/lib/sirgas_apriltag_detector\n'}
[1.813345] (sirgas_apriltag_detector) StdoutLine: {'line': b'\n'}
[1.813580] (sirgas_apriltag_detector) StdoutLine: {'line': b'Installed /home/tamar/RBE594_ws/build/sirgas_apriltag_detector\n'}
[1.813704] (sirgas_apriltag_detector) StdoutLine: {'line': b'running symlink_data\n'}
[1.842129] (sirgas_apriltag_detector) CommandEnded: {'returncode': 0}
[1.849078] (sirgas_apriltag_detector) JobEnded: {'identifier': 'sirgas_apriltag_detector', 'rc': 0}
[1.850131] (-) EventReactorShutdown: {}
