[0.042s] Invoking command in '/home/tamar/RBE594_ws/build/ur_robot_driver': AMENT_PREFIX_PATH=/home/tamar/RBE594_ws/install/ur_controllers:/home/tamar/RBE594_ws/install/ur_msgs:/home/tamar/RBE594_ws/install/ur_dashboard_msgs:${AMENT_PREFIX_PATH} CMAKE_PREFIX_PATH=/home/tamar/RBE594_ws/install/ur_controllers:/home/tamar/RBE594_ws/install/ur_msgs:/home/tamar/RBE594_ws/install/ur_description:/home/tamar/RBE594_ws/install/ur_dashboard_msgs:/home/tamar/RBE594_ws/install/ur_client_library:/home/tamar/RBE594_ws/install/moveit_resources:/home/tamar/RBE594_ws/install/moveit_resources_pr2_description:/home/tamar/RBE594_ws/install/moveit_resources_panda_moveit_config:/home/tamar/RBE594_ws/install/moveit_resources_panda_description:/home/tamar/RBE594_ws/install/moveit_resources_fanuc_moveit_config:/home/tamar/RBE594_ws/install/moveit_resources_fanuc_description:/home/tamar/RBE594_ws/install/sirgas_description:/opt/ros/humble LD_LIBRARY_PATH=/home/tamar/RBE594_ws/install/ur_controllers/lib:/home/tamar/RBE594_ws/install/ur_msgs/lib:/home/tamar/RBE594_ws/install/ur_dashboard_msgs/lib:/home/tamar/RBE594_ws/install/ur_client_library/lib:/usr/lib/x86_64-linux-gnu/gazebo-11/plugins:/opt/ros/humble/opt/rviz_ogre_vendor/lib:/opt/ros/humble/lib/x86_64-linux-gnu:/opt/ros/humble/lib:/usr/share/gazebo/../../lib/x86_64-linux-gnu/gazebo-11/plugins:/usr/share/gazebo/../../lib/x86_64-linux-gnu/gazebo-11/plugins:/usr/share/gazebo/../../lib/x86_64-linux-gnu/gazebo-11/plugins PKG_CONFIG_PATH=/home/tamar/RBE594_ws/install/ur_client_library/lib/x86_64-linux-gnu/pkgconfig:/home/tamar/RBE594_ws/install/ur_client_library/lib/pkgconfig PYTHONPATH=/home/tamar/RBE594_ws/install/ur_msgs/local/lib/python3.10/dist-packages:/home/tamar/RBE594_ws/install/ur_dashboard_msgs/local/lib/python3.10/dist-packages:${PYTHONPATH} /home/tamar/.local/bin/cmake /home/tamar/RBE594_ws/src/Universal_Robots_ROS2_Driver/ur_robot_driver -DAMENT_CMAKE_SYMLINK_INSTALL=1 -DCMAKE_INSTALL_PREFIX=/home/tamar/RBE594_ws/install/ur_robot_driver
[0.083s] [0mCMake Deprecation Warning at CMakeLists.txt:1 (cmake_minimum_required):
[0.083s]   Compatibility with CMake < 3.10 will be removed from a future version of
[0.083s]   CMake.
[0.083s] 
[0.083s]   Update the VERSION argument <min> value.  Or, use the <min>...<max> syntax
[0.083s]   to tell CMake that the project requires at least <min> but has been updated
[0.083s]   to work with policies introduced by <max> or earlier.
[0.083s] 
[0.083s] [0m
[0.086s] [0mur_robot_driver: You did not request a specific build type: selecting 'RelWithDebInfo'.[0m
[0.087s] -- Found ament_cmake: 1.3.11 (/opt/ros/humble/share/ament_cmake/cmake)
[0.246s] -- Override CMake install command with custom implementation using symlinks instead of copying resources
[0.250s] -- Found controller_manager: 2.49.0 (/opt/ros/humble/share/controller_manager/cmake)
[0.267s] -- Found rosidl_generator_c: 3.1.6 (/opt/ros/humble/share/rosidl_generator_c/cmake)
[0.268s] -- Found rosidl_adapter: 3.1.6 (/opt/ros/humble/share/rosidl_adapter/cmake)
[0.271s] -- Found rosidl_generator_cpp: 3.1.6 (/opt/ros/humble/share/rosidl_generator_cpp/cmake)
[0.276s] -- Using all available rosidl_typesupport_c: rosidl_typesupport_fastrtps_c;rosidl_typesupport_introspection_c
[0.283s] -- Using all available rosidl_typesupport_cpp: rosidl_typesupport_fastrtps_cpp;rosidl_typesupport_introspection_cpp
[0.388s] -- Found rmw_implementation_cmake: 6.1.2 (/opt/ros/humble/share/rmw_implementation_cmake/cmake)
[0.389s] -- Found rmw_cyclonedds_cpp: 1.3.4 (/opt/ros/humble/share/rmw_cyclonedds_cpp/cmake)
[0.399s] -- Using RMW implementation 'rmw_cyclonedds_cpp' as default
[0.449s] -- Found rclpy: 3.3.16 (/opt/ros/humble/share/rclpy/cmake)
[0.449s] -- Found std_srvs: 4.8.0 (/opt/ros/humble/share/std_srvs/cmake)
[0.455s] -- Found tf2_geometry_msgs: 0.25.12 (/opt/ros/humble/share/tf2_geometry_msgs/cmake)
[0.456s] -- Found eigen3_cmake_module: 0.1.1 (/opt/ros/humble/share/eigen3_cmake_module/cmake)
[0.457s] -- Ensuring Eigen3 include directory is part of orocos-kdl CMake target
[0.491s] -- Found ur_dashboard_msgs: 2.8.1 (/home/tamar/RBE594_ws/install/ur_dashboard_msgs/share/ur_dashboard_msgs/cmake)
[0.502s] -- Found ur_msgs: 2.2.0 (/home/tamar/RBE594_ws/install/ur_msgs/share/ur_msgs/cmake)
[0.655s] -- Found ur_controllers: 2.8.1 (/home/tamar/RBE594_ws/install/ur_controllers/share/ur_controllers/cmake)
[0.727s] -- Found ur_description: 2.6.0 (/home/tamar/RBE594_ws/install/ur_description/share/ur_description/cmake)
[0.729s] -- Found launch_testing_ament_cmake: 1.0.8 (/opt/ros/humble/share/launch_testing_ament_cmake/cmake)
[0.731s] -- Found python_cmake_module: 0.10.0 (/opt/ros/humble/share/python_cmake_module/cmake)
[0.731s] [33mCMake Warning (dev) at /opt/ros/humble/share/python_cmake_module/cmake/Modules/FindPythonExtra.cmake:52 (find_package):
[0.731s]   Policy CMP0148 is not set: The FindPythonInterp and FindPythonLibs modules
[0.731s]   are removed.  Run "cmake --help-policy CMP0148" for policy details.  Use
[0.731s]   the cmake_policy command to set the policy and suppress this warning.
[0.731s] 
[0.731s] Call Stack (most recent call first):
[0.731s]   /opt/ros/humble/share/launch_testing_ament_cmake/cmake/launch_testing_ament_cmake-extras.cmake:18 (find_package)
[0.731s]   /opt/ros/humble/share/launch_testing_ament_cmake/cmake/launch_testing_ament_cmakeConfig.cmake:41 (include)
[0.731s]   CMakeLists.txt:201 (find_package)
[0.731s] This warning is for project developers.  Use -Wno-dev to suppress it.
[0.731s] [0m
[0.742s] -- Found PythonInterp: /usr/bin/python3 (found suitable version "3.10.12", minimum required is "3.6")
[0.742s] [33mCMake Warning (dev) at /opt/ros/humble/share/python_cmake_module/cmake/Modules/FindPythonExtra.cmake:140 (find_package):
[0.742s]   Policy CMP0148 is not set: The FindPythonInterp and FindPythonLibs modules
[0.742s]   are removed.  Run "cmake --help-policy CMP0148" for policy details.  Use
[0.742s]   the cmake_policy command to set the policy and suppress this warning.
[0.742s] 
[0.742s] Call Stack (most recent call first):
[0.742s]   /opt/ros/humble/share/launch_testing_ament_cmake/cmake/launch_testing_ament_cmake-extras.cmake:18 (find_package)
[0.742s]   /opt/ros/humble/share/launch_testing_ament_cmake/cmake/launch_testing_ament_cmakeConfig.cmake:41 (include)
[0.742s]   CMakeLists.txt:201 (find_package)
[0.742s] This warning is for project developers.  Use -Wno-dev to suppress it.
[0.742s] [0m
[0.746s] -- Found PythonLibs: /usr/lib/x86_64-linux-gnu/libpython3.10.so (found suitable version "3.10.12", minimum required is "3.5")
[0.747s] -- Using PYTHON_EXECUTABLE: /usr/bin/python3
[0.747s] -- Using PYTHON_INCLUDE_DIRS: /usr/include/python3.10
[0.747s] -- Using PYTHON_LIBRARIES: /usr/lib/x86_64-linux-gnu/libpython3.10.so
[0.756s] -- Found PythonExtra: .so
[0.757s] -- Configuring done (0.7s)
[0.826s] -- Generating done (0.1s)
[0.833s] -- Build files have been written to: /home/tamar/RBE594_ws/build/ur_robot_driver
[0.838s] Invoked command in '/home/tamar/RBE594_ws/build/ur_robot_driver' returned '0': AMENT_PREFIX_PATH=/home/tamar/RBE594_ws/install/ur_controllers:/home/tamar/RBE594_ws/install/ur_msgs:/home/tamar/RBE594_ws/install/ur_dashboard_msgs:${AMENT_PREFIX_PATH} CMAKE_PREFIX_PATH=/home/tamar/RBE594_ws/install/ur_controllers:/home/tamar/RBE594_ws/install/ur_msgs:/home/tamar/RBE594_ws/install/ur_description:/home/tamar/RBE594_ws/install/ur_dashboard_msgs:/home/tamar/RBE594_ws/install/ur_client_library:/home/tamar/RBE594_ws/install/moveit_resources:/home/tamar/RBE594_ws/install/moveit_resources_pr2_description:/home/tamar/RBE594_ws/install/moveit_resources_panda_moveit_config:/home/tamar/RBE594_ws/install/moveit_resources_panda_description:/home/tamar/RBE594_ws/install/moveit_resources_fanuc_moveit_config:/home/tamar/RBE594_ws/install/moveit_resources_fanuc_description:/home/tamar/RBE594_ws/install/sirgas_description:/opt/ros/humble LD_LIBRARY_PATH=/home/tamar/RBE594_ws/install/ur_controllers/lib:/home/tamar/RBE594_ws/install/ur_msgs/lib:/home/tamar/RBE594_ws/install/ur_dashboard_msgs/lib:/home/tamar/RBE594_ws/install/ur_client_library/lib:/usr/lib/x86_64-linux-gnu/gazebo-11/plugins:/opt/ros/humble/opt/rviz_ogre_vendor/lib:/opt/ros/humble/lib/x86_64-linux-gnu:/opt/ros/humble/lib:/usr/share/gazebo/../../lib/x86_64-linux-gnu/gazebo-11/plugins:/usr/share/gazebo/../../lib/x86_64-linux-gnu/gazebo-11/plugins:/usr/share/gazebo/../../lib/x86_64-linux-gnu/gazebo-11/plugins PKG_CONFIG_PATH=/home/tamar/RBE594_ws/install/ur_client_library/lib/x86_64-linux-gnu/pkgconfig:/home/tamar/RBE594_ws/install/ur_client_library/lib/pkgconfig PYTHONPATH=/home/tamar/RBE594_ws/install/ur_msgs/local/lib/python3.10/dist-packages:/home/tamar/RBE594_ws/install/ur_dashboard_msgs/local/lib/python3.10/dist-packages:${PYTHONPATH} /home/tamar/.local/bin/cmake /home/tamar/RBE594_ws/src/Universal_Robots_ROS2_Driver/ur_robot_driver -DAMENT_CMAKE_SYMLINK_INSTALL=1 -DCMAKE_INSTALL_PREFIX=/home/tamar/RBE594_ws/install/ur_robot_driver
[0.839s] Invoking command in '/home/tamar/RBE594_ws/build/ur_robot_driver': AMENT_PREFIX_PATH=/home/tamar/RBE594_ws/install/ur_controllers:/home/tamar/RBE594_ws/install/ur_msgs:/home/tamar/RBE594_ws/install/ur_dashboard_msgs:${AMENT_PREFIX_PATH} CMAKE_PREFIX_PATH=/home/tamar/RBE594_ws/install/ur_controllers:/home/tamar/RBE594_ws/install/ur_msgs:/home/tamar/RBE594_ws/install/ur_description:/home/tamar/RBE594_ws/install/ur_dashboard_msgs:/home/tamar/RBE594_ws/install/ur_client_library:/home/tamar/RBE594_ws/install/moveit_resources:/home/tamar/RBE594_ws/install/moveit_resources_pr2_description:/home/tamar/RBE594_ws/install/moveit_resources_panda_moveit_config:/home/tamar/RBE594_ws/install/moveit_resources_panda_description:/home/tamar/RBE594_ws/install/moveit_resources_fanuc_moveit_config:/home/tamar/RBE594_ws/install/moveit_resources_fanuc_description:/home/tamar/RBE594_ws/install/sirgas_description:/opt/ros/humble LD_LIBRARY_PATH=/home/tamar/RBE594_ws/install/ur_controllers/lib:/home/tamar/RBE594_ws/install/ur_msgs/lib:/home/tamar/RBE594_ws/install/ur_dashboard_msgs/lib:/home/tamar/RBE594_ws/install/ur_client_library/lib:/usr/lib/x86_64-linux-gnu/gazebo-11/plugins:/opt/ros/humble/opt/rviz_ogre_vendor/lib:/opt/ros/humble/lib/x86_64-linux-gnu:/opt/ros/humble/lib:/usr/share/gazebo/../../lib/x86_64-linux-gnu/gazebo-11/plugins:/usr/share/gazebo/../../lib/x86_64-linux-gnu/gazebo-11/plugins:/usr/share/gazebo/../../lib/x86_64-linux-gnu/gazebo-11/plugins PKG_CONFIG_PATH=/home/tamar/RBE594_ws/install/ur_client_library/lib/x86_64-linux-gnu/pkgconfig:/home/tamar/RBE594_ws/install/ur_client_library/lib/pkgconfig PYTHONPATH=/home/tamar/RBE594_ws/install/ur_msgs/local/lib/python3.10/dist-packages:/home/tamar/RBE594_ws/install/ur_dashboard_msgs/local/lib/python3.10/dist-packages:${PYTHONPATH} /home/tamar/.local/bin/cmake --build /home/tamar/RBE594_ws/build/ur_robot_driver -- -j32 -l32
[0.894s] [  5%] [32mBuilding CXX object CMakeFiles/ur_ros2_control_node.dir/src/ur_ros2_control_node.cpp.o[0m
[0.894s] [ 15%] [32mBuilding CXX object CMakeFiles/ur_robot_driver_plugin.dir/src/urcl_log_handler.cpp.o[0m
[0.894s] [ 15%] [32mBuilding CXX object CMakeFiles/ur_robot_driver_plugin.dir/src/hardware_interface.cpp.o[0m
[0.895s] [ 20%] [32mBuilding CXX object CMakeFiles/dashboard_client.dir/src/dashboard_client_node.cpp.o[0m
[0.896s] [ 35%] [32mBuilding CXX object CMakeFiles/urscript_interface.dir/src/urscript_interface.cpp.o[0m
[0.896s] [ 35%] [32mBuilding CXX object CMakeFiles/ur_robot_driver_plugin.dir/src/robot_state_helper.cpp.o[0m
[0.896s] [ 35%] [32mBuilding CXX object CMakeFiles/ur_robot_driver_plugin.dir/src/dashboard_client_ros.cpp.o[0m
[0.896s] [ 40%] [32mBuilding CXX object CMakeFiles/dashboard_client.dir/src/dashboard_client_ros.cpp.o[0m
[0.897s] [ 45%] [32mBuilding CXX object CMakeFiles/robot_state_helper.dir/src/robot_state_helper.cpp.o[0m
[0.898s] [ 50%] [0mBuilt target ament_cmake_python_symlink_ur_robot_driver[0m
[0.898s] [ 50%] [32mBuilding CXX object CMakeFiles/controller_stopper_node.dir/src/controller_stopper.cpp.o[0m
[0.899s] [ 55%] [32mBuilding CXX object CMakeFiles/dashboard_client.dir/src/urcl_log_handler.cpp.o[0m
[0.899s] [ 60%] [32mBuilding CXX object CMakeFiles/robot_state_helper.dir/src/robot_state_helper_node.cpp.o[0m
[0.899s] [ 65%] [32mBuilding CXX object CMakeFiles/controller_stopper_node.dir/src/controller_stopper_node.cpp.o[0m
[0.900s] [ 70%] [32mBuilding CXX object CMakeFiles/robot_state_helper.dir/src/urcl_log_handler.cpp.o[0m
[1.032s] running egg_info
[1.033s] creating ur_robot_driver.egg-info
[1.033s] writing ur_robot_driver.egg-info/PKG-INFO
[1.033s] writing dependency_links to ur_robot_driver.egg-info/dependency_links.txt
[1.033s] writing top-level names to ur_robot_driver.egg-info/top_level.txt
[1.033s] writing manifest file 'ur_robot_driver.egg-info/SOURCES.txt'
[1.034s] reading manifest file 'ur_robot_driver.egg-info/SOURCES.txt'
[1.034s] writing manifest file 'ur_robot_driver.egg-info/SOURCES.txt'
[1.045s] [ 70%] [0mBuilt target ament_cmake_python_build_ur_robot_driver_egg[0m
[3.201s] [ 75%] [1m[32mLinking CXX executable ur_ros2_control_node[0m
[3.289s] [ 75%] [0mBuilt target ur_ros2_control_node[0m
[8.483s] [ 80%] [1m[32mLinking CXX executable urscript_interface[0m
[8.637s] [ 80%] [0mBuilt target urscript_interface[0m
[8.934s] [ 85%] [1m[32mLinking CXX executable controller_stopper_node[0m
[9.103s] [ 85%] [0mBuilt target controller_stopper_node[0m
[11.366s] [ 90%] [1m[32mLinking CXX executable dashboard_client[0m
[11.549s] [ 90%] [0mBuilt target dashboard_client[0m
[14.083s] [ 95%] [1m[32mLinking CXX executable robot_state_helper[0m
[14.334s] [ 95%] [0mBuilt target robot_state_helper[0m
[14.575s] [100%] [1m[32mLinking CXX shared library libur_robot_driver_plugin.so[0m
[14.949s] [100%] [0mBuilt target ur_robot_driver_plugin[0m
[14.952s] Invoked command in '/home/tamar/RBE594_ws/build/ur_robot_driver' returned '0': AMENT_PREFIX_PATH=/home/tamar/RBE594_ws/install/ur_controllers:/home/tamar/RBE594_ws/install/ur_msgs:/home/tamar/RBE594_ws/install/ur_dashboard_msgs:${AMENT_PREFIX_PATH} CMAKE_PREFIX_PATH=/home/tamar/RBE594_ws/install/ur_controllers:/home/tamar/RBE594_ws/install/ur_msgs:/home/tamar/RBE594_ws/install/ur_description:/home/tamar/RBE594_ws/install/ur_dashboard_msgs:/home/tamar/RBE594_ws/install/ur_client_library:/home/tamar/RBE594_ws/install/moveit_resources:/home/tamar/RBE594_ws/install/moveit_resources_pr2_description:/home/tamar/RBE594_ws/install/moveit_resources_panda_moveit_config:/home/tamar/RBE594_ws/install/moveit_resources_panda_description:/home/tamar/RBE594_ws/install/moveit_resources_fanuc_moveit_config:/home/tamar/RBE594_ws/install/moveit_resources_fanuc_description:/home/tamar/RBE594_ws/install/sirgas_description:/opt/ros/humble LD_LIBRARY_PATH=/home/tamar/RBE594_ws/install/ur_controllers/lib:/home/tamar/RBE594_ws/install/ur_msgs/lib:/home/tamar/RBE594_ws/install/ur_dashboard_msgs/lib:/home/tamar/RBE594_ws/install/ur_client_library/lib:/usr/lib/x86_64-linux-gnu/gazebo-11/plugins:/opt/ros/humble/opt/rviz_ogre_vendor/lib:/opt/ros/humble/lib/x86_64-linux-gnu:/opt/ros/humble/lib:/usr/share/gazebo/../../lib/x86_64-linux-gnu/gazebo-11/plugins:/usr/share/gazebo/../../lib/x86_64-linux-gnu/gazebo-11/plugins:/usr/share/gazebo/../../lib/x86_64-linux-gnu/gazebo-11/plugins PKG_CONFIG_PATH=/home/tamar/RBE594_ws/install/ur_client_library/lib/x86_64-linux-gnu/pkgconfig:/home/tamar/RBE594_ws/install/ur_client_library/lib/pkgconfig PYTHONPATH=/home/tamar/RBE594_ws/install/ur_msgs/local/lib/python3.10/dist-packages:/home/tamar/RBE594_ws/install/ur_dashboard_msgs/local/lib/python3.10/dist-packages:${PYTHONPATH} /home/tamar/.local/bin/cmake --build /home/tamar/RBE594_ws/build/ur_robot_driver -- -j32 -l32
[14.954s] Invoking command in '/home/tamar/RBE594_ws/build/ur_robot_driver': AMENT_PREFIX_PATH=/home/tamar/RBE594_ws/install/ur_controllers:/home/tamar/RBE594_ws/install/ur_msgs:/home/tamar/RBE594_ws/install/ur_dashboard_msgs:${AMENT_PREFIX_PATH} CMAKE_PREFIX_PATH=/home/tamar/RBE594_ws/install/ur_controllers:/home/tamar/RBE594_ws/install/ur_msgs:/home/tamar/RBE594_ws/install/ur_description:/home/tamar/RBE594_ws/install/ur_dashboard_msgs:/home/tamar/RBE594_ws/install/ur_client_library:/home/tamar/RBE594_ws/install/moveit_resources:/home/tamar/RBE594_ws/install/moveit_resources_pr2_description:/home/tamar/RBE594_ws/install/moveit_resources_panda_moveit_config:/home/tamar/RBE594_ws/install/moveit_resources_panda_description:/home/tamar/RBE594_ws/install/moveit_resources_fanuc_moveit_config:/home/tamar/RBE594_ws/install/moveit_resources_fanuc_description:/home/tamar/RBE594_ws/install/sirgas_description:/opt/ros/humble LD_LIBRARY_PATH=/home/tamar/RBE594_ws/install/ur_controllers/lib:/home/tamar/RBE594_ws/install/ur_msgs/lib:/home/tamar/RBE594_ws/install/ur_dashboard_msgs/lib:/home/tamar/RBE594_ws/install/ur_client_library/lib:/usr/lib/x86_64-linux-gnu/gazebo-11/plugins:/opt/ros/humble/opt/rviz_ogre_vendor/lib:/opt/ros/humble/lib/x86_64-linux-gnu:/opt/ros/humble/lib:/usr/share/gazebo/../../lib/x86_64-linux-gnu/gazebo-11/plugins:/usr/share/gazebo/../../lib/x86_64-linux-gnu/gazebo-11/plugins:/usr/share/gazebo/../../lib/x86_64-linux-gnu/gazebo-11/plugins PKG_CONFIG_PATH=/home/tamar/RBE594_ws/install/ur_client_library/lib/x86_64-linux-gnu/pkgconfig:/home/tamar/RBE594_ws/install/ur_client_library/lib/pkgconfig PYTHONPATH=/home/tamar/RBE594_ws/install/ur_msgs/local/lib/python3.10/dist-packages:/home/tamar/RBE594_ws/install/ur_dashboard_msgs/local/lib/python3.10/dist-packages:${PYTHONPATH} /home/tamar/.local/bin/cmake --install /home/tamar/RBE594_ws/build/ur_robot_driver
[14.990s] -- Install configuration: "RelWithDebInfo"
[14.990s] -- Execute custom install script
[14.990s] -- Symlinking: /home/tamar/RBE594_ws/install/ur_robot_driver/share/ur_robot_driver//hardware_interface_plugin.xml
[14.992s] -- Symlinking: /home/tamar/RBE594_ws/install/ur_robot_driver/lib/ur_robot_driver/dashboard_client
[14.994s] -- Symlinking: /home/tamar/RBE594_ws/install/ur_robot_driver/lib/ur_robot_driver/ur_ros2_control_node
[14.996s] -- Symlinking: /home/tamar/RBE594_ws/install/ur_robot_driver/lib/ur_robot_driver/controller_stopper_node
[14.998s] -- Symlinking: /home/tamar/RBE594_ws/install/ur_robot_driver/lib/ur_robot_driver/urscript_interface
[14.999s] -- Symlinking: /home/tamar/RBE594_ws/install/ur_robot_driver/lib/ur_robot_driver/robot_state_helper
[15.001s] -- Symlinking: /home/tamar/RBE594_ws/install/ur_robot_driver/lib/libur_robot_driver_plugin.so
[15.003s] -- Symlinking: /home/tamar/RBE594_ws/install/ur_robot_driver/include/ur_robot_driver/controller_stopper.hpp
[15.005s] -- Symlinking: /home/tamar/RBE594_ws/install/ur_robot_driver/include/ur_robot_driver/dashboard_client_ros.hpp
[15.007s] -- Symlinking: /home/tamar/RBE594_ws/install/ur_robot_driver/include/ur_robot_driver/hardware_interface.hpp
[15.010s] -- Symlinking: /home/tamar/RBE594_ws/install/ur_robot_driver/include/ur_robot_driver/robot_state_helper.hpp
[15.013s] -- Symlinking: /home/tamar/RBE594_ws/install/ur_robot_driver/include/ur_robot_driver/urcl_log_handler.hpp
[15.017s] -- Symlinking: /home/tamar/RBE594_ws/install/ur_robot_driver/share/ur_robot_driver/environment/library_path.sh
[15.022s] -- Symlinking: /home/tamar/RBE594_ws/install/ur_robot_driver/share/ur_robot_driver/environment/library_path.dsv
[15.029s] -- Up-to-date symlink: /home/tamar/RBE594_ws/install/ur_robot_driver/include/ur_robot_driver/controller_stopper.hpp
[15.029s] -- Up-to-date symlink: /home/tamar/RBE594_ws/install/ur_robot_driver/include/ur_robot_driver/dashboard_client_ros.hpp
[15.029s] -- Up-to-date symlink: /home/tamar/RBE594_ws/install/ur_robot_driver/include/ur_robot_driver/hardware_interface.hpp
[15.029s] -- Up-to-date symlink: /home/tamar/RBE594_ws/install/ur_robot_driver/include/ur_robot_driver/robot_state_helper.hpp
[15.029s] -- Up-to-date symlink: /home/tamar/RBE594_ws/install/ur_robot_driver/include/ur_robot_driver/urcl_log_handler.hpp
[15.029s] -- Symlinking: /home/tamar/RBE594_ws/install/ur_robot_driver/share/ur_robot_driver/environment/pythonpath.sh
[15.034s] -- Symlinking: /home/tamar/RBE594_ws/install/ur_robot_driver/share/ur_robot_driver/environment/pythonpath.dsv
[15.040s] -- Symlinking: /home/tamar/RBE594_ws/install/ur_robot_driver/local/lib/python3.10/dist-packages/ur_robot_driver-2.8.1-py3.10.egg-info/PKG-INFO
[15.045s] -- Symlinking: /home/tamar/RBE594_ws/install/ur_robot_driver/local/lib/python3.10/dist-packages/ur_robot_driver-2.8.1-py3.10.egg-info/SOURCES.txt
[15.051s] -- Symlinking: /home/tamar/RBE594_ws/install/ur_robot_driver/local/lib/python3.10/dist-packages/ur_robot_driver-2.8.1-py3.10.egg-info/dependency_links.txt
[15.058s] -- Symlinking: /home/tamar/RBE594_ws/install/ur_robot_driver/local/lib/python3.10/dist-packages/ur_robot_driver-2.8.1-py3.10.egg-info/top_level.txt
[15.067s] -- Symlinking: /home/tamar/RBE594_ws/install/ur_robot_driver/local/lib/python3.10/dist-packages/ur_robot_driver/__init__.py
[15.073s] -- Symlinking: /home/tamar/RBE594_ws/install/ur_robot_driver/lib/ur_robot_driver/tool_communication.py
[15.080s] -- Symlinking: /home/tamar/RBE594_ws/install/ur_robot_driver/lib/ur_robot_driver/example_move.py
[15.088s] -- Symlinking: /home/tamar/RBE594_ws/install/ur_robot_driver/lib/ur_robot_driver/start_ursim.sh
[15.095s] -- Symlinking: /home/tamar/RBE594_ws/install/ur_robot_driver/lib/ur_robot_driver/examples.py
[15.102s] -- Symlinking: /home/tamar/RBE594_ws/install/ur_robot_driver/lib/ur_robot_driver/force_mode.py
[15.111s] -- Symlinking: /home/tamar/RBE594_ws/install/ur_robot_driver/bin/wait_dashboard_server.sh
[15.120s] -- Up-to-date symlink: /home/tamar/RBE594_ws/install/ur_robot_driver/lib/ur_robot_driver/start_ursim.sh
[15.120s] -- Symlinking: /home/tamar/RBE594_ws/install/ur_robot_driver/share/ur_robot_driver/config/test_goal_publishers_config.yaml
[15.127s] -- Symlinking: /home/tamar/RBE594_ws/install/ur_robot_driver/share/ur_robot_driver/config/test_velocity_goal_publishers_config.yaml
[15.136s] -- Symlinking: /home/tamar/RBE594_ws/install/ur_robot_driver/share/ur_robot_driver/config/ur10_update_rate.yaml
[15.141s] -- Symlinking: /home/tamar/RBE594_ws/install/ur_robot_driver/share/ur_robot_driver/config/ur10e_update_rate.yaml
[15.148s] -- Symlinking: /home/tamar/RBE594_ws/install/ur_robot_driver/share/ur_robot_driver/config/ur15_update_rate.yaml
[15.154s] -- Symlinking: /home/tamar/RBE594_ws/install/ur_robot_driver/share/ur_robot_driver/config/ur16e_update_rate.yaml
[15.163s] -- Symlinking: /home/tamar/RBE594_ws/install/ur_robot_driver/share/ur_robot_driver/config/ur20_update_rate.yaml
[15.170s] -- Symlinking: /home/tamar/RBE594_ws/install/ur_robot_driver/share/ur_robot_driver/config/ur30_update_rate.yaml
[15.177s] -- Symlinking: /home/tamar/RBE594_ws/install/ur_robot_driver/share/ur_robot_driver/config/ur3_update_rate.yaml
[15.185s] -- Symlinking: /home/tamar/RBE594_ws/install/ur_robot_driver/share/ur_robot_driver/config/ur3e_update_rate.yaml
[15.193s] -- Symlinking: /home/tamar/RBE594_ws/install/ur_robot_driver/share/ur_robot_driver/config/ur5_update_rate.yaml
[15.201s] -- Symlinking: /home/tamar/RBE594_ws/install/ur_robot_driver/share/ur_robot_driver/config/ur5e_update_rate.yaml
[15.207s] -- Symlinking: /home/tamar/RBE594_ws/install/ur_robot_driver/share/ur_robot_driver/config/ur_controllers.yaml
[15.216s] -- Symlinking: /home/tamar/RBE594_ws/install/ur_robot_driver/share/ur_robot_driver/launch/test_forward_velocity_controller.launch.py
[15.224s] -- Symlinking: /home/tamar/RBE594_ws/install/ur_robot_driver/share/ur_robot_driver/launch/test_joint_trajectory_controller.launch.py
[15.231s] -- Symlinking: /home/tamar/RBE594_ws/install/ur_robot_driver/share/ur_robot_driver/launch/test_scaled_joint_trajectory_controller.launch.py
[15.239s] -- Symlinking: /home/tamar/RBE594_ws/install/ur_robot_driver/share/ur_robot_driver/launch/ur10.launch.py
[15.247s] -- Symlinking: /home/tamar/RBE594_ws/install/ur_robot_driver/share/ur_robot_driver/launch/ur10e.launch.py
[15.255s] -- Symlinking: /home/tamar/RBE594_ws/install/ur_robot_driver/share/ur_robot_driver/launch/ur12e.launch.py
[15.256s] -- Symlinking: /home/tamar/RBE594_ws/install/ur_robot_driver/share/ur_robot_driver/launch/ur15.launch.py
[15.262s] -- Symlinking: /home/tamar/RBE594_ws/install/ur_robot_driver/share/ur_robot_driver/launch/ur16e.launch.py
[15.269s] -- Symlinking: /home/tamar/RBE594_ws/install/ur_robot_driver/share/ur_robot_driver/launch/ur20.launch.py
[15.277s] -- Symlinking: /home/tamar/RBE594_ws/install/ur_robot_driver/share/ur_robot_driver/launch/ur3.launch.py
[15.283s] -- Symlinking: /home/tamar/RBE594_ws/install/ur_robot_driver/share/ur_robot_driver/launch/ur30.launch.py
[15.290s] -- Symlinking: /home/tamar/RBE594_ws/install/ur_robot_driver/share/ur_robot_driver/launch/ur3e.launch.py
[15.298s] -- Symlinking: /home/tamar/RBE594_ws/install/ur_robot_driver/share/ur_robot_driver/launch/ur5.launch.py
[15.304s] -- Symlinking: /home/tamar/RBE594_ws/install/ur_robot_driver/share/ur_robot_driver/launch/ur5e.launch.py
[15.311s] -- Symlinking: /home/tamar/RBE594_ws/install/ur_robot_driver/share/ur_robot_driver/launch/ur7e.launch.py
[15.320s] -- Symlinking: /home/tamar/RBE594_ws/install/ur_robot_driver/share/ur_robot_driver/launch/ur_control.launch.py
[15.328s] -- Symlinking: /home/tamar/RBE594_ws/install/ur_robot_driver/share/ur_robot_driver/launch/ur_dashboard_client.launch.py
[15.335s] -- Symlinking: /home/tamar/RBE594_ws/install/ur_robot_driver/share/ament_index/resource_index/package_run_dependencies/ur_robot_driver
[15.341s] -- Symlinking: /home/tamar/RBE594_ws/install/ur_robot_driver/share/ament_index/resource_index/parent_prefix_path/ur_robot_driver
[15.343s] -- Symlinking: /home/tamar/RBE594_ws/install/ur_robot_driver/share/ur_robot_driver/environment/ament_prefix_path.sh
[15.350s] -- Symlinking: /home/tamar/RBE594_ws/install/ur_robot_driver/share/ur_robot_driver/environment/ament_prefix_path.dsv
[15.355s] -- Symlinking: /home/tamar/RBE594_ws/install/ur_robot_driver/share/ur_robot_driver/environment/path.sh
[15.363s] -- Symlinking: /home/tamar/RBE594_ws/install/ur_robot_driver/share/ur_robot_driver/environment/path.dsv
[15.369s] -- Symlinking: /home/tamar/RBE594_ws/install/ur_robot_driver/share/ur_robot_driver/local_setup.bash
[15.376s] -- Symlinking: /home/tamar/RBE594_ws/install/ur_robot_driver/share/ur_robot_driver/local_setup.sh
[15.385s] -- Symlinking: /home/tamar/RBE594_ws/install/ur_robot_driver/share/ur_robot_driver/local_setup.zsh
[15.393s] -- Symlinking: /home/tamar/RBE594_ws/install/ur_robot_driver/share/ur_robot_driver/local_setup.dsv
[15.401s] -- Symlinking: /home/tamar/RBE594_ws/install/ur_robot_driver/share/ur_robot_driver/package.dsv
[15.408s] -- Symlinking: /home/tamar/RBE594_ws/install/ur_robot_driver/share/ament_index/resource_index/packages/ur_robot_driver
[15.417s] -- Symlinking: /home/tamar/RBE594_ws/install/ur_robot_driver/share/ament_index/resource_index/hardware_interface__pluginlib__plugin/ur_robot_driver
[15.424s] -- Symlinking: /home/tamar/RBE594_ws/install/ur_robot_driver/share/ur_robot_driver/cmake/ament_cmake_export_include_directories-extras.cmake
[15.431s] -- Symlinking: /home/tamar/RBE594_ws/install/ur_robot_driver/share/ur_robot_driver/cmake/ament_cmake_export_libraries-extras.cmake
[15.435s] -- Symlinking: /home/tamar/RBE594_ws/install/ur_robot_driver/share/ur_robot_driver/cmake/ament_cmake_export_dependencies-extras.cmake
[15.441s] -- Symlinking: /home/tamar/RBE594_ws/install/ur_robot_driver/share/ur_robot_driver/cmake/ur_robot_driverConfig.cmake
[15.449s] -- Symlinking: /home/tamar/RBE594_ws/install/ur_robot_driver/share/ur_robot_driver/cmake/ur_robot_driverConfig-version.cmake
[15.458s] -- Symlinking: /home/tamar/RBE594_ws/install/ur_robot_driver/share/ur_robot_driver/package.xml
[15.465s] -- Installing: /home/tamar/RBE594_ws/install/ur_robot_driver/share/ur_robot_driver/resources
[15.465s] -- Installing: /home/tamar/RBE594_ws/install/ur_robot_driver/share/ur_robot_driver/resources/rtde_output_recipe.txt
[15.465s] -- Installing: /home/tamar/RBE594_ws/install/ur_robot_driver/share/ur_robot_driver/resources/rtde_input_recipe.txt
[15.465s] -- Installing: /home/tamar/RBE594_ws/install/ur_robot_driver/share/ur_robot_driver/resources/ros_control.urscript
[15.465s] -- Installing: /home/tamar/RBE594_ws/install/ur_robot_driver/share/ur_robot_driver/resources/externalcontrol-1.0.5.urcap
[15.465s] -- Installing: /home/tamar/RBE594_ws/install/ur_robot_driver/share/ur_robot_driver/resources/rs485-1.0.urcap
[15.500s] Listing '/home/tamar/RBE594_ws/install/ur_robot_driver/local/lib/python3.10/dist-packages/ur_robot_driver'...
[15.500s] Compiling '/home/tamar/RBE594_ws/install/ur_robot_driver/local/lib/python3.10/dist-packages/ur_robot_driver/__init__.py'...
[15.503s] Invoked command in '/home/tamar/RBE594_ws/build/ur_robot_driver' returned '0': AMENT_PREFIX_PATH=/home/tamar/RBE594_ws/install/ur_controllers:/home/tamar/RBE594_ws/install/ur_msgs:/home/tamar/RBE594_ws/install/ur_dashboard_msgs:${AMENT_PREFIX_PATH} CMAKE_PREFIX_PATH=/home/tamar/RBE594_ws/install/ur_controllers:/home/tamar/RBE594_ws/install/ur_msgs:/home/tamar/RBE594_ws/install/ur_description:/home/tamar/RBE594_ws/install/ur_dashboard_msgs:/home/tamar/RBE594_ws/install/ur_client_library:/home/tamar/RBE594_ws/install/moveit_resources:/home/tamar/RBE594_ws/install/moveit_resources_pr2_description:/home/tamar/RBE594_ws/install/moveit_resources_panda_moveit_config:/home/tamar/RBE594_ws/install/moveit_resources_panda_description:/home/tamar/RBE594_ws/install/moveit_resources_fanuc_moveit_config:/home/tamar/RBE594_ws/install/moveit_resources_fanuc_description:/home/tamar/RBE594_ws/install/sirgas_description:/opt/ros/humble LD_LIBRARY_PATH=/home/tamar/RBE594_ws/install/ur_controllers/lib:/home/tamar/RBE594_ws/install/ur_msgs/lib:/home/tamar/RBE594_ws/install/ur_dashboard_msgs/lib:/home/tamar/RBE594_ws/install/ur_client_library/lib:/usr/lib/x86_64-linux-gnu/gazebo-11/plugins:/opt/ros/humble/opt/rviz_ogre_vendor/lib:/opt/ros/humble/lib/x86_64-linux-gnu:/opt/ros/humble/lib:/usr/share/gazebo/../../lib/x86_64-linux-gnu/gazebo-11/plugins:/usr/share/gazebo/../../lib/x86_64-linux-gnu/gazebo-11/plugins:/usr/share/gazebo/../../lib/x86_64-linux-gnu/gazebo-11/plugins PKG_CONFIG_PATH=/home/tamar/RBE594_ws/install/ur_client_library/lib/x86_64-linux-gnu/pkgconfig:/home/tamar/RBE594_ws/install/ur_client_library/lib/pkgconfig PYTHONPATH=/home/tamar/RBE594_ws/install/ur_msgs/local/lib/python3.10/dist-packages:/home/tamar/RBE594_ws/install/ur_dashboard_msgs/local/lib/python3.10/dist-packages:${PYTHONPATH} /home/tamar/.local/bin/cmake --install /home/tamar/RBE594_ws/build/ur_robot_driver
