[0.033s] Invoking command in '/home/tamar/ws_moveit/build/moveit_py': AMENT_PREFIX_PATH=/home/tamar/ws_moveit/install/moveit_ros_planning_interface:/home/tamar/ws_moveit/install/moveit_ros_move_group:/home/tamar/ws_moveit/install/moveit_ros_warehouse:/home/tamar/ws_moveit/install/moveit_kinematics:/home/tamar/ws_moveit/install/moveit_ros_planning:/home/tamar/ws_moveit/install/moveit_simple_controller_manager:/home/tamar/ws_moveit/install/moveit_ros_occupancy_map_monitor:/home/tamar/ws_moveit/install/moveit_resources_fanuc_moveit_config:/home/tamar/ws_moveit/install/moveit_core:/home/tamar/ws_moveit/install/moveit_resources_pr2_description:/home/tamar/ws_moveit/install/moveit_resources_panda_description:/home/tamar/ws_moveit/install/moveit_resources_fanuc_description:/home/tamar/ws_moveit/install/moveit_msgs:/home/tamar/ws_moveit/install/moveit_configs_utils:/home/tamar/ws_moveit/install/moveit_common:${AMENT_PREFIX_PATH} CMAKE_PREFIX_PATH=/home/tamar/ws_moveit/install/moveit_ros_planning_interface:/home/tamar/ws_moveit/install/moveit_ros_move_group:/home/tamar/ws_moveit/install/moveit_ros_warehouse:/home/tamar/ws_moveit/install/moveit_kinematics:/home/tamar/ws_moveit/install/moveit_ros_planning:/home/tamar/ws_moveit/install/moveit_simple_controller_manager:/home/tamar/ws_moveit/install/moveit_ros_occupancy_map_monitor:/home/tamar/ws_moveit/install/moveit_resources_fanuc_moveit_config:/home/tamar/ws_moveit/install/moveit_core:/home/tamar/ws_moveit/install/moveit_resources_pr2_description:/home/tamar/ws_moveit/install/moveit_resources_panda_description:/home/tamar/ws_moveit/install/moveit_resources_fanuc_description:/home/tamar/ws_moveit/install/moveit_msgs:/home/tamar/ws_moveit/install/moveit_common:/opt/ros/jazzy/opt/gz_sim_vendor:/opt/ros/jazzy/opt/gz_sensors_vendor:/opt/ros/jazzy/opt/gz_physics_vendor:/opt/ros/jazzy/opt/sdformat_vendor:/opt/ros/jazzy/opt/gz_gui_vendor:/opt/ros/jazzy/opt/gz_transport_vendor:/opt/ros/jazzy/opt/gz_rendering_vendor:/opt/ros/jazzy/opt/gz_plugin_vendor:/opt/ros/jazzy/opt/gz_fuel_tools_vendor:/opt/ros/jazzy/opt/gz_msgs_vendor:/opt/ros/jazzy/opt/gz_common_vendor:/opt/ros/jazzy/opt/gz_math_vendor:/opt/ros/jazzy/opt/gz_utils_vendor:/opt/ros/jazzy/opt/gz_tools_vendor:/opt/ros/jazzy/opt/gz_ogre_next_vendor:/opt/ros/jazzy/opt/gz_dartsim_vendor:/opt/ros/jazzy/opt/gz_cmake_vendor:/opt/ros/jazzy LD_LIBRARY_PATH=/home/tamar/ws_moveit/install/moveit_ros_planning_interface/lib:/home/tamar/ws_moveit/install/moveit_ros_move_group/lib:/home/tamar/ws_moveit/install/moveit_ros_warehouse/lib:/home/tamar/ws_moveit/install/moveit_kinematics/lib:/home/tamar/ws_moveit/install/moveit_ros_planning/lib:/home/tamar/ws_moveit/install/moveit_simple_controller_manager/lib:/home/tamar/ws_moveit/install/moveit_ros_occupancy_map_monitor/lib:/home/tamar/ws_moveit/install/moveit_core/lib:/home/tamar/ws_moveit/install/moveit_msgs/lib:${LD_LIBRARY_PATH} PATH=/home/tamar/ws_moveit/install/moveit_core/bin:${PATH} PYTHONPATH=/home/tamar/ws_moveit/install/moveit_msgs/lib/python3.12/site-packages:/home/tamar/ws_moveit/install/moveit_configs_utils/lib/python3.12/site-packages:${PYTHONPATH} /usr/bin/cmake /home/tamar/ws_moveit/src/moveit2/moveit_py -DCMAKE_BUILD_TYPE=Release -DCMAKE_INSTALL_PREFIX=/home/tamar/ws_moveit/install/moveit_py
[0.086s] -- The C compiler identification is GNU 13.3.0
[0.139s] -- The CXX compiler identification is GNU 13.3.0
[0.155s] -- Detecting C compiler ABI info
[0.247s] -- Detecting C compiler ABI info - done
[0.256s] -- Check for working C compiler: /usr/bin/cc - skipped
[0.257s] -- Detecting C compile features
[0.257s] -- Detecting C compile features - done
[0.266s] -- Detecting CXX compiler ABI info
[0.350s] -- Detecting CXX compiler ABI info - done
[0.360s] -- Check for working CXX compiler: /usr/bin/c++ - skipped
[0.360s] -- Detecting CXX compile features
[0.361s] -- Detecting CXX compile features - done
[0.373s] -- Found ament_cmake: 2.5.4 (/opt/ros/jazzy/share/ament_cmake/cmake)
[0.562s] -- Found Python3: /usr/bin/python3 (found version "3.12.3") found components: Interpreter 
[0.743s] -- Found rclcpp: 28.1.12 (/opt/ros/jazzy/share/rclcpp/cmake)
[0.845s] -- Found rosidl_generator_c: 4.6.6 (/opt/ros/jazzy/share/rosidl_generator_c/cmake)
[0.884s] -- Found rosidl_generator_cpp: 4.6.6 (/opt/ros/jazzy/share/rosidl_generator_cpp/cmake)
[0.924s] -- Using all available rosidl_typesupport_c: rosidl_typesupport_fastrtps_c;rosidl_typesupport_introspection_c
[0.968s] -- Using all available rosidl_typesupport_cpp: rosidl_typesupport_fastrtps_cpp;rosidl_typesupport_introspection_cpp
[1.136s] -- Found rmw_implementation_cmake: 7.3.2 (/opt/ros/jazzy/share/rmw_implementation_cmake/cmake)
[1.148s] -- Found rmw_cyclonedds_cpp: 2.2.3 (/opt/ros/jazzy/share/rmw_cyclonedds_cpp/cmake)
[1.218s] -- Using RMW implementation 'rmw_cyclonedds_cpp' as default
[1.336s] -- Found rclpy: 7.1.5 (/opt/ros/jazzy/share/rclpy/cmake)
[1.342s] -- Found geometry_msgs: 5.3.6 (/opt/ros/jazzy/share/geometry_msgs/cmake)
[1.367s] -- Found moveit_ros_planning: 2.12.3 (/home/tamar/ws_moveit/install/moveit_ros_planning/share/moveit_ros_planning/cmake)
[1.507s] -- Found Boost: /usr/lib/x86_64-linux-gnu/cmake/Boost-1.83.0/BoostConfig.cmake (found version "1.83.0") found components: system filesystem date_time program_options thread chrono 
[1.539s] -- Found parameter_traits: 0.5.0 (/opt/ros/jazzy/share/parameter_traits/cmake)
[1.565s] -- Found rclcpp_lifecycle: 28.1.12 (/opt/ros/jazzy/share/rclcpp_lifecycle/cmake)
[1.626s] -- Found Boost: /usr/lib/x86_64-linux-gnu/cmake/Boost-1.83.0/BoostConfig.cmake (found version "1.83.0") found components: chrono date_time filesystem iostreams program_options regex serialization system thread 
[1.703s] -- Found Boost: /usr/lib/x86_64-linux-gnu/cmake/Boost-1.83.0/BoostConfig.cmake (found version "1.83.0") found components: filesystem 
[1.819s] -- Found Eigen3: TRUE (found version "3.4.0") 
[1.819s] -- Ensuring Eigen3 include directory is part of orocos-kdl CMake target
[2.059s] -- Found TinyXML2 via Config file: /usr/lib/x86_64-linux-gnu/cmake/tinyxml2
[2.361s] -- Found moveit_ros_planning_interface: 2.12.3 (/home/tamar/ws_moveit/install/moveit_ros_planning_interface/share/moveit_ros_planning_interface/cmake)
[2.365s] -- Found Boost: /usr/lib/x86_64-linux-gnu/cmake/Boost-1.83.0/BoostConfig.cmake (found version "1.83.0") found components: date_time filesystem program_options system thread 
[2.383s] -- Found Boost: /usr/lib/x86_64-linux-gnu/cmake/Boost-1.83.0/BoostConfig.cmake (found version "1.83.0") found components: thread system filesystem regex date_time program_options 
[2.480s] -- Found Boost: /usr/lib/x86_64-linux-gnu/cmake/Boost-1.83.0/BoostConfig.cmake (found version "1.83.0") found components: system filesystem date_time program_options thread 
[2.752s] -- Found Python3: /usr/bin/python3 (found version "3.12.3") found components: Interpreter Development Development.Module Development.Embed 
[2.763s] -- Found pybind11_vendor: 3.1.3 (/opt/ros/jazzy/share/pybind11_vendor/cmake)
[2.814s] -- Performing Test HAS_FLTO
[2.921s] -- Performing Test HAS_FLTO - Success
[2.921s] -- Found pybind11: /usr/include (found version "2.11.1")
[3.037s] -- Found ament_cmake_pytest: 2.5.4 (/opt/ros/jazzy/share/ament_cmake_pytest/cmake)
[3.728s] -- Configuring done (3.7s)
[3.797s] -- Generating done (0.0s)
[3.808s] -- Build files have been written to: /home/tamar/ws_moveit/build/moveit_py
[3.826s] Invoked command in '/home/tamar/ws_moveit/build/moveit_py' returned '0': AMENT_PREFIX_PATH=/home/tamar/ws_moveit/install/moveit_ros_planning_interface:/home/tamar/ws_moveit/install/moveit_ros_move_group:/home/tamar/ws_moveit/install/moveit_ros_warehouse:/home/tamar/ws_moveit/install/moveit_kinematics:/home/tamar/ws_moveit/install/moveit_ros_planning:/home/tamar/ws_moveit/install/moveit_simple_controller_manager:/home/tamar/ws_moveit/install/moveit_ros_occupancy_map_monitor:/home/tamar/ws_moveit/install/moveit_resources_fanuc_moveit_config:/home/tamar/ws_moveit/install/moveit_core:/home/tamar/ws_moveit/install/moveit_resources_pr2_description:/home/tamar/ws_moveit/install/moveit_resources_panda_description:/home/tamar/ws_moveit/install/moveit_resources_fanuc_description:/home/tamar/ws_moveit/install/moveit_msgs:/home/tamar/ws_moveit/install/moveit_configs_utils:/home/tamar/ws_moveit/install/moveit_common:${AMENT_PREFIX_PATH} CMAKE_PREFIX_PATH=/home/tamar/ws_moveit/install/moveit_ros_planning_interface:/home/tamar/ws_moveit/install/moveit_ros_move_group:/home/tamar/ws_moveit/install/moveit_ros_warehouse:/home/tamar/ws_moveit/install/moveit_kinematics:/home/tamar/ws_moveit/install/moveit_ros_planning:/home/tamar/ws_moveit/install/moveit_simple_controller_manager:/home/tamar/ws_moveit/install/moveit_ros_occupancy_map_monitor:/home/tamar/ws_moveit/install/moveit_resources_fanuc_moveit_config:/home/tamar/ws_moveit/install/moveit_core:/home/tamar/ws_moveit/install/moveit_resources_pr2_description:/home/tamar/ws_moveit/install/moveit_resources_panda_description:/home/tamar/ws_moveit/install/moveit_resources_fanuc_description:/home/tamar/ws_moveit/install/moveit_msgs:/home/tamar/ws_moveit/install/moveit_common:/opt/ros/jazzy/opt/gz_sim_vendor:/opt/ros/jazzy/opt/gz_sensors_vendor:/opt/ros/jazzy/opt/gz_physics_vendor:/opt/ros/jazzy/opt/sdformat_vendor:/opt/ros/jazzy/opt/gz_gui_vendor:/opt/ros/jazzy/opt/gz_transport_vendor:/opt/ros/jazzy/opt/gz_rendering_vendor:/opt/ros/jazzy/opt/gz_plugin_vendor:/opt/ros/jazzy/opt/gz_fuel_tools_vendor:/opt/ros/jazzy/opt/gz_msgs_vendor:/opt/ros/jazzy/opt/gz_common_vendor:/opt/ros/jazzy/opt/gz_math_vendor:/opt/ros/jazzy/opt/gz_utils_vendor:/opt/ros/jazzy/opt/gz_tools_vendor:/opt/ros/jazzy/opt/gz_ogre_next_vendor:/opt/ros/jazzy/opt/gz_dartsim_vendor:/opt/ros/jazzy/opt/gz_cmake_vendor:/opt/ros/jazzy LD_LIBRARY_PATH=/home/tamar/ws_moveit/install/moveit_ros_planning_interface/lib:/home/tamar/ws_moveit/install/moveit_ros_move_group/lib:/home/tamar/ws_moveit/install/moveit_ros_warehouse/lib:/home/tamar/ws_moveit/install/moveit_kinematics/lib:/home/tamar/ws_moveit/install/moveit_ros_planning/lib:/home/tamar/ws_moveit/install/moveit_simple_controller_manager/lib:/home/tamar/ws_moveit/install/moveit_ros_occupancy_map_monitor/lib:/home/tamar/ws_moveit/install/moveit_core/lib:/home/tamar/ws_moveit/install/moveit_msgs/lib:${LD_LIBRARY_PATH} PATH=/home/tamar/ws_moveit/install/moveit_core/bin:${PATH} PYTHONPATH=/home/tamar/ws_moveit/install/moveit_msgs/lib/python3.12/site-packages:/home/tamar/ws_moveit/install/moveit_configs_utils/lib/python3.12/site-packages:${PYTHONPATH} /usr/bin/cmake /home/tamar/ws_moveit/src/moveit2/moveit_py -DCMAKE_BUILD_TYPE=Release -DCMAKE_INSTALL_PREFIX=/home/tamar/ws_moveit/install/moveit_py
[3.827s] Invoking command in '/home/tamar/ws_moveit/build/moveit_py': AMENT_PREFIX_PATH=/home/tamar/ws_moveit/install/moveit_ros_planning_interface:/home/tamar/ws_moveit/install/moveit_ros_move_group:/home/tamar/ws_moveit/install/moveit_ros_warehouse:/home/tamar/ws_moveit/install/moveit_kinematics:/home/tamar/ws_moveit/install/moveit_ros_planning:/home/tamar/ws_moveit/install/moveit_simple_controller_manager:/home/tamar/ws_moveit/install/moveit_ros_occupancy_map_monitor:/home/tamar/ws_moveit/install/moveit_resources_fanuc_moveit_config:/home/tamar/ws_moveit/install/moveit_core:/home/tamar/ws_moveit/install/moveit_resources_pr2_description:/home/tamar/ws_moveit/install/moveit_resources_panda_description:/home/tamar/ws_moveit/install/moveit_resources_fanuc_description:/home/tamar/ws_moveit/install/moveit_msgs:/home/tamar/ws_moveit/install/moveit_configs_utils:/home/tamar/ws_moveit/install/moveit_common:${AMENT_PREFIX_PATH} CMAKE_PREFIX_PATH=/home/tamar/ws_moveit/install/moveit_ros_planning_interface:/home/tamar/ws_moveit/install/moveit_ros_move_group:/home/tamar/ws_moveit/install/moveit_ros_warehouse:/home/tamar/ws_moveit/install/moveit_kinematics:/home/tamar/ws_moveit/install/moveit_ros_planning:/home/tamar/ws_moveit/install/moveit_simple_controller_manager:/home/tamar/ws_moveit/install/moveit_ros_occupancy_map_monitor:/home/tamar/ws_moveit/install/moveit_resources_fanuc_moveit_config:/home/tamar/ws_moveit/install/moveit_core:/home/tamar/ws_moveit/install/moveit_resources_pr2_description:/home/tamar/ws_moveit/install/moveit_resources_panda_description:/home/tamar/ws_moveit/install/moveit_resources_fanuc_description:/home/tamar/ws_moveit/install/moveit_msgs:/home/tamar/ws_moveit/install/moveit_common:/opt/ros/jazzy/opt/gz_sim_vendor:/opt/ros/jazzy/opt/gz_sensors_vendor:/opt/ros/jazzy/opt/gz_physics_vendor:/opt/ros/jazzy/opt/sdformat_vendor:/opt/ros/jazzy/opt/gz_gui_vendor:/opt/ros/jazzy/opt/gz_transport_vendor:/opt/ros/jazzy/opt/gz_rendering_vendor:/opt/ros/jazzy/opt/gz_plugin_vendor:/opt/ros/jazzy/opt/gz_fuel_tools_vendor:/opt/ros/jazzy/opt/gz_msgs_vendor:/opt/ros/jazzy/opt/gz_common_vendor:/opt/ros/jazzy/opt/gz_math_vendor:/opt/ros/jazzy/opt/gz_utils_vendor:/opt/ros/jazzy/opt/gz_tools_vendor:/opt/ros/jazzy/opt/gz_ogre_next_vendor:/opt/ros/jazzy/opt/gz_dartsim_vendor:/opt/ros/jazzy/opt/gz_cmake_vendor:/opt/ros/jazzy LD_LIBRARY_PATH=/home/tamar/ws_moveit/install/moveit_ros_planning_interface/lib:/home/tamar/ws_moveit/install/moveit_ros_move_group/lib:/home/tamar/ws_moveit/install/moveit_ros_warehouse/lib:/home/tamar/ws_moveit/install/moveit_kinematics/lib:/home/tamar/ws_moveit/install/moveit_ros_planning/lib:/home/tamar/ws_moveit/install/moveit_simple_controller_manager/lib:/home/tamar/ws_moveit/install/moveit_ros_occupancy_map_monitor/lib:/home/tamar/ws_moveit/install/moveit_core/lib:/home/tamar/ws_moveit/install/moveit_msgs/lib:${LD_LIBRARY_PATH} PATH=/home/tamar/ws_moveit/install/moveit_core/bin:${PATH} PYTHONPATH=/home/tamar/ws_moveit/install/moveit_msgs/lib/python3.12/site-packages:/home/tamar/ws_moveit/install/moveit_configs_utils/lib/python3.12/site-packages:${PYTHONPATH} /usr/bin/cmake --build /home/tamar/ws_moveit/build/moveit_py -- -j32 -l32
[3.887s] [  4%] [32mBuilding CXX object src/moveit/moveit_py_utils/CMakeFiles/moveit_py_utils.dir/src/copy_ros_msg.cpp.o[0m
[3.891s] [  8%] [32mBuilding CXX object src/moveit/moveit_py_utils/CMakeFiles/moveit_py_utils.dir/src/ros_msg_typecasters.cpp.o[0m
[3.904s] [  8%] Built target ament_cmake_python_copy_moveit
[4.055s] running egg_info
[4.055s] creating moveit.egg-info
[4.069s] writing moveit.egg-info/PKG-INFO
[4.069s] writing dependency_links to moveit.egg-info/dependency_links.txt
[4.069s] writing top-level names to moveit.egg-info/top_level.txt
[4.069s] writing manifest file 'moveit.egg-info/SOURCES.txt'
[4.111s] reading manifest file 'moveit.egg-info/SOURCES.txt'
[4.111s] writing manifest file 'moveit.egg-info/SOURCES.txt'
[4.129s] [  8%] Built target ament_cmake_python_build_moveit_egg
[7.882s] [ 12%] [32m[1mLinking CXX shared library libmoveit_py_utils.so[0m
[8.387s] [ 12%] Built target moveit_py_utils
[8.416s] [ 25%] [32mBuilding CXX object CMakeFiles/planning.dir/src/moveit/moveit_ros/moveit_cpp/moveit_cpp.cpp.o[0m
[8.416s] [ 25%] [32mBuilding CXX object CMakeFiles/core.dir/src/moveit/moveit_core/collision_detection/collision_common.cpp.o[0m
[8.416s] [ 25%] [32mBuilding CXX object CMakeFiles/planning.dir/src/moveit/planning.cpp.o[0m
[8.417s] [ 29%] [32mBuilding CXX object CMakeFiles/core.dir/src/moveit/moveit_core/transforms/transforms.cpp.o[0m
[8.417s] [ 33%] [32mBuilding CXX object CMakeFiles/core.dir/src/moveit/moveit_core/robot_state/robot_state.cpp.o[0m
[8.417s] [ 37%] [32mBuilding CXX object CMakeFiles/core.dir/src/moveit/moveit_core/kinematic_constraints/utils.cpp.o[0m
[8.417s] [ 41%] [32mBuilding CXX object CMakeFiles/core.dir/src/moveit/moveit_core/robot_trajectory/robot_trajectory.cpp.o[0m
[8.418s] [ 45%] [32mBuilding CXX object CMakeFiles/core.dir/src/moveit/moveit_core/robot_model/joint_model.cpp.o[0m
[8.419s] [ 50%] [32mBuilding CXX object CMakeFiles/core.dir/src/moveit/moveit_core/collision_detection/collision_matrix.cpp.o[0m
[8.420s] [ 54%] [32mBuilding CXX object CMakeFiles/planning.dir/src/moveit/moveit_ros/moveit_cpp/planning_component.cpp.o[0m
[8.420s] [ 58%] [32mBuilding CXX object CMakeFiles/core.dir/src/moveit/moveit_core/robot_model/robot_model.cpp.o[0m
[8.421s] [ 62%] [32mBuilding CXX object CMakeFiles/core.dir/src/moveit/moveit_core/planning_interface/planning_response.cpp.o[0m
[8.421s] [ 70%] [32mBuilding CXX object CMakeFiles/core.dir/src/moveit/moveit_core/collision_detection/world.cpp.o[0m
[8.421s] [ 70%] [32mBuilding CXX object CMakeFiles/core.dir/src/moveit/moveit_core/planning_scene/planning_scene.cpp.o[0m
[8.422s] [ 75%] [32mBuilding CXX object CMakeFiles/core.dir/src/moveit/moveit_core/robot_model/joint_model_group.cpp.o[0m
[8.423s] [ 83%] [32mBuilding CXX object CMakeFiles/planning.dir/src/moveit/moveit_ros/planning_scene_monitor/planning_scene_monitor.cpp.o[0m
[8.424s] [ 83%] [32mBuilding CXX object CMakeFiles/core.dir/src/moveit/core.cpp.o[0m
[8.424s] [ 87%] [32mBuilding CXX object CMakeFiles/planning.dir/src/moveit/moveit_ros/trajectory_execution_manager/trajectory_execution_manager.cpp.o[0m
[8.428s] [ 91%] [32mBuilding CXX object CMakeFiles/core.dir/src/moveit/moveit_core/controller_manager/controller_manager.cpp.o[0m
[21.216s] [ 95%] [32m[1mLinking CXX shared module test_moveit/core.cpython-312-x86_64-linux-gnu.so[0m
[22.153s] [100%] [32m[1mLinking CXX shared module test_moveit/planning.cpython-312-x86_64-linux-gnu.so[0m
[22.413s] [01m[Klto-wrapper:[m[K [01;35m[Kwarning: [m[Kusing serial compilation of 10 LTRANS jobs
[22.413s] [01m[Klto-wrapper:[m[K [01;36m[Knote: [m[Ksee the ‘[01m[K-flto[m[K’ option documentation for more information
[22.815s] [01m[Klto-wrapper:[m[K [01;35m[Kwarning: [m[Kusing serial compilation of 7 LTRANS jobs
[22.815s] [01m[Klto-wrapper:[m[K [01;36m[Knote: [m[Ksee the ‘[01m[K-flto[m[K’ option documentation for more information
[27.621s] [100%] Built target planning
[28.948s] [100%] Built target core
[28.975s] Invoked command in '/home/tamar/ws_moveit/build/moveit_py' returned '0': AMENT_PREFIX_PATH=/home/tamar/ws_moveit/install/moveit_ros_planning_interface:/home/tamar/ws_moveit/install/moveit_ros_move_group:/home/tamar/ws_moveit/install/moveit_ros_warehouse:/home/tamar/ws_moveit/install/moveit_kinematics:/home/tamar/ws_moveit/install/moveit_ros_planning:/home/tamar/ws_moveit/install/moveit_simple_controller_manager:/home/tamar/ws_moveit/install/moveit_ros_occupancy_map_monitor:/home/tamar/ws_moveit/install/moveit_resources_fanuc_moveit_config:/home/tamar/ws_moveit/install/moveit_core:/home/tamar/ws_moveit/install/moveit_resources_pr2_description:/home/tamar/ws_moveit/install/moveit_resources_panda_description:/home/tamar/ws_moveit/install/moveit_resources_fanuc_description:/home/tamar/ws_moveit/install/moveit_msgs:/home/tamar/ws_moveit/install/moveit_configs_utils:/home/tamar/ws_moveit/install/moveit_common:${AMENT_PREFIX_PATH} CMAKE_PREFIX_PATH=/home/tamar/ws_moveit/install/moveit_ros_planning_interface:/home/tamar/ws_moveit/install/moveit_ros_move_group:/home/tamar/ws_moveit/install/moveit_ros_warehouse:/home/tamar/ws_moveit/install/moveit_kinematics:/home/tamar/ws_moveit/install/moveit_ros_planning:/home/tamar/ws_moveit/install/moveit_simple_controller_manager:/home/tamar/ws_moveit/install/moveit_ros_occupancy_map_monitor:/home/tamar/ws_moveit/install/moveit_resources_fanuc_moveit_config:/home/tamar/ws_moveit/install/moveit_core:/home/tamar/ws_moveit/install/moveit_resources_pr2_description:/home/tamar/ws_moveit/install/moveit_resources_panda_description:/home/tamar/ws_moveit/install/moveit_resources_fanuc_description:/home/tamar/ws_moveit/install/moveit_msgs:/home/tamar/ws_moveit/install/moveit_common:/opt/ros/jazzy/opt/gz_sim_vendor:/opt/ros/jazzy/opt/gz_sensors_vendor:/opt/ros/jazzy/opt/gz_physics_vendor:/opt/ros/jazzy/opt/sdformat_vendor:/opt/ros/jazzy/opt/gz_gui_vendor:/opt/ros/jazzy/opt/gz_transport_vendor:/opt/ros/jazzy/opt/gz_rendering_vendor:/opt/ros/jazzy/opt/gz_plugin_vendor:/opt/ros/jazzy/opt/gz_fuel_tools_vendor:/opt/ros/jazzy/opt/gz_msgs_vendor:/opt/ros/jazzy/opt/gz_common_vendor:/opt/ros/jazzy/opt/gz_math_vendor:/opt/ros/jazzy/opt/gz_utils_vendor:/opt/ros/jazzy/opt/gz_tools_vendor:/opt/ros/jazzy/opt/gz_ogre_next_vendor:/opt/ros/jazzy/opt/gz_dartsim_vendor:/opt/ros/jazzy/opt/gz_cmake_vendor:/opt/ros/jazzy LD_LIBRARY_PATH=/home/tamar/ws_moveit/install/moveit_ros_planning_interface/lib:/home/tamar/ws_moveit/install/moveit_ros_move_group/lib:/home/tamar/ws_moveit/install/moveit_ros_warehouse/lib:/home/tamar/ws_moveit/install/moveit_kinematics/lib:/home/tamar/ws_moveit/install/moveit_ros_planning/lib:/home/tamar/ws_moveit/install/moveit_simple_controller_manager/lib:/home/tamar/ws_moveit/install/moveit_ros_occupancy_map_monitor/lib:/home/tamar/ws_moveit/install/moveit_core/lib:/home/tamar/ws_moveit/install/moveit_msgs/lib:${LD_LIBRARY_PATH} PATH=/home/tamar/ws_moveit/install/moveit_core/bin:${PATH} PYTHONPATH=/home/tamar/ws_moveit/install/moveit_msgs/lib/python3.12/site-packages:/home/tamar/ws_moveit/install/moveit_configs_utils/lib/python3.12/site-packages:${PYTHONPATH} /usr/bin/cmake --build /home/tamar/ws_moveit/build/moveit_py -- -j32 -l32
[28.975s] Invoking command in '/home/tamar/ws_moveit/build/moveit_py': AMENT_PREFIX_PATH=/home/tamar/ws_moveit/install/moveit_ros_planning_interface:/home/tamar/ws_moveit/install/moveit_ros_move_group:/home/tamar/ws_moveit/install/moveit_ros_warehouse:/home/tamar/ws_moveit/install/moveit_kinematics:/home/tamar/ws_moveit/install/moveit_ros_planning:/home/tamar/ws_moveit/install/moveit_simple_controller_manager:/home/tamar/ws_moveit/install/moveit_ros_occupancy_map_monitor:/home/tamar/ws_moveit/install/moveit_resources_fanuc_moveit_config:/home/tamar/ws_moveit/install/moveit_core:/home/tamar/ws_moveit/install/moveit_resources_pr2_description:/home/tamar/ws_moveit/install/moveit_resources_panda_description:/home/tamar/ws_moveit/install/moveit_resources_fanuc_description:/home/tamar/ws_moveit/install/moveit_msgs:/home/tamar/ws_moveit/install/moveit_configs_utils:/home/tamar/ws_moveit/install/moveit_common:${AMENT_PREFIX_PATH} CMAKE_PREFIX_PATH=/home/tamar/ws_moveit/install/moveit_ros_planning_interface:/home/tamar/ws_moveit/install/moveit_ros_move_group:/home/tamar/ws_moveit/install/moveit_ros_warehouse:/home/tamar/ws_moveit/install/moveit_kinematics:/home/tamar/ws_moveit/install/moveit_ros_planning:/home/tamar/ws_moveit/install/moveit_simple_controller_manager:/home/tamar/ws_moveit/install/moveit_ros_occupancy_map_monitor:/home/tamar/ws_moveit/install/moveit_resources_fanuc_moveit_config:/home/tamar/ws_moveit/install/moveit_core:/home/tamar/ws_moveit/install/moveit_resources_pr2_description:/home/tamar/ws_moveit/install/moveit_resources_panda_description:/home/tamar/ws_moveit/install/moveit_resources_fanuc_description:/home/tamar/ws_moveit/install/moveit_msgs:/home/tamar/ws_moveit/install/moveit_common:/opt/ros/jazzy/opt/gz_sim_vendor:/opt/ros/jazzy/opt/gz_sensors_vendor:/opt/ros/jazzy/opt/gz_physics_vendor:/opt/ros/jazzy/opt/sdformat_vendor:/opt/ros/jazzy/opt/gz_gui_vendor:/opt/ros/jazzy/opt/gz_transport_vendor:/opt/ros/jazzy/opt/gz_rendering_vendor:/opt/ros/jazzy/opt/gz_plugin_vendor:/opt/ros/jazzy/opt/gz_fuel_tools_vendor:/opt/ros/jazzy/opt/gz_msgs_vendor:/opt/ros/jazzy/opt/gz_common_vendor:/opt/ros/jazzy/opt/gz_math_vendor:/opt/ros/jazzy/opt/gz_utils_vendor:/opt/ros/jazzy/opt/gz_tools_vendor:/opt/ros/jazzy/opt/gz_ogre_next_vendor:/opt/ros/jazzy/opt/gz_dartsim_vendor:/opt/ros/jazzy/opt/gz_cmake_vendor:/opt/ros/jazzy LD_LIBRARY_PATH=/home/tamar/ws_moveit/install/moveit_ros_planning_interface/lib:/home/tamar/ws_moveit/install/moveit_ros_move_group/lib:/home/tamar/ws_moveit/install/moveit_ros_warehouse/lib:/home/tamar/ws_moveit/install/moveit_kinematics/lib:/home/tamar/ws_moveit/install/moveit_ros_planning/lib:/home/tamar/ws_moveit/install/moveit_simple_controller_manager/lib:/home/tamar/ws_moveit/install/moveit_ros_occupancy_map_monitor/lib:/home/tamar/ws_moveit/install/moveit_core/lib:/home/tamar/ws_moveit/install/moveit_msgs/lib:${LD_LIBRARY_PATH} PATH=/home/tamar/ws_moveit/install/moveit_core/bin:${PATH} PYTHONPATH=/home/tamar/ws_moveit/install/moveit_msgs/lib/python3.12/site-packages:/home/tamar/ws_moveit/install/moveit_configs_utils/lib/python3.12/site-packages:${PYTHONPATH} /usr/bin/cmake --install /home/tamar/ws_moveit/build/moveit_py
[29.003s] -- Install configuration: "Release"
[29.003s] -- Installing: /home/tamar/ws_moveit/install/moveit_py/share/moveit_py/environment/pythonpath.sh
[29.004s] -- Installing: /home/tamar/ws_moveit/install/moveit_py/share/moveit_py/environment/pythonpath.dsv
[29.005s] -- Installing: /home/tamar/ws_moveit/install/moveit_py/lib/python3.12/site-packages/moveit-2.12.3-py3.12.egg-info
[29.006s] -- Installing: /home/tamar/ws_moveit/install/moveit_py/lib/python3.12/site-packages/moveit-2.12.3-py3.12.egg-info/dependency_links.txt
[29.007s] -- Installing: /home/tamar/ws_moveit/install/moveit_py/lib/python3.12/site-packages/moveit-2.12.3-py3.12.egg-info/SOURCES.txt
[29.007s] -- Installing: /home/tamar/ws_moveit/install/moveit_py/lib/python3.12/site-packages/moveit-2.12.3-py3.12.egg-info/PKG-INFO
[29.008s] -- Installing: /home/tamar/ws_moveit/install/moveit_py/lib/python3.12/site-packages/moveit-2.12.3-py3.12.egg-info/top_level.txt
[29.009s] -- Installing: /home/tamar/ws_moveit/install/moveit_py/lib/python3.12/site-packages/moveit
[29.009s] -- Installing: /home/tamar/ws_moveit/install/moveit_py/lib/python3.12/site-packages/moveit/planning.pyi
[29.010s] -- Installing: /home/tamar/ws_moveit/install/moveit_py/lib/python3.12/site-packages/moveit/README.md
[29.011s] -- Installing: /home/tamar/ws_moveit/install/moveit_py/lib/python3.12/site-packages/moveit/__init__.py
[29.012s] -- Installing: /home/tamar/ws_moveit/install/moveit_py/lib/python3.12/site-packages/moveit/utils.py
[29.013s] -- Installing: /home/tamar/ws_moveit/install/moveit_py/lib/python3.12/site-packages/moveit/utils.pyi
[29.014s] -- Installing: /home/tamar/ws_moveit/install/moveit_py/lib/python3.12/site-packages/moveit/policies
[29.014s] -- Installing: /home/tamar/ws_moveit/install/moveit_py/lib/python3.12/site-packages/moveit/policies/__init__.py
[29.015s] -- Installing: /home/tamar/ws_moveit/install/moveit_py/lib/python3.12/site-packages/moveit/policies/__init__.pyi
[29.016s] -- Installing: /home/tamar/ws_moveit/install/moveit_py/lib/python3.12/site-packages/moveit/policies/policy.pyi
[29.017s] -- Installing: /home/tamar/ws_moveit/install/moveit_py/lib/python3.12/site-packages/moveit/policies/policy.py
[29.018s] -- Installing: /home/tamar/ws_moveit/install/moveit_py/lib/python3.12/site-packages/moveit/py.typed
[29.019s] -- Installing: /home/tamar/ws_moveit/install/moveit_py/lib/python3.12/site-packages/moveit/core
[29.019s] -- Installing: /home/tamar/ws_moveit/install/moveit_py/lib/python3.12/site-packages/moveit/core/planning_scene.pyi
[29.020s] -- Installing: /home/tamar/ws_moveit/install/moveit_py/lib/python3.12/site-packages/moveit/core/__init__.pyi
[29.021s] -- Installing: /home/tamar/ws_moveit/install/moveit_py/lib/python3.12/site-packages/moveit/core/collision_detection.pyi
[29.022s] -- Installing: /home/tamar/ws_moveit/install/moveit_py/lib/python3.12/site-packages/moveit/core/planning_interface.pyi
[29.023s] -- Installing: /home/tamar/ws_moveit/install/moveit_py/lib/python3.12/site-packages/moveit/core/robot_state.pyi
[29.024s] -- Installing: /home/tamar/ws_moveit/install/moveit_py/lib/python3.12/site-packages/moveit/core/robot_trajectory.pyi
[29.025s] -- Installing: /home/tamar/ws_moveit/install/moveit_py/lib/python3.12/site-packages/moveit/core/robot_model.pyi
[29.026s] -- Installing: /home/tamar/ws_moveit/install/moveit_py/lib/python3.12/site-packages/moveit/core/kinematic_constraints.pyi
[29.027s] -- Installing: /home/tamar/ws_moveit/install/moveit_py/lib/python3.12/site-packages/moveit/core/controller_manager.pyi
[29.027s] -- Installing: /home/tamar/ws_moveit/install/moveit_py/lib/python3.12/site-packages/moveit/servo_client
[29.028s] -- Installing: /home/tamar/ws_moveit/install/moveit_py/lib/python3.12/site-packages/moveit/servo_client/README.md
[29.029s] -- Installing: /home/tamar/ws_moveit/install/moveit_py/lib/python3.12/site-packages/moveit/servo_client/__init__.py
[29.030s] -- Installing: /home/tamar/ws_moveit/install/moveit_py/lib/python3.12/site-packages/moveit/servo_client/devices
[29.030s] -- Installing: /home/tamar/ws_moveit/install/moveit_py/lib/python3.12/site-packages/moveit/servo_client/devices/__init__.py
[29.031s] -- Installing: /home/tamar/ws_moveit/install/moveit_py/lib/python3.12/site-packages/moveit/servo_client/devices/__init__.pyi
[29.032s] -- Installing: /home/tamar/ws_moveit/install/moveit_py/lib/python3.12/site-packages/moveit/servo_client/devices/ps4_dualshock.pyi
[29.033s] -- Installing: /home/tamar/ws_moveit/install/moveit_py/lib/python3.12/site-packages/moveit/servo_client/devices/ps4_dualshock.py
[29.034s] -- Installing: /home/tamar/ws_moveit/install/moveit_py/lib/python3.12/site-packages/moveit/servo_client/__init__.pyi
[29.035s] -- Installing: /home/tamar/ws_moveit/install/moveit_py/lib/python3.12/site-packages/moveit/servo_client/teleop.pyi
[29.036s] -- Installing: /home/tamar/ws_moveit/install/moveit_py/lib/python3.12/site-packages/moveit/servo_client/teleop.py
[29.086s] Listing '/home/tamar/ws_moveit/install/moveit_py/lib/python3.12/site-packages/moveit'...
[29.086s] Compiling '/home/tamar/ws_moveit/install/moveit_py/lib/python3.12/site-packages/moveit/__init__.py'...
[29.086s] Listing '/home/tamar/ws_moveit/install/moveit_py/lib/python3.12/site-packages/moveit/core'...
[29.086s] Listing '/home/tamar/ws_moveit/install/moveit_py/lib/python3.12/site-packages/moveit/policies'...
[29.086s] Compiling '/home/tamar/ws_moveit/install/moveit_py/lib/python3.12/site-packages/moveit/policies/__init__.py'...
[29.086s] Compiling '/home/tamar/ws_moveit/install/moveit_py/lib/python3.12/site-packages/moveit/policies/policy.py'...
[29.086s] Listing '/home/tamar/ws_moveit/install/moveit_py/lib/python3.12/site-packages/moveit/servo_client'...
[29.086s] Compiling '/home/tamar/ws_moveit/install/moveit_py/lib/python3.12/site-packages/moveit/servo_client/__init__.py'...
[29.086s] Listing '/home/tamar/ws_moveit/install/moveit_py/lib/python3.12/site-packages/moveit/servo_client/devices'...
[29.087s] Compiling '/home/tamar/ws_moveit/install/moveit_py/lib/python3.12/site-packages/moveit/servo_client/devices/__init__.py'...
[29.087s] Compiling '/home/tamar/ws_moveit/install/moveit_py/lib/python3.12/site-packages/moveit/servo_client/devices/ps4_dualshock.py'...
[29.087s] Compiling '/home/tamar/ws_moveit/install/moveit_py/lib/python3.12/site-packages/moveit/servo_client/teleop.py'...
[29.087s] Compiling '/home/tamar/ws_moveit/install/moveit_py/lib/python3.12/site-packages/moveit/utils.py'...
[29.091s] -- Installing: /home/tamar/ws_moveit/install/moveit_py/lib/python3.12/site-packages/moveit/core.cpython-312-x86_64-linux-gnu.so
[29.092s] -- Set non-toolchain portion of runtime path of "/home/tamar/ws_moveit/install/moveit_py/lib/python3.12/site-packages/moveit/core.cpython-312-x86_64-linux-gnu.so" to ""
[29.093s] -- Installing: /home/tamar/ws_moveit/install/moveit_py/lib/python3.12/site-packages/moveit/planning.cpython-312-x86_64-linux-gnu.so
[29.093s] -- Set non-toolchain portion of runtime path of "/home/tamar/ws_moveit/install/moveit_py/lib/python3.12/site-packages/moveit/planning.cpython-312-x86_64-linux-gnu.so" to ""
[29.094s] -- Installing: /home/tamar/ws_moveit/install/moveit_py/share/moveit_py/environment/library_path.sh
[29.094s] -- Installing: /home/tamar/ws_moveit/install/moveit_py/share/moveit_py/environment/library_path.dsv
[29.094s] -- Installing: /home/tamar/ws_moveit/install/moveit_py/share/ament_index/resource_index/package_run_dependencies/moveit_py
[29.095s] -- Installing: /home/tamar/ws_moveit/install/moveit_py/share/ament_index/resource_index/parent_prefix_path/moveit_py
[29.095s] -- Installing: /home/tamar/ws_moveit/install/moveit_py/share/moveit_py/environment/ament_prefix_path.sh
[29.095s] -- Installing: /home/tamar/ws_moveit/install/moveit_py/share/moveit_py/environment/ament_prefix_path.dsv
[29.096s] -- Installing: /home/tamar/ws_moveit/install/moveit_py/share/moveit_py/environment/path.sh
[29.096s] -- Installing: /home/tamar/ws_moveit/install/moveit_py/share/moveit_py/environment/path.dsv
[29.096s] -- Installing: /home/tamar/ws_moveit/install/moveit_py/share/moveit_py/local_setup.bash
[29.097s] -- Installing: /home/tamar/ws_moveit/install/moveit_py/share/moveit_py/local_setup.sh
[29.097s] -- Installing: /home/tamar/ws_moveit/install/moveit_py/share/moveit_py/local_setup.zsh
[29.097s] -- Installing: /home/tamar/ws_moveit/install/moveit_py/share/moveit_py/local_setup.dsv
[29.098s] -- Installing: /home/tamar/ws_moveit/install/moveit_py/share/moveit_py/package.dsv
[29.098s] -- Installing: /home/tamar/ws_moveit/install/moveit_py/share/ament_index/resource_index/packages/moveit_py
[29.098s] -- Installing: /home/tamar/ws_moveit/install/moveit_py/share/moveit_py/cmake/moveit_py_utilsTargetsExport.cmake
[29.099s] -- Installing: /home/tamar/ws_moveit/install/moveit_py/share/moveit_py/cmake/moveit_py_utilsTargetsExport-release.cmake
[29.099s] -- Installing: /home/tamar/ws_moveit/install/moveit_py/share/moveit_py/cmake/ament_cmake_export_targets-extras.cmake
[29.099s] -- Installing: /home/tamar/ws_moveit/install/moveit_py/share/moveit_py/cmake/ament_cmake_export_dependencies-extras.cmake
[29.100s] -- Installing: /home/tamar/ws_moveit/install/moveit_py/share/moveit_py/cmake/moveit_pyConfig.cmake
[29.100s] -- Installing: /home/tamar/ws_moveit/install/moveit_py/share/moveit_py/cmake/moveit_pyConfig-version.cmake
[29.100s] -- Installing: /home/tamar/ws_moveit/install/moveit_py/share/moveit_py/package.xml
[29.101s] -- Installing: /home/tamar/ws_moveit/install/moveit_py/lib/libmoveit_py_utils.so.
[29.102s] -- Set non-toolchain portion of runtime path of "/home/tamar/ws_moveit/install/moveit_py/lib/libmoveit_py_utils.so." to ""
[29.102s] -- Installing: /home/tamar/ws_moveit/install/moveit_py/lib/libmoveit_py_utils.so
[29.102s] -- Installing: /home/tamar/ws_moveit/install/moveit_py/include/moveit_py
[29.102s] -- Installing: /home/tamar/ws_moveit/install/moveit_py/include/moveit_py/moveit_py
[29.102s] -- Installing: /home/tamar/ws_moveit/install/moveit_py/include/moveit_py/moveit_py/moveit_py_utils
[29.102s] -- Installing: /home/tamar/ws_moveit/install/moveit_py/include/moveit_py/moveit_py/moveit_py_utils/rclpy_time_typecaster.hpp
[29.103s] -- Installing: /home/tamar/ws_moveit/install/moveit_py/include/moveit_py/moveit_py/moveit_py_utils/copy_ros_msg.hpp
[29.103s] -- Installing: /home/tamar/ws_moveit/install/moveit_py/include/moveit_py/moveit_py/moveit_py_utils/copy_ros_msg.h
[29.103s] -- Installing: /home/tamar/ws_moveit/install/moveit_py/include/moveit_py/moveit_py/moveit_py_utils/ros_msg_typecasters.hpp
[29.103s] -- Installing: /home/tamar/ws_moveit/install/moveit_py/include/moveit_py/moveit_py/moveit_py_utils/ros_msg_typecasters.h
[29.106s] Invoked command in '/home/tamar/ws_moveit/build/moveit_py' returned '0': AMENT_PREFIX_PATH=/home/tamar/ws_moveit/install/moveit_ros_planning_interface:/home/tamar/ws_moveit/install/moveit_ros_move_group:/home/tamar/ws_moveit/install/moveit_ros_warehouse:/home/tamar/ws_moveit/install/moveit_kinematics:/home/tamar/ws_moveit/install/moveit_ros_planning:/home/tamar/ws_moveit/install/moveit_simple_controller_manager:/home/tamar/ws_moveit/install/moveit_ros_occupancy_map_monitor:/home/tamar/ws_moveit/install/moveit_resources_fanuc_moveit_config:/home/tamar/ws_moveit/install/moveit_core:/home/tamar/ws_moveit/install/moveit_resources_pr2_description:/home/tamar/ws_moveit/install/moveit_resources_panda_description:/home/tamar/ws_moveit/install/moveit_resources_fanuc_description:/home/tamar/ws_moveit/install/moveit_msgs:/home/tamar/ws_moveit/install/moveit_configs_utils:/home/tamar/ws_moveit/install/moveit_common:${AMENT_PREFIX_PATH} CMAKE_PREFIX_PATH=/home/tamar/ws_moveit/install/moveit_ros_planning_interface:/home/tamar/ws_moveit/install/moveit_ros_move_group:/home/tamar/ws_moveit/install/moveit_ros_warehouse:/home/tamar/ws_moveit/install/moveit_kinematics:/home/tamar/ws_moveit/install/moveit_ros_planning:/home/tamar/ws_moveit/install/moveit_simple_controller_manager:/home/tamar/ws_moveit/install/moveit_ros_occupancy_map_monitor:/home/tamar/ws_moveit/install/moveit_resources_fanuc_moveit_config:/home/tamar/ws_moveit/install/moveit_core:/home/tamar/ws_moveit/install/moveit_resources_pr2_description:/home/tamar/ws_moveit/install/moveit_resources_panda_description:/home/tamar/ws_moveit/install/moveit_resources_fanuc_description:/home/tamar/ws_moveit/install/moveit_msgs:/home/tamar/ws_moveit/install/moveit_common:/opt/ros/jazzy/opt/gz_sim_vendor:/opt/ros/jazzy/opt/gz_sensors_vendor:/opt/ros/jazzy/opt/gz_physics_vendor:/opt/ros/jazzy/opt/sdformat_vendor:/opt/ros/jazzy/opt/gz_gui_vendor:/opt/ros/jazzy/opt/gz_transport_vendor:/opt/ros/jazzy/opt/gz_rendering_vendor:/opt/ros/jazzy/opt/gz_plugin_vendor:/opt/ros/jazzy/opt/gz_fuel_tools_vendor:/opt/ros/jazzy/opt/gz_msgs_vendor:/opt/ros/jazzy/opt/gz_common_vendor:/opt/ros/jazzy/opt/gz_math_vendor:/opt/ros/jazzy/opt/gz_utils_vendor:/opt/ros/jazzy/opt/gz_tools_vendor:/opt/ros/jazzy/opt/gz_ogre_next_vendor:/opt/ros/jazzy/opt/gz_dartsim_vendor:/opt/ros/jazzy/opt/gz_cmake_vendor:/opt/ros/jazzy LD_LIBRARY_PATH=/home/tamar/ws_moveit/install/moveit_ros_planning_interface/lib:/home/tamar/ws_moveit/install/moveit_ros_move_group/lib:/home/tamar/ws_moveit/install/moveit_ros_warehouse/lib:/home/tamar/ws_moveit/install/moveit_kinematics/lib:/home/tamar/ws_moveit/install/moveit_ros_planning/lib:/home/tamar/ws_moveit/install/moveit_simple_controller_manager/lib:/home/tamar/ws_moveit/install/moveit_ros_occupancy_map_monitor/lib:/home/tamar/ws_moveit/install/moveit_core/lib:/home/tamar/ws_moveit/install/moveit_msgs/lib:${LD_LIBRARY_PATH} PATH=/home/tamar/ws_moveit/install/moveit_core/bin:${PATH} PYTHONPATH=/home/tamar/ws_moveit/install/moveit_msgs/lib/python3.12/site-packages:/home/tamar/ws_moveit/install/moveit_configs_utils/lib/python3.12/site-packages:${PYTHONPATH} /usr/bin/cmake --install /home/tamar/ws_moveit/build/moveit_py
