[0.045s] DEBUG:colcon:Command line arguments: ['/usr/bin/colcon', 'build', '--symlink-install']
[0.045s] DEBUG:colcon:Parsed command line arguments: Namespace(log_base=None, log_level=None, verb_name='build', build_base='build', install_base='install', merge_install=False, symlink_install=True, test_result_base=None, continue_on_error=False, executor='parallel', parallel_workers=32, event_handlers=None, ignore_user_meta=False, metas=['./colcon.meta'], base_paths=['.'], packages_ignore=None, packages_ignore_regex=None, paths=None, packages_up_to=None, packages_up_to_regex=None, packages_above=None, packages_above_and_dependencies=None, packages_above_depth=None, packages_select_by_dep=None, packages_skip_by_dep=None, packages_skip_up_to=None, packages_select_build_failed=False, packages_skip_build_finished=False, packages_select_test_failures=False, packages_skip_test_passed=False, packages_select=None, packages_skip=None, packages_select_regex=None, packages_skip_regex=None, packages_start=None, packages_end=None, cmake_args=None, cmake_target=None, cmake_target_skip_unavailable=False, cmake_clean_cache=False, cmake_clean_first=False, cmake_force_configure=False, ament_cmake_args=None, catkin_cmake_args=None, catkin_skip_building_tests=False, mixin_files=None, mixin=None, verb_parser=<colcon_mixin.mixin.mixin_argument.MixinArgumentDecorator object at 0x7d8ec83e3ad0>, verb_extension=<colcon_core.verb.build.BuildVerb object at 0x7d8ec83e3860>, main=<bound method BuildVerb.main of <colcon_core.verb.build.BuildVerb object at 0x7d8ec83e3860>>, mixin_verb=('build',))
[0.061s] Level 1:colcon.colcon_core.package_discovery:discover_packages(colcon_meta) check parameters
[0.061s] Level 1:colcon.colcon_core.package_discovery:discover_packages(recursive) check parameters
[0.061s] Level 1:colcon.colcon_core.package_discovery:discover_packages(ignore) check parameters
[0.061s] Level 1:colcon.colcon_core.package_discovery:discover_packages(path) check parameters
[0.061s] Level 1:colcon.colcon_core.package_discovery:discover_packages(colcon_meta) discover
[0.061s] Level 1:colcon.colcon_core.package_discovery:discover_packages(recursive) discover
[0.061s] INFO:colcon.colcon_core.package_discovery:Crawling recursively for packages in '/home/tamar/RBE594_ws'
[0.061s] Level 1:colcon.colcon_core.package_identification:_identify(.) by extensions ['ignore', 'ignore_ament_install']
[0.061s] Level 1:colcon.colcon_core.package_identification:_identify(.) by extension 'ignore'
[0.061s] Level 1:colcon.colcon_core.package_identification:_identify(.) by extension 'ignore_ament_install'
[0.061s] Level 1:colcon.colcon_core.package_identification:_identify(.) by extensions ['colcon_pkg']
[0.061s] Level 1:colcon.colcon_core.package_identification:_identify(.) by extension 'colcon_pkg'
[0.061s] Level 1:colcon.colcon_core.package_identification:_identify(.) by extensions ['colcon_meta']
[0.061s] Level 1:colcon.colcon_core.package_identification:_identify(.) by extension 'colcon_meta'
[0.061s] Level 1:colcon.colcon_core.package_identification:_identify(.) by extensions ['ros']
[0.062s] Level 1:colcon.colcon_core.package_identification:_identify(.) by extension 'ros'
[0.073s] Level 1:colcon.colcon_core.package_identification:_identify(.) by extensions ['cmake', 'python']
[0.073s] Level 1:colcon.colcon_core.package_identification:_identify(.) by extension 'cmake'
[0.073s] Level 1:colcon.colcon_core.package_identification:_identify(.) by extension 'python'
[0.073s] Level 1:colcon.colcon_core.package_identification:_identify(.) by extensions ['python_setup_py']
[0.073s] Level 1:colcon.colcon_core.package_identification:_identify(.) by extension 'python_setup_py'
[0.073s] Level 1:colcon.colcon_core.package_identification:_identify(Photos) by extensions ['ignore', 'ignore_ament_install']
[0.073s] Level 1:colcon.colcon_core.package_identification:_identify(Photos) by extension 'ignore'
[0.073s] Level 1:colcon.colcon_core.package_identification:_identify(Photos) by extension 'ignore_ament_install'
[0.073s] Level 1:colcon.colcon_core.package_identification:_identify(Photos) by extensions ['colcon_pkg']
[0.073s] Level 1:colcon.colcon_core.package_identification:_identify(Photos) by extension 'colcon_pkg'
[0.073s] Level 1:colcon.colcon_core.package_identification:_identify(Photos) by extensions ['colcon_meta']
[0.073s] Level 1:colcon.colcon_core.package_identification:_identify(Photos) by extension 'colcon_meta'
[0.073s] Level 1:colcon.colcon_core.package_identification:_identify(Photos) by extensions ['ros']
[0.073s] Level 1:colcon.colcon_core.package_identification:_identify(Photos) by extension 'ros'
[0.073s] Level 1:colcon.colcon_core.package_identification:_identify(Photos) by extensions ['cmake', 'python']
[0.073s] Level 1:colcon.colcon_core.package_identification:_identify(Photos) by extension 'cmake'
[0.073s] Level 1:colcon.colcon_core.package_identification:_identify(Photos) by extension 'python'
[0.073s] Level 1:colcon.colcon_core.package_identification:_identify(Photos) by extensions ['python_setup_py']
[0.073s] Level 1:colcon.colcon_core.package_identification:_identify(Photos) by extension 'python_setup_py'
[0.073s] Level 1:colcon.colcon_core.package_identification:_identify(build) by extensions ['ignore', 'ignore_ament_install']
[0.073s] Level 1:colcon.colcon_core.package_identification:_identify(build) by extension 'ignore'
[0.073s] Level 1:colcon.colcon_core.package_identification:_identify(build) ignored
[0.073s] Level 1:colcon.colcon_core.package_identification:_identify(install) by extensions ['ignore', 'ignore_ament_install']
[0.073s] Level 1:colcon.colcon_core.package_identification:_identify(install) by extension 'ignore'
[0.073s] Level 1:colcon.colcon_core.package_identification:_identify(install) ignored
[0.074s] Level 1:colcon.colcon_core.package_identification:_identify(log) by extensions ['ignore', 'ignore_ament_install']
[0.074s] Level 1:colcon.colcon_core.package_identification:_identify(log) by extension 'ignore'
[0.074s] Level 1:colcon.colcon_core.package_identification:_identify(log) ignored
[0.074s] Level 1:colcon.colcon_core.package_identification:_identify(src) by extensions ['ignore', 'ignore_ament_install']
[0.074s] Level 1:colcon.colcon_core.package_identification:_identify(src) by extension 'ignore'
[0.074s] Level 1:colcon.colcon_core.package_identification:_identify(src) by extension 'ignore_ament_install'
[0.074s] Level 1:colcon.colcon_core.package_identification:_identify(src) by extensions ['colcon_pkg']
[0.074s] Level 1:colcon.colcon_core.package_identification:_identify(src) by extension 'colcon_pkg'
[0.074s] Level 1:colcon.colcon_core.package_identification:_identify(src) by extensions ['colcon_meta']
[0.074s] Level 1:colcon.colcon_core.package_identification:_identify(src) by extension 'colcon_meta'
[0.074s] Level 1:colcon.colcon_core.package_identification:_identify(src) by extensions ['ros']
[0.074s] Level 1:colcon.colcon_core.package_identification:_identify(src) by extension 'ros'
[0.074s] Level 1:colcon.colcon_core.package_identification:_identify(src) by extensions ['cmake', 'python']
[0.074s] Level 1:colcon.colcon_core.package_identification:_identify(src) by extension 'cmake'
[0.074s] Level 1:colcon.colcon_core.package_identification:_identify(src) by extension 'python'
[0.074s] Level 1:colcon.colcon_core.package_identification:_identify(src) by extensions ['python_setup_py']
[0.074s] Level 1:colcon.colcon_core.package_identification:_identify(src) by extension 'python_setup_py'
[0.074s] Level 1:colcon.colcon_core.package_identification:_identify(src/Universal_Robots_ROS2_Description) by extensions ['ignore', 'ignore_ament_install']
[0.074s] Level 1:colcon.colcon_core.package_identification:_identify(src/Universal_Robots_ROS2_Description) by extension 'ignore'
[0.074s] Level 1:colcon.colcon_core.package_identification:_identify(src/Universal_Robots_ROS2_Description) by extension 'ignore_ament_install'
[0.074s] Level 1:colcon.colcon_core.package_identification:_identify(src/Universal_Robots_ROS2_Description) by extensions ['colcon_pkg']
[0.074s] Level 1:colcon.colcon_core.package_identification:_identify(src/Universal_Robots_ROS2_Description) by extension 'colcon_pkg'
[0.074s] Level 1:colcon.colcon_core.package_identification:_identify(src/Universal_Robots_ROS2_Description) by extensions ['colcon_meta']
[0.074s] Level 1:colcon.colcon_core.package_identification:_identify(src/Universal_Robots_ROS2_Description) by extension 'colcon_meta'
[0.074s] Level 1:colcon.colcon_core.package_identification:_identify(src/Universal_Robots_ROS2_Description) by extensions ['ros']
[0.074s] Level 1:colcon.colcon_core.package_identification:_identify(src/Universal_Robots_ROS2_Description) by extension 'ros'
[0.075s] DEBUG:colcon.colcon_core.package_identification:Package 'src/Universal_Robots_ROS2_Description' with type 'ros.ament_cmake' and name 'ur_description'
[0.075s] Level 1:colcon.colcon_core.package_identification:_identify(src/Universal_Robots_ROS2_GZ_Simulation) by extensions ['ignore', 'ignore_ament_install']
[0.075s] Level 1:colcon.colcon_core.package_identification:_identify(src/Universal_Robots_ROS2_GZ_Simulation) by extension 'ignore'
[0.075s] Level 1:colcon.colcon_core.package_identification:_identify(src/Universal_Robots_ROS2_GZ_Simulation) by extension 'ignore_ament_install'
[0.075s] Level 1:colcon.colcon_core.package_identification:_identify(src/Universal_Robots_ROS2_GZ_Simulation) by extensions ['colcon_pkg']
[0.075s] Level 1:colcon.colcon_core.package_identification:_identify(src/Universal_Robots_ROS2_GZ_Simulation) by extension 'colcon_pkg'
[0.075s] Level 1:colcon.colcon_core.package_identification:_identify(src/Universal_Robots_ROS2_GZ_Simulation) by extensions ['colcon_meta']
[0.075s] Level 1:colcon.colcon_core.package_identification:_identify(src/Universal_Robots_ROS2_GZ_Simulation) by extension 'colcon_meta'
[0.075s] Level 1:colcon.colcon_core.package_identification:_identify(src/Universal_Robots_ROS2_GZ_Simulation) by extensions ['ros']
[0.075s] Level 1:colcon.colcon_core.package_identification:_identify(src/Universal_Robots_ROS2_GZ_Simulation) by extension 'ros'
[0.075s] Level 1:colcon.colcon_core.package_identification:_identify(src/Universal_Robots_ROS2_GZ_Simulation) by extensions ['cmake', 'python']
[0.075s] Level 1:colcon.colcon_core.package_identification:_identify(src/Universal_Robots_ROS2_GZ_Simulation) by extension 'cmake'
[0.075s] Level 1:colcon.colcon_core.package_identification:_identify(src/Universal_Robots_ROS2_GZ_Simulation) by extension 'python'
[0.075s] Level 1:colcon.colcon_core.package_identification:_identify(src/Universal_Robots_ROS2_GZ_Simulation) by extensions ['python_setup_py']
[0.075s] Level 1:colcon.colcon_core.package_identification:_identify(src/Universal_Robots_ROS2_GZ_Simulation) by extension 'python_setup_py'
[0.076s] Level 1:colcon.colcon_core.package_identification:_identify(src/Universal_Robots_ROS2_GZ_Simulation/ur_simulation_gz) by extensions ['ignore', 'ignore_ament_install']
[0.076s] Level 1:colcon.colcon_core.package_identification:_identify(src/Universal_Robots_ROS2_GZ_Simulation/ur_simulation_gz) by extension 'ignore'
[0.076s] Level 1:colcon.colcon_core.package_identification:_identify(src/Universal_Robots_ROS2_GZ_Simulation/ur_simulation_gz) by extension 'ignore_ament_install'
[0.076s] Level 1:colcon.colcon_core.package_identification:_identify(src/Universal_Robots_ROS2_GZ_Simulation/ur_simulation_gz) by extensions ['colcon_pkg']
[0.076s] Level 1:colcon.colcon_core.package_identification:_identify(src/Universal_Robots_ROS2_GZ_Simulation/ur_simulation_gz) by extension 'colcon_pkg'
[0.076s] Level 1:colcon.colcon_core.package_identification:_identify(src/Universal_Robots_ROS2_GZ_Simulation/ur_simulation_gz) by extensions ['colcon_meta']
[0.076s] Level 1:colcon.colcon_core.package_identification:_identify(src/Universal_Robots_ROS2_GZ_Simulation/ur_simulation_gz) by extension 'colcon_meta'
[0.076s] Level 1:colcon.colcon_core.package_identification:_identify(src/Universal_Robots_ROS2_GZ_Simulation/ur_simulation_gz) by extensions ['ros']
[0.076s] Level 1:colcon.colcon_core.package_identification:_identify(src/Universal_Robots_ROS2_GZ_Simulation/ur_simulation_gz) by extension 'ros'
[0.076s] DEBUG:colcon.colcon_core.package_identification:Package 'src/Universal_Robots_ROS2_GZ_Simulation/ur_simulation_gz' with type 'ros.ament_cmake' and name 'ur_simulation_gz'
[0.076s] Level 1:colcon.colcon_core.package_identification:_identify(src/custom_gear_controllers) by extensions ['ignore', 'ignore_ament_install']
[0.076s] Level 1:colcon.colcon_core.package_identification:_identify(src/custom_gear_controllers) by extension 'ignore'
[0.076s] Level 1:colcon.colcon_core.package_identification:_identify(src/custom_gear_controllers) by extension 'ignore_ament_install'
[0.076s] Level 1:colcon.colcon_core.package_identification:_identify(src/custom_gear_controllers) by extensions ['colcon_pkg']
[0.076s] Level 1:colcon.colcon_core.package_identification:_identify(src/custom_gear_controllers) by extension 'colcon_pkg'
[0.076s] Level 1:colcon.colcon_core.package_identification:_identify(src/custom_gear_controllers) by extensions ['colcon_meta']
[0.076s] Level 1:colcon.colcon_core.package_identification:_identify(src/custom_gear_controllers) by extension 'colcon_meta'
[0.076s] Level 1:colcon.colcon_core.package_identification:_identify(src/custom_gear_controllers) by extensions ['ros']
[0.076s] Level 1:colcon.colcon_core.package_identification:_identify(src/custom_gear_controllers) by extension 'ros'
[0.076s] DEBUG:colcon.colcon_core.package_identification:Package 'src/custom_gear_controllers' with type 'ros.ament_python' and name 'custom_gear_controllers'
[0.076s] Level 1:colcon.colcon_core.package_identification:_identify(src/robotiq_arg85_description) by extensions ['ignore', 'ignore_ament_install']
[0.077s] Level 1:colcon.colcon_core.package_identification:_identify(src/robotiq_arg85_description) by extension 'ignore'
[0.077s] Level 1:colcon.colcon_core.package_identification:_identify(src/robotiq_arg85_description) by extension 'ignore_ament_install'
[0.077s] Level 1:colcon.colcon_core.package_identification:_identify(src/robotiq_arg85_description) by extensions ['colcon_pkg']
[0.077s] Level 1:colcon.colcon_core.package_identification:_identify(src/robotiq_arg85_description) by extension 'colcon_pkg'
[0.077s] Level 1:colcon.colcon_core.package_identification:_identify(src/robotiq_arg85_description) by extensions ['colcon_meta']
[0.077s] Level 1:colcon.colcon_core.package_identification:_identify(src/robotiq_arg85_description) by extension 'colcon_meta'
[0.077s] Level 1:colcon.colcon_core.package_identification:_identify(src/robotiq_arg85_description) by extensions ['ros']
[0.077s] Level 1:colcon.colcon_core.package_identification:_identify(src/robotiq_arg85_description) by extension 'ros'
[0.077s] DEBUG:colcon.colcon_core.package_identification:Package 'src/robotiq_arg85_description' with type 'ros.catkin' and name 'robotiq_arg85_description'
[0.077s] Level 1:colcon.colcon_core.package_identification:_identify(src/sirgas_description) by extensions ['ignore', 'ignore_ament_install']
[0.077s] Level 1:colcon.colcon_core.package_identification:_identify(src/sirgas_description) by extension 'ignore'
[0.077s] Level 1:colcon.colcon_core.package_identification:_identify(src/sirgas_description) by extension 'ignore_ament_install'
[0.077s] Level 1:colcon.colcon_core.package_identification:_identify(src/sirgas_description) by extensions ['colcon_pkg']
[0.077s] Level 1:colcon.colcon_core.package_identification:_identify(src/sirgas_description) by extension 'colcon_pkg'
[0.077s] Level 1:colcon.colcon_core.package_identification:_identify(src/sirgas_description) by extensions ['colcon_meta']
[0.077s] Level 1:colcon.colcon_core.package_identification:_identify(src/sirgas_description) by extension 'colcon_meta'
[0.077s] Level 1:colcon.colcon_core.package_identification:_identify(src/sirgas_description) by extensions ['ros']
[0.077s] Level 1:colcon.colcon_core.package_identification:_identify(src/sirgas_description) by extension 'ros'
[0.077s] DEBUG:colcon.colcon_core.package_identification:Package 'src/sirgas_description' with type 'ros.ament_cmake' and name 'sirgas_description'
[0.077s] Level 1:colcon.colcon_core.package_discovery:discover_packages(recursive) using defaults
[0.077s] Level 1:colcon.colcon_core.package_discovery:discover_packages(ignore) discover
[0.077s] Level 1:colcon.colcon_core.package_discovery:discover_packages(ignore) using defaults
[0.077s] Level 1:colcon.colcon_core.package_discovery:discover_packages(path) discover
[0.077s] Level 1:colcon.colcon_core.package_discovery:discover_packages(path) using defaults
[0.086s] Level 5:colcon.colcon_core.verb:set package 'custom_gear_controllers' build argument 'cmake_args' from command line to 'None'
[0.086s] Level 5:colcon.colcon_core.verb:set package 'custom_gear_controllers' build argument 'cmake_target' from command line to 'None'
[0.086s] Level 5:colcon.colcon_core.verb:set package 'custom_gear_controllers' build argument 'cmake_target_skip_unavailable' from command line to 'False'
[0.086s] Level 5:colcon.colcon_core.verb:set package 'custom_gear_controllers' build argument 'cmake_clean_cache' from command line to 'False'
[0.086s] Level 5:colcon.colcon_core.verb:set package 'custom_gear_controllers' build argument 'cmake_clean_first' from command line to 'False'
[0.086s] Level 5:colcon.colcon_core.verb:set package 'custom_gear_controllers' build argument 'cmake_force_configure' from command line to 'False'
[0.086s] Level 5:colcon.colcon_core.verb:set package 'custom_gear_controllers' build argument 'ament_cmake_args' from command line to 'None'
[0.086s] Level 5:colcon.colcon_core.verb:set package 'custom_gear_controllers' build argument 'catkin_cmake_args' from command line to 'None'
[0.086s] Level 5:colcon.colcon_core.verb:set package 'custom_gear_controllers' build argument 'catkin_skip_building_tests' from command line to 'False'
[0.086s] DEBUG:colcon.colcon_core.verb:Building package 'custom_gear_controllers' with the following arguments: {'ament_cmake_args': None, 'build_base': '/home/tamar/RBE594_ws/build/custom_gear_controllers', 'catkin_cmake_args': None, 'catkin_skip_building_tests': False, 'cmake_args': None, 'cmake_clean_cache': False, 'cmake_clean_first': False, 'cmake_force_configure': False, 'cmake_target': None, 'cmake_target_skip_unavailable': False, 'install_base': '/home/tamar/RBE594_ws/install/custom_gear_controllers', 'merge_install': False, 'path': '/home/tamar/RBE594_ws/src/custom_gear_controllers', 'symlink_install': True, 'test_result_base': None}
[0.086s] Level 5:colcon.colcon_core.verb:set package 'robotiq_arg85_description' build argument 'cmake_args' from command line to 'None'
[0.086s] Level 5:colcon.colcon_core.verb:set package 'robotiq_arg85_description' build argument 'cmake_target' from command line to 'None'
[0.086s] Level 5:colcon.colcon_core.verb:set package 'robotiq_arg85_description' build argument 'cmake_target_skip_unavailable' from command line to 'False'
[0.086s] Level 5:colcon.colcon_core.verb:set package 'robotiq_arg85_description' build argument 'cmake_clean_cache' from command line to 'False'
[0.086s] Level 5:colcon.colcon_core.verb:set package 'robotiq_arg85_description' build argument 'cmake_clean_first' from command line to 'False'
[0.086s] Level 5:colcon.colcon_core.verb:set package 'robotiq_arg85_description' build argument 'cmake_force_configure' from command line to 'False'
[0.086s] Level 5:colcon.colcon_core.verb:set package 'robotiq_arg85_description' build argument 'ament_cmake_args' from command line to 'None'
[0.086s] Level 5:colcon.colcon_core.verb:set package 'robotiq_arg85_description' build argument 'catkin_cmake_args' from command line to 'None'
[0.086s] Level 5:colcon.colcon_core.verb:set package 'robotiq_arg85_description' build argument 'catkin_skip_building_tests' from command line to 'False'
[0.086s] DEBUG:colcon.colcon_core.verb:Building package 'robotiq_arg85_description' with the following arguments: {'ament_cmake_args': None, 'build_base': '/home/tamar/RBE594_ws/build/robotiq_arg85_description', 'catkin_cmake_args': None, 'catkin_skip_building_tests': False, 'cmake_args': None, 'cmake_clean_cache': False, 'cmake_clean_first': False, 'cmake_force_configure': False, 'cmake_target': None, 'cmake_target_skip_unavailable': False, 'install_base': '/home/tamar/RBE594_ws/install/robotiq_arg85_description', 'merge_install': False, 'path': '/home/tamar/RBE594_ws/src/robotiq_arg85_description', 'symlink_install': True, 'test_result_base': None}
[0.086s] Level 5:colcon.colcon_core.verb:set package 'sirgas_description' build argument 'cmake_args' from command line to 'None'
[0.086s] Level 5:colcon.colcon_core.verb:set package 'sirgas_description' build argument 'cmake_target' from command line to 'None'
[0.086s] Level 5:colcon.colcon_core.verb:set package 'sirgas_description' build argument 'cmake_target_skip_unavailable' from command line to 'False'
[0.086s] Level 5:colcon.colcon_core.verb:set package 'sirgas_description' build argument 'cmake_clean_cache' from command line to 'False'
[0.086s] Level 5:colcon.colcon_core.verb:set package 'sirgas_description' build argument 'cmake_clean_first' from command line to 'False'
[0.086s] Level 5:colcon.colcon_core.verb:set package 'sirgas_description' build argument 'cmake_force_configure' from command line to 'False'
[0.086s] Level 5:colcon.colcon_core.verb:set package 'sirgas_description' build argument 'ament_cmake_args' from command line to 'None'
[0.086s] Level 5:colcon.colcon_core.verb:set package 'sirgas_description' build argument 'catkin_cmake_args' from command line to 'None'
[0.086s] Level 5:colcon.colcon_core.verb:set package 'sirgas_description' build argument 'catkin_skip_building_tests' from command line to 'False'
[0.086s] DEBUG:colcon.colcon_core.verb:Building package 'sirgas_description' with the following arguments: {'ament_cmake_args': None, 'build_base': '/home/tamar/RBE594_ws/build/sirgas_description', 'catkin_cmake_args': None, 'catkin_skip_building_tests': False, 'cmake_args': None, 'cmake_clean_cache': False, 'cmake_clean_first': False, 'cmake_force_configure': False, 'cmake_target': None, 'cmake_target_skip_unavailable': False, 'install_base': '/home/tamar/RBE594_ws/install/sirgas_description', 'merge_install': False, 'path': '/home/tamar/RBE594_ws/src/sirgas_description', 'symlink_install': True, 'test_result_base': None}
[0.087s] Level 5:colcon.colcon_core.verb:set package 'ur_description' build argument 'cmake_args' from command line to 'None'
[0.087s] Level 5:colcon.colcon_core.verb:set package 'ur_description' build argument 'cmake_target' from command line to 'None'
[0.087s] Level 5:colcon.colcon_core.verb:set package 'ur_description' build argument 'cmake_target_skip_unavailable' from command line to 'False'
[0.087s] Level 5:colcon.colcon_core.verb:set package 'ur_description' build argument 'cmake_clean_cache' from command line to 'False'
[0.087s] Level 5:colcon.colcon_core.verb:set package 'ur_description' build argument 'cmake_clean_first' from command line to 'False'
[0.087s] Level 5:colcon.colcon_core.verb:set package 'ur_description' build argument 'cmake_force_configure' from command line to 'False'
[0.087s] Level 5:colcon.colcon_core.verb:set package 'ur_description' build argument 'ament_cmake_args' from command line to 'None'
[0.087s] Level 5:colcon.colcon_core.verb:set package 'ur_description' build argument 'catkin_cmake_args' from command line to 'None'
[0.087s] Level 5:colcon.colcon_core.verb:set package 'ur_description' build argument 'catkin_skip_building_tests' from command line to 'False'
[0.087s] DEBUG:colcon.colcon_core.verb:Building package 'ur_description' with the following arguments: {'ament_cmake_args': None, 'build_base': '/home/tamar/RBE594_ws/build/ur_description', 'catkin_cmake_args': None, 'catkin_skip_building_tests': False, 'cmake_args': None, 'cmake_clean_cache': False, 'cmake_clean_first': False, 'cmake_force_configure': False, 'cmake_target': None, 'cmake_target_skip_unavailable': False, 'install_base': '/home/tamar/RBE594_ws/install/ur_description', 'merge_install': False, 'path': '/home/tamar/RBE594_ws/src/Universal_Robots_ROS2_Description', 'symlink_install': True, 'test_result_base': None}
[0.087s] Level 5:colcon.colcon_core.verb:set package 'ur_simulation_gz' build argument 'cmake_args' from command line to 'None'
[0.087s] Level 5:colcon.colcon_core.verb:set package 'ur_simulation_gz' build argument 'cmake_target' from command line to 'None'
[0.087s] Level 5:colcon.colcon_core.verb:set package 'ur_simulation_gz' build argument 'cmake_target_skip_unavailable' from command line to 'False'
[0.087s] Level 5:colcon.colcon_core.verb:set package 'ur_simulation_gz' build argument 'cmake_clean_cache' from command line to 'False'
[0.087s] Level 5:colcon.colcon_core.verb:set package 'ur_simulation_gz' build argument 'cmake_clean_first' from command line to 'False'
[0.087s] Level 5:colcon.colcon_core.verb:set package 'ur_simulation_gz' build argument 'cmake_force_configure' from command line to 'False'
[0.087s] Level 5:colcon.colcon_core.verb:set package 'ur_simulation_gz' build argument 'ament_cmake_args' from command line to 'None'
[0.087s] Level 5:colcon.colcon_core.verb:set package 'ur_simulation_gz' build argument 'catkin_cmake_args' from command line to 'None'
[0.087s] Level 5:colcon.colcon_core.verb:set package 'ur_simulation_gz' build argument 'catkin_skip_building_tests' from command line to 'False'
[0.087s] DEBUG:colcon.colcon_core.verb:Building package 'ur_simulation_gz' with the following arguments: {'ament_cmake_args': None, 'build_base': '/home/tamar/RBE594_ws/build/ur_simulation_gz', 'catkin_cmake_args': None, 'catkin_skip_building_tests': False, 'cmake_args': None, 'cmake_clean_cache': False, 'cmake_clean_first': False, 'cmake_force_configure': False, 'cmake_target': None, 'cmake_target_skip_unavailable': False, 'install_base': '/home/tamar/RBE594_ws/install/ur_simulation_gz', 'merge_install': False, 'path': '/home/tamar/RBE594_ws/src/Universal_Robots_ROS2_GZ_Simulation/ur_simulation_gz', 'symlink_install': True, 'test_result_base': None}
[0.087s] INFO:colcon.colcon_core.executor:Executing jobs using 'parallel' executor
[0.088s] DEBUG:colcon.colcon_parallel_executor.executor.parallel:run_until_complete
[0.088s] INFO:colcon.colcon_ros.task.ament_cmake.build:Building ROS package in '/home/tamar/RBE594_ws/src/Universal_Robots_ROS2_Description' with build type 'ament_cmake'
[0.088s] INFO:colcon.colcon_cmake.task.cmake.build:Building CMake package in '/home/tamar/RBE594_ws/src/Universal_Robots_ROS2_Description'
[0.089s] INFO:colcon.colcon_core.plugin_system:Skipping extension 'colcon_core.shell.bat': Not used on non-Windows systems
[0.089s] INFO:colcon.colcon_core.shell:Skip shell extension 'powershell' for command environment: Not usable outside of PowerShell
[0.089s] DEBUG:colcon.colcon_core.shell:Skip shell extension 'dsv' for command environment
[0.091s] INFO:colcon.colcon_ros.task.ament_python.build:Building ROS package in '/home/tamar/RBE594_ws/src/custom_gear_controllers' with build type 'ament_python'
[0.091s] Level 1:colcon.colcon_core.shell:create_environment_hook('custom_gear_controllers', 'ament_prefix_path')
[0.092s] INFO:colcon.colcon_core.shell:Creating environment hook '/home/tamar/RBE594_ws/install/custom_gear_controllers/share/custom_gear_controllers/hook/ament_prefix_path.ps1'
[0.092s] INFO:colcon.colcon_core.shell:Creating environment descriptor '/home/tamar/RBE594_ws/install/custom_gear_controllers/share/custom_gear_controllers/hook/ament_prefix_path.dsv'
[0.092s] INFO:colcon.colcon_core.shell:Creating environment hook '/home/tamar/RBE594_ws/install/custom_gear_controllers/share/custom_gear_controllers/hook/ament_prefix_path.sh'
[0.092s] INFO:colcon.colcon_core.shell:Skip shell extension 'powershell' for command environment: Not usable outside of PowerShell
[0.092s] DEBUG:colcon.colcon_core.shell:Skip shell extension 'dsv' for command environment
[0.094s] INFO:colcon.colcon_ros.task.catkin.build:Building ROS package in '/home/tamar/RBE594_ws/src/robotiq_arg85_description' with build type 'catkin'
[0.095s] INFO:colcon.colcon_cmake.task.cmake.build:Building CMake package in '/home/tamar/RBE594_ws/src/robotiq_arg85_description'
[0.095s] INFO:colcon.colcon_core.shell:Skip shell extension 'powershell' for command environment: Not usable outside of PowerShell
[0.095s] DEBUG:colcon.colcon_core.shell:Skip shell extension 'dsv' for command environment
[0.097s] INFO:colcon.colcon_ros.task.ament_cmake.build:Building ROS package in '/home/tamar/RBE594_ws/src/sirgas_description' with build type 'ament_cmake'
[0.097s] INFO:colcon.colcon_cmake.task.cmake.build:Building CMake package in '/home/tamar/RBE594_ws/src/sirgas_description'
[0.097s] INFO:colcon.colcon_core.shell:Skip shell extension 'powershell' for command environment: Not usable outside of PowerShell
[0.097s] DEBUG:colcon.colcon_core.shell:Skip shell extension 'dsv' for command environment
[0.100s] DEBUG:colcon.colcon_core.event_handler.log_command:Invoking command in '/home/tamar/RBE594_ws/build/ur_description': CMAKE_PREFIX_PATH=${CMAKE_PREFIX_PATH}:/home/tamar/RBE594_ws/install/custom_gear_controllers:/opt/ros/jazzy PS1=(vEnv) ${debian_chroot:+($debian_chroot)}\u@\h:\w\$ VIRTUAL_ENV_PROMPT=(vEnv) /usr/bin/cmake --build /home/tamar/RBE594_ws/build/ur_description -- -j32 -l32
[0.201s] INFO:colcon.colcon_core.task.python.build:Building Python package in '/home/tamar/RBE594_ws/src/custom_gear_controllers'
[0.201s] INFO:colcon.colcon_core.shell:Skip shell extension 'powershell' for command environment: Not usable outside of PowerShell
[0.201s] DEBUG:colcon.colcon_core.shell:Skip shell extension 'dsv' for command environment
[0.205s] DEBUG:colcon.colcon_core.event_handler.log_command:Invoking command in '/home/tamar/RBE594_ws/build/robotiq_arg85_description': PS1=(vEnv) ${debian_chroot:+($debian_chroot)}\u@\h:\w\$ VIRTUAL_ENV_PROMPT=(vEnv) /usr/bin/cmake /home/tamar/RBE594_ws/src/robotiq_arg85_description -DCATKIN_INSTALL_INTO_PREFIX_ROOT=0 -DCATKIN_SYMLINK_INSTALL=ON -DCMAKE_INSTALL_PREFIX=/home/tamar/RBE594_ws/install/robotiq_arg85_description
[0.206s] DEBUG:colcon.colcon_core.event_handler.log_command:Invoked command in '/home/tamar/RBE594_ws/build/ur_description' returned '0': CMAKE_PREFIX_PATH=${CMAKE_PREFIX_PATH}:/home/tamar/RBE594_ws/install/custom_gear_controllers:/opt/ros/jazzy PS1=(vEnv) ${debian_chroot:+($debian_chroot)}\u@\h:\w\$ VIRTUAL_ENV_PROMPT=(vEnv) /usr/bin/cmake --build /home/tamar/RBE594_ws/build/ur_description -- -j32 -l32
[0.212s] DEBUG:colcon.colcon_core.event_handler.log_command:Invoking command in '/home/tamar/RBE594_ws/build/ur_description': CMAKE_PREFIX_PATH=${CMAKE_PREFIX_PATH}:/home/tamar/RBE594_ws/install/custom_gear_controllers:/opt/ros/jazzy PS1=(vEnv) ${debian_chroot:+($debian_chroot)}\u@\h:\w\$ VIRTUAL_ENV_PROMPT=(vEnv) /usr/bin/cmake --install /home/tamar/RBE594_ws/build/ur_description
[0.214s] DEBUG:colcon.colcon_core.event_handler.log_command:Invoking command in '/home/tamar/RBE594_ws/build/sirgas_description': CMAKE_PREFIX_PATH=${CMAKE_PREFIX_PATH}:/home/tamar/RBE594_ws/install/custom_gear_controllers:/opt/ros/jazzy PS1=(vEnv) ${debian_chroot:+($debian_chroot)}\u@\h:\w\$ VIRTUAL_ENV_PROMPT=(vEnv) /usr/bin/cmake --build /home/tamar/RBE594_ws/build/sirgas_description -- -j32 -l32
[0.236s] Level 1:colcon.colcon_core.environment:create_environment_scripts_only(ur_description)
[0.236s] DEBUG:colcon.colcon_core.event_handler.log_command:Invoked command in '/home/tamar/RBE594_ws/build/ur_description' returned '0': CMAKE_PREFIX_PATH=${CMAKE_PREFIX_PATH}:/home/tamar/RBE594_ws/install/custom_gear_controllers:/opt/ros/jazzy PS1=(vEnv) ${debian_chroot:+($debian_chroot)}\u@\h:\w\$ VIRTUAL_ENV_PROMPT=(vEnv) /usr/bin/cmake --install /home/tamar/RBE594_ws/build/ur_description
[0.238s] Level 1:colcon.colcon_core.environment:checking '/home/tamar/RBE594_ws/install/ur_description' for CMake module files
[0.238s] Level 1:colcon.colcon_core.environment:checking '/home/tamar/RBE594_ws/install/ur_description' for CMake config files
[0.240s] Level 1:colcon.colcon_core.shell:create_environment_hook('ur_description', 'cmake_prefix_path')
[0.240s] INFO:colcon.colcon_core.shell:Creating environment hook '/home/tamar/RBE594_ws/install/ur_description/share/ur_description/hook/cmake_prefix_path.ps1'
[0.241s] INFO:colcon.colcon_core.shell:Creating environment descriptor '/home/tamar/RBE594_ws/install/ur_description/share/ur_description/hook/cmake_prefix_path.dsv'
[0.241s] INFO:colcon.colcon_core.shell:Creating environment hook '/home/tamar/RBE594_ws/install/ur_description/share/ur_description/hook/cmake_prefix_path.sh'
[0.242s] Level 1:colcon.colcon_core.environment:checking '/home/tamar/RBE594_ws/install/ur_description/bin'
[0.242s] Level 1:colcon.colcon_core.environment:checking '/home/tamar/RBE594_ws/install/ur_description/lib/pkgconfig/ur_description.pc'
[0.242s] Level 1:colcon.colcon_core.environment:checking '/home/tamar/RBE594_ws/install/ur_description/lib/python3.12/site-packages'
[0.242s] Level 1:colcon.colcon_core.environment:checking '/home/tamar/RBE594_ws/install/ur_description/bin'
[0.242s] INFO:colcon.colcon_core.shell:Creating package script '/home/tamar/RBE594_ws/install/ur_description/share/ur_description/package.ps1'
[0.243s] INFO:colcon.colcon_core.shell:Creating package descriptor '/home/tamar/RBE594_ws/install/ur_description/share/ur_description/package.dsv'
[0.243s] INFO:colcon.colcon_core.shell:Creating package script '/home/tamar/RBE594_ws/install/ur_description/share/ur_description/package.sh'
[0.244s] INFO:colcon.colcon_core.shell:Creating package script '/home/tamar/RBE594_ws/install/ur_description/share/ur_description/package.bash'
[0.244s] INFO:colcon.colcon_core.shell:Creating package script '/home/tamar/RBE594_ws/install/ur_description/share/ur_description/package.zsh'
[0.244s] Level 1:colcon.colcon_core.environment:create_file_with_runtime_dependencies(/home/tamar/RBE594_ws/install/ur_description/share/colcon-core/packages/ur_description)
[0.245s] Level 1:colcon.colcon_core.environment:create_environment_scripts_only(ur_description)
[0.245s] Level 1:colcon.colcon_core.environment:checking '/home/tamar/RBE594_ws/install/ur_description' for CMake module files
[0.245s] Level 1:colcon.colcon_core.environment:checking '/home/tamar/RBE594_ws/install/ur_description' for CMake config files
[0.247s] Level 1:colcon.colcon_core.shell:create_environment_hook('ur_description', 'cmake_prefix_path')
[0.247s] INFO:colcon.colcon_core.shell:Creating environment hook '/home/tamar/RBE594_ws/install/ur_description/share/ur_description/hook/cmake_prefix_path.ps1'
[0.247s] INFO:colcon.colcon_core.shell:Creating environment descriptor '/home/tamar/RBE594_ws/install/ur_description/share/ur_description/hook/cmake_prefix_path.dsv'
[0.248s] INFO:colcon.colcon_core.shell:Creating environment hook '/home/tamar/RBE594_ws/install/ur_description/share/ur_description/hook/cmake_prefix_path.sh'
[0.248s] Level 1:colcon.colcon_core.environment:checking '/home/tamar/RBE594_ws/install/ur_description/bin'
[0.248s] Level 1:colcon.colcon_core.environment:checking '/home/tamar/RBE594_ws/install/ur_description/lib/pkgconfig/ur_description.pc'
[0.248s] Level 1:colcon.colcon_core.environment:checking '/home/tamar/RBE594_ws/install/ur_description/lib/python3.12/site-packages'
[0.248s] Level 1:colcon.colcon_core.environment:checking '/home/tamar/RBE594_ws/install/ur_description/bin'
[0.248s] INFO:colcon.colcon_core.shell:Creating package script '/home/tamar/RBE594_ws/install/ur_description/share/ur_description/package.ps1'
[0.249s] INFO:colcon.colcon_core.shell:Creating package descriptor '/home/tamar/RBE594_ws/install/ur_description/share/ur_description/package.dsv'
[0.249s] INFO:colcon.colcon_core.shell:Creating package script '/home/tamar/RBE594_ws/install/ur_description/share/ur_description/package.sh'
[0.249s] INFO:colcon.colcon_core.shell:Creating package script '/home/tamar/RBE594_ws/install/ur_description/share/ur_description/package.bash'
[0.250s] INFO:colcon.colcon_core.shell:Creating package script '/home/tamar/RBE594_ws/install/ur_description/share/ur_description/package.zsh'
[0.250s] Level 1:colcon.colcon_core.environment:create_file_with_runtime_dependencies(/home/tamar/RBE594_ws/install/ur_description/share/colcon-core/packages/ur_description)
[0.250s] INFO:colcon.colcon_ros.task.ament_cmake.build:Building ROS package in '/home/tamar/RBE594_ws/src/Universal_Robots_ROS2_GZ_Simulation/ur_simulation_gz' with build type 'ament_cmake'
[0.250s] INFO:colcon.colcon_cmake.task.cmake.build:Building CMake package in '/home/tamar/RBE594_ws/src/Universal_Robots_ROS2_GZ_Simulation/ur_simulation_gz'
[0.250s] INFO:colcon.colcon_core.shell:Skip shell extension 'powershell' for command environment: Not usable outside of PowerShell
[0.251s] DEBUG:colcon.colcon_core.shell:Skip shell extension 'dsv' for command environment
[0.253s] DEBUG:colcon.colcon_core.event_handler.log_command:Invoked command in '/home/tamar/RBE594_ws/build/sirgas_description' returned '0': CMAKE_PREFIX_PATH=${CMAKE_PREFIX_PATH}:/home/tamar/RBE594_ws/install/custom_gear_controllers:/opt/ros/jazzy PS1=(vEnv) ${debian_chroot:+($debian_chroot)}\u@\h:\w\$ VIRTUAL_ENV_PROMPT=(vEnv) /usr/bin/cmake --build /home/tamar/RBE594_ws/build/sirgas_description -- -j32 -l32
[0.253s] DEBUG:colcon.colcon_core.event_handler.log_command:Invoking command in '/home/tamar/RBE594_ws/build/sirgas_description': CMAKE_PREFIX_PATH=${CMAKE_PREFIX_PATH}:/home/tamar/RBE594_ws/install/custom_gear_controllers:/opt/ros/jazzy PS1=(vEnv) ${debian_chroot:+($debian_chroot)}\u@\h:\w\$ VIRTUAL_ENV_PROMPT=(vEnv) /usr/bin/cmake --install /home/tamar/RBE594_ws/build/sirgas_description
[0.255s] DEBUG:colcon.colcon_core.event_handler.log_command:Invoking command in '/home/tamar/RBE594_ws/build/ur_simulation_gz': CMAKE_PREFIX_PATH=/home/tamar/RBE594_ws/install/ur_description:/home/tamar/RBE594_ws/install/ur_simulation_gz:/home/tamar/RBE594_ws/install/sirgas_description:/opt/ros/jazzy/opt/gz_sim_vendor:/opt/ros/jazzy/opt/gz_sensors_vendor:/opt/ros/jazzy/opt/gz_physics_vendor:/opt/ros/jazzy/opt/sdformat_vendor:/opt/ros/jazzy/opt/gz_gui_vendor:/opt/ros/jazzy/opt/gz_transport_vendor:/opt/ros/jazzy/opt/gz_rendering_vendor:/opt/ros/jazzy/opt/gz_plugin_vendor:/opt/ros/jazzy/opt/gz_fuel_tools_vendor:/opt/ros/jazzy/opt/gz_msgs_vendor:/opt/ros/jazzy/opt/gz_common_vendor:/opt/ros/jazzy/opt/gz_math_vendor:/opt/ros/jazzy/opt/gz_utils_vendor:/opt/ros/jazzy/opt/gz_tools_vendor:/opt/ros/jazzy/opt/gz_ogre_next_vendor:/opt/ros/jazzy/opt/gz_dartsim_vendor:/opt/ros/jazzy/opt/gz_cmake_vendor:/home/tamar/RBE594_ws/install/custom_gear_controllers:/opt/ros/jazzy PS1=(vEnv) ${debian_chroot:+($debian_chroot)}\u@\h:\w\$ VIRTUAL_ENV_PROMPT=(vEnv) /usr/bin/cmake --build /home/tamar/RBE594_ws/build/ur_simulation_gz -- -j32 -l32
[0.271s] Level 1:colcon.colcon_core.environment:create_environment_scripts_only(sirgas_description)
[0.271s] Level 1:colcon.colcon_core.environment:checking '/home/tamar/RBE594_ws/install/sirgas_description' for CMake module files
[0.271s] DEBUG:colcon.colcon_core.event_handler.log_command:Invoked command in '/home/tamar/RBE594_ws/build/sirgas_description' returned '0': CMAKE_PREFIX_PATH=${CMAKE_PREFIX_PATH}:/home/tamar/RBE594_ws/install/custom_gear_controllers:/opt/ros/jazzy PS1=(vEnv) ${debian_chroot:+($debian_chroot)}\u@\h:\w\$ VIRTUAL_ENV_PROMPT=(vEnv) /usr/bin/cmake --install /home/tamar/RBE594_ws/build/sirgas_description
[0.272s] Level 1:colcon.colcon_core.environment:checking '/home/tamar/RBE594_ws/install/sirgas_description' for CMake config files
[0.272s] Level 1:colcon.colcon_core.shell:create_environment_hook('sirgas_description', 'cmake_prefix_path')
[0.273s] INFO:colcon.colcon_core.shell:Creating environment hook '/home/tamar/RBE594_ws/install/sirgas_description/share/sirgas_description/hook/cmake_prefix_path.ps1'
[0.273s] INFO:colcon.colcon_core.shell:Creating environment descriptor '/home/tamar/RBE594_ws/install/sirgas_description/share/sirgas_description/hook/cmake_prefix_path.dsv'
[0.273s] INFO:colcon.colcon_core.shell:Creating environment hook '/home/tamar/RBE594_ws/install/sirgas_description/share/sirgas_description/hook/cmake_prefix_path.sh'
[0.274s] Level 1:colcon.colcon_core.environment:checking '/home/tamar/RBE594_ws/install/sirgas_description/bin'
[0.274s] Level 1:colcon.colcon_core.environment:checking '/home/tamar/RBE594_ws/install/sirgas_description/lib/pkgconfig/sirgas_description.pc'
[0.274s] Level 1:colcon.colcon_core.environment:checking '/home/tamar/RBE594_ws/install/sirgas_description/lib/python3.12/site-packages'
[0.274s] Level 1:colcon.colcon_core.environment:checking '/home/tamar/RBE594_ws/install/sirgas_description/bin'
[0.274s] INFO:colcon.colcon_core.shell:Creating package script '/home/tamar/RBE594_ws/install/sirgas_description/share/sirgas_description/package.ps1'
[0.274s] INFO:colcon.colcon_core.shell:Creating package descriptor '/home/tamar/RBE594_ws/install/sirgas_description/share/sirgas_description/package.dsv'
[0.275s] INFO:colcon.colcon_core.shell:Creating package script '/home/tamar/RBE594_ws/install/sirgas_description/share/sirgas_description/package.sh'
[0.275s] INFO:colcon.colcon_core.shell:Creating package script '/home/tamar/RBE594_ws/install/sirgas_description/share/sirgas_description/package.bash'
[0.275s] INFO:colcon.colcon_core.shell:Creating package script '/home/tamar/RBE594_ws/install/sirgas_description/share/sirgas_description/package.zsh'
[0.276s] Level 1:colcon.colcon_core.environment:create_file_with_runtime_dependencies(/home/tamar/RBE594_ws/install/sirgas_description/share/colcon-core/packages/sirgas_description)
[0.276s] Level 1:colcon.colcon_core.environment:create_environment_scripts_only(sirgas_description)
[0.276s] Level 1:colcon.colcon_core.environment:checking '/home/tamar/RBE594_ws/install/sirgas_description' for CMake module files
[0.276s] Level 1:colcon.colcon_core.environment:checking '/home/tamar/RBE594_ws/install/sirgas_description' for CMake config files
[0.277s] Level 1:colcon.colcon_core.shell:create_environment_hook('sirgas_description', 'cmake_prefix_path')
[0.277s] INFO:colcon.colcon_core.shell:Creating environment hook '/home/tamar/RBE594_ws/install/sirgas_description/share/sirgas_description/hook/cmake_prefix_path.ps1'
[0.277s] INFO:colcon.colcon_core.shell:Creating environment descriptor '/home/tamar/RBE594_ws/install/sirgas_description/share/sirgas_description/hook/cmake_prefix_path.dsv'
[0.278s] INFO:colcon.colcon_core.shell:Creating environment hook '/home/tamar/RBE594_ws/install/sirgas_description/share/sirgas_description/hook/cmake_prefix_path.sh'
[0.278s] Level 1:colcon.colcon_core.environment:checking '/home/tamar/RBE594_ws/install/sirgas_description/bin'
[0.278s] Level 1:colcon.colcon_core.environment:checking '/home/tamar/RBE594_ws/install/sirgas_description/lib/pkgconfig/sirgas_description.pc'
[0.278s] Level 1:colcon.colcon_core.environment:checking '/home/tamar/RBE594_ws/install/sirgas_description/lib/python3.12/site-packages'
[0.279s] Level 1:colcon.colcon_core.environment:checking '/home/tamar/RBE594_ws/install/sirgas_description/bin'
[0.279s] INFO:colcon.colcon_core.shell:Creating package script '/home/tamar/RBE594_ws/install/sirgas_description/share/sirgas_description/package.ps1'
[0.279s] INFO:colcon.colcon_core.shell:Creating package descriptor '/home/tamar/RBE594_ws/install/sirgas_description/share/sirgas_description/package.dsv'
[0.279s] INFO:colcon.colcon_core.shell:Creating package script '/home/tamar/RBE594_ws/install/sirgas_description/share/sirgas_description/package.sh'
[0.280s] INFO:colcon.colcon_core.shell:Creating package script '/home/tamar/RBE594_ws/install/sirgas_description/share/sirgas_description/package.bash'
[0.280s] INFO:colcon.colcon_core.shell:Creating package script '/home/tamar/RBE594_ws/install/sirgas_description/share/sirgas_description/package.zsh'
[0.280s] Level 1:colcon.colcon_core.environment:create_file_with_runtime_dependencies(/home/tamar/RBE594_ws/install/sirgas_description/share/colcon-core/packages/sirgas_description)
[0.282s] DEBUG:colcon.colcon_core.event_handler.log_command:Invoked command in '/home/tamar/RBE594_ws/build/ur_simulation_gz' returned '0': CMAKE_PREFIX_PATH=/home/tamar/RBE594_ws/install/ur_description:/home/tamar/RBE594_ws/install/ur_simulation_gz:/home/tamar/RBE594_ws/install/sirgas_description:/opt/ros/jazzy/opt/gz_sim_vendor:/opt/ros/jazzy/opt/gz_sensors_vendor:/opt/ros/jazzy/opt/gz_physics_vendor:/opt/ros/jazzy/opt/sdformat_vendor:/opt/ros/jazzy/opt/gz_gui_vendor:/opt/ros/jazzy/opt/gz_transport_vendor:/opt/ros/jazzy/opt/gz_rendering_vendor:/opt/ros/jazzy/opt/gz_plugin_vendor:/opt/ros/jazzy/opt/gz_fuel_tools_vendor:/opt/ros/jazzy/opt/gz_msgs_vendor:/opt/ros/jazzy/opt/gz_common_vendor:/opt/ros/jazzy/opt/gz_math_vendor:/opt/ros/jazzy/opt/gz_utils_vendor:/opt/ros/jazzy/opt/gz_tools_vendor:/opt/ros/jazzy/opt/gz_ogre_next_vendor:/opt/ros/jazzy/opt/gz_dartsim_vendor:/opt/ros/jazzy/opt/gz_cmake_vendor:/home/tamar/RBE594_ws/install/custom_gear_controllers:/opt/ros/jazzy PS1=(vEnv) ${debian_chroot:+($debian_chroot)}\u@\h:\w\$ VIRTUAL_ENV_PROMPT=(vEnv) /usr/bin/cmake --build /home/tamar/RBE594_ws/build/ur_simulation_gz -- -j32 -l32
[0.283s] DEBUG:colcon.colcon_core.event_handler.log_command:Invoking command in '/home/tamar/RBE594_ws/build/ur_simulation_gz': CMAKE_PREFIX_PATH=/home/tamar/RBE594_ws/install/ur_description:/home/tamar/RBE594_ws/install/ur_simulation_gz:/home/tamar/RBE594_ws/install/sirgas_description:/opt/ros/jazzy/opt/gz_sim_vendor:/opt/ros/jazzy/opt/gz_sensors_vendor:/opt/ros/jazzy/opt/gz_physics_vendor:/opt/ros/jazzy/opt/sdformat_vendor:/opt/ros/jazzy/opt/gz_gui_vendor:/opt/ros/jazzy/opt/gz_transport_vendor:/opt/ros/jazzy/opt/gz_rendering_vendor:/opt/ros/jazzy/opt/gz_plugin_vendor:/opt/ros/jazzy/opt/gz_fuel_tools_vendor:/opt/ros/jazzy/opt/gz_msgs_vendor:/opt/ros/jazzy/opt/gz_common_vendor:/opt/ros/jazzy/opt/gz_math_vendor:/opt/ros/jazzy/opt/gz_utils_vendor:/opt/ros/jazzy/opt/gz_tools_vendor:/opt/ros/jazzy/opt/gz_ogre_next_vendor:/opt/ros/jazzy/opt/gz_dartsim_vendor:/opt/ros/jazzy/opt/gz_cmake_vendor:/home/tamar/RBE594_ws/install/custom_gear_controllers:/opt/ros/jazzy PS1=(vEnv) ${debian_chroot:+($debian_chroot)}\u@\h:\w\$ VIRTUAL_ENV_PROMPT=(vEnv) /usr/bin/cmake --install /home/tamar/RBE594_ws/build/ur_simulation_gz
[0.295s] Level 1:colcon.colcon_core.environment:create_environment_scripts_only(ur_simulation_gz)
[0.295s] Level 1:colcon.colcon_core.environment:checking '/home/tamar/RBE594_ws/install/ur_simulation_gz' for CMake module files
[0.295s] DEBUG:colcon.colcon_core.event_handler.log_command:Invoked command in '/home/tamar/RBE594_ws/build/ur_simulation_gz' returned '0': CMAKE_PREFIX_PATH=/home/tamar/RBE594_ws/install/ur_description:/home/tamar/RBE594_ws/install/ur_simulation_gz:/home/tamar/RBE594_ws/install/sirgas_description:/opt/ros/jazzy/opt/gz_sim_vendor:/opt/ros/jazzy/opt/gz_sensors_vendor:/opt/ros/jazzy/opt/gz_physics_vendor:/opt/ros/jazzy/opt/sdformat_vendor:/opt/ros/jazzy/opt/gz_gui_vendor:/opt/ros/jazzy/opt/gz_transport_vendor:/opt/ros/jazzy/opt/gz_rendering_vendor:/opt/ros/jazzy/opt/gz_plugin_vendor:/opt/ros/jazzy/opt/gz_fuel_tools_vendor:/opt/ros/jazzy/opt/gz_msgs_vendor:/opt/ros/jazzy/opt/gz_common_vendor:/opt/ros/jazzy/opt/gz_math_vendor:/opt/ros/jazzy/opt/gz_utils_vendor:/opt/ros/jazzy/opt/gz_tools_vendor:/opt/ros/jazzy/opt/gz_ogre_next_vendor:/opt/ros/jazzy/opt/gz_dartsim_vendor:/opt/ros/jazzy/opt/gz_cmake_vendor:/home/tamar/RBE594_ws/install/custom_gear_controllers:/opt/ros/jazzy PS1=(vEnv) ${debian_chroot:+($debian_chroot)}\u@\h:\w\$ VIRTUAL_ENV_PROMPT=(vEnv) /usr/bin/cmake --install /home/tamar/RBE594_ws/build/ur_simulation_gz
[0.295s] Level 1:colcon.colcon_core.environment:checking '/home/tamar/RBE594_ws/install/ur_simulation_gz' for CMake config files
[0.296s] Level 1:colcon.colcon_core.shell:create_environment_hook('ur_simulation_gz', 'cmake_prefix_path')
[0.296s] INFO:colcon.colcon_core.shell:Creating environment hook '/home/tamar/RBE594_ws/install/ur_simulation_gz/share/ur_simulation_gz/hook/cmake_prefix_path.ps1'
[0.296s] INFO:colcon.colcon_core.shell:Creating environment descriptor '/home/tamar/RBE594_ws/install/ur_simulation_gz/share/ur_simulation_gz/hook/cmake_prefix_path.dsv'
[0.296s] INFO:colcon.colcon_core.shell:Creating environment hook '/home/tamar/RBE594_ws/install/ur_simulation_gz/share/ur_simulation_gz/hook/cmake_prefix_path.sh'
[0.296s] Level 1:colcon.colcon_core.environment:checking '/home/tamar/RBE594_ws/install/ur_simulation_gz/bin'
[0.296s] Level 1:colcon.colcon_core.environment:checking '/home/tamar/RBE594_ws/install/ur_simulation_gz/lib/pkgconfig/ur_simulation_gz.pc'
[0.296s] Level 1:colcon.colcon_core.environment:checking '/home/tamar/RBE594_ws/install/ur_simulation_gz/lib/python3.12/site-packages'
[0.296s] Level 1:colcon.colcon_core.environment:checking '/home/tamar/RBE594_ws/install/ur_simulation_gz/bin'
[0.297s] INFO:colcon.colcon_core.shell:Creating package script '/home/tamar/RBE594_ws/install/ur_simulation_gz/share/ur_simulation_gz/package.ps1'
[0.297s] INFO:colcon.colcon_core.shell:Creating package descriptor '/home/tamar/RBE594_ws/install/ur_simulation_gz/share/ur_simulation_gz/package.dsv'
[0.297s] INFO:colcon.colcon_core.shell:Creating package script '/home/tamar/RBE594_ws/install/ur_simulation_gz/share/ur_simulation_gz/package.sh'
[0.297s] INFO:colcon.colcon_core.shell:Creating package script '/home/tamar/RBE594_ws/install/ur_simulation_gz/share/ur_simulation_gz/package.bash'
[0.297s] INFO:colcon.colcon_core.shell:Creating package script '/home/tamar/RBE594_ws/install/ur_simulation_gz/share/ur_simulation_gz/package.zsh'
[0.297s] Level 1:colcon.colcon_core.environment:create_file_with_runtime_dependencies(/home/tamar/RBE594_ws/install/ur_simulation_gz/share/colcon-core/packages/ur_simulation_gz)
[0.297s] Level 1:colcon.colcon_core.environment:create_environment_scripts_only(ur_simulation_gz)
[0.298s] Level 1:colcon.colcon_core.environment:checking '/home/tamar/RBE594_ws/install/ur_simulation_gz' for CMake module files
[0.298s] Level 1:colcon.colcon_core.environment:checking '/home/tamar/RBE594_ws/install/ur_simulation_gz' for CMake config files
[0.298s] Level 1:colcon.colcon_core.shell:create_environment_hook('ur_simulation_gz', 'cmake_prefix_path')
[0.298s] INFO:colcon.colcon_core.shell:Creating environment hook '/home/tamar/RBE594_ws/install/ur_simulation_gz/share/ur_simulation_gz/hook/cmake_prefix_path.ps1'
[0.298s] INFO:colcon.colcon_core.shell:Creating environment descriptor '/home/tamar/RBE594_ws/install/ur_simulation_gz/share/ur_simulation_gz/hook/cmake_prefix_path.dsv'
[0.298s] INFO:colcon.colcon_core.shell:Creating environment hook '/home/tamar/RBE594_ws/install/ur_simulation_gz/share/ur_simulation_gz/hook/cmake_prefix_path.sh'
[0.299s] Level 1:colcon.colcon_core.environment:checking '/home/tamar/RBE594_ws/install/ur_simulation_gz/bin'
[0.299s] Level 1:colcon.colcon_core.environment:checking '/home/tamar/RBE594_ws/install/ur_simulation_gz/lib/pkgconfig/ur_simulation_gz.pc'
[0.299s] Level 1:colcon.colcon_core.environment:checking '/home/tamar/RBE594_ws/install/ur_simulation_gz/lib/python3.12/site-packages'
[0.299s] Level 1:colcon.colcon_core.environment:checking '/home/tamar/RBE594_ws/install/ur_simulation_gz/bin'
[0.299s] INFO:colcon.colcon_core.shell:Creating package script '/home/tamar/RBE594_ws/install/ur_simulation_gz/share/ur_simulation_gz/package.ps1'
[0.299s] INFO:colcon.colcon_core.shell:Creating package descriptor '/home/tamar/RBE594_ws/install/ur_simulation_gz/share/ur_simulation_gz/package.dsv'
[0.299s] INFO:colcon.colcon_core.shell:Creating package script '/home/tamar/RBE594_ws/install/ur_simulation_gz/share/ur_simulation_gz/package.sh'
[0.299s] INFO:colcon.colcon_core.shell:Creating package script '/home/tamar/RBE594_ws/install/ur_simulation_gz/share/ur_simulation_gz/package.bash'
[0.300s] INFO:colcon.colcon_core.shell:Creating package script '/home/tamar/RBE594_ws/install/ur_simulation_gz/share/ur_simulation_gz/package.zsh'
[0.300s] Level 1:colcon.colcon_core.environment:create_file_with_runtime_dependencies(/home/tamar/RBE594_ws/install/ur_simulation_gz/share/colcon-core/packages/ur_simulation_gz)
[0.455s] DEBUG:colcon.colcon_core.event_handler.log_command:Invoked command in '/home/tamar/RBE594_ws/build/robotiq_arg85_description' returned '1': PS1=(vEnv) ${debian_chroot:+($debian_chroot)}\u@\h:\w\$ VIRTUAL_ENV_PROMPT=(vEnv) /usr/bin/cmake /home/tamar/RBE594_ws/src/robotiq_arg85_description -DCATKIN_INSTALL_INTO_PREFIX_ROOT=0 -DCATKIN_SYMLINK_INSTALL=ON -DCMAKE_INSTALL_PREFIX=/home/tamar/RBE594_ws/install/robotiq_arg85_description
[0.459s] DEBUG:colcon.colcon_core.event_handler.log_command:Invoking command in '/home/tamar/RBE594_ws/build/custom_gear_controllers': PS1=(vEnv) ${debian_chroot:+($debian_chroot)}\u@\h:\w\$ PYTHONPATH=/home/tamar/RBE594_ws/build/custom_gear_controllers/prefix_override:/usr/lib/python3/dist-packages/colcon_core/task/python/colcon_distutils_commands:/home/tamar/RBE594_ws/install/custom_gear_controllers/lib/python3.12/site-packages:${PYTHONPATH} VIRTUAL_ENV_PROMPT=(vEnv) /usr/bin/python3 -W ignore:setup.py install is deprecated -W ignore:easy_install command is deprecated setup.py develop --editable --build-directory /home/tamar/RBE594_ws/build/custom_gear_controllers/build --no-deps symlink_data
[0.464s] Level 1:colcon.colcon_core.environment:create_environment_scripts_only(robotiq_arg85_description)
[0.464s] Level 1:colcon.colcon_core.environment:checking '/home/tamar/RBE594_ws/install/robotiq_arg85_description' for CMake module files
[0.465s] Level 1:colcon.colcon_core.environment:checking '/home/tamar/RBE594_ws/install/robotiq_arg85_description' for CMake config files
[0.465s] Level 1:colcon.colcon_core.environment:checking '/home/tamar/RBE594_ws/install/robotiq_arg85_description/bin'
[0.465s] Level 1:colcon.colcon_core.environment:checking '/home/tamar/RBE594_ws/install/robotiq_arg85_description/lib/pkgconfig/robotiq_arg85_description.pc'
[0.465s] Level 1:colcon.colcon_core.environment:checking '/home/tamar/RBE594_ws/install/robotiq_arg85_description/lib/python3.12/site-packages'
[0.465s] Level 1:colcon.colcon_core.environment:checking '/home/tamar/RBE594_ws/install/robotiq_arg85_description/bin'
[0.465s] INFO:colcon.colcon_core.shell:Creating package script '/home/tamar/RBE594_ws/install/robotiq_arg85_description/share/robotiq_arg85_description/package.ps1'
[0.466s] INFO:colcon.colcon_core.shell:Creating package descriptor '/home/tamar/RBE594_ws/install/robotiq_arg85_description/share/robotiq_arg85_description/package.dsv'
[0.466s] INFO:colcon.colcon_core.shell:Creating package script '/home/tamar/RBE594_ws/install/robotiq_arg85_description/share/robotiq_arg85_description/package.sh'
[0.466s] INFO:colcon.colcon_core.shell:Creating package script '/home/tamar/RBE594_ws/install/robotiq_arg85_description/share/robotiq_arg85_description/package.bash'
[0.466s] INFO:colcon.colcon_core.shell:Creating package script '/home/tamar/RBE594_ws/install/robotiq_arg85_description/share/robotiq_arg85_description/package.zsh'
[0.467s] Level 1:colcon.colcon_core.environment:create_file_with_runtime_dependencies(/home/tamar/RBE594_ws/install/robotiq_arg85_description/share/colcon-core/packages/robotiq_arg85_description)
[0.732s] DEBUG:colcon.colcon_parallel_executor.executor.parallel:closing loop
[0.732s] DEBUG:colcon.colcon_parallel_executor.executor.parallel:loop closed
[0.732s] DEBUG:colcon.colcon_parallel_executor.executor.parallel:run_until_complete finished with '1'
[0.732s] DEBUG:colcon.colcon_core.event_reactor:joining thread
[0.735s] INFO:colcon.colcon_core.plugin_system:Skipping extension 'colcon_notification.desktop_notification.notify_send': Could not find 'notify-send'
[0.735s] INFO:colcon.colcon_core.plugin_system:Skipping extension 'colcon_notification.desktop_notification.terminal_notifier': Not used on non-Darwin systems
[0.735s] INFO:colcon.colcon_core.plugin_system:Skipping extension 'colcon_notification.desktop_notification.win32': Not used on non-Windows systems
[0.735s] INFO:colcon.colcon_notification.desktop_notification:Sending desktop notification using 'notify2'
[0.736s] DEBUG:colcon.colcon_notification.desktop_notification.notify2:Failed to initialize notify2: org.freedesktop.DBus.Error.Spawn.ExecFailed: /usr/bin/dbus-launch terminated abnormally without any error message
[0.736s] DEBUG:colcon.colcon_core.event_reactor:joined thread
[0.737s] INFO:colcon.colcon_core.shell:Creating prefix script '/home/tamar/RBE594_ws/install/local_setup.ps1'
[0.738s] INFO:colcon.colcon_core.shell:Creating prefix util module '/home/tamar/RBE594_ws/install/_local_setup_util_ps1.py'
[0.738s] INFO:colcon.colcon_core.shell:Creating prefix chain script '/home/tamar/RBE594_ws/install/setup.ps1'
[0.739s] INFO:colcon.colcon_core.shell:Creating prefix script '/home/tamar/RBE594_ws/install/local_setup.sh'
[0.740s] INFO:colcon.colcon_core.shell:Creating prefix util module '/home/tamar/RBE594_ws/install/_local_setup_util_sh.py'
[0.740s] INFO:colcon.colcon_core.shell:Creating prefix chain script '/home/tamar/RBE594_ws/install/setup.sh'
[0.741s] INFO:colcon.colcon_core.shell:Creating prefix script '/home/tamar/RBE594_ws/install/local_setup.bash'
[0.741s] INFO:colcon.colcon_core.shell:Creating prefix chain script '/home/tamar/RBE594_ws/install/setup.bash'
[0.741s] INFO:colcon.colcon_core.shell:Creating prefix script '/home/tamar/RBE594_ws/install/local_setup.zsh'
[0.742s] INFO:colcon.colcon_core.shell:Creating prefix chain script '/home/tamar/RBE594_ws/install/setup.zsh'
