[0.000000] (-) TimerEvent: {}
[0.000106] (custom_gear_controllers) JobQueued: {'identifier': 'custom_gear_controllers', 'dependencies': OrderedDict()}
[0.000131] (sirgas_description) JobQueued: {'identifier': 'sirgas_description', 'dependencies': OrderedDict()}
[0.000192] (ur_description) JobQueued: {'identifier': 'ur_description', 'dependencies': OrderedDict()}
[0.000206] (ur_simulation_gz) JobQueued: {'identifier': 'ur_simulation_gz', 'dependencies': OrderedDict({'ur_description': '/home/tamar/RBE594_ws/install/ur_description'})}
[0.000224] (ur_description) JobStarted: {'identifier': 'ur_description'}
[0.003772] (custom_gear_controllers) JobStarted: {'identifier': 'custom_gear_controllers'}
[0.006668] (sirgas_description) JobStarted: {'identifier': 'sirgas_description'}
[0.009169] (ur_description) JobProgress: {'identifier': 'ur_description', 'progress': 'cmake'}
[0.009380] (ur_description) JobProgress: {'identifier': 'ur_description', 'progress': 'build'}
[0.009671] (ur_description) Command: {'cmd': ['/usr/bin/cmake', '--build', '/home/tamar/RBE594_ws/build/ur_description', '--', '-j32', '-l32'], 'cwd': '/home/tamar/RBE594_ws/build/ur_description', 'env': OrderedDict({'GZ_SIM_RESOURCE_PATH': '/opt/ros/jazzy/share', 'GZ_CONFIG_PATH': '/opt/ros/jazzy/opt/gz_sim_vendor/share/gz:/opt/ros/jazzy/opt/sdformat_vendor/share/gz:/opt/ros/jazzy/opt/gz_gui_vendor/share/gz:/opt/ros/jazzy/opt/gz_transport_vendor/share/gz:/opt/ros/jazzy/opt/gz_rendering_vendor/share/gz:/opt/ros/jazzy/opt/gz_plugin_vendor/share/gz:/opt/ros/jazzy/opt/gz_fuel_tools_vendor/share/gz:/opt/ros/jazzy/opt/gz_msgs_vendor/share/gz:/opt/ros/jazzy/opt/gz_common_vendor/share/gz', 'HOSTNAME': 'cc3e0c1cee19', 'SHLVL': '1', 'LD_LIBRARY_PATH': '/opt/ros/jazzy/opt/gz_sim_vendor/lib:/opt/ros/jazzy/opt/gz_sensors_vendor/lib:/opt/ros/jazzy/opt/gz_physics_vendor/lib:/opt/ros/jazzy/opt/sdformat_vendor/lib:/opt/ros/jazzy/opt/rviz_ogre_vendor/lib:/opt/ros/jazzy/lib/x86_64-linux-gnu:/opt/ros/jazzy/opt/gz_gui_vendor/lib:/opt/ros/jazzy/opt/gz_transport_vendor/lib:/opt/ros/jazzy/opt/gz_rendering_vendor/lib:/opt/ros/jazzy/opt/gz_plugin_vendor/lib:/opt/ros/jazzy/opt/gz_fuel_tools_vendor/lib:/opt/ros/jazzy/opt/gz_msgs_vendor/lib:/opt/ros/jazzy/opt/gz_common_vendor/lib:/opt/ros/jazzy/opt/gz_math_vendor/lib:/opt/ros/jazzy/opt/gz_utils_vendor/lib:/opt/ros/jazzy/opt/gz_tools_vendor/lib:/opt/ros/jazzy/opt/gz_ogre_next_vendor/lib:/opt/ros/jazzy/opt/gz_dartsim_vendor/lib:/opt/ros/jazzy/opt/gz_cmake_vendor/lib:/opt/ros/jazzy/lib', 'HOME': '/home/tamar', 'OLDPWD': '/home/tamar', 'ROS_PYTHON_VERSION': '3', 'PS1': '(vEnv) ${debian_chroot:+($debian_chroot)}\\u@\\h:\\w\\$', 'COLCON_PREFIX_PATH': '/home/tamar/RBE594_ws/install', 'ROS_DISTRO': 'jazzy', '_': '/usr/bin/colcon', 'ROS_VERSION': '2', 'TERM': 'xterm', 'QT_X11_NO_MITSHM': '1', 'PATH': '/home/tamar/vEnv/bin:/opt/ros/jazzy/opt/gz_msgs_vendor/bin:/opt/ros/jazzy/opt/gz_tools_vendor/bin:/opt/ros/jazzy/opt/gz_ogre_next_vendor/bin:/opt/ros/jazzy/bin:/usr/local/sbin:/usr/local/bin:/usr/sbin:/usr/bin:/sbin:/bin', 'DISPLAY': ':0', 'LANG': 'C.UTF-8', 'VIRTUAL_ENV_PROMPT': '(vEnv)', 'RMW_IMPLEMENTATION': 'rmw_cyclonedds_cpp', 'AMENT_PREFIX_PATH': '/home/tamar/RBE594_ws/install/ur_simulation_gz:/home/tamar/RBE594_ws/install/ur_description:/home/tamar/RBE594_ws/install/sirgas_description:/home/tamar/RBE594_ws/install/custom_gear_controllers:/opt/ros/jazzy', 'VIRTUAL_ENV': '/home/tamar/vEnv', 'ROS_AUTOMATIC_DISCOVERY_RANGE': 'SUBNET', 'PWD': '/home/tamar/RBE594_ws/build/ur_description', 'TURTLEBOT3_MODEL': 'waffle', 'LC_ALL': 'C.UTF-8', 'PYTHONPATH': '/home/tamar/RBE594_ws/build/custom_gear_controllers:/home/tamar/RBE594_ws/install/custom_gear_controllers/lib/python3.12/site-packages:/opt/ros/jazzy/lib/python3.12/site-packages', 'COLCON': '1', 'CMAKE_PREFIX_PATH': '/home/tamar/RBE594_ws/install/ur_simulation_gz:/home/tamar/RBE594_ws/install/ur_description:/home/tamar/RBE594_ws/install/sirgas_description:/opt/ros/jazzy/opt/gz_sim_vendor:/opt/ros/jazzy/opt/gz_sensors_vendor:/opt/ros/jazzy/opt/gz_physics_vendor:/opt/ros/jazzy/opt/sdformat_vendor:/opt/ros/jazzy/opt/gz_gui_vendor:/opt/ros/jazzy/opt/gz_transport_vendor:/opt/ros/jazzy/opt/gz_rendering_vendor:/opt/ros/jazzy/opt/gz_plugin_vendor:/opt/ros/jazzy/opt/gz_fuel_tools_vendor:/opt/ros/jazzy/opt/gz_msgs_vendor:/opt/ros/jazzy/opt/gz_common_vendor:/opt/ros/jazzy/opt/gz_math_vendor:/opt/ros/jazzy/opt/gz_utils_vendor:/opt/ros/jazzy/opt/gz_tools_vendor:/opt/ros/jazzy/opt/gz_ogre_next_vendor:/opt/ros/jazzy/opt/gz_dartsim_vendor:/opt/ros/jazzy/opt/gz_cmake_vendor:/home/tamar/RBE594_ws/install/custom_gear_controllers:/opt/ros/jazzy'}), 'shell': False}
[0.099719] (-) TimerEvent: {}
[0.107075] (sirgas_description) JobProgress: {'identifier': 'sirgas_description', 'progress': 'cmake'}
[0.107442] (sirgas_description) JobProgress: {'identifier': 'sirgas_description', 'progress': 'build'}
[0.107635] (sirgas_description) Command: {'cmd': ['/usr/bin/cmake', '--build', '/home/tamar/RBE594_ws/build/sirgas_description', '--', '-j32', '-l32'], 'cwd': '/home/tamar/RBE594_ws/build/sirgas_description', 'env': OrderedDict({'GZ_SIM_RESOURCE_PATH': '/opt/ros/jazzy/share', 'GZ_CONFIG_PATH': '/opt/ros/jazzy/opt/gz_sim_vendor/share/gz:/opt/ros/jazzy/opt/sdformat_vendor/share/gz:/opt/ros/jazzy/opt/gz_gui_vendor/share/gz:/opt/ros/jazzy/opt/gz_transport_vendor/share/gz:/opt/ros/jazzy/opt/gz_rendering_vendor/share/gz:/opt/ros/jazzy/opt/gz_plugin_vendor/share/gz:/opt/ros/jazzy/opt/gz_fuel_tools_vendor/share/gz:/opt/ros/jazzy/opt/gz_msgs_vendor/share/gz:/opt/ros/jazzy/opt/gz_common_vendor/share/gz', 'HOSTNAME': 'cc3e0c1cee19', 'SHLVL': '1', 'LD_LIBRARY_PATH': '/opt/ros/jazzy/opt/gz_sim_vendor/lib:/opt/ros/jazzy/opt/gz_sensors_vendor/lib:/opt/ros/jazzy/opt/gz_physics_vendor/lib:/opt/ros/jazzy/opt/sdformat_vendor/lib:/opt/ros/jazzy/opt/rviz_ogre_vendor/lib:/opt/ros/jazzy/lib/x86_64-linux-gnu:/opt/ros/jazzy/opt/gz_gui_vendor/lib:/opt/ros/jazzy/opt/gz_transport_vendor/lib:/opt/ros/jazzy/opt/gz_rendering_vendor/lib:/opt/ros/jazzy/opt/gz_plugin_vendor/lib:/opt/ros/jazzy/opt/gz_fuel_tools_vendor/lib:/opt/ros/jazzy/opt/gz_msgs_vendor/lib:/opt/ros/jazzy/opt/gz_common_vendor/lib:/opt/ros/jazzy/opt/gz_math_vendor/lib:/opt/ros/jazzy/opt/gz_utils_vendor/lib:/opt/ros/jazzy/opt/gz_tools_vendor/lib:/opt/ros/jazzy/opt/gz_ogre_next_vendor/lib:/opt/ros/jazzy/opt/gz_dartsim_vendor/lib:/opt/ros/jazzy/opt/gz_cmake_vendor/lib:/opt/ros/jazzy/lib', 'HOME': '/home/tamar', 'OLDPWD': '/home/tamar', 'ROS_PYTHON_VERSION': '3', 'PS1': '(vEnv) ${debian_chroot:+($debian_chroot)}\\u@\\h:\\w\\$', 'COLCON_PREFIX_PATH': '/home/tamar/RBE594_ws/install', 'ROS_DISTRO': 'jazzy', '_': '/usr/bin/colcon', 'ROS_VERSION': '2', 'TERM': 'xterm', 'QT_X11_NO_MITSHM': '1', 'PATH': '/home/tamar/vEnv/bin:/opt/ros/jazzy/opt/gz_msgs_vendor/bin:/opt/ros/jazzy/opt/gz_tools_vendor/bin:/opt/ros/jazzy/opt/gz_ogre_next_vendor/bin:/opt/ros/jazzy/bin:/usr/local/sbin:/usr/local/bin:/usr/sbin:/usr/bin:/sbin:/bin', 'DISPLAY': ':0', 'LANG': 'C.UTF-8', 'VIRTUAL_ENV_PROMPT': '(vEnv)', 'RMW_IMPLEMENTATION': 'rmw_cyclonedds_cpp', 'AMENT_PREFIX_PATH': '/home/tamar/RBE594_ws/install/ur_simulation_gz:/home/tamar/RBE594_ws/install/ur_description:/home/tamar/RBE594_ws/install/sirgas_description:/home/tamar/RBE594_ws/install/custom_gear_controllers:/opt/ros/jazzy', 'VIRTUAL_ENV': '/home/tamar/vEnv', 'ROS_AUTOMATIC_DISCOVERY_RANGE': 'SUBNET', 'PWD': '/home/tamar/RBE594_ws/build/sirgas_description', 'TURTLEBOT3_MODEL': 'waffle', 'LC_ALL': 'C.UTF-8', 'PYTHONPATH': '/home/tamar/RBE594_ws/build/custom_gear_controllers:/home/tamar/RBE594_ws/install/custom_gear_controllers/lib/python3.12/site-packages:/opt/ros/jazzy/lib/python3.12/site-packages', 'COLCON': '1', 'CMAKE_PREFIX_PATH': '/home/tamar/RBE594_ws/install/ur_simulation_gz:/home/tamar/RBE594_ws/install/ur_description:/home/tamar/RBE594_ws/install/sirgas_description:/opt/ros/jazzy/opt/gz_sim_vendor:/opt/ros/jazzy/opt/gz_sensors_vendor:/opt/ros/jazzy/opt/gz_physics_vendor:/opt/ros/jazzy/opt/sdformat_vendor:/opt/ros/jazzy/opt/gz_gui_vendor:/opt/ros/jazzy/opt/gz_transport_vendor:/opt/ros/jazzy/opt/gz_rendering_vendor:/opt/ros/jazzy/opt/gz_plugin_vendor:/opt/ros/jazzy/opt/gz_fuel_tools_vendor:/opt/ros/jazzy/opt/gz_msgs_vendor:/opt/ros/jazzy/opt/gz_common_vendor:/opt/ros/jazzy/opt/gz_math_vendor:/opt/ros/jazzy/opt/gz_utils_vendor:/opt/ros/jazzy/opt/gz_tools_vendor:/opt/ros/jazzy/opt/gz_ogre_next_vendor:/opt/ros/jazzy/opt/gz_dartsim_vendor:/opt/ros/jazzy/opt/gz_cmake_vendor:/home/tamar/RBE594_ws/install/custom_gear_controllers:/opt/ros/jazzy'}), 'shell': False}
[0.108479] (ur_description) CommandEnded: {'returncode': 0}
[0.108682] (ur_description) JobProgress: {'identifier': 'ur_description', 'progress': 'install'}
[0.115143] (ur_description) Command: {'cmd': ['/usr/bin/cmake', '--install', '/home/tamar/RBE594_ws/build/ur_description'], 'cwd': '/home/tamar/RBE594_ws/build/ur_description', 'env': OrderedDict({'GZ_SIM_RESOURCE_PATH': '/opt/ros/jazzy/share', 'GZ_CONFIG_PATH': '/opt/ros/jazzy/opt/gz_sim_vendor/share/gz:/opt/ros/jazzy/opt/sdformat_vendor/share/gz:/opt/ros/jazzy/opt/gz_gui_vendor/share/gz:/opt/ros/jazzy/opt/gz_transport_vendor/share/gz:/opt/ros/jazzy/opt/gz_rendering_vendor/share/gz:/opt/ros/jazzy/opt/gz_plugin_vendor/share/gz:/opt/ros/jazzy/opt/gz_fuel_tools_vendor/share/gz:/opt/ros/jazzy/opt/gz_msgs_vendor/share/gz:/opt/ros/jazzy/opt/gz_common_vendor/share/gz', 'HOSTNAME': 'cc3e0c1cee19', 'SHLVL': '1', 'LD_LIBRARY_PATH': '/opt/ros/jazzy/opt/gz_sim_vendor/lib:/opt/ros/jazzy/opt/gz_sensors_vendor/lib:/opt/ros/jazzy/opt/gz_physics_vendor/lib:/opt/ros/jazzy/opt/sdformat_vendor/lib:/opt/ros/jazzy/opt/rviz_ogre_vendor/lib:/opt/ros/jazzy/lib/x86_64-linux-gnu:/opt/ros/jazzy/opt/gz_gui_vendor/lib:/opt/ros/jazzy/opt/gz_transport_vendor/lib:/opt/ros/jazzy/opt/gz_rendering_vendor/lib:/opt/ros/jazzy/opt/gz_plugin_vendor/lib:/opt/ros/jazzy/opt/gz_fuel_tools_vendor/lib:/opt/ros/jazzy/opt/gz_msgs_vendor/lib:/opt/ros/jazzy/opt/gz_common_vendor/lib:/opt/ros/jazzy/opt/gz_math_vendor/lib:/opt/ros/jazzy/opt/gz_utils_vendor/lib:/opt/ros/jazzy/opt/gz_tools_vendor/lib:/opt/ros/jazzy/opt/gz_ogre_next_vendor/lib:/opt/ros/jazzy/opt/gz_dartsim_vendor/lib:/opt/ros/jazzy/opt/gz_cmake_vendor/lib:/opt/ros/jazzy/lib', 'HOME': '/home/tamar', 'OLDPWD': '/home/tamar', 'ROS_PYTHON_VERSION': '3', 'PS1': '(vEnv) ${debian_chroot:+($debian_chroot)}\\u@\\h:\\w\\$', 'COLCON_PREFIX_PATH': '/home/tamar/RBE594_ws/install', 'ROS_DISTRO': 'jazzy', '_': '/usr/bin/colcon', 'ROS_VERSION': '2', 'TERM': 'xterm', 'QT_X11_NO_MITSHM': '1', 'PATH': '/home/tamar/vEnv/bin:/opt/ros/jazzy/opt/gz_msgs_vendor/bin:/opt/ros/jazzy/opt/gz_tools_vendor/bin:/opt/ros/jazzy/opt/gz_ogre_next_vendor/bin:/opt/ros/jazzy/bin:/usr/local/sbin:/usr/local/bin:/usr/sbin:/usr/bin:/sbin:/bin', 'DISPLAY': ':0', 'LANG': 'C.UTF-8', 'VIRTUAL_ENV_PROMPT': '(vEnv)', 'RMW_IMPLEMENTATION': 'rmw_cyclonedds_cpp', 'AMENT_PREFIX_PATH': '/home/tamar/RBE594_ws/install/ur_simulation_gz:/home/tamar/RBE594_ws/install/ur_description:/home/tamar/RBE594_ws/install/sirgas_description:/home/tamar/RBE594_ws/install/custom_gear_controllers:/opt/ros/jazzy', 'VIRTUAL_ENV': '/home/tamar/vEnv', 'ROS_AUTOMATIC_DISCOVERY_RANGE': 'SUBNET', 'PWD': '/home/tamar/RBE594_ws/build/ur_description', 'TURTLEBOT3_MODEL': 'waffle', 'LC_ALL': 'C.UTF-8', 'PYTHONPATH': '/home/tamar/RBE594_ws/build/custom_gear_controllers:/home/tamar/RBE594_ws/install/custom_gear_controllers/lib/python3.12/site-packages:/opt/ros/jazzy/lib/python3.12/site-packages', 'COLCON': '1', 'CMAKE_PREFIX_PATH': '/home/tamar/RBE594_ws/install/ur_simulation_gz:/home/tamar/RBE594_ws/install/ur_description:/home/tamar/RBE594_ws/install/sirgas_description:/opt/ros/jazzy/opt/gz_sim_vendor:/opt/ros/jazzy/opt/gz_sensors_vendor:/opt/ros/jazzy/opt/gz_physics_vendor:/opt/ros/jazzy/opt/sdformat_vendor:/opt/ros/jazzy/opt/gz_gui_vendor:/opt/ros/jazzy/opt/gz_transport_vendor:/opt/ros/jazzy/opt/gz_rendering_vendor:/opt/ros/jazzy/opt/gz_plugin_vendor:/opt/ros/jazzy/opt/gz_fuel_tools_vendor:/opt/ros/jazzy/opt/gz_msgs_vendor:/opt/ros/jazzy/opt/gz_common_vendor:/opt/ros/jazzy/opt/gz_math_vendor:/opt/ros/jazzy/opt/gz_utils_vendor:/opt/ros/jazzy/opt/gz_tools_vendor:/opt/ros/jazzy/opt/gz_ogre_next_vendor:/opt/ros/jazzy/opt/gz_dartsim_vendor:/opt/ros/jazzy/opt/gz_cmake_vendor:/home/tamar/RBE594_ws/install/custom_gear_controllers:/opt/ros/jazzy'}), 'shell': False}
[0.119760] (ur_description) StdoutLine: {'line': b'-- Install configuration: ""\n'}
[0.120010] (ur_description) StdoutLine: {'line': b'-- Execute custom install script\n'}
[0.120547] (ur_description) StdoutLine: {'line': b'-- Up-to-date symlink: /home/tamar/RBE594_ws/install/ur_description/share/ur_description/config/initial_positions.yaml\n'}
[0.120652] (ur_description) StdoutLine: {'line': b'-- Up-to-date symlink: /home/tamar/RBE594_ws/install/ur_description/share/ur_description/config/ur10/default_kinematics.yaml\n'}
[0.120717] (ur_description) StdoutLine: {'line': b'-- Up-to-date symlink: /home/tamar/RBE594_ws/install/ur_description/share/ur_description/config/ur10/joint_limits.yaml\n'}
[0.120939] (ur_description) StdoutLine: {'line': b'-- Up-to-date symlink: /home/tamar/RBE594_ws/install/ur_description/share/ur_description/config/ur10/physical_parameters.yaml\n'}
[0.121007] (ur_description) StdoutLine: {'line': b'-- Up-to-date symlink: /home/tamar/RBE594_ws/install/ur_description/share/ur_description/config/ur10/visual_parameters.yaml\n'}
[0.121096] (ur_description) StdoutLine: {'line': b'-- Up-to-date symlink: /home/tamar/RBE594_ws/install/ur_description/share/ur_description/config/ur10e/default_kinematics.yaml\n'}
[0.121156] (ur_description) StdoutLine: {'line': b'-- Up-to-date symlink: /home/tamar/RBE594_ws/install/ur_description/share/ur_description/config/ur10e/joint_limits.yaml\n'}
[0.121216] (ur_description) StdoutLine: {'line': b'-- Up-to-date symlink: /home/tamar/RBE594_ws/install/ur_description/share/ur_description/config/ur10e/physical_parameters.yaml\n'}
[0.121275] (ur_description) StdoutLine: {'line': b'-- Up-to-date symlink: /home/tamar/RBE594_ws/install/ur_description/share/ur_description/config/ur10e/visual_parameters.yaml\n'}
[0.121333] (ur_description) StdoutLine: {'line': b'-- Up-to-date symlink: /home/tamar/RBE594_ws/install/ur_description/share/ur_description/config/ur12e/default_kinematics.yaml\n'}
[0.121391] (ur_description) StdoutLine: {'line': b'-- Up-to-date symlink: /home/tamar/RBE594_ws/install/ur_description/share/ur_description/config/ur12e/joint_limits.yaml\n'}
[0.121483] (ur_description) StdoutLine: {'line': b'-- Up-to-date symlink: /home/tamar/RBE594_ws/install/ur_description/share/ur_description/config/ur12e/physical_parameters.yaml\n'}
[0.121550] (ur_description) StdoutLine: {'line': b'-- Up-to-date symlink: /home/tamar/RBE594_ws/install/ur_description/share/ur_description/config/ur12e/visual_parameters.yaml\n'}
[0.121609] (ur_description) StdoutLine: {'line': b'-- Up-to-date symlink: /home/tamar/RBE594_ws/install/ur_description/share/ur_description/config/ur15/default_kinematics.yaml\n'}
[0.121667] (ur_description) StdoutLine: {'line': b'-- Up-to-date symlink: /home/tamar/RBE594_ws/install/ur_description/share/ur_description/config/ur15/joint_limits.yaml\n'}
[0.121748] (ur_description) StdoutLine: {'line': b'-- Up-to-date symlink: /home/tamar/RBE594_ws/install/ur_description/share/ur_description/config/ur15/physical_parameters.yaml\n'}
[0.121806] (ur_description) StdoutLine: {'line': b'-- Up-to-date symlink: /home/tamar/RBE594_ws/install/ur_description/share/ur_description/config/ur15/visual_parameters.yaml\n'}
[0.121863] (ur_description) StdoutLine: {'line': b'-- Up-to-date symlink: /home/tamar/RBE594_ws/install/ur_description/share/ur_description/config/ur16e/default_kinematics.yaml\n'}
[0.121921] (ur_description) StdoutLine: {'line': b'-- Up-to-date symlink: /home/tamar/RBE594_ws/install/ur_description/share/ur_description/config/ur16e/joint_limits.yaml\n'}
[0.121978] (ur_description) StdoutLine: {'line': b'-- Up-to-date symlink: /home/tamar/RBE594_ws/install/ur_description/share/ur_description/config/ur16e/physical_parameters.yaml\n'}
[0.122035] (ur_description) StdoutLine: {'line': b'-- Up-to-date symlink: /home/tamar/RBE594_ws/install/ur_description/share/ur_description/config/ur16e/visual_parameters.yaml\n'}
[0.122092] (ur_description) StdoutLine: {'line': b'-- Up-to-date symlink: /home/tamar/RBE594_ws/install/ur_description/share/ur_description/config/ur20/default_kinematics.yaml\n'}
[0.122156] (ur_description) StdoutLine: {'line': b'-- Up-to-date symlink: /home/tamar/RBE594_ws/install/ur_description/share/ur_description/config/ur20/joint_limits.yaml\n'}
[0.122239] (ur_description) StdoutLine: {'line': b'-- Up-to-date symlink: /home/tamar/RBE594_ws/install/ur_description/share/ur_description/config/ur20/physical_parameters.yaml\n'}
[0.122299] (ur_description) StdoutLine: {'line': b'-- Up-to-date symlink: /home/tamar/RBE594_ws/install/ur_description/share/ur_description/config/ur20/visual_parameters.yaml\n'}
[0.122355] (ur_description) StdoutLine: {'line': b'-- Up-to-date symlink: /home/tamar/RBE594_ws/install/ur_description/share/ur_description/config/ur3/default_kinematics.yaml\n'}
[0.122412] (ur_description) StdoutLine: {'line': b'-- Up-to-date symlink: /home/tamar/RBE594_ws/install/ur_description/share/ur_description/config/ur3/joint_limits.yaml\n'}
[0.122492] (ur_description) StdoutLine: {'line': b'-- Up-to-date symlink: /home/tamar/RBE594_ws/install/ur_description/share/ur_description/config/ur3/physical_parameters.yaml\n'}
[0.122549] (ur_description) StdoutLine: {'line': b'-- Up-to-date symlink: /home/tamar/RBE594_ws/install/ur_description/share/ur_description/config/ur3/visual_parameters.yaml\n'}
[0.122606] (ur_description) StdoutLine: {'line': b'-- Up-to-date symlink: /home/tamar/RBE594_ws/install/ur_description/share/ur_description/config/ur30/default_kinematics.yaml\n'}
[0.122663] (ur_description) StdoutLine: {'line': b'-- Up-to-date symlink: /home/tamar/RBE594_ws/install/ur_description/share/ur_description/config/ur30/joint_limits.yaml\n'}
[0.122720] (ur_description) StdoutLine: {'line': b'-- Up-to-date symlink: /home/tamar/RBE594_ws/install/ur_description/share/ur_description/config/ur30/physical_parameters.yaml\n'}
[0.122784] (ur_description) StdoutLine: {'line': b'-- Up-to-date symlink: /home/tamar/RBE594_ws/install/ur_description/share/ur_description/config/ur30/visual_parameters.yaml\n'}
[0.122851] (ur_description) StdoutLine: {'line': b'-- Up-to-date symlink: /home/tamar/RBE594_ws/install/ur_description/share/ur_description/config/ur3e/default_kinematics.yaml\n'}
[0.122905] (ur_description) StdoutLine: {'line': b'-- Up-to-date symlink: /home/tamar/RBE594_ws/install/ur_description/share/ur_description/config/ur3e/joint_limits.yaml\n'}
[0.122959] (ur_description) StdoutLine: {'line': b'-- Up-to-date symlink: /home/tamar/RBE594_ws/install/ur_description/share/ur_description/config/ur3e/physical_parameters.yaml\n'}
[0.123013] (ur_description) StdoutLine: {'line': b'-- Up-to-date symlink: /home/tamar/RBE594_ws/install/ur_description/share/ur_description/config/ur3e/visual_parameters.yaml\n'}
[0.123066] (ur_description) StdoutLine: {'line': b'-- Up-to-date symlink: /home/tamar/RBE594_ws/install/ur_description/share/ur_description/config/ur5/default_kinematics.yaml\n'}
[0.123120] (ur_description) StdoutLine: {'line': b'-- Up-to-date symlink: /home/tamar/RBE594_ws/install/ur_description/share/ur_description/config/ur5/joint_limits.yaml\n'}
[0.123174] (ur_description) StdoutLine: {'line': b'-- Up-to-date symlink: /home/tamar/RBE594_ws/install/ur_description/share/ur_description/config/ur5/physical_parameters.yaml\n'}
[0.123228] (ur_description) StdoutLine: {'line': b'-- Up-to-date symlink: /home/tamar/RBE594_ws/install/ur_description/share/ur_description/config/ur5/visual_parameters.yaml\n'}
[0.123281] (ur_description) StdoutLine: {'line': b'-- Up-to-date symlink: /home/tamar/RBE594_ws/install/ur_description/share/ur_description/config/ur5e/default_kinematics.yaml\n'}
[0.123336] (ur_description) StdoutLine: {'line': b'-- Up-to-date symlink: /home/tamar/RBE594_ws/install/ur_description/share/ur_description/config/ur5e/joint_limits.yaml\n'}
[0.123393] (ur_description) StdoutLine: {'line': b'-- Up-to-date symlink: /home/tamar/RBE594_ws/install/ur_description/share/ur_description/config/ur5e/physical_parameters.yaml\n'}
[0.123476] (ur_description) StdoutLine: {'line': b'-- Up-to-date symlink: /home/tamar/RBE594_ws/install/ur_description/share/ur_description/config/ur5e/visual_parameters.yaml\n'}
[0.123547] (ur_description) StdoutLine: {'line': b'-- Up-to-date symlink: /home/tamar/RBE594_ws/install/ur_description/share/ur_description/config/ur7e/default_kinematics.yaml\n'}
[0.123605] (ur_description) StdoutLine: {'line': b'-- Up-to-date symlink: /home/tamar/RBE594_ws/install/ur_description/share/ur_description/config/ur7e/joint_limits.yaml\n'}
[0.123663] (ur_description) StdoutLine: {'line': b'-- Up-to-date symlink: /home/tamar/RBE594_ws/install/ur_description/share/ur_description/config/ur7e/physical_parameters.yaml\n'}
[0.123730] (ur_description) StdoutLine: {'line': b'-- Up-to-date symlink: /home/tamar/RBE594_ws/install/ur_description/share/ur_description/config/ur7e/visual_parameters.yaml\n'}
[0.123803] (ur_description) StdoutLine: {'line': b'-- Up-to-date symlink: /home/tamar/RBE594_ws/install/ur_description/share/ur_description/config/ur8long/default_kinematics.yaml\n'}
[0.123905] (ur_description) StdoutLine: {'line': b'-- Up-to-date symlink: /home/tamar/RBE594_ws/install/ur_description/share/ur_description/config/ur8long/joint_limits.yaml\n'}
[0.123976] (ur_description) StdoutLine: {'line': b'-- Up-to-date symlink: /home/tamar/RBE594_ws/install/ur_description/share/ur_description/config/ur8long/physical_parameters.yaml\n'}
[0.124049] (ur_description) StdoutLine: {'line': b'-- Up-to-date symlink: /home/tamar/RBE594_ws/install/ur_description/share/ur_description/config/ur8long/visual_parameters.yaml\n'}
[0.124123] (ur_description) StdoutLine: {'line': b'-- Up-to-date symlink: /home/tamar/RBE594_ws/install/ur_description/share/ur_description/launch/view_ur.launch.py\n'}
[0.124226] (ur_description) StdoutLine: {'line': b'-- Up-to-date symlink: /home/tamar/RBE594_ws/install/ur_description/share/ur_description/meshes/ur10/collision/base.stl\n'}
[0.124301] (ur_description) StdoutLine: {'line': b'-- Up-to-date symlink: /home/tamar/RBE594_ws/install/ur_description/share/ur_description/meshes/ur10/collision/forearm.stl\n'}
[0.124375] (ur_description) StdoutLine: {'line': b'-- Up-to-date symlink: /home/tamar/RBE594_ws/install/ur_description/share/ur_description/meshes/ur10/collision/shoulder.stl\n'}
[0.124482] (ur_description) StdoutLine: {'line': b'-- Up-to-date symlink: /home/tamar/RBE594_ws/install/ur_description/share/ur_description/meshes/ur10/collision/upperarm.stl\n'}
[0.124574] (ur_description) StdoutLine: {'line': b'-- Up-to-date symlink: /home/tamar/RBE594_ws/install/ur_description/share/ur_description/meshes/ur10/collision/wrist1.stl\n'}
[0.124647] (ur_description) StdoutLine: {'line': b'-- Up-to-date symlink: /home/tamar/RBE594_ws/install/ur_description/share/ur_description/meshes/ur10/collision/wrist2.stl\n'}
[0.124746] (ur_description) StdoutLine: {'line': b'-- Up-to-date symlink: /home/tamar/RBE594_ws/install/ur_description/share/ur_description/meshes/ur10/collision/wrist3.stl\n'}
[0.124815] (ur_description) StdoutLine: {'line': b'-- Up-to-date symlink: /home/tamar/RBE594_ws/install/ur_description/share/ur_description/meshes/ur10/visual/base.dae\n'}
[0.124874] (ur_description) StdoutLine: {'line': b'-- Up-to-date symlink: /home/tamar/RBE594_ws/install/ur_description/share/ur_description/meshes/ur10/visual/forearm.dae\n'}
[0.124932] (ur_description) StdoutLine: {'line': b'-- Up-to-date symlink: /home/tamar/RBE594_ws/install/ur_description/share/ur_description/meshes/ur10/visual/shoulder.dae\n'}
[0.124991] (ur_description) StdoutLine: {'line': b'-- Up-to-date symlink: /home/tamar/RBE594_ws/install/ur_description/share/ur_description/meshes/ur10/visual/upperarm.dae\n'}
[0.125050] (ur_description) StdoutLine: {'line': b'-- Up-to-date symlink: /home/tamar/RBE594_ws/install/ur_description/share/ur_description/meshes/ur10/visual/wrist1.dae\n'}
[0.125108] (ur_description) StdoutLine: {'line': b'-- Up-to-date symlink: /home/tamar/RBE594_ws/install/ur_description/share/ur_description/meshes/ur10/visual/wrist2.dae\n'}
[0.125199] (ur_description) StdoutLine: {'line': b'-- Up-to-date symlink: /home/tamar/RBE594_ws/install/ur_description/share/ur_description/meshes/ur10/visual/wrist3.dae\n'}
[0.125268] (ur_description) StdoutLine: {'line': b'-- Up-to-date symlink: /home/tamar/RBE594_ws/install/ur_description/share/ur_description/meshes/ur10e/collision/base.stl\n'}
[0.125327] (ur_description) StdoutLine: {'line': b'-- Up-to-date symlink: /home/tamar/RBE594_ws/install/ur_description/share/ur_description/meshes/ur10e/collision/forearm.stl\n'}
[0.125386] (ur_description) StdoutLine: {'line': b'-- Up-to-date symlink: /home/tamar/RBE594_ws/install/ur_description/share/ur_description/meshes/ur10e/collision/shoulder.stl\n'}
[0.125470] (ur_description) StdoutLine: {'line': b'-- Up-to-date symlink: /home/tamar/RBE594_ws/install/ur_description/share/ur_description/meshes/ur10e/collision/upperarm.stl\n'}
[0.125551] (ur_description) StdoutLine: {'line': b'-- Up-to-date symlink: /home/tamar/RBE594_ws/install/ur_description/share/ur_description/meshes/ur10e/collision/wrist1.stl\n'}
[0.125585] (ur_description) StdoutLine: {'line': b'-- Up-to-date symlink: /home/tamar/RBE594_ws/install/ur_description/share/ur_description/meshes/ur10e/collision/wrist2.stl\n'}
[0.125611] (ur_description) StdoutLine: {'line': b'-- Up-to-date symlink: /home/tamar/RBE594_ws/install/ur_description/share/ur_description/meshes/ur10e/collision/wrist3.stl\n'}
[0.125636] (ur_description) StdoutLine: {'line': b'-- Up-to-date symlink: /home/tamar/RBE594_ws/install/ur_description/share/ur_description/meshes/ur10e/visual/base.dae\n'}
[0.125661] (ur_description) StdoutLine: {'line': b'-- Up-to-date symlink: /home/tamar/RBE594_ws/install/ur_description/share/ur_description/meshes/ur10e/visual/forearm.dae\n'}
[0.125688] (ur_description) StdoutLine: {'line': b'-- Up-to-date symlink: /home/tamar/RBE594_ws/install/ur_description/share/ur_description/meshes/ur10e/visual/shoulder.dae\n'}
[0.125714] (ur_description) StdoutLine: {'line': b'-- Up-to-date symlink: /home/tamar/RBE594_ws/install/ur_description/share/ur_description/meshes/ur10e/visual/upperarm.dae\n'}
[0.125739] (ur_description) StdoutLine: {'line': b'-- Up-to-date symlink: /home/tamar/RBE594_ws/install/ur_description/share/ur_description/meshes/ur10e/visual/wrist1.dae\n'}
[0.125764] (ur_description) StdoutLine: {'line': b'-- Up-to-date symlink: /home/tamar/RBE594_ws/install/ur_description/share/ur_description/meshes/ur10e/visual/wrist2.dae\n'}
[0.125788] (ur_description) StdoutLine: {'line': b'-- Up-to-date symlink: /home/tamar/RBE594_ws/install/ur_description/share/ur_description/meshes/ur10e/visual/wrist3.dae\n'}
[0.125812] (ur_description) StdoutLine: {'line': b'-- Up-to-date symlink: /home/tamar/RBE594_ws/install/ur_description/share/ur_description/meshes/ur15/LICENSE.txt\n'}
[0.125836] (ur_description) StdoutLine: {'line': b'-- Up-to-date symlink: /home/tamar/RBE594_ws/install/ur_description/share/ur_description/meshes/ur15/collision/base.stl\n'}
[0.125860] (ur_description) StdoutLine: {'line': b'-- Up-to-date symlink: /home/tamar/RBE594_ws/install/ur_description/share/ur_description/meshes/ur15/collision/forearm.stl\n'}
[0.125893] (ur_description) StdoutLine: {'line': b'-- Up-to-date symlink: /home/tamar/RBE594_ws/install/ur_description/share/ur_description/meshes/ur15/collision/shoulder.stl\n'}
[0.125919] (ur_description) StdoutLine: {'line': b'-- Up-to-date symlink: /home/tamar/RBE594_ws/install/ur_description/share/ur_description/meshes/ur15/collision/upperarm.stl\n'}
[0.125943] (ur_description) StdoutLine: {'line': b'-- Up-to-date symlink: /home/tamar/RBE594_ws/install/ur_description/share/ur_description/meshes/ur15/collision/wrist1.stl\n'}
[0.125967] (ur_description) StdoutLine: {'line': b'-- Up-to-date symlink: /home/tamar/RBE594_ws/install/ur_description/share/ur_description/meshes/ur15/collision/wrist2.stl\n'}
[0.125991] (ur_description) StdoutLine: {'line': b'-- Up-to-date symlink: /home/tamar/RBE594_ws/install/ur_description/share/ur_description/meshes/ur15/collision/wrist3.stl\n'}
[0.126015] (ur_description) StdoutLine: {'line': b'-- Up-to-date symlink: /home/tamar/RBE594_ws/install/ur_description/share/ur_description/meshes/ur15/visual/UR15_DIFF_8bit_2K.jpg\n'}
[0.126059] (ur_description) StdoutLine: {'line': b'-- Up-to-date symlink: /home/tamar/RBE594_ws/install/ur_description/share/ur_description/meshes/ur15/visual/base.dae\n'}
[0.126083] (ur_description) StdoutLine: {'line': b'-- Up-to-date symlink: /home/tamar/RBE594_ws/install/ur_description/share/ur_description/meshes/ur15/visual/forearm.dae\n'}
[0.126107] (ur_description) StdoutLine: {'line': b'-- Up-to-date symlink: /home/tamar/RBE594_ws/install/ur_description/share/ur_description/meshes/ur15/visual/shoulder.dae\n'}
[0.126131] (ur_description) StdoutLine: {'line': b'-- Up-to-date symlink: /home/tamar/RBE594_ws/install/ur_description/share/ur_description/meshes/ur15/visual/upperarm.dae\n'}
[0.126155] (ur_description) StdoutLine: {'line': b'-- Up-to-date symlink: /home/tamar/RBE594_ws/install/ur_description/share/ur_description/meshes/ur15/visual/wrist1.dae\n'}
[0.126179] (ur_description) StdoutLine: {'line': b'-- Up-to-date symlink: /home/tamar/RBE594_ws/install/ur_description/share/ur_description/meshes/ur15/visual/wrist2.dae\n'}
[0.126202] (ur_description) StdoutLine: {'line': b'-- Up-to-date symlink: /home/tamar/RBE594_ws/install/ur_description/share/ur_description/meshes/ur15/visual/wrist3.dae\n'}
[0.126226] (ur_description) StdoutLine: {'line': b'-- Up-to-date symlink: /home/tamar/RBE594_ws/install/ur_description/share/ur_description/meshes/ur16e/collision/forearm.stl\n'}
[0.126249] (ur_description) StdoutLine: {'line': b'-- Up-to-date symlink: /home/tamar/RBE594_ws/install/ur_description/share/ur_description/meshes/ur16e/collision/upperarm.stl\n'}
[0.126288] (ur_description) StdoutLine: {'line': b'-- Up-to-date symlink: /home/tamar/RBE594_ws/install/ur_description/share/ur_description/meshes/ur16e/visual/forearm.dae\n'}
[0.126313] (ur_description) StdoutLine: {'line': b'-- Up-to-date symlink: /home/tamar/RBE594_ws/install/ur_description/share/ur_description/meshes/ur16e/visual/upperarm.dae\n'}
[0.126338] (ur_description) StdoutLine: {'line': b'-- Up-to-date symlink: /home/tamar/RBE594_ws/install/ur_description/share/ur_description/meshes/ur20/LICENSE.txt\n'}
[0.126363] (ur_description) StdoutLine: {'line': b'-- Up-to-date symlink: /home/tamar/RBE594_ws/install/ur_description/share/ur_description/meshes/ur20/collision/base.stl\n'}
[0.126387] (ur_description) StdoutLine: {'line': b'-- Up-to-date symlink: /home/tamar/RBE594_ws/install/ur_description/share/ur_description/meshes/ur20/collision/forearm.stl\n'}
[0.126411] (ur_description) StdoutLine: {'line': b'-- Up-to-date symlink: /home/tamar/RBE594_ws/install/ur_description/share/ur_description/meshes/ur20/collision/shoulder.stl\n'}
[0.126443] (ur_description) StdoutLine: {'line': b'-- Up-to-date symlink: /home/tamar/RBE594_ws/install/ur_description/share/ur_description/meshes/ur20/collision/upperarm.stl\n'}
[0.126468] (ur_description) StdoutLine: {'line': b'-- Up-to-date symlink: /home/tamar/RBE594_ws/install/ur_description/share/ur_description/meshes/ur20/collision/wrist1.stl\n'}
[0.126492] (ur_description) StdoutLine: {'line': b'-- Up-to-date symlink: /home/tamar/RBE594_ws/install/ur_description/share/ur_description/meshes/ur20/collision/wrist2.stl\n'}
[0.126516] (ur_description) StdoutLine: {'line': b'-- Up-to-date symlink: /home/tamar/RBE594_ws/install/ur_description/share/ur_description/meshes/ur20/collision/wrist3.stl\n'}
[0.126539] (ur_description) StdoutLine: {'line': b'-- Up-to-date symlink: /home/tamar/RBE594_ws/install/ur_description/share/ur_description/meshes/ur20/visual/UR20_DIFF_8bit_2K.png\n'}
[0.126563] (ur_description) StdoutLine: {'line': b'-- Up-to-date symlink: /home/tamar/RBE594_ws/install/ur_description/share/ur_description/meshes/ur20/visual/base.dae\n'}
[0.126587] (ur_description) StdoutLine: {'line': b'-- Up-to-date symlink: /home/tamar/RBE594_ws/install/ur_description/share/ur_description/meshes/ur20/visual/forearm.dae\n'}
[0.126721] (ur_description) StdoutLine: {'line': b'-- Up-to-date symlink: /home/tamar/RBE594_ws/install/ur_description/share/ur_description/meshes/ur20/visual/shoulder.dae\n'}
[0.126776] (ur_description) StdoutLine: {'line': b'-- Up-to-date symlink: /home/tamar/RBE594_ws/install/ur_description/share/ur_description/meshes/ur20/visual/upperarm.dae\n'}
[0.126812] (ur_description) StdoutLine: {'line': b'-- Up-to-date symlink: /home/tamar/RBE594_ws/install/ur_description/share/ur_description/meshes/ur20/visual/wrist1.dae\n'}
[0.126845] (ur_description) StdoutLine: {'line': b'-- Up-to-date symlink: /home/tamar/RBE594_ws/install/ur_description/share/ur_description/meshes/ur20/visual/wrist2.dae\n'}
[0.126890] (ur_description) StdoutLine: {'line': b'-- Up-to-date symlink: /home/tamar/RBE594_ws/install/ur_description/share/ur_description/meshes/ur20/visual/wrist3.dae\n'}
[0.126925] (ur_description) StdoutLine: {'line': b'-- Up-to-date symlink: /home/tamar/RBE594_ws/install/ur_description/share/ur_description/meshes/ur3/collision/base.stl\n'}
[0.126957] (ur_description) StdoutLine: {'line': b'-- Up-to-date symlink: /home/tamar/RBE594_ws/install/ur_description/share/ur_description/meshes/ur3/collision/forearm.stl\n'}
[0.126988] (ur_description) StdoutLine: {'line': b'-- Up-to-date symlink: /home/tamar/RBE594_ws/install/ur_description/share/ur_description/meshes/ur3/collision/shoulder.stl\n'}
[0.127018] (ur_description) StdoutLine: {'line': b'-- Up-to-date symlink: /home/tamar/RBE594_ws/install/ur_description/share/ur_description/meshes/ur3/collision/upperarm.stl\n'}
[0.127048] (ur_description) StdoutLine: {'line': b'-- Up-to-date symlink: /home/tamar/RBE594_ws/install/ur_description/share/ur_description/meshes/ur3/collision/wrist1.stl\n'}
[0.127078] (ur_description) StdoutLine: {'line': b'-- Up-to-date symlink: /home/tamar/RBE594_ws/install/ur_description/share/ur_description/meshes/ur3/collision/wrist2.stl\n'}
[0.127106] (ur_description) StdoutLine: {'line': b'-- Up-to-date symlink: /home/tamar/RBE594_ws/install/ur_description/share/ur_description/meshes/ur3/collision/wrist3.stl\n'}
[0.127135] (ur_description) StdoutLine: {'line': b'-- Up-to-date symlink: /home/tamar/RBE594_ws/install/ur_description/share/ur_description/meshes/ur3/visual/base.dae\n'}
[0.127164] (ur_description) StdoutLine: {'line': b'-- Up-to-date symlink: /home/tamar/RBE594_ws/install/ur_description/share/ur_description/meshes/ur3/visual/forearm.dae\n'}
[0.127200] (ur_description) StdoutLine: {'line': b'-- Up-to-date symlink: /home/tamar/RBE594_ws/install/ur_description/share/ur_description/meshes/ur3/visual/shoulder.dae\n'}
[0.127230] (ur_description) StdoutLine: {'line': b'-- Up-to-date symlink: /home/tamar/RBE594_ws/install/ur_description/share/ur_description/meshes/ur3/visual/upperarm.dae\n'}
[0.127260] (ur_description) StdoutLine: {'line': b'-- Up-to-date symlink: /home/tamar/RBE594_ws/install/ur_description/share/ur_description/meshes/ur3/visual/wrist1.dae\n'}
[0.127289] (ur_description) StdoutLine: {'line': b'-- Up-to-date symlink: /home/tamar/RBE594_ws/install/ur_description/share/ur_description/meshes/ur3/visual/wrist2.dae\n'}
[0.127318] (ur_description) StdoutLine: {'line': b'-- Up-to-date symlink: /home/tamar/RBE594_ws/install/ur_description/share/ur_description/meshes/ur3/visual/wrist3.dae\n'}
[0.127347] (ur_description) StdoutLine: {'line': b'-- Up-to-date symlink: /home/tamar/RBE594_ws/install/ur_description/share/ur_description/meshes/ur30/LICENSE.txt\n'}
[0.127376] (ur_description) StdoutLine: {'line': b'-- Up-to-date symlink: /home/tamar/RBE594_ws/install/ur_description/share/ur_description/meshes/ur30/collision/forearm.stl\n'}
[0.127444] (ur_description) StdoutLine: {'line': b'-- Up-to-date symlink: /home/tamar/RBE594_ws/install/ur_description/share/ur_description/meshes/ur30/collision/upperarm.stl\n'}
[0.127471] (ur_description) StdoutLine: {'line': b'-- Up-to-date symlink: /home/tamar/RBE594_ws/install/ur_description/share/ur_description/meshes/ur30/visual/UR30_DIFF_8bit_2K.png\n'}
[0.127502] (ur_description) StdoutLine: {'line': b'-- Up-to-date symlink: /home/tamar/RBE594_ws/install/ur_description/share/ur_description/meshes/ur30/visual/forearm.dae\n'}
[0.127531] (ur_description) StdoutLine: {'line': b'-- Up-to-date symlink: /home/tamar/RBE594_ws/install/ur_description/share/ur_description/meshes/ur30/visual/upperarm.dae\n'}
[0.127573] (ur_description) StdoutLine: {'line': b'-- Up-to-date symlink: /home/tamar/RBE594_ws/install/ur_description/share/ur_description/meshes/ur3e/collision/base.stl\n'}
[0.127604] (ur_description) StdoutLine: {'line': b'-- Up-to-date symlink: /home/tamar/RBE594_ws/install/ur_description/share/ur_description/meshes/ur3e/collision/forearm.stl\n'}
[0.127633] (ur_description) StdoutLine: {'line': b'-- Up-to-date symlink: /home/tamar/RBE594_ws/install/ur_description/share/ur_description/meshes/ur3e/collision/shoulder.stl\n'}
[0.127662] (ur_description) StdoutLine: {'line': b'-- Up-to-date symlink: /home/tamar/RBE594_ws/install/ur_description/share/ur_description/meshes/ur3e/collision/upperarm.stl\n'}
[0.127691] (ur_description) StdoutLine: {'line': b'-- Up-to-date symlink: /home/tamar/RBE594_ws/install/ur_description/share/ur_description/meshes/ur3e/collision/wrist1.stl\n'}
[0.127730] (ur_description) StdoutLine: {'line': b'-- Up-to-date symlink: /home/tamar/RBE594_ws/install/ur_description/share/ur_description/meshes/ur3e/collision/wrist2.stl\n'}
[0.127761] (ur_description) StdoutLine: {'line': b'-- Up-to-date symlink: /home/tamar/RBE594_ws/install/ur_description/share/ur_description/meshes/ur3e/collision/wrist3.stl\n'}
[0.127790] (ur_description) StdoutLine: {'line': b'-- Up-to-date symlink: /home/tamar/RBE594_ws/install/ur_description/share/ur_description/meshes/ur3e/visual/base.dae\n'}
[0.127819] (ur_description) StdoutLine: {'line': b'-- Up-to-date symlink: /home/tamar/RBE594_ws/install/ur_description/share/ur_description/meshes/ur3e/visual/forearm.dae\n'}
[0.127848] (ur_description) StdoutLine: {'line': b'-- Up-to-date symlink: /home/tamar/RBE594_ws/install/ur_description/share/ur_description/meshes/ur3e/visual/shoulder.dae\n'}
[0.127889] (ur_description) StdoutLine: {'line': b'-- Up-to-date symlink: /home/tamar/RBE594_ws/install/ur_description/share/ur_description/meshes/ur3e/visual/upperarm.dae\n'}
[0.127920] (ur_description) StdoutLine: {'line': b'-- Up-to-date symlink: /home/tamar/RBE594_ws/install/ur_description/share/ur_description/meshes/ur3e/visual/wrist1.dae\n'}
[0.127950] (ur_description) StdoutLine: {'line': b'-- Up-to-date symlink: /home/tamar/RBE594_ws/install/ur_description/share/ur_description/meshes/ur3e/visual/wrist2.dae\n'}
[0.127978] (ur_description) StdoutLine: {'line': b'-- Up-to-date symlink: /home/tamar/RBE594_ws/install/ur_description/share/ur_description/meshes/ur3e/visual/wrist3.dae\n'}
[0.128006] (ur_description) StdoutLine: {'line': b'-- Up-to-date symlink: /home/tamar/RBE594_ws/install/ur_description/share/ur_description/meshes/ur5/collision/base.stl\n'}
[0.128034] (ur_description) StdoutLine: {'line': b'-- Up-to-date symlink: /home/tamar/RBE594_ws/install/ur_description/share/ur_description/meshes/ur5/collision/forearm.stl\n'}
[0.128063] (ur_description) StdoutLine: {'line': b'-- Up-to-date symlink: /home/tamar/RBE594_ws/install/ur_description/share/ur_description/meshes/ur5/collision/shoulder.stl\n'}
[0.128090] (ur_description) StdoutLine: {'line': b'-- Up-to-date symlink: /home/tamar/RBE594_ws/install/ur_description/share/ur_description/meshes/ur5/collision/upperarm.stl\n'}
[0.128118] (ur_description) StdoutLine: {'line': b'-- Up-to-date symlink: /home/tamar/RBE594_ws/install/ur_description/share/ur_description/meshes/ur5/collision/wrist1.stl\n'}
[0.128146] (ur_description) StdoutLine: {'line': b'-- Up-to-date symlink: /home/tamar/RBE594_ws/install/ur_description/share/ur_description/meshes/ur5/collision/wrist2.stl\n'}
[0.128174] (ur_description) StdoutLine: {'line': b'-- Up-to-date symlink: /home/tamar/RBE594_ws/install/ur_description/share/ur_description/meshes/ur5/collision/wrist3.stl\n'}
[0.128209] (ur_description) StdoutLine: {'line': b'-- Up-to-date symlink: /home/tamar/RBE594_ws/install/ur_description/share/ur_description/meshes/ur5/visual/base.dae\n'}
[0.128239] (ur_description) StdoutLine: {'line': b'-- Up-to-date symlink: /home/tamar/RBE594_ws/install/ur_description/share/ur_description/meshes/ur5/visual/forearm.dae\n'}
[0.128280] (ur_description) StdoutLine: {'line': b'-- Up-to-date symlink: /home/tamar/RBE594_ws/install/ur_description/share/ur_description/meshes/ur5/visual/shoulder.dae\n'}
[0.128310] (ur_description) StdoutLine: {'line': b'-- Up-to-date symlink: /home/tamar/RBE594_ws/install/ur_description/share/ur_description/meshes/ur5/visual/upperarm.dae\n'}
[0.128339] (ur_description) StdoutLine: {'line': b'-- Up-to-date symlink: /home/tamar/RBE594_ws/install/ur_description/share/ur_description/meshes/ur5/visual/wrist1.dae\n'}
[0.128367] (ur_description) StdoutLine: {'line': b'-- Up-to-date symlink: /home/tamar/RBE594_ws/install/ur_description/share/ur_description/meshes/ur5/visual/wrist2.dae\n'}
[0.128396] (ur_description) StdoutLine: {'line': b'-- Up-to-date symlink: /home/tamar/RBE594_ws/install/ur_description/share/ur_description/meshes/ur5/visual/wrist3.dae\n'}
[0.128428] (ur_description) StdoutLine: {'line': b'-- Up-to-date symlink: /home/tamar/RBE594_ws/install/ur_description/share/ur_description/meshes/ur5e/collision/base.stl\n'}
[0.128470] (ur_description) StdoutLine: {'line': b'-- Up-to-date symlink: /home/tamar/RBE594_ws/install/ur_description/share/ur_description/meshes/ur5e/collision/forearm.stl\n'}
[0.128513] (ur_description) StdoutLine: {'line': b'-- Up-to-date symlink: /home/tamar/RBE594_ws/install/ur_description/share/ur_description/meshes/ur5e/collision/shoulder.stl\n'}
[0.128539] (ur_description) StdoutLine: {'line': b'-- Up-to-date symlink: /home/tamar/RBE594_ws/install/ur_description/share/ur_description/meshes/ur5e/collision/upperarm.stl\n'}
[0.128565] (ur_description) StdoutLine: {'line': b'-- Up-to-date symlink: /home/tamar/RBE594_ws/install/ur_description/share/ur_description/meshes/ur5e/collision/wrist1.stl\n'}
[0.128591] (ur_description) StdoutLine: {'line': b'-- Up-to-date symlink: /home/tamar/RBE594_ws/install/ur_description/share/ur_description/meshes/ur5e/collision/wrist2.stl\n'}
[0.128615] (ur_description) StdoutLine: {'line': b'-- Up-to-date symlink: /home/tamar/RBE594_ws/install/ur_description/share/ur_description/meshes/ur5e/collision/wrist3.stl\n'}
[0.128638] (ur_description) StdoutLine: {'line': b'-- Up-to-date symlink: /home/tamar/RBE594_ws/install/ur_description/share/ur_description/meshes/ur5e/visual/base.dae\n'}
[0.128669] (ur_description) StdoutLine: {'line': b'-- Up-to-date symlink: /home/tamar/RBE594_ws/install/ur_description/share/ur_description/meshes/ur5e/visual/forearm.dae\n'}
[0.128694] (ur_description) StdoutLine: {'line': b'-- Up-to-date symlink: /home/tamar/RBE594_ws/install/ur_description/share/ur_description/meshes/ur5e/visual/shoulder.dae\n'}
[0.128720] (ur_description) StdoutLine: {'line': b'-- Up-to-date symlink: /home/tamar/RBE594_ws/install/ur_description/share/ur_description/meshes/ur5e/visual/upperarm.dae\n'}
[0.128744] (ur_description) StdoutLine: {'line': b'-- Up-to-date symlink: /home/tamar/RBE594_ws/install/ur_description/share/ur_description/meshes/ur5e/visual/wrist1.dae\n'}
[0.128811] (ur_description) StdoutLine: {'line': b'-- Up-to-date symlink: /home/tamar/RBE594_ws/install/ur_description/share/ur_description/meshes/ur5e/visual/wrist2.dae\n'}
[0.128838] (ur_description) StdoutLine: {'line': b'-- Up-to-date symlink: /home/tamar/RBE594_ws/install/ur_description/share/ur_description/meshes/ur5e/visual/wrist3.dae\n'}
[0.128903] (ur_description) StdoutLine: {'line': b'-- Up-to-date symlink: /home/tamar/RBE594_ws/install/ur_description/share/ur_description/meshes/ur8long/LICENSE.txt\n'}
[0.128938] (ur_description) StdoutLine: {'line': b'-- Up-to-date symlink: /home/tamar/RBE594_ws/install/ur_description/share/ur_description/meshes/ur8long/collision/forearm.stl\n'}
[0.128963] (ur_description) StdoutLine: {'line': b'-- Up-to-date symlink: /home/tamar/RBE594_ws/install/ur_description/share/ur_description/meshes/ur8long/collision/upperarm.stl\n'}
[0.128990] (ur_description) StdoutLine: {'line': b'-- Up-to-date symlink: /home/tamar/RBE594_ws/install/ur_description/share/ur_description/meshes/ur8long/visual/UR8Long_DIFF_8bit_2K.jpg\n'}
[0.129040] (ur_description) StdoutLine: {'line': b'-- Up-to-date symlink: /home/tamar/RBE594_ws/install/ur_description/share/ur_description/meshes/ur8long/visual/forearm.dae\n'}
[0.129065] (ur_description) StdoutLine: {'line': b'-- Up-to-date symlink: /home/tamar/RBE594_ws/install/ur_description/share/ur_description/meshes/ur8long/visual/upperarm.dae\n'}
[0.129089] (ur_description) StdoutLine: {'line': b'-- Up-to-date symlink: /home/tamar/RBE594_ws/install/ur_description/share/ur_description/rviz/view_robot.rviz\n'}
[0.129115] (ur_description) StdoutLine: {'line': b'-- Up-to-date symlink: /home/tamar/RBE594_ws/install/ur_description/share/ur_description/urdf/inc/ur_common.xacro\n'}
[0.129139] (ur_description) StdoutLine: {'line': b'-- Up-to-date symlink: /home/tamar/RBE594_ws/install/ur_description/share/ur_description/urdf/inc/ur_transmissions.xacro\n'}
[0.129161] (ur_description) StdoutLine: {'line': b'-- Up-to-date symlink: /home/tamar/RBE594_ws/install/ur_description/share/ur_description/urdf/ur.ros2_control.xacro\n'}
[0.129185] (ur_description) StdoutLine: {'line': b'-- Up-to-date symlink: /home/tamar/RBE594_ws/install/ur_description/share/ur_description/urdf/ur.urdf.xacro\n'}
[0.129209] (ur_description) StdoutLine: {'line': b'-- Up-to-date symlink: /home/tamar/RBE594_ws/install/ur_description/share/ur_description/urdf/ur_macro.xacro\n'}
[0.129354] (ur_description) StdoutLine: {'line': b'-- Up-to-date symlink: /home/tamar/RBE594_ws/install/ur_description/share/ur_description/test/test_ur_urdf_xacro.py\n'}
[0.129423] (ur_description) StdoutLine: {'line': b'-- Up-to-date symlink: /home/tamar/RBE594_ws/install/ur_description/share/ur_description/test/test_view_ur_launch.py\n'}
[0.129471] (ur_description) StdoutLine: {'line': b'-- Up-to-date symlink: /home/tamar/RBE594_ws/install/ur_description/share/ament_index/resource_index/package_run_dependencies/ur_description\n'}
[0.129500] (ur_description) StdoutLine: {'line': b'-- Up-to-date symlink: /home/tamar/RBE594_ws/install/ur_description/share/ament_index/resource_index/parent_prefix_path/ur_description\n'}
[0.129527] (ur_description) StdoutLine: {'line': b'-- Up-to-date symlink: /home/tamar/RBE594_ws/install/ur_description/share/ur_description/environment/ament_prefix_path.sh\n'}
[0.129554] (ur_description) StdoutLine: {'line': b'-- Up-to-date symlink: /home/tamar/RBE594_ws/install/ur_description/share/ur_description/environment/ament_prefix_path.dsv\n'}
[0.129594] (ur_description) StdoutLine: {'line': b'-- Up-to-date symlink: /home/tamar/RBE594_ws/install/ur_description/share/ur_description/environment/path.sh\n'}
[0.129642] (ur_description) StdoutLine: {'line': b'-- Up-to-date symlink: /home/tamar/RBE594_ws/install/ur_description/share/ur_description/environment/path.dsv\n'}
[0.129668] (ur_description) StdoutLine: {'line': b'-- Up-to-date symlink: /home/tamar/RBE594_ws/install/ur_description/share/ur_description/local_setup.bash\n'}
[0.129694] (ur_description) StdoutLine: {'line': b'-- Up-to-date symlink: /home/tamar/RBE594_ws/install/ur_description/share/ur_description/local_setup.sh\n'}
[0.129730] (ur_description) StdoutLine: {'line': b'-- Up-to-date symlink: /home/tamar/RBE594_ws/install/ur_description/share/ur_description/local_setup.zsh\n'}
[0.129773] (ur_description) StdoutLine: {'line': b'-- Up-to-date symlink: /home/tamar/RBE594_ws/install/ur_description/share/ur_description/local_setup.dsv\n'}
[0.129797] (ur_description) StdoutLine: {'line': b'-- Symlinking: /home/tamar/RBE594_ws/install/ur_description/share/ur_description/package.dsv\n'}
[0.133171] (sirgas_description) CommandEnded: {'returncode': 0}
[0.133385] (sirgas_description) JobProgress: {'identifier': 'sirgas_description', 'progress': 'install'}
[0.133546] (sirgas_description) Command: {'cmd': ['/usr/bin/cmake', '--install', '/home/tamar/RBE594_ws/build/sirgas_description'], 'cwd': '/home/tamar/RBE594_ws/build/sirgas_description', 'env': OrderedDict({'GZ_SIM_RESOURCE_PATH': '/opt/ros/jazzy/share', 'GZ_CONFIG_PATH': '/opt/ros/jazzy/opt/gz_sim_vendor/share/gz:/opt/ros/jazzy/opt/sdformat_vendor/share/gz:/opt/ros/jazzy/opt/gz_gui_vendor/share/gz:/opt/ros/jazzy/opt/gz_transport_vendor/share/gz:/opt/ros/jazzy/opt/gz_rendering_vendor/share/gz:/opt/ros/jazzy/opt/gz_plugin_vendor/share/gz:/opt/ros/jazzy/opt/gz_fuel_tools_vendor/share/gz:/opt/ros/jazzy/opt/gz_msgs_vendor/share/gz:/opt/ros/jazzy/opt/gz_common_vendor/share/gz', 'HOSTNAME': 'cc3e0c1cee19', 'SHLVL': '1', 'LD_LIBRARY_PATH': '/opt/ros/jazzy/opt/gz_sim_vendor/lib:/opt/ros/jazzy/opt/gz_sensors_vendor/lib:/opt/ros/jazzy/opt/gz_physics_vendor/lib:/opt/ros/jazzy/opt/sdformat_vendor/lib:/opt/ros/jazzy/opt/rviz_ogre_vendor/lib:/opt/ros/jazzy/lib/x86_64-linux-gnu:/opt/ros/jazzy/opt/gz_gui_vendor/lib:/opt/ros/jazzy/opt/gz_transport_vendor/lib:/opt/ros/jazzy/opt/gz_rendering_vendor/lib:/opt/ros/jazzy/opt/gz_plugin_vendor/lib:/opt/ros/jazzy/opt/gz_fuel_tools_vendor/lib:/opt/ros/jazzy/opt/gz_msgs_vendor/lib:/opt/ros/jazzy/opt/gz_common_vendor/lib:/opt/ros/jazzy/opt/gz_math_vendor/lib:/opt/ros/jazzy/opt/gz_utils_vendor/lib:/opt/ros/jazzy/opt/gz_tools_vendor/lib:/opt/ros/jazzy/opt/gz_ogre_next_vendor/lib:/opt/ros/jazzy/opt/gz_dartsim_vendor/lib:/opt/ros/jazzy/opt/gz_cmake_vendor/lib:/opt/ros/jazzy/lib', 'HOME': '/home/tamar', 'OLDPWD': '/home/tamar', 'ROS_PYTHON_VERSION': '3', 'PS1': '(vEnv) ${debian_chroot:+($debian_chroot)}\\u@\\h:\\w\\$', 'COLCON_PREFIX_PATH': '/home/tamar/RBE594_ws/install', 'ROS_DISTRO': 'jazzy', '_': '/usr/bin/colcon', 'ROS_VERSION': '2', 'TERM': 'xterm', 'QT_X11_NO_MITSHM': '1', 'PATH': '/home/tamar/vEnv/bin:/opt/ros/jazzy/opt/gz_msgs_vendor/bin:/opt/ros/jazzy/opt/gz_tools_vendor/bin:/opt/ros/jazzy/opt/gz_ogre_next_vendor/bin:/opt/ros/jazzy/bin:/usr/local/sbin:/usr/local/bin:/usr/sbin:/usr/bin:/sbin:/bin', 'DISPLAY': ':0', 'LANG': 'C.UTF-8', 'VIRTUAL_ENV_PROMPT': '(vEnv)', 'RMW_IMPLEMENTATION': 'rmw_cyclonedds_cpp', 'AMENT_PREFIX_PATH': '/home/tamar/RBE594_ws/install/ur_simulation_gz:/home/tamar/RBE594_ws/install/ur_description:/home/tamar/RBE594_ws/install/sirgas_description:/home/tamar/RBE594_ws/install/custom_gear_controllers:/opt/ros/jazzy', 'VIRTUAL_ENV': '/home/tamar/vEnv', 'ROS_AUTOMATIC_DISCOVERY_RANGE': 'SUBNET', 'PWD': '/home/tamar/RBE594_ws/build/sirgas_description', 'TURTLEBOT3_MODEL': 'waffle', 'LC_ALL': 'C.UTF-8', 'PYTHONPATH': '/home/tamar/RBE594_ws/build/custom_gear_controllers:/home/tamar/RBE594_ws/install/custom_gear_controllers/lib/python3.12/site-packages:/opt/ros/jazzy/lib/python3.12/site-packages', 'COLCON': '1', 'CMAKE_PREFIX_PATH': '/home/tamar/RBE594_ws/install/ur_simulation_gz:/home/tamar/RBE594_ws/install/ur_description:/home/tamar/RBE594_ws/install/sirgas_description:/opt/ros/jazzy/opt/gz_sim_vendor:/opt/ros/jazzy/opt/gz_sensors_vendor:/opt/ros/jazzy/opt/gz_physics_vendor:/opt/ros/jazzy/opt/sdformat_vendor:/opt/ros/jazzy/opt/gz_gui_vendor:/opt/ros/jazzy/opt/gz_transport_vendor:/opt/ros/jazzy/opt/gz_rendering_vendor:/opt/ros/jazzy/opt/gz_plugin_vendor:/opt/ros/jazzy/opt/gz_fuel_tools_vendor:/opt/ros/jazzy/opt/gz_msgs_vendor:/opt/ros/jazzy/opt/gz_common_vendor:/opt/ros/jazzy/opt/gz_math_vendor:/opt/ros/jazzy/opt/gz_utils_vendor:/opt/ros/jazzy/opt/gz_tools_vendor:/opt/ros/jazzy/opt/gz_ogre_next_vendor:/opt/ros/jazzy/opt/gz_dartsim_vendor:/opt/ros/jazzy/opt/gz_cmake_vendor:/home/tamar/RBE594_ws/install/custom_gear_controllers:/opt/ros/jazzy'}), 'shell': False}
[0.134614] (ur_description) StdoutLine: {'line': b'-- Up-to-date symlink: /home/tamar/RBE594_ws/install/ur_description/share/ament_index/resource_index/packages/ur_description\n'}
[0.134685] (ur_description) StdoutLine: {'line': b'-- Up-to-date symlink: /home/tamar/RBE594_ws/install/ur_description/share/ur_description/cmake/ur_descriptionConfig.cmake\n'}
[0.134726] (ur_description) StdoutLine: {'line': b'-- Up-to-date symlink: /home/tamar/RBE594_ws/install/ur_description/share/ur_description/cmake/ur_descriptionConfig-version.cmake\n'}
[0.134788] (ur_description) StdoutLine: {'line': b'-- Up-to-date symlink: /home/tamar/RBE594_ws/install/ur_description/share/ur_description/package.xml\n'}
[0.135549] (ur_description) CommandEnded: {'returncode': 0}
[0.137795] (sirgas_description) StdoutLine: {'line': b'-- Install configuration: ""\n'}
[0.137974] (sirgas_description) StdoutLine: {'line': b'-- Execute custom install script\n'}
[0.138177] (sirgas_description) StdoutLine: {'line': b'-- Up-to-date symlink: /home/tamar/RBE594_ws/install/sirgas_description/share/sirgas_description//urdf/gear_starter_motor.urdf.xacro\n'}
[0.138247] (sirgas_description) StdoutLine: {'line': b'-- Up-to-date symlink: /home/tamar/RBE594_ws/install/sirgas_description/share/sirgas_description//urdf/inc/ur_common.xacro\n'}
[0.138275] (sirgas_description) StdoutLine: {'line': b'-- Up-to-date symlink: /home/tamar/RBE594_ws/install/sirgas_description/share/sirgas_description//urdf/inc/ur_transmissions.xacro\n'}
[0.138327] (sirgas_description) StdoutLine: {'line': b'-- Up-to-date symlink: /home/tamar/RBE594_ws/install/sirgas_description/share/sirgas_description//urdf/pba.urdf.xacro\n'}
[0.138356] (sirgas_description) StdoutLine: {'line': b'-- Up-to-date symlink: /home/tamar/RBE594_ws/install/sirgas_description/share/sirgas_description//urdf/ur20.ros2_control.xacro\n'}
[0.138403] (sirgas_description) StdoutLine: {'line': b'-- Up-to-date symlink: /home/tamar/RBE594_ws/install/sirgas_description/share/sirgas_description//urdf/ur20_macro.xacro\n'}
[0.138433] (sirgas_description) StdoutLine: {'line': b'-- Up-to-date symlink: /home/tamar/RBE594_ws/install/sirgas_description/share/sirgas_description//urdf/ur20_picker.urdf.xacro\n'}
[0.138478] (sirgas_description) StdoutLine: {'line': b'-- Up-to-date symlink: /home/tamar/RBE594_ws/install/sirgas_description/share/sirgas_description//urdf/ur20_starter.urdf.xacro\n'}
[0.138587] (sirgas_description) StdoutLine: {'line': b'-- Up-to-date symlink: /home/tamar/RBE594_ws/install/sirgas_description/share/sirgas_description//launch/gr.launch.py\n'}
[0.138614] (sirgas_description) StdoutLine: {'line': b'-- Up-to-date symlink: /home/tamar/RBE594_ws/install/sirgas_description/share/sirgas_description//launch/pba.launch.py\n'}
[0.138661] (sirgas_description) StdoutLine: {'line': b'-- Up-to-date symlink: /home/tamar/RBE594_ws/install/sirgas_description/share/sirgas_description//launch/pba.launch.xml\n'}
[0.138687] (sirgas_description) StdoutLine: {'line': b'-- Up-to-date symlink: /home/tamar/RBE594_ws/install/sirgas_description/share/sirgas_description//launch/sim.launch.py\n'}
[0.138728] (sirgas_description) StdoutLine: {'line': b'-- Up-to-date symlink: /home/tamar/RBE594_ws/install/sirgas_description/share/sirgas_description//launch/sim2.launch.py\n'}
[0.138762] (sirgas_description) StdoutLine: {'line': b'-- Up-to-date symlink: /home/tamar/RBE594_ws/install/sirgas_description/share/sirgas_description//launch/sim3.launch.py\n'}
[0.138788] (sirgas_description) StdoutLine: {'line': b'-- Up-to-date symlink: /home/tamar/RBE594_ws/install/sirgas_description/share/sirgas_description//launch/ur20_starter.launch.py\n'}
[0.138831] (sirgas_description) StdoutLine: {'line': b'-- Up-to-date symlink: /home/tamar/RBE594_ws/install/sirgas_description/share/sirgas_description//launch/ur20_starter_spawn.launch.py\n'}
[0.138908] (sirgas_description) StdoutLine: {'line': b'-- Up-to-date symlink: /home/tamar/RBE594_ws/install/sirgas_description/share/sirgas_description//meshes/Assembly 1.stl\n'}
[0.138952] (sirgas_description) StdoutLine: {'line': b'-- Up-to-date symlink: /home/tamar/RBE594_ws/install/sirgas_description/share/sirgas_description//meshes/First_Gear.stl\n'}
[0.138994] (sirgas_description) StdoutLine: {'line': b'-- Up-to-date symlink: /home/tamar/RBE594_ws/install/sirgas_description/share/sirgas_description//meshes/Gear_Rotator.stl\n'}
[0.139051] (sirgas_description) StdoutLine: {'line': b'-- Up-to-date symlink: /home/tamar/RBE594_ws/install/sirgas_description/share/sirgas_description//meshes/Motor_Housing.stl\n'}
[0.139089] (sirgas_description) StdoutLine: {'line': b'-- Up-to-date symlink: /home/tamar/RBE594_ws/install/sirgas_description/share/sirgas_description//meshes/Peg_Board.stl\n'}
[0.139113] (sirgas_description) StdoutLine: {'line': b'-- Up-to-date symlink: /home/tamar/RBE594_ws/install/sirgas_description/share/sirgas_description//meshes/Second_Gear.stl\n'}
[0.139173] (sirgas_description) StdoutLine: {'line': b'-- Up-to-date symlink: /home/tamar/RBE594_ws/install/sirgas_description/share/sirgas_description//meshes/Starter_Gear.stl\n'}
[0.139208] (sirgas_description) StdoutLine: {'line': b'-- Up-to-date symlink: /home/tamar/RBE594_ws/install/sirgas_description/share/sirgas_description//meshes/Third_Gear.stl\n'}
[0.139270] (sirgas_description) StdoutLine: {'line': b'-- Up-to-date symlink: /home/tamar/RBE594_ws/install/sirgas_description/share/sirgas_description//rviz/config.rviz\n'}
[0.139311] (sirgas_description) StdoutLine: {'line': b'-- Up-to-date symlink: /home/tamar/RBE594_ws/install/sirgas_description/share/sirgas_description//rviz/gsm.rviz\n'}
[0.139355] (sirgas_description) StdoutLine: {'line': b'-- Up-to-date symlink: /home/tamar/RBE594_ws/install/sirgas_description/share/sirgas_description//rviz/ur20_view.rviz\n'}
[0.139461] (sirgas_description) StdoutLine: {'line': b'-- Up-to-date symlink: /home/tamar/RBE594_ws/install/sirgas_description/share/sirgas_description//config/gear_coupling_controller.yaml\n'}
[0.139497] (sirgas_description) StdoutLine: {'line': b'-- Up-to-date symlink: /home/tamar/RBE594_ws/install/sirgas_description/share/sirgas_description//config/gsm_controller.yaml\n'}
[0.139538] (sirgas_description) StdoutLine: {'line': b'-- Up-to-date symlink: /home/tamar/RBE594_ws/install/sirgas_description/share/sirgas_description//config/initial_positions.yaml\n'}
[0.139571] (sirgas_description) StdoutLine: {'line': b'-- Up-to-date symlink: /home/tamar/RBE594_ws/install/sirgas_description/share/sirgas_description//config/load_controllers.sh\n'}
[0.139609] (sirgas_description) StdoutLine: {'line': b'-- Up-to-date symlink: /home/tamar/RBE594_ws/install/sirgas_description/share/sirgas_description//config/pba_controller.yaml\n'}
[0.139643] (sirgas_description) StdoutLine: {'line': b'-- Up-to-date symlink: /home/tamar/RBE594_ws/install/sirgas_description/share/sirgas_description//config/ur20_controllers.yaml\n'}
[0.139694] (sirgas_description) StdoutLine: {'line': b'-- Up-to-date symlink: /home/tamar/RBE594_ws/install/sirgas_description/share/sirgas_description//config/ur20_picker_controllers.yaml\n'}
[0.139736] (sirgas_description) StdoutLine: {'line': b'-- Up-to-date symlink: /home/tamar/RBE594_ws/install/sirgas_description/share/sirgas_description//config/ur20_starter_controllers.yaml\n'}
[0.139791] (sirgas_description) StdoutLine: {'line': b'-- Up-to-date symlink: /home/tamar/RBE594_ws/install/sirgas_description/share/ament_index/resource_index/package_run_dependencies/sirgas_description\n'}
[0.139859] (sirgas_description) StdoutLine: {'line': b'-- Up-to-date symlink: /home/tamar/RBE594_ws/install/sirgas_description/share/ament_index/resource_index/parent_prefix_path/sirgas_description\n'}
[0.139921] (sirgas_description) StdoutLine: {'line': b'-- Up-to-date symlink: /home/tamar/RBE594_ws/install/sirgas_description/share/sirgas_description/environment/ament_prefix_path.sh\n'}
[0.139980] (sirgas_description) StdoutLine: {'line': b'-- Up-to-date symlink: /home/tamar/RBE594_ws/install/sirgas_description/share/sirgas_description/environment/ament_prefix_path.dsv\n'}
[0.140033] (sirgas_description) StdoutLine: {'line': b'-- Up-to-date symlink: /home/tamar/RBE594_ws/install/sirgas_description/share/sirgas_description/environment/path.sh\n'}
[0.140097] (sirgas_description) StdoutLine: {'line': b'-- Up-to-date symlink: /home/tamar/RBE594_ws/install/sirgas_description/share/sirgas_description/environment/path.dsv\n'}
[0.140155] (sirgas_description) StdoutLine: {'line': b'-- Up-to-date symlink: /home/tamar/RBE594_ws/install/sirgas_description/share/sirgas_description/local_setup.bash\n'}
[0.140199] (sirgas_description) StdoutLine: {'line': b'-- Up-to-date symlink: /home/tamar/RBE594_ws/install/sirgas_description/share/sirgas_description/local_setup.sh\n'}
[0.140250] (sirgas_description) StdoutLine: {'line': b'-- Up-to-date symlink: /home/tamar/RBE594_ws/install/sirgas_description/share/sirgas_description/local_setup.zsh\n'}
[0.140300] (sirgas_description) StdoutLine: {'line': b'-- Up-to-date symlink: /home/tamar/RBE594_ws/install/sirgas_description/share/sirgas_description/local_setup.dsv\n'}
[0.140341] (sirgas_description) StdoutLine: {'line': b'-- Symlinking: /home/tamar/RBE594_ws/install/sirgas_description/share/sirgas_description/package.dsv\n'}
[0.144664] (sirgas_description) StdoutLine: {'line': b'-- Up-to-date symlink: /home/tamar/RBE594_ws/install/sirgas_description/share/ament_index/resource_index/packages/sirgas_description\n'}
[0.144795] (sirgas_description) StdoutLine: {'line': b'-- Up-to-date symlink: /home/tamar/RBE594_ws/install/sirgas_description/share/sirgas_description/cmake/sirgas_descriptionConfig.cmake\n'}
[0.144853] (sirgas_description) StdoutLine: {'line': b'-- Up-to-date symlink: /home/tamar/RBE594_ws/install/sirgas_description/share/sirgas_description/cmake/sirgas_descriptionConfig-version.cmake\n'}
[0.144884] (sirgas_description) StdoutLine: {'line': b'-- Up-to-date symlink: /home/tamar/RBE594_ws/install/sirgas_description/share/sirgas_description/package.xml\n'}
[0.150598] (ur_description) JobEnded: {'identifier': 'ur_description', 'rc': 0}
[0.150978] (ur_simulation_gz) JobStarted: {'identifier': 'ur_simulation_gz'}
[0.153384] (sirgas_description) CommandEnded: {'returncode': 0}
[0.160569] (sirgas_description) JobEnded: {'identifier': 'sirgas_description', 'rc': 0}
[0.160894] (ur_simulation_gz) JobProgress: {'identifier': 'ur_simulation_gz', 'progress': 'cmake'}
[0.161085] (ur_simulation_gz) JobProgress: {'identifier': 'ur_simulation_gz', 'progress': 'build'}
[0.161232] (ur_simulation_gz) Command: {'cmd': ['/usr/bin/cmake', '--build', '/home/tamar/RBE594_ws/build/ur_simulation_gz', '--', '-j32', '-l32'], 'cwd': '/home/tamar/RBE594_ws/build/ur_simulation_gz', 'env': OrderedDict({'GZ_SIM_RESOURCE_PATH': '/opt/ros/jazzy/share', 'GZ_CONFIG_PATH': '/opt/ros/jazzy/opt/gz_sim_vendor/share/gz:/opt/ros/jazzy/opt/sdformat_vendor/share/gz:/opt/ros/jazzy/opt/gz_gui_vendor/share/gz:/opt/ros/jazzy/opt/gz_transport_vendor/share/gz:/opt/ros/jazzy/opt/gz_rendering_vendor/share/gz:/opt/ros/jazzy/opt/gz_plugin_vendor/share/gz:/opt/ros/jazzy/opt/gz_fuel_tools_vendor/share/gz:/opt/ros/jazzy/opt/gz_msgs_vendor/share/gz:/opt/ros/jazzy/opt/gz_common_vendor/share/gz', 'HOSTNAME': 'cc3e0c1cee19', 'SHLVL': '1', 'LD_LIBRARY_PATH': '/opt/ros/jazzy/opt/gz_sim_vendor/lib:/opt/ros/jazzy/opt/gz_sensors_vendor/lib:/opt/ros/jazzy/opt/gz_physics_vendor/lib:/opt/ros/jazzy/opt/sdformat_vendor/lib:/opt/ros/jazzy/opt/rviz_ogre_vendor/lib:/opt/ros/jazzy/lib/x86_64-linux-gnu:/opt/ros/jazzy/opt/gz_gui_vendor/lib:/opt/ros/jazzy/opt/gz_transport_vendor/lib:/opt/ros/jazzy/opt/gz_rendering_vendor/lib:/opt/ros/jazzy/opt/gz_plugin_vendor/lib:/opt/ros/jazzy/opt/gz_fuel_tools_vendor/lib:/opt/ros/jazzy/opt/gz_msgs_vendor/lib:/opt/ros/jazzy/opt/gz_common_vendor/lib:/opt/ros/jazzy/opt/gz_math_vendor/lib:/opt/ros/jazzy/opt/gz_utils_vendor/lib:/opt/ros/jazzy/opt/gz_tools_vendor/lib:/opt/ros/jazzy/opt/gz_ogre_next_vendor/lib:/opt/ros/jazzy/opt/gz_dartsim_vendor/lib:/opt/ros/jazzy/opt/gz_cmake_vendor/lib:/opt/ros/jazzy/lib', 'HOME': '/home/tamar', 'OLDPWD': '/home/tamar', 'ROS_PYTHON_VERSION': '3', 'PS1': '(vEnv) ${debian_chroot:+($debian_chroot)}\\u@\\h:\\w\\$', 'COLCON_PREFIX_PATH': '/home/tamar/RBE594_ws/install', 'ROS_DISTRO': 'jazzy', '_': '/usr/bin/colcon', 'ROS_VERSION': '2', 'TERM': 'xterm', 'QT_X11_NO_MITSHM': '1', 'PATH': '/home/tamar/vEnv/bin:/opt/ros/jazzy/opt/gz_msgs_vendor/bin:/opt/ros/jazzy/opt/gz_tools_vendor/bin:/opt/ros/jazzy/opt/gz_ogre_next_vendor/bin:/opt/ros/jazzy/bin:/usr/local/sbin:/usr/local/bin:/usr/sbin:/usr/bin:/sbin:/bin', 'DISPLAY': ':0', 'LANG': 'C.UTF-8', 'VIRTUAL_ENV_PROMPT': '(vEnv)', 'RMW_IMPLEMENTATION': 'rmw_cyclonedds_cpp', 'AMENT_PREFIX_PATH': '/home/tamar/RBE594_ws/install/ur_simulation_gz:/home/tamar/RBE594_ws/install/ur_description:/home/tamar/RBE594_ws/install/sirgas_description:/home/tamar/RBE594_ws/install/custom_gear_controllers:/opt/ros/jazzy', 'VIRTUAL_ENV': '/home/tamar/vEnv', 'ROS_AUTOMATIC_DISCOVERY_RANGE': 'SUBNET', 'PWD': '/home/tamar/RBE594_ws/build/ur_simulation_gz', 'TURTLEBOT3_MODEL': 'waffle', 'LC_ALL': 'C.UTF-8', 'PYTHONPATH': '/home/tamar/RBE594_ws/build/custom_gear_controllers:/home/tamar/RBE594_ws/install/custom_gear_controllers/lib/python3.12/site-packages:/opt/ros/jazzy/lib/python3.12/site-packages', 'COLCON': '1', 'CMAKE_PREFIX_PATH': '/home/tamar/RBE594_ws/install/ur_description:/home/tamar/RBE594_ws/install/ur_simulation_gz:/home/tamar/RBE594_ws/install/sirgas_description:/opt/ros/jazzy/opt/gz_sim_vendor:/opt/ros/jazzy/opt/gz_sensors_vendor:/opt/ros/jazzy/opt/gz_physics_vendor:/opt/ros/jazzy/opt/sdformat_vendor:/opt/ros/jazzy/opt/gz_gui_vendor:/opt/ros/jazzy/opt/gz_transport_vendor:/opt/ros/jazzy/opt/gz_rendering_vendor:/opt/ros/jazzy/opt/gz_plugin_vendor:/opt/ros/jazzy/opt/gz_fuel_tools_vendor:/opt/ros/jazzy/opt/gz_msgs_vendor:/opt/ros/jazzy/opt/gz_common_vendor:/opt/ros/jazzy/opt/gz_math_vendor:/opt/ros/jazzy/opt/gz_utils_vendor:/opt/ros/jazzy/opt/gz_tools_vendor:/opt/ros/jazzy/opt/gz_ogre_next_vendor:/opt/ros/jazzy/opt/gz_dartsim_vendor:/opt/ros/jazzy/opt/gz_cmake_vendor:/home/tamar/RBE594_ws/install/custom_gear_controllers:/opt/ros/jazzy'}), 'shell': False}
[0.185119] (ur_simulation_gz) CommandEnded: {'returncode': 0}
[0.185477] (ur_simulation_gz) JobProgress: {'identifier': 'ur_simulation_gz', 'progress': 'install'}
[0.185588] (ur_simulation_gz) Command: {'cmd': ['/usr/bin/cmake', '--install', '/home/tamar/RBE594_ws/build/ur_simulation_gz'], 'cwd': '/home/tamar/RBE594_ws/build/ur_simulation_gz', 'env': OrderedDict({'GZ_SIM_RESOURCE_PATH': '/opt/ros/jazzy/share', 'GZ_CONFIG_PATH': '/opt/ros/jazzy/opt/gz_sim_vendor/share/gz:/opt/ros/jazzy/opt/sdformat_vendor/share/gz:/opt/ros/jazzy/opt/gz_gui_vendor/share/gz:/opt/ros/jazzy/opt/gz_transport_vendor/share/gz:/opt/ros/jazzy/opt/gz_rendering_vendor/share/gz:/opt/ros/jazzy/opt/gz_plugin_vendor/share/gz:/opt/ros/jazzy/opt/gz_fuel_tools_vendor/share/gz:/opt/ros/jazzy/opt/gz_msgs_vendor/share/gz:/opt/ros/jazzy/opt/gz_common_vendor/share/gz', 'HOSTNAME': 'cc3e0c1cee19', 'SHLVL': '1', 'LD_LIBRARY_PATH': '/opt/ros/jazzy/opt/gz_sim_vendor/lib:/opt/ros/jazzy/opt/gz_sensors_vendor/lib:/opt/ros/jazzy/opt/gz_physics_vendor/lib:/opt/ros/jazzy/opt/sdformat_vendor/lib:/opt/ros/jazzy/opt/rviz_ogre_vendor/lib:/opt/ros/jazzy/lib/x86_64-linux-gnu:/opt/ros/jazzy/opt/gz_gui_vendor/lib:/opt/ros/jazzy/opt/gz_transport_vendor/lib:/opt/ros/jazzy/opt/gz_rendering_vendor/lib:/opt/ros/jazzy/opt/gz_plugin_vendor/lib:/opt/ros/jazzy/opt/gz_fuel_tools_vendor/lib:/opt/ros/jazzy/opt/gz_msgs_vendor/lib:/opt/ros/jazzy/opt/gz_common_vendor/lib:/opt/ros/jazzy/opt/gz_math_vendor/lib:/opt/ros/jazzy/opt/gz_utils_vendor/lib:/opt/ros/jazzy/opt/gz_tools_vendor/lib:/opt/ros/jazzy/opt/gz_ogre_next_vendor/lib:/opt/ros/jazzy/opt/gz_dartsim_vendor/lib:/opt/ros/jazzy/opt/gz_cmake_vendor/lib:/opt/ros/jazzy/lib', 'HOME': '/home/tamar', 'OLDPWD': '/home/tamar', 'ROS_PYTHON_VERSION': '3', 'PS1': '(vEnv) ${debian_chroot:+($debian_chroot)}\\u@\\h:\\w\\$', 'COLCON_PREFIX_PATH': '/home/tamar/RBE594_ws/install', 'ROS_DISTRO': 'jazzy', '_': '/usr/bin/colcon', 'ROS_VERSION': '2', 'TERM': 'xterm', 'QT_X11_NO_MITSHM': '1', 'PATH': '/home/tamar/vEnv/bin:/opt/ros/jazzy/opt/gz_msgs_vendor/bin:/opt/ros/jazzy/opt/gz_tools_vendor/bin:/opt/ros/jazzy/opt/gz_ogre_next_vendor/bin:/opt/ros/jazzy/bin:/usr/local/sbin:/usr/local/bin:/usr/sbin:/usr/bin:/sbin:/bin', 'DISPLAY': ':0', 'LANG': 'C.UTF-8', 'VIRTUAL_ENV_PROMPT': '(vEnv)', 'RMW_IMPLEMENTATION': 'rmw_cyclonedds_cpp', 'AMENT_PREFIX_PATH': '/home/tamar/RBE594_ws/install/ur_simulation_gz:/home/tamar/RBE594_ws/install/ur_description:/home/tamar/RBE594_ws/install/sirgas_description:/home/tamar/RBE594_ws/install/custom_gear_controllers:/opt/ros/jazzy', 'VIRTUAL_ENV': '/home/tamar/vEnv', 'ROS_AUTOMATIC_DISCOVERY_RANGE': 'SUBNET', 'PWD': '/home/tamar/RBE594_ws/build/ur_simulation_gz', 'TURTLEBOT3_MODEL': 'waffle', 'LC_ALL': 'C.UTF-8', 'PYTHONPATH': '/home/tamar/RBE594_ws/build/custom_gear_controllers:/home/tamar/RBE594_ws/install/custom_gear_controllers/lib/python3.12/site-packages:/opt/ros/jazzy/lib/python3.12/site-packages', 'COLCON': '1', 'CMAKE_PREFIX_PATH': '/home/tamar/RBE594_ws/install/ur_description:/home/tamar/RBE594_ws/install/ur_simulation_gz:/home/tamar/RBE594_ws/install/sirgas_description:/opt/ros/jazzy/opt/gz_sim_vendor:/opt/ros/jazzy/opt/gz_sensors_vendor:/opt/ros/jazzy/opt/gz_physics_vendor:/opt/ros/jazzy/opt/sdformat_vendor:/opt/ros/jazzy/opt/gz_gui_vendor:/opt/ros/jazzy/opt/gz_transport_vendor:/opt/ros/jazzy/opt/gz_rendering_vendor:/opt/ros/jazzy/opt/gz_plugin_vendor:/opt/ros/jazzy/opt/gz_fuel_tools_vendor:/opt/ros/jazzy/opt/gz_msgs_vendor:/opt/ros/jazzy/opt/gz_common_vendor:/opt/ros/jazzy/opt/gz_math_vendor:/opt/ros/jazzy/opt/gz_utils_vendor:/opt/ros/jazzy/opt/gz_tools_vendor:/opt/ros/jazzy/opt/gz_ogre_next_vendor:/opt/ros/jazzy/opt/gz_dartsim_vendor:/opt/ros/jazzy/opt/gz_cmake_vendor:/home/tamar/RBE594_ws/install/custom_gear_controllers:/opt/ros/jazzy'}), 'shell': False}
[0.191142] (ur_simulation_gz) StdoutLine: {'line': b'-- Install configuration: ""\n'}
[0.191309] (ur_simulation_gz) StdoutLine: {'line': b'-- Execute custom install script\n'}
[0.191488] (ur_simulation_gz) StdoutLine: {'line': b'-- Up-to-date symlink: /home/tamar/RBE594_ws/install/ur_simulation_gz/share/ur_simulation_gz/config/ur_controllers.yaml\n'}
[0.191587] (ur_simulation_gz) StdoutLine: {'line': b'-- Up-to-date symlink: /home/tamar/RBE594_ws/install/ur_simulation_gz/share/ur_simulation_gz/launch/ur_sim_control.launch.py\n'}
[0.191630] (ur_simulation_gz) StdoutLine: {'line': b'-- Up-to-date symlink: /home/tamar/RBE594_ws/install/ur_simulation_gz/share/ur_simulation_gz/launch/ur_sim_moveit.launch.py\n'}
[0.191705] (ur_simulation_gz) StdoutLine: {'line': b'-- Up-to-date symlink: /home/tamar/RBE594_ws/install/ur_simulation_gz/share/ament_index/resource_index/package_run_dependencies/ur_simulation_gz\n'}
[0.191771] (ur_simulation_gz) StdoutLine: {'line': b'-- Up-to-date symlink: /home/tamar/RBE594_ws/install/ur_simulation_gz/share/ament_index/resource_index/parent_prefix_path/ur_simulation_gz\n'}
[0.191835] (ur_simulation_gz) StdoutLine: {'line': b'-- Up-to-date symlink: /home/tamar/RBE594_ws/install/ur_simulation_gz/share/ur_simulation_gz/environment/ament_prefix_path.sh\n'}
[0.191892] (ur_simulation_gz) StdoutLine: {'line': b'-- Up-to-date symlink: /home/tamar/RBE594_ws/install/ur_simulation_gz/share/ur_simulation_gz/environment/ament_prefix_path.dsv\n'}
[0.191949] (ur_simulation_gz) StdoutLine: {'line': b'-- Up-to-date symlink: /home/tamar/RBE594_ws/install/ur_simulation_gz/share/ur_simulation_gz/environment/path.sh\n'}
[0.192003] (ur_simulation_gz) StdoutLine: {'line': b'-- Up-to-date symlink: /home/tamar/RBE594_ws/install/ur_simulation_gz/share/ur_simulation_gz/environment/path.dsv\n'}
[0.192056] (ur_simulation_gz) StdoutLine: {'line': b'-- Up-to-date symlink: /home/tamar/RBE594_ws/install/ur_simulation_gz/share/ur_simulation_gz/local_setup.bash\n'}
[0.192109] (ur_simulation_gz) StdoutLine: {'line': b'-- Up-to-date symlink: /home/tamar/RBE594_ws/install/ur_simulation_gz/share/ur_simulation_gz/local_setup.sh\n'}
[0.192160] (ur_simulation_gz) StdoutLine: {'line': b'-- Up-to-date symlink: /home/tamar/RBE594_ws/install/ur_simulation_gz/share/ur_simulation_gz/local_setup.zsh\n'}
[0.192210] (ur_simulation_gz) StdoutLine: {'line': b'-- Up-to-date symlink: /home/tamar/RBE594_ws/install/ur_simulation_gz/share/ur_simulation_gz/local_setup.dsv\n'}
[0.192249] (ur_simulation_gz) StdoutLine: {'line': b'-- Symlinking: /home/tamar/RBE594_ws/install/ur_simulation_gz/share/ur_simulation_gz/package.dsv\n'}
[0.196115] (ur_simulation_gz) StdoutLine: {'line': b'-- Up-to-date symlink: /home/tamar/RBE594_ws/install/ur_simulation_gz/share/ament_index/resource_index/packages/ur_simulation_gz\n'}
[0.196183] (ur_simulation_gz) StdoutLine: {'line': b'-- Up-to-date symlink: /home/tamar/RBE594_ws/install/ur_simulation_gz/share/ur_simulation_gz/cmake/ur_simulation_gzConfig.cmake\n'}
[0.196225] (ur_simulation_gz) StdoutLine: {'line': b'-- Up-to-date symlink: /home/tamar/RBE594_ws/install/ur_simulation_gz/share/ur_simulation_gz/cmake/ur_simulation_gzConfig-version.cmake\n'}
[0.196285] (ur_simulation_gz) StdoutLine: {'line': b'-- Up-to-date symlink: /home/tamar/RBE594_ws/install/ur_simulation_gz/share/ur_simulation_gz/package.xml\n'}
[0.197168] (ur_simulation_gz) CommandEnded: {'returncode': 0}
[0.199774] (-) TimerEvent: {}
[0.201628] (ur_simulation_gz) JobEnded: {'identifier': 'ur_simulation_gz', 'rc': 0}
[0.299888] (-) TimerEvent: {}
[0.356881] (custom_gear_controllers) Command: {'cmd': ['/usr/bin/python3', '-W', 'ignore:setup.py install is deprecated', '-W', 'ignore:easy_install command is deprecated', 'setup.py', 'develop', '--editable', '--build-directory', '/home/tamar/RBE594_ws/build/custom_gear_controllers/build', '--no-deps', 'symlink_data'], 'cwd': '/home/tamar/RBE594_ws/build/custom_gear_controllers', 'env': {'GZ_SIM_RESOURCE_PATH': '/opt/ros/jazzy/share', 'GZ_CONFIG_PATH': '/opt/ros/jazzy/opt/gz_sim_vendor/share/gz:/opt/ros/jazzy/opt/sdformat_vendor/share/gz:/opt/ros/jazzy/opt/gz_gui_vendor/share/gz:/opt/ros/jazzy/opt/gz_transport_vendor/share/gz:/opt/ros/jazzy/opt/gz_rendering_vendor/share/gz:/opt/ros/jazzy/opt/gz_plugin_vendor/share/gz:/opt/ros/jazzy/opt/gz_fuel_tools_vendor/share/gz:/opt/ros/jazzy/opt/gz_msgs_vendor/share/gz:/opt/ros/jazzy/opt/gz_common_vendor/share/gz', 'HOSTNAME': 'cc3e0c1cee19', 'SHLVL': '1', 'LD_LIBRARY_PATH': '/opt/ros/jazzy/opt/gz_sim_vendor/lib:/opt/ros/jazzy/opt/gz_sensors_vendor/lib:/opt/ros/jazzy/opt/gz_physics_vendor/lib:/opt/ros/jazzy/opt/sdformat_vendor/lib:/opt/ros/jazzy/opt/rviz_ogre_vendor/lib:/opt/ros/jazzy/lib/x86_64-linux-gnu:/opt/ros/jazzy/opt/gz_gui_vendor/lib:/opt/ros/jazzy/opt/gz_transport_vendor/lib:/opt/ros/jazzy/opt/gz_rendering_vendor/lib:/opt/ros/jazzy/opt/gz_plugin_vendor/lib:/opt/ros/jazzy/opt/gz_fuel_tools_vendor/lib:/opt/ros/jazzy/opt/gz_msgs_vendor/lib:/opt/ros/jazzy/opt/gz_common_vendor/lib:/opt/ros/jazzy/opt/gz_math_vendor/lib:/opt/ros/jazzy/opt/gz_utils_vendor/lib:/opt/ros/jazzy/opt/gz_tools_vendor/lib:/opt/ros/jazzy/opt/gz_ogre_next_vendor/lib:/opt/ros/jazzy/opt/gz_dartsim_vendor/lib:/opt/ros/jazzy/opt/gz_cmake_vendor/lib:/opt/ros/jazzy/lib', 'HOME': '/home/tamar', 'OLDPWD': '/home/tamar', 'ROS_PYTHON_VERSION': '3', 'PS1': '(vEnv) ${debian_chroot:+($debian_chroot)}\\u@\\h:\\w\\$', 'COLCON_PREFIX_PATH': '/home/tamar/RBE594_ws/install', 'ROS_DISTRO': 'jazzy', '_': '/usr/bin/colcon', 'ROS_VERSION': '2', 'TERM': 'xterm', 'QT_X11_NO_MITSHM': '1', 'PATH': '/home/tamar/vEnv/bin:/opt/ros/jazzy/opt/gz_msgs_vendor/bin:/opt/ros/jazzy/opt/gz_tools_vendor/bin:/opt/ros/jazzy/opt/gz_ogre_next_vendor/bin:/opt/ros/jazzy/bin:/usr/local/sbin:/usr/local/bin:/usr/sbin:/usr/bin:/sbin:/bin', 'DISPLAY': ':0', 'LANG': 'C.UTF-8', 'VIRTUAL_ENV_PROMPT': '(vEnv)', 'RMW_IMPLEMENTATION': 'rmw_cyclonedds_cpp', 'AMENT_PREFIX_PATH': '/home/tamar/RBE594_ws/install/ur_simulation_gz:/home/tamar/RBE594_ws/install/ur_description:/home/tamar/RBE594_ws/install/sirgas_description:/home/tamar/RBE594_ws/install/custom_gear_controllers:/opt/ros/jazzy', 'VIRTUAL_ENV': '/home/tamar/vEnv', 'ROS_AUTOMATIC_DISCOVERY_RANGE': 'SUBNET', 'PWD': '/home/tamar/RBE594_ws/build/custom_gear_controllers', 'TURTLEBOT3_MODEL': 'waffle', 'LC_ALL': 'C.UTF-8', 'PYTHONPATH': '/home/tamar/RBE594_ws/build/custom_gear_controllers/prefix_override:/usr/lib/python3/dist-packages/colcon_core/task/python/colcon_distutils_commands:/home/tamar/RBE594_ws/install/custom_gear_controllers/lib/python3.12/site-packages:/home/tamar/RBE594_ws/build/custom_gear_controllers:/home/tamar/RBE594_ws/install/custom_gear_controllers/lib/python3.12/site-packages:/opt/ros/jazzy/lib/python3.12/site-packages', 'COLCON': '1', 'CMAKE_PREFIX_PATH': '/home/tamar/RBE594_ws/install/ur_simulation_gz:/home/tamar/RBE594_ws/install/ur_description:/home/tamar/RBE594_ws/install/sirgas_description:/opt/ros/jazzy/opt/gz_sim_vendor:/opt/ros/jazzy/opt/gz_sensors_vendor:/opt/ros/jazzy/opt/gz_physics_vendor:/opt/ros/jazzy/opt/sdformat_vendor:/opt/ros/jazzy/opt/gz_gui_vendor:/opt/ros/jazzy/opt/gz_transport_vendor:/opt/ros/jazzy/opt/gz_rendering_vendor:/opt/ros/jazzy/opt/gz_plugin_vendor:/opt/ros/jazzy/opt/gz_fuel_tools_vendor:/opt/ros/jazzy/opt/gz_msgs_vendor:/opt/ros/jazzy/opt/gz_common_vendor:/opt/ros/jazzy/opt/gz_math_vendor:/opt/ros/jazzy/opt/gz_utils_vendor:/opt/ros/jazzy/opt/gz_tools_vendor:/opt/ros/jazzy/opt/gz_ogre_next_vendor:/opt/ros/jazzy/opt/gz_dartsim_vendor:/opt/ros/jazzy/opt/gz_cmake_vendor'}, 'shell': False}
[0.400027] (-) TimerEvent: {}
[0.489568] (custom_gear_controllers) StdoutLine: {'line': b'running develop\n'}
[0.500179] (-) TimerEvent: {}
[0.567042] (custom_gear_controllers) StdoutLine: {'line': b'running egg_info\n'}
[0.574392] (custom_gear_controllers) StdoutLine: {'line': b'writing custom_gear_controllers.egg-info/PKG-INFO\n'}
[0.574581] (custom_gear_controllers) StdoutLine: {'line': b'writing dependency_links to custom_gear_controllers.egg-info/dependency_links.txt\n'}
[0.574669] (custom_gear_controllers) StdoutLine: {'line': b'writing entry points to custom_gear_controllers.egg-info/entry_points.txt\n'}
[0.574734] (custom_gear_controllers) StdoutLine: {'line': b'writing requirements to custom_gear_controllers.egg-info/requires.txt\n'}
[0.574892] (custom_gear_controllers) StdoutLine: {'line': b'writing top-level names to custom_gear_controllers.egg-info/top_level.txt\n'}
[0.590041] (custom_gear_controllers) StdoutLine: {'line': b"reading manifest file 'custom_gear_controllers.egg-info/SOURCES.txt'\n"}
[0.590411] (custom_gear_controllers) StdoutLine: {'line': b"writing manifest file 'custom_gear_controllers.egg-info/SOURCES.txt'\n"}
[0.598474] (custom_gear_controllers) StdoutLine: {'line': b'running build_ext\n'}
[0.598548] (custom_gear_controllers) StdoutLine: {'line': b'Creating /home/tamar/RBE594_ws/install/custom_gear_controllers/lib/python3.12/site-packages/custom-gear-controllers.egg-link (link to .)\n'}
[0.598872] (custom_gear_controllers) StdoutLine: {'line': b'\n'}
[0.598937] (custom_gear_controllers) StdoutLine: {'line': b'Installed /home/tamar/RBE594_ws/build/custom_gear_controllers\n'}
[0.598967] (custom_gear_controllers) StdoutLine: {'line': b'running symlink_data\n'}
[0.600280] (-) TimerEvent: {}
[0.611067] (custom_gear_controllers) CommandEnded: {'returncode': 0}
[0.614182] (custom_gear_controllers) JobEnded: {'identifier': 'custom_gear_controllers', 'rc': 0}
[0.614693] (-) EventReactorShutdown: {}
