[0.004s] Invoking command in '/home/tamar/RBE594_ws/build/sirgas_description': CMAKE_PREFIX_PATH=${CMAKE_PREFIX_PATH}:/opt/ros/humble PS1=(vEnv) \[\e]0;\u@\h: \w\a\]${debian_chroot:+($debian_chroot)}\[\033[01;32m\]\u@\h\[\033[00m\]:\[\033[01;34m\]\w\[\033[00m\]\$ VIRTUAL_ENV_PROMPT=(vEnv) /home/tamar/.local/bin/cmake /home/tamar/RBE594_ws/src/sirgas_description -DAMENT_CMAKE_SYMLINK_INSTALL=1 -DCMAKE_INSTALL_PREFIX=/home/tamar/RBE594_ws/install/sirgas_description
[0.041s] [0mCMake Deprecation Warning at CMakeLists.txt:1 (cmake_minimum_required):
[0.041s]   Compatibility with CMake < 3.10 will be removed from a future version of
[0.041s]   CMake.
[0.041s] 
[0.041s]   Update the VERSION argument <min> value.  Or, use the <min>...<max> syntax
[0.041s]   to tell CMake that the project requires at least <min> but has been updated
[0.041s]   to work with policies introduced by <max> or earlier.
[0.042s] 
[0.042s] [0m
[0.072s] -- The C compiler identification is GNU 11.4.0
[0.134s] -- The CXX compiler identification is GNU 11.4.0
[0.148s] -- Detecting C compiler ABI info
[0.215s] -- Detecting C compiler ABI info - done
[0.240s] -- Check for working C compiler: /usr/bin/cc - skipped
[0.241s] -- Detecting C compile features
[0.242s] -- Detecting C compile features - done
[0.268s] -- Detecting CXX compiler ABI info
[0.358s] -- Detecting CXX compiler ABI info - done
[0.375s] -- Check for working CXX compiler: /usr/bin/c++ - skipped
[0.376s] -- Detecting CXX compile features
[0.376s] -- Detecting CXX compile features - done
[0.385s] -- Found ament_cmake: 1.3.11 (/opt/ros/humble/share/ament_cmake/cmake)
[0.489s] -- Found Python3: /home/tamar/vEnv/bin/python3 (found version "3.10.12") found components: Interpreter
[0.529s] -- Override CMake install command with custom implementation using symlinks instead of copying resources
[0.555s] [31mCMake Error at CMakeLists.txt:10 (find_package):
[0.555s]   By not providing "Findur_msgs.cmake" in CMAKE_MODULE_PATH this project has
[0.555s]   asked CMake to find a package configuration file provided by "ur_msgs", but
[0.555s]   CMake did not find one.
[0.555s] 
[0.555s]   Could not find a package configuration file provided by "ur_msgs" with any
[0.555s]   of the following names:
[0.555s] 
[0.555s]     ur_msgsConfig.cmake
[0.555s]     ur_msgs-config.cmake
[0.555s] 
[0.555s]   Add the installation prefix of "ur_msgs" to CMAKE_PREFIX_PATH or set
[0.555s]   "ur_msgs_DIR" to a directory containing one of the above files.  If
[0.555s]   "ur_msgs" provides a separate development package or SDK, be sure it has
[0.556s]   been installed.
[0.556s] 
[0.556s] [0m
[0.556s] -- Configuring incomplete, errors occurred!
[0.559s] Invoked command in '/home/tamar/RBE594_ws/build/sirgas_description' returned '1': CMAKE_PREFIX_PATH=${CMAKE_PREFIX_PATH}:/opt/ros/humble PS1=(vEnv) \[\e]0;\u@\h: \w\a\]${debian_chroot:+($debian_chroot)}\[\033[01;32m\]\u@\h\[\033[00m\]:\[\033[01;34m\]\w\[\033[00m\]\$ VIRTUAL_ENV_PROMPT=(vEnv) /home/tamar/.local/bin/cmake /home/tamar/RBE594_ws/src/sirgas_description -DAMENT_CMAKE_SYMLINK_INSTALL=1 -DCMAKE_INSTALL_PREFIX=/home/tamar/RBE594_ws/install/sirgas_description
