[0.044s] Invoking command in '/home/tamar/RBE594_ws/build/ur': CMAKE_PREFIX_PATH=/home/tamar/RBE594_ws/install/ur_calibration:/home/tamar/RBE594_ws/install/ur_robot_driver:/home/tamar/RBE594_ws/install/ur_moveit_config:/home/tamar/RBE594_ws/install/ur_controllers:/home/tamar/RBE594_ws/install/ur_msgs:/home/tamar/RBE594_ws/install/ur_description:/home/tamar/RBE594_ws/install/ur_dashboard_msgs:/home/tamar/RBE594_ws/install/ur_client_library:/home/tamar/RBE594_ws/install/ur:/home/tamar/RBE594_ws/install/ur_bringup:/home/tamar/RBE594_ws/install/sirgas_description:/home/tamar/RBE594_ws/install/moveit_resources:/home/tamar/RBE594_ws/install/moveit_resources_pr2_description:/home/tamar/RBE594_ws/install/moveit_resources_panda_moveit_config:/home/tamar/RBE594_ws/install/moveit_resources_panda_description:/home/tamar/RBE594_ws/install/moveit_resources_fanuc_moveit_config:/home/tamar/RBE594_ws/install/moveit_resources_fanuc_description:/opt/ros/humble LD_LIBRARY_PATH=/home/tamar/RBE594_ws/install/ur_robot_driver/lib:/home/tamar/RBE594_ws/install/ur_controllers/lib:/home/tamar/RBE594_ws/install/ur_msgs/lib:/home/tamar/RBE594_ws/install/ur_dashboard_msgs/lib:/home/tamar/RBE594_ws/install/ur_client_library/lib:/usr/lib/x86_64-linux-gnu/gazebo-11/plugins:/opt/ros/humble/opt/rviz_ogre_vendor/lib:/opt/ros/humble/lib/x86_64-linux-gnu:/opt/ros/humble/lib:/usr/share/gazebo/../../lib/x86_64-linux-gnu/gazebo-11/plugins /home/tamar/.local/bin/cmake /home/tamar/RBE594_ws/src/Universal_Robots_ROS2_Driver/ur -DAMENT_CMAKE_SYMLINK_INSTALL=1 -DCMAKE_INSTALL_PREFIX=/home/tamar/RBE594_ws/install/ur
[0.097s] [0mCMake Deprecation Warning at CMakeLists.txt:1 (cmake_minimum_required):
[0.097s]   Compatibility with CMake < 3.10 will be removed from a future version of
[0.097s]   CMake.
[0.097s] 
[0.097s]   Update the VERSION argument <min> value.  Or, use the <min>...<max> syntax
[0.097s]   to tell CMake that the project requires at least <min> but has been updated
[0.097s]   to work with policies introduced by <max> or earlier.
[0.097s] 
[0.097s] [0m
[0.140s] -- The C compiler identification is GNU 11.4.0
[0.198s] -- The CXX compiler identification is GNU 11.4.0
[0.212s] -- Detecting C compiler ABI info
[0.285s] -- Detecting C compiler ABI info - done
[0.297s] -- Check for working C compiler: /usr/bin/cc - skipped
[0.297s] -- Detecting C compile features
[0.298s] -- Detecting C compile features - done
[0.319s] -- Detecting CXX compiler ABI info
[0.421s] -- Detecting CXX compiler ABI info - done
[0.437s] -- Check for working CXX compiler: /usr/bin/c++ - skipped
[0.437s] -- Detecting CXX compile features
[0.438s] -- Detecting CXX compile features - done
[0.454s] -- Found ament_cmake: 1.3.11 (/opt/ros/humble/share/ament_cmake/cmake)
[0.563s] -- Found Python3: /usr/bin/python3 (found version "3.10.12") found components: Interpreter
[0.605s] -- Override CMake install command with custom implementation using symlinks instead of copying resources
[0.630s] -- Found ament_lint_auto: 0.12.12 (/opt/ros/humble/share/ament_lint_auto/cmake)
[0.679s] -- Added test 'lint_cmake' to check CMake code style
[0.680s] -- Added test 'xmllint' to check XML markup files
[0.681s] -- Configuring done (0.6s)
[0.682s] -- Generating done (0.0s)
[0.683s] -- Build files have been written to: /home/tamar/RBE594_ws/build/ur
[0.685s] Invoked command in '/home/tamar/RBE594_ws/build/ur' returned '0': CMAKE_PREFIX_PATH=/home/tamar/RBE594_ws/install/ur_calibration:/home/tamar/RBE594_ws/install/ur_robot_driver:/home/tamar/RBE594_ws/install/ur_moveit_config:/home/tamar/RBE594_ws/install/ur_controllers:/home/tamar/RBE594_ws/install/ur_msgs:/home/tamar/RBE594_ws/install/ur_description:/home/tamar/RBE594_ws/install/ur_dashboard_msgs:/home/tamar/RBE594_ws/install/ur_client_library:/home/tamar/RBE594_ws/install/ur:/home/tamar/RBE594_ws/install/ur_bringup:/home/tamar/RBE594_ws/install/sirgas_description:/home/tamar/RBE594_ws/install/moveit_resources:/home/tamar/RBE594_ws/install/moveit_resources_pr2_description:/home/tamar/RBE594_ws/install/moveit_resources_panda_moveit_config:/home/tamar/RBE594_ws/install/moveit_resources_panda_description:/home/tamar/RBE594_ws/install/moveit_resources_fanuc_moveit_config:/home/tamar/RBE594_ws/install/moveit_resources_fanuc_description:/opt/ros/humble LD_LIBRARY_PATH=/home/tamar/RBE594_ws/install/ur_robot_driver/lib:/home/tamar/RBE594_ws/install/ur_controllers/lib:/home/tamar/RBE594_ws/install/ur_msgs/lib:/home/tamar/RBE594_ws/install/ur_dashboard_msgs/lib:/home/tamar/RBE594_ws/install/ur_client_library/lib:/usr/lib/x86_64-linux-gnu/gazebo-11/plugins:/opt/ros/humble/opt/rviz_ogre_vendor/lib:/opt/ros/humble/lib/x86_64-linux-gnu:/opt/ros/humble/lib:/usr/share/gazebo/../../lib/x86_64-linux-gnu/gazebo-11/plugins /home/tamar/.local/bin/cmake /home/tamar/RBE594_ws/src/Universal_Robots_ROS2_Driver/ur -DAMENT_CMAKE_SYMLINK_INSTALL=1 -DCMAKE_INSTALL_PREFIX=/home/tamar/RBE594_ws/install/ur
[0.686s] Invoking command in '/home/tamar/RBE594_ws/build/ur': CMAKE_PREFIX_PATH=/home/tamar/RBE594_ws/install/ur_calibration:/home/tamar/RBE594_ws/install/ur_robot_driver:/home/tamar/RBE594_ws/install/ur_moveit_config:/home/tamar/RBE594_ws/install/ur_controllers:/home/tamar/RBE594_ws/install/ur_msgs:/home/tamar/RBE594_ws/install/ur_description:/home/tamar/RBE594_ws/install/ur_dashboard_msgs:/home/tamar/RBE594_ws/install/ur_client_library:/home/tamar/RBE594_ws/install/ur:/home/tamar/RBE594_ws/install/ur_bringup:/home/tamar/RBE594_ws/install/sirgas_description:/home/tamar/RBE594_ws/install/moveit_resources:/home/tamar/RBE594_ws/install/moveit_resources_pr2_description:/home/tamar/RBE594_ws/install/moveit_resources_panda_moveit_config:/home/tamar/RBE594_ws/install/moveit_resources_panda_description:/home/tamar/RBE594_ws/install/moveit_resources_fanuc_moveit_config:/home/tamar/RBE594_ws/install/moveit_resources_fanuc_description:/opt/ros/humble LD_LIBRARY_PATH=/home/tamar/RBE594_ws/install/ur_robot_driver/lib:/home/tamar/RBE594_ws/install/ur_controllers/lib:/home/tamar/RBE594_ws/install/ur_msgs/lib:/home/tamar/RBE594_ws/install/ur_dashboard_msgs/lib:/home/tamar/RBE594_ws/install/ur_client_library/lib:/usr/lib/x86_64-linux-gnu/gazebo-11/plugins:/opt/ros/humble/opt/rviz_ogre_vendor/lib:/opt/ros/humble/lib/x86_64-linux-gnu:/opt/ros/humble/lib:/usr/share/gazebo/../../lib/x86_64-linux-gnu/gazebo-11/plugins /home/tamar/.local/bin/cmake --build /home/tamar/RBE594_ws/build/ur -- -j32 -l32
[0.728s] Invoked command in '/home/tamar/RBE594_ws/build/ur' returned '0': CMAKE_PREFIX_PATH=/home/tamar/RBE594_ws/install/ur_calibration:/home/tamar/RBE594_ws/install/ur_robot_driver:/home/tamar/RBE594_ws/install/ur_moveit_config:/home/tamar/RBE594_ws/install/ur_controllers:/home/tamar/RBE594_ws/install/ur_msgs:/home/tamar/RBE594_ws/install/ur_description:/home/tamar/RBE594_ws/install/ur_dashboard_msgs:/home/tamar/RBE594_ws/install/ur_client_library:/home/tamar/RBE594_ws/install/ur:/home/tamar/RBE594_ws/install/ur_bringup:/home/tamar/RBE594_ws/install/sirgas_description:/home/tamar/RBE594_ws/install/moveit_resources:/home/tamar/RBE594_ws/install/moveit_resources_pr2_description:/home/tamar/RBE594_ws/install/moveit_resources_panda_moveit_config:/home/tamar/RBE594_ws/install/moveit_resources_panda_description:/home/tamar/RBE594_ws/install/moveit_resources_fanuc_moveit_config:/home/tamar/RBE594_ws/install/moveit_resources_fanuc_description:/opt/ros/humble LD_LIBRARY_PATH=/home/tamar/RBE594_ws/install/ur_robot_driver/lib:/home/tamar/RBE594_ws/install/ur_controllers/lib:/home/tamar/RBE594_ws/install/ur_msgs/lib:/home/tamar/RBE594_ws/install/ur_dashboard_msgs/lib:/home/tamar/RBE594_ws/install/ur_client_library/lib:/usr/lib/x86_64-linux-gnu/gazebo-11/plugins:/opt/ros/humble/opt/rviz_ogre_vendor/lib:/opt/ros/humble/lib/x86_64-linux-gnu:/opt/ros/humble/lib:/usr/share/gazebo/../../lib/x86_64-linux-gnu/gazebo-11/plugins /home/tamar/.local/bin/cmake --build /home/tamar/RBE594_ws/build/ur -- -j32 -l32
[0.729s] Invoking command in '/home/tamar/RBE594_ws/build/ur': CMAKE_PREFIX_PATH=/home/tamar/RBE594_ws/install/ur_calibration:/home/tamar/RBE594_ws/install/ur_robot_driver:/home/tamar/RBE594_ws/install/ur_moveit_config:/home/tamar/RBE594_ws/install/ur_controllers:/home/tamar/RBE594_ws/install/ur_msgs:/home/tamar/RBE594_ws/install/ur_description:/home/tamar/RBE594_ws/install/ur_dashboard_msgs:/home/tamar/RBE594_ws/install/ur_client_library:/home/tamar/RBE594_ws/install/ur:/home/tamar/RBE594_ws/install/ur_bringup:/home/tamar/RBE594_ws/install/sirgas_description:/home/tamar/RBE594_ws/install/moveit_resources:/home/tamar/RBE594_ws/install/moveit_resources_pr2_description:/home/tamar/RBE594_ws/install/moveit_resources_panda_moveit_config:/home/tamar/RBE594_ws/install/moveit_resources_panda_description:/home/tamar/RBE594_ws/install/moveit_resources_fanuc_moveit_config:/home/tamar/RBE594_ws/install/moveit_resources_fanuc_description:/opt/ros/humble LD_LIBRARY_PATH=/home/tamar/RBE594_ws/install/ur_robot_driver/lib:/home/tamar/RBE594_ws/install/ur_controllers/lib:/home/tamar/RBE594_ws/install/ur_msgs/lib:/home/tamar/RBE594_ws/install/ur_dashboard_msgs/lib:/home/tamar/RBE594_ws/install/ur_client_library/lib:/usr/lib/x86_64-linux-gnu/gazebo-11/plugins:/opt/ros/humble/opt/rviz_ogre_vendor/lib:/opt/ros/humble/lib/x86_64-linux-gnu:/opt/ros/humble/lib:/usr/share/gazebo/../../lib/x86_64-linux-gnu/gazebo-11/plugins /home/tamar/.local/bin/cmake --install /home/tamar/RBE594_ws/build/ur
[0.765s] -- Install configuration: ""
[0.765s] -- Execute custom install script
[0.766s] -- Symlinking: /home/tamar/RBE594_ws/install/ur/share/ament_index/resource_index/package_run_dependencies/ur
[0.769s] -- Symlinking: /home/tamar/RBE594_ws/install/ur/share/ament_index/resource_index/parent_prefix_path/ur
[0.773s] -- Symlinking: /home/tamar/RBE594_ws/install/ur/share/ur/environment/ament_prefix_path.sh
[0.778s] -- Symlinking: /home/tamar/RBE594_ws/install/ur/share/ur/environment/ament_prefix_path.dsv
[0.786s] -- Symlinking: /home/tamar/RBE594_ws/install/ur/share/ur/environment/path.sh
[0.794s] -- Symlinking: /home/tamar/RBE594_ws/install/ur/share/ur/environment/path.dsv
[0.801s] -- Symlinking: /home/tamar/RBE594_ws/install/ur/share/ur/local_setup.bash
[0.809s] -- Symlinking: /home/tamar/RBE594_ws/install/ur/share/ur/local_setup.sh
[0.818s] -- Symlinking: /home/tamar/RBE594_ws/install/ur/share/ur/local_setup.zsh
[0.825s] -- Symlinking: /home/tamar/RBE594_ws/install/ur/share/ur/local_setup.dsv
[0.834s] -- Symlinking: /home/tamar/RBE594_ws/install/ur/share/ur/package.dsv
[0.840s] -- Symlinking: /home/tamar/RBE594_ws/install/ur/share/ament_index/resource_index/packages/ur
[0.847s] -- Symlinking: /home/tamar/RBE594_ws/install/ur/share/ur/cmake/urConfig.cmake
[0.851s] -- Symlinking: /home/tamar/RBE594_ws/install/ur/share/ur/cmake/urConfig-version.cmake
[0.859s] -- Symlinking: /home/tamar/RBE594_ws/install/ur/share/ur/package.xml
[0.866s] Invoked command in '/home/tamar/RBE594_ws/build/ur' returned '0': CMAKE_PREFIX_PATH=/home/tamar/RBE594_ws/install/ur_calibration:/home/tamar/RBE594_ws/install/ur_robot_driver:/home/tamar/RBE594_ws/install/ur_moveit_config:/home/tamar/RBE594_ws/install/ur_controllers:/home/tamar/RBE594_ws/install/ur_msgs:/home/tamar/RBE594_ws/install/ur_description:/home/tamar/RBE594_ws/install/ur_dashboard_msgs:/home/tamar/RBE594_ws/install/ur_client_library:/home/tamar/RBE594_ws/install/ur:/home/tamar/RBE594_ws/install/ur_bringup:/home/tamar/RBE594_ws/install/sirgas_description:/home/tamar/RBE594_ws/install/moveit_resources:/home/tamar/RBE594_ws/install/moveit_resources_pr2_description:/home/tamar/RBE594_ws/install/moveit_resources_panda_moveit_config:/home/tamar/RBE594_ws/install/moveit_resources_panda_description:/home/tamar/RBE594_ws/install/moveit_resources_fanuc_moveit_config:/home/tamar/RBE594_ws/install/moveit_resources_fanuc_description:/opt/ros/humble LD_LIBRARY_PATH=/home/tamar/RBE594_ws/install/ur_robot_driver/lib:/home/tamar/RBE594_ws/install/ur_controllers/lib:/home/tamar/RBE594_ws/install/ur_msgs/lib:/home/tamar/RBE594_ws/install/ur_dashboard_msgs/lib:/home/tamar/RBE594_ws/install/ur_client_library/lib:/usr/lib/x86_64-linux-gnu/gazebo-11/plugins:/opt/ros/humble/opt/rviz_ogre_vendor/lib:/opt/ros/humble/lib/x86_64-linux-gnu:/opt/ros/humble/lib:/usr/share/gazebo/../../lib/x86_64-linux-gnu/gazebo-11/plugins /home/tamar/.local/bin/cmake --install /home/tamar/RBE594_ws/build/ur
