[0.101s] Invoking command in '/home/tamar/RBE594_ws/build/robotiq_arg85_description': PS1=(vEnv) ${debian_chroot:+($debian_chroot)}\u@\h:\w\$ VIRTUAL_ENV_PROMPT=(vEnv) /usr/bin/cmake --build /home/tamar/RBE594_ws/build/robotiq_arg85_description -- -j32 -l32
[0.127s] Invoked command in '/home/tamar/RBE594_ws/build/robotiq_arg85_description' returned '0': PS1=(vEnv) ${debian_chroot:+($debian_chroot)}\u@\h:\w\$ VIRTUAL_ENV_PROMPT=(vEnv) /usr/bin/cmake --build /home/tamar/RBE594_ws/build/robotiq_arg85_description -- -j32 -l32
[0.128s] Invoking command in '/home/tamar/RBE594_ws/build/robotiq_arg85_description': PS1=(vEnv) ${debian_chroot:+($debian_chroot)}\u@\h:\w\$ VIRTUAL_ENV_PROMPT=(vEnv) /usr/bin/cmake --install /home/tamar/RBE594_ws/build/robotiq_arg85_description
[0.132s] -- Install configuration: ""
[0.132s] -- Up-to-date: /home/tamar/RBE594_ws/install/robotiq_arg85_description/share/robotiq_arg85_description//images
[0.132s] -- Up-to-date: /home/tamar/RBE594_ws/install/robotiq_arg85_description/share/robotiq_arg85_description//images/display.png
[0.132s] -- Up-to-date: /home/tamar/RBE594_ws/install/robotiq_arg85_description/share/robotiq_arg85_description//launch
[0.132s] -- Up-to-date: /home/tamar/RBE594_ws/install/robotiq_arg85_description/share/robotiq_arg85_description//launch/display.launch
[0.132s] -- Up-to-date: /home/tamar/RBE594_ws/install/robotiq_arg85_description/share/robotiq_arg85_description//meshes
[0.132s] -- Up-to-date: /home/tamar/RBE594_ws/install/robotiq_arg85_description/share/robotiq_arg85_description//meshes/outer_finger_fine.STL
[0.132s] -- Up-to-date: /home/tamar/RBE594_ws/install/robotiq_arg85_description/share/robotiq_arg85_description//meshes/outer_knuckle_fine.STL
[0.132s] -- Up-to-date: /home/tamar/RBE594_ws/install/robotiq_arg85_description/share/robotiq_arg85_description//meshes/outer_knuckle_coarse.STL
[0.133s] -- Up-to-date: /home/tamar/RBE594_ws/install/robotiq_arg85_description/share/robotiq_arg85_description//meshes/inner_finger_coarse.STL
[0.133s] -- Up-to-date: /home/tamar/RBE594_ws/install/robotiq_arg85_description/share/robotiq_arg85_description//meshes/robotiq_85_base_link_coarse.STL
[0.133s] -- Up-to-date: /home/tamar/RBE594_ws/install/robotiq_arg85_description/share/robotiq_arg85_description//meshes/robotiq_85_base_link_fine.STL
[0.133s] -- Up-to-date: /home/tamar/RBE594_ws/install/robotiq_arg85_description/share/robotiq_arg85_description//meshes/outer_finger_coarse.STL
[0.133s] -- Up-to-date: /home/tamar/RBE594_ws/install/robotiq_arg85_description/share/robotiq_arg85_description//meshes/inner_knuckle_fine.STL
[0.133s] -- Up-to-date: /home/tamar/RBE594_ws/install/robotiq_arg85_description/share/robotiq_arg85_description//meshes/inner_knuckle_coarse.STL
[0.133s] -- Up-to-date: /home/tamar/RBE594_ws/install/robotiq_arg85_description/share/robotiq_arg85_description//meshes/inner_finger_fine.STL
[0.133s] -- Up-to-date: /home/tamar/RBE594_ws/install/robotiq_arg85_description/share/robotiq_arg85_description//robots
[0.133s] -- Up-to-date: /home/tamar/RBE594_ws/install/robotiq_arg85_description/share/robotiq_arg85_description//robots/robotiq_arg85_description.URDF
[0.133s] -- Up-to-date: /home/tamar/RBE594_ws/install/robotiq_arg85_description/share/ament_index/resource_index/package_run_dependencies/robotiq_arg85_description
[0.133s] -- Up-to-date: /home/tamar/RBE594_ws/install/robotiq_arg85_description/share/ament_index/resource_index/parent_prefix_path/robotiq_arg85_description
[0.133s] -- Up-to-date: /home/tamar/RBE594_ws/install/robotiq_arg85_description/share/robotiq_arg85_description/environment/ament_prefix_path.sh
[0.133s] -- Up-to-date: /home/tamar/RBE594_ws/install/robotiq_arg85_description/share/robotiq_arg85_description/environment/ament_prefix_path.dsv
[0.133s] -- Up-to-date: /home/tamar/RBE594_ws/install/robotiq_arg85_description/share/robotiq_arg85_description/environment/path.sh
[0.133s] -- Up-to-date: /home/tamar/RBE594_ws/install/robotiq_arg85_description/share/robotiq_arg85_description/environment/path.dsv
[0.133s] -- Up-to-date: /home/tamar/RBE594_ws/install/robotiq_arg85_description/share/robotiq_arg85_description/local_setup.bash
[0.134s] -- Up-to-date: /home/tamar/RBE594_ws/install/robotiq_arg85_description/share/robotiq_arg85_description/local_setup.sh
[0.134s] -- Up-to-date: /home/tamar/RBE594_ws/install/robotiq_arg85_description/share/robotiq_arg85_description/local_setup.zsh
[0.134s] -- Up-to-date: /home/tamar/RBE594_ws/install/robotiq_arg85_description/share/robotiq_arg85_description/local_setup.dsv
[0.134s] -- Installing: /home/tamar/RBE594_ws/install/robotiq_arg85_description/share/robotiq_arg85_description/package.dsv
[0.134s] -- Up-to-date: /home/tamar/RBE594_ws/install/robotiq_arg85_description/share/ament_index/resource_index/packages/robotiq_arg85_description
[0.134s] -- Up-to-date: /home/tamar/RBE594_ws/install/robotiq_arg85_description/share/robotiq_arg85_description/cmake/robotiq_arg85_descriptionConfig.cmake
[0.135s] -- Up-to-date: /home/tamar/RBE594_ws/install/robotiq_arg85_description/share/robotiq_arg85_description/cmake/robotiq_arg85_descriptionConfig-version.cmake
[0.135s] -- Up-to-date: /home/tamar/RBE594_ws/install/robotiq_arg85_description/share/robotiq_arg85_description/package.xml
[0.149s] Invoked command in '/home/tamar/RBE594_ws/build/robotiq_arg85_description' returned '0': PS1=(vEnv) ${debian_chroot:+($debian_chroot)}\u@\h:\w\$ VIRTUAL_ENV_PROMPT=(vEnv) /usr/bin/cmake --install /home/tamar/RBE594_ws/build/robotiq_arg85_description
