[0.000000] (-) TimerEvent: {}
[0.000131] (sirgas_description) JobQueued: {'identifier': 'sirgas_description', 'dependencies': OrderedDict()}
[0.000188] (sirgas_description) JobStarted: {'identifier': 'sirgas_description'}
[0.012337] (sirgas_description) JobProgress: {'identifier': 'sirgas_description', 'progress': 'cmake'}
[0.013588] (sirgas_description) JobProgress: {'identifier': 'sirgas_description', 'progress': 'build'}
[0.013652] (sirgas_description) Command: {'cmd': ['/usr/bin/cmake', '--build', '/home/ev/RBE594_ws/build/sirgas_description', '--', '-j12', '-l12'], 'cwd': '/home/ev/RBE594_ws/build/sirgas_description', 'env': OrderedDict({'GZ_SIM_RESOURCE_PATH': '/opt/ros/jazzy/share', 'GZ_CONFIG_PATH': '/opt/ros/jazzy/opt/gz_sim_vendor/share/gz:/opt/ros/jazzy/opt/sdformat_vendor/share/gz:/opt/ros/jazzy/opt/gz_gui_vendor/share/gz:/opt/ros/jazzy/opt/gz_transport_vendor/share/gz:/opt/ros/jazzy/opt/gz_rendering_vendor/share/gz:/opt/ros/jazzy/opt/gz_plugin_vendor/share/gz:/opt/ros/jazzy/opt/gz_fuel_tools_vendor/share/gz:/opt/ros/jazzy/opt/gz_msgs_vendor/share/gz:/opt/ros/jazzy/opt/gz_common_vendor/share/gz', 'HOSTNAME': 'ev-XPS-15-9570', 'SHLVL': '1', 'LD_LIBRARY_PATH': '/opt/ros/jazzy/opt/gz_sim_vendor/lib:/opt/ros/jazzy/opt/gz_sensors_vendor/lib:/opt/ros/jazzy/opt/gz_physics_vendor/lib:/opt/ros/jazzy/opt/sdformat_vendor/lib:/opt/ros/jazzy/opt/rviz_ogre_vendor/lib:/opt/ros/jazzy/lib/x86_64-linux-gnu:/opt/ros/jazzy/opt/gz_gui_vendor/lib:/opt/ros/jazzy/opt/gz_transport_vendor/lib:/opt/ros/jazzy/opt/gz_rendering_vendor/lib:/opt/ros/jazzy/opt/gz_plugin_vendor/lib:/opt/ros/jazzy/opt/gz_fuel_tools_vendor/lib:/opt/ros/jazzy/opt/gz_msgs_vendor/lib:/opt/ros/jazzy/opt/gz_common_vendor/lib:/opt/ros/jazzy/opt/gz_math_vendor/lib:/opt/ros/jazzy/opt/gz_utils_vendor/lib:/opt/ros/jazzy/opt/gz_tools_vendor/lib:/opt/ros/jazzy/opt/gz_ogre_next_vendor/lib:/opt/ros/jazzy/opt/gz_dartsim_vendor/lib:/opt/ros/jazzy/opt/gz_cmake_vendor/lib:/opt/ros/jazzy/lib', 'HOME': '/home/ev', 'OLDPWD': '/home/ev/RBE594_ws/src/sirgas_description', 'ROS_PYTHON_VERSION': '3', 'COLCON_PREFIX_PATH': '/home/ev/RBE594_ws/install', 'ROS_DISTRO': 'jazzy', '_': '/usr/bin/colcon', 'ROS_VERSION': '2', 'TERM': 'xterm', 'QT_X11_NO_MITSHM': '1', 'PATH': '/opt/ros/jazzy/opt/gz_msgs_vendor/bin:/opt/ros/jazzy/opt/gz_tools_vendor/bin:/opt/ros/jazzy/opt/gz_ogre_next_vendor/bin:/opt/ros/jazzy/bin:/usr/local/sbin:/usr/local/bin:/usr/sbin:/usr/bin:/sbin:/bin', 'DISPLAY': ':1', 'LANG': 'C.UTF-8', 'XAUTHORITY': '/home/ev/.Xauthority', 'AMENT_PREFIX_PATH': '/home/ev/RBE594_ws/install/sirgas_description:/opt/ros/jazzy', 'ROS_AUTOMATIC_DISCOVERY_RANGE': 'SUBNET', 'PWD': '/home/ev/RBE594_ws/build/sirgas_description', 'LC_ALL': 'C.UTF-8', 'PYTHONPATH': '/opt/ros/jazzy/lib/python3.12/site-packages', 'NVIDIA_VISIBLE_DEVICES': 'all', 'COLCON': '1', 'CMAKE_PREFIX_PATH': '/home/ev/RBE594_ws/install/sirgas_description:/opt/ros/jazzy/opt/gz_sim_vendor:/opt/ros/jazzy/opt/gz_sensors_vendor:/opt/ros/jazzy/opt/gz_physics_vendor:/opt/ros/jazzy/opt/sdformat_vendor:/opt/ros/jazzy/opt/gz_gui_vendor:/opt/ros/jazzy/opt/gz_transport_vendor:/opt/ros/jazzy/opt/gz_rendering_vendor:/opt/ros/jazzy/opt/gz_plugin_vendor:/opt/ros/jazzy/opt/gz_fuel_tools_vendor:/opt/ros/jazzy/opt/gz_msgs_vendor:/opt/ros/jazzy/opt/gz_common_vendor:/opt/ros/jazzy/opt/gz_math_vendor:/opt/ros/jazzy/opt/gz_utils_vendor:/opt/ros/jazzy/opt/gz_tools_vendor:/opt/ros/jazzy/opt/gz_ogre_next_vendor:/opt/ros/jazzy/opt/gz_dartsim_vendor:/opt/ros/jazzy/opt/gz_cmake_vendor:/opt/ros/jazzy'}), 'shell': False}
[0.056528] (sirgas_description) CommandEnded: {'returncode': 0}
[0.057062] (sirgas_description) JobProgress: {'identifier': 'sirgas_description', 'progress': 'install'}
[0.065889] (sirgas_description) Command: {'cmd': ['/usr/bin/cmake', '--install', '/home/ev/RBE594_ws/build/sirgas_description'], 'cwd': '/home/ev/RBE594_ws/build/sirgas_description', 'env': OrderedDict({'GZ_SIM_RESOURCE_PATH': '/opt/ros/jazzy/share', 'GZ_CONFIG_PATH': '/opt/ros/jazzy/opt/gz_sim_vendor/share/gz:/opt/ros/jazzy/opt/sdformat_vendor/share/gz:/opt/ros/jazzy/opt/gz_gui_vendor/share/gz:/opt/ros/jazzy/opt/gz_transport_vendor/share/gz:/opt/ros/jazzy/opt/gz_rendering_vendor/share/gz:/opt/ros/jazzy/opt/gz_plugin_vendor/share/gz:/opt/ros/jazzy/opt/gz_fuel_tools_vendor/share/gz:/opt/ros/jazzy/opt/gz_msgs_vendor/share/gz:/opt/ros/jazzy/opt/gz_common_vendor/share/gz', 'HOSTNAME': 'ev-XPS-15-9570', 'SHLVL': '1', 'LD_LIBRARY_PATH': '/opt/ros/jazzy/opt/gz_sim_vendor/lib:/opt/ros/jazzy/opt/gz_sensors_vendor/lib:/opt/ros/jazzy/opt/gz_physics_vendor/lib:/opt/ros/jazzy/opt/sdformat_vendor/lib:/opt/ros/jazzy/opt/rviz_ogre_vendor/lib:/opt/ros/jazzy/lib/x86_64-linux-gnu:/opt/ros/jazzy/opt/gz_gui_vendor/lib:/opt/ros/jazzy/opt/gz_transport_vendor/lib:/opt/ros/jazzy/opt/gz_rendering_vendor/lib:/opt/ros/jazzy/opt/gz_plugin_vendor/lib:/opt/ros/jazzy/opt/gz_fuel_tools_vendor/lib:/opt/ros/jazzy/opt/gz_msgs_vendor/lib:/opt/ros/jazzy/opt/gz_common_vendor/lib:/opt/ros/jazzy/opt/gz_math_vendor/lib:/opt/ros/jazzy/opt/gz_utils_vendor/lib:/opt/ros/jazzy/opt/gz_tools_vendor/lib:/opt/ros/jazzy/opt/gz_ogre_next_vendor/lib:/opt/ros/jazzy/opt/gz_dartsim_vendor/lib:/opt/ros/jazzy/opt/gz_cmake_vendor/lib:/opt/ros/jazzy/lib', 'HOME': '/home/ev', 'OLDPWD': '/home/ev/RBE594_ws/src/sirgas_description', 'ROS_PYTHON_VERSION': '3', 'COLCON_PREFIX_PATH': '/home/ev/RBE594_ws/install', 'ROS_DISTRO': 'jazzy', '_': '/usr/bin/colcon', 'ROS_VERSION': '2', 'TERM': 'xterm', 'QT_X11_NO_MITSHM': '1', 'PATH': '/opt/ros/jazzy/opt/gz_msgs_vendor/bin:/opt/ros/jazzy/opt/gz_tools_vendor/bin:/opt/ros/jazzy/opt/gz_ogre_next_vendor/bin:/opt/ros/jazzy/bin:/usr/local/sbin:/usr/local/bin:/usr/sbin:/usr/bin:/sbin:/bin', 'DISPLAY': ':1', 'LANG': 'C.UTF-8', 'XAUTHORITY': '/home/ev/.Xauthority', 'AMENT_PREFIX_PATH': '/home/ev/RBE594_ws/install/sirgas_description:/opt/ros/jazzy', 'ROS_AUTOMATIC_DISCOVERY_RANGE': 'SUBNET', 'PWD': '/home/ev/RBE594_ws/build/sirgas_description', 'LC_ALL': 'C.UTF-8', 'PYTHONPATH': '/opt/ros/jazzy/lib/python3.12/site-packages', 'NVIDIA_VISIBLE_DEVICES': 'all', 'COLCON': '1', 'CMAKE_PREFIX_PATH': '/home/ev/RBE594_ws/install/sirgas_description:/opt/ros/jazzy/opt/gz_sim_vendor:/opt/ros/jazzy/opt/gz_sensors_vendor:/opt/ros/jazzy/opt/gz_physics_vendor:/opt/ros/jazzy/opt/sdformat_vendor:/opt/ros/jazzy/opt/gz_gui_vendor:/opt/ros/jazzy/opt/gz_transport_vendor:/opt/ros/jazzy/opt/gz_rendering_vendor:/opt/ros/jazzy/opt/gz_plugin_vendor:/opt/ros/jazzy/opt/gz_fuel_tools_vendor:/opt/ros/jazzy/opt/gz_msgs_vendor:/opt/ros/jazzy/opt/gz_common_vendor:/opt/ros/jazzy/opt/gz_math_vendor:/opt/ros/jazzy/opt/gz_utils_vendor:/opt/ros/jazzy/opt/gz_tools_vendor:/opt/ros/jazzy/opt/gz_ogre_next_vendor:/opt/ros/jazzy/opt/gz_dartsim_vendor:/opt/ros/jazzy/opt/gz_cmake_vendor:/opt/ros/jazzy'}), 'shell': False}
[0.073845] (sirgas_description) StdoutLine: {'line': b'-- Install configuration: ""\n'}
[0.074117] (sirgas_description) StdoutLine: {'line': b'-- Execute custom install script\n'}
[0.074578] (sirgas_description) StdoutLine: {'line': b'-- Up-to-date symlink: /home/ev/RBE594_ws/install/sirgas_description/share/sirgas_description//urdf/apriltag_panel.xacro\n'}
[0.074934] (sirgas_description) StdoutLine: {'line': b'-- Up-to-date symlink: /home/ev/RBE594_ws/install/sirgas_description/share/sirgas_description//urdf/gear_starter_motor.urdf.xacro\n'}
[0.075112] (sirgas_description) StdoutLine: {'line': b'-- Up-to-date symlink: /home/ev/RBE594_ws/install/sirgas_description/share/sirgas_description//urdf/pba.urdf.xacro\n'}
[0.075354] (sirgas_description) StdoutLine: {'line': b'-- Up-to-date symlink: /home/ev/RBE594_ws/install/sirgas_description/share/sirgas_description//urdf/ur20.ros2_control.xacro\n'}
[0.075488] (sirgas_description) StdoutLine: {'line': b'-- Up-to-date symlink: /home/ev/RBE594_ws/install/sirgas_description/share/sirgas_description//urdf/ur20_macro.xacro\n'}
[0.075598] (sirgas_description) StdoutLine: {'line': b'-- Up-to-date symlink: /home/ev/RBE594_ws/install/sirgas_description/share/sirgas_description//urdf/ur20_picker.urdf.xacro\n'}
[0.075697] (sirgas_description) StdoutLine: {'line': b'-- Up-to-date symlink: /home/ev/RBE594_ws/install/sirgas_description/share/sirgas_description//urdf/ur20_starter.urdf.xacro\n'}
[0.076143] (sirgas_description) StdoutLine: {'line': b'-- Up-to-date symlink: /home/ev/RBE594_ws/install/sirgas_description/share/sirgas_description//launch/gr.launch.py\n'}
[0.076347] (sirgas_description) StdoutLine: {'line': b'-- Up-to-date symlink: /home/ev/RBE594_ws/install/sirgas_description/share/sirgas_description//launch/pba.launch.py\n'}
[0.076593] (sirgas_description) StdoutLine: {'line': b'-- Up-to-date symlink: /home/ev/RBE594_ws/install/sirgas_description/share/sirgas_description//launch/pba.launch.xml\n'}
[0.076718] (sirgas_description) StdoutLine: {'line': b'-- Up-to-date symlink: /home/ev/RBE594_ws/install/sirgas_description/share/sirgas_description//launch/pba2.launch.py\n'}
[0.076846] (sirgas_description) StdoutLine: {'line': b'-- Up-to-date symlink: /home/ev/RBE594_ws/install/sirgas_description/share/sirgas_description//launch/sim.launch.py\n'}
[0.076959] (sirgas_description) StdoutLine: {'line': b'-- Up-to-date symlink: /home/ev/RBE594_ws/install/sirgas_description/share/sirgas_description//launch/sim2.launch.py\n'}
[0.077062] (sirgas_description) StdoutLine: {'line': b'-- Up-to-date symlink: /home/ev/RBE594_ws/install/sirgas_description/share/sirgas_description//launch/sim3.launch.py\n'}
[0.077201] (sirgas_description) StdoutLine: {'line': b'-- Up-to-date symlink: /home/ev/RBE594_ws/install/sirgas_description/share/sirgas_description//launch/ur20_starter.launch.py\n'}
[0.077346] (sirgas_description) StdoutLine: {'line': b'-- Up-to-date symlink: /home/ev/RBE594_ws/install/sirgas_description/share/sirgas_description//launch/ur20_starter_spawn.launch.py\n'}
[0.077726] (sirgas_description) StdoutLine: {'line': b'-- Up-to-date symlink: /home/ev/RBE594_ws/install/sirgas_description/share/sirgas_description//meshes/Assembly 1.stl\n'}
[0.077914] (sirgas_description) StdoutLine: {'line': b'-- Up-to-date symlink: /home/ev/RBE594_ws/install/sirgas_description/share/sirgas_description//meshes/First_Gear.stl\n'}
[0.078082] (sirgas_description) StdoutLine: {'line': b'-- Up-to-date symlink: /home/ev/RBE594_ws/install/sirgas_description/share/sirgas_description//meshes/Gear_Rotator.stl\n'}
[0.078243] (sirgas_description) StdoutLine: {'line': b'-- Up-to-date symlink: /home/ev/RBE594_ws/install/sirgas_description/share/sirgas_description//meshes/Motor_Housing.stl\n'}
[0.078401] (sirgas_description) StdoutLine: {'line': b'-- Up-to-date symlink: /home/ev/RBE594_ws/install/sirgas_description/share/sirgas_description//meshes/Peg_Board.stl\n'}
[0.078514] (sirgas_description) StdoutLine: {'line': b'-- Up-to-date symlink: /home/ev/RBE594_ws/install/sirgas_description/share/sirgas_description//meshes/Second_Gear.stl\n'}
[0.078653] (sirgas_description) StdoutLine: {'line': b'-- Up-to-date symlink: /home/ev/RBE594_ws/install/sirgas_description/share/sirgas_description//meshes/Starter_Gear.stl\n'}
[0.078882] (sirgas_description) StdoutLine: {'line': b'-- Up-to-date symlink: /home/ev/RBE594_ws/install/sirgas_description/share/sirgas_description//meshes/Third_Gear.stl\n'}
[0.079037] (sirgas_description) StdoutLine: {'line': b'-- Up-to-date symlink: /home/ev/RBE594_ws/install/sirgas_description/share/sirgas_description//meshes/apriltags/tag_1.png\n'}
[0.079185] (sirgas_description) StdoutLine: {'line': b'-- Up-to-date symlink: /home/ev/RBE594_ws/install/sirgas_description/share/sirgas_description//meshes/sim_cam/model.sdf\n'}
[0.079445] (sirgas_description) StdoutLine: {'line': b'-- Up-to-date symlink: /home/ev/RBE594_ws/install/sirgas_description/share/sirgas_description//world/.keep\n'}
[0.079747] (sirgas_description) StdoutLine: {'line': b'-- Up-to-date symlink: /home/ev/RBE594_ws/install/sirgas_description/share/sirgas_description//rviz/config.rviz\n'}
[0.079914] (sirgas_description) StdoutLine: {'line': b'-- Up-to-date symlink: /home/ev/RBE594_ws/install/sirgas_description/share/sirgas_description//rviz/ur20_view.rviz\n'}
[0.080192] (sirgas_description) StdoutLine: {'line': b'-- Up-to-date symlink: /home/ev/RBE594_ws/install/sirgas_description/share/sirgas_description//config/initial_positions.yaml\n'}
[0.080376] (sirgas_description) StdoutLine: {'line': b'-- Up-to-date symlink: /home/ev/RBE594_ws/install/sirgas_description/share/sirgas_description//config/pba_controller.yaml\n'}
[0.080546] (sirgas_description) StdoutLine: {'line': b'-- Up-to-date symlink: /home/ev/RBE594_ws/install/sirgas_description/share/sirgas_description//config/ur20_controllers.yaml\n'}
[0.080782] (sirgas_description) StdoutLine: {'line': b'-- Up-to-date symlink: /home/ev/RBE594_ws/install/sirgas_description/share/ament_index/resource_index/package_run_dependencies/sirgas_description\n'}
[0.081028] (sirgas_description) StdoutLine: {'line': b'-- Up-to-date symlink: /home/ev/RBE594_ws/install/sirgas_description/share/ament_index/resource_index/parent_prefix_path/sirgas_description\n'}
[0.081185] (sirgas_description) StdoutLine: {'line': b'-- Up-to-date symlink: /home/ev/RBE594_ws/install/sirgas_description/share/sirgas_description/environment/ament_prefix_path.sh\n'}
[0.081377] (sirgas_description) StdoutLine: {'line': b'-- Up-to-date symlink: /home/ev/RBE594_ws/install/sirgas_description/share/sirgas_description/environment/ament_prefix_path.dsv\n'}
[0.081578] (sirgas_description) StdoutLine: {'line': b'-- Up-to-date symlink: /home/ev/RBE594_ws/install/sirgas_description/share/sirgas_description/environment/path.sh\n'}
[0.081857] (sirgas_description) StdoutLine: {'line': b'-- Up-to-date symlink: /home/ev/RBE594_ws/install/sirgas_description/share/sirgas_description/environment/path.dsv\n'}
[0.082086] (sirgas_description) StdoutLine: {'line': b'-- Up-to-date symlink: /home/ev/RBE594_ws/install/sirgas_description/share/sirgas_description/local_setup.bash\n'}
[0.082244] (sirgas_description) StdoutLine: {'line': b'-- Up-to-date symlink: /home/ev/RBE594_ws/install/sirgas_description/share/sirgas_description/local_setup.sh\n'}
[0.082397] (sirgas_description) StdoutLine: {'line': b'-- Up-to-date symlink: /home/ev/RBE594_ws/install/sirgas_description/share/sirgas_description/local_setup.zsh\n'}
[0.082581] (sirgas_description) StdoutLine: {'line': b'-- Up-to-date symlink: /home/ev/RBE594_ws/install/sirgas_description/share/sirgas_description/local_setup.dsv\n'}
[0.082719] (sirgas_description) StdoutLine: {'line': b'-- Symlinking: /home/ev/RBE594_ws/install/sirgas_description/share/sirgas_description/package.dsv\n'}
[0.091743] (sirgas_description) StdoutLine: {'line': b'-- Up-to-date symlink: /home/ev/RBE594_ws/install/sirgas_description/share/ament_index/resource_index/packages/sirgas_description\n'}
[0.092020] (sirgas_description) StdoutLine: {'line': b'-- Up-to-date symlink: /home/ev/RBE594_ws/install/sirgas_description/share/sirgas_description/cmake/sirgas_descriptionConfig.cmake\n'}
[0.092302] (sirgas_description) StdoutLine: {'line': b'-- Up-to-date symlink: /home/ev/RBE594_ws/install/sirgas_description/share/sirgas_description/cmake/sirgas_descriptionConfig-version.cmake\n'}
[0.092502] (sirgas_description) StdoutLine: {'line': b'-- Up-to-date symlink: /home/ev/RBE594_ws/install/sirgas_description/share/sirgas_description/package.xml\n'}
[0.094030] (sirgas_description) CommandEnded: {'returncode': 0}
[0.101058] (-) TimerEvent: {}
[0.112628] (sirgas_description) JobEnded: {'identifier': 'sirgas_description', 'rc': 0}
[0.114016] (-) EventReactorShutdown: {}
