[0.237s] Invoking command in '/home/tamar/RBE594_ws/build/robotiq_arg85_description': /usr/bin/cmake /home/tamar/RBE594_ws/src/robotiq_arg85_description -DCATKIN_INSTALL_INTO_PREFIX_ROOT=0 -DCATKIN_SYMLINK_INSTALL=ON -DCMAKE_INSTALL_PREFIX=/home/tamar/RBE594_ws/install/robotiq_arg85_description
[0.275s] -- The C compiler identification is GNU 13.3.0
[0.306s] -- The CXX compiler identification is GNU 13.3.0
[0.319s] -- Detecting C compiler ABI info
[0.388s] -- Detecting C compiler ABI info - done
[0.393s] -- Check for working C compiler: /usr/bin/cc - skipped
[0.393s] -- Detecting C compile features
[0.393s] -- Detecting C compile features - done
[0.399s] -- Detecting CXX compiler ABI info
[0.474s] -- Detecting CXX compiler ABI info - done
[0.478s] -- Check for working CXX compiler: /usr/bin/c++ - skipped
[0.478s] -- Detecting CXX compile features
[0.479s] -- Detecting CXX compile features - done
[0.486s] -- Found ament_cmake: 2.5.4 (/opt/ros/jazzy/share/ament_cmake/cmake)
[0.616s] -- Found Python3: /usr/bin/python3 (found version "3.12.3") found components: Interpreter 
[0.794s] -- Configuring done (0.5s)
[0.795s] -- Generating done (0.0s)
[0.795s] [33mCMake Warning:
[0.795s]   Manually-specified variables were not used by the project:
[0.795s] 
[0.795s]     CATKIN_INSTALL_INTO_PREFIX_ROOT
[0.795s]     CATKIN_SYMLINK_INSTALL
[0.795s] 
[0.795s] [0m
[0.796s] -- Build files have been written to: /home/tamar/RBE594_ws/build/robotiq_arg85_description
[0.798s] Invoked command in '/home/tamar/RBE594_ws/build/robotiq_arg85_description' returned '0': /usr/bin/cmake /home/tamar/RBE594_ws/src/robotiq_arg85_description -DCATKIN_INSTALL_INTO_PREFIX_ROOT=0 -DCATKIN_SYMLINK_INSTALL=ON -DCMAKE_INSTALL_PREFIX=/home/tamar/RBE594_ws/install/robotiq_arg85_description
[0.799s] Invoking command in '/home/tamar/RBE594_ws/build/robotiq_arg85_description': /usr/bin/cmake --build /home/tamar/RBE594_ws/build/robotiq_arg85_description -- -j32 -l32
[0.837s] Invoked command in '/home/tamar/RBE594_ws/build/robotiq_arg85_description' returned '0': /usr/bin/cmake --build /home/tamar/RBE594_ws/build/robotiq_arg85_description -- -j32 -l32
[0.844s] Invoking command in '/home/tamar/RBE594_ws/build/robotiq_arg85_description': /usr/bin/cmake --install /home/tamar/RBE594_ws/build/robotiq_arg85_description
[0.851s] -- Install configuration: ""
[0.851s] -- Installing: /home/tamar/RBE594_ws/install/robotiq_arg85_description/share/robotiq_arg85_description//images
[0.851s] -- Installing: /home/tamar/RBE594_ws/install/robotiq_arg85_description/share/robotiq_arg85_description//images/display.png
[0.851s] -- Installing: /home/tamar/RBE594_ws/install/robotiq_arg85_description/share/robotiq_arg85_description//launch
[0.851s] -- Installing: /home/tamar/RBE594_ws/install/robotiq_arg85_description/share/robotiq_arg85_description//launch/display.launch
[0.851s] -- Installing: /home/tamar/RBE594_ws/install/robotiq_arg85_description/share/robotiq_arg85_description//meshes
[0.851s] -- Installing: /home/tamar/RBE594_ws/install/robotiq_arg85_description/share/robotiq_arg85_description//meshes/outer_finger_fine.STL
[0.851s] -- Installing: /home/tamar/RBE594_ws/install/robotiq_arg85_description/share/robotiq_arg85_description//meshes/outer_knuckle_fine.STL
[0.851s] -- Installing: /home/tamar/RBE594_ws/install/robotiq_arg85_description/share/robotiq_arg85_description//meshes/outer_knuckle_coarse.STL
[0.852s] -- Installing: /home/tamar/RBE594_ws/install/robotiq_arg85_description/share/robotiq_arg85_description//meshes/inner_finger_coarse.STL
[0.852s] -- Installing: /home/tamar/RBE594_ws/install/robotiq_arg85_description/share/robotiq_arg85_description//meshes/robotiq_85_base_link_coarse.STL
[0.852s] -- Installing: /home/tamar/RBE594_ws/install/robotiq_arg85_description/share/robotiq_arg85_description//meshes/robotiq_85_base_link_fine.STL
[0.852s] -- Installing: /home/tamar/RBE594_ws/install/robotiq_arg85_description/share/robotiq_arg85_description//meshes/outer_finger_coarse.STL
[0.852s] -- Installing: /home/tamar/RBE594_ws/install/robotiq_arg85_description/share/robotiq_arg85_description//meshes/inner_knuckle_fine.STL
[0.852s] -- Installing: /home/tamar/RBE594_ws/install/robotiq_arg85_description/share/robotiq_arg85_description//meshes/inner_knuckle_coarse.STL
[0.852s] -- Installing: /home/tamar/RBE594_ws/install/robotiq_arg85_description/share/robotiq_arg85_description//meshes/inner_finger_fine.STL
[0.853s] -- Installing: /home/tamar/RBE594_ws/install/robotiq_arg85_description/share/robotiq_arg85_description//robots
[0.853s] -- Installing: /home/tamar/RBE594_ws/install/robotiq_arg85_description/share/robotiq_arg85_description//robots/robotiq_arg85_description.URDF
[0.853s] -- Installing: /home/tamar/RBE594_ws/install/robotiq_arg85_description/share/ament_index/resource_index/package_run_dependencies/robotiq_arg85_description
[0.853s] -- Installing: /home/tamar/RBE594_ws/install/robotiq_arg85_description/share/ament_index/resource_index/parent_prefix_path/robotiq_arg85_description
[0.853s] -- Installing: /home/tamar/RBE594_ws/install/robotiq_arg85_description/share/robotiq_arg85_description/environment/ament_prefix_path.sh
[0.853s] -- Installing: /home/tamar/RBE594_ws/install/robotiq_arg85_description/share/robotiq_arg85_description/environment/ament_prefix_path.dsv
[0.853s] -- Installing: /home/tamar/RBE594_ws/install/robotiq_arg85_description/share/robotiq_arg85_description/environment/path.sh
[0.853s] -- Installing: /home/tamar/RBE594_ws/install/robotiq_arg85_description/share/robotiq_arg85_description/environment/path.dsv
[0.853s] -- Installing: /home/tamar/RBE594_ws/install/robotiq_arg85_description/share/robotiq_arg85_description/local_setup.bash
[0.853s] -- Installing: /home/tamar/RBE594_ws/install/robotiq_arg85_description/share/robotiq_arg85_description/local_setup.sh
[0.853s] -- Installing: /home/tamar/RBE594_ws/install/robotiq_arg85_description/share/robotiq_arg85_description/local_setup.zsh
[0.853s] -- Installing: /home/tamar/RBE594_ws/install/robotiq_arg85_description/share/robotiq_arg85_description/local_setup.dsv
[0.853s] -- Installing: /home/tamar/RBE594_ws/install/robotiq_arg85_description/share/robotiq_arg85_description/package.dsv
[0.853s] -- Installing: /home/tamar/RBE594_ws/install/robotiq_arg85_description/share/ament_index/resource_index/packages/robotiq_arg85_description
[0.853s] -- Installing: /home/tamar/RBE594_ws/install/robotiq_arg85_description/share/robotiq_arg85_description/cmake/robotiq_arg85_descriptionConfig.cmake
[0.853s] -- Installing: /home/tamar/RBE594_ws/install/robotiq_arg85_description/share/robotiq_arg85_description/cmake/robotiq_arg85_descriptionConfig-version.cmake
[0.853s] -- Installing: /home/tamar/RBE594_ws/install/robotiq_arg85_description/share/robotiq_arg85_description/package.xml
[0.854s] Invoked command in '/home/tamar/RBE594_ws/build/robotiq_arg85_description' returned '0': /usr/bin/cmake --install /home/tamar/RBE594_ws/build/robotiq_arg85_description
