[0.010s] Invoking command in '/home/tamar/ws_moveit/build/moveit_resources_prbt_ikfast_manipulator_plugin': AMENT_PREFIX_PATH=/home/tamar/ws_moveit/install/moveit_core:/home/tamar/ws_moveit/install/moveit_resources_pr2_description:/home/tamar/ws_moveit/install/moveit_msgs:/home/tamar/ws_moveit/install/moveit_common:${AMENT_PREFIX_PATH} CMAKE_PREFIX_PATH=/home/tamar/ws_moveit/install/moveit_core:/home/tamar/ws_moveit/install/moveit_resources_pr2_description:/home/tamar/ws_moveit/install/moveit_msgs:/home/tamar/ws_moveit/install/moveit_common:/opt/ros/jazzy/opt/gz_sim_vendor:/opt/ros/jazzy/opt/gz_sensors_vendor:/opt/ros/jazzy/opt/gz_physics_vendor:/opt/ros/jazzy/opt/sdformat_vendor:/opt/ros/jazzy/opt/gz_gui_vendor:/opt/ros/jazzy/opt/gz_transport_vendor:/opt/ros/jazzy/opt/gz_rendering_vendor:/opt/ros/jazzy/opt/gz_plugin_vendor:/opt/ros/jazzy/opt/gz_fuel_tools_vendor:/opt/ros/jazzy/opt/gz_msgs_vendor:/opt/ros/jazzy/opt/gz_common_vendor:/opt/ros/jazzy/opt/gz_math_vendor:/opt/ros/jazzy/opt/gz_utils_vendor:/opt/ros/jazzy/opt/gz_tools_vendor:/opt/ros/jazzy/opt/gz_ogre_next_vendor:/opt/ros/jazzy/opt/gz_dartsim_vendor:/opt/ros/jazzy/opt/gz_cmake_vendor:/opt/ros/jazzy LD_LIBRARY_PATH=/home/tamar/ws_moveit/install/moveit_core/lib:/home/tamar/ws_moveit/install/moveit_msgs/lib:${LD_LIBRARY_PATH} PATH=/home/tamar/ws_moveit/install/moveit_core/bin:${PATH} PYTHONPATH=/home/tamar/ws_moveit/install/moveit_msgs/lib/python3.12/site-packages:${PYTHONPATH} /usr/bin/cmake /home/tamar/ws_moveit/src/moveit2/moveit_planners/test_configs/prbt_ikfast_manipulator_plugin -DCMAKE_BUILD_TYPE=Release -DCMAKE_INSTALL_PREFIX=/home/tamar/ws_moveit/install/moveit_resources_prbt_ikfast_manipulator_plugin
[0.053s] -- The CXX compiler identification is GNU 13.3.0
[0.065s] -- Detecting CXX compiler ABI info
[0.136s] -- Detecting CXX compiler ABI info - done
[0.144s] -- Check for working CXX compiler: /usr/bin/c++ - skipped
[0.144s] -- Detecting CXX compile features
[0.144s] -- Detecting CXX compile features - done
[0.153s] -- Found ament_cmake: 2.5.4 (/opt/ros/jazzy/share/ament_cmake/cmake)
[0.265s] -- Found Python3: /usr/bin/python3 (found version "3.12.3") found components: Interpreter 
[0.367s] -- Found moveit_core: 2.12.3 (/home/tamar/ws_moveit/install/moveit_core/share/moveit_core/cmake)
[0.490s] -- Found Boost: /usr/lib/x86_64-linux-gnu/cmake/Boost-1.83.0/BoostConfig.cmake (found version "1.83.0") found components: chrono date_time filesystem iostreams program_options regex serialization system thread 
[0.565s] -- Found parameter_traits: 0.5.0 (/opt/ros/jazzy/share/parameter_traits/cmake)
[0.611s] -- Found rosidl_generator_c: 4.6.6 (/opt/ros/jazzy/share/rosidl_generator_c/cmake)
[0.627s] -- Found rosidl_generator_cpp: 4.6.6 (/opt/ros/jazzy/share/rosidl_generator_cpp/cmake)
[0.644s] -- Using all available rosidl_typesupport_c: rosidl_typesupport_fastrtps_c;rosidl_typesupport_introspection_c
[0.662s] -- Using all available rosidl_typesupport_cpp: rosidl_typesupport_fastrtps_cpp;rosidl_typesupport_introspection_cpp
[0.732s] -- Found rmw_implementation_cmake: 7.3.2 (/opt/ros/jazzy/share/rmw_implementation_cmake/cmake)
[0.738s] -- Found rmw_cyclonedds_cpp: 2.2.3 (/opt/ros/jazzy/share/rmw_cyclonedds_cpp/cmake)
[0.775s] -- Using RMW implementation 'rmw_cyclonedds_cpp' as default
[0.843s] -- Found rclcpp_lifecycle: 28.1.12 (/opt/ros/jazzy/share/rclcpp_lifecycle/cmake)
[0.871s] -- Found Boost: /usr/lib/x86_64-linux-gnu/cmake/Boost-1.83.0/BoostConfig.cmake (found version "1.83.0") found components: filesystem 
[0.985s] -- Found Eigen3: TRUE (found version "3.4.0") 
[0.985s] -- Ensuring Eigen3 include directory is part of orocos-kdl CMake target
[1.122s] -- Found TinyXML2 via Config file: /usr/lib/x86_64-linux-gnu/cmake/tinyxml2
[1.245s] -- Found tf2_eigen_kdl: 0.36.14 (/opt/ros/jazzy/share/tf2_eigen_kdl/cmake)
[1.297s] -- Configuring done (1.3s)
[1.310s] -- Generating done (0.0s)
[1.314s] -- Build files have been written to: /home/tamar/ws_moveit/build/moveit_resources_prbt_ikfast_manipulator_plugin
[1.319s] Invoked command in '/home/tamar/ws_moveit/build/moveit_resources_prbt_ikfast_manipulator_plugin' returned '0': AMENT_PREFIX_PATH=/home/tamar/ws_moveit/install/moveit_core:/home/tamar/ws_moveit/install/moveit_resources_pr2_description:/home/tamar/ws_moveit/install/moveit_msgs:/home/tamar/ws_moveit/install/moveit_common:${AMENT_PREFIX_PATH} CMAKE_PREFIX_PATH=/home/tamar/ws_moveit/install/moveit_core:/home/tamar/ws_moveit/install/moveit_resources_pr2_description:/home/tamar/ws_moveit/install/moveit_msgs:/home/tamar/ws_moveit/install/moveit_common:/opt/ros/jazzy/opt/gz_sim_vendor:/opt/ros/jazzy/opt/gz_sensors_vendor:/opt/ros/jazzy/opt/gz_physics_vendor:/opt/ros/jazzy/opt/sdformat_vendor:/opt/ros/jazzy/opt/gz_gui_vendor:/opt/ros/jazzy/opt/gz_transport_vendor:/opt/ros/jazzy/opt/gz_rendering_vendor:/opt/ros/jazzy/opt/gz_plugin_vendor:/opt/ros/jazzy/opt/gz_fuel_tools_vendor:/opt/ros/jazzy/opt/gz_msgs_vendor:/opt/ros/jazzy/opt/gz_common_vendor:/opt/ros/jazzy/opt/gz_math_vendor:/opt/ros/jazzy/opt/gz_utils_vendor:/opt/ros/jazzy/opt/gz_tools_vendor:/opt/ros/jazzy/opt/gz_ogre_next_vendor:/opt/ros/jazzy/opt/gz_dartsim_vendor:/opt/ros/jazzy/opt/gz_cmake_vendor:/opt/ros/jazzy LD_LIBRARY_PATH=/home/tamar/ws_moveit/install/moveit_core/lib:/home/tamar/ws_moveit/install/moveit_msgs/lib:${LD_LIBRARY_PATH} PATH=/home/tamar/ws_moveit/install/moveit_core/bin:${PATH} PYTHONPATH=/home/tamar/ws_moveit/install/moveit_msgs/lib/python3.12/site-packages:${PYTHONPATH} /usr/bin/cmake /home/tamar/ws_moveit/src/moveit2/moveit_planners/test_configs/prbt_ikfast_manipulator_plugin -DCMAKE_BUILD_TYPE=Release -DCMAKE_INSTALL_PREFIX=/home/tamar/ws_moveit/install/moveit_resources_prbt_ikfast_manipulator_plugin
[1.320s] Invoking command in '/home/tamar/ws_moveit/build/moveit_resources_prbt_ikfast_manipulator_plugin': AMENT_PREFIX_PATH=/home/tamar/ws_moveit/install/moveit_core:/home/tamar/ws_moveit/install/moveit_resources_pr2_description:/home/tamar/ws_moveit/install/moveit_msgs:/home/tamar/ws_moveit/install/moveit_common:${AMENT_PREFIX_PATH} CMAKE_PREFIX_PATH=/home/tamar/ws_moveit/install/moveit_core:/home/tamar/ws_moveit/install/moveit_resources_pr2_description:/home/tamar/ws_moveit/install/moveit_msgs:/home/tamar/ws_moveit/install/moveit_common:/opt/ros/jazzy/opt/gz_sim_vendor:/opt/ros/jazzy/opt/gz_sensors_vendor:/opt/ros/jazzy/opt/gz_physics_vendor:/opt/ros/jazzy/opt/sdformat_vendor:/opt/ros/jazzy/opt/gz_gui_vendor:/opt/ros/jazzy/opt/gz_transport_vendor:/opt/ros/jazzy/opt/gz_rendering_vendor:/opt/ros/jazzy/opt/gz_plugin_vendor:/opt/ros/jazzy/opt/gz_fuel_tools_vendor:/opt/ros/jazzy/opt/gz_msgs_vendor:/opt/ros/jazzy/opt/gz_common_vendor:/opt/ros/jazzy/opt/gz_math_vendor:/opt/ros/jazzy/opt/gz_utils_vendor:/opt/ros/jazzy/opt/gz_tools_vendor:/opt/ros/jazzy/opt/gz_ogre_next_vendor:/opt/ros/jazzy/opt/gz_dartsim_vendor:/opt/ros/jazzy/opt/gz_cmake_vendor:/opt/ros/jazzy LD_LIBRARY_PATH=/home/tamar/ws_moveit/install/moveit_core/lib:/home/tamar/ws_moveit/install/moveit_msgs/lib:${LD_LIBRARY_PATH} PATH=/home/tamar/ws_moveit/install/moveit_core/bin:${PATH} PYTHONPATH=/home/tamar/ws_moveit/install/moveit_msgs/lib/python3.12/site-packages:${PYTHONPATH} /usr/bin/cmake --build /home/tamar/ws_moveit/build/moveit_resources_prbt_ikfast_manipulator_plugin -- -j32 -l32
[1.363s] [ 25%] [34m[1mRunning `/opt/ros/jazzy/bin/generate_parameter_library_cpp /home/tamar/ws_moveit/build/moveit_resources_prbt_ikfast_manipulator_plugin/include/moveit_resources_prbt_ikfast_manipulator_plugin/prbt_ikfast_kinematics_parameters.hpp /home/tamar/ws_moveit/src/moveit2/moveit_planners/test_configs/prbt_ikfast_manipulator_plugin/src/prbt_ikfast_kinematics_parameters.yaml `[0m
[1.669s] [ 50%] [34m[1mCreating deprecated header file /home/tamar/ws_moveit/build/moveit_resources_prbt_ikfast_manipulator_plugin/include/prbt_ikfast_kinematics_parameters.hpp[0m
[1.691s] [ 50%] Built target prbt_ikfast_kinematics_parameters
[1.720s] [ 75%] [32mBuilding CXX object CMakeFiles/prbt_manipulator_moveit_ikfast_plugin.dir/src/prbt_manipulator_ikfast_moveit_plugin.cpp.o[0m
[13.351s] [100%] [32m[1mLinking CXX shared library libprbt_manipulator_moveit_ikfast_plugin.so[0m
[13.462s] [100%] Built target prbt_manipulator_moveit_ikfast_plugin
[13.468s] Invoked command in '/home/tamar/ws_moveit/build/moveit_resources_prbt_ikfast_manipulator_plugin' returned '0': AMENT_PREFIX_PATH=/home/tamar/ws_moveit/install/moveit_core:/home/tamar/ws_moveit/install/moveit_resources_pr2_description:/home/tamar/ws_moveit/install/moveit_msgs:/home/tamar/ws_moveit/install/moveit_common:${AMENT_PREFIX_PATH} CMAKE_PREFIX_PATH=/home/tamar/ws_moveit/install/moveit_core:/home/tamar/ws_moveit/install/moveit_resources_pr2_description:/home/tamar/ws_moveit/install/moveit_msgs:/home/tamar/ws_moveit/install/moveit_common:/opt/ros/jazzy/opt/gz_sim_vendor:/opt/ros/jazzy/opt/gz_sensors_vendor:/opt/ros/jazzy/opt/gz_physics_vendor:/opt/ros/jazzy/opt/sdformat_vendor:/opt/ros/jazzy/opt/gz_gui_vendor:/opt/ros/jazzy/opt/gz_transport_vendor:/opt/ros/jazzy/opt/gz_rendering_vendor:/opt/ros/jazzy/opt/gz_plugin_vendor:/opt/ros/jazzy/opt/gz_fuel_tools_vendor:/opt/ros/jazzy/opt/gz_msgs_vendor:/opt/ros/jazzy/opt/gz_common_vendor:/opt/ros/jazzy/opt/gz_math_vendor:/opt/ros/jazzy/opt/gz_utils_vendor:/opt/ros/jazzy/opt/gz_tools_vendor:/opt/ros/jazzy/opt/gz_ogre_next_vendor:/opt/ros/jazzy/opt/gz_dartsim_vendor:/opt/ros/jazzy/opt/gz_cmake_vendor:/opt/ros/jazzy LD_LIBRARY_PATH=/home/tamar/ws_moveit/install/moveit_core/lib:/home/tamar/ws_moveit/install/moveit_msgs/lib:${LD_LIBRARY_PATH} PATH=/home/tamar/ws_moveit/install/moveit_core/bin:${PATH} PYTHONPATH=/home/tamar/ws_moveit/install/moveit_msgs/lib/python3.12/site-packages:${PYTHONPATH} /usr/bin/cmake --build /home/tamar/ws_moveit/build/moveit_resources_prbt_ikfast_manipulator_plugin -- -j32 -l32
[13.469s] Invoking command in '/home/tamar/ws_moveit/build/moveit_resources_prbt_ikfast_manipulator_plugin': AMENT_PREFIX_PATH=/home/tamar/ws_moveit/install/moveit_core:/home/tamar/ws_moveit/install/moveit_resources_pr2_description:/home/tamar/ws_moveit/install/moveit_msgs:/home/tamar/ws_moveit/install/moveit_common:${AMENT_PREFIX_PATH} CMAKE_PREFIX_PATH=/home/tamar/ws_moveit/install/moveit_core:/home/tamar/ws_moveit/install/moveit_resources_pr2_description:/home/tamar/ws_moveit/install/moveit_msgs:/home/tamar/ws_moveit/install/moveit_common:/opt/ros/jazzy/opt/gz_sim_vendor:/opt/ros/jazzy/opt/gz_sensors_vendor:/opt/ros/jazzy/opt/gz_physics_vendor:/opt/ros/jazzy/opt/sdformat_vendor:/opt/ros/jazzy/opt/gz_gui_vendor:/opt/ros/jazzy/opt/gz_transport_vendor:/opt/ros/jazzy/opt/gz_rendering_vendor:/opt/ros/jazzy/opt/gz_plugin_vendor:/opt/ros/jazzy/opt/gz_fuel_tools_vendor:/opt/ros/jazzy/opt/gz_msgs_vendor:/opt/ros/jazzy/opt/gz_common_vendor:/opt/ros/jazzy/opt/gz_math_vendor:/opt/ros/jazzy/opt/gz_utils_vendor:/opt/ros/jazzy/opt/gz_tools_vendor:/opt/ros/jazzy/opt/gz_ogre_next_vendor:/opt/ros/jazzy/opt/gz_dartsim_vendor:/opt/ros/jazzy/opt/gz_cmake_vendor:/opt/ros/jazzy LD_LIBRARY_PATH=/home/tamar/ws_moveit/install/moveit_core/lib:/home/tamar/ws_moveit/install/moveit_msgs/lib:${LD_LIBRARY_PATH} PATH=/home/tamar/ws_moveit/install/moveit_core/bin:${PATH} PYTHONPATH=/home/tamar/ws_moveit/install/moveit_msgs/lib/python3.12/site-packages:${PYTHONPATH} /usr/bin/cmake --install /home/tamar/ws_moveit/build/moveit_resources_prbt_ikfast_manipulator_plugin
[13.477s] -- Install configuration: "Release"
[13.477s] -- Installing: /home/tamar/ws_moveit/install/moveit_resources_prbt_ikfast_manipulator_plugin/include/moveit_resources_prbt_ikfast_manipulator_plugin
[13.477s] -- Installing: /home/tamar/ws_moveit/install/moveit_resources_prbt_ikfast_manipulator_plugin/include/moveit_resources_prbt_ikfast_manipulator_plugin/prbt_ikfast_kinematics_parameters.hpp
[13.477s] -- Installing: /home/tamar/ws_moveit/install/moveit_resources_prbt_ikfast_manipulator_plugin/share/moveit_resources_prbt_ikfast_manipulator_plugin/prbt_manipulator_moveit_ikfast_plugin_description.xml
[13.478s] -- Installing: /home/tamar/ws_moveit/install/moveit_resources_prbt_ikfast_manipulator_plugin/lib/libprbt_manipulator_moveit_ikfast_plugin.so
[13.478s] -- Set non-toolchain portion of runtime path of "/home/tamar/ws_moveit/install/moveit_resources_prbt_ikfast_manipulator_plugin/lib/libprbt_manipulator_moveit_ikfast_plugin.so" to ""
[13.479s] -- Installing: /home/tamar/ws_moveit/install/moveit_resources_prbt_ikfast_manipulator_plugin/share/moveit_resources_prbt_ikfast_manipulator_plugin/environment/library_path.sh
[13.479s] -- Installing: /home/tamar/ws_moveit/install/moveit_resources_prbt_ikfast_manipulator_plugin/share/moveit_resources_prbt_ikfast_manipulator_plugin/environment/library_path.dsv
[13.479s] -- Installing: /home/tamar/ws_moveit/install/moveit_resources_prbt_ikfast_manipulator_plugin/share/ament_index/resource_index/package_run_dependencies/moveit_resources_prbt_ikfast_manipulator_plugin
[13.479s] -- Installing: /home/tamar/ws_moveit/install/moveit_resources_prbt_ikfast_manipulator_plugin/share/ament_index/resource_index/parent_prefix_path/moveit_resources_prbt_ikfast_manipulator_plugin
[13.479s] -- Installing: /home/tamar/ws_moveit/install/moveit_resources_prbt_ikfast_manipulator_plugin/share/moveit_resources_prbt_ikfast_manipulator_plugin/environment/ament_prefix_path.sh
[13.479s] -- Installing: /home/tamar/ws_moveit/install/moveit_resources_prbt_ikfast_manipulator_plugin/share/moveit_resources_prbt_ikfast_manipulator_plugin/environment/ament_prefix_path.dsv
[13.480s] -- Installing: /home/tamar/ws_moveit/install/moveit_resources_prbt_ikfast_manipulator_plugin/share/moveit_resources_prbt_ikfast_manipulator_plugin/environment/path.sh
[13.480s] -- Installing: /home/tamar/ws_moveit/install/moveit_resources_prbt_ikfast_manipulator_plugin/share/moveit_resources_prbt_ikfast_manipulator_plugin/environment/path.dsv
[13.480s] -- Installing: /home/tamar/ws_moveit/install/moveit_resources_prbt_ikfast_manipulator_plugin/share/moveit_resources_prbt_ikfast_manipulator_plugin/local_setup.bash
[13.480s] -- Installing: /home/tamar/ws_moveit/install/moveit_resources_prbt_ikfast_manipulator_plugin/share/moveit_resources_prbt_ikfast_manipulator_plugin/local_setup.sh
[13.480s] -- Installing: /home/tamar/ws_moveit/install/moveit_resources_prbt_ikfast_manipulator_plugin/share/moveit_resources_prbt_ikfast_manipulator_plugin/local_setup.zsh
[13.480s] -- Installing: /home/tamar/ws_moveit/install/moveit_resources_prbt_ikfast_manipulator_plugin/share/moveit_resources_prbt_ikfast_manipulator_plugin/local_setup.dsv
[13.480s] -- Installing: /home/tamar/ws_moveit/install/moveit_resources_prbt_ikfast_manipulator_plugin/share/moveit_resources_prbt_ikfast_manipulator_plugin/package.dsv
[13.481s] -- Installing: /home/tamar/ws_moveit/install/moveit_resources_prbt_ikfast_manipulator_plugin/share/ament_index/resource_index/packages/moveit_resources_prbt_ikfast_manipulator_plugin
[13.481s] -- Installing: /home/tamar/ws_moveit/install/moveit_resources_prbt_ikfast_manipulator_plugin/share/ament_index/resource_index/moveit_core__pluginlib__plugin/moveit_resources_prbt_ikfast_manipulator_plugin
[13.481s] -- Installing: /home/tamar/ws_moveit/install/moveit_resources_prbt_ikfast_manipulator_plugin/share/moveit_resources_prbt_ikfast_manipulator_plugin/cmake/moveit_resources_prbt_ikfast_manipulator_pluginTargetsExport.cmake
[13.481s] -- Installing: /home/tamar/ws_moveit/install/moveit_resources_prbt_ikfast_manipulator_plugin/share/moveit_resources_prbt_ikfast_manipulator_plugin/cmake/moveit_resources_prbt_ikfast_manipulator_pluginTargetsExport-release.cmake
[13.481s] -- Installing: /home/tamar/ws_moveit/install/moveit_resources_prbt_ikfast_manipulator_plugin/share/moveit_resources_prbt_ikfast_manipulator_plugin/cmake/ament_cmake_export_dependencies-extras.cmake
[13.481s] -- Installing: /home/tamar/ws_moveit/install/moveit_resources_prbt_ikfast_manipulator_plugin/share/moveit_resources_prbt_ikfast_manipulator_plugin/cmake/ament_cmake_export_targets-extras.cmake
[13.482s] -- Installing: /home/tamar/ws_moveit/install/moveit_resources_prbt_ikfast_manipulator_plugin/share/moveit_resources_prbt_ikfast_manipulator_plugin/cmake/moveit_resources_prbt_ikfast_manipulator_pluginConfig.cmake
[13.482s] -- Installing: /home/tamar/ws_moveit/install/moveit_resources_prbt_ikfast_manipulator_plugin/share/moveit_resources_prbt_ikfast_manipulator_plugin/cmake/moveit_resources_prbt_ikfast_manipulator_pluginConfig-version.cmake
[13.482s] -- Installing: /home/tamar/ws_moveit/install/moveit_resources_prbt_ikfast_manipulator_plugin/share/moveit_resources_prbt_ikfast_manipulator_plugin/package.xml
[13.483s] Invoked command in '/home/tamar/ws_moveit/build/moveit_resources_prbt_ikfast_manipulator_plugin' returned '0': AMENT_PREFIX_PATH=/home/tamar/ws_moveit/install/moveit_core:/home/tamar/ws_moveit/install/moveit_resources_pr2_description:/home/tamar/ws_moveit/install/moveit_msgs:/home/tamar/ws_moveit/install/moveit_common:${AMENT_PREFIX_PATH} CMAKE_PREFIX_PATH=/home/tamar/ws_moveit/install/moveit_core:/home/tamar/ws_moveit/install/moveit_resources_pr2_description:/home/tamar/ws_moveit/install/moveit_msgs:/home/tamar/ws_moveit/install/moveit_common:/opt/ros/jazzy/opt/gz_sim_vendor:/opt/ros/jazzy/opt/gz_sensors_vendor:/opt/ros/jazzy/opt/gz_physics_vendor:/opt/ros/jazzy/opt/sdformat_vendor:/opt/ros/jazzy/opt/gz_gui_vendor:/opt/ros/jazzy/opt/gz_transport_vendor:/opt/ros/jazzy/opt/gz_rendering_vendor:/opt/ros/jazzy/opt/gz_plugin_vendor:/opt/ros/jazzy/opt/gz_fuel_tools_vendor:/opt/ros/jazzy/opt/gz_msgs_vendor:/opt/ros/jazzy/opt/gz_common_vendor:/opt/ros/jazzy/opt/gz_math_vendor:/opt/ros/jazzy/opt/gz_utils_vendor:/opt/ros/jazzy/opt/gz_tools_vendor:/opt/ros/jazzy/opt/gz_ogre_next_vendor:/opt/ros/jazzy/opt/gz_dartsim_vendor:/opt/ros/jazzy/opt/gz_cmake_vendor:/opt/ros/jazzy LD_LIBRARY_PATH=/home/tamar/ws_moveit/install/moveit_core/lib:/home/tamar/ws_moveit/install/moveit_msgs/lib:${LD_LIBRARY_PATH} PATH=/home/tamar/ws_moveit/install/moveit_core/bin:${PATH} PYTHONPATH=/home/tamar/ws_moveit/install/moveit_msgs/lib/python3.12/site-packages:${PYTHONPATH} /usr/bin/cmake --install /home/tamar/ws_moveit/build/moveit_resources_prbt_ikfast_manipulator_plugin
