[0.005s] Invoking command in '/home/tamar/RBE594_ws/build/sirgas_description': CMAKE_PREFIX_PATH=/opt/ros/humble /home/tamar/.local/bin/cmake --build /home/tamar/RBE594_ws/build/sirgas_description -- -j32 -l32
[0.047s] [0mCMake Deprecation Warning at CMakeLists.txt:1 (cmake_minimum_required):
[0.047s]   Compatibility with CMake < 3.10 will be removed from a future version of
[0.047s]   CMake.
[0.047s] 
[0.047s]   Update the VERSION argument <min> value.  Or, use the <min>...<max> syntax
[0.047s]   to tell CMake that the project requires at least <min> but has been updated
[0.047s]   to work with policies introduced by <max> or earlier.
[0.047s] 
[0.047s] [0m
[0.050s] -- Found ament_cmake: 1.3.11 (/opt/ros/humble/share/ament_cmake/cmake)
[0.183s] -- Override CMake install command with custom implementation using symlinks instead of copying resources
[0.219s] -- Configuring done (0.2s)
[0.220s] -- Generating done (0.0s)
[0.220s] -- Build files have been written to: /home/tamar/RBE594_ws/build/sirgas_description
[0.227s] Invoked command in '/home/tamar/RBE594_ws/build/sirgas_description' returned '0': CMAKE_PREFIX_PATH=/opt/ros/humble /home/tamar/.local/bin/cmake --build /home/tamar/RBE594_ws/build/sirgas_description -- -j32 -l32
[0.265s] Invoking command in '/home/tamar/RBE594_ws/build/sirgas_description': CMAKE_PREFIX_PATH=/opt/ros/humble /home/tamar/.local/bin/cmake --install /home/tamar/RBE594_ws/build/sirgas_description
[0.298s] -- Install configuration: ""
[0.298s] -- Execute custom install script
[0.298s] -- Up-to-date symlink: /home/tamar/RBE594_ws/install/sirgas_description/share/sirgas_description//urdf/pba.urdf.xacro
[0.298s] -- Up-to-date symlink: /home/tamar/RBE594_ws/install/sirgas_description/share/sirgas_description//launch/peg_board.launch.py
[0.299s] -- Up-to-date symlink: /home/tamar/RBE594_ws/install/sirgas_description/share/sirgas_description//meshes/Assembly 1.stl
[0.299s] -- Up-to-date symlink: /home/tamar/RBE594_ws/install/sirgas_description/share/sirgas_description//meshes/First_Gear.stl
[0.299s] -- Up-to-date symlink: /home/tamar/RBE594_ws/install/sirgas_description/share/sirgas_description//meshes/Peg_Board.stl
[0.299s] -- Up-to-date symlink: /home/tamar/RBE594_ws/install/sirgas_description/share/sirgas_description//meshes/Second_Gear.stl
[0.299s] -- Up-to-date symlink: /home/tamar/RBE594_ws/install/sirgas_description/share/sirgas_description//meshes/Starter_Gear.stl
[0.299s] -- Up-to-date symlink: /home/tamar/RBE594_ws/install/sirgas_description/share/sirgas_description//meshes/Third_Gear.stl
[0.299s] -- Symlinking: /home/tamar/RBE594_ws/install/sirgas_description/share/ament_index/resource_index/package_run_dependencies/sirgas_description
[0.301s] -- Symlinking: /home/tamar/RBE594_ws/install/sirgas_description/share/ament_index/resource_index/parent_prefix_path/sirgas_description
[0.303s] -- Symlinking: /home/tamar/RBE594_ws/install/sirgas_description/share/sirgas_description/environment/ament_prefix_path.sh
[0.305s] -- Symlinking: /home/tamar/RBE594_ws/install/sirgas_description/share/sirgas_description/environment/ament_prefix_path.dsv
[0.307s] -- Symlinking: /home/tamar/RBE594_ws/install/sirgas_description/share/sirgas_description/environment/path.sh
[0.308s] -- Symlinking: /home/tamar/RBE594_ws/install/sirgas_description/share/sirgas_description/environment/path.dsv
[0.310s] -- Symlinking: /home/tamar/RBE594_ws/install/sirgas_description/share/sirgas_description/local_setup.bash
[0.312s] -- Symlinking: /home/tamar/RBE594_ws/install/sirgas_description/share/sirgas_description/local_setup.sh
[0.314s] -- Symlinking: /home/tamar/RBE594_ws/install/sirgas_description/share/sirgas_description/local_setup.zsh
[0.317s] -- Symlinking: /home/tamar/RBE594_ws/install/sirgas_description/share/sirgas_description/local_setup.dsv
[0.320s] -- Symlinking: /home/tamar/RBE594_ws/install/sirgas_description/share/sirgas_description/package.dsv
[0.324s] -- Symlinking: /home/tamar/RBE594_ws/install/sirgas_description/share/ament_index/resource_index/packages/sirgas_description
[0.328s] -- Symlinking: /home/tamar/RBE594_ws/install/sirgas_description/share/sirgas_description/cmake/sirgas_descriptionConfig.cmake
[0.332s] -- Symlinking: /home/tamar/RBE594_ws/install/sirgas_description/share/sirgas_description/cmake/sirgas_descriptionConfig-version.cmake
[0.337s] -- Symlinking: /home/tamar/RBE594_ws/install/sirgas_description/share/sirgas_description/package.xml
[0.346s] Invoked command in '/home/tamar/RBE594_ws/build/sirgas_description' returned '0': CMAKE_PREFIX_PATH=/opt/ros/humble /home/tamar/.local/bin/cmake --install /home/tamar/RBE594_ws/build/sirgas_description
