[0.017s] Invoking command in '/home/tamar/RBE594_ws/build/ur_moveit_config': CMAKE_PREFIX_PATH=/home/tamar/RBE594_ws/install/ur_description:/home/tamar/RBE594_ws/install/moveit_resources:/home/tamar/RBE594_ws/install/moveit_resources_pr2_description:/home/tamar/RBE594_ws/install/moveit_resources_panda_moveit_config:/home/tamar/RBE594_ws/install/moveit_resources_panda_description:/home/tamar/RBE594_ws/install/moveit_resources_fanuc_moveit_config:/home/tamar/RBE594_ws/install/moveit_resources_fanuc_description:/home/tamar/RBE594_ws/install/sirgas_description:/opt/ros/humble /home/tamar/.local/bin/cmake --build /home/tamar/RBE594_ws/build/ur_moveit_config -- -j32 -l32
[0.080s] [0mBuilt target ament_cmake_python_symlink_ur_moveit_config[0m
[0.183s] running egg_info
[0.183s] writing ur_moveit_config.egg-info/PKG-INFO
[0.183s] writing dependency_links to ur_moveit_config.egg-info/dependency_links.txt
[0.183s] writing top-level names to ur_moveit_config.egg-info/top_level.txt
[0.184s] reading manifest file 'ur_moveit_config.egg-info/SOURCES.txt'
[0.185s] writing manifest file 'ur_moveit_config.egg-info/SOURCES.txt'
[0.194s] [0mBuilt target ament_cmake_python_build_ur_moveit_config_egg[0m
[0.197s] Invoked command in '/home/tamar/RBE594_ws/build/ur_moveit_config' returned '0': CMAKE_PREFIX_PATH=/home/tamar/RBE594_ws/install/ur_description:/home/tamar/RBE594_ws/install/moveit_resources:/home/tamar/RBE594_ws/install/moveit_resources_pr2_description:/home/tamar/RBE594_ws/install/moveit_resources_panda_moveit_config:/home/tamar/RBE594_ws/install/moveit_resources_panda_description:/home/tamar/RBE594_ws/install/moveit_resources_fanuc_moveit_config:/home/tamar/RBE594_ws/install/moveit_resources_fanuc_description:/home/tamar/RBE594_ws/install/sirgas_description:/opt/ros/humble /home/tamar/.local/bin/cmake --build /home/tamar/RBE594_ws/build/ur_moveit_config -- -j32 -l32
[0.198s] Invoking command in '/home/tamar/RBE594_ws/build/ur_moveit_config': CMAKE_PREFIX_PATH=/home/tamar/RBE594_ws/install/ur_description:/home/tamar/RBE594_ws/install/moveit_resources:/home/tamar/RBE594_ws/install/moveit_resources_pr2_description:/home/tamar/RBE594_ws/install/moveit_resources_panda_moveit_config:/home/tamar/RBE594_ws/install/moveit_resources_panda_description:/home/tamar/RBE594_ws/install/moveit_resources_fanuc_moveit_config:/home/tamar/RBE594_ws/install/moveit_resources_fanuc_description:/home/tamar/RBE594_ws/install/sirgas_description:/opt/ros/humble /home/tamar/.local/bin/cmake --install /home/tamar/RBE594_ws/build/ur_moveit_config
[0.233s] -- Install configuration: ""
[0.233s] -- Execute custom install script
[0.233s] -- Up-to-date symlink: /home/tamar/RBE594_ws/install/ur_moveit_config/share/ur_moveit_config/config/controllers.yaml
[0.233s] -- Up-to-date symlink: /home/tamar/RBE594_ws/install/ur_moveit_config/share/ur_moveit_config/config/joint_limits.yaml
[0.233s] -- Up-to-date symlink: /home/tamar/RBE594_ws/install/ur_moveit_config/share/ur_moveit_config/config/kinematics.yaml
[0.233s] -- Up-to-date symlink: /home/tamar/RBE594_ws/install/ur_moveit_config/share/ur_moveit_config/config/ompl_planning.yaml
[0.233s] -- Up-to-date symlink: /home/tamar/RBE594_ws/install/ur_moveit_config/share/ur_moveit_config/config/ur_servo.yaml
[0.233s] -- Up-to-date symlink: /home/tamar/RBE594_ws/install/ur_moveit_config/share/ur_moveit_config/launch/ur_moveit.launch.py
[0.234s] -- Up-to-date symlink: /home/tamar/RBE594_ws/install/ur_moveit_config/share/ur_moveit_config/rviz/view_robot.rviz
[0.234s] -- Up-to-date symlink: /home/tamar/RBE594_ws/install/ur_moveit_config/share/ur_moveit_config/srdf/ur.srdf.xacro
[0.234s] -- Up-to-date symlink: /home/tamar/RBE594_ws/install/ur_moveit_config/share/ur_moveit_config/srdf/ur_macro.srdf.xacro
[0.234s] -- Up-to-date symlink: /home/tamar/RBE594_ws/install/ur_moveit_config/share/ur_moveit_config/environment/pythonpath.sh
[0.234s] -- Up-to-date symlink: /home/tamar/RBE594_ws/install/ur_moveit_config/share/ur_moveit_config/environment/pythonpath.dsv
[0.234s] -- Up-to-date symlink: /home/tamar/RBE594_ws/install/ur_moveit_config/local/lib/python3.10/dist-packages/ur_moveit_config-2.8.1-py3.10.egg-info/PKG-INFO
[0.234s] -- Up-to-date symlink: /home/tamar/RBE594_ws/install/ur_moveit_config/local/lib/python3.10/dist-packages/ur_moveit_config-2.8.1-py3.10.egg-info/SOURCES.txt
[0.234s] -- Up-to-date symlink: /home/tamar/RBE594_ws/install/ur_moveit_config/local/lib/python3.10/dist-packages/ur_moveit_config-2.8.1-py3.10.egg-info/dependency_links.txt
[0.234s] -- Up-to-date symlink: /home/tamar/RBE594_ws/install/ur_moveit_config/local/lib/python3.10/dist-packages/ur_moveit_config-2.8.1-py3.10.egg-info/top_level.txt
[0.234s] -- Up-to-date symlink: /home/tamar/RBE594_ws/install/ur_moveit_config/local/lib/python3.10/dist-packages/ur_moveit_config/__init__.py
[0.234s] -- Up-to-date symlink: /home/tamar/RBE594_ws/install/ur_moveit_config/local/lib/python3.10/dist-packages/ur_moveit_config/launch_common.py
[0.234s] -- Up-to-date symlink: /home/tamar/RBE594_ws/install/ur_moveit_config/local/lib/python3.10/dist-packages/launch_common.py
[0.234s] -- Up-to-date symlink: /home/tamar/RBE594_ws/install/ur_moveit_config/share/ament_index/resource_index/package_run_dependencies/ur_moveit_config
[0.234s] -- Up-to-date symlink: /home/tamar/RBE594_ws/install/ur_moveit_config/share/ament_index/resource_index/parent_prefix_path/ur_moveit_config
[0.234s] -- Up-to-date symlink: /home/tamar/RBE594_ws/install/ur_moveit_config/share/ur_moveit_config/environment/ament_prefix_path.sh
[0.234s] -- Up-to-date symlink: /home/tamar/RBE594_ws/install/ur_moveit_config/share/ur_moveit_config/environment/ament_prefix_path.dsv
[0.234s] -- Up-to-date symlink: /home/tamar/RBE594_ws/install/ur_moveit_config/share/ur_moveit_config/environment/path.sh
[0.234s] -- Up-to-date symlink: /home/tamar/RBE594_ws/install/ur_moveit_config/share/ur_moveit_config/environment/path.dsv
[0.234s] -- Up-to-date symlink: /home/tamar/RBE594_ws/install/ur_moveit_config/share/ur_moveit_config/local_setup.bash
[0.234s] -- Up-to-date symlink: /home/tamar/RBE594_ws/install/ur_moveit_config/share/ur_moveit_config/local_setup.sh
[0.235s] -- Up-to-date symlink: /home/tamar/RBE594_ws/install/ur_moveit_config/share/ur_moveit_config/local_setup.zsh
[0.235s] -- Up-to-date symlink: /home/tamar/RBE594_ws/install/ur_moveit_config/share/ur_moveit_config/local_setup.dsv
[0.235s] -- Symlinking: /home/tamar/RBE594_ws/install/ur_moveit_config/share/ur_moveit_config/package.dsv
[0.236s] -- Up-to-date symlink: /home/tamar/RBE594_ws/install/ur_moveit_config/share/ament_index/resource_index/packages/ur_moveit_config
[0.236s] -- Up-to-date symlink: /home/tamar/RBE594_ws/install/ur_moveit_config/share/ur_moveit_config/cmake/ur_moveit_configConfig.cmake
[0.236s] -- Up-to-date symlink: /home/tamar/RBE594_ws/install/ur_moveit_config/share/ur_moveit_config/cmake/ur_moveit_configConfig-version.cmake
[0.236s] -- Up-to-date symlink: /home/tamar/RBE594_ws/install/ur_moveit_config/share/ur_moveit_config/package.xml
[0.250s] Listing '/home/tamar/RBE594_ws/install/ur_moveit_config/local/lib/python3.10/dist-packages/ur_moveit_config'...
[0.269s] Invoked command in '/home/tamar/RBE594_ws/build/ur_moveit_config' returned '0': CMAKE_PREFIX_PATH=/home/tamar/RBE594_ws/install/ur_description:/home/tamar/RBE594_ws/install/moveit_resources:/home/tamar/RBE594_ws/install/moveit_resources_pr2_description:/home/tamar/RBE594_ws/install/moveit_resources_panda_moveit_config:/home/tamar/RBE594_ws/install/moveit_resources_panda_description:/home/tamar/RBE594_ws/install/moveit_resources_fanuc_moveit_config:/home/tamar/RBE594_ws/install/moveit_resources_fanuc_description:/home/tamar/RBE594_ws/install/sirgas_description:/opt/ros/humble /home/tamar/.local/bin/cmake --install /home/tamar/RBE594_ws/build/ur_moveit_config
