[0.005s] Invoking command in '/home/tamar/RBE594_ws/build/sirgas_description': CMAKE_PREFIX_PATH=/opt/ros/humble PS1=(vEnv) \[\e]0;\u@\h: \w\a\]${debian_chroot:+($debian_chroot)}\[\033[01;32m\]\u@\h\[\033[00m\]:\[\033[01;34m\]\w\[\033[00m\]\$ VIRTUAL_ENV_PROMPT=(vEnv) /home/tamar/.local/bin/cmake /home/tamar/RBE594_ws/src/sirgas_description -DAMENT_CMAKE_SYMLINK_INSTALL=1 -DCMAKE_INSTALL_PREFIX=/home/tamar/RBE594_ws/install/sirgas_description
[0.041s] [0mCMake Deprecation Warning at CMakeLists.txt:1 (cmake_minimum_required):
[0.041s]   Compatibility with CMake < 3.10 will be removed from a future version of
[0.041s]   CMake.
[0.041s] 
[0.041s]   Update the VERSION argument <min> value.  Or, use the <min>...<max> syntax
[0.042s]   to tell CMake that the project requires at least <min> but has been updated
[0.042s]   to work with policies introduced by <max> or earlier.
[0.042s] 
[0.042s] [0m
[0.045s] -- Found ament_cmake: 1.3.11 (/opt/ros/humble/share/ament_cmake/cmake)
[0.182s] -- Override CMake install command with custom implementation using symlinks instead of copying resources
[0.191s] [31mCMake Error at CMakeLists.txt:10 (find_package):
[0.191s]   By not providing "Findur_msgs.cmake" in CMAKE_MODULE_PATH this project has
[0.191s]   asked CMake to find a package configuration file provided by "ur_msgs", but
[0.191s]   CMake did not find one.
[0.191s] 
[0.191s]   Could not find a package configuration file provided by "ur_msgs" with any
[0.191s]   of the following names:
[0.191s] 
[0.191s]     ur_msgsConfig.cmake
[0.191s]     ur_msgs-config.cmake
[0.191s] 
[0.191s]   Add the installation prefix of "ur_msgs" to CMAKE_PREFIX_PATH or set
[0.191s]   "ur_msgs_DIR" to a directory containing one of the above files.  If
[0.191s]   "ur_msgs" provides a separate development package or SDK, be sure it has
[0.191s]   been installed.
[0.191s] 
[0.191s] [0m
[0.191s] -- Configuring incomplete, errors occurred!
[0.192s] Invoked command in '/home/tamar/RBE594_ws/build/sirgas_description' returned '1': CMAKE_PREFIX_PATH=/opt/ros/humble PS1=(vEnv) \[\e]0;\u@\h: \w\a\]${debian_chroot:+($debian_chroot)}\[\033[01;32m\]\u@\h\[\033[00m\]:\[\033[01;34m\]\w\[\033[00m\]\$ VIRTUAL_ENV_PROMPT=(vEnv) /home/tamar/.local/bin/cmake /home/tamar/RBE594_ws/src/sirgas_description -DAMENT_CMAKE_SYMLINK_INSTALL=1 -DCMAKE_INSTALL_PREFIX=/home/tamar/RBE594_ws/install/sirgas_description
