[  5%] [0mBuilt target gpio_controller_parameters[0m
[ 11%] [0mBuilt target tool_contact_controller_parameters[0m
[ 17%] [0mBuilt target force_mode_controller_parameters[0m
[ 23%] [0mBuilt target passthrough_trajectory_controller_parameters[0m
[ 29%] [0mBuilt target ur_configuration_controller_parameters[0m
[ 41%] [0mBuilt target speed_scaling_state_broadcaster_parameters[0m
[ 41%] [0mBuilt target scaled_joint_trajectory_controller_parameters[0m
[ 47%] [0mBuilt target freedrive_mode_controller_parameters[0m
[ 52%] [0mBuilt target gmock_main[0m
[ 61%] [0mBuilt target gmock[0m
[ 64%] [32mBuilding CXX object CMakeFiles/ur_controllers.dir/src/scaled_joint_trajectory_controller.cpp.o[0m
[ 67%] [1m[32mLinking CXX shared library libur_controllers.so[0m
[ 88%] [0mBuilt target ur_controllers[0m
[ 91%] [32mBuilding CXX object CMakeFiles/test_load_force_mode_controller.dir/test/test_load_force_mode_controller.cpp.o[0m
[ 94%] [32mBuilding CXX object CMakeFiles/test_load_freedrive_mode_controller.dir/test/test_load_freedrive_mode_controller.cpp.o[0m
[ 97%] [1m[32mLinking CXX executable test_load_freedrive_mode_controller[0m
[100%] [1m[32mLinking CXX executable test_load_force_mode_controller[0m
[100%] [0mBuilt target test_load_freedrive_mode_controller[0m
[100%] [0mBuilt target test_load_force_mode_controller[0m
-- Install configuration: ""
-- Execute custom install script
-- Symlinking: /home/tamar/RBE594_ws/install/ur_controllers/include/ur_controllers/force_mode_controller_parameters.hpp
-- Symlinking: /home/tamar/RBE594_ws/install/ur_controllers/include/ur_controllers/freedrive_mode_controller_parameters.hpp
-- Symlinking: /home/tamar/RBE594_ws/install/ur_controllers/include/ur_controllers/gpio_controller_parameters.hpp
-- Symlinking: /home/tamar/RBE594_ws/install/ur_controllers/include/ur_controllers/passthrough_trajectory_controller_parameters.hpp
-- Symlinking: /home/tamar/RBE594_ws/install/ur_controllers/include/ur_controllers/scaled_joint_trajectory_controller_parameters.hpp
-- Symlinking: /home/tamar/RBE594_ws/install/ur_controllers/include/ur_controllers/speed_scaling_state_broadcaster_parameters.hpp
-- Symlinking: /home/tamar/RBE594_ws/install/ur_controllers/include/ur_controllers/tool_contact_controller_parameters.hpp
-- Symlinking: /home/tamar/RBE594_ws/install/ur_controllers/include/ur_controllers/ur_configuration_controller_parameters.hpp
-- Up-to-date symlink: /home/tamar/RBE594_ws/install/ur_controllers/include/ur_controllers/force_mode_controller_parameters.hpp
-- Up-to-date symlink: /home/tamar/RBE594_ws/install/ur_controllers/include/ur_controllers/freedrive_mode_controller_parameters.hpp
-- Up-to-date symlink: /home/tamar/RBE594_ws/install/ur_controllers/include/ur_controllers/gpio_controller_parameters.hpp
-- Up-to-date symlink: /home/tamar/RBE594_ws/install/ur_controllers/include/ur_controllers/passthrough_trajectory_controller_parameters.hpp
-- Up-to-date symlink: /home/tamar/RBE594_ws/install/ur_controllers/include/ur_controllers/scaled_joint_trajectory_controller_parameters.hpp
-- Up-to-date symlink: /home/tamar/RBE594_ws/install/ur_controllers/include/ur_controllers/speed_scaling_state_broadcaster_parameters.hpp
-- Up-to-date symlink: /home/tamar/RBE594_ws/install/ur_controllers/include/ur_controllers/tool_contact_controller_parameters.hpp
-- Up-to-date symlink: /home/tamar/RBE594_ws/install/ur_controllers/include/ur_controllers/ur_configuration_controller_parameters.hpp
-- Up-to-date symlink: /home/tamar/RBE594_ws/install/ur_controllers/include/ur_controllers/force_mode_controller_parameters.hpp
-- Up-to-date symlink: /home/tamar/RBE594_ws/install/ur_controllers/include/ur_controllers/freedrive_mode_controller_parameters.hpp
-- Up-to-date symlink: /home/tamar/RBE594_ws/install/ur_controllers/include/ur_controllers/gpio_controller_parameters.hpp
-- Up-to-date symlink: /home/tamar/RBE594_ws/install/ur_controllers/include/ur_controllers/passthrough_trajectory_controller_parameters.hpp
-- Up-to-date symlink: /home/tamar/RBE594_ws/install/ur_controllers/include/ur_controllers/scaled_joint_trajectory_controller_parameters.hpp
-- Up-to-date symlink: /home/tamar/RBE594_ws/install/ur_controllers/include/ur_controllers/speed_scaling_state_broadcaster_parameters.hpp
-- Up-to-date symlink: /home/tamar/RBE594_ws/install/ur_controllers/include/ur_controllers/tool_contact_controller_parameters.hpp
-- Up-to-date symlink: /home/tamar/RBE594_ws/install/ur_controllers/include/ur_controllers/ur_configuration_controller_parameters.hpp
-- Up-to-date symlink: /home/tamar/RBE594_ws/install/ur_controllers/include/ur_controllers/force_mode_controller_parameters.hpp
-- Up-to-date symlink: /home/tamar/RBE594_ws/install/ur_controllers/include/ur_controllers/freedrive_mode_controller_parameters.hpp
-- Up-to-date symlink: /home/tamar/RBE594_ws/install/ur_controllers/include/ur_controllers/gpio_controller_parameters.hpp
-- Up-to-date symlink: /home/tamar/RBE594_ws/install/ur_controllers/include/ur_controllers/passthrough_trajectory_controller_parameters.hpp
-- Up-to-date symlink: /home/tamar/RBE594_ws/install/ur_controllers/include/ur_controllers/scaled_joint_trajectory_controller_parameters.hpp
-- Up-to-date symlink: /home/tamar/RBE594_ws/install/ur_controllers/include/ur_controllers/speed_scaling_state_broadcaster_parameters.hpp
-- Up-to-date symlink: /home/tamar/RBE594_ws/install/ur_controllers/include/ur_controllers/tool_contact_controller_parameters.hpp
-- Up-to-date symlink: /home/tamar/RBE594_ws/install/ur_controllers/include/ur_controllers/ur_configuration_controller_parameters.hpp
-- Up-to-date symlink: /home/tamar/RBE594_ws/install/ur_controllers/include/ur_controllers/force_mode_controller_parameters.hpp
-- Up-to-date symlink: /home/tamar/RBE594_ws/install/ur_controllers/include/ur_controllers/freedrive_mode_controller_parameters.hpp
-- Up-to-date symlink: /home/tamar/RBE594_ws/install/ur_controllers/include/ur_controllers/gpio_controller_parameters.hpp
-- Up-to-date symlink: /home/tamar/RBE594_ws/install/ur_controllers/include/ur_controllers/passthrough_trajectory_controller_parameters.hpp
-- Up-to-date symlink: /home/tamar/RBE594_ws/install/ur_controllers/include/ur_controllers/scaled_joint_trajectory_controller_parameters.hpp
-- Up-to-date symlink: /home/tamar/RBE594_ws/install/ur_controllers/include/ur_controllers/speed_scaling_state_broadcaster_parameters.hpp
-- Up-to-date symlink: /home/tamar/RBE594_ws/install/ur_controllers/include/ur_controllers/tool_contact_controller_parameters.hpp
-- Up-to-date symlink: /home/tamar/RBE594_ws/install/ur_controllers/include/ur_controllers/ur_configuration_controller_parameters.hpp
-- Up-to-date symlink: /home/tamar/RBE594_ws/install/ur_controllers/include/ur_controllers/force_mode_controller_parameters.hpp
-- Up-to-date symlink: /home/tamar/RBE594_ws/install/ur_controllers/include/ur_controllers/freedrive_mode_controller_parameters.hpp
-- Up-to-date symlink: /home/tamar/RBE594_ws/install/ur_controllers/include/ur_controllers/gpio_controller_parameters.hpp
-- Up-to-date symlink: /home/tamar/RBE594_ws/install/ur_controllers/include/ur_controllers/passthrough_trajectory_controller_parameters.hpp
-- Up-to-date symlink: /home/tamar/RBE594_ws/install/ur_controllers/include/ur_controllers/scaled_joint_trajectory_controller_parameters.hpp
-- Up-to-date symlink: /home/tamar/RBE594_ws/install/ur_controllers/include/ur_controllers/speed_scaling_state_broadcaster_parameters.hpp
-- Up-to-date symlink: /home/tamar/RBE594_ws/install/ur_controllers/include/ur_controllers/tool_contact_controller_parameters.hpp
-- Up-to-date symlink: /home/tamar/RBE594_ws/install/ur_controllers/include/ur_controllers/ur_configuration_controller_parameters.hpp
-- Up-to-date symlink: /home/tamar/RBE594_ws/install/ur_controllers/include/ur_controllers/force_mode_controller_parameters.hpp
-- Up-to-date symlink: /home/tamar/RBE594_ws/install/ur_controllers/include/ur_controllers/freedrive_mode_controller_parameters.hpp
-- Up-to-date symlink: /home/tamar/RBE594_ws/install/ur_controllers/include/ur_controllers/gpio_controller_parameters.hpp
-- Up-to-date symlink: /home/tamar/RBE594_ws/install/ur_controllers/include/ur_controllers/passthrough_trajectory_controller_parameters.hpp
-- Up-to-date symlink: /home/tamar/RBE594_ws/install/ur_controllers/include/ur_controllers/scaled_joint_trajectory_controller_parameters.hpp
-- Up-to-date symlink: /home/tamar/RBE594_ws/install/ur_controllers/include/ur_controllers/speed_scaling_state_broadcaster_parameters.hpp
-- Up-to-date symlink: /home/tamar/RBE594_ws/install/ur_controllers/include/ur_controllers/tool_contact_controller_parameters.hpp
-- Up-to-date symlink: /home/tamar/RBE594_ws/install/ur_controllers/include/ur_controllers/ur_configuration_controller_parameters.hpp
-- Up-to-date symlink: /home/tamar/RBE594_ws/install/ur_controllers/include/ur_controllers/force_mode_controller_parameters.hpp
-- Up-to-date symlink: /home/tamar/RBE594_ws/install/ur_controllers/include/ur_controllers/freedrive_mode_controller_parameters.hpp
-- Up-to-date symlink: /home/tamar/RBE594_ws/install/ur_controllers/include/ur_controllers/gpio_controller_parameters.hpp
-- Up-to-date symlink: /home/tamar/RBE594_ws/install/ur_controllers/include/ur_controllers/passthrough_trajectory_controller_parameters.hpp
-- Up-to-date symlink: /home/tamar/RBE594_ws/install/ur_controllers/include/ur_controllers/scaled_joint_trajectory_controller_parameters.hpp
-- Up-to-date symlink: /home/tamar/RBE594_ws/install/ur_controllers/include/ur_controllers/speed_scaling_state_broadcaster_parameters.hpp
-- Up-to-date symlink: /home/tamar/RBE594_ws/install/ur_controllers/include/ur_controllers/tool_contact_controller_parameters.hpp
-- Up-to-date symlink: /home/tamar/RBE594_ws/install/ur_controllers/include/ur_controllers/ur_configuration_controller_parameters.hpp
-- Symlinking: /home/tamar/RBE594_ws/install/ur_controllers/share/ur_controllers//controller_plugins.xml
-- Symlinking: /home/tamar/RBE594_ws/install/ur_controllers/lib/libur_controllers.so
-- Symlinking: /home/tamar/RBE594_ws/install/ur_controllers/include/ur_controllers/force_mode_controller.hpp
-- Symlinking: /home/tamar/RBE594_ws/install/ur_controllers/include/ur_controllers/freedrive_mode_controller.hpp
-- Symlinking: /home/tamar/RBE594_ws/install/ur_controllers/include/ur_controllers/gpio_controller.hpp
-- Symlinking: /home/tamar/RBE594_ws/install/ur_controllers/include/ur_controllers/passthrough_trajectory_controller.hpp
-- Symlinking: /home/tamar/RBE594_ws/install/ur_controllers/include/ur_controllers/scaled_joint_trajectory_controller.hpp
-- Symlinking: /home/tamar/RBE594_ws/install/ur_controllers/include/ur_controllers/speed_scaling_state_broadcaster.hpp
-- Symlinking: /home/tamar/RBE594_ws/install/ur_controllers/include/ur_controllers/tool_contact_controller.hpp
-- Symlinking: /home/tamar/RBE594_ws/install/ur_controllers/include/ur_controllers/ur_configuration_controller.hpp
-- Up-to-date symlink: /home/tamar/RBE594_ws/install/ur_controllers/share/ur_controllers/controller_plugins.xml
-- Symlinking: /home/tamar/RBE594_ws/install/ur_controllers/share/ur_controllers/environment/library_path.sh
-- Symlinking: /home/tamar/RBE594_ws/install/ur_controllers/share/ur_controllers/environment/library_path.dsv
-- Symlinking: /home/tamar/RBE594_ws/install/ur_controllers/share/ament_index/resource_index/package_run_dependencies/ur_controllers
-- Symlinking: /home/tamar/RBE594_ws/install/ur_controllers/share/ament_index/resource_index/parent_prefix_path/ur_controllers
-- Symlinking: /home/tamar/RBE594_ws/install/ur_controllers/share/ur_controllers/environment/ament_prefix_path.sh
-- Symlinking: /home/tamar/RBE594_ws/install/ur_controllers/share/ur_controllers/environment/ament_prefix_path.dsv
-- Symlinking: /home/tamar/RBE594_ws/install/ur_controllers/share/ur_controllers/environment/path.sh
-- Symlinking: /home/tamar/RBE594_ws/install/ur_controllers/share/ur_controllers/environment/path.dsv
-- Symlinking: /home/tamar/RBE594_ws/install/ur_controllers/share/ur_controllers/local_setup.bash
-- Symlinking: /home/tamar/RBE594_ws/install/ur_controllers/share/ur_controllers/local_setup.sh
-- Symlinking: /home/tamar/RBE594_ws/install/ur_controllers/share/ur_controllers/local_setup.zsh
-- Symlinking: /home/tamar/RBE594_ws/install/ur_controllers/share/ur_controllers/local_setup.dsv
-- Symlinking: /home/tamar/RBE594_ws/install/ur_controllers/share/ur_controllers/package.dsv
-- Symlinking: /home/tamar/RBE594_ws/install/ur_controllers/share/ament_index/resource_index/packages/ur_controllers
-- Symlinking: /home/tamar/RBE594_ws/install/ur_controllers/share/ament_index/resource_index/controller_interface__pluginlib__plugin/ur_controllers
-- Symlinking: /home/tamar/RBE594_ws/install/ur_controllers/share/ur_controllers/cmake/ament_cmake_export_dependencies-extras.cmake
-- Symlinking: /home/tamar/RBE594_ws/install/ur_controllers/share/ur_controllers/cmake/ament_cmake_export_include_directories-extras.cmake
-- Symlinking: /home/tamar/RBE594_ws/install/ur_controllers/share/ur_controllers/cmake/ament_cmake_export_libraries-extras.cmake
-- Symlinking: /home/tamar/RBE594_ws/install/ur_controllers/share/ur_controllers/cmake/ur_controllersConfig.cmake
-- Symlinking: /home/tamar/RBE594_ws/install/ur_controllers/share/ur_controllers/cmake/ur_controllersConfig-version.cmake
-- Symlinking: /home/tamar/RBE594_ws/install/ur_controllers/share/ur_controllers/package.xml
