[0.022s] Invoking command in '/home/tamar/ws_moveit/build/moveit_ros_planning_interface': AMENT_PREFIX_PATH=/home/tamar/ws_moveit/install/moveit_ros_move_group:/home/tamar/ws_moveit/install/moveit_ros_warehouse:/home/tamar/ws_moveit/install/moveit_kinematics:/home/tamar/ws_moveit/install/moveit_ros_planning:/home/tamar/ws_moveit/install/moveit_simple_controller_manager:/home/tamar/ws_moveit/install/moveit_ros_occupancy_map_monitor:/home/tamar/ws_moveit/install/moveit_resources_fanuc_moveit_config:/home/tamar/ws_moveit/install/moveit_core:/home/tamar/ws_moveit/install/moveit_resources_pr2_description:/home/tamar/ws_moveit/install/moveit_resources_panda_description:/home/tamar/ws_moveit/install/moveit_resources_fanuc_description:/home/tamar/ws_moveit/install/moveit_msgs:/home/tamar/ws_moveit/install/moveit_configs_utils:/home/tamar/ws_moveit/install/moveit_common:${AMENT_PREFIX_PATH} CMAKE_PREFIX_PATH=/home/tamar/ws_moveit/install/moveit_ros_move_group:/home/tamar/ws_moveit/install/moveit_ros_warehouse:/home/tamar/ws_moveit/install/moveit_kinematics:/home/tamar/ws_moveit/install/moveit_ros_planning:/home/tamar/ws_moveit/install/moveit_simple_controller_manager:/home/tamar/ws_moveit/install/moveit_ros_occupancy_map_monitor:/home/tamar/ws_moveit/install/moveit_resources_fanuc_moveit_config:/home/tamar/ws_moveit/install/moveit_core:/home/tamar/ws_moveit/install/moveit_resources_pr2_description:/home/tamar/ws_moveit/install/moveit_resources_panda_description:/home/tamar/ws_moveit/install/moveit_resources_fanuc_description:/home/tamar/ws_moveit/install/moveit_msgs:/home/tamar/ws_moveit/install/moveit_common:/opt/ros/jazzy/opt/gz_sim_vendor:/opt/ros/jazzy/opt/gz_sensors_vendor:/opt/ros/jazzy/opt/gz_physics_vendor:/opt/ros/jazzy/opt/sdformat_vendor:/opt/ros/jazzy/opt/gz_gui_vendor:/opt/ros/jazzy/opt/gz_transport_vendor:/opt/ros/jazzy/opt/gz_rendering_vendor:/opt/ros/jazzy/opt/gz_plugin_vendor:/opt/ros/jazzy/opt/gz_fuel_tools_vendor:/opt/ros/jazzy/opt/gz_msgs_vendor:/opt/ros/jazzy/opt/gz_common_vendor:/opt/ros/jazzy/opt/gz_math_vendor:/opt/ros/jazzy/opt/gz_utils_vendor:/opt/ros/jazzy/opt/gz_tools_vendor:/opt/ros/jazzy/opt/gz_ogre_next_vendor:/opt/ros/jazzy/opt/gz_dartsim_vendor:/opt/ros/jazzy/opt/gz_cmake_vendor:/opt/ros/jazzy LD_LIBRARY_PATH=/home/tamar/ws_moveit/install/moveit_ros_move_group/lib:/home/tamar/ws_moveit/install/moveit_ros_warehouse/lib:/home/tamar/ws_moveit/install/moveit_kinematics/lib:/home/tamar/ws_moveit/install/moveit_ros_planning/lib:/home/tamar/ws_moveit/install/moveit_simple_controller_manager/lib:/home/tamar/ws_moveit/install/moveit_ros_occupancy_map_monitor/lib:/home/tamar/ws_moveit/install/moveit_core/lib:/home/tamar/ws_moveit/install/moveit_msgs/lib:${LD_LIBRARY_PATH} PATH=/home/tamar/ws_moveit/install/moveit_core/bin:${PATH} PYTHONPATH=/home/tamar/ws_moveit/install/moveit_msgs/lib/python3.12/site-packages:/home/tamar/ws_moveit/install/moveit_configs_utils/lib/python3.12/site-packages:${PYTHONPATH} /usr/bin/cmake /home/tamar/ws_moveit/src/moveit2/moveit_ros/planning_interface -DCMAKE_BUILD_TYPE=Release -DCMAKE_INSTALL_PREFIX=/home/tamar/ws_moveit/install/moveit_ros_planning_interface
[0.061s] -- The CXX compiler identification is GNU 13.3.0
[0.072s] -- Detecting CXX compiler ABI info
[0.134s] -- Detecting CXX compiler ABI info - done
[0.142s] -- Check for working CXX compiler: /usr/bin/c++ - skipped
[0.142s] -- Detecting CXX compile features
[0.143s] -- Detecting CXX compile features - done
[0.145s] -- Found moveit_common: 2.12.3 (/home/tamar/ws_moveit/install/moveit_common/share/moveit_common/cmake)
[0.152s] -- Found ament_cmake: 2.5.4 (/opt/ros/jazzy/share/ament_cmake/cmake)
[0.258s] -- Found Python3: /usr/bin/python3 (found version "3.12.3") found components: Interpreter 
[0.409s] -- Found moveit_msgs: 2.7.1 (/home/tamar/ws_moveit/install/moveit_msgs/share/moveit_msgs/cmake)
[0.474s] -- Found rosidl_generator_c: 4.6.6 (/opt/ros/jazzy/share/rosidl_generator_c/cmake)
[0.491s] -- Found rosidl_generator_cpp: 4.6.6 (/opt/ros/jazzy/share/rosidl_generator_cpp/cmake)
[0.509s] -- Using all available rosidl_typesupport_c: rosidl_typesupport_fastrtps_c;rosidl_typesupport_introspection_c
[0.528s] -- Using all available rosidl_typesupport_cpp: rosidl_typesupport_fastrtps_cpp;rosidl_typesupport_introspection_cpp
[0.719s] -- Found moveit_core: 2.12.3 (/home/tamar/ws_moveit/install/moveit_core/share/moveit_core/cmake)
[0.851s] -- Found Boost: /usr/lib/x86_64-linux-gnu/cmake/Boost-1.83.0/BoostConfig.cmake (found version "1.83.0") found components: chrono date_time filesystem iostreams program_options regex serialization system thread 
[0.927s] -- Found parameter_traits: 0.5.0 (/opt/ros/jazzy/share/parameter_traits/cmake)
[0.980s] -- Found rmw_implementation_cmake: 7.3.2 (/opt/ros/jazzy/share/rmw_implementation_cmake/cmake)
[0.984s] -- Found rmw_cyclonedds_cpp: 2.2.3 (/opt/ros/jazzy/share/rmw_cyclonedds_cpp/cmake)
[1.013s] -- Using RMW implementation 'rmw_cyclonedds_cpp' as default
[1.079s] -- Found rclcpp_lifecycle: 28.1.12 (/opt/ros/jazzy/share/rclcpp_lifecycle/cmake)
[1.109s] -- Found Boost: /usr/lib/x86_64-linux-gnu/cmake/Boost-1.83.0/BoostConfig.cmake (found version "1.83.0") found components: filesystem 
[1.170s] -- Found Eigen3: TRUE (found version "3.4.0") 
[1.170s] -- Ensuring Eigen3 include directory is part of orocos-kdl CMake target
[1.196s] -- Found TinyXML2 via Config file: /usr/lib/x86_64-linux-gnu/cmake/tinyxml2
[1.317s] -- Found moveit_ros_planning: 2.12.3 (/home/tamar/ws_moveit/install/moveit_ros_planning/share/moveit_ros_planning/cmake)
[1.319s] -- Found Boost: /usr/lib/x86_64-linux-gnu/cmake/Boost-1.83.0/BoostConfig.cmake (found version "1.83.0") found components: system filesystem date_time program_options thread chrono 
[1.342s] -- Found moveit_ros_warehouse: 2.12.3 (/home/tamar/ws_moveit/install/moveit_ros_warehouse/share/moveit_ros_warehouse/cmake)
[1.345s] -- Found Boost: /usr/lib/x86_64-linux-gnu/cmake/Boost-1.83.0/BoostConfig.cmake (found version "1.83.0") found components: thread system filesystem regex date_time program_options 
[1.407s] -- Found moveit_ros_move_group: 2.12.3 (/home/tamar/ws_moveit/install/moveit_ros_move_group/share/moveit_ros_move_group/cmake)
[1.410s] -- Found Boost: /usr/lib/x86_64-linux-gnu/cmake/Boost-1.83.0/BoostConfig.cmake (found version "1.83.0") found components: system filesystem date_time program_options thread 
[1.439s] -- Performing Test COMPILER_HAS_HIDDEN_VISIBILITY
[1.512s] -- Performing Test COMPILER_HAS_HIDDEN_VISIBILITY - Success
[1.513s] -- Performing Test COMPILER_HAS_HIDDEN_INLINE_VISIBILITY
[1.588s] -- Performing Test COMPILER_HAS_HIDDEN_INLINE_VISIBILITY - Success
[1.588s] -- Performing Test COMPILER_HAS_DEPRECATED_ATTR
[1.666s] -- Performing Test COMPILER_HAS_DEPRECATED_ATTR - Success
[1.673s] -- Found ament_cmake_gtest: 2.5.4 (/opt/ros/jazzy/share/ament_cmake_gtest/cmake)
[1.678s] -- Found ros_testing: 0.6.0 (/opt/ros/jazzy/share/ros_testing/cmake)
[1.682s] -- Found launch_testing_ament_cmake: 3.4.7 (/opt/ros/jazzy/share/launch_testing_ament_cmake/cmake)
[1.686s] -- Found python_cmake_module: 0.11.1 (/opt/ros/jazzy/share/python_cmake_module/cmake)
[1.775s] -- Found PythonExtra: /usr/bin/python3  
[1.778s] -- Configuring done (1.8s)
[1.811s] -- Generating done (0.0s)
[1.818s] -- Build files have been written to: /home/tamar/ws_moveit/build/moveit_ros_planning_interface
[1.825s] Invoked command in '/home/tamar/ws_moveit/build/moveit_ros_planning_interface' returned '0': AMENT_PREFIX_PATH=/home/tamar/ws_moveit/install/moveit_ros_move_group:/home/tamar/ws_moveit/install/moveit_ros_warehouse:/home/tamar/ws_moveit/install/moveit_kinematics:/home/tamar/ws_moveit/install/moveit_ros_planning:/home/tamar/ws_moveit/install/moveit_simple_controller_manager:/home/tamar/ws_moveit/install/moveit_ros_occupancy_map_monitor:/home/tamar/ws_moveit/install/moveit_resources_fanuc_moveit_config:/home/tamar/ws_moveit/install/moveit_core:/home/tamar/ws_moveit/install/moveit_resources_pr2_description:/home/tamar/ws_moveit/install/moveit_resources_panda_description:/home/tamar/ws_moveit/install/moveit_resources_fanuc_description:/home/tamar/ws_moveit/install/moveit_msgs:/home/tamar/ws_moveit/install/moveit_configs_utils:/home/tamar/ws_moveit/install/moveit_common:${AMENT_PREFIX_PATH} CMAKE_PREFIX_PATH=/home/tamar/ws_moveit/install/moveit_ros_move_group:/home/tamar/ws_moveit/install/moveit_ros_warehouse:/home/tamar/ws_moveit/install/moveit_kinematics:/home/tamar/ws_moveit/install/moveit_ros_planning:/home/tamar/ws_moveit/install/moveit_simple_controller_manager:/home/tamar/ws_moveit/install/moveit_ros_occupancy_map_monitor:/home/tamar/ws_moveit/install/moveit_resources_fanuc_moveit_config:/home/tamar/ws_moveit/install/moveit_core:/home/tamar/ws_moveit/install/moveit_resources_pr2_description:/home/tamar/ws_moveit/install/moveit_resources_panda_description:/home/tamar/ws_moveit/install/moveit_resources_fanuc_description:/home/tamar/ws_moveit/install/moveit_msgs:/home/tamar/ws_moveit/install/moveit_common:/opt/ros/jazzy/opt/gz_sim_vendor:/opt/ros/jazzy/opt/gz_sensors_vendor:/opt/ros/jazzy/opt/gz_physics_vendor:/opt/ros/jazzy/opt/sdformat_vendor:/opt/ros/jazzy/opt/gz_gui_vendor:/opt/ros/jazzy/opt/gz_transport_vendor:/opt/ros/jazzy/opt/gz_rendering_vendor:/opt/ros/jazzy/opt/gz_plugin_vendor:/opt/ros/jazzy/opt/gz_fuel_tools_vendor:/opt/ros/jazzy/opt/gz_msgs_vendor:/opt/ros/jazzy/opt/gz_common_vendor:/opt/ros/jazzy/opt/gz_math_vendor:/opt/ros/jazzy/opt/gz_utils_vendor:/opt/ros/jazzy/opt/gz_tools_vendor:/opt/ros/jazzy/opt/gz_ogre_next_vendor:/opt/ros/jazzy/opt/gz_dartsim_vendor:/opt/ros/jazzy/opt/gz_cmake_vendor:/opt/ros/jazzy LD_LIBRARY_PATH=/home/tamar/ws_moveit/install/moveit_ros_move_group/lib:/home/tamar/ws_moveit/install/moveit_ros_warehouse/lib:/home/tamar/ws_moveit/install/moveit_kinematics/lib:/home/tamar/ws_moveit/install/moveit_ros_planning/lib:/home/tamar/ws_moveit/install/moveit_simple_controller_manager/lib:/home/tamar/ws_moveit/install/moveit_ros_occupancy_map_monitor/lib:/home/tamar/ws_moveit/install/moveit_core/lib:/home/tamar/ws_moveit/install/moveit_msgs/lib:${LD_LIBRARY_PATH} PATH=/home/tamar/ws_moveit/install/moveit_core/bin:${PATH} PYTHONPATH=/home/tamar/ws_moveit/install/moveit_msgs/lib/python3.12/site-packages:/home/tamar/ws_moveit/install/moveit_configs_utils/lib/python3.12/site-packages:${PYTHONPATH} /usr/bin/cmake /home/tamar/ws_moveit/src/moveit2/moveit_ros/planning_interface -DCMAKE_BUILD_TYPE=Release -DCMAKE_INSTALL_PREFIX=/home/tamar/ws_moveit/install/moveit_ros_planning_interface
[1.825s] Invoking command in '/home/tamar/ws_moveit/build/moveit_ros_planning_interface': AMENT_PREFIX_PATH=/home/tamar/ws_moveit/install/moveit_ros_move_group:/home/tamar/ws_moveit/install/moveit_ros_warehouse:/home/tamar/ws_moveit/install/moveit_kinematics:/home/tamar/ws_moveit/install/moveit_ros_planning:/home/tamar/ws_moveit/install/moveit_simple_controller_manager:/home/tamar/ws_moveit/install/moveit_ros_occupancy_map_monitor:/home/tamar/ws_moveit/install/moveit_resources_fanuc_moveit_config:/home/tamar/ws_moveit/install/moveit_core:/home/tamar/ws_moveit/install/moveit_resources_pr2_description:/home/tamar/ws_moveit/install/moveit_resources_panda_description:/home/tamar/ws_moveit/install/moveit_resources_fanuc_description:/home/tamar/ws_moveit/install/moveit_msgs:/home/tamar/ws_moveit/install/moveit_configs_utils:/home/tamar/ws_moveit/install/moveit_common:${AMENT_PREFIX_PATH} CMAKE_PREFIX_PATH=/home/tamar/ws_moveit/install/moveit_ros_move_group:/home/tamar/ws_moveit/install/moveit_ros_warehouse:/home/tamar/ws_moveit/install/moveit_kinematics:/home/tamar/ws_moveit/install/moveit_ros_planning:/home/tamar/ws_moveit/install/moveit_simple_controller_manager:/home/tamar/ws_moveit/install/moveit_ros_occupancy_map_monitor:/home/tamar/ws_moveit/install/moveit_resources_fanuc_moveit_config:/home/tamar/ws_moveit/install/moveit_core:/home/tamar/ws_moveit/install/moveit_resources_pr2_description:/home/tamar/ws_moveit/install/moveit_resources_panda_description:/home/tamar/ws_moveit/install/moveit_resources_fanuc_description:/home/tamar/ws_moveit/install/moveit_msgs:/home/tamar/ws_moveit/install/moveit_common:/opt/ros/jazzy/opt/gz_sim_vendor:/opt/ros/jazzy/opt/gz_sensors_vendor:/opt/ros/jazzy/opt/gz_physics_vendor:/opt/ros/jazzy/opt/sdformat_vendor:/opt/ros/jazzy/opt/gz_gui_vendor:/opt/ros/jazzy/opt/gz_transport_vendor:/opt/ros/jazzy/opt/gz_rendering_vendor:/opt/ros/jazzy/opt/gz_plugin_vendor:/opt/ros/jazzy/opt/gz_fuel_tools_vendor:/opt/ros/jazzy/opt/gz_msgs_vendor:/opt/ros/jazzy/opt/gz_common_vendor:/opt/ros/jazzy/opt/gz_math_vendor:/opt/ros/jazzy/opt/gz_utils_vendor:/opt/ros/jazzy/opt/gz_tools_vendor:/opt/ros/jazzy/opt/gz_ogre_next_vendor:/opt/ros/jazzy/opt/gz_dartsim_vendor:/opt/ros/jazzy/opt/gz_cmake_vendor:/opt/ros/jazzy LD_LIBRARY_PATH=/home/tamar/ws_moveit/install/moveit_ros_move_group/lib:/home/tamar/ws_moveit/install/moveit_ros_warehouse/lib:/home/tamar/ws_moveit/install/moveit_kinematics/lib:/home/tamar/ws_moveit/install/moveit_ros_planning/lib:/home/tamar/ws_moveit/install/moveit_simple_controller_manager/lib:/home/tamar/ws_moveit/install/moveit_ros_occupancy_map_monitor/lib:/home/tamar/ws_moveit/install/moveit_core/lib:/home/tamar/ws_moveit/install/moveit_msgs/lib:${LD_LIBRARY_PATH} PATH=/home/tamar/ws_moveit/install/moveit_core/bin:${PATH} PYTHONPATH=/home/tamar/ws_moveit/install/moveit_msgs/lib/python3.12/site-packages:/home/tamar/ws_moveit/install/moveit_configs_utils/lib/python3.12/site-packages:${PYTHONPATH} /usr/bin/cmake --build /home/tamar/ws_moveit/build/moveit_ros_planning_interface -- -j32 -l32
[1.868s] [ 16%] [32mBuilding CXX object common_planning_interface_objects/CMakeFiles/moveit_common_planning_interface_objects.dir/src/common_objects.cpp.o[0m
[1.869s] [ 33%] [32mBuilding CXX object planning_scene_interface/CMakeFiles/moveit_planning_scene_interface.dir/src/planning_scene_interface.cpp.o[0m
[5.907s] [ 50%] [32m[1mLinking CXX shared library libmoveit_common_planning_interface_objects.so[0m
[6.067s] [ 50%] Built target moveit_common_planning_interface_objects
[7.723s] [ 66%] [32m[1mLinking CXX shared library libmoveit_planning_scene_interface.so[0m
[7.898s] [ 66%] Built target moveit_planning_scene_interface
[7.915s] [ 83%] [32mBuilding CXX object move_group_interface/CMakeFiles/moveit_move_group_interface.dir/src/move_group_interface.cpp.o[0m
[21.805s] [100%] [32m[1mLinking CXX shared library libmoveit_move_group_interface.so[0m
[22.164s] [100%] Built target moveit_move_group_interface
[22.175s] Invoked command in '/home/tamar/ws_moveit/build/moveit_ros_planning_interface' returned '0': AMENT_PREFIX_PATH=/home/tamar/ws_moveit/install/moveit_ros_move_group:/home/tamar/ws_moveit/install/moveit_ros_warehouse:/home/tamar/ws_moveit/install/moveit_kinematics:/home/tamar/ws_moveit/install/moveit_ros_planning:/home/tamar/ws_moveit/install/moveit_simple_controller_manager:/home/tamar/ws_moveit/install/moveit_ros_occupancy_map_monitor:/home/tamar/ws_moveit/install/moveit_resources_fanuc_moveit_config:/home/tamar/ws_moveit/install/moveit_core:/home/tamar/ws_moveit/install/moveit_resources_pr2_description:/home/tamar/ws_moveit/install/moveit_resources_panda_description:/home/tamar/ws_moveit/install/moveit_resources_fanuc_description:/home/tamar/ws_moveit/install/moveit_msgs:/home/tamar/ws_moveit/install/moveit_configs_utils:/home/tamar/ws_moveit/install/moveit_common:${AMENT_PREFIX_PATH} CMAKE_PREFIX_PATH=/home/tamar/ws_moveit/install/moveit_ros_move_group:/home/tamar/ws_moveit/install/moveit_ros_warehouse:/home/tamar/ws_moveit/install/moveit_kinematics:/home/tamar/ws_moveit/install/moveit_ros_planning:/home/tamar/ws_moveit/install/moveit_simple_controller_manager:/home/tamar/ws_moveit/install/moveit_ros_occupancy_map_monitor:/home/tamar/ws_moveit/install/moveit_resources_fanuc_moveit_config:/home/tamar/ws_moveit/install/moveit_core:/home/tamar/ws_moveit/install/moveit_resources_pr2_description:/home/tamar/ws_moveit/install/moveit_resources_panda_description:/home/tamar/ws_moveit/install/moveit_resources_fanuc_description:/home/tamar/ws_moveit/install/moveit_msgs:/home/tamar/ws_moveit/install/moveit_common:/opt/ros/jazzy/opt/gz_sim_vendor:/opt/ros/jazzy/opt/gz_sensors_vendor:/opt/ros/jazzy/opt/gz_physics_vendor:/opt/ros/jazzy/opt/sdformat_vendor:/opt/ros/jazzy/opt/gz_gui_vendor:/opt/ros/jazzy/opt/gz_transport_vendor:/opt/ros/jazzy/opt/gz_rendering_vendor:/opt/ros/jazzy/opt/gz_plugin_vendor:/opt/ros/jazzy/opt/gz_fuel_tools_vendor:/opt/ros/jazzy/opt/gz_msgs_vendor:/opt/ros/jazzy/opt/gz_common_vendor:/opt/ros/jazzy/opt/gz_math_vendor:/opt/ros/jazzy/opt/gz_utils_vendor:/opt/ros/jazzy/opt/gz_tools_vendor:/opt/ros/jazzy/opt/gz_ogre_next_vendor:/opt/ros/jazzy/opt/gz_dartsim_vendor:/opt/ros/jazzy/opt/gz_cmake_vendor:/opt/ros/jazzy LD_LIBRARY_PATH=/home/tamar/ws_moveit/install/moveit_ros_move_group/lib:/home/tamar/ws_moveit/install/moveit_ros_warehouse/lib:/home/tamar/ws_moveit/install/moveit_kinematics/lib:/home/tamar/ws_moveit/install/moveit_ros_planning/lib:/home/tamar/ws_moveit/install/moveit_simple_controller_manager/lib:/home/tamar/ws_moveit/install/moveit_ros_occupancy_map_monitor/lib:/home/tamar/ws_moveit/install/moveit_core/lib:/home/tamar/ws_moveit/install/moveit_msgs/lib:${LD_LIBRARY_PATH} PATH=/home/tamar/ws_moveit/install/moveit_core/bin:${PATH} PYTHONPATH=/home/tamar/ws_moveit/install/moveit_msgs/lib/python3.12/site-packages:/home/tamar/ws_moveit/install/moveit_configs_utils/lib/python3.12/site-packages:${PYTHONPATH} /usr/bin/cmake --build /home/tamar/ws_moveit/build/moveit_ros_planning_interface -- -j32 -l32
[22.176s] Invoking command in '/home/tamar/ws_moveit/build/moveit_ros_planning_interface': AMENT_PREFIX_PATH=/home/tamar/ws_moveit/install/moveit_ros_move_group:/home/tamar/ws_moveit/install/moveit_ros_warehouse:/home/tamar/ws_moveit/install/moveit_kinematics:/home/tamar/ws_moveit/install/moveit_ros_planning:/home/tamar/ws_moveit/install/moveit_simple_controller_manager:/home/tamar/ws_moveit/install/moveit_ros_occupancy_map_monitor:/home/tamar/ws_moveit/install/moveit_resources_fanuc_moveit_config:/home/tamar/ws_moveit/install/moveit_core:/home/tamar/ws_moveit/install/moveit_resources_pr2_description:/home/tamar/ws_moveit/install/moveit_resources_panda_description:/home/tamar/ws_moveit/install/moveit_resources_fanuc_description:/home/tamar/ws_moveit/install/moveit_msgs:/home/tamar/ws_moveit/install/moveit_configs_utils:/home/tamar/ws_moveit/install/moveit_common:${AMENT_PREFIX_PATH} CMAKE_PREFIX_PATH=/home/tamar/ws_moveit/install/moveit_ros_move_group:/home/tamar/ws_moveit/install/moveit_ros_warehouse:/home/tamar/ws_moveit/install/moveit_kinematics:/home/tamar/ws_moveit/install/moveit_ros_planning:/home/tamar/ws_moveit/install/moveit_simple_controller_manager:/home/tamar/ws_moveit/install/moveit_ros_occupancy_map_monitor:/home/tamar/ws_moveit/install/moveit_resources_fanuc_moveit_config:/home/tamar/ws_moveit/install/moveit_core:/home/tamar/ws_moveit/install/moveit_resources_pr2_description:/home/tamar/ws_moveit/install/moveit_resources_panda_description:/home/tamar/ws_moveit/install/moveit_resources_fanuc_description:/home/tamar/ws_moveit/install/moveit_msgs:/home/tamar/ws_moveit/install/moveit_common:/opt/ros/jazzy/opt/gz_sim_vendor:/opt/ros/jazzy/opt/gz_sensors_vendor:/opt/ros/jazzy/opt/gz_physics_vendor:/opt/ros/jazzy/opt/sdformat_vendor:/opt/ros/jazzy/opt/gz_gui_vendor:/opt/ros/jazzy/opt/gz_transport_vendor:/opt/ros/jazzy/opt/gz_rendering_vendor:/opt/ros/jazzy/opt/gz_plugin_vendor:/opt/ros/jazzy/opt/gz_fuel_tools_vendor:/opt/ros/jazzy/opt/gz_msgs_vendor:/opt/ros/jazzy/opt/gz_common_vendor:/opt/ros/jazzy/opt/gz_math_vendor:/opt/ros/jazzy/opt/gz_utils_vendor:/opt/ros/jazzy/opt/gz_tools_vendor:/opt/ros/jazzy/opt/gz_ogre_next_vendor:/opt/ros/jazzy/opt/gz_dartsim_vendor:/opt/ros/jazzy/opt/gz_cmake_vendor:/opt/ros/jazzy LD_LIBRARY_PATH=/home/tamar/ws_moveit/install/moveit_ros_move_group/lib:/home/tamar/ws_moveit/install/moveit_ros_warehouse/lib:/home/tamar/ws_moveit/install/moveit_kinematics/lib:/home/tamar/ws_moveit/install/moveit_ros_planning/lib:/home/tamar/ws_moveit/install/moveit_simple_controller_manager/lib:/home/tamar/ws_moveit/install/moveit_ros_occupancy_map_monitor/lib:/home/tamar/ws_moveit/install/moveit_core/lib:/home/tamar/ws_moveit/install/moveit_msgs/lib:${LD_LIBRARY_PATH} PATH=/home/tamar/ws_moveit/install/moveit_core/bin:${PATH} PYTHONPATH=/home/tamar/ws_moveit/install/moveit_msgs/lib/python3.12/site-packages:/home/tamar/ws_moveit/install/moveit_configs_utils/lib/python3.12/site-packages:${PYTHONPATH} /usr/bin/cmake --install /home/tamar/ws_moveit/build/moveit_ros_planning_interface
[22.185s] -- Install configuration: "Release"
[22.185s] -- Installing: /home/tamar/ws_moveit/install/moveit_ros_planning_interface/include/moveit_ros_planning_interface
[22.185s] -- Installing: /home/tamar/ws_moveit/install/moveit_ros_planning_interface/include/moveit_ros_planning_interface/moveit
[22.185s] -- Installing: /home/tamar/ws_moveit/install/moveit_ros_planning_interface/include/moveit_ros_planning_interface/moveit/common_planning_interface_objects
[22.185s] -- Installing: /home/tamar/ws_moveit/install/moveit_ros_planning_interface/include/moveit_ros_planning_interface/moveit/common_planning_interface_objects/common_objects.hpp
[22.185s] -- Installing: /home/tamar/ws_moveit/install/moveit_ros_planning_interface/include/moveit_ros_planning_interface/moveit/common_planning_interface_objects/common_objects.h
[22.186s] -- Up-to-date: /home/tamar/ws_moveit/install/moveit_ros_planning_interface/include/moveit_ros_planning_interface
[22.186s] -- Up-to-date: /home/tamar/ws_moveit/install/moveit_ros_planning_interface/include/moveit_ros_planning_interface/moveit
[22.186s] -- Installing: /home/tamar/ws_moveit/install/moveit_ros_planning_interface/include/moveit_ros_planning_interface/moveit/planning_scene_interface
[22.186s] -- Installing: /home/tamar/ws_moveit/install/moveit_ros_planning_interface/include/moveit_ros_planning_interface/moveit/planning_scene_interface/planning_scene_interface.h
[22.186s] -- Installing: /home/tamar/ws_moveit/install/moveit_ros_planning_interface/include/moveit_ros_planning_interface/moveit/planning_scene_interface/planning_scene_interface.hpp
[22.186s] -- Up-to-date: /home/tamar/ws_moveit/install/moveit_ros_planning_interface/include/moveit_ros_planning_interface
[22.186s] -- Up-to-date: /home/tamar/ws_moveit/install/moveit_ros_planning_interface/include/moveit_ros_planning_interface/moveit
[22.186s] -- Installing: /home/tamar/ws_moveit/install/moveit_ros_planning_interface/include/moveit_ros_planning_interface/moveit/move_group_interface
[22.186s] -- Installing: /home/tamar/ws_moveit/install/moveit_ros_planning_interface/include/moveit_ros_planning_interface/moveit/move_group_interface/move_group_interface.h
[22.187s] -- Installing: /home/tamar/ws_moveit/install/moveit_ros_planning_interface/include/moveit_ros_planning_interface/moveit/move_group_interface/move_group_interface.hpp
[22.187s] -- Installing: /home/tamar/ws_moveit/install/moveit_ros_planning_interface/include/moveit_ros_planning_interface/moveit_move_group_interface_export.h
[22.187s] -- Installing: /home/tamar/ws_moveit/install/moveit_ros_planning_interface/lib/libmoveit_common_planning_interface_objects.so.2.12.3
[22.188s] -- Set non-toolchain portion of runtime path of "/home/tamar/ws_moveit/install/moveit_ros_planning_interface/lib/libmoveit_common_planning_interface_objects.so.2.12.3" to ""
[22.188s] -- Installing: /home/tamar/ws_moveit/install/moveit_ros_planning_interface/lib/libmoveit_common_planning_interface_objects.so
[22.188s] -- Installing: /home/tamar/ws_moveit/install/moveit_ros_planning_interface/lib/libmoveit_planning_scene_interface.so.2.12.3
[22.188s] -- Set non-toolchain portion of runtime path of "/home/tamar/ws_moveit/install/moveit_ros_planning_interface/lib/libmoveit_planning_scene_interface.so.2.12.3" to ""
[22.189s] -- Installing: /home/tamar/ws_moveit/install/moveit_ros_planning_interface/lib/libmoveit_planning_scene_interface.so
[22.189s] -- Installing: /home/tamar/ws_moveit/install/moveit_ros_planning_interface/lib/libmoveit_move_group_interface.so.2.12.3
[22.190s] -- Set non-toolchain portion of runtime path of "/home/tamar/ws_moveit/install/moveit_ros_planning_interface/lib/libmoveit_move_group_interface.so.2.12.3" to ""
[22.190s] -- Installing: /home/tamar/ws_moveit/install/moveit_ros_planning_interface/lib/libmoveit_move_group_interface.so
[22.190s] -- Installing: /home/tamar/ws_moveit/install/moveit_ros_planning_interface/share/moveit_ros_planning_interface/environment/library_path.sh
[22.190s] -- Installing: /home/tamar/ws_moveit/install/moveit_ros_planning_interface/share/moveit_ros_planning_interface/environment/library_path.dsv
[22.191s] -- Installing: /home/tamar/ws_moveit/install/moveit_ros_planning_interface/share/ament_index/resource_index/package_run_dependencies/moveit_ros_planning_interface
[22.191s] -- Installing: /home/tamar/ws_moveit/install/moveit_ros_planning_interface/share/ament_index/resource_index/parent_prefix_path/moveit_ros_planning_interface
[22.191s] -- Installing: /home/tamar/ws_moveit/install/moveit_ros_planning_interface/share/moveit_ros_planning_interface/environment/ament_prefix_path.sh
[22.191s] -- Installing: /home/tamar/ws_moveit/install/moveit_ros_planning_interface/share/moveit_ros_planning_interface/environment/ament_prefix_path.dsv
[22.191s] -- Installing: /home/tamar/ws_moveit/install/moveit_ros_planning_interface/share/moveit_ros_planning_interface/environment/path.sh
[22.191s] -- Installing: /home/tamar/ws_moveit/install/moveit_ros_planning_interface/share/moveit_ros_planning_interface/environment/path.dsv
[22.192s] -- Installing: /home/tamar/ws_moveit/install/moveit_ros_planning_interface/share/moveit_ros_planning_interface/local_setup.bash
[22.192s] -- Installing: /home/tamar/ws_moveit/install/moveit_ros_planning_interface/share/moveit_ros_planning_interface/local_setup.sh
[22.192s] -- Installing: /home/tamar/ws_moveit/install/moveit_ros_planning_interface/share/moveit_ros_planning_interface/local_setup.zsh
[22.192s] -- Installing: /home/tamar/ws_moveit/install/moveit_ros_planning_interface/share/moveit_ros_planning_interface/local_setup.dsv
[22.192s] -- Installing: /home/tamar/ws_moveit/install/moveit_ros_planning_interface/share/moveit_ros_planning_interface/package.dsv
[22.192s] -- Installing: /home/tamar/ws_moveit/install/moveit_ros_planning_interface/share/ament_index/resource_index/packages/moveit_ros_planning_interface
[22.193s] -- Installing: /home/tamar/ws_moveit/install/moveit_ros_planning_interface/share/moveit_ros_planning_interface/cmake/moveit_ros_planning_interfaceTargetsExport.cmake
[22.193s] -- Installing: /home/tamar/ws_moveit/install/moveit_ros_planning_interface/share/moveit_ros_planning_interface/cmake/moveit_ros_planning_interfaceTargetsExport-release.cmake
[22.193s] -- Installing: /home/tamar/ws_moveit/install/moveit_ros_planning_interface/share/moveit_ros_planning_interface/cmake/ConfigExtras.cmake
[22.193s] -- Installing: /home/tamar/ws_moveit/install/moveit_ros_planning_interface/share/moveit_ros_planning_interface/cmake/ament_cmake_export_targets-extras.cmake
[22.193s] -- Installing: /home/tamar/ws_moveit/install/moveit_ros_planning_interface/share/moveit_ros_planning_interface/cmake/ament_cmake_export_dependencies-extras.cmake
[22.193s] -- Installing: /home/tamar/ws_moveit/install/moveit_ros_planning_interface/share/moveit_ros_planning_interface/cmake/moveit_ros_planning_interfaceConfig.cmake
[22.194s] -- Installing: /home/tamar/ws_moveit/install/moveit_ros_planning_interface/share/moveit_ros_planning_interface/cmake/moveit_ros_planning_interfaceConfig-version.cmake
[22.194s] -- Installing: /home/tamar/ws_moveit/install/moveit_ros_planning_interface/share/moveit_ros_planning_interface/package.xml
[22.196s] Invoked command in '/home/tamar/ws_moveit/build/moveit_ros_planning_interface' returned '0': AMENT_PREFIX_PATH=/home/tamar/ws_moveit/install/moveit_ros_move_group:/home/tamar/ws_moveit/install/moveit_ros_warehouse:/home/tamar/ws_moveit/install/moveit_kinematics:/home/tamar/ws_moveit/install/moveit_ros_planning:/home/tamar/ws_moveit/install/moveit_simple_controller_manager:/home/tamar/ws_moveit/install/moveit_ros_occupancy_map_monitor:/home/tamar/ws_moveit/install/moveit_resources_fanuc_moveit_config:/home/tamar/ws_moveit/install/moveit_core:/home/tamar/ws_moveit/install/moveit_resources_pr2_description:/home/tamar/ws_moveit/install/moveit_resources_panda_description:/home/tamar/ws_moveit/install/moveit_resources_fanuc_description:/home/tamar/ws_moveit/install/moveit_msgs:/home/tamar/ws_moveit/install/moveit_configs_utils:/home/tamar/ws_moveit/install/moveit_common:${AMENT_PREFIX_PATH} CMAKE_PREFIX_PATH=/home/tamar/ws_moveit/install/moveit_ros_move_group:/home/tamar/ws_moveit/install/moveit_ros_warehouse:/home/tamar/ws_moveit/install/moveit_kinematics:/home/tamar/ws_moveit/install/moveit_ros_planning:/home/tamar/ws_moveit/install/moveit_simple_controller_manager:/home/tamar/ws_moveit/install/moveit_ros_occupancy_map_monitor:/home/tamar/ws_moveit/install/moveit_resources_fanuc_moveit_config:/home/tamar/ws_moveit/install/moveit_core:/home/tamar/ws_moveit/install/moveit_resources_pr2_description:/home/tamar/ws_moveit/install/moveit_resources_panda_description:/home/tamar/ws_moveit/install/moveit_resources_fanuc_description:/home/tamar/ws_moveit/install/moveit_msgs:/home/tamar/ws_moveit/install/moveit_common:/opt/ros/jazzy/opt/gz_sim_vendor:/opt/ros/jazzy/opt/gz_sensors_vendor:/opt/ros/jazzy/opt/gz_physics_vendor:/opt/ros/jazzy/opt/sdformat_vendor:/opt/ros/jazzy/opt/gz_gui_vendor:/opt/ros/jazzy/opt/gz_transport_vendor:/opt/ros/jazzy/opt/gz_rendering_vendor:/opt/ros/jazzy/opt/gz_plugin_vendor:/opt/ros/jazzy/opt/gz_fuel_tools_vendor:/opt/ros/jazzy/opt/gz_msgs_vendor:/opt/ros/jazzy/opt/gz_common_vendor:/opt/ros/jazzy/opt/gz_math_vendor:/opt/ros/jazzy/opt/gz_utils_vendor:/opt/ros/jazzy/opt/gz_tools_vendor:/opt/ros/jazzy/opt/gz_ogre_next_vendor:/opt/ros/jazzy/opt/gz_dartsim_vendor:/opt/ros/jazzy/opt/gz_cmake_vendor:/opt/ros/jazzy LD_LIBRARY_PATH=/home/tamar/ws_moveit/install/moveit_ros_move_group/lib:/home/tamar/ws_moveit/install/moveit_ros_warehouse/lib:/home/tamar/ws_moveit/install/moveit_kinematics/lib:/home/tamar/ws_moveit/install/moveit_ros_planning/lib:/home/tamar/ws_moveit/install/moveit_simple_controller_manager/lib:/home/tamar/ws_moveit/install/moveit_ros_occupancy_map_monitor/lib:/home/tamar/ws_moveit/install/moveit_core/lib:/home/tamar/ws_moveit/install/moveit_msgs/lib:${LD_LIBRARY_PATH} PATH=/home/tamar/ws_moveit/install/moveit_core/bin:${PATH} PYTHONPATH=/home/tamar/ws_moveit/install/moveit_msgs/lib/python3.12/site-packages:/home/tamar/ws_moveit/install/moveit_configs_utils/lib/python3.12/site-packages:${PYTHONPATH} /usr/bin/cmake --install /home/tamar/ws_moveit/build/moveit_ros_planning_interface
