[0.011s] Invoking command in '/home/tamar/RBE594_ws/build/ur_calibration': AMENT_PREFIX_PATH=/home/tamar/RBE594_ws/install/ur_robot_driver:/home/tamar/RBE594_ws/install/ur_controllers:/home/tamar/RBE594_ws/install/ur_msgs:/home/tamar/RBE594_ws/install/ur_dashboard_msgs:${AMENT_PREFIX_PATH} CMAKE_PREFIX_PATH=/home/tamar/RBE594_ws/install/ur_robot_driver:/home/tamar/RBE594_ws/install/ur_controllers:/home/tamar/RBE594_ws/install/ur_msgs:/home/tamar/RBE594_ws/install/ur_description:/home/tamar/RBE594_ws/install/ur_dashboard_msgs:/home/tamar/RBE594_ws/install/ur_client_library:/home/tamar/RBE594_ws/install/moveit_resources:/home/tamar/RBE594_ws/install/moveit_resources_pr2_description:/home/tamar/RBE594_ws/install/moveit_resources_panda_moveit_config:/home/tamar/RBE594_ws/install/moveit_resources_panda_description:/home/tamar/RBE594_ws/install/moveit_resources_fanuc_moveit_config:/home/tamar/RBE594_ws/install/moveit_resources_fanuc_description:/home/tamar/RBE594_ws/install/sirgas_description:/opt/ros/humble LD_LIBRARY_PATH=/home/tamar/RBE594_ws/install/ur_robot_driver/lib:/home/tamar/RBE594_ws/install/ur_controllers/lib:/home/tamar/RBE594_ws/install/ur_msgs/lib:/home/tamar/RBE594_ws/install/ur_dashboard_msgs/lib:/home/tamar/RBE594_ws/install/ur_client_library/lib:/usr/lib/x86_64-linux-gnu/gazebo-11/plugins:/opt/ros/humble/opt/rviz_ogre_vendor/lib:/opt/ros/humble/lib/x86_64-linux-gnu:/opt/ros/humble/lib:/usr/share/gazebo/../../lib/x86_64-linux-gnu/gazebo-11/plugins:/usr/share/gazebo/../../lib/x86_64-linux-gnu/gazebo-11/plugins:/usr/share/gazebo/../../lib/x86_64-linux-gnu/gazebo-11/plugins PATH=/home/tamar/RBE594_ws/install/ur_robot_driver/bin:${PATH} PKG_CONFIG_PATH=/home/tamar/RBE594_ws/install/ur_client_library/lib/x86_64-linux-gnu/pkgconfig:/home/tamar/RBE594_ws/install/ur_client_library/lib/pkgconfig PYTHONPATH=/home/tamar/RBE594_ws/install/ur_robot_driver/local/lib/python3.10/dist-packages:/home/tamar/RBE594_ws/install/ur_msgs/local/lib/python3.10/dist-packages:/home/tamar/RBE594_ws/install/ur_dashboard_msgs/local/lib/python3.10/dist-packages:${PYTHONPATH} /home/tamar/.local/bin/cmake /home/tamar/RBE594_ws/src/Universal_Robots_ROS2_Driver/ur_calibration -DAMENT_CMAKE_SYMLINK_INSTALL=1 -DCMAKE_INSTALL_PREFIX=/home/tamar/RBE594_ws/install/ur_calibration
[0.050s] [0mCMake Deprecation Warning at CMakeLists.txt:1 (cmake_minimum_required):
[0.050s]   Compatibility with CMake < 3.10 will be removed from a future version of
[0.050s]   CMake.
[0.050s] 
[0.050s]   Update the VERSION argument <min> value.  Or, use the <min>...<max> syntax
[0.050s]   to tell CMake that the project requires at least <min> but has been updated
[0.050s]   to work with policies introduced by <max> or earlier.
[0.050s] 
[0.050s] [0m
[0.081s] -- The C compiler identification is GNU 11.4.0
[0.143s] -- The CXX compiler identification is GNU 11.4.0
[0.151s] -- Detecting C compiler ABI info
[0.229s] -- Detecting C compiler ABI info - done
[0.250s] -- Check for working C compiler: /usr/bin/cc - skipped
[0.250s] -- Detecting C compile features
[0.250s] -- Detecting C compile features - done
[0.266s] -- Detecting CXX compiler ABI info
[0.367s] -- Detecting CXX compiler ABI info - done
[0.384s] -- Check for working CXX compiler: /usr/bin/c++ - skipped
[0.384s] -- Detecting CXX compile features
[0.385s] -- Detecting CXX compile features - done
[0.398s] [0mur_calibration: You did not request a specific build type: selecting 'RelWithDebInfo'.[0m
[0.403s] -- Found ament_cmake: 1.3.11 (/opt/ros/humble/share/ament_cmake/cmake)
[0.522s] -- Found Python3: /usr/bin/python3 (found version "3.10.12") found components: Interpreter
[0.578s] -- Override CMake install command with custom implementation using symlinks instead of copying resources
[0.602s] -- Found rclcpp: 16.0.12 (/opt/ros/humble/share/rclcpp/cmake)
[0.634s] -- Found rosidl_generator_c: 3.1.6 (/opt/ros/humble/share/rosidl_generator_c/cmake)
[0.638s] -- Found rosidl_adapter: 3.1.6 (/opt/ros/humble/share/rosidl_adapter/cmake)
[0.644s] -- Found rosidl_generator_cpp: 3.1.6 (/opt/ros/humble/share/rosidl_generator_cpp/cmake)
[0.652s] -- Using all available rosidl_typesupport_c: rosidl_typesupport_fastrtps_c;rosidl_typesupport_introspection_c
[0.663s] -- Using all available rosidl_typesupport_cpp: rosidl_typesupport_fastrtps_cpp;rosidl_typesupport_introspection_cpp
[0.694s] -- Found rmw_implementation_cmake: 6.1.2 (/opt/ros/humble/share/rmw_implementation_cmake/cmake)
[0.697s] -- Found rmw_cyclonedds_cpp: 1.3.4 (/opt/ros/humble/share/rmw_cyclonedds_cpp/cmake)
[0.713s] -- Using RMW implementation 'rmw_cyclonedds_cpp' as default
[0.719s] -- Performing Test CMAKE_HAVE_LIBC_PTHREAD
[0.767s] -- Performing Test CMAKE_HAVE_LIBC_PTHREAD - Success
[0.768s] -- Found Threads: TRUE
[0.819s] -- Found ur_robot_driver: 2.8.1 (/home/tamar/RBE594_ws/install/ur_robot_driver/share/ur_robot_driver/cmake)
[0.987s] -- Found eigen3_cmake_module: 0.1.1 (/opt/ros/humble/share/eigen3_cmake_module/cmake)
[0.987s] -- Found Eigen3: TRUE (found version "3.4.0")
[0.987s] -- Ensuring Eigen3 include directory is part of orocos-kdl CMake target
[1.056s] -- Found yaml_cpp_vendor: 8.0.2 (/opt/ros/humble/share/yaml_cpp_vendor/cmake)
[1.083s] -- Found ament_cmake_gmock: 1.3.11 (/opt/ros/humble/share/ament_cmake_gmock/cmake)
[1.085s] -- Found gmock sources under '/opt/ros/humble/src/gmock_vendor': C++ tests using 'Google Mock' will be built
[1.085s] [0mCMake Deprecation Warning at /opt/ros/humble/src/gmock_vendor/CMakeLists.txt:2 (cmake_minimum_required):
[1.085s]   Compatibility with CMake < 3.10 will be removed from a future version of
[1.086s]   CMake.
[1.086s] 
[1.086s]   Update the VERSION argument <min> value.  Or, use the <min>...<max> syntax
[1.086s]   to tell CMake that the project requires at least <min> but has been updated
[1.086s]   to work with policies introduced by <max> or earlier.
[1.086s] 
[1.086s] [0m
[1.088s] -- Found ament_cmake_gtest: 1.3.11 (/opt/ros/humble/share/ament_cmake_gtest/cmake)
[1.089s] -- Found gtest sources under '/opt/ros/humble/src/gtest_vendor': C++ tests using 'Google Test' will be built
[1.089s] [0mCMake Deprecation Warning at /opt/ros/humble/src/gtest_vendor/CMakeLists.txt:2 (cmake_minimum_required):
[1.089s]   Compatibility with CMake < 3.10 will be removed from a future version of
[1.089s]   CMake.
[1.089s] 
[1.089s]   Update the VERSION argument <min> value.  Or, use the <min>...<max> syntax
[1.089s]   to tell CMake that the project requires at least <min> but has been updated
[1.089s]   to work with policies introduced by <max> or earlier.
[1.089s] 
[1.089s] [0m
[1.119s] -- Configuring done (1.1s)
[1.157s] -- Generating done (0.0s)
[1.161s] -- Build files have been written to: /home/tamar/RBE594_ws/build/ur_calibration
[1.166s] Invoked command in '/home/tamar/RBE594_ws/build/ur_calibration' returned '0': AMENT_PREFIX_PATH=/home/tamar/RBE594_ws/install/ur_robot_driver:/home/tamar/RBE594_ws/install/ur_controllers:/home/tamar/RBE594_ws/install/ur_msgs:/home/tamar/RBE594_ws/install/ur_dashboard_msgs:${AMENT_PREFIX_PATH} CMAKE_PREFIX_PATH=/home/tamar/RBE594_ws/install/ur_robot_driver:/home/tamar/RBE594_ws/install/ur_controllers:/home/tamar/RBE594_ws/install/ur_msgs:/home/tamar/RBE594_ws/install/ur_description:/home/tamar/RBE594_ws/install/ur_dashboard_msgs:/home/tamar/RBE594_ws/install/ur_client_library:/home/tamar/RBE594_ws/install/moveit_resources:/home/tamar/RBE594_ws/install/moveit_resources_pr2_description:/home/tamar/RBE594_ws/install/moveit_resources_panda_moveit_config:/home/tamar/RBE594_ws/install/moveit_resources_panda_description:/home/tamar/RBE594_ws/install/moveit_resources_fanuc_moveit_config:/home/tamar/RBE594_ws/install/moveit_resources_fanuc_description:/home/tamar/RBE594_ws/install/sirgas_description:/opt/ros/humble LD_LIBRARY_PATH=/home/tamar/RBE594_ws/install/ur_robot_driver/lib:/home/tamar/RBE594_ws/install/ur_controllers/lib:/home/tamar/RBE594_ws/install/ur_msgs/lib:/home/tamar/RBE594_ws/install/ur_dashboard_msgs/lib:/home/tamar/RBE594_ws/install/ur_client_library/lib:/usr/lib/x86_64-linux-gnu/gazebo-11/plugins:/opt/ros/humble/opt/rviz_ogre_vendor/lib:/opt/ros/humble/lib/x86_64-linux-gnu:/opt/ros/humble/lib:/usr/share/gazebo/../../lib/x86_64-linux-gnu/gazebo-11/plugins:/usr/share/gazebo/../../lib/x86_64-linux-gnu/gazebo-11/plugins:/usr/share/gazebo/../../lib/x86_64-linux-gnu/gazebo-11/plugins PATH=/home/tamar/RBE594_ws/install/ur_robot_driver/bin:${PATH} PKG_CONFIG_PATH=/home/tamar/RBE594_ws/install/ur_client_library/lib/x86_64-linux-gnu/pkgconfig:/home/tamar/RBE594_ws/install/ur_client_library/lib/pkgconfig PYTHONPATH=/home/tamar/RBE594_ws/install/ur_robot_driver/local/lib/python3.10/dist-packages:/home/tamar/RBE594_ws/install/ur_msgs/local/lib/python3.10/dist-packages:/home/tamar/RBE594_ws/install/ur_dashboard_msgs/local/lib/python3.10/dist-packages:${PYTHONPATH} /home/tamar/.local/bin/cmake /home/tamar/RBE594_ws/src/Universal_Robots_ROS2_Driver/ur_calibration -DAMENT_CMAKE_SYMLINK_INSTALL=1 -DCMAKE_INSTALL_PREFIX=/home/tamar/RBE594_ws/install/ur_calibration
[1.167s] Invoking command in '/home/tamar/RBE594_ws/build/ur_calibration': AMENT_PREFIX_PATH=/home/tamar/RBE594_ws/install/ur_robot_driver:/home/tamar/RBE594_ws/install/ur_controllers:/home/tamar/RBE594_ws/install/ur_msgs:/home/tamar/RBE594_ws/install/ur_dashboard_msgs:${AMENT_PREFIX_PATH} CMAKE_PREFIX_PATH=/home/tamar/RBE594_ws/install/ur_robot_driver:/home/tamar/RBE594_ws/install/ur_controllers:/home/tamar/RBE594_ws/install/ur_msgs:/home/tamar/RBE594_ws/install/ur_description:/home/tamar/RBE594_ws/install/ur_dashboard_msgs:/home/tamar/RBE594_ws/install/ur_client_library:/home/tamar/RBE594_ws/install/moveit_resources:/home/tamar/RBE594_ws/install/moveit_resources_pr2_description:/home/tamar/RBE594_ws/install/moveit_resources_panda_moveit_config:/home/tamar/RBE594_ws/install/moveit_resources_panda_description:/home/tamar/RBE594_ws/install/moveit_resources_fanuc_moveit_config:/home/tamar/RBE594_ws/install/moveit_resources_fanuc_description:/home/tamar/RBE594_ws/install/sirgas_description:/opt/ros/humble LD_LIBRARY_PATH=/home/tamar/RBE594_ws/install/ur_robot_driver/lib:/home/tamar/RBE594_ws/install/ur_controllers/lib:/home/tamar/RBE594_ws/install/ur_msgs/lib:/home/tamar/RBE594_ws/install/ur_dashboard_msgs/lib:/home/tamar/RBE594_ws/install/ur_client_library/lib:/usr/lib/x86_64-linux-gnu/gazebo-11/plugins:/opt/ros/humble/opt/rviz_ogre_vendor/lib:/opt/ros/humble/lib/x86_64-linux-gnu:/opt/ros/humble/lib:/usr/share/gazebo/../../lib/x86_64-linux-gnu/gazebo-11/plugins:/usr/share/gazebo/../../lib/x86_64-linux-gnu/gazebo-11/plugins:/usr/share/gazebo/../../lib/x86_64-linux-gnu/gazebo-11/plugins PATH=/home/tamar/RBE594_ws/install/ur_robot_driver/bin:${PATH} PKG_CONFIG_PATH=/home/tamar/RBE594_ws/install/ur_client_library/lib/x86_64-linux-gnu/pkgconfig:/home/tamar/RBE594_ws/install/ur_client_library/lib/pkgconfig PYTHONPATH=/home/tamar/RBE594_ws/install/ur_robot_driver/local/lib/python3.10/dist-packages:/home/tamar/RBE594_ws/install/ur_msgs/local/lib/python3.10/dist-packages:/home/tamar/RBE594_ws/install/ur_dashboard_msgs/local/lib/python3.10/dist-packages:${PYTHONPATH} /home/tamar/.local/bin/cmake --build /home/tamar/RBE594_ws/build/ur_calibration -- -j32 -l32
[1.235s] [ 16%] [32mBuilding CXX object CMakeFiles/calibration.dir/src/calibration.cpp.o[0m
[1.236s] [ 16%] [32mBuilding CXX object gmock/CMakeFiles/gmock_main.dir/src/gmock_main.cc.o[0m
[1.236s] [ 25%] [32mBuilding CXX object CMakeFiles/calibration.dir/src/calibration_consumer.cpp.o[0m
[1.236s] [ 33%] [32mBuilding CXX object gmock/CMakeFiles/gmock.dir/opt/ros/humble/src/gtest_vendor/src/gtest-all.cc.o[0m
[1.236s] [ 41%] [32mBuilding CXX object gmock/CMakeFiles/gmock.dir/src/gmock-all.cc.o[0m
[1.762s] [ 50%] [1m[32mLinking CXX static library libgmock_main.a[0m
[1.772s] [ 50%] [0mBuilt target gmock_main[0m
[4.967s] [ 58%] [1m[32mLinking CXX static library libcalibration.a[0m
[5.025s] [ 58%] [0mBuilt target calibration[0m
[5.032s] [ 66%] [32mBuilding CXX object CMakeFiles/calibration_correction.dir/src/calibration_correction.cpp.o[0m
[5.291s] [ 75%] [1m[32mLinking CXX static library libgmock.a[0m
[5.360s] [ 75%] [0mBuilt target gmock[0m
[5.367s] [ 83%] [32mBuilding CXX object CMakeFiles/calibration_test.dir/test/calibration_test.cpp.o[0m
[7.778s] [ 91%] [1m[32mLinking CXX executable calibration_correction[0m
[7.942s] [ 91%] [0mBuilt target calibration_correction[0m
[8.836s] [100%] [1m[32mLinking CXX executable calibration_test[0m
[8.991s] [100%] [0mBuilt target calibration_test[0m
[8.994s] Invoked command in '/home/tamar/RBE594_ws/build/ur_calibration' returned '0': AMENT_PREFIX_PATH=/home/tamar/RBE594_ws/install/ur_robot_driver:/home/tamar/RBE594_ws/install/ur_controllers:/home/tamar/RBE594_ws/install/ur_msgs:/home/tamar/RBE594_ws/install/ur_dashboard_msgs:${AMENT_PREFIX_PATH} CMAKE_PREFIX_PATH=/home/tamar/RBE594_ws/install/ur_robot_driver:/home/tamar/RBE594_ws/install/ur_controllers:/home/tamar/RBE594_ws/install/ur_msgs:/home/tamar/RBE594_ws/install/ur_description:/home/tamar/RBE594_ws/install/ur_dashboard_msgs:/home/tamar/RBE594_ws/install/ur_client_library:/home/tamar/RBE594_ws/install/moveit_resources:/home/tamar/RBE594_ws/install/moveit_resources_pr2_description:/home/tamar/RBE594_ws/install/moveit_resources_panda_moveit_config:/home/tamar/RBE594_ws/install/moveit_resources_panda_description:/home/tamar/RBE594_ws/install/moveit_resources_fanuc_moveit_config:/home/tamar/RBE594_ws/install/moveit_resources_fanuc_description:/home/tamar/RBE594_ws/install/sirgas_description:/opt/ros/humble LD_LIBRARY_PATH=/home/tamar/RBE594_ws/install/ur_robot_driver/lib:/home/tamar/RBE594_ws/install/ur_controllers/lib:/home/tamar/RBE594_ws/install/ur_msgs/lib:/home/tamar/RBE594_ws/install/ur_dashboard_msgs/lib:/home/tamar/RBE594_ws/install/ur_client_library/lib:/usr/lib/x86_64-linux-gnu/gazebo-11/plugins:/opt/ros/humble/opt/rviz_ogre_vendor/lib:/opt/ros/humble/lib/x86_64-linux-gnu:/opt/ros/humble/lib:/usr/share/gazebo/../../lib/x86_64-linux-gnu/gazebo-11/plugins:/usr/share/gazebo/../../lib/x86_64-linux-gnu/gazebo-11/plugins:/usr/share/gazebo/../../lib/x86_64-linux-gnu/gazebo-11/plugins PATH=/home/tamar/RBE594_ws/install/ur_robot_driver/bin:${PATH} PKG_CONFIG_PATH=/home/tamar/RBE594_ws/install/ur_client_library/lib/x86_64-linux-gnu/pkgconfig:/home/tamar/RBE594_ws/install/ur_client_library/lib/pkgconfig PYTHONPATH=/home/tamar/RBE594_ws/install/ur_robot_driver/local/lib/python3.10/dist-packages:/home/tamar/RBE594_ws/install/ur_msgs/local/lib/python3.10/dist-packages:/home/tamar/RBE594_ws/install/ur_dashboard_msgs/local/lib/python3.10/dist-packages:${PYTHONPATH} /home/tamar/.local/bin/cmake --build /home/tamar/RBE594_ws/build/ur_calibration -- -j32 -l32
[8.995s] Invoking command in '/home/tamar/RBE594_ws/build/ur_calibration': AMENT_PREFIX_PATH=/home/tamar/RBE594_ws/install/ur_robot_driver:/home/tamar/RBE594_ws/install/ur_controllers:/home/tamar/RBE594_ws/install/ur_msgs:/home/tamar/RBE594_ws/install/ur_dashboard_msgs:${AMENT_PREFIX_PATH} CMAKE_PREFIX_PATH=/home/tamar/RBE594_ws/install/ur_robot_driver:/home/tamar/RBE594_ws/install/ur_controllers:/home/tamar/RBE594_ws/install/ur_msgs:/home/tamar/RBE594_ws/install/ur_description:/home/tamar/RBE594_ws/install/ur_dashboard_msgs:/home/tamar/RBE594_ws/install/ur_client_library:/home/tamar/RBE594_ws/install/moveit_resources:/home/tamar/RBE594_ws/install/moveit_resources_pr2_description:/home/tamar/RBE594_ws/install/moveit_resources_panda_moveit_config:/home/tamar/RBE594_ws/install/moveit_resources_panda_description:/home/tamar/RBE594_ws/install/moveit_resources_fanuc_moveit_config:/home/tamar/RBE594_ws/install/moveit_resources_fanuc_description:/home/tamar/RBE594_ws/install/sirgas_description:/opt/ros/humble LD_LIBRARY_PATH=/home/tamar/RBE594_ws/install/ur_robot_driver/lib:/home/tamar/RBE594_ws/install/ur_controllers/lib:/home/tamar/RBE594_ws/install/ur_msgs/lib:/home/tamar/RBE594_ws/install/ur_dashboard_msgs/lib:/home/tamar/RBE594_ws/install/ur_client_library/lib:/usr/lib/x86_64-linux-gnu/gazebo-11/plugins:/opt/ros/humble/opt/rviz_ogre_vendor/lib:/opt/ros/humble/lib/x86_64-linux-gnu:/opt/ros/humble/lib:/usr/share/gazebo/../../lib/x86_64-linux-gnu/gazebo-11/plugins:/usr/share/gazebo/../../lib/x86_64-linux-gnu/gazebo-11/plugins:/usr/share/gazebo/../../lib/x86_64-linux-gnu/gazebo-11/plugins PATH=/home/tamar/RBE594_ws/install/ur_robot_driver/bin:${PATH} PKG_CONFIG_PATH=/home/tamar/RBE594_ws/install/ur_client_library/lib/x86_64-linux-gnu/pkgconfig:/home/tamar/RBE594_ws/install/ur_client_library/lib/pkgconfig PYTHONPATH=/home/tamar/RBE594_ws/install/ur_robot_driver/local/lib/python3.10/dist-packages:/home/tamar/RBE594_ws/install/ur_msgs/local/lib/python3.10/dist-packages:/home/tamar/RBE594_ws/install/ur_dashboard_msgs/local/lib/python3.10/dist-packages:${PYTHONPATH} /home/tamar/.local/bin/cmake --install /home/tamar/RBE594_ws/build/ur_calibration
[9.030s] -- Install configuration: "RelWithDebInfo"
[9.030s] -- Execute custom install script
[9.030s] -- Symlinking: /home/tamar/RBE594_ws/install/ur_calibration/lib/ur_calibration/calibration_correction
[9.032s] -- Symlinking: /home/tamar/RBE594_ws/install/ur_calibration/include/ur_calibration/calibration.hpp
[9.034s] -- Symlinking: /home/tamar/RBE594_ws/install/ur_calibration/include/ur_calibration/calibration_consumer.hpp
[9.036s] -- Symlinking: /home/tamar/RBE594_ws/install/ur_calibration/share/ur_calibration/launch/calibration_correction.launch.py
[9.038s] -- Symlinking: /home/tamar/RBE594_ws/install/ur_calibration/share/ament_index/resource_index/package_run_dependencies/ur_calibration
[9.040s] -- Symlinking: /home/tamar/RBE594_ws/install/ur_calibration/share/ament_index/resource_index/parent_prefix_path/ur_calibration
[9.042s] -- Symlinking: /home/tamar/RBE594_ws/install/ur_calibration/share/ur_calibration/environment/ament_prefix_path.sh
[9.044s] -- Symlinking: /home/tamar/RBE594_ws/install/ur_calibration/share/ur_calibration/environment/ament_prefix_path.dsv
[9.046s] -- Symlinking: /home/tamar/RBE594_ws/install/ur_calibration/share/ur_calibration/environment/path.sh
[9.049s] -- Symlinking: /home/tamar/RBE594_ws/install/ur_calibration/share/ur_calibration/environment/path.dsv
[9.052s] -- Symlinking: /home/tamar/RBE594_ws/install/ur_calibration/share/ur_calibration/local_setup.bash
[9.056s] -- Symlinking: /home/tamar/RBE594_ws/install/ur_calibration/share/ur_calibration/local_setup.sh
[9.062s] -- Symlinking: /home/tamar/RBE594_ws/install/ur_calibration/share/ur_calibration/local_setup.zsh
[9.068s] -- Symlinking: /home/tamar/RBE594_ws/install/ur_calibration/share/ur_calibration/local_setup.dsv
[9.077s] -- Symlinking: /home/tamar/RBE594_ws/install/ur_calibration/share/ur_calibration/package.dsv
[9.083s] -- Symlinking: /home/tamar/RBE594_ws/install/ur_calibration/share/ament_index/resource_index/packages/ur_calibration
[9.091s] -- Symlinking: /home/tamar/RBE594_ws/install/ur_calibration/share/ur_calibration/cmake/ament_cmake_export_include_directories-extras.cmake
[9.097s] -- Symlinking: /home/tamar/RBE594_ws/install/ur_calibration/share/ur_calibration/cmake/ament_cmake_export_dependencies-extras.cmake
[9.104s] -- Symlinking: /home/tamar/RBE594_ws/install/ur_calibration/share/ur_calibration/cmake/ur_calibrationConfig.cmake
[9.112s] -- Symlinking: /home/tamar/RBE594_ws/install/ur_calibration/share/ur_calibration/cmake/ur_calibrationConfig-version.cmake
[9.120s] -- Symlinking: /home/tamar/RBE594_ws/install/ur_calibration/share/ur_calibration/package.xml
[9.133s] Invoked command in '/home/tamar/RBE594_ws/build/ur_calibration' returned '0': AMENT_PREFIX_PATH=/home/tamar/RBE594_ws/install/ur_robot_driver:/home/tamar/RBE594_ws/install/ur_controllers:/home/tamar/RBE594_ws/install/ur_msgs:/home/tamar/RBE594_ws/install/ur_dashboard_msgs:${AMENT_PREFIX_PATH} CMAKE_PREFIX_PATH=/home/tamar/RBE594_ws/install/ur_robot_driver:/home/tamar/RBE594_ws/install/ur_controllers:/home/tamar/RBE594_ws/install/ur_msgs:/home/tamar/RBE594_ws/install/ur_description:/home/tamar/RBE594_ws/install/ur_dashboard_msgs:/home/tamar/RBE594_ws/install/ur_client_library:/home/tamar/RBE594_ws/install/moveit_resources:/home/tamar/RBE594_ws/install/moveit_resources_pr2_description:/home/tamar/RBE594_ws/install/moveit_resources_panda_moveit_config:/home/tamar/RBE594_ws/install/moveit_resources_panda_description:/home/tamar/RBE594_ws/install/moveit_resources_fanuc_moveit_config:/home/tamar/RBE594_ws/install/moveit_resources_fanuc_description:/home/tamar/RBE594_ws/install/sirgas_description:/opt/ros/humble LD_LIBRARY_PATH=/home/tamar/RBE594_ws/install/ur_robot_driver/lib:/home/tamar/RBE594_ws/install/ur_controllers/lib:/home/tamar/RBE594_ws/install/ur_msgs/lib:/home/tamar/RBE594_ws/install/ur_dashboard_msgs/lib:/home/tamar/RBE594_ws/install/ur_client_library/lib:/usr/lib/x86_64-linux-gnu/gazebo-11/plugins:/opt/ros/humble/opt/rviz_ogre_vendor/lib:/opt/ros/humble/lib/x86_64-linux-gnu:/opt/ros/humble/lib:/usr/share/gazebo/../../lib/x86_64-linux-gnu/gazebo-11/plugins:/usr/share/gazebo/../../lib/x86_64-linux-gnu/gazebo-11/plugins:/usr/share/gazebo/../../lib/x86_64-linux-gnu/gazebo-11/plugins PATH=/home/tamar/RBE594_ws/install/ur_robot_driver/bin:${PATH} PKG_CONFIG_PATH=/home/tamar/RBE594_ws/install/ur_client_library/lib/x86_64-linux-gnu/pkgconfig:/home/tamar/RBE594_ws/install/ur_client_library/lib/pkgconfig PYTHONPATH=/home/tamar/RBE594_ws/install/ur_robot_driver/local/lib/python3.10/dist-packages:/home/tamar/RBE594_ws/install/ur_msgs/local/lib/python3.10/dist-packages:/home/tamar/RBE594_ws/install/ur_dashboard_msgs/local/lib/python3.10/dist-packages:${PYTHONPATH} /home/tamar/.local/bin/cmake --install /home/tamar/RBE594_ws/build/ur_calibration
