[0.011s] Invoking command in '/home/tamar/RBE594_ws/build/ur_robot_driver': CMAKE_PREFIX_PATH=/home/tamar/RBE594_ws/install/ur_controllers:/home/tamar/RBE594_ws/install/ur_msgs:/home/tamar/RBE594_ws/install/ur_description:/home/tamar/RBE594_ws/install/ur_dashboard_msgs:/home/tamar/RBE594_ws/install/ur_client_library:/home/tamar/RBE594_ws/install/ur:/home/tamar/RBE594_ws/install/ur_calibration:/home/tamar/RBE594_ws/install/ur_robot_driver:/home/tamar/RBE594_ws/install/ur_bringup:/home/tamar/RBE594_ws/install/ur_moveit_config:/home/tamar/RBE594_ws/install/sirgas_description:/home/tamar/RBE594_ws/install/moveit_resources:/home/tamar/RBE594_ws/install/moveit_resources_pr2_description:/home/tamar/RBE594_ws/install/moveit_resources_panda_moveit_config:/home/tamar/RBE594_ws/install/moveit_resources_panda_description:/home/tamar/RBE594_ws/install/moveit_resources_fanuc_moveit_config:/home/tamar/RBE594_ws/install/moveit_resources_fanuc_description:/opt/ros/humble LD_LIBRARY_PATH=/home/tamar/RBE594_ws/install/ur_controllers/lib:/home/tamar/RBE594_ws/install/ur_msgs/lib:/home/tamar/RBE594_ws/install/ur_dashboard_msgs/lib:/home/tamar/RBE594_ws/install/ur_client_library/lib:/home/tamar/RBE594_ws/install/ur_robot_driver/lib:/usr/lib/x86_64-linux-gnu/gazebo-11/plugins:/opt/ros/humble/opt/rviz_ogre_vendor/lib:/opt/ros/humble/lib/x86_64-linux-gnu:/opt/ros/humble/lib:/usr/share/gazebo/../../lib/x86_64-linux-gnu/gazebo-11/plugins /home/tamar/.local/bin/cmake /home/tamar/RBE594_ws/src/Universal_Robots_ROS2_Driver/ur_robot_driver -DAMENT_CMAKE_SYMLINK_INSTALL=1 -DCMAKE_INSTALL_PREFIX=/home/tamar/RBE594_ws/install/ur_robot_driver
[0.052s] [0mCMake Deprecation Warning at CMakeLists.txt:1 (cmake_minimum_required):
[0.052s]   Compatibility with CMake < 3.10 will be removed from a future version of
[0.052s]   CMake.
[0.052s] 
[0.052s]   Update the VERSION argument <min> value.  Or, use the <min>...<max> syntax
[0.052s]   to tell CMake that the project requires at least <min> but has been updated
[0.052s]   to work with policies introduced by <max> or earlier.
[0.052s] 
[0.052s] [0m
[0.084s] -- The C compiler identification is GNU 11.4.0
[0.129s] -- The CXX compiler identification is GNU 11.4.0
[0.133s] -- Detecting C compiler ABI info
[0.172s] -- Detecting C compiler ABI info - done
[0.182s] -- Check for working C compiler: /usr/bin/cc - skipped
[0.182s] -- Detecting C compile features
[0.182s] -- Detecting C compile features - done
[0.191s] -- Detecting CXX compiler ABI info
[0.244s] -- Detecting CXX compiler ABI info - done
[0.259s] -- Check for working CXX compiler: /usr/bin/c++ - skipped
[0.259s] -- Detecting CXX compile features
[0.260s] -- Detecting CXX compile features - done
[0.270s] [0mur_robot_driver: You did not request a specific build type: selecting 'RelWithDebInfo'.[0m
[0.274s] -- Found ament_cmake: 1.3.11 (/opt/ros/humble/share/ament_cmake/cmake)
[0.366s] -- Found Python3: /usr/bin/python3 (found version "3.10.12") found components: Interpreter
[0.401s] -- Override CMake install command with custom implementation using symlinks instead of copying resources
[0.426s] -- Found controller_manager: 2.49.0 (/opt/ros/humble/share/controller_manager/cmake)
[0.461s] -- Found rosidl_generator_c: 3.1.6 (/opt/ros/humble/share/rosidl_generator_c/cmake)
[0.463s] -- Found rosidl_adapter: 3.1.6 (/opt/ros/humble/share/rosidl_adapter/cmake)
[0.469s] -- Found rosidl_generator_cpp: 3.1.6 (/opt/ros/humble/share/rosidl_generator_cpp/cmake)
[0.477s] -- Using all available rosidl_typesupport_c: rosidl_typesupport_fastrtps_c;rosidl_typesupport_introspection_c
[0.489s] -- Using all available rosidl_typesupport_cpp: rosidl_typesupport_fastrtps_cpp;rosidl_typesupport_introspection_cpp
[0.632s] -- Found rmw_implementation_cmake: 6.1.2 (/opt/ros/humble/share/rmw_implementation_cmake/cmake)
[0.634s] -- Found rmw_cyclonedds_cpp: 1.3.4 (/opt/ros/humble/share/rmw_cyclonedds_cpp/cmake)
[0.651s] -- Using RMW implementation 'rmw_cyclonedds_cpp' as default
[0.657s] -- Performing Test CMAKE_HAVE_LIBC_PTHREAD
[0.713s] -- Performing Test CMAKE_HAVE_LIBC_PTHREAD - Success
[0.714s] -- Found Threads: TRUE
[0.783s] -- Found rclpy: 3.3.16 (/opt/ros/humble/share/rclpy/cmake)
[0.785s] -- Found std_srvs: 4.8.0 (/opt/ros/humble/share/std_srvs/cmake)
[0.791s] -- Found tf2_geometry_msgs: 0.25.12 (/opt/ros/humble/share/tf2_geometry_msgs/cmake)
[0.801s] -- Found eigen3_cmake_module: 0.1.1 (/opt/ros/humble/share/eigen3_cmake_module/cmake)
[0.802s] -- Found Eigen3: TRUE (found version "3.4.0")
[0.802s] -- Ensuring Eigen3 include directory is part of orocos-kdl CMake target
[0.843s] -- Found ur_dashboard_msgs: 2.8.1 (/home/tamar/RBE594_ws/install/ur_dashboard_msgs/share/ur_dashboard_msgs/cmake)
[0.854s] -- Found ur_msgs: 2.2.0 (/home/tamar/RBE594_ws/install/ur_msgs/share/ur_msgs/cmake)
[1.010s] -- Found ur_controllers: 2.8.1 (/home/tamar/RBE594_ws/install/ur_controllers/share/ur_controllers/cmake)
[1.080s] -- Found ur_description: 2.6.0 (/home/tamar/RBE594_ws/install/ur_description/share/ur_description/cmake)
[1.082s] -- Found launch_testing_ament_cmake: 1.0.8 (/opt/ros/humble/share/launch_testing_ament_cmake/cmake)
[1.083s] -- Found python_cmake_module: 0.10.0 (/opt/ros/humble/share/python_cmake_module/cmake)
[1.084s] [33mCMake Warning (dev) at /opt/ros/humble/share/python_cmake_module/cmake/Modules/FindPythonExtra.cmake:52 (find_package):
[1.084s]   Policy CMP0148 is not set: The FindPythonInterp and FindPythonLibs modules
[1.084s]   are removed.  Run "cmake --help-policy CMP0148" for policy details.  Use
[1.084s]   the cmake_policy command to set the policy and suppress this warning.
[1.084s] 
[1.084s] Call Stack (most recent call first):
[1.084s]   /opt/ros/humble/share/launch_testing_ament_cmake/cmake/launch_testing_ament_cmake-extras.cmake:18 (find_package)
[1.084s]   /opt/ros/humble/share/launch_testing_ament_cmake/cmake/launch_testing_ament_cmakeConfig.cmake:41 (include)
[1.084s]   CMakeLists.txt:201 (find_package)
[1.084s] This warning is for project developers.  Use -Wno-dev to suppress it.
[1.084s] [0m
[1.094s] -- Found PythonInterp: /usr/bin/python3 (found suitable version "3.10.12", minimum required is "3.6")
[1.094s] [33mCMake Warning (dev) at /opt/ros/humble/share/python_cmake_module/cmake/Modules/FindPythonExtra.cmake:140 (find_package):
[1.094s]   Policy CMP0148 is not set: The FindPythonInterp and FindPythonLibs modules
[1.094s]   are removed.  Run "cmake --help-policy CMP0148" for policy details.  Use
[1.094s]   the cmake_policy command to set the policy and suppress this warning.
[1.094s] 
[1.094s] Call Stack (most recent call first):
[1.094s]   /opt/ros/humble/share/launch_testing_ament_cmake/cmake/launch_testing_ament_cmake-extras.cmake:18 (find_package)
[1.094s]   /opt/ros/humble/share/launch_testing_ament_cmake/cmake/launch_testing_ament_cmakeConfig.cmake:41 (include)
[1.094s]   CMakeLists.txt:201 (find_package)
[1.094s] This warning is for project developers.  Use -Wno-dev to suppress it.
[1.094s] [0m
[1.099s] -- Found PythonLibs: /usr/lib/x86_64-linux-gnu/libpython3.10.so (found suitable version "3.10.12", minimum required is "3.5")
[1.099s] -- Using PYTHON_EXECUTABLE: /usr/bin/python3
[1.099s] -- Using PYTHON_INCLUDE_DIRS: /usr/include/python3.10
[1.099s] -- Using PYTHON_LIBRARIES: /usr/lib/x86_64-linux-gnu/libpython3.10.so
[1.114s] -- Found PythonExtra: .so
[1.114s] -- Configuring done (1.1s)
[1.180s] -- Generating done (0.1s)
[1.186s] -- Build files have been written to: /home/tamar/RBE594_ws/build/ur_robot_driver
[1.191s] Invoked command in '/home/tamar/RBE594_ws/build/ur_robot_driver' returned '0': CMAKE_PREFIX_PATH=/home/tamar/RBE594_ws/install/ur_controllers:/home/tamar/RBE594_ws/install/ur_msgs:/home/tamar/RBE594_ws/install/ur_description:/home/tamar/RBE594_ws/install/ur_dashboard_msgs:/home/tamar/RBE594_ws/install/ur_client_library:/home/tamar/RBE594_ws/install/ur:/home/tamar/RBE594_ws/install/ur_calibration:/home/tamar/RBE594_ws/install/ur_robot_driver:/home/tamar/RBE594_ws/install/ur_bringup:/home/tamar/RBE594_ws/install/ur_moveit_config:/home/tamar/RBE594_ws/install/sirgas_description:/home/tamar/RBE594_ws/install/moveit_resources:/home/tamar/RBE594_ws/install/moveit_resources_pr2_description:/home/tamar/RBE594_ws/install/moveit_resources_panda_moveit_config:/home/tamar/RBE594_ws/install/moveit_resources_panda_description:/home/tamar/RBE594_ws/install/moveit_resources_fanuc_moveit_config:/home/tamar/RBE594_ws/install/moveit_resources_fanuc_description:/opt/ros/humble LD_LIBRARY_PATH=/home/tamar/RBE594_ws/install/ur_controllers/lib:/home/tamar/RBE594_ws/install/ur_msgs/lib:/home/tamar/RBE594_ws/install/ur_dashboard_msgs/lib:/home/tamar/RBE594_ws/install/ur_client_library/lib:/home/tamar/RBE594_ws/install/ur_robot_driver/lib:/usr/lib/x86_64-linux-gnu/gazebo-11/plugins:/opt/ros/humble/opt/rviz_ogre_vendor/lib:/opt/ros/humble/lib/x86_64-linux-gnu:/opt/ros/humble/lib:/usr/share/gazebo/../../lib/x86_64-linux-gnu/gazebo-11/plugins /home/tamar/.local/bin/cmake /home/tamar/RBE594_ws/src/Universal_Robots_ROS2_Driver/ur_robot_driver -DAMENT_CMAKE_SYMLINK_INSTALL=1 -DCMAKE_INSTALL_PREFIX=/home/tamar/RBE594_ws/install/ur_robot_driver
[1.192s] Invoking command in '/home/tamar/RBE594_ws/build/ur_robot_driver': CMAKE_PREFIX_PATH=/home/tamar/RBE594_ws/install/ur_controllers:/home/tamar/RBE594_ws/install/ur_msgs:/home/tamar/RBE594_ws/install/ur_description:/home/tamar/RBE594_ws/install/ur_dashboard_msgs:/home/tamar/RBE594_ws/install/ur_client_library:/home/tamar/RBE594_ws/install/ur:/home/tamar/RBE594_ws/install/ur_calibration:/home/tamar/RBE594_ws/install/ur_robot_driver:/home/tamar/RBE594_ws/install/ur_bringup:/home/tamar/RBE594_ws/install/ur_moveit_config:/home/tamar/RBE594_ws/install/sirgas_description:/home/tamar/RBE594_ws/install/moveit_resources:/home/tamar/RBE594_ws/install/moveit_resources_pr2_description:/home/tamar/RBE594_ws/install/moveit_resources_panda_moveit_config:/home/tamar/RBE594_ws/install/moveit_resources_panda_description:/home/tamar/RBE594_ws/install/moveit_resources_fanuc_moveit_config:/home/tamar/RBE594_ws/install/moveit_resources_fanuc_description:/opt/ros/humble LD_LIBRARY_PATH=/home/tamar/RBE594_ws/install/ur_controllers/lib:/home/tamar/RBE594_ws/install/ur_msgs/lib:/home/tamar/RBE594_ws/install/ur_dashboard_msgs/lib:/home/tamar/RBE594_ws/install/ur_client_library/lib:/home/tamar/RBE594_ws/install/ur_robot_driver/lib:/usr/lib/x86_64-linux-gnu/gazebo-11/plugins:/opt/ros/humble/opt/rviz_ogre_vendor/lib:/opt/ros/humble/lib/x86_64-linux-gnu:/opt/ros/humble/lib:/usr/share/gazebo/../../lib/x86_64-linux-gnu/gazebo-11/plugins /home/tamar/.local/bin/cmake --build /home/tamar/RBE594_ws/build/ur_robot_driver -- -j32 -l32
[1.259s] [ 10%] [32mBuilding CXX object CMakeFiles/dashboard_client.dir/src/dashboard_client_ros.cpp.o[0m
[1.259s] [ 15%] [32mBuilding CXX object CMakeFiles/ur_robot_driver_plugin.dir/src/urcl_log_handler.cpp.o[0m
[1.259s] [ 15%] [32mBuilding CXX object CMakeFiles/ur_robot_driver_plugin.dir/src/hardware_interface.cpp.o[0m
[1.259s] [ 20%] [32mBuilding CXX object CMakeFiles/dashboard_client.dir/src/dashboard_client_node.cpp.o[0m
[1.260s] [ 30%] [32mBuilding CXX object CMakeFiles/dashboard_client.dir/src/urcl_log_handler.cpp.o[0m
[1.260s] [ 30%] [32mBuilding CXX object CMakeFiles/ur_robot_driver_plugin.dir/src/robot_state_helper.cpp.o[0m
[1.261s] [ 40%] [32mBuilding CXX object CMakeFiles/ur_robot_driver_plugin.dir/src/dashboard_client_ros.cpp.o[0m
[1.261s] [ 40%] [32mBuilding CXX object CMakeFiles/ur_ros2_control_node.dir/src/ur_ros2_control_node.cpp.o[0m
[1.261s] [ 45%] [32mBuilding CXX object CMakeFiles/controller_stopper_node.dir/src/controller_stopper_node.cpp.o[0m
[1.263s] [ 50%] [32mBuilding CXX object CMakeFiles/robot_state_helper.dir/src/robot_state_helper.cpp.o[0m
[1.263s] [ 55%] [32mBuilding CXX object CMakeFiles/urscript_interface.dir/src/urscript_interface.cpp.o[0m
[1.263s] [ 60%] [32mBuilding CXX object CMakeFiles/controller_stopper_node.dir/src/controller_stopper.cpp.o[0m
[1.263s] [ 65%] [32mBuilding CXX object CMakeFiles/robot_state_helper.dir/src/robot_state_helper_node.cpp.o[0m
[1.263s] [ 70%] [32mBuilding CXX object CMakeFiles/robot_state_helper.dir/src/urcl_log_handler.cpp.o[0m
[1.264s] [ 70%] [0mBuilt target ament_cmake_python_symlink_ur_robot_driver[0m
[1.511s] running egg_info
[1.512s] creating ur_robot_driver.egg-info
[1.512s] writing ur_robot_driver.egg-info/PKG-INFO
[1.512s] writing dependency_links to ur_robot_driver.egg-info/dependency_links.txt
[1.512s] writing top-level names to ur_robot_driver.egg-info/top_level.txt
[1.512s] writing manifest file 'ur_robot_driver.egg-info/SOURCES.txt'
[1.513s] reading manifest file 'ur_robot_driver.egg-info/SOURCES.txt'
[1.514s] writing manifest file 'ur_robot_driver.egg-info/SOURCES.txt'
[1.530s] [ 70%] [0mBuilt target ament_cmake_python_build_ur_robot_driver_egg[0m
[3.996s] [ 75%] [1m[32mLinking CXX executable ur_ros2_control_node[0m
[4.086s] [ 75%] [0mBuilt target ur_ros2_control_node[0m
[8.624s] [ 80%] [1m[32mLinking CXX executable urscript_interface[0m
[8.776s] [ 80%] [0mBuilt target urscript_interface[0m
[10.096s] [ 85%] [1m[32mLinking CXX executable controller_stopper_node[0m
[10.261s] [ 85%] [0mBuilt target controller_stopper_node[0m
[11.646s] [ 90%] [1m[32mLinking CXX executable dashboard_client[0m
[11.834s] [ 90%] [0mBuilt target dashboard_client[0m
[14.514s] [ 95%] [1m[32mLinking CXX shared library libur_robot_driver_plugin.so[0m
[14.565s] [100%] [1m[32mLinking CXX executable robot_state_helper[0m
[14.812s] [100%] [0mBuilt target robot_state_helper[0m
[14.876s] [100%] [0mBuilt target ur_robot_driver_plugin[0m
[14.880s] Invoked command in '/home/tamar/RBE594_ws/build/ur_robot_driver' returned '0': CMAKE_PREFIX_PATH=/home/tamar/RBE594_ws/install/ur_controllers:/home/tamar/RBE594_ws/install/ur_msgs:/home/tamar/RBE594_ws/install/ur_description:/home/tamar/RBE594_ws/install/ur_dashboard_msgs:/home/tamar/RBE594_ws/install/ur_client_library:/home/tamar/RBE594_ws/install/ur:/home/tamar/RBE594_ws/install/ur_calibration:/home/tamar/RBE594_ws/install/ur_robot_driver:/home/tamar/RBE594_ws/install/ur_bringup:/home/tamar/RBE594_ws/install/ur_moveit_config:/home/tamar/RBE594_ws/install/sirgas_description:/home/tamar/RBE594_ws/install/moveit_resources:/home/tamar/RBE594_ws/install/moveit_resources_pr2_description:/home/tamar/RBE594_ws/install/moveit_resources_panda_moveit_config:/home/tamar/RBE594_ws/install/moveit_resources_panda_description:/home/tamar/RBE594_ws/install/moveit_resources_fanuc_moveit_config:/home/tamar/RBE594_ws/install/moveit_resources_fanuc_description:/opt/ros/humble LD_LIBRARY_PATH=/home/tamar/RBE594_ws/install/ur_controllers/lib:/home/tamar/RBE594_ws/install/ur_msgs/lib:/home/tamar/RBE594_ws/install/ur_dashboard_msgs/lib:/home/tamar/RBE594_ws/install/ur_client_library/lib:/home/tamar/RBE594_ws/install/ur_robot_driver/lib:/usr/lib/x86_64-linux-gnu/gazebo-11/plugins:/opt/ros/humble/opt/rviz_ogre_vendor/lib:/opt/ros/humble/lib/x86_64-linux-gnu:/opt/ros/humble/lib:/usr/share/gazebo/../../lib/x86_64-linux-gnu/gazebo-11/plugins /home/tamar/.local/bin/cmake --build /home/tamar/RBE594_ws/build/ur_robot_driver -- -j32 -l32
[14.881s] Invoking command in '/home/tamar/RBE594_ws/build/ur_robot_driver': CMAKE_PREFIX_PATH=/home/tamar/RBE594_ws/install/ur_controllers:/home/tamar/RBE594_ws/install/ur_msgs:/home/tamar/RBE594_ws/install/ur_description:/home/tamar/RBE594_ws/install/ur_dashboard_msgs:/home/tamar/RBE594_ws/install/ur_client_library:/home/tamar/RBE594_ws/install/ur:/home/tamar/RBE594_ws/install/ur_calibration:/home/tamar/RBE594_ws/install/ur_robot_driver:/home/tamar/RBE594_ws/install/ur_bringup:/home/tamar/RBE594_ws/install/ur_moveit_config:/home/tamar/RBE594_ws/install/sirgas_description:/home/tamar/RBE594_ws/install/moveit_resources:/home/tamar/RBE594_ws/install/moveit_resources_pr2_description:/home/tamar/RBE594_ws/install/moveit_resources_panda_moveit_config:/home/tamar/RBE594_ws/install/moveit_resources_panda_description:/home/tamar/RBE594_ws/install/moveit_resources_fanuc_moveit_config:/home/tamar/RBE594_ws/install/moveit_resources_fanuc_description:/opt/ros/humble LD_LIBRARY_PATH=/home/tamar/RBE594_ws/install/ur_controllers/lib:/home/tamar/RBE594_ws/install/ur_msgs/lib:/home/tamar/RBE594_ws/install/ur_dashboard_msgs/lib:/home/tamar/RBE594_ws/install/ur_client_library/lib:/home/tamar/RBE594_ws/install/ur_robot_driver/lib:/usr/lib/x86_64-linux-gnu/gazebo-11/plugins:/opt/ros/humble/opt/rviz_ogre_vendor/lib:/opt/ros/humble/lib/x86_64-linux-gnu:/opt/ros/humble/lib:/usr/share/gazebo/../../lib/x86_64-linux-gnu/gazebo-11/plugins /home/tamar/.local/bin/cmake --install /home/tamar/RBE594_ws/build/ur_robot_driver
[14.914s] -- Install configuration: "RelWithDebInfo"
[14.914s] -- Execute custom install script
[14.914s] -- Symlinking: /home/tamar/RBE594_ws/install/ur_robot_driver/share/ur_robot_driver//hardware_interface_plugin.xml
[14.916s] -- Symlinking: /home/tamar/RBE594_ws/install/ur_robot_driver/lib/ur_robot_driver/dashboard_client
[14.918s] -- Symlinking: /home/tamar/RBE594_ws/install/ur_robot_driver/lib/ur_robot_driver/ur_ros2_control_node
[14.919s] -- Symlinking: /home/tamar/RBE594_ws/install/ur_robot_driver/lib/ur_robot_driver/controller_stopper_node
[14.921s] -- Symlinking: /home/tamar/RBE594_ws/install/ur_robot_driver/lib/ur_robot_driver/urscript_interface
[14.923s] -- Symlinking: /home/tamar/RBE594_ws/install/ur_robot_driver/lib/ur_robot_driver/robot_state_helper
[14.925s] -- Symlinking: /home/tamar/RBE594_ws/install/ur_robot_driver/lib/libur_robot_driver_plugin.so
[14.926s] -- Symlinking: /home/tamar/RBE594_ws/install/ur_robot_driver/include/ur_robot_driver/controller_stopper.hpp
[14.929s] -- Symlinking: /home/tamar/RBE594_ws/install/ur_robot_driver/include/ur_robot_driver/dashboard_client_ros.hpp
[14.931s] -- Symlinking: /home/tamar/RBE594_ws/install/ur_robot_driver/include/ur_robot_driver/hardware_interface.hpp
[14.933s] -- Symlinking: /home/tamar/RBE594_ws/install/ur_robot_driver/include/ur_robot_driver/robot_state_helper.hpp
[14.936s] -- Symlinking: /home/tamar/RBE594_ws/install/ur_robot_driver/include/ur_robot_driver/urcl_log_handler.hpp
[14.940s] -- Symlinking: /home/tamar/RBE594_ws/install/ur_robot_driver/share/ur_robot_driver/environment/library_path.sh
[14.944s] -- Symlinking: /home/tamar/RBE594_ws/install/ur_robot_driver/share/ur_robot_driver/environment/library_path.dsv
[14.948s] -- Up-to-date symlink: /home/tamar/RBE594_ws/install/ur_robot_driver/include/ur_robot_driver/controller_stopper.hpp
[14.949s] -- Up-to-date symlink: /home/tamar/RBE594_ws/install/ur_robot_driver/include/ur_robot_driver/dashboard_client_ros.hpp
[14.949s] -- Up-to-date symlink: /home/tamar/RBE594_ws/install/ur_robot_driver/include/ur_robot_driver/hardware_interface.hpp
[14.949s] -- Up-to-date symlink: /home/tamar/RBE594_ws/install/ur_robot_driver/include/ur_robot_driver/robot_state_helper.hpp
[14.949s] -- Up-to-date symlink: /home/tamar/RBE594_ws/install/ur_robot_driver/include/ur_robot_driver/urcl_log_handler.hpp
[14.949s] -- Symlinking: /home/tamar/RBE594_ws/install/ur_robot_driver/share/ur_robot_driver/environment/pythonpath.sh
[14.955s] -- Symlinking: /home/tamar/RBE594_ws/install/ur_robot_driver/share/ur_robot_driver/environment/pythonpath.dsv
[14.964s] -- Symlinking: /home/tamar/RBE594_ws/install/ur_robot_driver/local/lib/python3.10/dist-packages/ur_robot_driver-2.8.1-py3.10.egg-info/PKG-INFO
[14.972s] -- Symlinking: /home/tamar/RBE594_ws/install/ur_robot_driver/local/lib/python3.10/dist-packages/ur_robot_driver-2.8.1-py3.10.egg-info/SOURCES.txt
[14.980s] -- Symlinking: /home/tamar/RBE594_ws/install/ur_robot_driver/local/lib/python3.10/dist-packages/ur_robot_driver-2.8.1-py3.10.egg-info/dependency_links.txt
[14.987s] -- Symlinking: /home/tamar/RBE594_ws/install/ur_robot_driver/local/lib/python3.10/dist-packages/ur_robot_driver-2.8.1-py3.10.egg-info/top_level.txt
[14.995s] -- Symlinking: /home/tamar/RBE594_ws/install/ur_robot_driver/local/lib/python3.10/dist-packages/ur_robot_driver/__init__.py
[15.002s] -- Symlinking: /home/tamar/RBE594_ws/install/ur_robot_driver/lib/ur_robot_driver/tool_communication.py
[15.005s] -- Symlinking: /home/tamar/RBE594_ws/install/ur_robot_driver/lib/ur_robot_driver/example_move.py
[15.010s] -- Symlinking: /home/tamar/RBE594_ws/install/ur_robot_driver/lib/ur_robot_driver/start_ursim.sh
[15.016s] -- Symlinking: /home/tamar/RBE594_ws/install/ur_robot_driver/lib/ur_robot_driver/examples.py
[15.023s] -- Symlinking: /home/tamar/RBE594_ws/install/ur_robot_driver/lib/ur_robot_driver/force_mode.py
[15.031s] -- Symlinking: /home/tamar/RBE594_ws/install/ur_robot_driver/bin/wait_dashboard_server.sh
[15.033s] -- Up-to-date symlink: /home/tamar/RBE594_ws/install/ur_robot_driver/lib/ur_robot_driver/start_ursim.sh
[15.034s] -- Symlinking: /home/tamar/RBE594_ws/install/ur_robot_driver/share/ur_robot_driver/config/test_goal_publishers_config.yaml
[15.040s] -- Symlinking: /home/tamar/RBE594_ws/install/ur_robot_driver/share/ur_robot_driver/config/test_velocity_goal_publishers_config.yaml
[15.047s] -- Symlinking: /home/tamar/RBE594_ws/install/ur_robot_driver/share/ur_robot_driver/config/ur10_update_rate.yaml
[15.054s] -- Symlinking: /home/tamar/RBE594_ws/install/ur_robot_driver/share/ur_robot_driver/config/ur10e_update_rate.yaml
[15.063s] -- Symlinking: /home/tamar/RBE594_ws/install/ur_robot_driver/share/ur_robot_driver/config/ur15_update_rate.yaml
[15.071s] -- Symlinking: /home/tamar/RBE594_ws/install/ur_robot_driver/share/ur_robot_driver/config/ur16e_update_rate.yaml
[15.078s] -- Symlinking: /home/tamar/RBE594_ws/install/ur_robot_driver/share/ur_robot_driver/config/ur20_update_rate.yaml
[15.086s] -- Symlinking: /home/tamar/RBE594_ws/install/ur_robot_driver/share/ur_robot_driver/config/ur30_update_rate.yaml
[15.095s] -- Symlinking: /home/tamar/RBE594_ws/install/ur_robot_driver/share/ur_robot_driver/config/ur3_update_rate.yaml
[15.103s] -- Symlinking: /home/tamar/RBE594_ws/install/ur_robot_driver/share/ur_robot_driver/config/ur3e_update_rate.yaml
[15.110s] -- Symlinking: /home/tamar/RBE594_ws/install/ur_robot_driver/share/ur_robot_driver/config/ur5_update_rate.yaml
[15.117s] -- Symlinking: /home/tamar/RBE594_ws/install/ur_robot_driver/share/ur_robot_driver/config/ur5e_update_rate.yaml
[15.125s] -- Symlinking: /home/tamar/RBE594_ws/install/ur_robot_driver/share/ur_robot_driver/config/ur_controllers.yaml
[15.132s] -- Symlinking: /home/tamar/RBE594_ws/install/ur_robot_driver/share/ur_robot_driver/launch/test_forward_velocity_controller.launch.py
[15.139s] -- Symlinking: /home/tamar/RBE594_ws/install/ur_robot_driver/share/ur_robot_driver/launch/test_joint_trajectory_controller.launch.py
[15.146s] -- Symlinking: /home/tamar/RBE594_ws/install/ur_robot_driver/share/ur_robot_driver/launch/test_scaled_joint_trajectory_controller.launch.py
[15.156s] -- Symlinking: /home/tamar/RBE594_ws/install/ur_robot_driver/share/ur_robot_driver/launch/ur10.launch.py
[15.160s] -- Symlinking: /home/tamar/RBE594_ws/install/ur_robot_driver/share/ur_robot_driver/launch/ur10e.launch.py
[15.167s] -- Symlinking: /home/tamar/RBE594_ws/install/ur_robot_driver/share/ur_robot_driver/launch/ur12e.launch.py
[15.175s] -- Symlinking: /home/tamar/RBE594_ws/install/ur_robot_driver/share/ur_robot_driver/launch/ur15.launch.py
[15.181s] -- Symlinking: /home/tamar/RBE594_ws/install/ur_robot_driver/share/ur_robot_driver/launch/ur16e.launch.py
[15.190s] -- Symlinking: /home/tamar/RBE594_ws/install/ur_robot_driver/share/ur_robot_driver/launch/ur20.launch.py
[15.198s] -- Symlinking: /home/tamar/RBE594_ws/install/ur_robot_driver/share/ur_robot_driver/launch/ur3.launch.py
[15.206s] -- Symlinking: /home/tamar/RBE594_ws/install/ur_robot_driver/share/ur_robot_driver/launch/ur30.launch.py
[15.213s] -- Symlinking: /home/tamar/RBE594_ws/install/ur_robot_driver/share/ur_robot_driver/launch/ur3e.launch.py
[15.221s] -- Symlinking: /home/tamar/RBE594_ws/install/ur_robot_driver/share/ur_robot_driver/launch/ur5.launch.py
[15.228s] -- Symlinking: /home/tamar/RBE594_ws/install/ur_robot_driver/share/ur_robot_driver/launch/ur5e.launch.py
[15.235s] -- Symlinking: /home/tamar/RBE594_ws/install/ur_robot_driver/share/ur_robot_driver/launch/ur7e.launch.py
[15.242s] -- Symlinking: /home/tamar/RBE594_ws/install/ur_robot_driver/share/ur_robot_driver/launch/ur_control.launch.py
[15.249s] -- Symlinking: /home/tamar/RBE594_ws/install/ur_robot_driver/share/ur_robot_driver/launch/ur_dashboard_client.launch.py
[15.252s] -- Symlinking: /home/tamar/RBE594_ws/install/ur_robot_driver/share/ament_index/resource_index/package_run_dependencies/ur_robot_driver
[15.260s] -- Symlinking: /home/tamar/RBE594_ws/install/ur_robot_driver/share/ament_index/resource_index/parent_prefix_path/ur_robot_driver
[15.266s] -- Symlinking: /home/tamar/RBE594_ws/install/ur_robot_driver/share/ur_robot_driver/environment/ament_prefix_path.sh
[15.273s] -- Symlinking: /home/tamar/RBE594_ws/install/ur_robot_driver/share/ur_robot_driver/environment/ament_prefix_path.dsv
[15.280s] -- Symlinking: /home/tamar/RBE594_ws/install/ur_robot_driver/share/ur_robot_driver/environment/path.sh
[15.290s] -- Symlinking: /home/tamar/RBE594_ws/install/ur_robot_driver/share/ur_robot_driver/environment/path.dsv
[15.296s] -- Symlinking: /home/tamar/RBE594_ws/install/ur_robot_driver/share/ur_robot_driver/local_setup.bash
[15.304s] -- Symlinking: /home/tamar/RBE594_ws/install/ur_robot_driver/share/ur_robot_driver/local_setup.sh
[15.312s] -- Symlinking: /home/tamar/RBE594_ws/install/ur_robot_driver/share/ur_robot_driver/local_setup.zsh
[15.321s] -- Symlinking: /home/tamar/RBE594_ws/install/ur_robot_driver/share/ur_robot_driver/local_setup.dsv
[15.328s] -- Symlinking: /home/tamar/RBE594_ws/install/ur_robot_driver/share/ur_robot_driver/package.dsv
[15.336s] -- Symlinking: /home/tamar/RBE594_ws/install/ur_robot_driver/share/ament_index/resource_index/packages/ur_robot_driver
[15.343s] -- Symlinking: /home/tamar/RBE594_ws/install/ur_robot_driver/share/ament_index/resource_index/hardware_interface__pluginlib__plugin/ur_robot_driver
[15.352s] -- Symlinking: /home/tamar/RBE594_ws/install/ur_robot_driver/share/ur_robot_driver/cmake/ament_cmake_export_include_directories-extras.cmake
[15.359s] -- Symlinking: /home/tamar/RBE594_ws/install/ur_robot_driver/share/ur_robot_driver/cmake/ament_cmake_export_libraries-extras.cmake
[15.368s] -- Symlinking: /home/tamar/RBE594_ws/install/ur_robot_driver/share/ur_robot_driver/cmake/ament_cmake_export_dependencies-extras.cmake
[15.375s] -- Symlinking: /home/tamar/RBE594_ws/install/ur_robot_driver/share/ur_robot_driver/cmake/ur_robot_driverConfig.cmake
[15.384s] -- Symlinking: /home/tamar/RBE594_ws/install/ur_robot_driver/share/ur_robot_driver/cmake/ur_robot_driverConfig-version.cmake
[15.393s] -- Symlinking: /home/tamar/RBE594_ws/install/ur_robot_driver/share/ur_robot_driver/package.xml
[15.395s] -- Installing: /home/tamar/RBE594_ws/install/ur_robot_driver/share/ur_robot_driver/resources
[15.395s] -- Installing: /home/tamar/RBE594_ws/install/ur_robot_driver/share/ur_robot_driver/resources/rtde_output_recipe.txt
[15.396s] -- Installing: /home/tamar/RBE594_ws/install/ur_robot_driver/share/ur_robot_driver/resources/rtde_input_recipe.txt
[15.396s] -- Installing: /home/tamar/RBE594_ws/install/ur_robot_driver/share/ur_robot_driver/resources/ros_control.urscript
[15.396s] -- Installing: /home/tamar/RBE594_ws/install/ur_robot_driver/share/ur_robot_driver/resources/externalcontrol-1.0.5.urcap
[15.396s] -- Installing: /home/tamar/RBE594_ws/install/ur_robot_driver/share/ur_robot_driver/resources/rs485-1.0.urcap
[15.412s] Listing '/home/tamar/RBE594_ws/install/ur_robot_driver/local/lib/python3.10/dist-packages/ur_robot_driver'...
[15.412s] Compiling '/home/tamar/RBE594_ws/install/ur_robot_driver/local/lib/python3.10/dist-packages/ur_robot_driver/__init__.py'...
[15.415s] Invoked command in '/home/tamar/RBE594_ws/build/ur_robot_driver' returned '0': CMAKE_PREFIX_PATH=/home/tamar/RBE594_ws/install/ur_controllers:/home/tamar/RBE594_ws/install/ur_msgs:/home/tamar/RBE594_ws/install/ur_description:/home/tamar/RBE594_ws/install/ur_dashboard_msgs:/home/tamar/RBE594_ws/install/ur_client_library:/home/tamar/RBE594_ws/install/ur:/home/tamar/RBE594_ws/install/ur_calibration:/home/tamar/RBE594_ws/install/ur_robot_driver:/home/tamar/RBE594_ws/install/ur_bringup:/home/tamar/RBE594_ws/install/ur_moveit_config:/home/tamar/RBE594_ws/install/sirgas_description:/home/tamar/RBE594_ws/install/moveit_resources:/home/tamar/RBE594_ws/install/moveit_resources_pr2_description:/home/tamar/RBE594_ws/install/moveit_resources_panda_moveit_config:/home/tamar/RBE594_ws/install/moveit_resources_panda_description:/home/tamar/RBE594_ws/install/moveit_resources_fanuc_moveit_config:/home/tamar/RBE594_ws/install/moveit_resources_fanuc_description:/opt/ros/humble LD_LIBRARY_PATH=/home/tamar/RBE594_ws/install/ur_controllers/lib:/home/tamar/RBE594_ws/install/ur_msgs/lib:/home/tamar/RBE594_ws/install/ur_dashboard_msgs/lib:/home/tamar/RBE594_ws/install/ur_client_library/lib:/home/tamar/RBE594_ws/install/ur_robot_driver/lib:/usr/lib/x86_64-linux-gnu/gazebo-11/plugins:/opt/ros/humble/opt/rviz_ogre_vendor/lib:/opt/ros/humble/lib/x86_64-linux-gnu:/opt/ros/humble/lib:/usr/share/gazebo/../../lib/x86_64-linux-gnu/gazebo-11/plugins /home/tamar/.local/bin/cmake --install /home/tamar/RBE594_ws/build/ur_robot_driver
