[0.297s] DEBUG:colcon:Command line arguments: ['/usr/bin/colcon', 'build', '--symlink-install']
[0.297s] DEBUG:colcon:Parsed command line arguments: Namespace(log_base=None, log_level=None, verb_name='build', build_base='build', install_base='install', merge_install=False, symlink_install=True, test_result_base=None, continue_on_error=False, executor='parallel', parallel_workers=32, event_handlers=None, ignore_user_meta=False, metas=['./colcon.meta'], base_paths=['.'], packages_ignore=None, packages_ignore_regex=None, paths=None, packages_up_to=None, packages_up_to_regex=None, packages_above=None, packages_above_and_dependencies=None, packages_above_depth=None, packages_select_by_dep=None, packages_skip_by_dep=None, packages_skip_up_to=None, packages_select_build_failed=False, packages_skip_build_finished=False, packages_select_test_failures=False, packages_skip_test_passed=False, packages_select=None, packages_skip=None, packages_select_regex=None, packages_skip_regex=None, packages_start=None, packages_end=None, cmake_args=None, cmake_target=None, cmake_target_skip_unavailable=False, cmake_clean_cache=False, cmake_clean_first=False, cmake_force_configure=False, ament_cmake_args=None, catkin_cmake_args=None, catkin_skip_building_tests=False, mixin_files=None, mixin=None, verb_parser=<colcon_mixin.mixin.mixin_argument.MixinArgumentDecorator object at 0x75487f9cb500>, verb_extension=<colcon_core.verb.build.BuildVerb object at 0x75487f9cb2c0>, main=<bound method BuildVerb.main of <colcon_core.verb.build.BuildVerb object at 0x75487f9cb2c0>>, mixin_verb=('build',))
[0.343s] Level 1:colcon.colcon_core.package_discovery:discover_packages(colcon_meta) check parameters
[0.343s] Level 1:colcon.colcon_core.package_discovery:discover_packages(recursive) check parameters
[0.343s] Level 1:colcon.colcon_core.package_discovery:discover_packages(ignore) check parameters
[0.343s] Level 1:colcon.colcon_core.package_discovery:discover_packages(path) check parameters
[0.343s] Level 1:colcon.colcon_core.package_discovery:discover_packages(colcon_meta) discover
[0.343s] Level 1:colcon.colcon_core.package_discovery:discover_packages(recursive) discover
[0.343s] INFO:colcon.colcon_core.package_discovery:Crawling recursively for packages in '/home/tamar/RBE594_ws'
[0.343s] Level 1:colcon.colcon_core.package_identification:_identify(.) by extensions ['ignore', 'ignore_ament_install']
[0.343s] Level 1:colcon.colcon_core.package_identification:_identify(.) by extension 'ignore'
[0.343s] Level 1:colcon.colcon_core.package_identification:_identify(.) by extension 'ignore_ament_install'
[0.343s] Level 1:colcon.colcon_core.package_identification:_identify(.) by extensions ['colcon_pkg']
[0.343s] Level 1:colcon.colcon_core.package_identification:_identify(.) by extension 'colcon_pkg'
[0.343s] Level 1:colcon.colcon_core.package_identification:_identify(.) by extensions ['colcon_meta']
[0.343s] Level 1:colcon.colcon_core.package_identification:_identify(.) by extension 'colcon_meta'
[0.343s] Level 1:colcon.colcon_core.package_identification:_identify(.) by extensions ['ros']
[0.343s] Level 1:colcon.colcon_core.package_identification:_identify(.) by extension 'ros'
[0.364s] Level 1:colcon.colcon_core.package_identification:_identify(.) by extensions ['cmake', 'python']
[0.364s] Level 1:colcon.colcon_core.package_identification:_identify(.) by extension 'cmake'
[0.364s] Level 1:colcon.colcon_core.package_identification:_identify(.) by extension 'python'
[0.364s] Level 1:colcon.colcon_core.package_identification:_identify(.) by extensions ['python_setup_py']
[0.364s] Level 1:colcon.colcon_core.package_identification:_identify(.) by extension 'python_setup_py'
[0.364s] Level 1:colcon.colcon_core.package_identification:_identify(Photos) by extensions ['ignore', 'ignore_ament_install']
[0.364s] Level 1:colcon.colcon_core.package_identification:_identify(Photos) by extension 'ignore'
[0.364s] Level 1:colcon.colcon_core.package_identification:_identify(Photos) by extension 'ignore_ament_install'
[0.364s] Level 1:colcon.colcon_core.package_identification:_identify(Photos) by extensions ['colcon_pkg']
[0.364s] Level 1:colcon.colcon_core.package_identification:_identify(Photos) by extension 'colcon_pkg'
[0.364s] Level 1:colcon.colcon_core.package_identification:_identify(Photos) by extensions ['colcon_meta']
[0.364s] Level 1:colcon.colcon_core.package_identification:_identify(Photos) by extension 'colcon_meta'
[0.364s] Level 1:colcon.colcon_core.package_identification:_identify(Photos) by extensions ['ros']
[0.364s] Level 1:colcon.colcon_core.package_identification:_identify(Photos) by extension 'ros'
[0.364s] Level 1:colcon.colcon_core.package_identification:_identify(Photos) by extensions ['cmake', 'python']
[0.364s] Level 1:colcon.colcon_core.package_identification:_identify(Photos) by extension 'cmake'
[0.364s] Level 1:colcon.colcon_core.package_identification:_identify(Photos) by extension 'python'
[0.364s] Level 1:colcon.colcon_core.package_identification:_identify(Photos) by extensions ['python_setup_py']
[0.364s] Level 1:colcon.colcon_core.package_identification:_identify(Photos) by extension 'python_setup_py'
[0.364s] Level 1:colcon.colcon_core.package_identification:_identify(build) by extensions ['ignore', 'ignore_ament_install']
[0.364s] Level 1:colcon.colcon_core.package_identification:_identify(build) by extension 'ignore'
[0.364s] Level 1:colcon.colcon_core.package_identification:_identify(build) ignored
[0.365s] Level 1:colcon.colcon_core.package_identification:_identify(install) by extensions ['ignore', 'ignore_ament_install']
[0.365s] Level 1:colcon.colcon_core.package_identification:_identify(install) by extension 'ignore'
[0.365s] Level 1:colcon.colcon_core.package_identification:_identify(install) ignored
[0.365s] Level 1:colcon.colcon_core.package_identification:_identify(log) by extensions ['ignore', 'ignore_ament_install']
[0.365s] Level 1:colcon.colcon_core.package_identification:_identify(log) by extension 'ignore'
[0.365s] Level 1:colcon.colcon_core.package_identification:_identify(log) ignored
[0.365s] Level 1:colcon.colcon_core.package_identification:_identify(src) by extensions ['ignore', 'ignore_ament_install']
[0.365s] Level 1:colcon.colcon_core.package_identification:_identify(src) by extension 'ignore'
[0.365s] Level 1:colcon.colcon_core.package_identification:_identify(src) by extension 'ignore_ament_install'
[0.365s] Level 1:colcon.colcon_core.package_identification:_identify(src) by extensions ['colcon_pkg']
[0.365s] Level 1:colcon.colcon_core.package_identification:_identify(src) by extension 'colcon_pkg'
[0.365s] Level 1:colcon.colcon_core.package_identification:_identify(src) by extensions ['colcon_meta']
[0.365s] Level 1:colcon.colcon_core.package_identification:_identify(src) by extension 'colcon_meta'
[0.365s] Level 1:colcon.colcon_core.package_identification:_identify(src) by extensions ['ros']
[0.365s] Level 1:colcon.colcon_core.package_identification:_identify(src) by extension 'ros'
[0.365s] Level 1:colcon.colcon_core.package_identification:_identify(src) by extensions ['cmake', 'python']
[0.365s] Level 1:colcon.colcon_core.package_identification:_identify(src) by extension 'cmake'
[0.365s] Level 1:colcon.colcon_core.package_identification:_identify(src) by extension 'python'
[0.365s] Level 1:colcon.colcon_core.package_identification:_identify(src) by extensions ['python_setup_py']
[0.365s] Level 1:colcon.colcon_core.package_identification:_identify(src) by extension 'python_setup_py'
[0.365s] Level 1:colcon.colcon_core.package_identification:_identify(src/Universal_Robots_ROS2_Description) by extensions ['ignore', 'ignore_ament_install']
[0.365s] Level 1:colcon.colcon_core.package_identification:_identify(src/Universal_Robots_ROS2_Description) by extension 'ignore'
[0.365s] Level 1:colcon.colcon_core.package_identification:_identify(src/Universal_Robots_ROS2_Description) by extension 'ignore_ament_install'
[0.365s] Level 1:colcon.colcon_core.package_identification:_identify(src/Universal_Robots_ROS2_Description) by extensions ['colcon_pkg']
[0.365s] Level 1:colcon.colcon_core.package_identification:_identify(src/Universal_Robots_ROS2_Description) by extension 'colcon_pkg'
[0.365s] Level 1:colcon.colcon_core.package_identification:_identify(src/Universal_Robots_ROS2_Description) by extensions ['colcon_meta']
[0.365s] Level 1:colcon.colcon_core.package_identification:_identify(src/Universal_Robots_ROS2_Description) by extension 'colcon_meta'
[0.365s] Level 1:colcon.colcon_core.package_identification:_identify(src/Universal_Robots_ROS2_Description) by extensions ['ros']
[0.365s] Level 1:colcon.colcon_core.package_identification:_identify(src/Universal_Robots_ROS2_Description) by extension 'ros'
[0.367s] DEBUG:colcon.colcon_core.package_identification:Package 'src/Universal_Robots_ROS2_Description' with type 'ros.ament_cmake' and name 'ur_description'
[0.367s] Level 1:colcon.colcon_core.package_identification:_identify(src/Universal_Robots_ROS2_GZ_Simulation) by extensions ['ignore', 'ignore_ament_install']
[0.367s] Level 1:colcon.colcon_core.package_identification:_identify(src/Universal_Robots_ROS2_GZ_Simulation) by extension 'ignore'
[0.367s] Level 1:colcon.colcon_core.package_identification:_identify(src/Universal_Robots_ROS2_GZ_Simulation) by extension 'ignore_ament_install'
[0.367s] Level 1:colcon.colcon_core.package_identification:_identify(src/Universal_Robots_ROS2_GZ_Simulation) by extensions ['colcon_pkg']
[0.367s] Level 1:colcon.colcon_core.package_identification:_identify(src/Universal_Robots_ROS2_GZ_Simulation) by extension 'colcon_pkg'
[0.367s] Level 1:colcon.colcon_core.package_identification:_identify(src/Universal_Robots_ROS2_GZ_Simulation) by extensions ['colcon_meta']
[0.367s] Level 1:colcon.colcon_core.package_identification:_identify(src/Universal_Robots_ROS2_GZ_Simulation) by extension 'colcon_meta'
[0.367s] Level 1:colcon.colcon_core.package_identification:_identify(src/Universal_Robots_ROS2_GZ_Simulation) by extensions ['ros']
[0.367s] Level 1:colcon.colcon_core.package_identification:_identify(src/Universal_Robots_ROS2_GZ_Simulation) by extension 'ros'
[0.367s] Level 1:colcon.colcon_core.package_identification:_identify(src/Universal_Robots_ROS2_GZ_Simulation) by extensions ['cmake', 'python']
[0.367s] Level 1:colcon.colcon_core.package_identification:_identify(src/Universal_Robots_ROS2_GZ_Simulation) by extension 'cmake'
[0.367s] Level 1:colcon.colcon_core.package_identification:_identify(src/Universal_Robots_ROS2_GZ_Simulation) by extension 'python'
[0.367s] Level 1:colcon.colcon_core.package_identification:_identify(src/Universal_Robots_ROS2_GZ_Simulation) by extensions ['python_setup_py']
[0.367s] Level 1:colcon.colcon_core.package_identification:_identify(src/Universal_Robots_ROS2_GZ_Simulation) by extension 'python_setup_py'
[0.367s] Level 1:colcon.colcon_core.package_identification:_identify(src/Universal_Robots_ROS2_GZ_Simulation/ur_simulation_gz) by extensions ['ignore', 'ignore_ament_install']
[0.367s] Level 1:colcon.colcon_core.package_identification:_identify(src/Universal_Robots_ROS2_GZ_Simulation/ur_simulation_gz) by extension 'ignore'
[0.367s] Level 1:colcon.colcon_core.package_identification:_identify(src/Universal_Robots_ROS2_GZ_Simulation/ur_simulation_gz) by extension 'ignore_ament_install'
[0.367s] Level 1:colcon.colcon_core.package_identification:_identify(src/Universal_Robots_ROS2_GZ_Simulation/ur_simulation_gz) by extensions ['colcon_pkg']
[0.367s] Level 1:colcon.colcon_core.package_identification:_identify(src/Universal_Robots_ROS2_GZ_Simulation/ur_simulation_gz) by extension 'colcon_pkg'
[0.368s] Level 1:colcon.colcon_core.package_identification:_identify(src/Universal_Robots_ROS2_GZ_Simulation/ur_simulation_gz) by extensions ['colcon_meta']
[0.368s] Level 1:colcon.colcon_core.package_identification:_identify(src/Universal_Robots_ROS2_GZ_Simulation/ur_simulation_gz) by extension 'colcon_meta'
[0.368s] Level 1:colcon.colcon_core.package_identification:_identify(src/Universal_Robots_ROS2_GZ_Simulation/ur_simulation_gz) by extensions ['ros']
[0.368s] Level 1:colcon.colcon_core.package_identification:_identify(src/Universal_Robots_ROS2_GZ_Simulation/ur_simulation_gz) by extension 'ros'
[0.368s] DEBUG:colcon.colcon_core.package_identification:Package 'src/Universal_Robots_ROS2_GZ_Simulation/ur_simulation_gz' with type 'ros.ament_cmake' and name 'ur_simulation_gz'
[0.368s] Level 1:colcon.colcon_core.package_identification:_identify(src/custom_gear_controllers) by extensions ['ignore', 'ignore_ament_install']
[0.368s] Level 1:colcon.colcon_core.package_identification:_identify(src/custom_gear_controllers) by extension 'ignore'
[0.368s] Level 1:colcon.colcon_core.package_identification:_identify(src/custom_gear_controllers) by extension 'ignore_ament_install'
[0.368s] Level 1:colcon.colcon_core.package_identification:_identify(src/custom_gear_controllers) by extensions ['colcon_pkg']
[0.368s] Level 1:colcon.colcon_core.package_identification:_identify(src/custom_gear_controllers) by extension 'colcon_pkg'
[0.368s] Level 1:colcon.colcon_core.package_identification:_identify(src/custom_gear_controllers) by extensions ['colcon_meta']
[0.368s] Level 1:colcon.colcon_core.package_identification:_identify(src/custom_gear_controllers) by extension 'colcon_meta'
[0.368s] Level 1:colcon.colcon_core.package_identification:_identify(src/custom_gear_controllers) by extensions ['ros']
[0.368s] Level 1:colcon.colcon_core.package_identification:_identify(src/custom_gear_controllers) by extension 'ros'
[0.369s] DEBUG:colcon.colcon_core.package_identification:Package 'src/custom_gear_controllers' with type 'ros.ament_python' and name 'custom_gear_controllers'
[0.369s] Level 1:colcon.colcon_core.package_identification:_identify(src/sirgas_description) by extensions ['ignore', 'ignore_ament_install']
[0.369s] Level 1:colcon.colcon_core.package_identification:_identify(src/sirgas_description) by extension 'ignore'
[0.369s] Level 1:colcon.colcon_core.package_identification:_identify(src/sirgas_description) by extension 'ignore_ament_install'
[0.369s] Level 1:colcon.colcon_core.package_identification:_identify(src/sirgas_description) by extensions ['colcon_pkg']
[0.369s] Level 1:colcon.colcon_core.package_identification:_identify(src/sirgas_description) by extension 'colcon_pkg'
[0.369s] Level 1:colcon.colcon_core.package_identification:_identify(src/sirgas_description) by extensions ['colcon_meta']
[0.369s] Level 1:colcon.colcon_core.package_identification:_identify(src/sirgas_description) by extension 'colcon_meta'
[0.369s] Level 1:colcon.colcon_core.package_identification:_identify(src/sirgas_description) by extensions ['ros']
[0.369s] Level 1:colcon.colcon_core.package_identification:_identify(src/sirgas_description) by extension 'ros'
[0.369s] DEBUG:colcon.colcon_core.package_identification:Package 'src/sirgas_description' with type 'ros.ament_cmake' and name 'sirgas_description'
[0.369s] Level 1:colcon.colcon_core.package_discovery:discover_packages(recursive) using defaults
[0.369s] Level 1:colcon.colcon_core.package_discovery:discover_packages(ignore) discover
[0.369s] Level 1:colcon.colcon_core.package_discovery:discover_packages(ignore) using defaults
[0.369s] Level 1:colcon.colcon_core.package_discovery:discover_packages(path) discover
[0.369s] Level 1:colcon.colcon_core.package_discovery:discover_packages(path) using defaults
[0.388s] Level 5:colcon.colcon_core.verb:set package 'custom_gear_controllers' build argument 'cmake_args' from command line to 'None'
[0.388s] Level 5:colcon.colcon_core.verb:set package 'custom_gear_controllers' build argument 'cmake_target' from command line to 'None'
[0.388s] Level 5:colcon.colcon_core.verb:set package 'custom_gear_controllers' build argument 'cmake_target_skip_unavailable' from command line to 'False'
[0.388s] Level 5:colcon.colcon_core.verb:set package 'custom_gear_controllers' build argument 'cmake_clean_cache' from command line to 'False'
[0.388s] Level 5:colcon.colcon_core.verb:set package 'custom_gear_controllers' build argument 'cmake_clean_first' from command line to 'False'
[0.388s] Level 5:colcon.colcon_core.verb:set package 'custom_gear_controllers' build argument 'cmake_force_configure' from command line to 'False'
[0.388s] Level 5:colcon.colcon_core.verb:set package 'custom_gear_controllers' build argument 'ament_cmake_args' from command line to 'None'
[0.388s] Level 5:colcon.colcon_core.verb:set package 'custom_gear_controllers' build argument 'catkin_cmake_args' from command line to 'None'
[0.388s] Level 5:colcon.colcon_core.verb:set package 'custom_gear_controllers' build argument 'catkin_skip_building_tests' from command line to 'False'
[0.388s] DEBUG:colcon.colcon_core.verb:Building package 'custom_gear_controllers' with the following arguments: {'ament_cmake_args': None, 'build_base': '/home/tamar/RBE594_ws/build/custom_gear_controllers', 'catkin_cmake_args': None, 'catkin_skip_building_tests': False, 'cmake_args': None, 'cmake_clean_cache': False, 'cmake_clean_first': False, 'cmake_force_configure': False, 'cmake_target': None, 'cmake_target_skip_unavailable': False, 'install_base': '/home/tamar/RBE594_ws/install/custom_gear_controllers', 'merge_install': False, 'path': '/home/tamar/RBE594_ws/src/custom_gear_controllers', 'symlink_install': True, 'test_result_base': None}
[0.388s] Level 5:colcon.colcon_core.verb:set package 'sirgas_description' build argument 'cmake_args' from command line to 'None'
[0.388s] Level 5:colcon.colcon_core.verb:set package 'sirgas_description' build argument 'cmake_target' from command line to 'None'
[0.388s] Level 5:colcon.colcon_core.verb:set package 'sirgas_description' build argument 'cmake_target_skip_unavailable' from command line to 'False'
[0.388s] Level 5:colcon.colcon_core.verb:set package 'sirgas_description' build argument 'cmake_clean_cache' from command line to 'False'
[0.388s] Level 5:colcon.colcon_core.verb:set package 'sirgas_description' build argument 'cmake_clean_first' from command line to 'False'
[0.388s] Level 5:colcon.colcon_core.verb:set package 'sirgas_description' build argument 'cmake_force_configure' from command line to 'False'
[0.388s] Level 5:colcon.colcon_core.verb:set package 'sirgas_description' build argument 'ament_cmake_args' from command line to 'None'
[0.388s] Level 5:colcon.colcon_core.verb:set package 'sirgas_description' build argument 'catkin_cmake_args' from command line to 'None'
[0.388s] Level 5:colcon.colcon_core.verb:set package 'sirgas_description' build argument 'catkin_skip_building_tests' from command line to 'False'
[0.388s] DEBUG:colcon.colcon_core.verb:Building package 'sirgas_description' with the following arguments: {'ament_cmake_args': None, 'build_base': '/home/tamar/RBE594_ws/build/sirgas_description', 'catkin_cmake_args': None, 'catkin_skip_building_tests': False, 'cmake_args': None, 'cmake_clean_cache': False, 'cmake_clean_first': False, 'cmake_force_configure': False, 'cmake_target': None, 'cmake_target_skip_unavailable': False, 'install_base': '/home/tamar/RBE594_ws/install/sirgas_description', 'merge_install': False, 'path': '/home/tamar/RBE594_ws/src/sirgas_description', 'symlink_install': True, 'test_result_base': None}
[0.388s] Level 5:colcon.colcon_core.verb:set package 'ur_description' build argument 'cmake_args' from command line to 'None'
[0.388s] Level 5:colcon.colcon_core.verb:set package 'ur_description' build argument 'cmake_target' from command line to 'None'
[0.388s] Level 5:colcon.colcon_core.verb:set package 'ur_description' build argument 'cmake_target_skip_unavailable' from command line to 'False'
[0.388s] Level 5:colcon.colcon_core.verb:set package 'ur_description' build argument 'cmake_clean_cache' from command line to 'False'
[0.388s] Level 5:colcon.colcon_core.verb:set package 'ur_description' build argument 'cmake_clean_first' from command line to 'False'
[0.388s] Level 5:colcon.colcon_core.verb:set package 'ur_description' build argument 'cmake_force_configure' from command line to 'False'
[0.388s] Level 5:colcon.colcon_core.verb:set package 'ur_description' build argument 'ament_cmake_args' from command line to 'None'
[0.388s] Level 5:colcon.colcon_core.verb:set package 'ur_description' build argument 'catkin_cmake_args' from command line to 'None'
[0.388s] Level 5:colcon.colcon_core.verb:set package 'ur_description' build argument 'catkin_skip_building_tests' from command line to 'False'
[0.388s] DEBUG:colcon.colcon_core.verb:Building package 'ur_description' with the following arguments: {'ament_cmake_args': None, 'build_base': '/home/tamar/RBE594_ws/build/ur_description', 'catkin_cmake_args': None, 'catkin_skip_building_tests': False, 'cmake_args': None, 'cmake_clean_cache': False, 'cmake_clean_first': False, 'cmake_force_configure': False, 'cmake_target': None, 'cmake_target_skip_unavailable': False, 'install_base': '/home/tamar/RBE594_ws/install/ur_description', 'merge_install': False, 'path': '/home/tamar/RBE594_ws/src/Universal_Robots_ROS2_Description', 'symlink_install': True, 'test_result_base': None}
[0.389s] Level 5:colcon.colcon_core.verb:set package 'ur_simulation_gz' build argument 'cmake_args' from command line to 'None'
[0.389s] Level 5:colcon.colcon_core.verb:set package 'ur_simulation_gz' build argument 'cmake_target' from command line to 'None'
[0.389s] Level 5:colcon.colcon_core.verb:set package 'ur_simulation_gz' build argument 'cmake_target_skip_unavailable' from command line to 'False'
[0.389s] Level 5:colcon.colcon_core.verb:set package 'ur_simulation_gz' build argument 'cmake_clean_cache' from command line to 'False'
[0.389s] Level 5:colcon.colcon_core.verb:set package 'ur_simulation_gz' build argument 'cmake_clean_first' from command line to 'False'
[0.389s] Level 5:colcon.colcon_core.verb:set package 'ur_simulation_gz' build argument 'cmake_force_configure' from command line to 'False'
[0.389s] Level 5:colcon.colcon_core.verb:set package 'ur_simulation_gz' build argument 'ament_cmake_args' from command line to 'None'
[0.389s] Level 5:colcon.colcon_core.verb:set package 'ur_simulation_gz' build argument 'catkin_cmake_args' from command line to 'None'
[0.389s] Level 5:colcon.colcon_core.verb:set package 'ur_simulation_gz' build argument 'catkin_skip_building_tests' from command line to 'False'
[0.389s] DEBUG:colcon.colcon_core.verb:Building package 'ur_simulation_gz' with the following arguments: {'ament_cmake_args': None, 'build_base': '/home/tamar/RBE594_ws/build/ur_simulation_gz', 'catkin_cmake_args': None, 'catkin_skip_building_tests': False, 'cmake_args': None, 'cmake_clean_cache': False, 'cmake_clean_first': False, 'cmake_force_configure': False, 'cmake_target': None, 'cmake_target_skip_unavailable': False, 'install_base': '/home/tamar/RBE594_ws/install/ur_simulation_gz', 'merge_install': False, 'path': '/home/tamar/RBE594_ws/src/Universal_Robots_ROS2_GZ_Simulation/ur_simulation_gz', 'symlink_install': True, 'test_result_base': None}
[0.389s] INFO:colcon.colcon_core.executor:Executing jobs using 'parallel' executor
[0.389s] DEBUG:colcon.colcon_parallel_executor.executor.parallel:run_until_complete
[0.389s] INFO:colcon.colcon_ros.task.ament_cmake.build:Building ROS package in '/home/tamar/RBE594_ws/src/Universal_Robots_ROS2_Description' with build type 'ament_cmake'
[0.389s] INFO:colcon.colcon_cmake.task.cmake.build:Building CMake package in '/home/tamar/RBE594_ws/src/Universal_Robots_ROS2_Description'
[0.393s] INFO:colcon.colcon_core.plugin_system:Skipping extension 'colcon_core.shell.bat': Not used on non-Windows systems
[0.393s] INFO:colcon.colcon_core.shell:Skip shell extension 'powershell' for command environment: Not usable outside of PowerShell
[0.393s] DEBUG:colcon.colcon_core.shell:Skip shell extension 'dsv' for command environment
[0.400s] INFO:colcon.colcon_ros.task.ament_python.build:Building ROS package in '/home/tamar/RBE594_ws/src/custom_gear_controllers' with build type 'ament_python'
[0.400s] Level 1:colcon.colcon_core.shell:create_environment_hook('custom_gear_controllers', 'ament_prefix_path')
[0.400s] INFO:colcon.colcon_core.shell:Creating environment hook '/home/tamar/RBE594_ws/install/custom_gear_controllers/share/custom_gear_controllers/hook/ament_prefix_path.ps1'
[0.401s] INFO:colcon.colcon_core.shell:Creating environment descriptor '/home/tamar/RBE594_ws/install/custom_gear_controllers/share/custom_gear_controllers/hook/ament_prefix_path.dsv'
[0.402s] INFO:colcon.colcon_core.shell:Creating environment hook '/home/tamar/RBE594_ws/install/custom_gear_controllers/share/custom_gear_controllers/hook/ament_prefix_path.sh'
[0.403s] INFO:colcon.colcon_core.shell:Skip shell extension 'powershell' for command environment: Not usable outside of PowerShell
[0.403s] DEBUG:colcon.colcon_core.shell:Skip shell extension 'dsv' for command environment
[0.409s] INFO:colcon.colcon_ros.task.ament_cmake.build:Building ROS package in '/home/tamar/RBE594_ws/src/sirgas_description' with build type 'ament_cmake'
[0.409s] INFO:colcon.colcon_cmake.task.cmake.build:Building CMake package in '/home/tamar/RBE594_ws/src/sirgas_description'
[0.409s] INFO:colcon.colcon_core.shell:Skip shell extension 'powershell' for command environment: Not usable outside of PowerShell
[0.409s] DEBUG:colcon.colcon_core.shell:Skip shell extension 'dsv' for command environment
[0.416s] DEBUG:colcon.colcon_core.event_handler.log_command:Invoking command in '/home/tamar/RBE594_ws/build/ur_description': CMAKE_PREFIX_PATH=${CMAKE_PREFIX_PATH}:/opt/ros/jazzy PS1=(vEnv) ${debian_chroot:+($debian_chroot)}\u@\h:\w\$ VIRTUAL_ENV_PROMPT=(vEnv) /usr/bin/cmake --build /home/tamar/RBE594_ws/build/ur_description -- -j32 -l32
[0.514s] INFO:colcon.colcon_core.task.python.build:Building Python package in '/home/tamar/RBE594_ws/src/custom_gear_controllers'
[0.514s] INFO:colcon.colcon_core.shell:Skip shell extension 'powershell' for command environment: Not usable outside of PowerShell
[0.514s] DEBUG:colcon.colcon_core.shell:Skip shell extension 'dsv' for command environment
[0.519s] DEBUG:colcon.colcon_core.event_handler.log_command:Invoking command in '/home/tamar/RBE594_ws/build/sirgas_description': CMAKE_PREFIX_PATH=${CMAKE_PREFIX_PATH}:/opt/ros/jazzy PS1=(vEnv) ${debian_chroot:+($debian_chroot)}\u@\h:\w\$ VIRTUAL_ENV_PROMPT=(vEnv) /usr/bin/cmake --build /home/tamar/RBE594_ws/build/sirgas_description -- -j32 -l32
[0.527s] DEBUG:colcon.colcon_core.event_handler.log_command:Invoked command in '/home/tamar/RBE594_ws/build/ur_description' returned '0': CMAKE_PREFIX_PATH=${CMAKE_PREFIX_PATH}:/opt/ros/jazzy PS1=(vEnv) ${debian_chroot:+($debian_chroot)}\u@\h:\w\$ VIRTUAL_ENV_PROMPT=(vEnv) /usr/bin/cmake --build /home/tamar/RBE594_ws/build/ur_description -- -j32 -l32
[0.533s] DEBUG:colcon.colcon_core.event_handler.log_command:Invoking command in '/home/tamar/RBE594_ws/build/ur_description': CMAKE_PREFIX_PATH=${CMAKE_PREFIX_PATH}:/opt/ros/jazzy PS1=(vEnv) ${debian_chroot:+($debian_chroot)}\u@\h:\w\$ VIRTUAL_ENV_PROMPT=(vEnv) /usr/bin/cmake --install /home/tamar/RBE594_ws/build/ur_description
[0.554s] DEBUG:colcon.colcon_core.event_handler.log_command:Invoked command in '/home/tamar/RBE594_ws/build/sirgas_description' returned '0': CMAKE_PREFIX_PATH=${CMAKE_PREFIX_PATH}:/opt/ros/jazzy PS1=(vEnv) ${debian_chroot:+($debian_chroot)}\u@\h:\w\$ VIRTUAL_ENV_PROMPT=(vEnv) /usr/bin/cmake --build /home/tamar/RBE594_ws/build/sirgas_description -- -j32 -l32
[0.555s] DEBUG:colcon.colcon_core.event_handler.log_command:Invoking command in '/home/tamar/RBE594_ws/build/sirgas_description': CMAKE_PREFIX_PATH=${CMAKE_PREFIX_PATH}:/opt/ros/jazzy PS1=(vEnv) ${debian_chroot:+($debian_chroot)}\u@\h:\w\$ VIRTUAL_ENV_PROMPT=(vEnv) /usr/bin/cmake --install /home/tamar/RBE594_ws/build/sirgas_description
[0.556s] Level 1:colcon.colcon_core.environment:create_environment_scripts_only(ur_description)
[0.556s] DEBUG:colcon.colcon_core.event_handler.log_command:Invoked command in '/home/tamar/RBE594_ws/build/ur_description' returned '0': CMAKE_PREFIX_PATH=${CMAKE_PREFIX_PATH}:/opt/ros/jazzy PS1=(vEnv) ${debian_chroot:+($debian_chroot)}\u@\h:\w\$ VIRTUAL_ENV_PROMPT=(vEnv) /usr/bin/cmake --install /home/tamar/RBE594_ws/build/ur_description
[0.563s] Level 1:colcon.colcon_core.environment:checking '/home/tamar/RBE594_ws/install/ur_description' for CMake module files
[0.563s] Level 1:colcon.colcon_core.environment:checking '/home/tamar/RBE594_ws/install/ur_description' for CMake config files
[0.565s] Level 1:colcon.colcon_core.shell:create_environment_hook('ur_description', 'cmake_prefix_path')
[0.565s] INFO:colcon.colcon_core.shell:Creating environment hook '/home/tamar/RBE594_ws/install/ur_description/share/ur_description/hook/cmake_prefix_path.ps1'
[0.566s] INFO:colcon.colcon_core.shell:Creating environment descriptor '/home/tamar/RBE594_ws/install/ur_description/share/ur_description/hook/cmake_prefix_path.dsv'
[0.566s] INFO:colcon.colcon_core.shell:Creating environment hook '/home/tamar/RBE594_ws/install/ur_description/share/ur_description/hook/cmake_prefix_path.sh'
[0.566s] Level 1:colcon.colcon_core.environment:checking '/home/tamar/RBE594_ws/install/ur_description/bin'
[0.566s] Level 1:colcon.colcon_core.environment:checking '/home/tamar/RBE594_ws/install/ur_description/lib/pkgconfig/ur_description.pc'
[0.567s] Level 1:colcon.colcon_core.environment:checking '/home/tamar/RBE594_ws/install/ur_description/lib/python3.12/site-packages'
[0.567s] Level 1:colcon.colcon_core.environment:checking '/home/tamar/RBE594_ws/install/ur_description/bin'
[0.567s] INFO:colcon.colcon_core.shell:Creating package script '/home/tamar/RBE594_ws/install/ur_description/share/ur_description/package.ps1'
[0.568s] INFO:colcon.colcon_core.shell:Creating package descriptor '/home/tamar/RBE594_ws/install/ur_description/share/ur_description/package.dsv'
[0.568s] INFO:colcon.colcon_core.shell:Creating package script '/home/tamar/RBE594_ws/install/ur_description/share/ur_description/package.sh'
[0.569s] INFO:colcon.colcon_core.shell:Creating package script '/home/tamar/RBE594_ws/install/ur_description/share/ur_description/package.bash'
[0.570s] INFO:colcon.colcon_core.shell:Creating package script '/home/tamar/RBE594_ws/install/ur_description/share/ur_description/package.zsh'
[0.570s] Level 1:colcon.colcon_core.environment:create_file_with_runtime_dependencies(/home/tamar/RBE594_ws/install/ur_description/share/colcon-core/packages/ur_description)
[0.571s] Level 1:colcon.colcon_core.environment:create_environment_scripts_only(ur_description)
[0.571s] Level 1:colcon.colcon_core.environment:checking '/home/tamar/RBE594_ws/install/ur_description' for CMake module files
[0.571s] Level 1:colcon.colcon_core.environment:checking '/home/tamar/RBE594_ws/install/ur_description' for CMake config files
[0.572s] Level 1:colcon.colcon_core.shell:create_environment_hook('ur_description', 'cmake_prefix_path')
[0.572s] INFO:colcon.colcon_core.shell:Creating environment hook '/home/tamar/RBE594_ws/install/ur_description/share/ur_description/hook/cmake_prefix_path.ps1'
[0.572s] INFO:colcon.colcon_core.shell:Creating environment descriptor '/home/tamar/RBE594_ws/install/ur_description/share/ur_description/hook/cmake_prefix_path.dsv'
[0.572s] INFO:colcon.colcon_core.shell:Creating environment hook '/home/tamar/RBE594_ws/install/ur_description/share/ur_description/hook/cmake_prefix_path.sh'
[0.572s] Level 1:colcon.colcon_core.environment:checking '/home/tamar/RBE594_ws/install/ur_description/bin'
[0.572s] Level 1:colcon.colcon_core.environment:checking '/home/tamar/RBE594_ws/install/ur_description/lib/pkgconfig/ur_description.pc'
[0.572s] Level 1:colcon.colcon_core.environment:checking '/home/tamar/RBE594_ws/install/ur_description/lib/python3.12/site-packages'
[0.573s] Level 1:colcon.colcon_core.environment:checking '/home/tamar/RBE594_ws/install/ur_description/bin'
[0.573s] INFO:colcon.colcon_core.shell:Creating package script '/home/tamar/RBE594_ws/install/ur_description/share/ur_description/package.ps1'
[0.573s] INFO:colcon.colcon_core.shell:Creating package descriptor '/home/tamar/RBE594_ws/install/ur_description/share/ur_description/package.dsv'
[0.573s] INFO:colcon.colcon_core.shell:Creating package script '/home/tamar/RBE594_ws/install/ur_description/share/ur_description/package.sh'
[0.573s] INFO:colcon.colcon_core.shell:Creating package script '/home/tamar/RBE594_ws/install/ur_description/share/ur_description/package.bash'
[0.573s] INFO:colcon.colcon_core.shell:Creating package script '/home/tamar/RBE594_ws/install/ur_description/share/ur_description/package.zsh'
[0.573s] Level 1:colcon.colcon_core.environment:create_file_with_runtime_dependencies(/home/tamar/RBE594_ws/install/ur_description/share/colcon-core/packages/ur_description)
[0.574s] INFO:colcon.colcon_ros.task.ament_cmake.build:Building ROS package in '/home/tamar/RBE594_ws/src/Universal_Robots_ROS2_GZ_Simulation/ur_simulation_gz' with build type 'ament_cmake'
[0.574s] INFO:colcon.colcon_cmake.task.cmake.build:Building CMake package in '/home/tamar/RBE594_ws/src/Universal_Robots_ROS2_GZ_Simulation/ur_simulation_gz'
[0.574s] INFO:colcon.colcon_core.shell:Skip shell extension 'powershell' for command environment: Not usable outside of PowerShell
[0.574s] DEBUG:colcon.colcon_core.shell:Skip shell extension 'dsv' for command environment
[0.577s] Level 1:colcon.colcon_core.environment:create_environment_scripts_only(sirgas_description)
[0.577s] DEBUG:colcon.colcon_core.event_handler.log_command:Invoked command in '/home/tamar/RBE594_ws/build/sirgas_description' returned '0': CMAKE_PREFIX_PATH=${CMAKE_PREFIX_PATH}:/opt/ros/jazzy PS1=(vEnv) ${debian_chroot:+($debian_chroot)}\u@\h:\w\$ VIRTUAL_ENV_PROMPT=(vEnv) /usr/bin/cmake --install /home/tamar/RBE594_ws/build/sirgas_description
[0.577s] Level 1:colcon.colcon_core.environment:checking '/home/tamar/RBE594_ws/install/sirgas_description' for CMake module files
[0.577s] Level 1:colcon.colcon_core.environment:checking '/home/tamar/RBE594_ws/install/sirgas_description' for CMake config files
[0.578s] Level 1:colcon.colcon_core.shell:create_environment_hook('sirgas_description', 'cmake_prefix_path')
[0.578s] INFO:colcon.colcon_core.shell:Creating environment hook '/home/tamar/RBE594_ws/install/sirgas_description/share/sirgas_description/hook/cmake_prefix_path.ps1'
[0.578s] INFO:colcon.colcon_core.shell:Creating environment descriptor '/home/tamar/RBE594_ws/install/sirgas_description/share/sirgas_description/hook/cmake_prefix_path.dsv'
[0.579s] INFO:colcon.colcon_core.shell:Creating environment hook '/home/tamar/RBE594_ws/install/sirgas_description/share/sirgas_description/hook/cmake_prefix_path.sh'
[0.579s] Level 1:colcon.colcon_core.environment:checking '/home/tamar/RBE594_ws/install/sirgas_description/bin'
[0.579s] Level 1:colcon.colcon_core.environment:checking '/home/tamar/RBE594_ws/install/sirgas_description/lib/pkgconfig/sirgas_description.pc'
[0.579s] Level 1:colcon.colcon_core.environment:checking '/home/tamar/RBE594_ws/install/sirgas_description/lib/python3.12/site-packages'
[0.579s] Level 1:colcon.colcon_core.environment:checking '/home/tamar/RBE594_ws/install/sirgas_description/bin'
[0.579s] INFO:colcon.colcon_core.shell:Creating package script '/home/tamar/RBE594_ws/install/sirgas_description/share/sirgas_description/package.ps1'
[0.579s] INFO:colcon.colcon_core.shell:Creating package descriptor '/home/tamar/RBE594_ws/install/sirgas_description/share/sirgas_description/package.dsv'
[0.580s] INFO:colcon.colcon_core.shell:Creating package script '/home/tamar/RBE594_ws/install/sirgas_description/share/sirgas_description/package.sh'
[0.580s] INFO:colcon.colcon_core.shell:Creating package script '/home/tamar/RBE594_ws/install/sirgas_description/share/sirgas_description/package.bash'
[0.580s] INFO:colcon.colcon_core.shell:Creating package script '/home/tamar/RBE594_ws/install/sirgas_description/share/sirgas_description/package.zsh'
[0.580s] Level 1:colcon.colcon_core.environment:create_file_with_runtime_dependencies(/home/tamar/RBE594_ws/install/sirgas_description/share/colcon-core/packages/sirgas_description)
[0.580s] Level 1:colcon.colcon_core.environment:create_environment_scripts_only(sirgas_description)
[0.580s] Level 1:colcon.colcon_core.environment:checking '/home/tamar/RBE594_ws/install/sirgas_description' for CMake module files
[0.580s] Level 1:colcon.colcon_core.environment:checking '/home/tamar/RBE594_ws/install/sirgas_description' for CMake config files
[0.581s] Level 1:colcon.colcon_core.shell:create_environment_hook('sirgas_description', 'cmake_prefix_path')
[0.581s] INFO:colcon.colcon_core.shell:Creating environment hook '/home/tamar/RBE594_ws/install/sirgas_description/share/sirgas_description/hook/cmake_prefix_path.ps1'
[0.581s] INFO:colcon.colcon_core.shell:Creating environment descriptor '/home/tamar/RBE594_ws/install/sirgas_description/share/sirgas_description/hook/cmake_prefix_path.dsv'
[0.581s] INFO:colcon.colcon_core.shell:Creating environment hook '/home/tamar/RBE594_ws/install/sirgas_description/share/sirgas_description/hook/cmake_prefix_path.sh'
[0.581s] Level 1:colcon.colcon_core.environment:checking '/home/tamar/RBE594_ws/install/sirgas_description/bin'
[0.581s] Level 1:colcon.colcon_core.environment:checking '/home/tamar/RBE594_ws/install/sirgas_description/lib/pkgconfig/sirgas_description.pc'
[0.581s] Level 1:colcon.colcon_core.environment:checking '/home/tamar/RBE594_ws/install/sirgas_description/lib/python3.12/site-packages'
[0.581s] Level 1:colcon.colcon_core.environment:checking '/home/tamar/RBE594_ws/install/sirgas_description/bin'
[0.581s] INFO:colcon.colcon_core.shell:Creating package script '/home/tamar/RBE594_ws/install/sirgas_description/share/sirgas_description/package.ps1'
[0.582s] INFO:colcon.colcon_core.shell:Creating package descriptor '/home/tamar/RBE594_ws/install/sirgas_description/share/sirgas_description/package.dsv'
[0.582s] INFO:colcon.colcon_core.shell:Creating package script '/home/tamar/RBE594_ws/install/sirgas_description/share/sirgas_description/package.sh'
[0.582s] INFO:colcon.colcon_core.shell:Creating package script '/home/tamar/RBE594_ws/install/sirgas_description/share/sirgas_description/package.bash'
[0.582s] INFO:colcon.colcon_core.shell:Creating package script '/home/tamar/RBE594_ws/install/sirgas_description/share/sirgas_description/package.zsh'
[0.582s] Level 1:colcon.colcon_core.environment:create_file_with_runtime_dependencies(/home/tamar/RBE594_ws/install/sirgas_description/share/colcon-core/packages/sirgas_description)
[0.584s] DEBUG:colcon.colcon_core.event_handler.log_command:Invoking command in '/home/tamar/RBE594_ws/build/ur_simulation_gz': AMENT_PREFIX_PATH=/home/tamar/RBE594_ws/install/ur_description:${AMENT_PREFIX_PATH} CMAKE_PREFIX_PATH=/home/tamar/RBE594_ws/install/ur_description:/opt/ros/jazzy/opt/gz_sim_vendor:/opt/ros/jazzy/opt/gz_sensors_vendor:/opt/ros/jazzy/opt/gz_physics_vendor:/opt/ros/jazzy/opt/sdformat_vendor:/opt/ros/jazzy/opt/gz_gui_vendor:/opt/ros/jazzy/opt/gz_transport_vendor:/opt/ros/jazzy/opt/gz_rendering_vendor:/opt/ros/jazzy/opt/gz_plugin_vendor:/opt/ros/jazzy/opt/gz_fuel_tools_vendor:/opt/ros/jazzy/opt/gz_msgs_vendor:/opt/ros/jazzy/opt/gz_common_vendor:/opt/ros/jazzy/opt/gz_math_vendor:/opt/ros/jazzy/opt/gz_utils_vendor:/opt/ros/jazzy/opt/gz_tools_vendor:/opt/ros/jazzy/opt/gz_ogre_next_vendor:/opt/ros/jazzy/opt/gz_dartsim_vendor:/opt/ros/jazzy/opt/gz_cmake_vendor:/opt/ros/jazzy PS1=(vEnv) ${debian_chroot:+($debian_chroot)}\u@\h:\w\$ VIRTUAL_ENV_PROMPT=(vEnv) /usr/bin/cmake --build /home/tamar/RBE594_ws/build/ur_simulation_gz -- -j32 -l32
[0.610s] DEBUG:colcon.colcon_core.event_handler.log_command:Invoked command in '/home/tamar/RBE594_ws/build/ur_simulation_gz' returned '0': AMENT_PREFIX_PATH=/home/tamar/RBE594_ws/install/ur_description:${AMENT_PREFIX_PATH} CMAKE_PREFIX_PATH=/home/tamar/RBE594_ws/install/ur_description:/opt/ros/jazzy/opt/gz_sim_vendor:/opt/ros/jazzy/opt/gz_sensors_vendor:/opt/ros/jazzy/opt/gz_physics_vendor:/opt/ros/jazzy/opt/sdformat_vendor:/opt/ros/jazzy/opt/gz_gui_vendor:/opt/ros/jazzy/opt/gz_transport_vendor:/opt/ros/jazzy/opt/gz_rendering_vendor:/opt/ros/jazzy/opt/gz_plugin_vendor:/opt/ros/jazzy/opt/gz_fuel_tools_vendor:/opt/ros/jazzy/opt/gz_msgs_vendor:/opt/ros/jazzy/opt/gz_common_vendor:/opt/ros/jazzy/opt/gz_math_vendor:/opt/ros/jazzy/opt/gz_utils_vendor:/opt/ros/jazzy/opt/gz_tools_vendor:/opt/ros/jazzy/opt/gz_ogre_next_vendor:/opt/ros/jazzy/opt/gz_dartsim_vendor:/opt/ros/jazzy/opt/gz_cmake_vendor:/opt/ros/jazzy PS1=(vEnv) ${debian_chroot:+($debian_chroot)}\u@\h:\w\$ VIRTUAL_ENV_PROMPT=(vEnv) /usr/bin/cmake --build /home/tamar/RBE594_ws/build/ur_simulation_gz -- -j32 -l32
[0.611s] DEBUG:colcon.colcon_core.event_handler.log_command:Invoking command in '/home/tamar/RBE594_ws/build/ur_simulation_gz': AMENT_PREFIX_PATH=/home/tamar/RBE594_ws/install/ur_description:${AMENT_PREFIX_PATH} CMAKE_PREFIX_PATH=/home/tamar/RBE594_ws/install/ur_description:/opt/ros/jazzy/opt/gz_sim_vendor:/opt/ros/jazzy/opt/gz_sensors_vendor:/opt/ros/jazzy/opt/gz_physics_vendor:/opt/ros/jazzy/opt/sdformat_vendor:/opt/ros/jazzy/opt/gz_gui_vendor:/opt/ros/jazzy/opt/gz_transport_vendor:/opt/ros/jazzy/opt/gz_rendering_vendor:/opt/ros/jazzy/opt/gz_plugin_vendor:/opt/ros/jazzy/opt/gz_fuel_tools_vendor:/opt/ros/jazzy/opt/gz_msgs_vendor:/opt/ros/jazzy/opt/gz_common_vendor:/opt/ros/jazzy/opt/gz_math_vendor:/opt/ros/jazzy/opt/gz_utils_vendor:/opt/ros/jazzy/opt/gz_tools_vendor:/opt/ros/jazzy/opt/gz_ogre_next_vendor:/opt/ros/jazzy/opt/gz_dartsim_vendor:/opt/ros/jazzy/opt/gz_cmake_vendor:/opt/ros/jazzy PS1=(vEnv) ${debian_chroot:+($debian_chroot)}\u@\h:\w\$ VIRTUAL_ENV_PROMPT=(vEnv) /usr/bin/cmake --install /home/tamar/RBE594_ws/build/ur_simulation_gz
[0.623s] Level 1:colcon.colcon_core.environment:create_environment_scripts_only(ur_simulation_gz)
[0.623s] Level 1:colcon.colcon_core.environment:checking '/home/tamar/RBE594_ws/install/ur_simulation_gz' for CMake module files
[0.623s] DEBUG:colcon.colcon_core.event_handler.log_command:Invoked command in '/home/tamar/RBE594_ws/build/ur_simulation_gz' returned '0': AMENT_PREFIX_PATH=/home/tamar/RBE594_ws/install/ur_description:${AMENT_PREFIX_PATH} CMAKE_PREFIX_PATH=/home/tamar/RBE594_ws/install/ur_description:/opt/ros/jazzy/opt/gz_sim_vendor:/opt/ros/jazzy/opt/gz_sensors_vendor:/opt/ros/jazzy/opt/gz_physics_vendor:/opt/ros/jazzy/opt/sdformat_vendor:/opt/ros/jazzy/opt/gz_gui_vendor:/opt/ros/jazzy/opt/gz_transport_vendor:/opt/ros/jazzy/opt/gz_rendering_vendor:/opt/ros/jazzy/opt/gz_plugin_vendor:/opt/ros/jazzy/opt/gz_fuel_tools_vendor:/opt/ros/jazzy/opt/gz_msgs_vendor:/opt/ros/jazzy/opt/gz_common_vendor:/opt/ros/jazzy/opt/gz_math_vendor:/opt/ros/jazzy/opt/gz_utils_vendor:/opt/ros/jazzy/opt/gz_tools_vendor:/opt/ros/jazzy/opt/gz_ogre_next_vendor:/opt/ros/jazzy/opt/gz_dartsim_vendor:/opt/ros/jazzy/opt/gz_cmake_vendor:/opt/ros/jazzy PS1=(vEnv) ${debian_chroot:+($debian_chroot)}\u@\h:\w\$ VIRTUAL_ENV_PROMPT=(vEnv) /usr/bin/cmake --install /home/tamar/RBE594_ws/build/ur_simulation_gz
[0.624s] Level 1:colcon.colcon_core.environment:checking '/home/tamar/RBE594_ws/install/ur_simulation_gz' for CMake config files
[0.624s] Level 1:colcon.colcon_core.shell:create_environment_hook('ur_simulation_gz', 'cmake_prefix_path')
[0.624s] INFO:colcon.colcon_core.shell:Creating environment hook '/home/tamar/RBE594_ws/install/ur_simulation_gz/share/ur_simulation_gz/hook/cmake_prefix_path.ps1'
[0.624s] INFO:colcon.colcon_core.shell:Creating environment descriptor '/home/tamar/RBE594_ws/install/ur_simulation_gz/share/ur_simulation_gz/hook/cmake_prefix_path.dsv'
[0.624s] INFO:colcon.colcon_core.shell:Creating environment hook '/home/tamar/RBE594_ws/install/ur_simulation_gz/share/ur_simulation_gz/hook/cmake_prefix_path.sh'
[0.624s] Level 1:colcon.colcon_core.environment:checking '/home/tamar/RBE594_ws/install/ur_simulation_gz/bin'
[0.624s] Level 1:colcon.colcon_core.environment:checking '/home/tamar/RBE594_ws/install/ur_simulation_gz/lib/pkgconfig/ur_simulation_gz.pc'
[0.624s] Level 1:colcon.colcon_core.environment:checking '/home/tamar/RBE594_ws/install/ur_simulation_gz/lib/python3.12/site-packages'
[0.625s] Level 1:colcon.colcon_core.environment:checking '/home/tamar/RBE594_ws/install/ur_simulation_gz/bin'
[0.625s] INFO:colcon.colcon_core.shell:Creating package script '/home/tamar/RBE594_ws/install/ur_simulation_gz/share/ur_simulation_gz/package.ps1'
[0.625s] INFO:colcon.colcon_core.shell:Creating package descriptor '/home/tamar/RBE594_ws/install/ur_simulation_gz/share/ur_simulation_gz/package.dsv'
[0.625s] INFO:colcon.colcon_core.shell:Creating package script '/home/tamar/RBE594_ws/install/ur_simulation_gz/share/ur_simulation_gz/package.sh'
[0.625s] INFO:colcon.colcon_core.shell:Creating package script '/home/tamar/RBE594_ws/install/ur_simulation_gz/share/ur_simulation_gz/package.bash'
[0.625s] INFO:colcon.colcon_core.shell:Creating package script '/home/tamar/RBE594_ws/install/ur_simulation_gz/share/ur_simulation_gz/package.zsh'
[0.625s] Level 1:colcon.colcon_core.environment:create_file_with_runtime_dependencies(/home/tamar/RBE594_ws/install/ur_simulation_gz/share/colcon-core/packages/ur_simulation_gz)
[0.626s] Level 1:colcon.colcon_core.environment:create_environment_scripts_only(ur_simulation_gz)
[0.626s] Level 1:colcon.colcon_core.environment:checking '/home/tamar/RBE594_ws/install/ur_simulation_gz' for CMake module files
[0.626s] Level 1:colcon.colcon_core.environment:checking '/home/tamar/RBE594_ws/install/ur_simulation_gz' for CMake config files
[0.626s] Level 1:colcon.colcon_core.shell:create_environment_hook('ur_simulation_gz', 'cmake_prefix_path')
[0.626s] INFO:colcon.colcon_core.shell:Creating environment hook '/home/tamar/RBE594_ws/install/ur_simulation_gz/share/ur_simulation_gz/hook/cmake_prefix_path.ps1'
[0.626s] INFO:colcon.colcon_core.shell:Creating environment descriptor '/home/tamar/RBE594_ws/install/ur_simulation_gz/share/ur_simulation_gz/hook/cmake_prefix_path.dsv'
[0.626s] INFO:colcon.colcon_core.shell:Creating environment hook '/home/tamar/RBE594_ws/install/ur_simulation_gz/share/ur_simulation_gz/hook/cmake_prefix_path.sh'
[0.626s] Level 1:colcon.colcon_core.environment:checking '/home/tamar/RBE594_ws/install/ur_simulation_gz/bin'
[0.626s] Level 1:colcon.colcon_core.environment:checking '/home/tamar/RBE594_ws/install/ur_simulation_gz/lib/pkgconfig/ur_simulation_gz.pc'
[0.627s] Level 1:colcon.colcon_core.environment:checking '/home/tamar/RBE594_ws/install/ur_simulation_gz/lib/python3.12/site-packages'
[0.627s] Level 1:colcon.colcon_core.environment:checking '/home/tamar/RBE594_ws/install/ur_simulation_gz/bin'
[0.627s] INFO:colcon.colcon_core.shell:Creating package script '/home/tamar/RBE594_ws/install/ur_simulation_gz/share/ur_simulation_gz/package.ps1'
[0.627s] INFO:colcon.colcon_core.shell:Creating package descriptor '/home/tamar/RBE594_ws/install/ur_simulation_gz/share/ur_simulation_gz/package.dsv'
[0.627s] INFO:colcon.colcon_core.shell:Creating package script '/home/tamar/RBE594_ws/install/ur_simulation_gz/share/ur_simulation_gz/package.sh'
[0.627s] INFO:colcon.colcon_core.shell:Creating package script '/home/tamar/RBE594_ws/install/ur_simulation_gz/share/ur_simulation_gz/package.bash'
[0.627s] INFO:colcon.colcon_core.shell:Creating package script '/home/tamar/RBE594_ws/install/ur_simulation_gz/share/ur_simulation_gz/package.zsh'
[0.628s] Level 1:colcon.colcon_core.environment:create_file_with_runtime_dependencies(/home/tamar/RBE594_ws/install/ur_simulation_gz/share/colcon-core/packages/ur_simulation_gz)
[1.016s] DEBUG:colcon.colcon_core.event_handler.log_command:Invoking command in '/home/tamar/RBE594_ws/build/custom_gear_controllers': PS1=(vEnv) ${debian_chroot:+($debian_chroot)}\u@\h:\w\$ PYTHONPATH=/home/tamar/RBE594_ws/build/custom_gear_controllers/prefix_override:/usr/lib/python3/dist-packages/colcon_core/task/python/colcon_distutils_commands:/home/tamar/RBE594_ws/install/custom_gear_controllers/lib/python3.12/site-packages:${PYTHONPATH} VIRTUAL_ENV_PROMPT=(vEnv) /usr/bin/python3 -W ignore:setup.py install is deprecated -W ignore:easy_install command is deprecated setup.py develop --editable --build-directory /home/tamar/RBE594_ws/build/custom_gear_controllers/build --no-deps symlink_data
[1.272s] Level 1:colcon.colcon_core.shell:create_environment_hook('custom_gear_controllers', 'pythonpath_develop')
[1.272s] INFO:colcon.colcon_core.shell:Creating environment hook '/home/tamar/RBE594_ws/build/custom_gear_controllers/share/custom_gear_controllers/hook/pythonpath_develop.ps1'
[1.272s] DEBUG:colcon.colcon_core.event_handler.log_command:Invoked command in '/home/tamar/RBE594_ws/build/custom_gear_controllers' returned '0': PS1=(vEnv) ${debian_chroot:+($debian_chroot)}\u@\h:\w\$ PYTHONPATH=/home/tamar/RBE594_ws/build/custom_gear_controllers/prefix_override:/usr/lib/python3/dist-packages/colcon_core/task/python/colcon_distutils_commands:/home/tamar/RBE594_ws/install/custom_gear_controllers/lib/python3.12/site-packages:${PYTHONPATH} VIRTUAL_ENV_PROMPT=(vEnv) /usr/bin/python3 -W ignore:setup.py install is deprecated -W ignore:easy_install command is deprecated setup.py develop --editable --build-directory /home/tamar/RBE594_ws/build/custom_gear_controllers/build --no-deps symlink_data
[1.273s] INFO:colcon.colcon_core.shell:Creating environment descriptor '/home/tamar/RBE594_ws/build/custom_gear_controllers/share/custom_gear_controllers/hook/pythonpath_develop.dsv'
[1.273s] INFO:colcon.colcon_core.shell:Creating environment hook '/home/tamar/RBE594_ws/build/custom_gear_controllers/share/custom_gear_controllers/hook/pythonpath_develop.sh'
[1.273s] Level 1:colcon.colcon_core.environment:checking '/home/tamar/RBE594_ws/install/custom_gear_controllers' for CMake module files
[1.273s] Level 1:colcon.colcon_core.environment:checking '/home/tamar/RBE594_ws/install/custom_gear_controllers' for CMake config files
[1.274s] Level 1:colcon.colcon_core.environment:checking '/home/tamar/RBE594_ws/install/custom_gear_controllers/lib'
[1.274s] Level 1:colcon.colcon_core.environment:checking '/home/tamar/RBE594_ws/install/custom_gear_controllers/bin'
[1.274s] Level 1:colcon.colcon_core.environment:checking '/home/tamar/RBE594_ws/install/custom_gear_controllers/lib/pkgconfig/custom_gear_controllers.pc'
[1.274s] Level 1:colcon.colcon_core.environment:checking '/home/tamar/RBE594_ws/install/custom_gear_controllers/lib/python3.12/site-packages'
[1.274s] Level 1:colcon.colcon_core.shell:create_environment_hook('custom_gear_controllers', 'pythonpath')
[1.274s] INFO:colcon.colcon_core.shell:Creating environment hook '/home/tamar/RBE594_ws/install/custom_gear_controllers/share/custom_gear_controllers/hook/pythonpath.ps1'
[1.274s] INFO:colcon.colcon_core.shell:Creating environment descriptor '/home/tamar/RBE594_ws/install/custom_gear_controllers/share/custom_gear_controllers/hook/pythonpath.dsv'
[1.274s] INFO:colcon.colcon_core.shell:Creating environment hook '/home/tamar/RBE594_ws/install/custom_gear_controllers/share/custom_gear_controllers/hook/pythonpath.sh'
[1.274s] Level 1:colcon.colcon_core.environment:checking '/home/tamar/RBE594_ws/install/custom_gear_controllers/bin'
[1.274s] Level 1:colcon.colcon_core.environment:create_environment_scripts_only(custom_gear_controllers)
[1.275s] INFO:colcon.colcon_core.shell:Creating package script '/home/tamar/RBE594_ws/install/custom_gear_controllers/share/custom_gear_controllers/package.ps1'
[1.275s] INFO:colcon.colcon_core.shell:Creating package descriptor '/home/tamar/RBE594_ws/install/custom_gear_controllers/share/custom_gear_controllers/package.dsv'
[1.275s] INFO:colcon.colcon_core.shell:Creating package script '/home/tamar/RBE594_ws/install/custom_gear_controllers/share/custom_gear_controllers/package.sh'
[1.275s] INFO:colcon.colcon_core.shell:Creating package script '/home/tamar/RBE594_ws/install/custom_gear_controllers/share/custom_gear_controllers/package.bash'
[1.275s] INFO:colcon.colcon_core.shell:Creating package script '/home/tamar/RBE594_ws/install/custom_gear_controllers/share/custom_gear_controllers/package.zsh'
[1.275s] Level 1:colcon.colcon_core.environment:create_file_with_runtime_dependencies(/home/tamar/RBE594_ws/install/custom_gear_controllers/share/colcon-core/packages/custom_gear_controllers)
[1.275s] DEBUG:colcon.colcon_parallel_executor.executor.parallel:closing loop
[1.276s] DEBUG:colcon.colcon_parallel_executor.executor.parallel:loop closed
[1.276s] DEBUG:colcon.colcon_parallel_executor.executor.parallel:run_until_complete finished with '0'
[1.276s] DEBUG:colcon.colcon_core.event_reactor:joining thread
[1.284s] INFO:colcon.colcon_core.plugin_system:Skipping extension 'colcon_notification.desktop_notification.notify_send': Could not find 'notify-send'
[1.284s] INFO:colcon.colcon_core.plugin_system:Skipping extension 'colcon_notification.desktop_notification.terminal_notifier': Not used on non-Darwin systems
[1.284s] INFO:colcon.colcon_core.plugin_system:Skipping extension 'colcon_notification.desktop_notification.win32': Not used on non-Windows systems
[1.284s] INFO:colcon.colcon_notification.desktop_notification:Sending desktop notification using 'notify2'
[1.287s] DEBUG:colcon.colcon_notification.desktop_notification.notify2:Failed to initialize notify2: org.freedesktop.DBus.Error.Spawn.ExecFailed: /usr/bin/dbus-launch terminated abnormally without any error message
[1.288s] DEBUG:colcon.colcon_core.event_reactor:joined thread
[1.288s] INFO:colcon.colcon_core.shell:Creating prefix script '/home/tamar/RBE594_ws/install/local_setup.ps1'
[1.288s] INFO:colcon.colcon_core.shell:Creating prefix util module '/home/tamar/RBE594_ws/install/_local_setup_util_ps1.py'
[1.289s] INFO:colcon.colcon_core.shell:Creating prefix chain script '/home/tamar/RBE594_ws/install/setup.ps1'
[1.289s] INFO:colcon.colcon_core.shell:Creating prefix script '/home/tamar/RBE594_ws/install/local_setup.sh'
[1.290s] INFO:colcon.colcon_core.shell:Creating prefix util module '/home/tamar/RBE594_ws/install/_local_setup_util_sh.py'
[1.290s] INFO:colcon.colcon_core.shell:Creating prefix chain script '/home/tamar/RBE594_ws/install/setup.sh'
[1.291s] INFO:colcon.colcon_core.shell:Creating prefix script '/home/tamar/RBE594_ws/install/local_setup.bash'
[1.291s] INFO:colcon.colcon_core.shell:Creating prefix chain script '/home/tamar/RBE594_ws/install/setup.bash'
[1.291s] INFO:colcon.colcon_core.shell:Creating prefix script '/home/tamar/RBE594_ws/install/local_setup.zsh'
[1.292s] INFO:colcon.colcon_core.shell:Creating prefix chain script '/home/tamar/RBE594_ws/install/setup.zsh'
