[0.000000] (-) TimerEvent: {}
[0.000300] (custom_gear_controllers) JobQueued: {'identifier': 'custom_gear_controllers', 'dependencies': OrderedDict()}
[0.000348] (sirgas_description) JobQueued: {'identifier': 'sirgas_description', 'dependencies': OrderedDict()}
[0.000384] (ur_description) JobQueued: {'identifier': 'ur_description', 'dependencies': OrderedDict()}
[0.000407] (ur_simulation_gz) JobQueued: {'identifier': 'ur_simulation_gz', 'dependencies': OrderedDict({'ur_description': '/home/tamar/RBE594_ws/install/ur_description'})}
[0.000454] (ur_description) JobStarted: {'identifier': 'ur_description'}
[0.006104] (custom_gear_controllers) JobStarted: {'identifier': 'custom_gear_controllers'}
[0.012361] (sirgas_description) JobStarted: {'identifier': 'sirgas_description'}
[0.015166] (ur_description) JobProgress: {'identifier': 'ur_description', 'progress': 'cmake'}
[0.015407] (ur_description) JobProgress: {'identifier': 'ur_description', 'progress': 'build'}
[0.015698] (ur_description) Command: {'cmd': ['/usr/bin/cmake', '--build', '/home/tamar/RBE594_ws/build/ur_description', '--', '-j32', '-l32'], 'cwd': '/home/tamar/RBE594_ws/build/ur_description', 'env': OrderedDict({'GZ_SIM_RESOURCE_PATH': '/opt/ros/jazzy/share', 'GZ_CONFIG_PATH': '/opt/ros/jazzy/opt/gz_sim_vendor/share/gz:/opt/ros/jazzy/opt/sdformat_vendor/share/gz:/opt/ros/jazzy/opt/gz_gui_vendor/share/gz:/opt/ros/jazzy/opt/gz_transport_vendor/share/gz:/opt/ros/jazzy/opt/gz_rendering_vendor/share/gz:/opt/ros/jazzy/opt/gz_plugin_vendor/share/gz:/opt/ros/jazzy/opt/gz_fuel_tools_vendor/share/gz:/opt/ros/jazzy/opt/gz_msgs_vendor/share/gz:/opt/ros/jazzy/opt/gz_common_vendor/share/gz', 'HOSTNAME': 'cc3e0c1cee19', 'SHLVL': '1', 'LD_LIBRARY_PATH': '/opt/ros/jazzy/opt/gz_sim_vendor/lib:/opt/ros/jazzy/opt/gz_sensors_vendor/lib:/opt/ros/jazzy/opt/gz_physics_vendor/lib:/opt/ros/jazzy/opt/sdformat_vendor/lib:/opt/ros/jazzy/opt/rviz_ogre_vendor/lib:/opt/ros/jazzy/lib/x86_64-linux-gnu:/opt/ros/jazzy/opt/gz_gui_vendor/lib:/opt/ros/jazzy/opt/gz_transport_vendor/lib:/opt/ros/jazzy/opt/gz_rendering_vendor/lib:/opt/ros/jazzy/opt/gz_plugin_vendor/lib:/opt/ros/jazzy/opt/gz_fuel_tools_vendor/lib:/opt/ros/jazzy/opt/gz_msgs_vendor/lib:/opt/ros/jazzy/opt/gz_common_vendor/lib:/opt/ros/jazzy/opt/gz_math_vendor/lib:/opt/ros/jazzy/opt/gz_utils_vendor/lib:/opt/ros/jazzy/opt/gz_tools_vendor/lib:/opt/ros/jazzy/opt/gz_ogre_next_vendor/lib:/opt/ros/jazzy/opt/gz_dartsim_vendor/lib:/opt/ros/jazzy/opt/gz_cmake_vendor/lib:/opt/ros/jazzy/lib', 'HOME': '/home/tamar', 'OLDPWD': '/home/tamar', 'ROS_PYTHON_VERSION': '3', 'PS1': '(vEnv) ${debian_chroot:+($debian_chroot)}\\u@\\h:\\w\\$', 'ROS_DISTRO': 'jazzy', '_': '/usr/bin/colcon', 'ROS_VERSION': '2', 'TERM': 'xterm', 'QT_X11_NO_MITSHM': '1', 'PATH': '/home/tamar/vEnv/bin:/opt/ros/jazzy/opt/gz_msgs_vendor/bin:/opt/ros/jazzy/opt/gz_tools_vendor/bin:/opt/ros/jazzy/opt/gz_ogre_next_vendor/bin:/opt/ros/jazzy/bin:/usr/local/sbin:/usr/local/bin:/usr/sbin:/usr/bin:/sbin:/bin', 'DISPLAY': ':0', 'LANG': 'C.UTF-8', 'VIRTUAL_ENV_PROMPT': '(vEnv)', 'RMW_IMPLEMENTATION': 'rmw_cyclonedds_cpp', 'AMENT_PREFIX_PATH': '/opt/ros/jazzy', 'VIRTUAL_ENV': '/home/tamar/vEnv', 'ROS_AUTOMATIC_DISCOVERY_RANGE': 'SUBNET', 'PWD': '/home/tamar/RBE594_ws/build/ur_description', 'TURTLEBOT3_MODEL': 'waffle', 'LC_ALL': 'C.UTF-8', 'PYTHONPATH': '/opt/ros/jazzy/lib/python3.12/site-packages', 'COLCON': '1', 'CMAKE_PREFIX_PATH': '/opt/ros/jazzy/opt/gz_sim_vendor:/opt/ros/jazzy/opt/gz_sensors_vendor:/opt/ros/jazzy/opt/gz_physics_vendor:/opt/ros/jazzy/opt/sdformat_vendor:/opt/ros/jazzy/opt/gz_gui_vendor:/opt/ros/jazzy/opt/gz_transport_vendor:/opt/ros/jazzy/opt/gz_rendering_vendor:/opt/ros/jazzy/opt/gz_plugin_vendor:/opt/ros/jazzy/opt/gz_fuel_tools_vendor:/opt/ros/jazzy/opt/gz_msgs_vendor:/opt/ros/jazzy/opt/gz_common_vendor:/opt/ros/jazzy/opt/gz_math_vendor:/opt/ros/jazzy/opt/gz_utils_vendor:/opt/ros/jazzy/opt/gz_tools_vendor:/opt/ros/jazzy/opt/gz_ogre_next_vendor:/opt/ros/jazzy/opt/gz_dartsim_vendor:/opt/ros/jazzy/opt/gz_cmake_vendor:/opt/ros/jazzy'}), 'shell': False}
[0.099819] (-) TimerEvent: {}
[0.155381] (ur_description) CommandEnded: {'returncode': 0}
[0.155650] (ur_description) JobProgress: {'identifier': 'ur_description', 'progress': 'install'}
[0.162561] (ur_description) Command: {'cmd': ['/usr/bin/cmake', '--install', '/home/tamar/RBE594_ws/build/ur_description'], 'cwd': '/home/tamar/RBE594_ws/build/ur_description', 'env': OrderedDict({'GZ_SIM_RESOURCE_PATH': '/opt/ros/jazzy/share', 'GZ_CONFIG_PATH': '/opt/ros/jazzy/opt/gz_sim_vendor/share/gz:/opt/ros/jazzy/opt/sdformat_vendor/share/gz:/opt/ros/jazzy/opt/gz_gui_vendor/share/gz:/opt/ros/jazzy/opt/gz_transport_vendor/share/gz:/opt/ros/jazzy/opt/gz_rendering_vendor/share/gz:/opt/ros/jazzy/opt/gz_plugin_vendor/share/gz:/opt/ros/jazzy/opt/gz_fuel_tools_vendor/share/gz:/opt/ros/jazzy/opt/gz_msgs_vendor/share/gz:/opt/ros/jazzy/opt/gz_common_vendor/share/gz', 'HOSTNAME': 'cc3e0c1cee19', 'SHLVL': '1', 'LD_LIBRARY_PATH': '/opt/ros/jazzy/opt/gz_sim_vendor/lib:/opt/ros/jazzy/opt/gz_sensors_vendor/lib:/opt/ros/jazzy/opt/gz_physics_vendor/lib:/opt/ros/jazzy/opt/sdformat_vendor/lib:/opt/ros/jazzy/opt/rviz_ogre_vendor/lib:/opt/ros/jazzy/lib/x86_64-linux-gnu:/opt/ros/jazzy/opt/gz_gui_vendor/lib:/opt/ros/jazzy/opt/gz_transport_vendor/lib:/opt/ros/jazzy/opt/gz_rendering_vendor/lib:/opt/ros/jazzy/opt/gz_plugin_vendor/lib:/opt/ros/jazzy/opt/gz_fuel_tools_vendor/lib:/opt/ros/jazzy/opt/gz_msgs_vendor/lib:/opt/ros/jazzy/opt/gz_common_vendor/lib:/opt/ros/jazzy/opt/gz_math_vendor/lib:/opt/ros/jazzy/opt/gz_utils_vendor/lib:/opt/ros/jazzy/opt/gz_tools_vendor/lib:/opt/ros/jazzy/opt/gz_ogre_next_vendor/lib:/opt/ros/jazzy/opt/gz_dartsim_vendor/lib:/opt/ros/jazzy/opt/gz_cmake_vendor/lib:/opt/ros/jazzy/lib', 'HOME': '/home/tamar', 'OLDPWD': '/home/tamar', 'ROS_PYTHON_VERSION': '3', 'PS1': '(vEnv) ${debian_chroot:+($debian_chroot)}\\u@\\h:\\w\\$', 'ROS_DISTRO': 'jazzy', '_': '/usr/bin/colcon', 'ROS_VERSION': '2', 'TERM': 'xterm', 'QT_X11_NO_MITSHM': '1', 'PATH': '/home/tamar/vEnv/bin:/opt/ros/jazzy/opt/gz_msgs_vendor/bin:/opt/ros/jazzy/opt/gz_tools_vendor/bin:/opt/ros/jazzy/opt/gz_ogre_next_vendor/bin:/opt/ros/jazzy/bin:/usr/local/sbin:/usr/local/bin:/usr/sbin:/usr/bin:/sbin:/bin', 'DISPLAY': ':0', 'LANG': 'C.UTF-8', 'VIRTUAL_ENV_PROMPT': '(vEnv)', 'RMW_IMPLEMENTATION': 'rmw_cyclonedds_cpp', 'AMENT_PREFIX_PATH': '/opt/ros/jazzy', 'VIRTUAL_ENV': '/home/tamar/vEnv', 'ROS_AUTOMATIC_DISCOVERY_RANGE': 'SUBNET', 'PWD': '/home/tamar/RBE594_ws/build/ur_description', 'TURTLEBOT3_MODEL': 'waffle', 'LC_ALL': 'C.UTF-8', 'PYTHONPATH': '/opt/ros/jazzy/lib/python3.12/site-packages', 'COLCON': '1', 'CMAKE_PREFIX_PATH': '/opt/ros/jazzy/opt/gz_sim_vendor:/opt/ros/jazzy/opt/gz_sensors_vendor:/opt/ros/jazzy/opt/gz_physics_vendor:/opt/ros/jazzy/opt/sdformat_vendor:/opt/ros/jazzy/opt/gz_gui_vendor:/opt/ros/jazzy/opt/gz_transport_vendor:/opt/ros/jazzy/opt/gz_rendering_vendor:/opt/ros/jazzy/opt/gz_plugin_vendor:/opt/ros/jazzy/opt/gz_fuel_tools_vendor:/opt/ros/jazzy/opt/gz_msgs_vendor:/opt/ros/jazzy/opt/gz_common_vendor:/opt/ros/jazzy/opt/gz_math_vendor:/opt/ros/jazzy/opt/gz_utils_vendor:/opt/ros/jazzy/opt/gz_tools_vendor:/opt/ros/jazzy/opt/gz_ogre_next_vendor:/opt/ros/jazzy/opt/gz_dartsim_vendor:/opt/ros/jazzy/opt/gz_cmake_vendor:/opt/ros/jazzy'}), 'shell': False}
[0.163807] (sirgas_description) JobProgress: {'identifier': 'sirgas_description', 'progress': 'cmake'}
[0.164934] (sirgas_description) JobProgress: {'identifier': 'sirgas_description', 'progress': 'build'}
[0.165510] (sirgas_description) Command: {'cmd': ['/usr/bin/cmake', '--build', '/home/tamar/RBE594_ws/build/sirgas_description', '--', '-j32', '-l32'], 'cwd': '/home/tamar/RBE594_ws/build/sirgas_description', 'env': OrderedDict({'GZ_SIM_RESOURCE_PATH': '/opt/ros/jazzy/share', 'GZ_CONFIG_PATH': '/opt/ros/jazzy/opt/gz_sim_vendor/share/gz:/opt/ros/jazzy/opt/sdformat_vendor/share/gz:/opt/ros/jazzy/opt/gz_gui_vendor/share/gz:/opt/ros/jazzy/opt/gz_transport_vendor/share/gz:/opt/ros/jazzy/opt/gz_rendering_vendor/share/gz:/opt/ros/jazzy/opt/gz_plugin_vendor/share/gz:/opt/ros/jazzy/opt/gz_fuel_tools_vendor/share/gz:/opt/ros/jazzy/opt/gz_msgs_vendor/share/gz:/opt/ros/jazzy/opt/gz_common_vendor/share/gz', 'HOSTNAME': 'cc3e0c1cee19', 'SHLVL': '1', 'LD_LIBRARY_PATH': '/opt/ros/jazzy/opt/gz_sim_vendor/lib:/opt/ros/jazzy/opt/gz_sensors_vendor/lib:/opt/ros/jazzy/opt/gz_physics_vendor/lib:/opt/ros/jazzy/opt/sdformat_vendor/lib:/opt/ros/jazzy/opt/rviz_ogre_vendor/lib:/opt/ros/jazzy/lib/x86_64-linux-gnu:/opt/ros/jazzy/opt/gz_gui_vendor/lib:/opt/ros/jazzy/opt/gz_transport_vendor/lib:/opt/ros/jazzy/opt/gz_rendering_vendor/lib:/opt/ros/jazzy/opt/gz_plugin_vendor/lib:/opt/ros/jazzy/opt/gz_fuel_tools_vendor/lib:/opt/ros/jazzy/opt/gz_msgs_vendor/lib:/opt/ros/jazzy/opt/gz_common_vendor/lib:/opt/ros/jazzy/opt/gz_math_vendor/lib:/opt/ros/jazzy/opt/gz_utils_vendor/lib:/opt/ros/jazzy/opt/gz_tools_vendor/lib:/opt/ros/jazzy/opt/gz_ogre_next_vendor/lib:/opt/ros/jazzy/opt/gz_dartsim_vendor/lib:/opt/ros/jazzy/opt/gz_cmake_vendor/lib:/opt/ros/jazzy/lib', 'HOME': '/home/tamar', 'OLDPWD': '/home/tamar', 'ROS_PYTHON_VERSION': '3', 'PS1': '(vEnv) ${debian_chroot:+($debian_chroot)}\\u@\\h:\\w\\$', 'ROS_DISTRO': 'jazzy', '_': '/usr/bin/colcon', 'ROS_VERSION': '2', 'TERM': 'xterm', 'QT_X11_NO_MITSHM': '1', 'PATH': '/home/tamar/vEnv/bin:/opt/ros/jazzy/opt/gz_msgs_vendor/bin:/opt/ros/jazzy/opt/gz_tools_vendor/bin:/opt/ros/jazzy/opt/gz_ogre_next_vendor/bin:/opt/ros/jazzy/bin:/usr/local/sbin:/usr/local/bin:/usr/sbin:/usr/bin:/sbin:/bin', 'DISPLAY': ':0', 'LANG': 'C.UTF-8', 'VIRTUAL_ENV_PROMPT': '(vEnv)', 'RMW_IMPLEMENTATION': 'rmw_cyclonedds_cpp', 'AMENT_PREFIX_PATH': '/opt/ros/jazzy', 'VIRTUAL_ENV': '/home/tamar/vEnv', 'ROS_AUTOMATIC_DISCOVERY_RANGE': 'SUBNET', 'PWD': '/home/tamar/RBE594_ws/build/sirgas_description', 'TURTLEBOT3_MODEL': 'waffle', 'LC_ALL': 'C.UTF-8', 'PYTHONPATH': '/opt/ros/jazzy/lib/python3.12/site-packages', 'COLCON': '1', 'CMAKE_PREFIX_PATH': '/opt/ros/jazzy/opt/gz_sim_vendor:/opt/ros/jazzy/opt/gz_sensors_vendor:/opt/ros/jazzy/opt/gz_physics_vendor:/opt/ros/jazzy/opt/sdformat_vendor:/opt/ros/jazzy/opt/gz_gui_vendor:/opt/ros/jazzy/opt/gz_transport_vendor:/opt/ros/jazzy/opt/gz_rendering_vendor:/opt/ros/jazzy/opt/gz_plugin_vendor:/opt/ros/jazzy/opt/gz_fuel_tools_vendor:/opt/ros/jazzy/opt/gz_msgs_vendor:/opt/ros/jazzy/opt/gz_common_vendor:/opt/ros/jazzy/opt/gz_math_vendor:/opt/ros/jazzy/opt/gz_utils_vendor:/opt/ros/jazzy/opt/gz_tools_vendor:/opt/ros/jazzy/opt/gz_ogre_next_vendor:/opt/ros/jazzy/opt/gz_dartsim_vendor:/opt/ros/jazzy/opt/gz_cmake_vendor:/opt/ros/jazzy'}), 'shell': False}
[0.180205] (ur_description) StdoutLine: {'line': b'-- Install configuration: ""\n'}
[0.180518] (ur_description) StdoutLine: {'line': b'-- Execute custom install script\n'}
[0.181186] (ur_description) StdoutLine: {'line': b'-- Up-to-date symlink: /home/tamar/RBE594_ws/install/ur_description/share/ur_description/config/initial_positions.yaml\n'}
[0.181250] (ur_description) StdoutLine: {'line': b'-- Up-to-date symlink: /home/tamar/RBE594_ws/install/ur_description/share/ur_description/config/ur10/default_kinematics.yaml\n'}
[0.181309] (ur_description) StdoutLine: {'line': b'-- Up-to-date symlink: /home/tamar/RBE594_ws/install/ur_description/share/ur_description/config/ur10/joint_limits.yaml\n'}
[0.181365] (ur_description) StdoutLine: {'line': b'-- Up-to-date symlink: /home/tamar/RBE594_ws/install/ur_description/share/ur_description/config/ur10/physical_parameters.yaml\n'}
[0.181418] (ur_description) StdoutLine: {'line': b'-- Up-to-date symlink: /home/tamar/RBE594_ws/install/ur_description/share/ur_description/config/ur10/visual_parameters.yaml\n'}
[0.181472] (ur_description) StdoutLine: {'line': b'-- Up-to-date symlink: /home/tamar/RBE594_ws/install/ur_description/share/ur_description/config/ur10e/default_kinematics.yaml\n'}
[0.181525] (ur_description) StdoutLine: {'line': b'-- Up-to-date symlink: /home/tamar/RBE594_ws/install/ur_description/share/ur_description/config/ur10e/joint_limits.yaml\n'}
[0.181582] (ur_description) StdoutLine: {'line': b'-- Up-to-date symlink: /home/tamar/RBE594_ws/install/ur_description/share/ur_description/config/ur10e/physical_parameters.yaml\n'}
[0.181635] (ur_description) StdoutLine: {'line': b'-- Up-to-date symlink: /home/tamar/RBE594_ws/install/ur_description/share/ur_description/config/ur10e/visual_parameters.yaml\n'}
[0.181688] (ur_description) StdoutLine: {'line': b'-- Up-to-date symlink: /home/tamar/RBE594_ws/install/ur_description/share/ur_description/config/ur12e/default_kinematics.yaml\n'}
[0.181740] (ur_description) StdoutLine: {'line': b'-- Up-to-date symlink: /home/tamar/RBE594_ws/install/ur_description/share/ur_description/config/ur12e/joint_limits.yaml\n'}
[0.181793] (ur_description) StdoutLine: {'line': b'-- Up-to-date symlink: /home/tamar/RBE594_ws/install/ur_description/share/ur_description/config/ur12e/physical_parameters.yaml\n'}
[0.181843] (ur_description) StdoutLine: {'line': b'-- Up-to-date symlink: /home/tamar/RBE594_ws/install/ur_description/share/ur_description/config/ur12e/visual_parameters.yaml\n'}
[0.181895] (ur_description) StdoutLine: {'line': b'-- Up-to-date symlink: /home/tamar/RBE594_ws/install/ur_description/share/ur_description/config/ur15/default_kinematics.yaml\n'}
[0.181947] (ur_description) StdoutLine: {'line': b'-- Up-to-date symlink: /home/tamar/RBE594_ws/install/ur_description/share/ur_description/config/ur15/joint_limits.yaml\n'}
[0.181998] (ur_description) StdoutLine: {'line': b'-- Up-to-date symlink: /home/tamar/RBE594_ws/install/ur_description/share/ur_description/config/ur15/physical_parameters.yaml\n'}
[0.182058] (ur_description) StdoutLine: {'line': b'-- Up-to-date symlink: /home/tamar/RBE594_ws/install/ur_description/share/ur_description/config/ur15/visual_parameters.yaml\n'}
[0.182145] (ur_description) StdoutLine: {'line': b'-- Up-to-date symlink: /home/tamar/RBE594_ws/install/ur_description/share/ur_description/config/ur16e/default_kinematics.yaml\n'}
[0.182196] (ur_description) StdoutLine: {'line': b'-- Up-to-date symlink: /home/tamar/RBE594_ws/install/ur_description/share/ur_description/config/ur16e/joint_limits.yaml\n'}
[0.182238] (ur_description) StdoutLine: {'line': b'-- Up-to-date symlink: /home/tamar/RBE594_ws/install/ur_description/share/ur_description/config/ur16e/physical_parameters.yaml\n'}
[0.182277] (ur_description) StdoutLine: {'line': b'-- Up-to-date symlink: /home/tamar/RBE594_ws/install/ur_description/share/ur_description/config/ur16e/visual_parameters.yaml\n'}
[0.182321] (ur_description) StdoutLine: {'line': b'-- Up-to-date symlink: /home/tamar/RBE594_ws/install/ur_description/share/ur_description/config/ur20/default_kinematics.yaml\n'}
[0.182369] (ur_description) StdoutLine: {'line': b'-- Up-to-date symlink: /home/tamar/RBE594_ws/install/ur_description/share/ur_description/config/ur20/joint_limits.yaml\n'}
[0.182414] (ur_description) StdoutLine: {'line': b'-- Up-to-date symlink: /home/tamar/RBE594_ws/install/ur_description/share/ur_description/config/ur20/physical_parameters.yaml\n'}
[0.182460] (ur_description) StdoutLine: {'line': b'-- Up-to-date symlink: /home/tamar/RBE594_ws/install/ur_description/share/ur_description/config/ur20/visual_parameters.yaml\n'}
[0.182505] (ur_description) StdoutLine: {'line': b'-- Up-to-date symlink: /home/tamar/RBE594_ws/install/ur_description/share/ur_description/config/ur3/default_kinematics.yaml\n'}
[0.182555] (ur_description) StdoutLine: {'line': b'-- Up-to-date symlink: /home/tamar/RBE594_ws/install/ur_description/share/ur_description/config/ur3/joint_limits.yaml\n'}
[0.182622] (ur_description) StdoutLine: {'line': b'-- Up-to-date symlink: /home/tamar/RBE594_ws/install/ur_description/share/ur_description/config/ur3/physical_parameters.yaml\n'}
[0.182668] (ur_description) StdoutLine: {'line': b'-- Up-to-date symlink: /home/tamar/RBE594_ws/install/ur_description/share/ur_description/config/ur3/visual_parameters.yaml\n'}
[0.182787] (ur_description) StdoutLine: {'line': b'-- Up-to-date symlink: /home/tamar/RBE594_ws/install/ur_description/share/ur_description/config/ur30/default_kinematics.yaml\n'}
[0.182842] (ur_description) StdoutLine: {'line': b'-- Up-to-date symlink: /home/tamar/RBE594_ws/install/ur_description/share/ur_description/config/ur30/joint_limits.yaml\n'}
[0.182900] (ur_description) StdoutLine: {'line': b'-- Up-to-date symlink: /home/tamar/RBE594_ws/install/ur_description/share/ur_description/config/ur30/physical_parameters.yaml\n'}
[0.182949] (ur_description) StdoutLine: {'line': b'-- Up-to-date symlink: /home/tamar/RBE594_ws/install/ur_description/share/ur_description/config/ur30/visual_parameters.yaml\n'}
[0.182999] (ur_description) StdoutLine: {'line': b'-- Up-to-date symlink: /home/tamar/RBE594_ws/install/ur_description/share/ur_description/config/ur3e/default_kinematics.yaml\n'}
[0.183092] (ur_description) StdoutLine: {'line': b'-- Up-to-date symlink: /home/tamar/RBE594_ws/install/ur_description/share/ur_description/config/ur3e/joint_limits.yaml\n'}
[0.183268] (ur_description) StdoutLine: {'line': b'-- Up-to-date symlink: /home/tamar/RBE594_ws/install/ur_description/share/ur_description/config/ur3e/physical_parameters.yaml\n'}
[0.183367] (ur_description) StdoutLine: {'line': b'-- Up-to-date symlink: /home/tamar/RBE594_ws/install/ur_description/share/ur_description/config/ur3e/visual_parameters.yaml\n'}
[0.183441] (ur_description) StdoutLine: {'line': b'-- Up-to-date symlink: /home/tamar/RBE594_ws/install/ur_description/share/ur_description/config/ur5/default_kinematics.yaml\n'}
[0.183512] (ur_description) StdoutLine: {'line': b'-- Up-to-date symlink: /home/tamar/RBE594_ws/install/ur_description/share/ur_description/config/ur5/joint_limits.yaml\n'}
[0.183620] (ur_description) StdoutLine: {'line': b'-- Up-to-date symlink: /home/tamar/RBE594_ws/install/ur_description/share/ur_description/config/ur5/physical_parameters.yaml\n'}
[0.183711] (ur_description) StdoutLine: {'line': b'-- Up-to-date symlink: /home/tamar/RBE594_ws/install/ur_description/share/ur_description/config/ur5/visual_parameters.yaml\n'}
[0.183777] (ur_description) StdoutLine: {'line': b'-- Up-to-date symlink: /home/tamar/RBE594_ws/install/ur_description/share/ur_description/config/ur5e/default_kinematics.yaml\n'}
[0.183843] (ur_description) StdoutLine: {'line': b'-- Up-to-date symlink: /home/tamar/RBE594_ws/install/ur_description/share/ur_description/config/ur5e/joint_limits.yaml\n'}
[0.183907] (ur_description) StdoutLine: {'line': b'-- Up-to-date symlink: /home/tamar/RBE594_ws/install/ur_description/share/ur_description/config/ur5e/physical_parameters.yaml\n'}
[0.184004] (ur_description) StdoutLine: {'line': b'-- Up-to-date symlink: /home/tamar/RBE594_ws/install/ur_description/share/ur_description/config/ur5e/visual_parameters.yaml\n'}
[0.184043] (ur_description) StdoutLine: {'line': b'-- Up-to-date symlink: /home/tamar/RBE594_ws/install/ur_description/share/ur_description/config/ur7e/default_kinematics.yaml\n'}
[0.184075] (ur_description) StdoutLine: {'line': b'-- Up-to-date symlink: /home/tamar/RBE594_ws/install/ur_description/share/ur_description/config/ur7e/joint_limits.yaml\n'}
[0.184114] (ur_description) StdoutLine: {'line': b'-- Up-to-date symlink: /home/tamar/RBE594_ws/install/ur_description/share/ur_description/config/ur7e/physical_parameters.yaml\n'}
[0.184143] (ur_description) StdoutLine: {'line': b'-- Up-to-date symlink: /home/tamar/RBE594_ws/install/ur_description/share/ur_description/config/ur7e/visual_parameters.yaml\n'}
[0.184195] (ur_description) StdoutLine: {'line': b'-- Up-to-date symlink: /home/tamar/RBE594_ws/install/ur_description/share/ur_description/config/ur8long/default_kinematics.yaml\n'}
[0.184267] (ur_description) StdoutLine: {'line': b'-- Up-to-date symlink: /home/tamar/RBE594_ws/install/ur_description/share/ur_description/config/ur8long/joint_limits.yaml\n'}
[0.184323] (ur_description) StdoutLine: {'line': b'-- Up-to-date symlink: /home/tamar/RBE594_ws/install/ur_description/share/ur_description/config/ur8long/physical_parameters.yaml\n'}
[0.184376] (ur_description) StdoutLine: {'line': b'-- Up-to-date symlink: /home/tamar/RBE594_ws/install/ur_description/share/ur_description/config/ur8long/visual_parameters.yaml\n'}
[0.184428] (ur_description) StdoutLine: {'line': b'-- Up-to-date symlink: /home/tamar/RBE594_ws/install/ur_description/share/ur_description/launch/view_ur.launch.py\n'}
[0.185306] (ur_description) StdoutLine: {'line': b'-- Up-to-date symlink: /home/tamar/RBE594_ws/install/ur_description/share/ur_description/meshes/ur10/collision/base.stl\n'}
[0.185771] (ur_description) StdoutLine: {'line': b'-- Up-to-date symlink: /home/tamar/RBE594_ws/install/ur_description/share/ur_description/meshes/ur10/collision/forearm.stl\n'}
[0.185891] (ur_description) StdoutLine: {'line': b'-- Up-to-date symlink: /home/tamar/RBE594_ws/install/ur_description/share/ur_description/meshes/ur10/collision/shoulder.stl\n'}
[0.185974] (ur_description) StdoutLine: {'line': b'-- Up-to-date symlink: /home/tamar/RBE594_ws/install/ur_description/share/ur_description/meshes/ur10/collision/upperarm.stl\n'}
[0.186089] (ur_description) StdoutLine: {'line': b'-- Up-to-date symlink: /home/tamar/RBE594_ws/install/ur_description/share/ur_description/meshes/ur10/collision/wrist1.stl\n'}
[0.186164] (ur_description) StdoutLine: {'line': b'-- Up-to-date symlink: /home/tamar/RBE594_ws/install/ur_description/share/ur_description/meshes/ur10/collision/wrist2.stl\n'}
[0.186235] (ur_description) StdoutLine: {'line': b'-- Up-to-date symlink: /home/tamar/RBE594_ws/install/ur_description/share/ur_description/meshes/ur10/collision/wrist3.stl\n'}
[0.186334] (ur_description) StdoutLine: {'line': b'-- Up-to-date symlink: /home/tamar/RBE594_ws/install/ur_description/share/ur_description/meshes/ur10/visual/base.dae\n'}
[0.186406] (ur_description) StdoutLine: {'line': b'-- Up-to-date symlink: /home/tamar/RBE594_ws/install/ur_description/share/ur_description/meshes/ur10/visual/forearm.dae\n'}
[0.186498] (ur_description) StdoutLine: {'line': b'-- Up-to-date symlink: /home/tamar/RBE594_ws/install/ur_description/share/ur_description/meshes/ur10/visual/shoulder.dae\n'}
[0.186598] (ur_description) StdoutLine: {'line': b'-- Up-to-date symlink: /home/tamar/RBE594_ws/install/ur_description/share/ur_description/meshes/ur10/visual/upperarm.dae\n'}
[0.186719] (ur_description) StdoutLine: {'line': b'-- Up-to-date symlink: /home/tamar/RBE594_ws/install/ur_description/share/ur_description/meshes/ur10/visual/wrist1.dae\n'}
[0.187669] (ur_description) StdoutLine: {'line': b'-- Up-to-date symlink: /home/tamar/RBE594_ws/install/ur_description/share/ur_description/meshes/ur10/visual/wrist2.dae\n'}
[0.187831] (ur_description) StdoutLine: {'line': b'-- Up-to-date symlink: /home/tamar/RBE594_ws/install/ur_description/share/ur_description/meshes/ur10/visual/wrist3.dae\n'}
[0.187920] (ur_description) StdoutLine: {'line': b'-- Up-to-date symlink: /home/tamar/RBE594_ws/install/ur_description/share/ur_description/meshes/ur10e/collision/base.stl\n'}
[0.188014] (ur_description) StdoutLine: {'line': b'-- Up-to-date symlink: /home/tamar/RBE594_ws/install/ur_description/share/ur_description/meshes/ur10e/collision/forearm.stl\n'}
[0.188195] (ur_description) StdoutLine: {'line': b'-- Up-to-date symlink: /home/tamar/RBE594_ws/install/ur_description/share/ur_description/meshes/ur10e/collision/shoulder.stl\n'}
[0.188358] (ur_description) StdoutLine: {'line': b'-- Up-to-date symlink: /home/tamar/RBE594_ws/install/ur_description/share/ur_description/meshes/ur10e/collision/upperarm.stl\n'}
[0.188517] (ur_description) StdoutLine: {'line': b'-- Up-to-date symlink: /home/tamar/RBE594_ws/install/ur_description/share/ur_description/meshes/ur10e/collision/wrist1.stl\n'}
[0.188926] (ur_description) StdoutLine: {'line': b'-- Up-to-date symlink: /home/tamar/RBE594_ws/install/ur_description/share/ur_description/meshes/ur10e/collision/wrist2.stl\n'}
[0.189090] (ur_description) StdoutLine: {'line': b'-- Up-to-date symlink: /home/tamar/RBE594_ws/install/ur_description/share/ur_description/meshes/ur10e/collision/wrist3.stl\n'}
[0.189207] (ur_description) StdoutLine: {'line': b'-- Up-to-date symlink: /home/tamar/RBE594_ws/install/ur_description/share/ur_description/meshes/ur10e/visual/base.dae\n'}
[0.189308] (ur_description) StdoutLine: {'line': b'-- Up-to-date symlink: /home/tamar/RBE594_ws/install/ur_description/share/ur_description/meshes/ur10e/visual/forearm.dae\n'}
[0.189405] (ur_description) StdoutLine: {'line': b'-- Up-to-date symlink: /home/tamar/RBE594_ws/install/ur_description/share/ur_description/meshes/ur10e/visual/shoulder.dae\n'}
[0.189513] (ur_description) StdoutLine: {'line': b'-- Up-to-date symlink: /home/tamar/RBE594_ws/install/ur_description/share/ur_description/meshes/ur10e/visual/upperarm.dae\n'}
[0.189620] (ur_description) StdoutLine: {'line': b'-- Up-to-date symlink: /home/tamar/RBE594_ws/install/ur_description/share/ur_description/meshes/ur10e/visual/wrist1.dae\n'}
[0.189717] (ur_description) StdoutLine: {'line': b'-- Up-to-date symlink: /home/tamar/RBE594_ws/install/ur_description/share/ur_description/meshes/ur10e/visual/wrist2.dae\n'}
[0.189812] (ur_description) StdoutLine: {'line': b'-- Up-to-date symlink: /home/tamar/RBE594_ws/install/ur_description/share/ur_description/meshes/ur10e/visual/wrist3.dae\n'}
[0.190145] (ur_description) StdoutLine: {'line': b'-- Up-to-date symlink: /home/tamar/RBE594_ws/install/ur_description/share/ur_description/meshes/ur15/LICENSE.txt\n'}
[0.190367] (ur_description) StdoutLine: {'line': b'-- Up-to-date symlink: /home/tamar/RBE594_ws/install/ur_description/share/ur_description/meshes/ur15/collision/base.stl\n'}
[0.190562] (ur_description) StdoutLine: {'line': b'-- Up-to-date symlink: /home/tamar/RBE594_ws/install/ur_description/share/ur_description/meshes/ur15/collision/forearm.stl\n'}
[0.190738] (ur_description) StdoutLine: {'line': b'-- Up-to-date symlink: /home/tamar/RBE594_ws/install/ur_description/share/ur_description/meshes/ur15/collision/shoulder.stl\n'}
[0.190909] (ur_description) StdoutLine: {'line': b'-- Up-to-date symlink: /home/tamar/RBE594_ws/install/ur_description/share/ur_description/meshes/ur15/collision/upperarm.stl\n'}
[0.191089] (ur_description) StdoutLine: {'line': b'-- Up-to-date symlink: /home/tamar/RBE594_ws/install/ur_description/share/ur_description/meshes/ur15/collision/wrist1.stl\n'}
[0.191240] (ur_description) StdoutLine: {'line': b'-- Up-to-date symlink: /home/tamar/RBE594_ws/install/ur_description/share/ur_description/meshes/ur15/collision/wrist2.stl\n'}
[0.191383] (ur_description) StdoutLine: {'line': b'-- Up-to-date symlink: /home/tamar/RBE594_ws/install/ur_description/share/ur_description/meshes/ur15/collision/wrist3.stl\n'}
[0.191573] (ur_description) StdoutLine: {'line': b'-- Up-to-date symlink: /home/tamar/RBE594_ws/install/ur_description/share/ur_description/meshes/ur15/visual/UR15_DIFF_8bit_2K.jpg\n'}
[0.191769] (ur_description) StdoutLine: {'line': b'-- Up-to-date symlink: /home/tamar/RBE594_ws/install/ur_description/share/ur_description/meshes/ur15/visual/base.dae\n'}
[0.191949] (ur_description) StdoutLine: {'line': b'-- Up-to-date symlink: /home/tamar/RBE594_ws/install/ur_description/share/ur_description/meshes/ur15/visual/forearm.dae\n'}
[0.192097] (ur_description) StdoutLine: {'line': b'-- Up-to-date symlink: /home/tamar/RBE594_ws/install/ur_description/share/ur_description/meshes/ur15/visual/shoulder.dae\n'}
[0.192185] (ur_description) StdoutLine: {'line': b'-- Up-to-date symlink: /home/tamar/RBE594_ws/install/ur_description/share/ur_description/meshes/ur15/visual/upperarm.dae\n'}
[0.192265] (ur_description) StdoutLine: {'line': b'-- Up-to-date symlink: /home/tamar/RBE594_ws/install/ur_description/share/ur_description/meshes/ur15/visual/wrist1.dae\n'}
[0.192356] (ur_description) StdoutLine: {'line': b'-- Up-to-date symlink: /home/tamar/RBE594_ws/install/ur_description/share/ur_description/meshes/ur15/visual/wrist2.dae\n'}
[0.192443] (ur_description) StdoutLine: {'line': b'-- Up-to-date symlink: /home/tamar/RBE594_ws/install/ur_description/share/ur_description/meshes/ur15/visual/wrist3.dae\n'}
[0.192530] (ur_description) StdoutLine: {'line': b'-- Up-to-date symlink: /home/tamar/RBE594_ws/install/ur_description/share/ur_description/meshes/ur16e/collision/forearm.stl\n'}
[0.192618] (ur_description) StdoutLine: {'line': b'-- Up-to-date symlink: /home/tamar/RBE594_ws/install/ur_description/share/ur_description/meshes/ur16e/collision/upperarm.stl\n'}
[0.192724] (ur_description) StdoutLine: {'line': b'-- Up-to-date symlink: /home/tamar/RBE594_ws/install/ur_description/share/ur_description/meshes/ur16e/visual/forearm.dae\n'}
[0.192809] (ur_description) StdoutLine: {'line': b'-- Up-to-date symlink: /home/tamar/RBE594_ws/install/ur_description/share/ur_description/meshes/ur16e/visual/upperarm.dae\n'}
[0.192893] (ur_description) StdoutLine: {'line': b'-- Up-to-date symlink: /home/tamar/RBE594_ws/install/ur_description/share/ur_description/meshes/ur20/LICENSE.txt\n'}
[0.192980] (ur_description) StdoutLine: {'line': b'-- Up-to-date symlink: /home/tamar/RBE594_ws/install/ur_description/share/ur_description/meshes/ur20/collision/base.stl\n'}
[0.193066] (ur_description) StdoutLine: {'line': b'-- Up-to-date symlink: /home/tamar/RBE594_ws/install/ur_description/share/ur_description/meshes/ur20/collision/forearm.stl\n'}
[0.193158] (ur_description) StdoutLine: {'line': b'-- Up-to-date symlink: /home/tamar/RBE594_ws/install/ur_description/share/ur_description/meshes/ur20/collision/shoulder.stl\n'}
[0.193235] (ur_description) StdoutLine: {'line': b'-- Up-to-date symlink: /home/tamar/RBE594_ws/install/ur_description/share/ur_description/meshes/ur20/collision/upperarm.stl\n'}
[0.193317] (ur_description) StdoutLine: {'line': b'-- Up-to-date symlink: /home/tamar/RBE594_ws/install/ur_description/share/ur_description/meshes/ur20/collision/wrist1.stl\n'}
[0.193396] (ur_description) StdoutLine: {'line': b'-- Up-to-date symlink: /home/tamar/RBE594_ws/install/ur_description/share/ur_description/meshes/ur20/collision/wrist2.stl\n'}
[0.193469] (ur_description) StdoutLine: {'line': b'-- Up-to-date symlink: /home/tamar/RBE594_ws/install/ur_description/share/ur_description/meshes/ur20/collision/wrist3.stl\n'}
[0.193559] (ur_description) StdoutLine: {'line': b'-- Up-to-date symlink: /home/tamar/RBE594_ws/install/ur_description/share/ur_description/meshes/ur20/visual/UR20_DIFF_8bit_2K.png\n'}
[0.193647] (ur_description) StdoutLine: {'line': b'-- Up-to-date symlink: /home/tamar/RBE594_ws/install/ur_description/share/ur_description/meshes/ur20/visual/base.dae\n'}
[0.193720] (ur_description) StdoutLine: {'line': b'-- Up-to-date symlink: /home/tamar/RBE594_ws/install/ur_description/share/ur_description/meshes/ur20/visual/forearm.dae\n'}
[0.193799] (ur_description) StdoutLine: {'line': b'-- Up-to-date symlink: /home/tamar/RBE594_ws/install/ur_description/share/ur_description/meshes/ur20/visual/shoulder.dae\n'}
[0.193875] (ur_description) StdoutLine: {'line': b'-- Up-to-date symlink: /home/tamar/RBE594_ws/install/ur_description/share/ur_description/meshes/ur20/visual/upperarm.dae\n'}
[0.193950] (ur_description) StdoutLine: {'line': b'-- Up-to-date symlink: /home/tamar/RBE594_ws/install/ur_description/share/ur_description/meshes/ur20/visual/wrist1.dae\n'}
[0.194029] (ur_description) StdoutLine: {'line': b'-- Up-to-date symlink: /home/tamar/RBE594_ws/install/ur_description/share/ur_description/meshes/ur20/visual/wrist2.dae\n'}
[0.194102] (ur_description) StdoutLine: {'line': b'-- Up-to-date symlink: /home/tamar/RBE594_ws/install/ur_description/share/ur_description/meshes/ur20/visual/wrist3.dae\n'}
[0.194180] (ur_description) StdoutLine: {'line': b'-- Up-to-date symlink: /home/tamar/RBE594_ws/install/ur_description/share/ur_description/meshes/ur3/collision/base.stl\n'}
[0.194254] (ur_description) StdoutLine: {'line': b'-- Up-to-date symlink: /home/tamar/RBE594_ws/install/ur_description/share/ur_description/meshes/ur3/collision/forearm.stl\n'}
[0.194334] (ur_description) StdoutLine: {'line': b'-- Up-to-date symlink: /home/tamar/RBE594_ws/install/ur_description/share/ur_description/meshes/ur3/collision/shoulder.stl\n'}
[0.194415] (ur_description) StdoutLine: {'line': b'-- Up-to-date symlink: /home/tamar/RBE594_ws/install/ur_description/share/ur_description/meshes/ur3/collision/upperarm.stl\n'}
[0.194486] (ur_description) StdoutLine: {'line': b'-- Up-to-date symlink: /home/tamar/RBE594_ws/install/ur_description/share/ur_description/meshes/ur3/collision/wrist1.stl\n'}
[0.194574] (ur_description) StdoutLine: {'line': b'-- Up-to-date symlink: /home/tamar/RBE594_ws/install/ur_description/share/ur_description/meshes/ur3/collision/wrist2.stl\n'}
[0.194659] (ur_description) StdoutLine: {'line': b'-- Up-to-date symlink: /home/tamar/RBE594_ws/install/ur_description/share/ur_description/meshes/ur3/collision/wrist3.stl\n'}
[0.194730] (ur_description) StdoutLine: {'line': b'-- Up-to-date symlink: /home/tamar/RBE594_ws/install/ur_description/share/ur_description/meshes/ur3/visual/base.dae\n'}
[0.194811] (ur_description) StdoutLine: {'line': b'-- Up-to-date symlink: /home/tamar/RBE594_ws/install/ur_description/share/ur_description/meshes/ur3/visual/forearm.dae\n'}
[0.194890] (ur_description) StdoutLine: {'line': b'-- Up-to-date symlink: /home/tamar/RBE594_ws/install/ur_description/share/ur_description/meshes/ur3/visual/shoulder.dae\n'}
[0.194972] (ur_description) StdoutLine: {'line': b'-- Up-to-date symlink: /home/tamar/RBE594_ws/install/ur_description/share/ur_description/meshes/ur3/visual/upperarm.dae\n'}
[0.195042] (ur_description) StdoutLine: {'line': b'-- Up-to-date symlink: /home/tamar/RBE594_ws/install/ur_description/share/ur_description/meshes/ur3/visual/wrist1.dae\n'}
[0.195109] (ur_description) StdoutLine: {'line': b'-- Up-to-date symlink: /home/tamar/RBE594_ws/install/ur_description/share/ur_description/meshes/ur3/visual/wrist2.dae\n'}
[0.195171] (ur_description) StdoutLine: {'line': b'-- Up-to-date symlink: /home/tamar/RBE594_ws/install/ur_description/share/ur_description/meshes/ur3/visual/wrist3.dae\n'}
[0.195238] (ur_description) StdoutLine: {'line': b'-- Up-to-date symlink: /home/tamar/RBE594_ws/install/ur_description/share/ur_description/meshes/ur30/LICENSE.txt\n'}
[0.195300] (ur_description) StdoutLine: {'line': b'-- Up-to-date symlink: /home/tamar/RBE594_ws/install/ur_description/share/ur_description/meshes/ur30/collision/forearm.stl\n'}
[0.195369] (ur_description) StdoutLine: {'line': b'-- Up-to-date symlink: /home/tamar/RBE594_ws/install/ur_description/share/ur_description/meshes/ur30/collision/upperarm.stl\n'}
[0.195438] (ur_description) StdoutLine: {'line': b'-- Up-to-date symlink: /home/tamar/RBE594_ws/install/ur_description/share/ur_description/meshes/ur30/visual/UR30_DIFF_8bit_2K.png\n'}
[0.195498] (ur_description) StdoutLine: {'line': b'-- Up-to-date symlink: /home/tamar/RBE594_ws/install/ur_description/share/ur_description/meshes/ur30/visual/forearm.dae\n'}
[0.195571] (ur_description) StdoutLine: {'line': b'-- Up-to-date symlink: /home/tamar/RBE594_ws/install/ur_description/share/ur_description/meshes/ur30/visual/upperarm.dae\n'}
[0.195634] (ur_description) StdoutLine: {'line': b'-- Up-to-date symlink: /home/tamar/RBE594_ws/install/ur_description/share/ur_description/meshes/ur3e/collision/base.stl\n'}
[0.195702] (ur_description) StdoutLine: {'line': b'-- Up-to-date symlink: /home/tamar/RBE594_ws/install/ur_description/share/ur_description/meshes/ur3e/collision/forearm.stl\n'}
[0.195770] (ur_description) StdoutLine: {'line': b'-- Up-to-date symlink: /home/tamar/RBE594_ws/install/ur_description/share/ur_description/meshes/ur3e/collision/shoulder.stl\n'}
[0.195829] (ur_description) StdoutLine: {'line': b'-- Up-to-date symlink: /home/tamar/RBE594_ws/install/ur_description/share/ur_description/meshes/ur3e/collision/upperarm.stl\n'}
[0.195898] (ur_description) StdoutLine: {'line': b'-- Up-to-date symlink: /home/tamar/RBE594_ws/install/ur_description/share/ur_description/meshes/ur3e/collision/wrist1.stl\n'}
[0.195967] (ur_description) StdoutLine: {'line': b'-- Up-to-date symlink: /home/tamar/RBE594_ws/install/ur_description/share/ur_description/meshes/ur3e/collision/wrist2.stl\n'}
[0.196034] (ur_description) StdoutLine: {'line': b'-- Up-to-date symlink: /home/tamar/RBE594_ws/install/ur_description/share/ur_description/meshes/ur3e/collision/wrist3.stl\n'}
[0.196099] (ur_description) StdoutLine: {'line': b'-- Up-to-date symlink: /home/tamar/RBE594_ws/install/ur_description/share/ur_description/meshes/ur3e/visual/base.dae\n'}
[0.196205] (ur_description) StdoutLine: {'line': b'-- Up-to-date symlink: /home/tamar/RBE594_ws/install/ur_description/share/ur_description/meshes/ur3e/visual/forearm.dae\n'}
[0.196293] (ur_description) StdoutLine: {'line': b'-- Up-to-date symlink: /home/tamar/RBE594_ws/install/ur_description/share/ur_description/meshes/ur3e/visual/shoulder.dae\n'}
[0.196375] (ur_description) StdoutLine: {'line': b'-- Up-to-date symlink: /home/tamar/RBE594_ws/install/ur_description/share/ur_description/meshes/ur3e/visual/upperarm.dae\n'}
[0.196446] (ur_description) StdoutLine: {'line': b'-- Up-to-date symlink: /home/tamar/RBE594_ws/install/ur_description/share/ur_description/meshes/ur3e/visual/wrist1.dae\n'}
[0.196526] (ur_description) StdoutLine: {'line': b'-- Up-to-date symlink: /home/tamar/RBE594_ws/install/ur_description/share/ur_description/meshes/ur3e/visual/wrist2.dae\n'}
[0.196647] (ur_description) StdoutLine: {'line': b'-- Up-to-date symlink: /home/tamar/RBE594_ws/install/ur_description/share/ur_description/meshes/ur3e/visual/wrist3.dae\n'}
[0.196715] (ur_description) StdoutLine: {'line': b'-- Up-to-date symlink: /home/tamar/RBE594_ws/install/ur_description/share/ur_description/meshes/ur5/collision/base.stl\n'}
[0.196780] (ur_description) StdoutLine: {'line': b'-- Up-to-date symlink: /home/tamar/RBE594_ws/install/ur_description/share/ur_description/meshes/ur5/collision/forearm.stl\n'}
[0.196849] (ur_description) StdoutLine: {'line': b'-- Up-to-date symlink: /home/tamar/RBE594_ws/install/ur_description/share/ur_description/meshes/ur5/collision/shoulder.stl\n'}
[0.196911] (ur_description) StdoutLine: {'line': b'-- Up-to-date symlink: /home/tamar/RBE594_ws/install/ur_description/share/ur_description/meshes/ur5/collision/upperarm.stl\n'}
[0.196979] (ur_description) StdoutLine: {'line': b'-- Up-to-date symlink: /home/tamar/RBE594_ws/install/ur_description/share/ur_description/meshes/ur5/collision/wrist1.stl\n'}
[0.197047] (ur_description) StdoutLine: {'line': b'-- Up-to-date symlink: /home/tamar/RBE594_ws/install/ur_description/share/ur_description/meshes/ur5/collision/wrist2.stl\n'}
[0.197192] (ur_description) StdoutLine: {'line': b'-- Up-to-date symlink: /home/tamar/RBE594_ws/install/ur_description/share/ur_description/meshes/ur5/collision/wrist3.stl\n'}
[0.197278] (ur_description) StdoutLine: {'line': b'-- Up-to-date symlink: /home/tamar/RBE594_ws/install/ur_description/share/ur_description/meshes/ur5/visual/base.dae\n'}
[0.197326] (ur_description) StdoutLine: {'line': b'-- Up-to-date symlink: /home/tamar/RBE594_ws/install/ur_description/share/ur_description/meshes/ur5/visual/forearm.dae\n'}
[0.197367] (ur_description) StdoutLine: {'line': b'-- Up-to-date symlink: /home/tamar/RBE594_ws/install/ur_description/share/ur_description/meshes/ur5/visual/shoulder.dae\n'}
[0.197399] (ur_description) StdoutLine: {'line': b'-- Up-to-date symlink: /home/tamar/RBE594_ws/install/ur_description/share/ur_description/meshes/ur5/visual/upperarm.dae\n'}
[0.197429] (ur_description) StdoutLine: {'line': b'-- Up-to-date symlink: /home/tamar/RBE594_ws/install/ur_description/share/ur_description/meshes/ur5/visual/wrist1.dae\n'}
[0.197458] (ur_description) StdoutLine: {'line': b'-- Up-to-date symlink: /home/tamar/RBE594_ws/install/ur_description/share/ur_description/meshes/ur5/visual/wrist2.dae\n'}
[0.197504] (ur_description) StdoutLine: {'line': b'-- Up-to-date symlink: /home/tamar/RBE594_ws/install/ur_description/share/ur_description/meshes/ur5/visual/wrist3.dae\n'}
[0.197579] (ur_description) StdoutLine: {'line': b'-- Up-to-date symlink: /home/tamar/RBE594_ws/install/ur_description/share/ur_description/meshes/ur5e/collision/base.stl\n'}
[0.197639] (ur_description) StdoutLine: {'line': b'-- Up-to-date symlink: /home/tamar/RBE594_ws/install/ur_description/share/ur_description/meshes/ur5e/collision/forearm.stl\n'}
[0.197758] (ur_description) StdoutLine: {'line': b'-- Up-to-date symlink: /home/tamar/RBE594_ws/install/ur_description/share/ur_description/meshes/ur5e/collision/shoulder.stl\n'}
[0.197813] (ur_description) StdoutLine: {'line': b'-- Up-to-date symlink: /home/tamar/RBE594_ws/install/ur_description/share/ur_description/meshes/ur5e/collision/upperarm.stl\n'}
[0.197866] (ur_description) StdoutLine: {'line': b'-- Up-to-date symlink: /home/tamar/RBE594_ws/install/ur_description/share/ur_description/meshes/ur5e/collision/wrist1.stl\n'}
[0.197962] (ur_description) StdoutLine: {'line': b'-- Up-to-date symlink: /home/tamar/RBE594_ws/install/ur_description/share/ur_description/meshes/ur5e/collision/wrist2.stl\n'}
[0.198015] (ur_description) StdoutLine: {'line': b'-- Up-to-date symlink: /home/tamar/RBE594_ws/install/ur_description/share/ur_description/meshes/ur5e/collision/wrist3.stl\n'}
[0.198068] (ur_description) StdoutLine: {'line': b'-- Up-to-date symlink: /home/tamar/RBE594_ws/install/ur_description/share/ur_description/meshes/ur5e/visual/base.dae\n'}
[0.198120] (ur_description) StdoutLine: {'line': b'-- Up-to-date symlink: /home/tamar/RBE594_ws/install/ur_description/share/ur_description/meshes/ur5e/visual/forearm.dae\n'}
[0.198172] (ur_description) StdoutLine: {'line': b'-- Up-to-date symlink: /home/tamar/RBE594_ws/install/ur_description/share/ur_description/meshes/ur5e/visual/shoulder.dae\n'}
[0.198232] (ur_description) StdoutLine: {'line': b'-- Up-to-date symlink: /home/tamar/RBE594_ws/install/ur_description/share/ur_description/meshes/ur5e/visual/upperarm.dae\n'}
[0.198293] (ur_description) StdoutLine: {'line': b'-- Up-to-date symlink: /home/tamar/RBE594_ws/install/ur_description/share/ur_description/meshes/ur5e/visual/wrist1.dae\n'}
[0.198355] (ur_description) StdoutLine: {'line': b'-- Up-to-date symlink: /home/tamar/RBE594_ws/install/ur_description/share/ur_description/meshes/ur5e/visual/wrist2.dae\n'}
[0.198419] (ur_description) StdoutLine: {'line': b'-- Up-to-date symlink: /home/tamar/RBE594_ws/install/ur_description/share/ur_description/meshes/ur5e/visual/wrist3.dae\n'}
[0.198483] (ur_description) StdoutLine: {'line': b'-- Up-to-date symlink: /home/tamar/RBE594_ws/install/ur_description/share/ur_description/meshes/ur8long/LICENSE.txt\n'}
[0.198555] (ur_description) StdoutLine: {'line': b'-- Up-to-date symlink: /home/tamar/RBE594_ws/install/ur_description/share/ur_description/meshes/ur8long/collision/forearm.stl\n'}
[0.198621] (ur_description) StdoutLine: {'line': b'-- Up-to-date symlink: /home/tamar/RBE594_ws/install/ur_description/share/ur_description/meshes/ur8long/collision/upperarm.stl\n'}
[0.198683] (ur_description) StdoutLine: {'line': b'-- Up-to-date symlink: /home/tamar/RBE594_ws/install/ur_description/share/ur_description/meshes/ur8long/visual/UR8Long_DIFF_8bit_2K.jpg\n'}
[0.198746] (ur_description) StdoutLine: {'line': b'-- Up-to-date symlink: /home/tamar/RBE594_ws/install/ur_description/share/ur_description/meshes/ur8long/visual/forearm.dae\n'}
[0.198809] (ur_description) StdoutLine: {'line': b'-- Up-to-date symlink: /home/tamar/RBE594_ws/install/ur_description/share/ur_description/meshes/ur8long/visual/upperarm.dae\n'}
[0.198871] (ur_description) StdoutLine: {'line': b'-- Up-to-date symlink: /home/tamar/RBE594_ws/install/ur_description/share/ur_description/rviz/view_robot.rviz\n'}
[0.198935] (ur_description) StdoutLine: {'line': b'-- Up-to-date symlink: /home/tamar/RBE594_ws/install/ur_description/share/ur_description/urdf/inc/ur_common.xacro\n'}
[0.199005] (ur_description) StdoutLine: {'line': b'-- Up-to-date symlink: /home/tamar/RBE594_ws/install/ur_description/share/ur_description/urdf/inc/ur_transmissions.xacro\n'}
[0.199123] (ur_description) StdoutLine: {'line': b'-- Up-to-date symlink: /home/tamar/RBE594_ws/install/ur_description/share/ur_description/urdf/ur.ros2_control.xacro\n'}
[0.199206] (ur_description) StdoutLine: {'line': b'-- Up-to-date symlink: /home/tamar/RBE594_ws/install/ur_description/share/ur_description/urdf/ur.urdf.xacro\n'}
[0.199283] (ur_description) StdoutLine: {'line': b'-- Up-to-date symlink: /home/tamar/RBE594_ws/install/ur_description/share/ur_description/urdf/ur_macro.xacro\n'}
[0.199695] (ur_description) StdoutLine: {'line': b'-- Up-to-date symlink: /home/tamar/RBE594_ws/install/ur_description/share/ur_description/test/test_ur_urdf_xacro.py\n'}
[0.199879] (-) TimerEvent: {}
[0.200081] (ur_description) StdoutLine: {'line': b'-- Up-to-date symlink: /home/tamar/RBE594_ws/install/ur_description/share/ur_description/test/test_view_ur_launch.py\n'}
[0.200209] (ur_description) StdoutLine: {'line': b'-- Up-to-date symlink: /home/tamar/RBE594_ws/install/ur_description/share/ament_index/resource_index/package_run_dependencies/ur_description\n'}
[0.200275] (ur_description) StdoutLine: {'line': b'-- Up-to-date symlink: /home/tamar/RBE594_ws/install/ur_description/share/ament_index/resource_index/parent_prefix_path/ur_description\n'}
[0.200340] (ur_description) StdoutLine: {'line': b'-- Up-to-date symlink: /home/tamar/RBE594_ws/install/ur_description/share/ur_description/environment/ament_prefix_path.sh\n'}
[0.200402] (ur_description) StdoutLine: {'line': b'-- Up-to-date symlink: /home/tamar/RBE594_ws/install/ur_description/share/ur_description/environment/ament_prefix_path.dsv\n'}
[0.200461] (ur_description) StdoutLine: {'line': b'-- Up-to-date symlink: /home/tamar/RBE594_ws/install/ur_description/share/ur_description/environment/path.sh\n'}
[0.200535] (ur_description) StdoutLine: {'line': b'-- Up-to-date symlink: /home/tamar/RBE594_ws/install/ur_description/share/ur_description/environment/path.dsv\n'}
[0.200629] (ur_description) StdoutLine: {'line': b'-- Up-to-date symlink: /home/tamar/RBE594_ws/install/ur_description/share/ur_description/local_setup.bash\n'}
[0.200711] (ur_description) StdoutLine: {'line': b'-- Up-to-date symlink: /home/tamar/RBE594_ws/install/ur_description/share/ur_description/local_setup.sh\n'}
[0.200782] (ur_description) StdoutLine: {'line': b'-- Up-to-date symlink: /home/tamar/RBE594_ws/install/ur_description/share/ur_description/local_setup.zsh\n'}
[0.200892] (ur_description) StdoutLine: {'line': b'-- Up-to-date symlink: /home/tamar/RBE594_ws/install/ur_description/share/ur_description/local_setup.dsv\n'}
[0.200947] (ur_description) StdoutLine: {'line': b'-- Symlinking: /home/tamar/RBE594_ws/install/ur_description/share/ur_description/package.dsv\n'}
[0.209275] (ur_description) StdoutLine: {'line': b'-- Up-to-date symlink: /home/tamar/RBE594_ws/install/ur_description/share/ament_index/resource_index/packages/ur_description\n'}
[0.209420] (ur_description) StdoutLine: {'line': b'-- Up-to-date symlink: /home/tamar/RBE594_ws/install/ur_description/share/ur_description/cmake/ur_descriptionConfig.cmake\n'}
[0.209487] (ur_description) StdoutLine: {'line': b'-- Up-to-date symlink: /home/tamar/RBE594_ws/install/ur_description/share/ur_description/cmake/ur_descriptionConfig-version.cmake\n'}
[0.209556] (ur_description) StdoutLine: {'line': b'-- Up-to-date symlink: /home/tamar/RBE594_ws/install/ur_description/share/ur_description/package.xml\n'}
[0.211423] (ur_description) CommandEnded: {'returncode': 0}
[0.222316] (ur_description) JobEnded: {'identifier': 'ur_description', 'rc': 0}
[0.222720] (ur_simulation_gz) JobStarted: {'identifier': 'ur_simulation_gz'}
[0.225200] (sirgas_description) CommandEnded: {'returncode': 0}
[0.225597] (sirgas_description) JobProgress: {'identifier': 'sirgas_description', 'progress': 'install'}
[0.225886] (sirgas_description) Command: {'cmd': ['/usr/bin/cmake', '--install', '/home/tamar/RBE594_ws/build/sirgas_description'], 'cwd': '/home/tamar/RBE594_ws/build/sirgas_description', 'env': OrderedDict({'GZ_SIM_RESOURCE_PATH': '/opt/ros/jazzy/share', 'GZ_CONFIG_PATH': '/opt/ros/jazzy/opt/gz_sim_vendor/share/gz:/opt/ros/jazzy/opt/sdformat_vendor/share/gz:/opt/ros/jazzy/opt/gz_gui_vendor/share/gz:/opt/ros/jazzy/opt/gz_transport_vendor/share/gz:/opt/ros/jazzy/opt/gz_rendering_vendor/share/gz:/opt/ros/jazzy/opt/gz_plugin_vendor/share/gz:/opt/ros/jazzy/opt/gz_fuel_tools_vendor/share/gz:/opt/ros/jazzy/opt/gz_msgs_vendor/share/gz:/opt/ros/jazzy/opt/gz_common_vendor/share/gz', 'HOSTNAME': 'cc3e0c1cee19', 'SHLVL': '1', 'LD_LIBRARY_PATH': '/opt/ros/jazzy/opt/gz_sim_vendor/lib:/opt/ros/jazzy/opt/gz_sensors_vendor/lib:/opt/ros/jazzy/opt/gz_physics_vendor/lib:/opt/ros/jazzy/opt/sdformat_vendor/lib:/opt/ros/jazzy/opt/rviz_ogre_vendor/lib:/opt/ros/jazzy/lib/x86_64-linux-gnu:/opt/ros/jazzy/opt/gz_gui_vendor/lib:/opt/ros/jazzy/opt/gz_transport_vendor/lib:/opt/ros/jazzy/opt/gz_rendering_vendor/lib:/opt/ros/jazzy/opt/gz_plugin_vendor/lib:/opt/ros/jazzy/opt/gz_fuel_tools_vendor/lib:/opt/ros/jazzy/opt/gz_msgs_vendor/lib:/opt/ros/jazzy/opt/gz_common_vendor/lib:/opt/ros/jazzy/opt/gz_math_vendor/lib:/opt/ros/jazzy/opt/gz_utils_vendor/lib:/opt/ros/jazzy/opt/gz_tools_vendor/lib:/opt/ros/jazzy/opt/gz_ogre_next_vendor/lib:/opt/ros/jazzy/opt/gz_dartsim_vendor/lib:/opt/ros/jazzy/opt/gz_cmake_vendor/lib:/opt/ros/jazzy/lib', 'HOME': '/home/tamar', 'OLDPWD': '/home/tamar', 'ROS_PYTHON_VERSION': '3', 'PS1': '(vEnv) ${debian_chroot:+($debian_chroot)}\\u@\\h:\\w\\$', 'ROS_DISTRO': 'jazzy', '_': '/usr/bin/colcon', 'ROS_VERSION': '2', 'TERM': 'xterm', 'QT_X11_NO_MITSHM': '1', 'PATH': '/home/tamar/vEnv/bin:/opt/ros/jazzy/opt/gz_msgs_vendor/bin:/opt/ros/jazzy/opt/gz_tools_vendor/bin:/opt/ros/jazzy/opt/gz_ogre_next_vendor/bin:/opt/ros/jazzy/bin:/usr/local/sbin:/usr/local/bin:/usr/sbin:/usr/bin:/sbin:/bin', 'DISPLAY': ':0', 'LANG': 'C.UTF-8', 'VIRTUAL_ENV_PROMPT': '(vEnv)', 'RMW_IMPLEMENTATION': 'rmw_cyclonedds_cpp', 'AMENT_PREFIX_PATH': '/opt/ros/jazzy', 'VIRTUAL_ENV': '/home/tamar/vEnv', 'ROS_AUTOMATIC_DISCOVERY_RANGE': 'SUBNET', 'PWD': '/home/tamar/RBE594_ws/build/sirgas_description', 'TURTLEBOT3_MODEL': 'waffle', 'LC_ALL': 'C.UTF-8', 'PYTHONPATH': '/opt/ros/jazzy/lib/python3.12/site-packages', 'COLCON': '1', 'CMAKE_PREFIX_PATH': '/opt/ros/jazzy/opt/gz_sim_vendor:/opt/ros/jazzy/opt/gz_sensors_vendor:/opt/ros/jazzy/opt/gz_physics_vendor:/opt/ros/jazzy/opt/sdformat_vendor:/opt/ros/jazzy/opt/gz_gui_vendor:/opt/ros/jazzy/opt/gz_transport_vendor:/opt/ros/jazzy/opt/gz_rendering_vendor:/opt/ros/jazzy/opt/gz_plugin_vendor:/opt/ros/jazzy/opt/gz_fuel_tools_vendor:/opt/ros/jazzy/opt/gz_msgs_vendor:/opt/ros/jazzy/opt/gz_common_vendor:/opt/ros/jazzy/opt/gz_math_vendor:/opt/ros/jazzy/opt/gz_utils_vendor:/opt/ros/jazzy/opt/gz_tools_vendor:/opt/ros/jazzy/opt/gz_ogre_next_vendor:/opt/ros/jazzy/opt/gz_dartsim_vendor:/opt/ros/jazzy/opt/gz_cmake_vendor:/opt/ros/jazzy'}), 'shell': False}
[0.226711] (ur_simulation_gz) JobProgress: {'identifier': 'ur_simulation_gz', 'progress': 'cmake'}
[0.226948] (ur_simulation_gz) JobProgress: {'identifier': 'ur_simulation_gz', 'progress': 'build'}
[0.227164] (ur_simulation_gz) Command: {'cmd': ['/usr/bin/cmake', '--build', '/home/tamar/RBE594_ws/build/ur_simulation_gz', '--', '-j32', '-l32'], 'cwd': '/home/tamar/RBE594_ws/build/ur_simulation_gz', 'env': OrderedDict({'GZ_SIM_RESOURCE_PATH': '/opt/ros/jazzy/share', 'GZ_CONFIG_PATH': '/opt/ros/jazzy/opt/gz_sim_vendor/share/gz:/opt/ros/jazzy/opt/sdformat_vendor/share/gz:/opt/ros/jazzy/opt/gz_gui_vendor/share/gz:/opt/ros/jazzy/opt/gz_transport_vendor/share/gz:/opt/ros/jazzy/opt/gz_rendering_vendor/share/gz:/opt/ros/jazzy/opt/gz_plugin_vendor/share/gz:/opt/ros/jazzy/opt/gz_fuel_tools_vendor/share/gz:/opt/ros/jazzy/opt/gz_msgs_vendor/share/gz:/opt/ros/jazzy/opt/gz_common_vendor/share/gz', 'HOSTNAME': 'cc3e0c1cee19', 'SHLVL': '1', 'LD_LIBRARY_PATH': '/opt/ros/jazzy/opt/gz_sim_vendor/lib:/opt/ros/jazzy/opt/gz_sensors_vendor/lib:/opt/ros/jazzy/opt/gz_physics_vendor/lib:/opt/ros/jazzy/opt/sdformat_vendor/lib:/opt/ros/jazzy/opt/rviz_ogre_vendor/lib:/opt/ros/jazzy/lib/x86_64-linux-gnu:/opt/ros/jazzy/opt/gz_gui_vendor/lib:/opt/ros/jazzy/opt/gz_transport_vendor/lib:/opt/ros/jazzy/opt/gz_rendering_vendor/lib:/opt/ros/jazzy/opt/gz_plugin_vendor/lib:/opt/ros/jazzy/opt/gz_fuel_tools_vendor/lib:/opt/ros/jazzy/opt/gz_msgs_vendor/lib:/opt/ros/jazzy/opt/gz_common_vendor/lib:/opt/ros/jazzy/opt/gz_math_vendor/lib:/opt/ros/jazzy/opt/gz_utils_vendor/lib:/opt/ros/jazzy/opt/gz_tools_vendor/lib:/opt/ros/jazzy/opt/gz_ogre_next_vendor/lib:/opt/ros/jazzy/opt/gz_dartsim_vendor/lib:/opt/ros/jazzy/opt/gz_cmake_vendor/lib:/opt/ros/jazzy/lib', 'HOME': '/home/tamar', 'OLDPWD': '/home/tamar', 'ROS_PYTHON_VERSION': '3', 'PS1': '(vEnv) ${debian_chroot:+($debian_chroot)}\\u@\\h:\\w\\$', 'ROS_DISTRO': 'jazzy', '_': '/usr/bin/colcon', 'ROS_VERSION': '2', 'TERM': 'xterm', 'QT_X11_NO_MITSHM': '1', 'PATH': '/home/tamar/vEnv/bin:/opt/ros/jazzy/opt/gz_msgs_vendor/bin:/opt/ros/jazzy/opt/gz_tools_vendor/bin:/opt/ros/jazzy/opt/gz_ogre_next_vendor/bin:/opt/ros/jazzy/bin:/usr/local/sbin:/usr/local/bin:/usr/sbin:/usr/bin:/sbin:/bin', 'DISPLAY': ':0', 'LANG': 'C.UTF-8', 'VIRTUAL_ENV_PROMPT': '(vEnv)', 'RMW_IMPLEMENTATION': 'rmw_cyclonedds_cpp', 'AMENT_PREFIX_PATH': '/home/tamar/RBE594_ws/install/ur_description:/opt/ros/jazzy', 'VIRTUAL_ENV': '/home/tamar/vEnv', 'ROS_AUTOMATIC_DISCOVERY_RANGE': 'SUBNET', 'PWD': '/home/tamar/RBE594_ws/build/ur_simulation_gz', 'TURTLEBOT3_MODEL': 'waffle', 'LC_ALL': 'C.UTF-8', 'PYTHONPATH': '/opt/ros/jazzy/lib/python3.12/site-packages', 'COLCON': '1', 'CMAKE_PREFIX_PATH': '/home/tamar/RBE594_ws/install/ur_description:/opt/ros/jazzy/opt/gz_sim_vendor:/opt/ros/jazzy/opt/gz_sensors_vendor:/opt/ros/jazzy/opt/gz_physics_vendor:/opt/ros/jazzy/opt/sdformat_vendor:/opt/ros/jazzy/opt/gz_gui_vendor:/opt/ros/jazzy/opt/gz_transport_vendor:/opt/ros/jazzy/opt/gz_rendering_vendor:/opt/ros/jazzy/opt/gz_plugin_vendor:/opt/ros/jazzy/opt/gz_fuel_tools_vendor:/opt/ros/jazzy/opt/gz_msgs_vendor:/opt/ros/jazzy/opt/gz_common_vendor:/opt/ros/jazzy/opt/gz_math_vendor:/opt/ros/jazzy/opt/gz_utils_vendor:/opt/ros/jazzy/opt/gz_tools_vendor:/opt/ros/jazzy/opt/gz_ogre_next_vendor:/opt/ros/jazzy/opt/gz_dartsim_vendor:/opt/ros/jazzy/opt/gz_cmake_vendor:/opt/ros/jazzy'}), 'shell': False}
[0.232454] (sirgas_description) StdoutLine: {'line': b'-- Install configuration: ""\n'}
[0.232671] (sirgas_description) StdoutLine: {'line': b'-- Execute custom install script\n'}
[0.233132] (sirgas_description) StdoutLine: {'line': b'-- Up-to-date symlink: /home/tamar/RBE594_ws/install/sirgas_description/share/sirgas_description//urdf/gear_starter_motor.urdf.xacro\n'}
[0.233185] (sirgas_description) StdoutLine: {'line': b'-- Up-to-date symlink: /home/tamar/RBE594_ws/install/sirgas_description/share/sirgas_description//urdf/inc/ur_common.xacro\n'}
[0.233232] (sirgas_description) StdoutLine: {'line': b'-- Up-to-date symlink: /home/tamar/RBE594_ws/install/sirgas_description/share/sirgas_description//urdf/inc/ur_transmissions.xacro\n'}
[0.233278] (sirgas_description) StdoutLine: {'line': b'-- Up-to-date symlink: /home/tamar/RBE594_ws/install/sirgas_description/share/sirgas_description//urdf/pba.urdf.xacro\n'}
[0.233322] (sirgas_description) StdoutLine: {'line': b'-- Up-to-date symlink: /home/tamar/RBE594_ws/install/sirgas_description/share/sirgas_description//urdf/ur20.ros2_control.xacro\n'}
[0.233374] (sirgas_description) StdoutLine: {'line': b'-- Up-to-date symlink: /home/tamar/RBE594_ws/install/sirgas_description/share/sirgas_description//urdf/ur20_macro.xacro\n'}
[0.233462] (sirgas_description) StdoutLine: {'line': b'-- Up-to-date symlink: /home/tamar/RBE594_ws/install/sirgas_description/share/sirgas_description//urdf/ur20_picker.urdf.xacro\n'}
[0.233512] (sirgas_description) StdoutLine: {'line': b'-- Up-to-date symlink: /home/tamar/RBE594_ws/install/sirgas_description/share/sirgas_description//urdf/ur20_starter.urdf.xacro\n'}
[0.233595] (sirgas_description) StdoutLine: {'line': b'-- Up-to-date symlink: /home/tamar/RBE594_ws/install/sirgas_description/share/sirgas_description//launch/gr.launch.py\n'}
[0.233642] (sirgas_description) StdoutLine: {'line': b'-- Up-to-date symlink: /home/tamar/RBE594_ws/install/sirgas_description/share/sirgas_description//launch/pba.launch.py\n'}
[0.233684] (sirgas_description) StdoutLine: {'line': b'-- Up-to-date symlink: /home/tamar/RBE594_ws/install/sirgas_description/share/sirgas_description//launch/pba.launch.xml\n'}
[0.233725] (sirgas_description) StdoutLine: {'line': b'-- Up-to-date symlink: /home/tamar/RBE594_ws/install/sirgas_description/share/sirgas_description//launch/sim.launch.py\n'}
[0.233766] (sirgas_description) StdoutLine: {'line': b'-- Up-to-date symlink: /home/tamar/RBE594_ws/install/sirgas_description/share/sirgas_description//launch/sim2.launch.py\n'}
[0.233806] (sirgas_description) StdoutLine: {'line': b'-- Up-to-date symlink: /home/tamar/RBE594_ws/install/sirgas_description/share/sirgas_description//launch/sim3.launch.py\n'}
[0.233848] (sirgas_description) StdoutLine: {'line': b'-- Up-to-date symlink: /home/tamar/RBE594_ws/install/sirgas_description/share/sirgas_description//launch/ur20_starter.launch.py\n'}
[0.233892] (sirgas_description) StdoutLine: {'line': b'-- Up-to-date symlink: /home/tamar/RBE594_ws/install/sirgas_description/share/sirgas_description//launch/ur20_starter_spawn.launch.py\n'}
[0.234018] (sirgas_description) StdoutLine: {'line': b'-- Up-to-date symlink: /home/tamar/RBE594_ws/install/sirgas_description/share/sirgas_description//meshes/Assembly 1.stl\n'}
[0.234061] (sirgas_description) StdoutLine: {'line': b'-- Up-to-date symlink: /home/tamar/RBE594_ws/install/sirgas_description/share/sirgas_description//meshes/First_Gear.stl\n'}
[0.234102] (sirgas_description) StdoutLine: {'line': b'-- Up-to-date symlink: /home/tamar/RBE594_ws/install/sirgas_description/share/sirgas_description//meshes/Gear_Rotator.stl\n'}
[0.234143] (sirgas_description) StdoutLine: {'line': b'-- Up-to-date symlink: /home/tamar/RBE594_ws/install/sirgas_description/share/sirgas_description//meshes/Motor_Housing.stl\n'}
[0.234184] (sirgas_description) StdoutLine: {'line': b'-- Up-to-date symlink: /home/tamar/RBE594_ws/install/sirgas_description/share/sirgas_description//meshes/Peg_Board.stl\n'}
[0.234224] (sirgas_description) StdoutLine: {'line': b'-- Up-to-date symlink: /home/tamar/RBE594_ws/install/sirgas_description/share/sirgas_description//meshes/Second_Gear.stl\n'}
[0.234267] (sirgas_description) StdoutLine: {'line': b'-- Up-to-date symlink: /home/tamar/RBE594_ws/install/sirgas_description/share/sirgas_description//meshes/Starter_Gear.stl\n'}
[0.234306] (sirgas_description) StdoutLine: {'line': b'-- Up-to-date symlink: /home/tamar/RBE594_ws/install/sirgas_description/share/sirgas_description//meshes/Third_Gear.stl\n'}
[0.234441] (sirgas_description) StdoutLine: {'line': b'-- Up-to-date symlink: /home/tamar/RBE594_ws/install/sirgas_description/share/sirgas_description//rviz/config.rviz\n'}
[0.234483] (sirgas_description) StdoutLine: {'line': b'-- Up-to-date symlink: /home/tamar/RBE594_ws/install/sirgas_description/share/sirgas_description//rviz/gsm.rviz\n'}
[0.234529] (sirgas_description) StdoutLine: {'line': b'-- Up-to-date symlink: /home/tamar/RBE594_ws/install/sirgas_description/share/sirgas_description//rviz/ur20_view.rviz\n'}
[0.234654] (sirgas_description) StdoutLine: {'line': b'-- Up-to-date symlink: /home/tamar/RBE594_ws/install/sirgas_description/share/sirgas_description//config/gear_coupling_controller.yaml\n'}
[0.234700] (sirgas_description) StdoutLine: {'line': b'-- Up-to-date symlink: /home/tamar/RBE594_ws/install/sirgas_description/share/sirgas_description//config/gsm_controller.yaml\n'}
[0.234741] (sirgas_description) StdoutLine: {'line': b'-- Up-to-date symlink: /home/tamar/RBE594_ws/install/sirgas_description/share/sirgas_description//config/initial_positions.yaml\n'}
[0.234782] (sirgas_description) StdoutLine: {'line': b'-- Up-to-date symlink: /home/tamar/RBE594_ws/install/sirgas_description/share/sirgas_description//config/load_controllers.sh\n'}
[0.234822] (sirgas_description) StdoutLine: {'line': b'-- Up-to-date symlink: /home/tamar/RBE594_ws/install/sirgas_description/share/sirgas_description//config/pba_controller.yaml\n'}
[0.234862] (sirgas_description) StdoutLine: {'line': b'-- Up-to-date symlink: /home/tamar/RBE594_ws/install/sirgas_description/share/sirgas_description//config/ur20_controllers.yaml\n'}
[0.234904] (sirgas_description) StdoutLine: {'line': b'-- Up-to-date symlink: /home/tamar/RBE594_ws/install/sirgas_description/share/sirgas_description//config/ur20_picker_controllers.yaml\n'}
[0.234947] (sirgas_description) StdoutLine: {'line': b'-- Up-to-date symlink: /home/tamar/RBE594_ws/install/sirgas_description/share/sirgas_description//config/ur20_starter_controllers.yaml\n'}
[0.235032] (sirgas_description) StdoutLine: {'line': b'-- Up-to-date symlink: /home/tamar/RBE594_ws/install/sirgas_description/share/ament_index/resource_index/package_run_dependencies/sirgas_description\n'}
[0.235111] (sirgas_description) StdoutLine: {'line': b'-- Up-to-date symlink: /home/tamar/RBE594_ws/install/sirgas_description/share/ament_index/resource_index/parent_prefix_path/sirgas_description\n'}
[0.235185] (sirgas_description) StdoutLine: {'line': b'-- Up-to-date symlink: /home/tamar/RBE594_ws/install/sirgas_description/share/sirgas_description/environment/ament_prefix_path.sh\n'}
[0.235250] (sirgas_description) StdoutLine: {'line': b'-- Up-to-date symlink: /home/tamar/RBE594_ws/install/sirgas_description/share/sirgas_description/environment/ament_prefix_path.dsv\n'}
[0.235314] (sirgas_description) StdoutLine: {'line': b'-- Up-to-date symlink: /home/tamar/RBE594_ws/install/sirgas_description/share/sirgas_description/environment/path.sh\n'}
[0.235380] (sirgas_description) StdoutLine: {'line': b'-- Up-to-date symlink: /home/tamar/RBE594_ws/install/sirgas_description/share/sirgas_description/environment/path.dsv\n'}
[0.235438] (sirgas_description) StdoutLine: {'line': b'-- Up-to-date symlink: /home/tamar/RBE594_ws/install/sirgas_description/share/sirgas_description/local_setup.bash\n'}
[0.235500] (sirgas_description) StdoutLine: {'line': b'-- Up-to-date symlink: /home/tamar/RBE594_ws/install/sirgas_description/share/sirgas_description/local_setup.sh\n'}
[0.235557] (sirgas_description) StdoutLine: {'line': b'-- Up-to-date symlink: /home/tamar/RBE594_ws/install/sirgas_description/share/sirgas_description/local_setup.zsh\n'}
[0.235615] (sirgas_description) StdoutLine: {'line': b'-- Up-to-date symlink: /home/tamar/RBE594_ws/install/sirgas_description/share/sirgas_description/local_setup.dsv\n'}
[0.235657] (sirgas_description) StdoutLine: {'line': b'-- Symlinking: /home/tamar/RBE594_ws/install/sirgas_description/share/sirgas_description/package.dsv\n'}
[0.242672] (sirgas_description) StdoutLine: {'line': b'-- Up-to-date symlink: /home/tamar/RBE594_ws/install/sirgas_description/share/ament_index/resource_index/packages/sirgas_description\n'}
[0.242800] (sirgas_description) StdoutLine: {'line': b'-- Up-to-date symlink: /home/tamar/RBE594_ws/install/sirgas_description/share/sirgas_description/cmake/sirgas_descriptionConfig.cmake\n'}
[0.242835] (sirgas_description) StdoutLine: {'line': b'-- Up-to-date symlink: /home/tamar/RBE594_ws/install/sirgas_description/share/sirgas_description/cmake/sirgas_descriptionConfig-version.cmake\n'}
[0.242886] (sirgas_description) StdoutLine: {'line': b'-- Up-to-date symlink: /home/tamar/RBE594_ws/install/sirgas_description/share/sirgas_description/package.xml\n'}
[0.243720] (sirgas_description) CommandEnded: {'returncode': 0}
[0.251704] (sirgas_description) JobEnded: {'identifier': 'sirgas_description', 'rc': 0}
[0.255366] (ur_simulation_gz) CommandEnded: {'returncode': 0}
[0.255652] (ur_simulation_gz) JobProgress: {'identifier': 'ur_simulation_gz', 'progress': 'install'}
[0.255833] (ur_simulation_gz) Command: {'cmd': ['/usr/bin/cmake', '--install', '/home/tamar/RBE594_ws/build/ur_simulation_gz'], 'cwd': '/home/tamar/RBE594_ws/build/ur_simulation_gz', 'env': OrderedDict({'GZ_SIM_RESOURCE_PATH': '/opt/ros/jazzy/share', 'GZ_CONFIG_PATH': '/opt/ros/jazzy/opt/gz_sim_vendor/share/gz:/opt/ros/jazzy/opt/sdformat_vendor/share/gz:/opt/ros/jazzy/opt/gz_gui_vendor/share/gz:/opt/ros/jazzy/opt/gz_transport_vendor/share/gz:/opt/ros/jazzy/opt/gz_rendering_vendor/share/gz:/opt/ros/jazzy/opt/gz_plugin_vendor/share/gz:/opt/ros/jazzy/opt/gz_fuel_tools_vendor/share/gz:/opt/ros/jazzy/opt/gz_msgs_vendor/share/gz:/opt/ros/jazzy/opt/gz_common_vendor/share/gz', 'HOSTNAME': 'cc3e0c1cee19', 'SHLVL': '1', 'LD_LIBRARY_PATH': '/opt/ros/jazzy/opt/gz_sim_vendor/lib:/opt/ros/jazzy/opt/gz_sensors_vendor/lib:/opt/ros/jazzy/opt/gz_physics_vendor/lib:/opt/ros/jazzy/opt/sdformat_vendor/lib:/opt/ros/jazzy/opt/rviz_ogre_vendor/lib:/opt/ros/jazzy/lib/x86_64-linux-gnu:/opt/ros/jazzy/opt/gz_gui_vendor/lib:/opt/ros/jazzy/opt/gz_transport_vendor/lib:/opt/ros/jazzy/opt/gz_rendering_vendor/lib:/opt/ros/jazzy/opt/gz_plugin_vendor/lib:/opt/ros/jazzy/opt/gz_fuel_tools_vendor/lib:/opt/ros/jazzy/opt/gz_msgs_vendor/lib:/opt/ros/jazzy/opt/gz_common_vendor/lib:/opt/ros/jazzy/opt/gz_math_vendor/lib:/opt/ros/jazzy/opt/gz_utils_vendor/lib:/opt/ros/jazzy/opt/gz_tools_vendor/lib:/opt/ros/jazzy/opt/gz_ogre_next_vendor/lib:/opt/ros/jazzy/opt/gz_dartsim_vendor/lib:/opt/ros/jazzy/opt/gz_cmake_vendor/lib:/opt/ros/jazzy/lib', 'HOME': '/home/tamar', 'OLDPWD': '/home/tamar', 'ROS_PYTHON_VERSION': '3', 'PS1': '(vEnv) ${debian_chroot:+($debian_chroot)}\\u@\\h:\\w\\$', 'ROS_DISTRO': 'jazzy', '_': '/usr/bin/colcon', 'ROS_VERSION': '2', 'TERM': 'xterm', 'QT_X11_NO_MITSHM': '1', 'PATH': '/home/tamar/vEnv/bin:/opt/ros/jazzy/opt/gz_msgs_vendor/bin:/opt/ros/jazzy/opt/gz_tools_vendor/bin:/opt/ros/jazzy/opt/gz_ogre_next_vendor/bin:/opt/ros/jazzy/bin:/usr/local/sbin:/usr/local/bin:/usr/sbin:/usr/bin:/sbin:/bin', 'DISPLAY': ':0', 'LANG': 'C.UTF-8', 'VIRTUAL_ENV_PROMPT': '(vEnv)', 'RMW_IMPLEMENTATION': 'rmw_cyclonedds_cpp', 'AMENT_PREFIX_PATH': '/home/tamar/RBE594_ws/install/ur_description:/opt/ros/jazzy', 'VIRTUAL_ENV': '/home/tamar/vEnv', 'ROS_AUTOMATIC_DISCOVERY_RANGE': 'SUBNET', 'PWD': '/home/tamar/RBE594_ws/build/ur_simulation_gz', 'TURTLEBOT3_MODEL': 'waffle', 'LC_ALL': 'C.UTF-8', 'PYTHONPATH': '/opt/ros/jazzy/lib/python3.12/site-packages', 'COLCON': '1', 'CMAKE_PREFIX_PATH': '/home/tamar/RBE594_ws/install/ur_description:/opt/ros/jazzy/opt/gz_sim_vendor:/opt/ros/jazzy/opt/gz_sensors_vendor:/opt/ros/jazzy/opt/gz_physics_vendor:/opt/ros/jazzy/opt/sdformat_vendor:/opt/ros/jazzy/opt/gz_gui_vendor:/opt/ros/jazzy/opt/gz_transport_vendor:/opt/ros/jazzy/opt/gz_rendering_vendor:/opt/ros/jazzy/opt/gz_plugin_vendor:/opt/ros/jazzy/opt/gz_fuel_tools_vendor:/opt/ros/jazzy/opt/gz_msgs_vendor:/opt/ros/jazzy/opt/gz_common_vendor:/opt/ros/jazzy/opt/gz_math_vendor:/opt/ros/jazzy/opt/gz_utils_vendor:/opt/ros/jazzy/opt/gz_tools_vendor:/opt/ros/jazzy/opt/gz_ogre_next_vendor:/opt/ros/jazzy/opt/gz_dartsim_vendor:/opt/ros/jazzy/opt/gz_cmake_vendor:/opt/ros/jazzy'}), 'shell': False}
[0.261726] (ur_simulation_gz) StdoutLine: {'line': b'-- Install configuration: ""\n'}
[0.261866] (ur_simulation_gz) StdoutLine: {'line': b'-- Execute custom install script\n'}
[0.262252] (ur_simulation_gz) StdoutLine: {'line': b'-- Up-to-date symlink: /home/tamar/RBE594_ws/install/ur_simulation_gz/share/ur_simulation_gz/config/ur_controllers.yaml\n'}
[0.262330] (ur_simulation_gz) StdoutLine: {'line': b'-- Up-to-date symlink: /home/tamar/RBE594_ws/install/ur_simulation_gz/share/ur_simulation_gz/launch/ur_sim_control.launch.py\n'}
[0.262374] (ur_simulation_gz) StdoutLine: {'line': b'-- Up-to-date symlink: /home/tamar/RBE594_ws/install/ur_simulation_gz/share/ur_simulation_gz/launch/ur_sim_moveit.launch.py\n'}
[0.262466] (ur_simulation_gz) StdoutLine: {'line': b'-- Up-to-date symlink: /home/tamar/RBE594_ws/install/ur_simulation_gz/share/ament_index/resource_index/package_run_dependencies/ur_simulation_gz\n'}
[0.262537] (ur_simulation_gz) StdoutLine: {'line': b'-- Up-to-date symlink: /home/tamar/RBE594_ws/install/ur_simulation_gz/share/ament_index/resource_index/parent_prefix_path/ur_simulation_gz\n'}
[0.262617] (ur_simulation_gz) StdoutLine: {'line': b'-- Up-to-date symlink: /home/tamar/RBE594_ws/install/ur_simulation_gz/share/ur_simulation_gz/environment/ament_prefix_path.sh\n'}
[0.262682] (ur_simulation_gz) StdoutLine: {'line': b'-- Up-to-date symlink: /home/tamar/RBE594_ws/install/ur_simulation_gz/share/ur_simulation_gz/environment/ament_prefix_path.dsv\n'}
[0.262748] (ur_simulation_gz) StdoutLine: {'line': b'-- Up-to-date symlink: /home/tamar/RBE594_ws/install/ur_simulation_gz/share/ur_simulation_gz/environment/path.sh\n'}
[0.262811] (ur_simulation_gz) StdoutLine: {'line': b'-- Up-to-date symlink: /home/tamar/RBE594_ws/install/ur_simulation_gz/share/ur_simulation_gz/environment/path.dsv\n'}
[0.262873] (ur_simulation_gz) StdoutLine: {'line': b'-- Up-to-date symlink: /home/tamar/RBE594_ws/install/ur_simulation_gz/share/ur_simulation_gz/local_setup.bash\n'}
[0.262934] (ur_simulation_gz) StdoutLine: {'line': b'-- Up-to-date symlink: /home/tamar/RBE594_ws/install/ur_simulation_gz/share/ur_simulation_gz/local_setup.sh\n'}
[0.262992] (ur_simulation_gz) StdoutLine: {'line': b'-- Up-to-date symlink: /home/tamar/RBE594_ws/install/ur_simulation_gz/share/ur_simulation_gz/local_setup.zsh\n'}
[0.263050] (ur_simulation_gz) StdoutLine: {'line': b'-- Up-to-date symlink: /home/tamar/RBE594_ws/install/ur_simulation_gz/share/ur_simulation_gz/local_setup.dsv\n'}
[0.263096] (ur_simulation_gz) StdoutLine: {'line': b'-- Symlinking: /home/tamar/RBE594_ws/install/ur_simulation_gz/share/ur_simulation_gz/package.dsv\n'}
[0.270266] (ur_simulation_gz) StdoutLine: {'line': b'-- Up-to-date symlink: /home/tamar/RBE594_ws/install/ur_simulation_gz/share/ament_index/resource_index/packages/ur_simulation_gz\n'}
[0.270363] (ur_simulation_gz) StdoutLine: {'line': b'-- Up-to-date symlink: /home/tamar/RBE594_ws/install/ur_simulation_gz/share/ur_simulation_gz/cmake/ur_simulation_gzConfig.cmake\n'}
[0.270394] (ur_simulation_gz) StdoutLine: {'line': b'-- Up-to-date symlink: /home/tamar/RBE594_ws/install/ur_simulation_gz/share/ur_simulation_gz/cmake/ur_simulation_gzConfig-version.cmake\n'}
[0.270424] (ur_simulation_gz) StdoutLine: {'line': b'-- Up-to-date symlink: /home/tamar/RBE594_ws/install/ur_simulation_gz/share/ur_simulation_gz/package.xml\n'}
[0.270881] (ur_simulation_gz) CommandEnded: {'returncode': 0}
[0.278909] (ur_simulation_gz) JobEnded: {'identifier': 'ur_simulation_gz', 'rc': 0}
[0.300313] (-) TimerEvent: {}
[0.400478] (-) TimerEvent: {}
[0.500660] (-) TimerEvent: {}
[0.542429] (custom_gear_controllers) Command: {'cmd': ['/usr/bin/python3', '-W', 'ignore:setup.py install is deprecated', '-W', 'ignore:easy_install command is deprecated', 'setup.py', 'develop', '--editable', '--build-directory', '/home/tamar/RBE594_ws/build/custom_gear_controllers/build', '--no-deps', 'symlink_data'], 'cwd': '/home/tamar/RBE594_ws/build/custom_gear_controllers', 'env': {'GZ_SIM_RESOURCE_PATH': '/opt/ros/jazzy/share', 'GZ_CONFIG_PATH': '/opt/ros/jazzy/opt/gz_sim_vendor/share/gz:/opt/ros/jazzy/opt/sdformat_vendor/share/gz:/opt/ros/jazzy/opt/gz_gui_vendor/share/gz:/opt/ros/jazzy/opt/gz_transport_vendor/share/gz:/opt/ros/jazzy/opt/gz_rendering_vendor/share/gz:/opt/ros/jazzy/opt/gz_plugin_vendor/share/gz:/opt/ros/jazzy/opt/gz_fuel_tools_vendor/share/gz:/opt/ros/jazzy/opt/gz_msgs_vendor/share/gz:/opt/ros/jazzy/opt/gz_common_vendor/share/gz', 'HOSTNAME': 'cc3e0c1cee19', 'SHLVL': '1', 'LD_LIBRARY_PATH': '/opt/ros/jazzy/opt/gz_sim_vendor/lib:/opt/ros/jazzy/opt/gz_sensors_vendor/lib:/opt/ros/jazzy/opt/gz_physics_vendor/lib:/opt/ros/jazzy/opt/sdformat_vendor/lib:/opt/ros/jazzy/opt/rviz_ogre_vendor/lib:/opt/ros/jazzy/lib/x86_64-linux-gnu:/opt/ros/jazzy/opt/gz_gui_vendor/lib:/opt/ros/jazzy/opt/gz_transport_vendor/lib:/opt/ros/jazzy/opt/gz_rendering_vendor/lib:/opt/ros/jazzy/opt/gz_plugin_vendor/lib:/opt/ros/jazzy/opt/gz_fuel_tools_vendor/lib:/opt/ros/jazzy/opt/gz_msgs_vendor/lib:/opt/ros/jazzy/opt/gz_common_vendor/lib:/opt/ros/jazzy/opt/gz_math_vendor/lib:/opt/ros/jazzy/opt/gz_utils_vendor/lib:/opt/ros/jazzy/opt/gz_tools_vendor/lib:/opt/ros/jazzy/opt/gz_ogre_next_vendor/lib:/opt/ros/jazzy/opt/gz_dartsim_vendor/lib:/opt/ros/jazzy/opt/gz_cmake_vendor/lib:/opt/ros/jazzy/lib', 'HOME': '/home/tamar', 'OLDPWD': '/home/tamar', 'ROS_PYTHON_VERSION': '3', 'PS1': '(vEnv) ${debian_chroot:+($debian_chroot)}\\u@\\h:\\w\\$', 'ROS_DISTRO': 'jazzy', '_': '/usr/bin/colcon', 'ROS_VERSION': '2', 'TERM': 'xterm', 'QT_X11_NO_MITSHM': '1', 'PATH': '/home/tamar/vEnv/bin:/opt/ros/jazzy/opt/gz_msgs_vendor/bin:/opt/ros/jazzy/opt/gz_tools_vendor/bin:/opt/ros/jazzy/opt/gz_ogre_next_vendor/bin:/opt/ros/jazzy/bin:/usr/local/sbin:/usr/local/bin:/usr/sbin:/usr/bin:/sbin:/bin', 'DISPLAY': ':0', 'LANG': 'C.UTF-8', 'VIRTUAL_ENV_PROMPT': '(vEnv)', 'RMW_IMPLEMENTATION': 'rmw_cyclonedds_cpp', 'AMENT_PREFIX_PATH': '/opt/ros/jazzy', 'VIRTUAL_ENV': '/home/tamar/vEnv', 'ROS_AUTOMATIC_DISCOVERY_RANGE': 'SUBNET', 'PWD': '/home/tamar/RBE594_ws/build/custom_gear_controllers', 'TURTLEBOT3_MODEL': 'waffle', 'LC_ALL': 'C.UTF-8', 'PYTHONPATH': '/home/tamar/RBE594_ws/build/custom_gear_controllers/prefix_override:/usr/lib/python3/dist-packages/colcon_core/task/python/colcon_distutils_commands:/home/tamar/RBE594_ws/install/custom_gear_controllers/lib/python3.12/site-packages:/opt/ros/jazzy/lib/python3.12/site-packages', 'COLCON': '1', 'CMAKE_PREFIX_PATH': '/opt/ros/jazzy/opt/gz_sim_vendor:/opt/ros/jazzy/opt/gz_sensors_vendor:/opt/ros/jazzy/opt/gz_physics_vendor:/opt/ros/jazzy/opt/sdformat_vendor:/opt/ros/jazzy/opt/gz_gui_vendor:/opt/ros/jazzy/opt/gz_transport_vendor:/opt/ros/jazzy/opt/gz_rendering_vendor:/opt/ros/jazzy/opt/gz_plugin_vendor:/opt/ros/jazzy/opt/gz_fuel_tools_vendor:/opt/ros/jazzy/opt/gz_msgs_vendor:/opt/ros/jazzy/opt/gz_common_vendor:/opt/ros/jazzy/opt/gz_math_vendor:/opt/ros/jazzy/opt/gz_utils_vendor:/opt/ros/jazzy/opt/gz_tools_vendor:/opt/ros/jazzy/opt/gz_ogre_next_vendor:/opt/ros/jazzy/opt/gz_dartsim_vendor:/opt/ros/jazzy/opt/gz_cmake_vendor'}, 'shell': False}
[0.600735] (-) TimerEvent: {}
[0.700897] (-) TimerEvent: {}
[0.756216] (custom_gear_controllers) StdoutLine: {'line': b'running develop\n'}
[0.800972] (-) TimerEvent: {}
[0.901248] (-) TimerEvent: {}
[0.902212] (custom_gear_controllers) StdoutLine: {'line': b'running egg_info\n'}
[0.916588] (custom_gear_controllers) StdoutLine: {'line': b'writing custom_gear_controllers.egg-info/PKG-INFO\n'}
[0.916786] (custom_gear_controllers) StdoutLine: {'line': b'writing dependency_links to custom_gear_controllers.egg-info/dependency_links.txt\n'}
[0.916924] (custom_gear_controllers) StdoutLine: {'line': b'writing entry points to custom_gear_controllers.egg-info/entry_points.txt\n'}
[0.917010] (custom_gear_controllers) StdoutLine: {'line': b'writing requirements to custom_gear_controllers.egg-info/requires.txt\n'}
[0.917071] (custom_gear_controllers) StdoutLine: {'line': b'writing top-level names to custom_gear_controllers.egg-info/top_level.txt\n'}
[0.943668] (custom_gear_controllers) StdoutLine: {'line': b"reading manifest file 'custom_gear_controllers.egg-info/SOURCES.txt'\n"}
[0.944127] (custom_gear_controllers) StdoutLine: {'line': b"writing manifest file 'custom_gear_controllers.egg-info/SOURCES.txt'\n"}
[0.958757] (custom_gear_controllers) StdoutLine: {'line': b'running build_ext\n'}
[0.958923] (custom_gear_controllers) StdoutLine: {'line': b'Creating /home/tamar/RBE594_ws/install/custom_gear_controllers/lib/python3.12/site-packages/custom-gear-controllers.egg-link (link to .)\n'}
[0.959194] (custom_gear_controllers) StdoutLine: {'line': b'\n'}
[0.959308] (custom_gear_controllers) StdoutLine: {'line': b'Installed /home/tamar/RBE594_ws/build/custom_gear_controllers\n'}
[0.959366] (custom_gear_controllers) StdoutLine: {'line': b'running symlink_data\n'}
[0.979975] (custom_gear_controllers) CommandEnded: {'returncode': 0}
[0.986896] (custom_gear_controllers) JobEnded: {'identifier': 'custom_gear_controllers', 'rc': 0}
[0.987378] (-) EventReactorShutdown: {}
