[0.063s] Invoking command in '/home/tamar/ws_moveit/build/moveit_task_constructor_visualization': AMENT_PREFIX_PATH=/home/tamar/ws_moveit/install/moveit_task_constructor_core:/home/tamar/ws_moveit/install/moveit_planners:/home/tamar/ws_moveit/install/pilz_industrial_motion_planner:/home/tamar/ws_moveit/install/moveit_ros_visualization:/home/tamar/ws_moveit/install/moveit_resources_prbt_pg70_support:/home/tamar/ws_moveit/install/moveit_ros_planning_interface:/home/tamar/ws_moveit/install/moveit_resources_prbt_moveit_config:/home/tamar/ws_moveit/install/moveit_ros_move_group:/home/tamar/ws_moveit/install/moveit_ros_warehouse:/home/tamar/ws_moveit/install/moveit_ros_robot_interaction:/home/tamar/ws_moveit/install/moveit_planners_ompl:/home/tamar/ws_moveit/install/moveit_kinematics:/home/tamar/ws_moveit/install/moveit_ros_planning:/home/tamar/ws_moveit/install/moveit_planners_chomp:/home/tamar/ws_moveit/install/pilz_industrial_motion_planner_testutils:/home/tamar/ws_moveit/install/moveit_simple_controller_manager:/home/tamar/ws_moveit/install/moveit_ros_occupancy_map_monitor:/home/tamar/ws_moveit/install/moveit_resources_prbt_ikfast_manipulator_plugin:/home/tamar/ws_moveit/install/moveit_planners_stomp:/home/tamar/ws_moveit/install/chomp_motion_planner:/home/tamar/ws_moveit/install/rviz_marker_tools:/home/tamar/ws_moveit/install/moveit_task_constructor_msgs:/home/tamar/ws_moveit/install/moveit_resources_fanuc_moveit_config:/home/tamar/ws_moveit/install/moveit_core:/home/tamar/ws_moveit/install/moveit_resources_prbt_support:/home/tamar/ws_moveit/install/moveit_resources_pr2_description:/home/tamar/ws_moveit/install/moveit_resources_panda_description:/home/tamar/ws_moveit/install/moveit_resources_fanuc_description:/home/tamar/ws_moveit/install/moveit_msgs:/home/tamar/ws_moveit/install/moveit_configs_utils:/home/tamar/ws_moveit/install/moveit_common:${AMENT_PREFIX_PATH} CMAKE_MODULE_PATH=/home/tamar/ws_moveit/install/moveit_task_constructor_core/share/moveit_task_constructor_core/cmake CMAKE_PREFIX_PATH=/home/tamar/ws_moveit/install/moveit_task_constructor_core:/home/tamar/ws_moveit/install/moveit_planners:/home/tamar/ws_moveit/install/pilz_industrial_motion_planner:/home/tamar/ws_moveit/install/moveit_ros_visualization:/home/tamar/ws_moveit/install/moveit_resources_prbt_pg70_support:/home/tamar/ws_moveit/install/moveit_ros_planning_interface:/home/tamar/ws_moveit/install/moveit_resources_prbt_moveit_config:/home/tamar/ws_moveit/install/moveit_ros_move_group:/home/tamar/ws_moveit/install/moveit_ros_warehouse:/home/tamar/ws_moveit/install/moveit_ros_robot_interaction:/home/tamar/ws_moveit/install/moveit_planners_ompl:/home/tamar/ws_moveit/install/moveit_kinematics:/home/tamar/ws_moveit/install/moveit_ros_planning:/home/tamar/ws_moveit/install/moveit_planners_chomp:/home/tamar/ws_moveit/install/pilz_industrial_motion_planner_testutils:/home/tamar/ws_moveit/install/moveit_simple_controller_manager:/home/tamar/ws_moveit/install/moveit_ros_occupancy_map_monitor:/home/tamar/ws_moveit/install/moveit_resources_prbt_ikfast_manipulator_plugin:/home/tamar/ws_moveit/install/moveit_planners_stomp:/home/tamar/ws_moveit/install/chomp_motion_planner:/home/tamar/ws_moveit/install/rviz_marker_tools:/home/tamar/ws_moveit/install/moveit_task_constructor_msgs:/home/tamar/ws_moveit/install/moveit_resources_fanuc_moveit_config:/home/tamar/ws_moveit/install/moveit_core:/home/tamar/ws_moveit/install/moveit_resources_prbt_support:/home/tamar/ws_moveit/install/moveit_resources_pr2_description:/home/tamar/ws_moveit/install/moveit_resources_panda_description:/home/tamar/ws_moveit/install/moveit_resources_fanuc_description:/home/tamar/ws_moveit/install/moveit_msgs:/home/tamar/ws_moveit/install/moveit_common:/opt/ros/jazzy/opt/gz_sim_vendor:/opt/ros/jazzy/opt/gz_sensors_vendor:/opt/ros/jazzy/opt/gz_physics_vendor:/opt/ros/jazzy/opt/sdformat_vendor:/opt/ros/jazzy/opt/gz_gui_vendor:/opt/ros/jazzy/opt/gz_transport_vendor:/opt/ros/jazzy/opt/gz_rendering_vendor:/opt/ros/jazzy/opt/gz_plugin_vendor:/opt/ros/jazzy/opt/gz_fuel_tools_vendor:/opt/ros/jazzy/opt/gz_msgs_vendor:/opt/ros/jazzy/opt/gz_common_vendor:/opt/ros/jazzy/opt/gz_math_vendor:/opt/ros/jazzy/opt/gz_utils_vendor:/opt/ros/jazzy/opt/gz_tools_vendor:/opt/ros/jazzy/opt/gz_ogre_next_vendor:/opt/ros/jazzy/opt/gz_dartsim_vendor:/opt/ros/jazzy/opt/gz_cmake_vendor:/opt/ros/jazzy LD_LIBRARY_PATH=/home/tamar/ws_moveit/install/moveit_task_constructor_core/lib:/home/tamar/ws_moveit/install/pilz_industrial_motion_planner/lib:/home/tamar/ws_moveit/install/moveit_ros_visualization/lib:/home/tamar/ws_moveit/install/moveit_ros_planning_interface/lib:/home/tamar/ws_moveit/install/moveit_ros_move_group/lib:/home/tamar/ws_moveit/install/moveit_ros_warehouse/lib:/home/tamar/ws_moveit/install/moveit_ros_robot_interaction/lib:/home/tamar/ws_moveit/install/moveit_planners_ompl/lib:/home/tamar/ws_moveit/install/moveit_kinematics/lib:/home/tamar/ws_moveit/install/moveit_ros_planning/lib:/home/tamar/ws_moveit/install/moveit_planners_chomp/lib:/home/tamar/ws_moveit/install/pilz_industrial_motion_planner_testutils/lib:/home/tamar/ws_moveit/install/moveit_simple_controller_manager/lib:/home/tamar/ws_moveit/install/moveit_ros_occupancy_map_monitor/lib:/home/tamar/ws_moveit/install/moveit_resources_prbt_ikfast_manipulator_plugin/lib:/home/tamar/ws_moveit/install/moveit_planners_stomp/lib:/home/tamar/ws_moveit/install/chomp_motion_planner/lib:/home/tamar/ws_moveit/install/rviz_marker_tools/lib:/home/tamar/ws_moveit/install/moveit_task_constructor_msgs/lib:/home/tamar/ws_moveit/install/moveit_core/lib:/home/tamar/ws_moveit/install/moveit_msgs/lib:${LD_LIBRARY_PATH} PATH=/home/tamar/ws_moveit/install/moveit_core/bin:${PATH} PYTHONPATH=/home/tamar/ws_moveit/install/moveit_task_constructor_core/lib/python3.12/site-packages:/home/tamar/ws_moveit/install/moveit_task_constructor_msgs/lib/python3.12/site-packages:/home/tamar/ws_moveit/install/moveit_msgs/lib/python3.12/site-packages:/home/tamar/ws_moveit/install/moveit_configs_utils/lib/python3.12/site-packages:${PYTHONPATH} /usr/bin/cmake /home/tamar/ws_moveit/src/moveit_task_constructor/visualization -DCMAKE_BUILD_TYPE=Release -DCMAKE_INSTALL_PREFIX=/home/tamar/ws_moveit/install/moveit_task_constructor_visualization
[0.103s] -- The C compiler identification is GNU 13.3.0
[0.136s] -- The CXX compiler identification is GNU 13.3.0
[0.147s] -- Detecting C compiler ABI info
[0.208s] -- Detecting C compiler ABI info - done
[0.215s] -- Check for working C compiler: /usr/bin/cc - skipped
[0.215s] -- Detecting C compile features
[0.215s] -- Detecting C compile features - done
[0.222s] -- Detecting CXX compiler ABI info
[0.290s] -- Detecting CXX compiler ABI info - done
[0.296s] -- Check for working CXX compiler: /usr/bin/c++ - skipped
[0.296s] -- Detecting CXX compile features
[0.296s] -- Detecting CXX compile features - done
[0.302s] -- Found ament_cmake: 2.5.4 (/opt/ros/jazzy/share/ament_cmake/cmake)
[0.414s] -- Found Python3: /usr/bin/python3 (found version "3.12.3") found components: Interpreter 
[0.541s] -- Found Boost: /usr/lib/x86_64-linux-gnu/cmake/Boost-1.83.0/BoostConfig.cmake (found version "1.83.0")  
[0.543s] -- Found moveit_common: 2.12.3 (/home/tamar/ws_moveit/install/moveit_common/share/moveit_common/cmake)
[0.595s] -- Found moveit_core: 2.12.3 (/home/tamar/ws_moveit/install/moveit_core/share/moveit_core/cmake)
[0.731s] -- Found Boost: /usr/lib/x86_64-linux-gnu/cmake/Boost-1.83.0/BoostConfig.cmake (found version "1.83.0") found components: chrono date_time filesystem iostreams program_options regex serialization system thread 
[0.815s] -- Found parameter_traits: 0.5.0 (/opt/ros/jazzy/share/parameter_traits/cmake)
[0.871s] -- Found rosidl_generator_c: 4.6.6 (/opt/ros/jazzy/share/rosidl_generator_c/cmake)
[0.890s] -- Found rosidl_generator_cpp: 4.6.6 (/opt/ros/jazzy/share/rosidl_generator_cpp/cmake)
[0.911s] -- Using all available rosidl_typesupport_c: rosidl_typesupport_fastrtps_c;rosidl_typesupport_introspection_c
[0.933s] -- Using all available rosidl_typesupport_cpp: rosidl_typesupport_fastrtps_cpp;rosidl_typesupport_introspection_cpp
[1.014s] -- Found rmw_implementation_cmake: 7.3.2 (/opt/ros/jazzy/share/rmw_implementation_cmake/cmake)
[1.020s] -- Found rmw_cyclonedds_cpp: 2.2.3 (/opt/ros/jazzy/share/rmw_cyclonedds_cpp/cmake)
[1.055s] -- Using RMW implementation 'rmw_cyclonedds_cpp' as default
[1.132s] -- Found rclcpp_lifecycle: 28.1.12 (/opt/ros/jazzy/share/rclcpp_lifecycle/cmake)
[1.163s] -- Found Boost: /usr/lib/x86_64-linux-gnu/cmake/Boost-1.83.0/BoostConfig.cmake (found version "1.83.0") found components: filesystem 
[1.283s] -- Found Eigen3: TRUE (found version "3.4.0") 
[1.283s] -- Ensuring Eigen3 include directory is part of orocos-kdl CMake target
[1.433s] -- Found TinyXML2 via Config file: /usr/lib/x86_64-linux-gnu/cmake/tinyxml2
[1.564s] -- Found moveit_ros_visualization: 2.12.3 (/home/tamar/ws_moveit/install/moveit_ros_visualization/share/moveit_ros_visualization/cmake)
[1.566s] -- Found Boost: /usr/lib/x86_64-linux-gnu/cmake/Boost-1.83.0/BoostConfig.cmake (found version "1.83.0") found components: thread date_time system filesystem 
[1.579s] -- Found Boost: /usr/lib/x86_64-linux-gnu/cmake/Boost-1.83.0/BoostConfig.cmake (found version "1.83.0") found components: system filesystem date_time program_options thread chrono 
[1.607s] -- Found Boost: /usr/lib/x86_64-linux-gnu/cmake/Boost-1.83.0/BoostConfig.cmake (found version "1.83.0") found components: date_time filesystem program_options system thread 
[1.615s] -- Found Boost: /usr/lib/x86_64-linux-gnu/cmake/Boost-1.83.0/BoostConfig.cmake (found version "1.83.0") found components: thread system filesystem regex date_time program_options 
[1.692s] -- Found Boost: /usr/lib/x86_64-linux-gnu/cmake/Boost-1.83.0/BoostConfig.cmake (found version "1.83.0") found components: system filesystem date_time program_options thread 
[1.766s] -- Setting OGRE_DIR to: '/opt/ros/jazzy/share/rviz_ogre_vendor/cmake/../../../opt/rviz_ogre_vendor/lib/OGRE/cmake'
[1.767s] -- Found OGRE
[1.767s] --   static     : OFF
[1.767s] --   components : MeshLodGenerator;Overlay;Paging;Property;RTShaderSystem;Terrain;Volume
[1.767s] --   plugins    : Plugin_BSPSceneManager;Plugin_OctreeSceneManager;Plugin_PCZSceneManager;Plugin_ParticleFX;RenderSystem_GL;RenderSystem_GL3Plus;Codec_STBI
[1.767s] --   media      : /opt/ros/jazzy/opt/rviz_ogre_vendor/share/OGRE/Media
[1.767s] -- OGRE_LIBRARIES: OgreMeshLodGenerator;OgreOverlay;OgrePaging;OgreProperty;OgreRTShaderSystem;OgreTerrain;OgreVolume;OgreMain
[1.767s] -- OGRE_LIBRARY_DIRS: /opt/ros/jazzy/opt/rviz_ogre_vendor/lib
[1.767s] -- OGRE_PLUGINS: Plugin_BSPSceneManager;Plugin_OctreeSceneManager;Plugin_PCZSceneManager;Plugin_ParticleFX;RenderSystem_GL;RenderSystem_GL3Plus;Codec_STBI
[1.767s] -- OGRE_PLUGIN_DIR: /opt/ros/jazzy/opt/rviz_ogre_vendor/lib/OGRE
[1.767s] -- rviz_ogre_vendor::OgreOverlay for IMPORTED_LOCATION_RELEASE: /opt/ros/jazzy/opt/rviz_ogre_vendor/lib/libOgreOverlay.so
[1.767s] -- rviz_ogre_vendor::OgreOverlay for IMPORTED_LOCATION_DEBUG: /opt/ros/jazzy/opt/rviz_ogre_vendor/lib/libOgreOverlay.so
[1.767s] -- rviz_ogre_vendor::OgreMain for IMPORTED_LOCATION_RELEASE: /opt/ros/jazzy/opt/rviz_ogre_vendor/lib/libOgreMain.so
[1.767s] -- rviz_ogre_vendor::OgreMain for IMPORTED_LOCATION_DEBUG: /opt/ros/jazzy/opt/rviz_ogre_vendor/lib/libOgreMain.so
[1.788s] -- Found ZLIB: /usr/lib/x86_64-linux-gnu/libz.so (found version "1.3")  
[1.795s] -- Found OpenGL: /usr/lib/x86_64-linux-gnu/libOpenGL.so   
[1.907s] -- Found X11: /usr/include   
[1.907s] -- Looking for XOpenDisplay in /usr/lib/x86_64-linux-gnu/libX11.so;/usr/lib/x86_64-linux-gnu/libXext.so
[1.978s] -- Looking for XOpenDisplay in /usr/lib/x86_64-linux-gnu/libX11.so;/usr/lib/x86_64-linux-gnu/libXext.so - found
[1.978s] -- Looking for gethostbyname
[2.060s] -- Looking for gethostbyname - found
[2.060s] -- Looking for connect
[2.136s] -- Looking for connect - found
[2.136s] -- Looking for remove
[2.216s] -- Looking for remove - found
[2.216s] -- Looking for shmat
[2.298s] -- Looking for shmat - found
[2.298s] -- Looking for IceConnectionNumber in ICE
[2.378s] -- Looking for IceConnectionNumber in ICE - found
[2.434s] -- Setting yaml-cpp_DIR to: '/opt/ros/jazzy/share/yaml_cpp_vendor/cmake/../../../opt/yaml_cpp_vendor/share/cmake/yaml-cpp'
[2.531s] -- Found moveit_task_constructor_core: 0.1.4 (/home/tamar/ws_moveit/install/moveit_task_constructor_core/share/moveit_task_constructor_core/cmake)
[2.600s] -- Found libyaml_vendor: 1.6.3 (/opt/ros/jazzy/share/libyaml_vendor/cmake)
[2.625s] -- Checking for module 'yaml-0.1'
[2.640s] --   Found yaml-0.1, version 0.2.5
[2.720s] -- Found yaml: 1  
[2.769s] -- Found ament_cmake_gtest: 2.5.4 (/opt/ros/jazzy/share/ament_cmake_gtest/cmake)
[2.814s] -- Found ament_cmake_gmock: 2.5.4 (/opt/ros/jazzy/share/ament_cmake_gmock/cmake)
[2.855s] -- Found launch_testing_ament_cmake: 3.4.7 (/opt/ros/jazzy/share/launch_testing_ament_cmake/cmake)
[2.895s] -- Found python_cmake_module: 0.11.1 (/opt/ros/jazzy/share/python_cmake_module/cmake)
[2.990s] -- Found PythonExtra: /usr/bin/python3  
[3.000s] -- Found gtest sources under '/opt/ros/jazzy/src/gtest_vendor': C++ tests using 'Google Test' will be built
[3.003s] -- Found Threads: TRUE  
[3.014s] -- Found gmock sources under '/opt/ros/jazzy/src/gmock_vendor': C++ tests using 'Google Mock' will be built
[3.022s] -- Configuring done (3.0s)
[3.349s] -- Generating done (0.3s)
[3.369s] -- Build files have been written to: /home/tamar/ws_moveit/build/moveit_task_constructor_visualization
[3.383s] Invoked command in '/home/tamar/ws_moveit/build/moveit_task_constructor_visualization' returned '0': AMENT_PREFIX_PATH=/home/tamar/ws_moveit/install/moveit_task_constructor_core:/home/tamar/ws_moveit/install/moveit_planners:/home/tamar/ws_moveit/install/pilz_industrial_motion_planner:/home/tamar/ws_moveit/install/moveit_ros_visualization:/home/tamar/ws_moveit/install/moveit_resources_prbt_pg70_support:/home/tamar/ws_moveit/install/moveit_ros_planning_interface:/home/tamar/ws_moveit/install/moveit_resources_prbt_moveit_config:/home/tamar/ws_moveit/install/moveit_ros_move_group:/home/tamar/ws_moveit/install/moveit_ros_warehouse:/home/tamar/ws_moveit/install/moveit_ros_robot_interaction:/home/tamar/ws_moveit/install/moveit_planners_ompl:/home/tamar/ws_moveit/install/moveit_kinematics:/home/tamar/ws_moveit/install/moveit_ros_planning:/home/tamar/ws_moveit/install/moveit_planners_chomp:/home/tamar/ws_moveit/install/pilz_industrial_motion_planner_testutils:/home/tamar/ws_moveit/install/moveit_simple_controller_manager:/home/tamar/ws_moveit/install/moveit_ros_occupancy_map_monitor:/home/tamar/ws_moveit/install/moveit_resources_prbt_ikfast_manipulator_plugin:/home/tamar/ws_moveit/install/moveit_planners_stomp:/home/tamar/ws_moveit/install/chomp_motion_planner:/home/tamar/ws_moveit/install/rviz_marker_tools:/home/tamar/ws_moveit/install/moveit_task_constructor_msgs:/home/tamar/ws_moveit/install/moveit_resources_fanuc_moveit_config:/home/tamar/ws_moveit/install/moveit_core:/home/tamar/ws_moveit/install/moveit_resources_prbt_support:/home/tamar/ws_moveit/install/moveit_resources_pr2_description:/home/tamar/ws_moveit/install/moveit_resources_panda_description:/home/tamar/ws_moveit/install/moveit_resources_fanuc_description:/home/tamar/ws_moveit/install/moveit_msgs:/home/tamar/ws_moveit/install/moveit_configs_utils:/home/tamar/ws_moveit/install/moveit_common:${AMENT_PREFIX_PATH} CMAKE_MODULE_PATH=/home/tamar/ws_moveit/install/moveit_task_constructor_core/share/moveit_task_constructor_core/cmake CMAKE_PREFIX_PATH=/home/tamar/ws_moveit/install/moveit_task_constructor_core:/home/tamar/ws_moveit/install/moveit_planners:/home/tamar/ws_moveit/install/pilz_industrial_motion_planner:/home/tamar/ws_moveit/install/moveit_ros_visualization:/home/tamar/ws_moveit/install/moveit_resources_prbt_pg70_support:/home/tamar/ws_moveit/install/moveit_ros_planning_interface:/home/tamar/ws_moveit/install/moveit_resources_prbt_moveit_config:/home/tamar/ws_moveit/install/moveit_ros_move_group:/home/tamar/ws_moveit/install/moveit_ros_warehouse:/home/tamar/ws_moveit/install/moveit_ros_robot_interaction:/home/tamar/ws_moveit/install/moveit_planners_ompl:/home/tamar/ws_moveit/install/moveit_kinematics:/home/tamar/ws_moveit/install/moveit_ros_planning:/home/tamar/ws_moveit/install/moveit_planners_chomp:/home/tamar/ws_moveit/install/pilz_industrial_motion_planner_testutils:/home/tamar/ws_moveit/install/moveit_simple_controller_manager:/home/tamar/ws_moveit/install/moveit_ros_occupancy_map_monitor:/home/tamar/ws_moveit/install/moveit_resources_prbt_ikfast_manipulator_plugin:/home/tamar/ws_moveit/install/moveit_planners_stomp:/home/tamar/ws_moveit/install/chomp_motion_planner:/home/tamar/ws_moveit/install/rviz_marker_tools:/home/tamar/ws_moveit/install/moveit_task_constructor_msgs:/home/tamar/ws_moveit/install/moveit_resources_fanuc_moveit_config:/home/tamar/ws_moveit/install/moveit_core:/home/tamar/ws_moveit/install/moveit_resources_prbt_support:/home/tamar/ws_moveit/install/moveit_resources_pr2_description:/home/tamar/ws_moveit/install/moveit_resources_panda_description:/home/tamar/ws_moveit/install/moveit_resources_fanuc_description:/home/tamar/ws_moveit/install/moveit_msgs:/home/tamar/ws_moveit/install/moveit_common:/opt/ros/jazzy/opt/gz_sim_vendor:/opt/ros/jazzy/opt/gz_sensors_vendor:/opt/ros/jazzy/opt/gz_physics_vendor:/opt/ros/jazzy/opt/sdformat_vendor:/opt/ros/jazzy/opt/gz_gui_vendor:/opt/ros/jazzy/opt/gz_transport_vendor:/opt/ros/jazzy/opt/gz_rendering_vendor:/opt/ros/jazzy/opt/gz_plugin_vendor:/opt/ros/jazzy/opt/gz_fuel_tools_vendor:/opt/ros/jazzy/opt/gz_msgs_vendor:/opt/ros/jazzy/opt/gz_common_vendor:/opt/ros/jazzy/opt/gz_math_vendor:/opt/ros/jazzy/opt/gz_utils_vendor:/opt/ros/jazzy/opt/gz_tools_vendor:/opt/ros/jazzy/opt/gz_ogre_next_vendor:/opt/ros/jazzy/opt/gz_dartsim_vendor:/opt/ros/jazzy/opt/gz_cmake_vendor:/opt/ros/jazzy LD_LIBRARY_PATH=/home/tamar/ws_moveit/install/moveit_task_constructor_core/lib:/home/tamar/ws_moveit/install/pilz_industrial_motion_planner/lib:/home/tamar/ws_moveit/install/moveit_ros_visualization/lib:/home/tamar/ws_moveit/install/moveit_ros_planning_interface/lib:/home/tamar/ws_moveit/install/moveit_ros_move_group/lib:/home/tamar/ws_moveit/install/moveit_ros_warehouse/lib:/home/tamar/ws_moveit/install/moveit_ros_robot_interaction/lib:/home/tamar/ws_moveit/install/moveit_planners_ompl/lib:/home/tamar/ws_moveit/install/moveit_kinematics/lib:/home/tamar/ws_moveit/install/moveit_ros_planning/lib:/home/tamar/ws_moveit/install/moveit_planners_chomp/lib:/home/tamar/ws_moveit/install/pilz_industrial_motion_planner_testutils/lib:/home/tamar/ws_moveit/install/moveit_simple_controller_manager/lib:/home/tamar/ws_moveit/install/moveit_ros_occupancy_map_monitor/lib:/home/tamar/ws_moveit/install/moveit_resources_prbt_ikfast_manipulator_plugin/lib:/home/tamar/ws_moveit/install/moveit_planners_stomp/lib:/home/tamar/ws_moveit/install/chomp_motion_planner/lib:/home/tamar/ws_moveit/install/rviz_marker_tools/lib:/home/tamar/ws_moveit/install/moveit_task_constructor_msgs/lib:/home/tamar/ws_moveit/install/moveit_core/lib:/home/tamar/ws_moveit/install/moveit_msgs/lib:${LD_LIBRARY_PATH} PATH=/home/tamar/ws_moveit/install/moveit_core/bin:${PATH} PYTHONPATH=/home/tamar/ws_moveit/install/moveit_task_constructor_core/lib/python3.12/site-packages:/home/tamar/ws_moveit/install/moveit_task_constructor_msgs/lib/python3.12/site-packages:/home/tamar/ws_moveit/install/moveit_msgs/lib/python3.12/site-packages:/home/tamar/ws_moveit/install/moveit_configs_utils/lib/python3.12/site-packages:${PYTHONPATH} /usr/bin/cmake /home/tamar/ws_moveit/src/moveit_task_constructor/visualization -DCMAKE_BUILD_TYPE=Release -DCMAKE_INSTALL_PREFIX=/home/tamar/ws_moveit/install/moveit_task_constructor_visualization
[3.385s] Invoking command in '/home/tamar/ws_moveit/build/moveit_task_constructor_visualization': AMENT_PREFIX_PATH=/home/tamar/ws_moveit/install/moveit_task_constructor_core:/home/tamar/ws_moveit/install/moveit_planners:/home/tamar/ws_moveit/install/pilz_industrial_motion_planner:/home/tamar/ws_moveit/install/moveit_ros_visualization:/home/tamar/ws_moveit/install/moveit_resources_prbt_pg70_support:/home/tamar/ws_moveit/install/moveit_ros_planning_interface:/home/tamar/ws_moveit/install/moveit_resources_prbt_moveit_config:/home/tamar/ws_moveit/install/moveit_ros_move_group:/home/tamar/ws_moveit/install/moveit_ros_warehouse:/home/tamar/ws_moveit/install/moveit_ros_robot_interaction:/home/tamar/ws_moveit/install/moveit_planners_ompl:/home/tamar/ws_moveit/install/moveit_kinematics:/home/tamar/ws_moveit/install/moveit_ros_planning:/home/tamar/ws_moveit/install/moveit_planners_chomp:/home/tamar/ws_moveit/install/pilz_industrial_motion_planner_testutils:/home/tamar/ws_moveit/install/moveit_simple_controller_manager:/home/tamar/ws_moveit/install/moveit_ros_occupancy_map_monitor:/home/tamar/ws_moveit/install/moveit_resources_prbt_ikfast_manipulator_plugin:/home/tamar/ws_moveit/install/moveit_planners_stomp:/home/tamar/ws_moveit/install/chomp_motion_planner:/home/tamar/ws_moveit/install/rviz_marker_tools:/home/tamar/ws_moveit/install/moveit_task_constructor_msgs:/home/tamar/ws_moveit/install/moveit_resources_fanuc_moveit_config:/home/tamar/ws_moveit/install/moveit_core:/home/tamar/ws_moveit/install/moveit_resources_prbt_support:/home/tamar/ws_moveit/install/moveit_resources_pr2_description:/home/tamar/ws_moveit/install/moveit_resources_panda_description:/home/tamar/ws_moveit/install/moveit_resources_fanuc_description:/home/tamar/ws_moveit/install/moveit_msgs:/home/tamar/ws_moveit/install/moveit_configs_utils:/home/tamar/ws_moveit/install/moveit_common:${AMENT_PREFIX_PATH} CMAKE_MODULE_PATH=/home/tamar/ws_moveit/install/moveit_task_constructor_core/share/moveit_task_constructor_core/cmake CMAKE_PREFIX_PATH=/home/tamar/ws_moveit/install/moveit_task_constructor_core:/home/tamar/ws_moveit/install/moveit_planners:/home/tamar/ws_moveit/install/pilz_industrial_motion_planner:/home/tamar/ws_moveit/install/moveit_ros_visualization:/home/tamar/ws_moveit/install/moveit_resources_prbt_pg70_support:/home/tamar/ws_moveit/install/moveit_ros_planning_interface:/home/tamar/ws_moveit/install/moveit_resources_prbt_moveit_config:/home/tamar/ws_moveit/install/moveit_ros_move_group:/home/tamar/ws_moveit/install/moveit_ros_warehouse:/home/tamar/ws_moveit/install/moveit_ros_robot_interaction:/home/tamar/ws_moveit/install/moveit_planners_ompl:/home/tamar/ws_moveit/install/moveit_kinematics:/home/tamar/ws_moveit/install/moveit_ros_planning:/home/tamar/ws_moveit/install/moveit_planners_chomp:/home/tamar/ws_moveit/install/pilz_industrial_motion_planner_testutils:/home/tamar/ws_moveit/install/moveit_simple_controller_manager:/home/tamar/ws_moveit/install/moveit_ros_occupancy_map_monitor:/home/tamar/ws_moveit/install/moveit_resources_prbt_ikfast_manipulator_plugin:/home/tamar/ws_moveit/install/moveit_planners_stomp:/home/tamar/ws_moveit/install/chomp_motion_planner:/home/tamar/ws_moveit/install/rviz_marker_tools:/home/tamar/ws_moveit/install/moveit_task_constructor_msgs:/home/tamar/ws_moveit/install/moveit_resources_fanuc_moveit_config:/home/tamar/ws_moveit/install/moveit_core:/home/tamar/ws_moveit/install/moveit_resources_prbt_support:/home/tamar/ws_moveit/install/moveit_resources_pr2_description:/home/tamar/ws_moveit/install/moveit_resources_panda_description:/home/tamar/ws_moveit/install/moveit_resources_fanuc_description:/home/tamar/ws_moveit/install/moveit_msgs:/home/tamar/ws_moveit/install/moveit_common:/opt/ros/jazzy/opt/gz_sim_vendor:/opt/ros/jazzy/opt/gz_sensors_vendor:/opt/ros/jazzy/opt/gz_physics_vendor:/opt/ros/jazzy/opt/sdformat_vendor:/opt/ros/jazzy/opt/gz_gui_vendor:/opt/ros/jazzy/opt/gz_transport_vendor:/opt/ros/jazzy/opt/gz_rendering_vendor:/opt/ros/jazzy/opt/gz_plugin_vendor:/opt/ros/jazzy/opt/gz_fuel_tools_vendor:/opt/ros/jazzy/opt/gz_msgs_vendor:/opt/ros/jazzy/opt/gz_common_vendor:/opt/ros/jazzy/opt/gz_math_vendor:/opt/ros/jazzy/opt/gz_utils_vendor:/opt/ros/jazzy/opt/gz_tools_vendor:/opt/ros/jazzy/opt/gz_ogre_next_vendor:/opt/ros/jazzy/opt/gz_dartsim_vendor:/opt/ros/jazzy/opt/gz_cmake_vendor:/opt/ros/jazzy LD_LIBRARY_PATH=/home/tamar/ws_moveit/install/moveit_task_constructor_core/lib:/home/tamar/ws_moveit/install/pilz_industrial_motion_planner/lib:/home/tamar/ws_moveit/install/moveit_ros_visualization/lib:/home/tamar/ws_moveit/install/moveit_ros_planning_interface/lib:/home/tamar/ws_moveit/install/moveit_ros_move_group/lib:/home/tamar/ws_moveit/install/moveit_ros_warehouse/lib:/home/tamar/ws_moveit/install/moveit_ros_robot_interaction/lib:/home/tamar/ws_moveit/install/moveit_planners_ompl/lib:/home/tamar/ws_moveit/install/moveit_kinematics/lib:/home/tamar/ws_moveit/install/moveit_ros_planning/lib:/home/tamar/ws_moveit/install/moveit_planners_chomp/lib:/home/tamar/ws_moveit/install/pilz_industrial_motion_planner_testutils/lib:/home/tamar/ws_moveit/install/moveit_simple_controller_manager/lib:/home/tamar/ws_moveit/install/moveit_ros_occupancy_map_monitor/lib:/home/tamar/ws_moveit/install/moveit_resources_prbt_ikfast_manipulator_plugin/lib:/home/tamar/ws_moveit/install/moveit_planners_stomp/lib:/home/tamar/ws_moveit/install/chomp_motion_planner/lib:/home/tamar/ws_moveit/install/rviz_marker_tools/lib:/home/tamar/ws_moveit/install/moveit_task_constructor_msgs/lib:/home/tamar/ws_moveit/install/moveit_core/lib:/home/tamar/ws_moveit/install/moveit_msgs/lib:${LD_LIBRARY_PATH} PATH=/home/tamar/ws_moveit/install/moveit_core/bin:${PATH} PYTHONPATH=/home/tamar/ws_moveit/install/moveit_task_constructor_core/lib/python3.12/site-packages:/home/tamar/ws_moveit/install/moveit_task_constructor_msgs/lib/python3.12/site-packages:/home/tamar/ws_moveit/install/moveit_msgs/lib/python3.12/site-packages:/home/tamar/ws_moveit/install/moveit_configs_utils/lib/python3.12/site-packages:${PYTHONPATH} /usr/bin/cmake --build /home/tamar/ws_moveit/build/moveit_task_constructor_visualization -- -j32 -l32
[3.487s] [  0%] Built target gtest_main_autogen_timestamp_deps
[3.487s] [  0%] Built target motion_planning_tasks_properties_autogen_timestamp_deps
[3.487s] [  0%] Built target gmock_autogen_timestamp_deps
[3.487s] [  0%] Built target gtest_autogen_timestamp_deps
[3.488s] [  0%] Built target gmock_main_autogen_timestamp_deps
[3.502s] [  0%] Built target moveit_task_visualization_tools_autogen_timestamp_deps
[3.507s] [  0%] Built target motion_planning_tasks_utils_autogen_timestamp_deps
[3.533s] [  1%] [34m[1mAutomatic MOC for target gtest_main[0m
[3.535s] [  2%] [34m[1mAutomatic MOC for target gmock_main[0m
[3.550s] [  3%] [34m[1mAutomatic MOC for target moveit_task_visualization_tools[0m
[3.558s] [  5%] [34m[1mAutomatic MOC for target gmock[0m
[3.558s] [  6%] [34m[1mAutomatic MOC for target motion_planning_tasks_properties[0m
[3.559s] [  7%] [34m[1mAutomatic MOC for target gtest[0m
[3.574s] [  9%] [34m[1mAutomatic MOC for target motion_planning_tasks_utils[0m
[3.599s] [  9%] Built target gtest_main_autogen
[3.628s] [  9%] Built target gmock_autogen
[3.642s] [  9%] Built target motion_planning_tasks_properties_autogen
[3.652s] [ 10%] [32mBuilding CXX object gtest/CMakeFiles/gtest_main.dir/gtest_main_autogen/mocs_compilation.cpp.o[0m
[3.658s] [ 10%] Built target gmock_main_autogen
[3.670s] [ 10%] Built target gtest_autogen
[3.675s] [ 11%] [32mBuilding CXX object gtest/CMakeFiles/gtest_main.dir/src/gtest_main.cc.o[0m
[3.709s] [ 13%] [32mBuilding CXX object gmock/CMakeFiles/gmock.dir/src/gmock-all.cc.o[0m
[3.714s] [ 14%] [32mBuilding CXX object gmock/CMakeFiles/gmock.dir/gmock_autogen/mocs_compilation.cpp.o[0m
[3.714s] [ 15%] [32mBuilding CXX object gmock/CMakeFiles/gmock.dir/opt/ros/jazzy/src/gtest_vendor/src/gtest-all.cc.o[0m
[3.716s] [ 17%] [32mBuilding CXX object gmock/CMakeFiles/gmock_main.dir/gmock_main_autogen/mocs_compilation.cpp.o[0m
[3.723s] [ 18%] [32mBuilding CXX object motion_planning_tasks/properties/CMakeFiles/motion_planning_tasks_properties.dir/property_factory.cpp.o[0m
[3.723s] [ 19%] [32mBuilding CXX object gmock/CMakeFiles/gmock_main.dir/src/gmock_main.cc.o[0m
[3.731s] [ 21%] [32mBuilding CXX object motion_planning_tasks/properties/CMakeFiles/motion_planning_tasks_properties.dir/property_from_yaml.cpp.o[0m
[3.733s] [ 22%] [32mBuilding CXX object motion_planning_tasks/properties/CMakeFiles/motion_planning_tasks_properties.dir/motion_planning_tasks_properties_autogen/mocs_compilation.cpp.o[0m
[3.750s] [ 23%] [32mBuilding CXX object gtest/CMakeFiles/gtest.dir/gtest_autogen/mocs_compilation.cpp.o[0m
[3.759s] [ 25%] [32mBuilding CXX object gtest/CMakeFiles/gtest.dir/src/gtest-all.cc.o[0m
[3.844s] [ 25%] Built target motion_planning_tasks_utils_autogen
[3.884s] [ 27%] [32mBuilding CXX object motion_planning_tasks/utils/CMakeFiles/motion_planning_tasks_utils.dir/motion_planning_tasks_utils_autogen/mocs_compilation.cpp.o[0m
[3.884s] [ 27%] [32mBuilding CXX object motion_planning_tasks/utils/CMakeFiles/motion_planning_tasks_utils.dir/flat_merge_proxy_model.cpp.o[0m
[3.905s] [ 28%] [32mBuilding CXX object motion_planning_tasks/utils/CMakeFiles/motion_planning_tasks_utils.dir/tree_merge_proxy_model.cpp.o[0m
[3.919s] [ 30%] [32mBuilding CXX object motion_planning_tasks/utils/CMakeFiles/motion_planning_tasks_utils.dir/icon.cpp.o[0m
[4.160s] [ 30%] Built target moveit_task_visualization_tools_autogen
[4.203s] [ 31%] [32mBuilding CXX object visualization_tools/CMakeFiles/moveit_task_visualization_tools.dir/moveit_task_visualization_tools_autogen/mocs_compilation.cpp.o[0m
[4.215s] [ 32%] [32mBuilding CXX object visualization_tools/CMakeFiles/moveit_task_visualization_tools.dir/src/task_solution_panel.cpp.o[0m
[4.220s] [ 34%] [32mBuilding CXX object visualization_tools/CMakeFiles/moveit_task_visualization_tools.dir/src/marker_visualization.cpp.o[0m
[4.229s] [ 35%] [32mBuilding CXX object visualization_tools/CMakeFiles/moveit_task_visualization_tools.dir/src/display_solution.cpp.o[0m
[4.264s] [ 36%] [32mBuilding CXX object visualization_tools/CMakeFiles/moveit_task_visualization_tools.dir/src/task_solution_visualization.cpp.o[0m
[4.481s] [ 38%] [32m[1mLinking CXX static library libgtest_main.a[0m
[4.482s] [ 39%] [32m[1mLinking CXX static library libgmock_main.a[0m
[4.622s] [ 40%] Built target gmock_main
[4.630s] [ 42%] Built target gtest_main
[5.716s] [ 43%] [32m[1mLinking CXX shared library libmotion_planning_tasks_utils.so[0m
[5.967s] [ 44%] Built target motion_planning_tasks_utils
[10.314s] [ 46%] [32m[1mLinking CXX shared library libmotion_planning_tasks_properties.so[0m
[10.612s] [ 47%] Built target motion_planning_tasks_properties
[10.981s] [ 48%] [32m[1mLinking CXX static library libgtest.a[0m
[11.046s] [ 50%] Built target gtest
[11.068s] [ 50%] Built target moveit_task_constructor_visualization-test-merge-models_autogen_timestamp_deps
[11.092s] [ 51%] [34m[1mAutomatic MOC for target moveit_task_constructor_visualization-test-merge-models[0m
[11.113s] [ 52%] [32m[1mLinking CXX static library libgmock.a[0m
[11.128s] [ 52%] Built target moveit_task_constructor_visualization-test-merge-models_autogen
[11.143s] [ 53%] [32mBuilding CXX object motion_planning_tasks/test/CMakeFiles/moveit_task_constructor_visualization-test-merge-models.dir/test_merge_models.cpp.o[0m
[11.146s] [ 55%] [32mBuilding CXX object motion_planning_tasks/test/CMakeFiles/moveit_task_constructor_visualization-test-merge-models.dir/moveit_task_constructor_visualization-test-merge-models_autogen/mocs_compilation.cpp.o[0m
[11.163s] [ 56%] Built target gmock
[12.628s] [ 57%] [32m[1mLinking CXX executable moveit_task_constructor_visualization-test-merge-models[0m
[12.828s] [ 59%] Built target moveit_task_constructor_visualization-test-merge-models
[15.760s] [ 60%] [32m[1mLinking CXX shared library libmoveit_task_visualization_tools.so[0m
[17.320s] [ 61%] Built target moveit_task_visualization_tools
[17.347s] [ 61%] Built target motion_planning_tasks_rviz_plugin_autogen_timestamp_deps
[17.374s] [ 63%] [34m[1mAutomatic MOC for target motion_planning_tasks_rviz_plugin[0m
[18.203s] [ 63%] Built target motion_planning_tasks_rviz_plugin_autogen
[18.214s] [ 65%] [34m[1mGenerating ui_global_settings.h[0m
[18.214s] [ 65%] [34m[1mGenerating ui_task_panel.h[0m
[18.217s] [ 67%] [34m[1mGenerating ui_task_view.h[0m
[18.217s] [ 68%] [34m[1mAutomatic RCC for resources.qrc[0m
[18.264s] [ 69%] [32mBuilding CXX object motion_planning_tasks/src/CMakeFiles/motion_planning_tasks_rviz_plugin.dir/local_task_model.cpp.o[0m
[18.265s] [ 71%] [32mBuilding CXX object motion_planning_tasks/src/CMakeFiles/motion_planning_tasks_rviz_plugin.dir/remote_task_model.cpp.o[0m
[18.266s] [ 72%] [32mBuilding CXX object motion_planning_tasks/src/CMakeFiles/motion_planning_tasks_rviz_plugin.dir/motion_planning_tasks_rviz_plugin_autogen/EWIEGA46WW/qrc_resources.cpp.o[0m
[18.269s] [ 73%] [32mBuilding CXX object motion_planning_tasks/src/CMakeFiles/motion_planning_tasks_rviz_plugin.dir/task_panel.cpp.o[0m
[18.269s] [ 75%] [32mBuilding CXX object motion_planning_tasks/src/CMakeFiles/motion_planning_tasks_rviz_plugin.dir/meta_task_list_model.cpp.o[0m
[18.271s] [ 76%] [32mBuilding CXX object motion_planning_tasks/src/CMakeFiles/motion_planning_tasks_rviz_plugin.dir/task_list_model.cpp.o[0m
[18.272s] [ 77%] [32mBuilding CXX object motion_planning_tasks/src/CMakeFiles/motion_planning_tasks_rviz_plugin.dir/motion_planning_tasks_rviz_plugin_autogen/mocs_compilation.cpp.o[0m
[18.272s] [ 81%] [32mBuilding CXX object motion_planning_tasks/src/CMakeFiles/motion_planning_tasks_rviz_plugin.dir/factory_model.cpp.o[0m
[18.272s] [ 82%] [32mBuilding CXX object motion_planning_tasks/src/CMakeFiles/motion_planning_tasks_rviz_plugin.dir/plugin_init.cpp.o[0m
[18.273s] [ 82%] [32mBuilding CXX object motion_planning_tasks/src/CMakeFiles/motion_planning_tasks_rviz_plugin.dir/job_queue.cpp.o[0m
[18.273s] [ 82%] [32mBuilding CXX object motion_planning_tasks/src/CMakeFiles/motion_planning_tasks_rviz_plugin.dir/icons.cpp.o[0m
[18.273s] [ 84%] [32mBuilding CXX object motion_planning_tasks/src/CMakeFiles/motion_planning_tasks_rviz_plugin.dir/task_display.cpp.o[0m
[56.522s] [ 85%] [32m[1mLinking CXX shared library libmotion_planning_tasks_rviz_plugin.so[0m
[57.506s] [ 86%] Built target motion_planning_tasks_rviz_plugin
[57.524s] [ 86%] Built target moveit_task_constructor_visualization-test-task_model_autogen_timestamp_deps
[57.526s] [ 86%] Built target moveit_task_constructor_visualization-test-solution-models_autogen_timestamp_deps
[57.544s] [ 88%] [34m[1mAutomatic MOC for target moveit_task_constructor_visualization-test-solution-models[0m
[57.544s] [ 89%] [34m[1mAutomatic MOC for target moveit_task_constructor_visualization-test-task_model[0m
[57.578s] [ 89%] Built target moveit_task_constructor_visualization-test-solution-models_autogen
[57.580s] [ 89%] Built target moveit_task_constructor_visualization-test-task_model_autogen
[57.599s] [ 90%] [32mBuilding CXX object motion_planning_tasks/test/CMakeFiles/moveit_task_constructor_visualization-test-solution-models.dir/moveit_task_constructor_visualization-test-solution-models_autogen/mocs_compilation.cpp.o[0m
[57.602s] [ 93%] [32mBuilding CXX object motion_planning_tasks/test/CMakeFiles/moveit_task_constructor_visualization-test-task_model.dir/moveit_task_constructor_visualization-test-task_model_autogen/mocs_compilation.cpp.o[0m
[57.602s] [ 93%] [32mBuilding CXX object motion_planning_tasks/test/CMakeFiles/moveit_task_constructor_visualization-test-solution-models.dir/test_solution_models.cpp.o[0m
[57.603s] [ 94%] [32mBuilding CXX object motion_planning_tasks/test/CMakeFiles/moveit_task_constructor_visualization-test-task_model.dir/test_task_model.cpp.o[0m
[62.289s] [ 96%] [32m[1mLinking CXX executable moveit_task_constructor_visualization-test-solution-models[0m
[62.639s] [ 97%] [32m[1mLinking CXX executable moveit_task_constructor_visualization-test-task_model[0m
[62.655s] [ 98%] Built target moveit_task_constructor_visualization-test-solution-models
[63.016s] [100%] Built target moveit_task_constructor_visualization-test-task_model
[63.025s] Invoked command in '/home/tamar/ws_moveit/build/moveit_task_constructor_visualization' returned '0': AMENT_PREFIX_PATH=/home/tamar/ws_moveit/install/moveit_task_constructor_core:/home/tamar/ws_moveit/install/moveit_planners:/home/tamar/ws_moveit/install/pilz_industrial_motion_planner:/home/tamar/ws_moveit/install/moveit_ros_visualization:/home/tamar/ws_moveit/install/moveit_resources_prbt_pg70_support:/home/tamar/ws_moveit/install/moveit_ros_planning_interface:/home/tamar/ws_moveit/install/moveit_resources_prbt_moveit_config:/home/tamar/ws_moveit/install/moveit_ros_move_group:/home/tamar/ws_moveit/install/moveit_ros_warehouse:/home/tamar/ws_moveit/install/moveit_ros_robot_interaction:/home/tamar/ws_moveit/install/moveit_planners_ompl:/home/tamar/ws_moveit/install/moveit_kinematics:/home/tamar/ws_moveit/install/moveit_ros_planning:/home/tamar/ws_moveit/install/moveit_planners_chomp:/home/tamar/ws_moveit/install/pilz_industrial_motion_planner_testutils:/home/tamar/ws_moveit/install/moveit_simple_controller_manager:/home/tamar/ws_moveit/install/moveit_ros_occupancy_map_monitor:/home/tamar/ws_moveit/install/moveit_resources_prbt_ikfast_manipulator_plugin:/home/tamar/ws_moveit/install/moveit_planners_stomp:/home/tamar/ws_moveit/install/chomp_motion_planner:/home/tamar/ws_moveit/install/rviz_marker_tools:/home/tamar/ws_moveit/install/moveit_task_constructor_msgs:/home/tamar/ws_moveit/install/moveit_resources_fanuc_moveit_config:/home/tamar/ws_moveit/install/moveit_core:/home/tamar/ws_moveit/install/moveit_resources_prbt_support:/home/tamar/ws_moveit/install/moveit_resources_pr2_description:/home/tamar/ws_moveit/install/moveit_resources_panda_description:/home/tamar/ws_moveit/install/moveit_resources_fanuc_description:/home/tamar/ws_moveit/install/moveit_msgs:/home/tamar/ws_moveit/install/moveit_configs_utils:/home/tamar/ws_moveit/install/moveit_common:${AMENT_PREFIX_PATH} CMAKE_MODULE_PATH=/home/tamar/ws_moveit/install/moveit_task_constructor_core/share/moveit_task_constructor_core/cmake CMAKE_PREFIX_PATH=/home/tamar/ws_moveit/install/moveit_task_constructor_core:/home/tamar/ws_moveit/install/moveit_planners:/home/tamar/ws_moveit/install/pilz_industrial_motion_planner:/home/tamar/ws_moveit/install/moveit_ros_visualization:/home/tamar/ws_moveit/install/moveit_resources_prbt_pg70_support:/home/tamar/ws_moveit/install/moveit_ros_planning_interface:/home/tamar/ws_moveit/install/moveit_resources_prbt_moveit_config:/home/tamar/ws_moveit/install/moveit_ros_move_group:/home/tamar/ws_moveit/install/moveit_ros_warehouse:/home/tamar/ws_moveit/install/moveit_ros_robot_interaction:/home/tamar/ws_moveit/install/moveit_planners_ompl:/home/tamar/ws_moveit/install/moveit_kinematics:/home/tamar/ws_moveit/install/moveit_ros_planning:/home/tamar/ws_moveit/install/moveit_planners_chomp:/home/tamar/ws_moveit/install/pilz_industrial_motion_planner_testutils:/home/tamar/ws_moveit/install/moveit_simple_controller_manager:/home/tamar/ws_moveit/install/moveit_ros_occupancy_map_monitor:/home/tamar/ws_moveit/install/moveit_resources_prbt_ikfast_manipulator_plugin:/home/tamar/ws_moveit/install/moveit_planners_stomp:/home/tamar/ws_moveit/install/chomp_motion_planner:/home/tamar/ws_moveit/install/rviz_marker_tools:/home/tamar/ws_moveit/install/moveit_task_constructor_msgs:/home/tamar/ws_moveit/install/moveit_resources_fanuc_moveit_config:/home/tamar/ws_moveit/install/moveit_core:/home/tamar/ws_moveit/install/moveit_resources_prbt_support:/home/tamar/ws_moveit/install/moveit_resources_pr2_description:/home/tamar/ws_moveit/install/moveit_resources_panda_description:/home/tamar/ws_moveit/install/moveit_resources_fanuc_description:/home/tamar/ws_moveit/install/moveit_msgs:/home/tamar/ws_moveit/install/moveit_common:/opt/ros/jazzy/opt/gz_sim_vendor:/opt/ros/jazzy/opt/gz_sensors_vendor:/opt/ros/jazzy/opt/gz_physics_vendor:/opt/ros/jazzy/opt/sdformat_vendor:/opt/ros/jazzy/opt/gz_gui_vendor:/opt/ros/jazzy/opt/gz_transport_vendor:/opt/ros/jazzy/opt/gz_rendering_vendor:/opt/ros/jazzy/opt/gz_plugin_vendor:/opt/ros/jazzy/opt/gz_fuel_tools_vendor:/opt/ros/jazzy/opt/gz_msgs_vendor:/opt/ros/jazzy/opt/gz_common_vendor:/opt/ros/jazzy/opt/gz_math_vendor:/opt/ros/jazzy/opt/gz_utils_vendor:/opt/ros/jazzy/opt/gz_tools_vendor:/opt/ros/jazzy/opt/gz_ogre_next_vendor:/opt/ros/jazzy/opt/gz_dartsim_vendor:/opt/ros/jazzy/opt/gz_cmake_vendor:/opt/ros/jazzy LD_LIBRARY_PATH=/home/tamar/ws_moveit/install/moveit_task_constructor_core/lib:/home/tamar/ws_moveit/install/pilz_industrial_motion_planner/lib:/home/tamar/ws_moveit/install/moveit_ros_visualization/lib:/home/tamar/ws_moveit/install/moveit_ros_planning_interface/lib:/home/tamar/ws_moveit/install/moveit_ros_move_group/lib:/home/tamar/ws_moveit/install/moveit_ros_warehouse/lib:/home/tamar/ws_moveit/install/moveit_ros_robot_interaction/lib:/home/tamar/ws_moveit/install/moveit_planners_ompl/lib:/home/tamar/ws_moveit/install/moveit_kinematics/lib:/home/tamar/ws_moveit/install/moveit_ros_planning/lib:/home/tamar/ws_moveit/install/moveit_planners_chomp/lib:/home/tamar/ws_moveit/install/pilz_industrial_motion_planner_testutils/lib:/home/tamar/ws_moveit/install/moveit_simple_controller_manager/lib:/home/tamar/ws_moveit/install/moveit_ros_occupancy_map_monitor/lib:/home/tamar/ws_moveit/install/moveit_resources_prbt_ikfast_manipulator_plugin/lib:/home/tamar/ws_moveit/install/moveit_planners_stomp/lib:/home/tamar/ws_moveit/install/chomp_motion_planner/lib:/home/tamar/ws_moveit/install/rviz_marker_tools/lib:/home/tamar/ws_moveit/install/moveit_task_constructor_msgs/lib:/home/tamar/ws_moveit/install/moveit_core/lib:/home/tamar/ws_moveit/install/moveit_msgs/lib:${LD_LIBRARY_PATH} PATH=/home/tamar/ws_moveit/install/moveit_core/bin:${PATH} PYTHONPATH=/home/tamar/ws_moveit/install/moveit_task_constructor_core/lib/python3.12/site-packages:/home/tamar/ws_moveit/install/moveit_task_constructor_msgs/lib/python3.12/site-packages:/home/tamar/ws_moveit/install/moveit_msgs/lib/python3.12/site-packages:/home/tamar/ws_moveit/install/moveit_configs_utils/lib/python3.12/site-packages:${PYTHONPATH} /usr/bin/cmake --build /home/tamar/ws_moveit/build/moveit_task_constructor_visualization -- -j32 -l32
[63.026s] Invoking command in '/home/tamar/ws_moveit/build/moveit_task_constructor_visualization': AMENT_PREFIX_PATH=/home/tamar/ws_moveit/install/moveit_task_constructor_core:/home/tamar/ws_moveit/install/moveit_planners:/home/tamar/ws_moveit/install/pilz_industrial_motion_planner:/home/tamar/ws_moveit/install/moveit_ros_visualization:/home/tamar/ws_moveit/install/moveit_resources_prbt_pg70_support:/home/tamar/ws_moveit/install/moveit_ros_planning_interface:/home/tamar/ws_moveit/install/moveit_resources_prbt_moveit_config:/home/tamar/ws_moveit/install/moveit_ros_move_group:/home/tamar/ws_moveit/install/moveit_ros_warehouse:/home/tamar/ws_moveit/install/moveit_ros_robot_interaction:/home/tamar/ws_moveit/install/moveit_planners_ompl:/home/tamar/ws_moveit/install/moveit_kinematics:/home/tamar/ws_moveit/install/moveit_ros_planning:/home/tamar/ws_moveit/install/moveit_planners_chomp:/home/tamar/ws_moveit/install/pilz_industrial_motion_planner_testutils:/home/tamar/ws_moveit/install/moveit_simple_controller_manager:/home/tamar/ws_moveit/install/moveit_ros_occupancy_map_monitor:/home/tamar/ws_moveit/install/moveit_resources_prbt_ikfast_manipulator_plugin:/home/tamar/ws_moveit/install/moveit_planners_stomp:/home/tamar/ws_moveit/install/chomp_motion_planner:/home/tamar/ws_moveit/install/rviz_marker_tools:/home/tamar/ws_moveit/install/moveit_task_constructor_msgs:/home/tamar/ws_moveit/install/moveit_resources_fanuc_moveit_config:/home/tamar/ws_moveit/install/moveit_core:/home/tamar/ws_moveit/install/moveit_resources_prbt_support:/home/tamar/ws_moveit/install/moveit_resources_pr2_description:/home/tamar/ws_moveit/install/moveit_resources_panda_description:/home/tamar/ws_moveit/install/moveit_resources_fanuc_description:/home/tamar/ws_moveit/install/moveit_msgs:/home/tamar/ws_moveit/install/moveit_configs_utils:/home/tamar/ws_moveit/install/moveit_common:${AMENT_PREFIX_PATH} CMAKE_MODULE_PATH=/home/tamar/ws_moveit/install/moveit_task_constructor_core/share/moveit_task_constructor_core/cmake CMAKE_PREFIX_PATH=/home/tamar/ws_moveit/install/moveit_task_constructor_core:/home/tamar/ws_moveit/install/moveit_planners:/home/tamar/ws_moveit/install/pilz_industrial_motion_planner:/home/tamar/ws_moveit/install/moveit_ros_visualization:/home/tamar/ws_moveit/install/moveit_resources_prbt_pg70_support:/home/tamar/ws_moveit/install/moveit_ros_planning_interface:/home/tamar/ws_moveit/install/moveit_resources_prbt_moveit_config:/home/tamar/ws_moveit/install/moveit_ros_move_group:/home/tamar/ws_moveit/install/moveit_ros_warehouse:/home/tamar/ws_moveit/install/moveit_ros_robot_interaction:/home/tamar/ws_moveit/install/moveit_planners_ompl:/home/tamar/ws_moveit/install/moveit_kinematics:/home/tamar/ws_moveit/install/moveit_ros_planning:/home/tamar/ws_moveit/install/moveit_planners_chomp:/home/tamar/ws_moveit/install/pilz_industrial_motion_planner_testutils:/home/tamar/ws_moveit/install/moveit_simple_controller_manager:/home/tamar/ws_moveit/install/moveit_ros_occupancy_map_monitor:/home/tamar/ws_moveit/install/moveit_resources_prbt_ikfast_manipulator_plugin:/home/tamar/ws_moveit/install/moveit_planners_stomp:/home/tamar/ws_moveit/install/chomp_motion_planner:/home/tamar/ws_moveit/install/rviz_marker_tools:/home/tamar/ws_moveit/install/moveit_task_constructor_msgs:/home/tamar/ws_moveit/install/moveit_resources_fanuc_moveit_config:/home/tamar/ws_moveit/install/moveit_core:/home/tamar/ws_moveit/install/moveit_resources_prbt_support:/home/tamar/ws_moveit/install/moveit_resources_pr2_description:/home/tamar/ws_moveit/install/moveit_resources_panda_description:/home/tamar/ws_moveit/install/moveit_resources_fanuc_description:/home/tamar/ws_moveit/install/moveit_msgs:/home/tamar/ws_moveit/install/moveit_common:/opt/ros/jazzy/opt/gz_sim_vendor:/opt/ros/jazzy/opt/gz_sensors_vendor:/opt/ros/jazzy/opt/gz_physics_vendor:/opt/ros/jazzy/opt/sdformat_vendor:/opt/ros/jazzy/opt/gz_gui_vendor:/opt/ros/jazzy/opt/gz_transport_vendor:/opt/ros/jazzy/opt/gz_rendering_vendor:/opt/ros/jazzy/opt/gz_plugin_vendor:/opt/ros/jazzy/opt/gz_fuel_tools_vendor:/opt/ros/jazzy/opt/gz_msgs_vendor:/opt/ros/jazzy/opt/gz_common_vendor:/opt/ros/jazzy/opt/gz_math_vendor:/opt/ros/jazzy/opt/gz_utils_vendor:/opt/ros/jazzy/opt/gz_tools_vendor:/opt/ros/jazzy/opt/gz_ogre_next_vendor:/opt/ros/jazzy/opt/gz_dartsim_vendor:/opt/ros/jazzy/opt/gz_cmake_vendor:/opt/ros/jazzy LD_LIBRARY_PATH=/home/tamar/ws_moveit/install/moveit_task_constructor_core/lib:/home/tamar/ws_moveit/install/pilz_industrial_motion_planner/lib:/home/tamar/ws_moveit/install/moveit_ros_visualization/lib:/home/tamar/ws_moveit/install/moveit_ros_planning_interface/lib:/home/tamar/ws_moveit/install/moveit_ros_move_group/lib:/home/tamar/ws_moveit/install/moveit_ros_warehouse/lib:/home/tamar/ws_moveit/install/moveit_ros_robot_interaction/lib:/home/tamar/ws_moveit/install/moveit_planners_ompl/lib:/home/tamar/ws_moveit/install/moveit_kinematics/lib:/home/tamar/ws_moveit/install/moveit_ros_planning/lib:/home/tamar/ws_moveit/install/moveit_planners_chomp/lib:/home/tamar/ws_moveit/install/pilz_industrial_motion_planner_testutils/lib:/home/tamar/ws_moveit/install/moveit_simple_controller_manager/lib:/home/tamar/ws_moveit/install/moveit_ros_occupancy_map_monitor/lib:/home/tamar/ws_moveit/install/moveit_resources_prbt_ikfast_manipulator_plugin/lib:/home/tamar/ws_moveit/install/moveit_planners_stomp/lib:/home/tamar/ws_moveit/install/chomp_motion_planner/lib:/home/tamar/ws_moveit/install/rviz_marker_tools/lib:/home/tamar/ws_moveit/install/moveit_task_constructor_msgs/lib:/home/tamar/ws_moveit/install/moveit_core/lib:/home/tamar/ws_moveit/install/moveit_msgs/lib:${LD_LIBRARY_PATH} PATH=/home/tamar/ws_moveit/install/moveit_core/bin:${PATH} PYTHONPATH=/home/tamar/ws_moveit/install/moveit_task_constructor_core/lib/python3.12/site-packages:/home/tamar/ws_moveit/install/moveit_task_constructor_msgs/lib/python3.12/site-packages:/home/tamar/ws_moveit/install/moveit_msgs/lib/python3.12/site-packages:/home/tamar/ws_moveit/install/moveit_configs_utils/lib/python3.12/site-packages:${PYTHONPATH} /usr/bin/cmake --install /home/tamar/ws_moveit/build/moveit_task_constructor_visualization
[63.031s] -- Install configuration: "Release"
[63.031s] -- Installing: /home/tamar/ws_moveit/install/moveit_task_constructor_visualization/include
[63.031s] -- Installing: /home/tamar/ws_moveit/install/moveit_task_constructor_visualization/include/moveit
[63.031s] -- Installing: /home/tamar/ws_moveit/install/moveit_task_constructor_visualization/include/moveit/visualization_tools
[63.031s] -- Installing: /home/tamar/ws_moveit/install/moveit_task_constructor_visualization/include/moveit/visualization_tools/task_solution_panel.h
[63.031s] -- Installing: /home/tamar/ws_moveit/install/moveit_task_constructor_visualization/include/moveit/visualization_tools/task_solution_visualization.h
[63.031s] -- Installing: /home/tamar/ws_moveit/install/moveit_task_constructor_visualization/include/moveit/visualization_tools/display_solution.h
[63.031s] -- Installing: /home/tamar/ws_moveit/install/moveit_task_constructor_visualization/include/moveit/visualization_tools/marker_visualization.h
[63.031s] -- Installing: /home/tamar/ws_moveit/install/moveit_task_constructor_visualization/lib/libmoveit_task_visualization_tools.so.0.1.4
[63.032s] -- Set non-toolchain portion of runtime path of "/home/tamar/ws_moveit/install/moveit_task_constructor_visualization/lib/libmoveit_task_visualization_tools.so.0.1.4" to ""
[63.032s] -- Installing: /home/tamar/ws_moveit/install/moveit_task_constructor_visualization/lib/libmoveit_task_visualization_tools.so
[63.032s] -- Installing: /home/tamar/ws_moveit/install/moveit_task_constructor_visualization/lib/libmotion_planning_tasks_utils.so
[63.032s] -- Installing: /home/tamar/ws_moveit/install/moveit_task_constructor_visualization/lib/libmotion_planning_tasks_properties.so
[63.032s] -- Set non-toolchain portion of runtime path of "/home/tamar/ws_moveit/install/moveit_task_constructor_visualization/lib/libmotion_planning_tasks_properties.so" to ""
[63.032s] -- Installing: /home/tamar/ws_moveit/install/moveit_task_constructor_visualization/lib/libmotion_planning_tasks_rviz_plugin.so.0.1.4
[63.034s] -- Set non-toolchain portion of runtime path of "/home/tamar/ws_moveit/install/moveit_task_constructor_visualization/lib/libmotion_planning_tasks_rviz_plugin.so.0.1.4" to ""
[63.034s] -- Installing: /home/tamar/ws_moveit/install/moveit_task_constructor_visualization/lib/libmotion_planning_tasks_rviz_plugin.so
[63.034s] -- Installing: /home/tamar/ws_moveit/install/moveit_task_constructor_visualization/share/icons
[63.034s] -- Installing: /home/tamar/ws_moveit/install/moveit_task_constructor_visualization/share/icons/classes
[63.034s] -- Installing: /home/tamar/ws_moveit/install/moveit_task_constructor_visualization/share/icons/classes/Motion Planning Tasks.svg
[63.034s] -- Installing: /home/tamar/ws_moveit/install/moveit_task_constructor_visualization/share/moveit_task_constructor_visualization/motion_planning_tasks_rviz_plugin_description.xml
[63.034s] -- Installing: /home/tamar/ws_moveit/install/moveit_task_constructor_visualization/share/moveit_task_constructor_visualization/environment/library_path.sh
[63.034s] -- Installing: /home/tamar/ws_moveit/install/moveit_task_constructor_visualization/share/moveit_task_constructor_visualization/environment/library_path.dsv
[63.034s] -- Installing: /home/tamar/ws_moveit/install/moveit_task_constructor_visualization/share/ament_index/resource_index/package_run_dependencies/moveit_task_constructor_visualization
[63.034s] -- Installing: /home/tamar/ws_moveit/install/moveit_task_constructor_visualization/share/ament_index/resource_index/parent_prefix_path/moveit_task_constructor_visualization
[63.034s] -- Installing: /home/tamar/ws_moveit/install/moveit_task_constructor_visualization/share/moveit_task_constructor_visualization/environment/ament_prefix_path.sh
[63.034s] -- Installing: /home/tamar/ws_moveit/install/moveit_task_constructor_visualization/share/moveit_task_constructor_visualization/environment/ament_prefix_path.dsv
[63.034s] -- Installing: /home/tamar/ws_moveit/install/moveit_task_constructor_visualization/share/moveit_task_constructor_visualization/environment/path.sh
[63.034s] -- Installing: /home/tamar/ws_moveit/install/moveit_task_constructor_visualization/share/moveit_task_constructor_visualization/environment/path.dsv
[63.034s] -- Installing: /home/tamar/ws_moveit/install/moveit_task_constructor_visualization/share/moveit_task_constructor_visualization/local_setup.bash
[63.034s] -- Installing: /home/tamar/ws_moveit/install/moveit_task_constructor_visualization/share/moveit_task_constructor_visualization/local_setup.sh
[63.035s] -- Installing: /home/tamar/ws_moveit/install/moveit_task_constructor_visualization/share/moveit_task_constructor_visualization/local_setup.zsh
[63.035s] -- Installing: /home/tamar/ws_moveit/install/moveit_task_constructor_visualization/share/moveit_task_constructor_visualization/local_setup.dsv
[63.035s] -- Installing: /home/tamar/ws_moveit/install/moveit_task_constructor_visualization/share/moveit_task_constructor_visualization/package.dsv
[63.035s] -- Installing: /home/tamar/ws_moveit/install/moveit_task_constructor_visualization/share/ament_index/resource_index/packages/moveit_task_constructor_visualization
[63.035s] -- Installing: /home/tamar/ws_moveit/install/moveit_task_constructor_visualization/share/ament_index/resource_index/rviz_common__pluginlib__plugin/moveit_task_constructor_visualization
[63.035s] -- Installing: /home/tamar/ws_moveit/install/moveit_task_constructor_visualization/share/moveit_task_constructor_visualization/cmake/ament_cmake_export_include_directories-extras.cmake
[63.035s] -- Installing: /home/tamar/ws_moveit/install/moveit_task_constructor_visualization/share/moveit_task_constructor_visualization/cmake/ament_cmake_export_libraries-extras.cmake
[63.035s] -- Installing: /home/tamar/ws_moveit/install/moveit_task_constructor_visualization/share/moveit_task_constructor_visualization/cmake/ament_cmake_export_dependencies-extras.cmake
[63.035s] -- Installing: /home/tamar/ws_moveit/install/moveit_task_constructor_visualization/share/moveit_task_constructor_visualization/cmake/moveit_task_constructor_visualizationConfig.cmake
[63.035s] -- Installing: /home/tamar/ws_moveit/install/moveit_task_constructor_visualization/share/moveit_task_constructor_visualization/cmake/moveit_task_constructor_visualizationConfig-version.cmake
[63.035s] -- Installing: /home/tamar/ws_moveit/install/moveit_task_constructor_visualization/share/moveit_task_constructor_visualization/package.xml
[63.036s] Invoked command in '/home/tamar/ws_moveit/build/moveit_task_constructor_visualization' returned '0': AMENT_PREFIX_PATH=/home/tamar/ws_moveit/install/moveit_task_constructor_core:/home/tamar/ws_moveit/install/moveit_planners:/home/tamar/ws_moveit/install/pilz_industrial_motion_planner:/home/tamar/ws_moveit/install/moveit_ros_visualization:/home/tamar/ws_moveit/install/moveit_resources_prbt_pg70_support:/home/tamar/ws_moveit/install/moveit_ros_planning_interface:/home/tamar/ws_moveit/install/moveit_resources_prbt_moveit_config:/home/tamar/ws_moveit/install/moveit_ros_move_group:/home/tamar/ws_moveit/install/moveit_ros_warehouse:/home/tamar/ws_moveit/install/moveit_ros_robot_interaction:/home/tamar/ws_moveit/install/moveit_planners_ompl:/home/tamar/ws_moveit/install/moveit_kinematics:/home/tamar/ws_moveit/install/moveit_ros_planning:/home/tamar/ws_moveit/install/moveit_planners_chomp:/home/tamar/ws_moveit/install/pilz_industrial_motion_planner_testutils:/home/tamar/ws_moveit/install/moveit_simple_controller_manager:/home/tamar/ws_moveit/install/moveit_ros_occupancy_map_monitor:/home/tamar/ws_moveit/install/moveit_resources_prbt_ikfast_manipulator_plugin:/home/tamar/ws_moveit/install/moveit_planners_stomp:/home/tamar/ws_moveit/install/chomp_motion_planner:/home/tamar/ws_moveit/install/rviz_marker_tools:/home/tamar/ws_moveit/install/moveit_task_constructor_msgs:/home/tamar/ws_moveit/install/moveit_resources_fanuc_moveit_config:/home/tamar/ws_moveit/install/moveit_core:/home/tamar/ws_moveit/install/moveit_resources_prbt_support:/home/tamar/ws_moveit/install/moveit_resources_pr2_description:/home/tamar/ws_moveit/install/moveit_resources_panda_description:/home/tamar/ws_moveit/install/moveit_resources_fanuc_description:/home/tamar/ws_moveit/install/moveit_msgs:/home/tamar/ws_moveit/install/moveit_configs_utils:/home/tamar/ws_moveit/install/moveit_common:${AMENT_PREFIX_PATH} CMAKE_MODULE_PATH=/home/tamar/ws_moveit/install/moveit_task_constructor_core/share/moveit_task_constructor_core/cmake CMAKE_PREFIX_PATH=/home/tamar/ws_moveit/install/moveit_task_constructor_core:/home/tamar/ws_moveit/install/moveit_planners:/home/tamar/ws_moveit/install/pilz_industrial_motion_planner:/home/tamar/ws_moveit/install/moveit_ros_visualization:/home/tamar/ws_moveit/install/moveit_resources_prbt_pg70_support:/home/tamar/ws_moveit/install/moveit_ros_planning_interface:/home/tamar/ws_moveit/install/moveit_resources_prbt_moveit_config:/home/tamar/ws_moveit/install/moveit_ros_move_group:/home/tamar/ws_moveit/install/moveit_ros_warehouse:/home/tamar/ws_moveit/install/moveit_ros_robot_interaction:/home/tamar/ws_moveit/install/moveit_planners_ompl:/home/tamar/ws_moveit/install/moveit_kinematics:/home/tamar/ws_moveit/install/moveit_ros_planning:/home/tamar/ws_moveit/install/moveit_planners_chomp:/home/tamar/ws_moveit/install/pilz_industrial_motion_planner_testutils:/home/tamar/ws_moveit/install/moveit_simple_controller_manager:/home/tamar/ws_moveit/install/moveit_ros_occupancy_map_monitor:/home/tamar/ws_moveit/install/moveit_resources_prbt_ikfast_manipulator_plugin:/home/tamar/ws_moveit/install/moveit_planners_stomp:/home/tamar/ws_moveit/install/chomp_motion_planner:/home/tamar/ws_moveit/install/rviz_marker_tools:/home/tamar/ws_moveit/install/moveit_task_constructor_msgs:/home/tamar/ws_moveit/install/moveit_resources_fanuc_moveit_config:/home/tamar/ws_moveit/install/moveit_core:/home/tamar/ws_moveit/install/moveit_resources_prbt_support:/home/tamar/ws_moveit/install/moveit_resources_pr2_description:/home/tamar/ws_moveit/install/moveit_resources_panda_description:/home/tamar/ws_moveit/install/moveit_resources_fanuc_description:/home/tamar/ws_moveit/install/moveit_msgs:/home/tamar/ws_moveit/install/moveit_common:/opt/ros/jazzy/opt/gz_sim_vendor:/opt/ros/jazzy/opt/gz_sensors_vendor:/opt/ros/jazzy/opt/gz_physics_vendor:/opt/ros/jazzy/opt/sdformat_vendor:/opt/ros/jazzy/opt/gz_gui_vendor:/opt/ros/jazzy/opt/gz_transport_vendor:/opt/ros/jazzy/opt/gz_rendering_vendor:/opt/ros/jazzy/opt/gz_plugin_vendor:/opt/ros/jazzy/opt/gz_fuel_tools_vendor:/opt/ros/jazzy/opt/gz_msgs_vendor:/opt/ros/jazzy/opt/gz_common_vendor:/opt/ros/jazzy/opt/gz_math_vendor:/opt/ros/jazzy/opt/gz_utils_vendor:/opt/ros/jazzy/opt/gz_tools_vendor:/opt/ros/jazzy/opt/gz_ogre_next_vendor:/opt/ros/jazzy/opt/gz_dartsim_vendor:/opt/ros/jazzy/opt/gz_cmake_vendor:/opt/ros/jazzy LD_LIBRARY_PATH=/home/tamar/ws_moveit/install/moveit_task_constructor_core/lib:/home/tamar/ws_moveit/install/pilz_industrial_motion_planner/lib:/home/tamar/ws_moveit/install/moveit_ros_visualization/lib:/home/tamar/ws_moveit/install/moveit_ros_planning_interface/lib:/home/tamar/ws_moveit/install/moveit_ros_move_group/lib:/home/tamar/ws_moveit/install/moveit_ros_warehouse/lib:/home/tamar/ws_moveit/install/moveit_ros_robot_interaction/lib:/home/tamar/ws_moveit/install/moveit_planners_ompl/lib:/home/tamar/ws_moveit/install/moveit_kinematics/lib:/home/tamar/ws_moveit/install/moveit_ros_planning/lib:/home/tamar/ws_moveit/install/moveit_planners_chomp/lib:/home/tamar/ws_moveit/install/pilz_industrial_motion_planner_testutils/lib:/home/tamar/ws_moveit/install/moveit_simple_controller_manager/lib:/home/tamar/ws_moveit/install/moveit_ros_occupancy_map_monitor/lib:/home/tamar/ws_moveit/install/moveit_resources_prbt_ikfast_manipulator_plugin/lib:/home/tamar/ws_moveit/install/moveit_planners_stomp/lib:/home/tamar/ws_moveit/install/chomp_motion_planner/lib:/home/tamar/ws_moveit/install/rviz_marker_tools/lib:/home/tamar/ws_moveit/install/moveit_task_constructor_msgs/lib:/home/tamar/ws_moveit/install/moveit_core/lib:/home/tamar/ws_moveit/install/moveit_msgs/lib:${LD_LIBRARY_PATH} PATH=/home/tamar/ws_moveit/install/moveit_core/bin:${PATH} PYTHONPATH=/home/tamar/ws_moveit/install/moveit_task_constructor_core/lib/python3.12/site-packages:/home/tamar/ws_moveit/install/moveit_task_constructor_msgs/lib/python3.12/site-packages:/home/tamar/ws_moveit/install/moveit_msgs/lib/python3.12/site-packages:/home/tamar/ws_moveit/install/moveit_configs_utils/lib/python3.12/site-packages:${PYTHONPATH} /usr/bin/cmake --install /home/tamar/ws_moveit/build/moveit_task_constructor_visualization
