[0.000000] (-) TimerEvent: {}
[0.000134] (sirgas_description) JobQueued: {'identifier': 'sirgas_description', 'dependencies': OrderedDict()}
[0.000269] (sirgas_description) JobStarted: {'identifier': 'sirgas_description'}
[0.012858] (sirgas_description) JobProgress: {'identifier': 'sirgas_description', 'progress': 'cmake'}
[0.013836] (sirgas_description) Command: {'cmd': ['/usr/bin/cmake', '/home/tamar/RBE594_ws/src/sirgas_description', '-DAMENT_CMAKE_SYMLINK_INSTALL=1', '-DCMAKE_INSTALL_PREFIX=/home/tamar/RBE594_ws/src/sirgas_description/install/sirgas_description'], 'cwd': '/home/tamar/RBE594_ws/src/sirgas_description/build/sirgas_description', 'env': OrderedDict({'GZ_SIM_RESOURCE_PATH': '/opt/ros/jazzy/share', 'GZ_CONFIG_PATH': '/opt/ros/jazzy/opt/gz_sim_vendor/share/gz:/opt/ros/jazzy/opt/sdformat_vendor/share/gz:/opt/ros/jazzy/opt/gz_gui_vendor/share/gz:/opt/ros/jazzy/opt/gz_transport_vendor/share/gz:/opt/ros/jazzy/opt/gz_rendering_vendor/share/gz:/opt/ros/jazzy/opt/gz_plugin_vendor/share/gz:/opt/ros/jazzy/opt/gz_fuel_tools_vendor/share/gz:/opt/ros/jazzy/opt/gz_msgs_vendor/share/gz:/opt/ros/jazzy/opt/gz_common_vendor/share/gz', 'HOSTNAME': '99c8b64005df', 'SHLVL': '1', 'LIBGL_ALWAYS_SOFTWARE': '1', 'LD_LIBRARY_PATH': '/opt/ros/jazzy/opt/gz_sim_vendor/lib:/opt/ros/jazzy/opt/gz_sensors_vendor/lib:/opt/ros/jazzy/opt/gz_physics_vendor/lib:/opt/ros/jazzy/opt/sdformat_vendor/lib:/opt/ros/jazzy/opt/rviz_ogre_vendor/lib:/opt/ros/jazzy/lib/x86_64-linux-gnu:/opt/ros/jazzy/opt/gz_gui_vendor/lib:/opt/ros/jazzy/opt/gz_transport_vendor/lib:/opt/ros/jazzy/opt/gz_rendering_vendor/lib:/opt/ros/jazzy/opt/gz_plugin_vendor/lib:/opt/ros/jazzy/opt/gz_fuel_tools_vendor/lib:/opt/ros/jazzy/opt/gz_msgs_vendor/lib:/opt/ros/jazzy/opt/gz_common_vendor/lib:/opt/ros/jazzy/opt/gz_math_vendor/lib:/opt/ros/jazzy/opt/gz_utils_vendor/lib:/opt/ros/jazzy/opt/gz_tools_vendor/lib:/opt/ros/jazzy/opt/gz_ogre_next_vendor/lib:/opt/ros/jazzy/opt/gz_dartsim_vendor/lib:/opt/ros/jazzy/opt/gz_cmake_vendor/lib:/opt/ros/jazzy/lib', 'HOME': '/home/tamar', 'OLDPWD': '/home/tamar/RBE594_ws/src/sirgas_description/meshes', 'ROS_PYTHON_VERSION': '3', 'COLCON_PREFIX_PATH': '/home/tamar/RBE594_ws/install', 'ROS_DISTRO': 'jazzy', '_': '/usr/bin/colcon', 'ROS_VERSION': '2', 'TERM': 'xterm', 'QT_X11_NO_MITSHM': '1', 'PATH': '/opt/ros/jazzy/opt/gz_msgs_vendor/bin:/opt/ros/jazzy/opt/gz_tools_vendor/bin:/opt/ros/jazzy/opt/gz_ogre_next_vendor/bin:/opt/ros/jazzy/bin:/usr/local/sbin:/usr/local/bin:/usr/sbin:/usr/bin:/sbin:/bin', 'DISPLAY': ':1', 'LANG': 'C.UTF-8', 'RMW_IMPLEMENTATION': 'rmw_cyclonedds_cpp', 'AMENT_PREFIX_PATH': '/home/tamar/RBE594_ws/install/sirgas_description:/home/tamar/RBE594_ws/install/sirgas_apriltag_detector:/home/tamar/RBE594_ws/install/custom_gear_controllers:/opt/ros/jazzy', 'ROS_AUTOMATIC_DISCOVERY_RANGE': 'SUBNET', 'PWD': '/home/tamar/RBE594_ws/src/sirgas_description/build/sirgas_description', 'TURTLEBOT3_MODEL': 'waffle', 'LC_ALL': 'C.UTF-8', 'PYTHONPATH': '/home/tamar/RBE594_ws/build/sirgas_apriltag_detector:/home/tamar/RBE594_ws/install/sirgas_apriltag_detector/lib/python3.12/site-packages:/home/tamar/RBE594_ws/build/custom_gear_controllers:/home/tamar/RBE594_ws/install/custom_gear_controllers/lib/python3.12/site-packages:/opt/ros/jazzy/lib/python3.12/site-packages', 'NVIDIA_VISIBLE_DEVICES': 'all', 'COLCON': '1', 'CMAKE_PREFIX_PATH': '/home/tamar/RBE594_ws/install/sirgas_description:/opt/ros/jazzy/opt/gz_sim_vendor:/opt/ros/jazzy/opt/gz_sensors_vendor:/opt/ros/jazzy/opt/gz_physics_vendor:/opt/ros/jazzy/opt/sdformat_vendor:/opt/ros/jazzy/opt/gz_gui_vendor:/opt/ros/jazzy/opt/gz_transport_vendor:/opt/ros/jazzy/opt/gz_rendering_vendor:/opt/ros/jazzy/opt/gz_plugin_vendor:/opt/ros/jazzy/opt/gz_fuel_tools_vendor:/opt/ros/jazzy/opt/gz_msgs_vendor:/opt/ros/jazzy/opt/gz_common_vendor:/opt/ros/jazzy/opt/gz_math_vendor:/opt/ros/jazzy/opt/gz_utils_vendor:/opt/ros/jazzy/opt/gz_tools_vendor:/opt/ros/jazzy/opt/gz_ogre_next_vendor:/opt/ros/jazzy/opt/gz_dartsim_vendor:/opt/ros/jazzy/opt/gz_cmake_vendor:/home/tamar/RBE594_ws/install/sirgas_apriltag_detector:/home/tamar/RBE594_ws/install/custom_gear_controllers:/opt/ros/jazzy'}), 'shell': False}
[0.099454] (-) TimerEvent: {}
[0.132703] (sirgas_description) StdoutLine: {'line': b'-- The C compiler identification is GNU 13.3.0\n'}
[0.199767] (-) TimerEvent: {}
[0.239285] (sirgas_description) StdoutLine: {'line': b'-- The CXX compiler identification is GNU 13.3.0\n'}
[0.257543] (sirgas_description) StdoutLine: {'line': b'-- Detecting C compiler ABI info\n'}
[0.299888] (-) TimerEvent: {}
[0.352944] (sirgas_description) StdoutLine: {'line': b'-- Detecting C compiler ABI info - done\n'}
[0.363596] (sirgas_description) StdoutLine: {'line': b'-- Check for working C compiler: /usr/bin/cc - skipped\n'}
[0.364126] (sirgas_description) StdoutLine: {'line': b'-- Detecting C compile features\n'}
[0.364895] (sirgas_description) StdoutLine: {'line': b'-- Detecting C compile features - done\n'}
[0.375526] (sirgas_description) StdoutLine: {'line': b'-- Detecting CXX compiler ABI info\n'}
[0.399990] (-) TimerEvent: {}
[0.485282] (sirgas_description) StdoutLine: {'line': b'-- Detecting CXX compiler ABI info - done\n'}
[0.497579] (sirgas_description) StdoutLine: {'line': b'-- Check for working CXX compiler: /usr/bin/c++ - skipped\n'}
[0.498189] (sirgas_description) StdoutLine: {'line': b'-- Detecting CXX compile features\n'}
[0.498864] (sirgas_description) StdoutLine: {'line': b'-- Detecting CXX compile features - done\n'}
[0.500069] (-) TimerEvent: {}
[0.510130] (sirgas_description) StdoutLine: {'line': b'-- Found ament_cmake: 2.5.4 (/opt/ros/jazzy/share/ament_cmake/cmake)\n'}
[0.600170] (-) TimerEvent: {}
[0.700460] (-) TimerEvent: {}
[0.723072] (sirgas_description) StdoutLine: {'line': b'-- Found Python3: /usr/bin/python3 (found version "3.12.3") found components: Interpreter \n'}
[0.791962] (sirgas_description) StdoutLine: {'line': b'-- Override CMake install command with custom implementation using symlinks instead of copying resources\n'}
[0.800556] (-) TimerEvent: {}
[0.875291] (sirgas_description) StdoutLine: {'line': b'-- Found xacro: 2.1.1 (/opt/ros/jazzy/share/xacro/cmake)\n'}
[0.882800] (sirgas_description) StdoutLine: {'line': b'-- Found rclcpp: 28.1.12 (/opt/ros/jazzy/share/rclcpp/cmake)\n'}
[0.900681] (-) TimerEvent: {}
[0.958252] (sirgas_description) StdoutLine: {'line': b'-- Found rosidl_generator_c: 4.6.6 (/opt/ros/jazzy/share/rosidl_generator_c/cmake)\n'}
[0.983090] (sirgas_description) StdoutLine: {'line': b'-- Found rosidl_generator_cpp: 4.6.6 (/opt/ros/jazzy/share/rosidl_generator_cpp/cmake)\n'}
[1.000800] (-) TimerEvent: {}
[1.013664] (sirgas_description) StdoutLine: {'line': b'-- Using all available rosidl_typesupport_c: rosidl_typesupport_fastrtps_c;rosidl_typesupport_introspection_c\n'}
[1.044637] (sirgas_description) StdoutLine: {'line': b'-- Using all available rosidl_typesupport_cpp: rosidl_typesupport_fastrtps_cpp;rosidl_typesupport_introspection_cpp\n'}
[1.100945] (-) TimerEvent: {}
[1.178108] (sirgas_description) StdoutLine: {'line': b'-- Found rmw_implementation_cmake: 7.3.2 (/opt/ros/jazzy/share/rmw_implementation_cmake/cmake)\n'}
[1.185307] (sirgas_description) StdoutLine: {'line': b'-- Found rmw_cyclonedds_cpp: 2.2.3 (/opt/ros/jazzy/share/rmw_cyclonedds_cpp/cmake)\n'}
[1.201064] (-) TimerEvent: {}
[1.243767] (sirgas_description) StdoutLine: {'line': b"-- Using RMW implementation 'rmw_cyclonedds_cpp' as default\n"}
[1.301175] (-) TimerEvent: {}
[1.353350] (sirgas_description) StdoutLine: {'line': b'-- Found std_msgs: 5.3.6 (/opt/ros/jazzy/share/std_msgs/cmake)\n'}
[1.375975] (sirgas_description) StdoutLine: {'line': b'-- Found trajectory_msgs: 5.3.6 (/opt/ros/jazzy/share/trajectory_msgs/cmake)\n'}
[1.401335] (-) TimerEvent: {}
[1.501678] (-) TimerEvent: {}
[1.550447] (sirgas_description) StdoutLine: {'line': b'-- Configuring done (1.5s)\n'}
[1.559974] (sirgas_description) StdoutLine: {'line': b'-- Generating done (0.0s)\n'}
[1.563330] (sirgas_description) StdoutLine: {'line': b'-- Build files have been written to: /home/tamar/RBE594_ws/src/sirgas_description/build/sirgas_description\n'}
[1.578726] (sirgas_description) CommandEnded: {'returncode': 0}
[1.579348] (sirgas_description) JobProgress: {'identifier': 'sirgas_description', 'progress': 'build'}
[1.580008] (sirgas_description) Command: {'cmd': ['/usr/bin/cmake', '--build', '/home/tamar/RBE594_ws/src/sirgas_description/build/sirgas_description', '--', '-j12', '-l12'], 'cwd': '/home/tamar/RBE594_ws/src/sirgas_description/build/sirgas_description', 'env': OrderedDict({'GZ_SIM_RESOURCE_PATH': '/opt/ros/jazzy/share', 'GZ_CONFIG_PATH': '/opt/ros/jazzy/opt/gz_sim_vendor/share/gz:/opt/ros/jazzy/opt/sdformat_vendor/share/gz:/opt/ros/jazzy/opt/gz_gui_vendor/share/gz:/opt/ros/jazzy/opt/gz_transport_vendor/share/gz:/opt/ros/jazzy/opt/gz_rendering_vendor/share/gz:/opt/ros/jazzy/opt/gz_plugin_vendor/share/gz:/opt/ros/jazzy/opt/gz_fuel_tools_vendor/share/gz:/opt/ros/jazzy/opt/gz_msgs_vendor/share/gz:/opt/ros/jazzy/opt/gz_common_vendor/share/gz', 'HOSTNAME': '99c8b64005df', 'SHLVL': '1', 'LIBGL_ALWAYS_SOFTWARE': '1', 'LD_LIBRARY_PATH': '/opt/ros/jazzy/opt/gz_sim_vendor/lib:/opt/ros/jazzy/opt/gz_sensors_vendor/lib:/opt/ros/jazzy/opt/gz_physics_vendor/lib:/opt/ros/jazzy/opt/sdformat_vendor/lib:/opt/ros/jazzy/opt/rviz_ogre_vendor/lib:/opt/ros/jazzy/lib/x86_64-linux-gnu:/opt/ros/jazzy/opt/gz_gui_vendor/lib:/opt/ros/jazzy/opt/gz_transport_vendor/lib:/opt/ros/jazzy/opt/gz_rendering_vendor/lib:/opt/ros/jazzy/opt/gz_plugin_vendor/lib:/opt/ros/jazzy/opt/gz_fuel_tools_vendor/lib:/opt/ros/jazzy/opt/gz_msgs_vendor/lib:/opt/ros/jazzy/opt/gz_common_vendor/lib:/opt/ros/jazzy/opt/gz_math_vendor/lib:/opt/ros/jazzy/opt/gz_utils_vendor/lib:/opt/ros/jazzy/opt/gz_tools_vendor/lib:/opt/ros/jazzy/opt/gz_ogre_next_vendor/lib:/opt/ros/jazzy/opt/gz_dartsim_vendor/lib:/opt/ros/jazzy/opt/gz_cmake_vendor/lib:/opt/ros/jazzy/lib', 'HOME': '/home/tamar', 'OLDPWD': '/home/tamar/RBE594_ws/src/sirgas_description/meshes', 'ROS_PYTHON_VERSION': '3', 'COLCON_PREFIX_PATH': '/home/tamar/RBE594_ws/install', 'ROS_DISTRO': 'jazzy', '_': '/usr/bin/colcon', 'ROS_VERSION': '2', 'TERM': 'xterm', 'QT_X11_NO_MITSHM': '1', 'PATH': '/opt/ros/jazzy/opt/gz_msgs_vendor/bin:/opt/ros/jazzy/opt/gz_tools_vendor/bin:/opt/ros/jazzy/opt/gz_ogre_next_vendor/bin:/opt/ros/jazzy/bin:/usr/local/sbin:/usr/local/bin:/usr/sbin:/usr/bin:/sbin:/bin', 'DISPLAY': ':1', 'LANG': 'C.UTF-8', 'RMW_IMPLEMENTATION': 'rmw_cyclonedds_cpp', 'AMENT_PREFIX_PATH': '/home/tamar/RBE594_ws/install/sirgas_description:/home/tamar/RBE594_ws/install/sirgas_apriltag_detector:/home/tamar/RBE594_ws/install/custom_gear_controllers:/opt/ros/jazzy', 'ROS_AUTOMATIC_DISCOVERY_RANGE': 'SUBNET', 'PWD': '/home/tamar/RBE594_ws/src/sirgas_description/build/sirgas_description', 'TURTLEBOT3_MODEL': 'waffle', 'LC_ALL': 'C.UTF-8', 'PYTHONPATH': '/home/tamar/RBE594_ws/build/sirgas_apriltag_detector:/home/tamar/RBE594_ws/install/sirgas_apriltag_detector/lib/python3.12/site-packages:/home/tamar/RBE594_ws/build/custom_gear_controllers:/home/tamar/RBE594_ws/install/custom_gear_controllers/lib/python3.12/site-packages:/opt/ros/jazzy/lib/python3.12/site-packages', 'NVIDIA_VISIBLE_DEVICES': 'all', 'COLCON': '1', 'CMAKE_PREFIX_PATH': '/home/tamar/RBE594_ws/install/sirgas_description:/opt/ros/jazzy/opt/gz_sim_vendor:/opt/ros/jazzy/opt/gz_sensors_vendor:/opt/ros/jazzy/opt/gz_physics_vendor:/opt/ros/jazzy/opt/sdformat_vendor:/opt/ros/jazzy/opt/gz_gui_vendor:/opt/ros/jazzy/opt/gz_transport_vendor:/opt/ros/jazzy/opt/gz_rendering_vendor:/opt/ros/jazzy/opt/gz_plugin_vendor:/opt/ros/jazzy/opt/gz_fuel_tools_vendor:/opt/ros/jazzy/opt/gz_msgs_vendor:/opt/ros/jazzy/opt/gz_common_vendor:/opt/ros/jazzy/opt/gz_math_vendor:/opt/ros/jazzy/opt/gz_utils_vendor:/opt/ros/jazzy/opt/gz_tools_vendor:/opt/ros/jazzy/opt/gz_ogre_next_vendor:/opt/ros/jazzy/opt/gz_dartsim_vendor:/opt/ros/jazzy/opt/gz_cmake_vendor:/home/tamar/RBE594_ws/install/sirgas_apriltag_detector:/home/tamar/RBE594_ws/install/custom_gear_controllers:/opt/ros/jazzy'}), 'shell': False}
[1.601814] (-) TimerEvent: {}
[1.642201] (sirgas_description) CommandEnded: {'returncode': 0}
[1.643019] (sirgas_description) JobProgress: {'identifier': 'sirgas_description', 'progress': 'install'}
[1.655988] (sirgas_description) Command: {'cmd': ['/usr/bin/cmake', '--install', '/home/tamar/RBE594_ws/src/sirgas_description/build/sirgas_description'], 'cwd': '/home/tamar/RBE594_ws/src/sirgas_description/build/sirgas_description', 'env': OrderedDict({'GZ_SIM_RESOURCE_PATH': '/opt/ros/jazzy/share', 'GZ_CONFIG_PATH': '/opt/ros/jazzy/opt/gz_sim_vendor/share/gz:/opt/ros/jazzy/opt/sdformat_vendor/share/gz:/opt/ros/jazzy/opt/gz_gui_vendor/share/gz:/opt/ros/jazzy/opt/gz_transport_vendor/share/gz:/opt/ros/jazzy/opt/gz_rendering_vendor/share/gz:/opt/ros/jazzy/opt/gz_plugin_vendor/share/gz:/opt/ros/jazzy/opt/gz_fuel_tools_vendor/share/gz:/opt/ros/jazzy/opt/gz_msgs_vendor/share/gz:/opt/ros/jazzy/opt/gz_common_vendor/share/gz', 'HOSTNAME': '99c8b64005df', 'SHLVL': '1', 'LIBGL_ALWAYS_SOFTWARE': '1', 'LD_LIBRARY_PATH': '/opt/ros/jazzy/opt/gz_sim_vendor/lib:/opt/ros/jazzy/opt/gz_sensors_vendor/lib:/opt/ros/jazzy/opt/gz_physics_vendor/lib:/opt/ros/jazzy/opt/sdformat_vendor/lib:/opt/ros/jazzy/opt/rviz_ogre_vendor/lib:/opt/ros/jazzy/lib/x86_64-linux-gnu:/opt/ros/jazzy/opt/gz_gui_vendor/lib:/opt/ros/jazzy/opt/gz_transport_vendor/lib:/opt/ros/jazzy/opt/gz_rendering_vendor/lib:/opt/ros/jazzy/opt/gz_plugin_vendor/lib:/opt/ros/jazzy/opt/gz_fuel_tools_vendor/lib:/opt/ros/jazzy/opt/gz_msgs_vendor/lib:/opt/ros/jazzy/opt/gz_common_vendor/lib:/opt/ros/jazzy/opt/gz_math_vendor/lib:/opt/ros/jazzy/opt/gz_utils_vendor/lib:/opt/ros/jazzy/opt/gz_tools_vendor/lib:/opt/ros/jazzy/opt/gz_ogre_next_vendor/lib:/opt/ros/jazzy/opt/gz_dartsim_vendor/lib:/opt/ros/jazzy/opt/gz_cmake_vendor/lib:/opt/ros/jazzy/lib', 'HOME': '/home/tamar', 'OLDPWD': '/home/tamar/RBE594_ws/src/sirgas_description/meshes', 'ROS_PYTHON_VERSION': '3', 'COLCON_PREFIX_PATH': '/home/tamar/RBE594_ws/install', 'ROS_DISTRO': 'jazzy', '_': '/usr/bin/colcon', 'ROS_VERSION': '2', 'TERM': 'xterm', 'QT_X11_NO_MITSHM': '1', 'PATH': '/opt/ros/jazzy/opt/gz_msgs_vendor/bin:/opt/ros/jazzy/opt/gz_tools_vendor/bin:/opt/ros/jazzy/opt/gz_ogre_next_vendor/bin:/opt/ros/jazzy/bin:/usr/local/sbin:/usr/local/bin:/usr/sbin:/usr/bin:/sbin:/bin', 'DISPLAY': ':1', 'LANG': 'C.UTF-8', 'RMW_IMPLEMENTATION': 'rmw_cyclonedds_cpp', 'AMENT_PREFIX_PATH': '/home/tamar/RBE594_ws/install/sirgas_description:/home/tamar/RBE594_ws/install/sirgas_apriltag_detector:/home/tamar/RBE594_ws/install/custom_gear_controllers:/opt/ros/jazzy', 'ROS_AUTOMATIC_DISCOVERY_RANGE': 'SUBNET', 'PWD': '/home/tamar/RBE594_ws/src/sirgas_description/build/sirgas_description', 'TURTLEBOT3_MODEL': 'waffle', 'LC_ALL': 'C.UTF-8', 'PYTHONPATH': '/home/tamar/RBE594_ws/build/sirgas_apriltag_detector:/home/tamar/RBE594_ws/install/sirgas_apriltag_detector/lib/python3.12/site-packages:/home/tamar/RBE594_ws/build/custom_gear_controllers:/home/tamar/RBE594_ws/install/custom_gear_controllers/lib/python3.12/site-packages:/opt/ros/jazzy/lib/python3.12/site-packages', 'NVIDIA_VISIBLE_DEVICES': 'all', 'COLCON': '1', 'CMAKE_PREFIX_PATH': '/home/tamar/RBE594_ws/install/sirgas_description:/opt/ros/jazzy/opt/gz_sim_vendor:/opt/ros/jazzy/opt/gz_sensors_vendor:/opt/ros/jazzy/opt/gz_physics_vendor:/opt/ros/jazzy/opt/sdformat_vendor:/opt/ros/jazzy/opt/gz_gui_vendor:/opt/ros/jazzy/opt/gz_transport_vendor:/opt/ros/jazzy/opt/gz_rendering_vendor:/opt/ros/jazzy/opt/gz_plugin_vendor:/opt/ros/jazzy/opt/gz_fuel_tools_vendor:/opt/ros/jazzy/opt/gz_msgs_vendor:/opt/ros/jazzy/opt/gz_common_vendor:/opt/ros/jazzy/opt/gz_math_vendor:/opt/ros/jazzy/opt/gz_utils_vendor:/opt/ros/jazzy/opt/gz_tools_vendor:/opt/ros/jazzy/opt/gz_ogre_next_vendor:/opt/ros/jazzy/opt/gz_dartsim_vendor:/opt/ros/jazzy/opt/gz_cmake_vendor:/home/tamar/RBE594_ws/install/sirgas_apriltag_detector:/home/tamar/RBE594_ws/install/custom_gear_controllers:/opt/ros/jazzy'}), 'shell': False}
[1.666645] (sirgas_description) StdoutLine: {'line': b'-- Install configuration: ""\n'}
[1.667371] (sirgas_description) StdoutLine: {'line': b'-- Execute custom install script\n'}
[1.668665] (sirgas_description) StdoutLine: {'line': b'-- Symlinking: /home/tamar/RBE594_ws/src/sirgas_description/install/sirgas_description/share/sirgas_description//urdf/apriltags/tag_1.png\n'}
[1.680805] (sirgas_description) StdoutLine: {'line': b'-- Symlinking: /home/tamar/RBE594_ws/src/sirgas_description/install/sirgas_description/share/sirgas_description//urdf/camera.urdf.xacro\n'}
[1.693510] (sirgas_description) StdoutLine: {'line': b'-- Symlinking: /home/tamar/RBE594_ws/src/sirgas_description/install/sirgas_description/share/sirgas_description//urdf/camera_mount.urdf.xacro\n'}
[1.702000] (-) TimerEvent: {}
[1.707251] (sirgas_description) StdoutLine: {'line': b'-- Symlinking: /home/tamar/RBE594_ws/src/sirgas_description/install/sirgas_description/share/sirgas_description//urdf/gear_starter_motor.urdf.xacro\n'}
[1.722124] (sirgas_description) StdoutLine: {'line': b'-- Symlinking: /home/tamar/RBE594_ws/src/sirgas_description/install/sirgas_description/share/sirgas_description//urdf/inc/apriltag_card.xacro\n'}
[1.736681] (sirgas_description) StdoutLine: {'line': b'-- Symlinking: /home/tamar/RBE594_ws/src/sirgas_description/install/sirgas_description/share/sirgas_description//urdf/inc/ur_common.xacro\n'}
[1.747894] (sirgas_description) StdoutLine: {'line': b'-- Symlinking: /home/tamar/RBE594_ws/src/sirgas_description/install/sirgas_description/share/sirgas_description//urdf/inc/ur_transmissions.xacro\n'}
[1.759668] (sirgas_description) StdoutLine: {'line': b'-- Symlinking: /home/tamar/RBE594_ws/src/sirgas_description/install/sirgas_description/share/sirgas_description//urdf/pba.urdf.xacro\n'}
[1.772218] (sirgas_description) StdoutLine: {'line': b'-- Symlinking: /home/tamar/RBE594_ws/src/sirgas_description/install/sirgas_description/share/sirgas_description//urdf/pba2.urdf.xacro\n'}
[1.784077] (sirgas_description) StdoutLine: {'line': b'-- Symlinking: /home/tamar/RBE594_ws/src/sirgas_description/install/sirgas_description/share/sirgas_description//urdf/robotiq_arg85_description.urdf.xacro\n'}
[1.795545] (sirgas_description) StdoutLine: {'line': b'-- Symlinking: /home/tamar/RBE594_ws/src/sirgas_description/install/sirgas_description/share/sirgas_description//urdf/sim_cam.urdf.xacro\n'}
[1.802157] (-) TimerEvent: {}
[1.808453] (sirgas_description) StdoutLine: {'line': b'-- Symlinking: /home/tamar/RBE594_ws/src/sirgas_description/install/sirgas_description/share/sirgas_description//urdf/tag_1.urdf.xacro\n'}
[1.822003] (sirgas_description) StdoutLine: {'line': b'-- Symlinking: /home/tamar/RBE594_ws/src/sirgas_description/install/sirgas_description/share/sirgas_description//urdf/ur20.ros2_control.xacro\n'}
[1.832626] (sirgas_description) StdoutLine: {'line': b'-- Symlinking: /home/tamar/RBE594_ws/src/sirgas_description/install/sirgas_description/share/sirgas_description//urdf/ur20_macro.xacro\n'}
[1.845284] (sirgas_description) StdoutLine: {'line': b'-- Symlinking: /home/tamar/RBE594_ws/src/sirgas_description/install/sirgas_description/share/sirgas_description//urdf/ur20_pba.urdf.xacro\n'}
[1.856783] (sirgas_description) StdoutLine: {'line': b'-- Symlinking: /home/tamar/RBE594_ws/src/sirgas_description/install/sirgas_description/share/sirgas_description//urdf/ur20_picker.urdf.xacro\n'}
[1.866690] (sirgas_description) StdoutLine: {'line': b'-- Symlinking: /home/tamar/RBE594_ws/src/sirgas_description/install/sirgas_description/share/sirgas_description//urdf/ur20_starter.urdf.xacro\n'}
[1.877033] (sirgas_description) StdoutLine: {'line': b'-- Symlinking: /home/tamar/RBE594_ws/src/sirgas_description/install/sirgas_description/share/sirgas_description//urdf/ur20_starter2.urdf.xacro\n'}
[1.888944] (sirgas_description) StdoutLine: {'line': b'-- Symlinking: /home/tamar/RBE594_ws/src/sirgas_description/install/sirgas_description/share/sirgas_description//launch/apriltag_detector.py\n'}
[1.900752] (sirgas_description) StdoutLine: {'line': b'-- Symlinking: /home/tamar/RBE594_ws/src/sirgas_description/install/sirgas_description/share/sirgas_description//launch/camera.launch.py\n'}
[1.902276] (-) TimerEvent: {}
[1.913558] (sirgas_description) StdoutLine: {'line': b'-- Symlinking: /home/tamar/RBE594_ws/src/sirgas_description/install/sirgas_description/share/sirgas_description//launch/gr.launch.py\n'}
[1.922973] (sirgas_description) StdoutLine: {'line': b'-- Symlinking: /home/tamar/RBE594_ws/src/sirgas_description/install/sirgas_description/share/sirgas_description//launch/gripper.launch.py\n'}
[1.932974] (sirgas_description) StdoutLine: {'line': b'-- Symlinking: /home/tamar/RBE594_ws/src/sirgas_description/install/sirgas_description/share/sirgas_description//launch/pba.launch.py\n'}
[1.942074] (sirgas_description) StdoutLine: {'line': b'-- Symlinking: /home/tamar/RBE594_ws/src/sirgas_description/install/sirgas_description/share/sirgas_description//launch/pba.launch.xml\n'}
[1.951972] (sirgas_description) StdoutLine: {'line': b'-- Symlinking: /home/tamar/RBE594_ws/src/sirgas_description/install/sirgas_description/share/sirgas_description//launch/sim.launch.py\n'}
[1.962266] (sirgas_description) StdoutLine: {'line': b'-- Symlinking: /home/tamar/RBE594_ws/src/sirgas_description/install/sirgas_description/share/sirgas_description//launch/sim2.launch.py\n'}
[1.972623] (sirgas_description) StdoutLine: {'line': b'-- Symlinking: /home/tamar/RBE594_ws/src/sirgas_description/install/sirgas_description/share/sirgas_description//launch/sim3.launch.py\n'}
[1.984279] (sirgas_description) StdoutLine: {'line': b'-- Symlinking: /home/tamar/RBE594_ws/src/sirgas_description/install/sirgas_description/share/sirgas_description//launch/sim4.launch.py\n'}
[1.995009] (sirgas_description) StdoutLine: {'line': b'-- Symlinking: /home/tamar/RBE594_ws/src/sirgas_description/install/sirgas_description/share/sirgas_description//launch/sim5.launch.py\n'}
[2.002348] (-) TimerEvent: {}
[2.005276] (sirgas_description) StdoutLine: {'line': b'-- Symlinking: /home/tamar/RBE594_ws/src/sirgas_description/install/sirgas_description/share/sirgas_description//launch/ur20_starter.launch.py\n'}
[2.017836] (sirgas_description) StdoutLine: {'line': b'-- Symlinking: /home/tamar/RBE594_ws/src/sirgas_description/install/sirgas_description/share/sirgas_description//launch/ur20_starter_spawn.launch.py\n'}
[2.029082] (sirgas_description) StdoutLine: {'line': b'-- Symlinking: /home/tamar/RBE594_ws/src/sirgas_description/install/sirgas_description/share/sirgas_description//meshes/Apriltag36_11_00000/materials/scripts/Apriltag.material\n'}
[2.038541] (sirgas_description) StdoutLine: {'line': b'-- Symlinking: /home/tamar/RBE594_ws/src/sirgas_description/install/sirgas_description/share/sirgas_description//meshes/Apriltag36_11_00000/materials/textures/tag36_11_00000.png\n'}
[2.048731] (sirgas_description) StdoutLine: {'line': b'-- Symlinking: /home/tamar/RBE594_ws/src/sirgas_description/install/sirgas_description/share/sirgas_description//meshes/Apriltag36_11_00000/model.config\n'}
[2.057784] (sirgas_description) StdoutLine: {'line': b'-- Symlinking: /home/tamar/RBE594_ws/src/sirgas_description/install/sirgas_description/share/sirgas_description//meshes/Apriltag36_11_00000/model.sdf\n'}
[2.067654] (sirgas_description) StdoutLine: {'line': b'-- Symlinking: /home/tamar/RBE594_ws/src/sirgas_description/install/sirgas_description/share/sirgas_description//meshes/Assembly 1.stl\n'}
[2.077755] (sirgas_description) StdoutLine: {'line': b'-- Symlinking: /home/tamar/RBE594_ws/src/sirgas_description/install/sirgas_description/share/sirgas_description//meshes/First_Gear.stl\n'}
[2.087530] (sirgas_description) StdoutLine: {'line': b'-- Symlinking: /home/tamar/RBE594_ws/src/sirgas_description/install/sirgas_description/share/sirgas_description//meshes/Gear_Rotator.stl\n'}
[2.099644] (sirgas_description) StdoutLine: {'line': b'-- Symlinking: /home/tamar/RBE594_ws/src/sirgas_description/install/sirgas_description/share/sirgas_description//meshes/Motor_Housing.stl\n'}
[2.102416] (-) TimerEvent: {}
[2.112271] (sirgas_description) StdoutLine: {'line': b'-- Symlinking: /home/tamar/RBE594_ws/src/sirgas_description/install/sirgas_description/share/sirgas_description//meshes/Peg_Board.stl\n'}
[2.122743] (sirgas_description) StdoutLine: {'line': b'-- Symlinking: /home/tamar/RBE594_ws/src/sirgas_description/install/sirgas_description/share/sirgas_description//meshes/Second_Gear.stl\n'}
[2.132683] (sirgas_description) StdoutLine: {'line': b'-- Symlinking: /home/tamar/RBE594_ws/src/sirgas_description/install/sirgas_description/share/sirgas_description//meshes/Starter_Gear.stl\n'}
[2.141873] (sirgas_description) StdoutLine: {'line': b'-- Symlinking: /home/tamar/RBE594_ws/src/sirgas_description/install/sirgas_description/share/sirgas_description//meshes/Third_Gear.stl\n'}
[2.152815] (sirgas_description) StdoutLine: {'line': b'-- Symlinking: /home/tamar/RBE594_ws/src/sirgas_description/install/sirgas_description/share/sirgas_description//meshes/gripper_meshes/inner_finger_coarse.STL\n'}
[2.163819] (sirgas_description) StdoutLine: {'line': b'-- Symlinking: /home/tamar/RBE594_ws/src/sirgas_description/install/sirgas_description/share/sirgas_description//meshes/gripper_meshes/inner_finger_fine.STL\n'}
[2.173143] (sirgas_description) StdoutLine: {'line': b'-- Symlinking: /home/tamar/RBE594_ws/src/sirgas_description/install/sirgas_description/share/sirgas_description//meshes/gripper_meshes/inner_knuckle_coarse.STL\n'}
[2.183693] (sirgas_description) StdoutLine: {'line': b'-- Symlinking: /home/tamar/RBE594_ws/src/sirgas_description/install/sirgas_description/share/sirgas_description//meshes/gripper_meshes/inner_knuckle_fine.STL\n'}
[2.194388] (sirgas_description) StdoutLine: {'line': b'-- Symlinking: /home/tamar/RBE594_ws/src/sirgas_description/install/sirgas_description/share/sirgas_description//meshes/gripper_meshes/outer_finger_coarse.STL\n'}
[2.202515] (-) TimerEvent: {}
[2.207226] (sirgas_description) StdoutLine: {'line': b'-- Symlinking: /home/tamar/RBE594_ws/src/sirgas_description/install/sirgas_description/share/sirgas_description//meshes/gripper_meshes/outer_finger_fine.STL\n'}
[2.219189] (sirgas_description) StdoutLine: {'line': b'-- Symlinking: /home/tamar/RBE594_ws/src/sirgas_description/install/sirgas_description/share/sirgas_description//meshes/gripper_meshes/outer_knuckle_coarse.STL\n'}
[2.229036] (sirgas_description) StdoutLine: {'line': b'-- Symlinking: /home/tamar/RBE594_ws/src/sirgas_description/install/sirgas_description/share/sirgas_description//meshes/gripper_meshes/outer_knuckle_fine.STL\n'}
[2.238203] (sirgas_description) StdoutLine: {'line': b'-- Symlinking: /home/tamar/RBE594_ws/src/sirgas_description/install/sirgas_description/share/sirgas_description//meshes/gripper_meshes/robotiq_85_base_link_coarse.STL\n'}
[2.247998] (sirgas_description) StdoutLine: {'line': b'-- Symlinking: /home/tamar/RBE594_ws/src/sirgas_description/install/sirgas_description/share/sirgas_description//meshes/gripper_meshes/robotiq_85_base_link_fine.STL\n'}
[2.257055] (sirgas_description) StdoutLine: {'line': b'-- Symlinking: /home/tamar/RBE594_ws/src/sirgas_description/install/sirgas_description/share/sirgas_description//meshes/sim_cam/model.sdf\n'}
[2.266423] (sirgas_description) StdoutLine: {'line': b'-- Symlinking: /home/tamar/RBE594_ws/src/sirgas_description/install/sirgas_description/share/sirgas_description//world/.keep\n'}
[2.275307] (sirgas_description) StdoutLine: {'line': b'-- Symlinking: /home/tamar/RBE594_ws/src/sirgas_description/install/sirgas_description/share/sirgas_description//rviz/camera.rviz\n'}
[2.285453] (sirgas_description) StdoutLine: {'line': b'-- Symlinking: /home/tamar/RBE594_ws/src/sirgas_description/install/sirgas_description/share/sirgas_description//rviz/config.rviz\n'}
[2.296159] (sirgas_description) StdoutLine: {'line': b'-- Symlinking: /home/tamar/RBE594_ws/src/sirgas_description/install/sirgas_description/share/sirgas_description//rviz/config2.rviz\n'}
[2.302618] (-) TimerEvent: {}
[2.306805] (sirgas_description) StdoutLine: {'line': b'-- Symlinking: /home/tamar/RBE594_ws/src/sirgas_description/install/sirgas_description/share/sirgas_description//rviz/gsm.rviz\n'}
[2.320650] (sirgas_description) StdoutLine: {'line': b'-- Symlinking: /home/tamar/RBE594_ws/src/sirgas_description/install/sirgas_description/share/sirgas_description//rviz/ur20_view.rviz\n'}
[2.331528] (sirgas_description) StdoutLine: {'line': b'-- Symlinking: /home/tamar/RBE594_ws/src/sirgas_description/install/sirgas_description/share/sirgas_description//config/gear_coupling_controller.yaml\n'}
[2.340434] (sirgas_description) StdoutLine: {'line': b'-- Symlinking: /home/tamar/RBE594_ws/src/sirgas_description/install/sirgas_description/share/sirgas_description//config/gsm_controller.yaml\n'}
[2.350843] (sirgas_description) StdoutLine: {'line': b'-- Symlinking: /home/tamar/RBE594_ws/src/sirgas_description/install/sirgas_description/share/sirgas_description//config/initial_positions.yaml\n'}
[2.360107] (sirgas_description) StdoutLine: {'line': b'-- Symlinking: /home/tamar/RBE594_ws/src/sirgas_description/install/sirgas_description/share/sirgas_description//config/load_controllers.sh\n'}
[2.369630] (sirgas_description) StdoutLine: {'line': b'-- Symlinking: /home/tamar/RBE594_ws/src/sirgas_description/install/sirgas_description/share/sirgas_description//config/pba_controller.yaml\n'}
[2.379589] (sirgas_description) StdoutLine: {'line': b'-- Symlinking: /home/tamar/RBE594_ws/src/sirgas_description/install/sirgas_description/share/sirgas_description//config/test.yaml\n'}
[2.389164] (sirgas_description) StdoutLine: {'line': b'-- Symlinking: /home/tamar/RBE594_ws/src/sirgas_description/install/sirgas_description/share/sirgas_description//config/ur20_controllers.yaml\n'}
[2.399607] (sirgas_description) StdoutLine: {'line': b'-- Symlinking: /home/tamar/RBE594_ws/src/sirgas_description/install/sirgas_description/share/sirgas_description//config/ur20_picker_controllers.yaml\n'}
[2.402857] (-) TimerEvent: {}
[2.413668] (sirgas_description) StdoutLine: {'line': b'-- Symlinking: /home/tamar/RBE594_ws/src/sirgas_description/install/sirgas_description/share/sirgas_description//config/ur20_starter_controllers.yaml\n'}
[2.423724] (sirgas_description) StdoutLine: {'line': b'-- Symlinking: /home/tamar/RBE594_ws/src/sirgas_description/install/sirgas_description/share/ament_index/resource_index/package_run_dependencies/sirgas_description\n'}
[2.434439] (sirgas_description) StdoutLine: {'line': b'-- Symlinking: /home/tamar/RBE594_ws/src/sirgas_description/install/sirgas_description/share/ament_index/resource_index/parent_prefix_path/sirgas_description\n'}
[2.444199] (sirgas_description) StdoutLine: {'line': b'-- Symlinking: /home/tamar/RBE594_ws/src/sirgas_description/install/sirgas_description/share/sirgas_description/environment/ament_prefix_path.sh\n'}
[2.454046] (sirgas_description) StdoutLine: {'line': b'-- Symlinking: /home/tamar/RBE594_ws/src/sirgas_description/install/sirgas_description/share/sirgas_description/environment/ament_prefix_path.dsv\n'}
[2.464125] (sirgas_description) StdoutLine: {'line': b'-- Symlinking: /home/tamar/RBE594_ws/src/sirgas_description/install/sirgas_description/share/sirgas_description/environment/path.sh\n'}
[2.473372] (sirgas_description) StdoutLine: {'line': b'-- Symlinking: /home/tamar/RBE594_ws/src/sirgas_description/install/sirgas_description/share/sirgas_description/environment/path.dsv\n'}
[2.483311] (sirgas_description) StdoutLine: {'line': b'-- Symlinking: /home/tamar/RBE594_ws/src/sirgas_description/install/sirgas_description/share/sirgas_description/local_setup.bash\n'}
[2.493313] (sirgas_description) StdoutLine: {'line': b'-- Symlinking: /home/tamar/RBE594_ws/src/sirgas_description/install/sirgas_description/share/sirgas_description/local_setup.sh\n'}
[2.502965] (-) TimerEvent: {}
[2.504092] (sirgas_description) StdoutLine: {'line': b'-- Symlinking: /home/tamar/RBE594_ws/src/sirgas_description/install/sirgas_description/share/sirgas_description/local_setup.zsh\n'}
[2.518485] (sirgas_description) StdoutLine: {'line': b'-- Symlinking: /home/tamar/RBE594_ws/src/sirgas_description/install/sirgas_description/share/sirgas_description/local_setup.dsv\n'}
[2.528928] (sirgas_description) StdoutLine: {'line': b'-- Symlinking: /home/tamar/RBE594_ws/src/sirgas_description/install/sirgas_description/share/sirgas_description/package.dsv\n'}
[2.538554] (sirgas_description) StdoutLine: {'line': b'-- Symlinking: /home/tamar/RBE594_ws/src/sirgas_description/install/sirgas_description/share/ament_index/resource_index/packages/sirgas_description\n'}
[2.548956] (sirgas_description) StdoutLine: {'line': b'-- Symlinking: /home/tamar/RBE594_ws/src/sirgas_description/install/sirgas_description/share/sirgas_description/cmake/sirgas_descriptionConfig.cmake\n'}
[2.558007] (sirgas_description) StdoutLine: {'line': b'-- Symlinking: /home/tamar/RBE594_ws/src/sirgas_description/install/sirgas_description/share/sirgas_description/cmake/sirgas_descriptionConfig-version.cmake\n'}
[2.567785] (sirgas_description) StdoutLine: {'line': b'-- Symlinking: /home/tamar/RBE594_ws/src/sirgas_description/install/sirgas_description/share/sirgas_description/package.xml\n'}
[2.578772] (sirgas_description) CommandEnded: {'returncode': 0}
[2.595293] (sirgas_description) JobEnded: {'identifier': 'sirgas_description', 'rc': 0}
[2.596504] (-) EventReactorShutdown: {}
