[0.014s] Invoking command in '/home/tamar/ws_moveit/build/moveit_ros_control_interface': AMENT_PREFIX_PATH=/home/tamar/ws_moveit/install/moveit_simple_controller_manager:/home/tamar/ws_moveit/install/moveit_core:/home/tamar/ws_moveit/install/moveit_resources_pr2_description:/home/tamar/ws_moveit/install/moveit_msgs:/home/tamar/ws_moveit/install/moveit_common:${AMENT_PREFIX_PATH} CMAKE_PREFIX_PATH=/home/tamar/ws_moveit/install/moveit_simple_controller_manager:/home/tamar/ws_moveit/install/moveit_core:/home/tamar/ws_moveit/install/moveit_resources_pr2_description:/home/tamar/ws_moveit/install/moveit_msgs:/home/tamar/ws_moveit/install/moveit_common:/opt/ros/jazzy/opt/gz_sim_vendor:/opt/ros/jazzy/opt/gz_sensors_vendor:/opt/ros/jazzy/opt/gz_physics_vendor:/opt/ros/jazzy/opt/sdformat_vendor:/opt/ros/jazzy/opt/gz_gui_vendor:/opt/ros/jazzy/opt/gz_transport_vendor:/opt/ros/jazzy/opt/gz_rendering_vendor:/opt/ros/jazzy/opt/gz_plugin_vendor:/opt/ros/jazzy/opt/gz_fuel_tools_vendor:/opt/ros/jazzy/opt/gz_msgs_vendor:/opt/ros/jazzy/opt/gz_common_vendor:/opt/ros/jazzy/opt/gz_math_vendor:/opt/ros/jazzy/opt/gz_utils_vendor:/opt/ros/jazzy/opt/gz_tools_vendor:/opt/ros/jazzy/opt/gz_ogre_next_vendor:/opt/ros/jazzy/opt/gz_dartsim_vendor:/opt/ros/jazzy/opt/gz_cmake_vendor:/opt/ros/jazzy LD_LIBRARY_PATH=/home/tamar/ws_moveit/install/moveit_simple_controller_manager/lib:/home/tamar/ws_moveit/install/moveit_core/lib:/home/tamar/ws_moveit/install/moveit_msgs/lib:${LD_LIBRARY_PATH} PATH=/home/tamar/ws_moveit/install/moveit_core/bin:${PATH} PYTHONPATH=/home/tamar/ws_moveit/install/moveit_msgs/lib/python3.12/site-packages:${PYTHONPATH} /usr/bin/cmake /home/tamar/ws_moveit/src/moveit2/moveit_plugins/moveit_ros_control_interface -DCMAKE_BUILD_TYPE=Release -DCMAKE_INSTALL_PREFIX=/home/tamar/ws_moveit/install/moveit_ros_control_interface
[0.065s] -- The CXX compiler identification is GNU 13.3.0
[0.078s] -- Detecting CXX compiler ABI info
[0.158s] -- Detecting CXX compiler ABI info - done
[0.166s] -- Check for working CXX compiler: /usr/bin/c++ - skipped
[0.166s] -- Detecting CXX compile features
[0.166s] -- Detecting CXX compile features - done
[0.175s] -- Found ament_cmake: 2.5.4 (/opt/ros/jazzy/share/ament_cmake/cmake)
[0.309s] -- Found Python3: /usr/bin/python3 (found version "3.12.3") found components: Interpreter 
[0.430s] -- Found rclcpp_action: 28.1.12 (/opt/ros/jazzy/share/rclcpp_action/cmake)
[0.496s] -- Found rosidl_generator_c: 4.6.6 (/opt/ros/jazzy/share/rosidl_generator_c/cmake)
[0.524s] -- Found rosidl_generator_cpp: 4.6.6 (/opt/ros/jazzy/share/rosidl_generator_cpp/cmake)
[0.556s] -- Using all available rosidl_typesupport_c: rosidl_typesupport_fastrtps_c;rosidl_typesupport_introspection_c
[0.578s] -- Using all available rosidl_typesupport_cpp: rosidl_typesupport_fastrtps_cpp;rosidl_typesupport_introspection_cpp
[0.672s] -- Found rmw_implementation_cmake: 7.3.2 (/opt/ros/jazzy/share/rmw_implementation_cmake/cmake)
[0.677s] -- Found rmw_cyclonedds_cpp: 2.2.3 (/opt/ros/jazzy/share/rmw_cyclonedds_cpp/cmake)
[0.705s] -- Using RMW implementation 'rmw_cyclonedds_cpp' as default
[0.773s] -- Found controller_manager_msgs: 4.38.0 (/opt/ros/jazzy/share/controller_manager_msgs/cmake)
[0.812s] -- Found moveit_core: 2.12.3 (/home/tamar/ws_moveit/install/moveit_core/share/moveit_core/cmake)
[0.944s] -- Found Boost: /usr/lib/x86_64-linux-gnu/cmake/Boost-1.83.0/BoostConfig.cmake (found version "1.83.0") found components: chrono date_time filesystem iostreams program_options regex serialization system thread 
[1.023s] -- Found parameter_traits: 0.5.0 (/opt/ros/jazzy/share/parameter_traits/cmake)
[1.042s] -- Found rclcpp_lifecycle: 28.1.12 (/opt/ros/jazzy/share/rclcpp_lifecycle/cmake)
[1.058s] -- Found Boost: /usr/lib/x86_64-linux-gnu/cmake/Boost-1.83.0/BoostConfig.cmake (found version "1.83.0") found components: filesystem 
[1.161s] -- Found Eigen3: TRUE (found version "3.4.0") 
[1.161s] -- Ensuring Eigen3 include directory is part of orocos-kdl CMake target
[1.279s] -- Found TinyXML2 via Config file: /usr/lib/x86_64-linux-gnu/cmake/tinyxml2
[1.387s] -- Found moveit_simple_controller_manager: 2.12.3 (/home/tamar/ws_moveit/install/moveit_simple_controller_manager/share/moveit_simple_controller_manager/cmake)
[1.389s] -- Found Boost: /usr/lib/x86_64-linux-gnu/cmake/Boost-1.83.0/BoostConfig.cmake (found version "1.83.0") found components: thread 
[1.420s] -- Found moveit_common: 2.12.3 (/home/tamar/ws_moveit/install/moveit_common/share/moveit_common/cmake)
[1.472s] -- Found Boost: /usr/lib/x86_64-linux-gnu/cmake/Boost-1.83.0/BoostConfig.cmake (found version "1.83.0") found components: system thread 
[1.488s] -- Found ament_cmake_gtest: 2.5.4 (/opt/ros/jazzy/share/ament_cmake_gtest/cmake)
[1.492s] -- Found gtest sources under '/opt/ros/jazzy/src/gtest_vendor': C++ tests using 'Google Test' will be built
[1.522s] -- The C compiler identification is GNU 13.3.0
[1.532s] -- Detecting C compiler ABI info
[1.609s] -- Detecting C compiler ABI info - done
[1.618s] -- Check for working C compiler: /usr/bin/cc - skipped
[1.618s] -- Detecting C compile features
[1.618s] -- Detecting C compile features - done
[1.620s] -- Found Threads: TRUE  
[1.626s] -- Configuring done (1.6s)
[1.674s] -- Generating done (0.0s)
[1.685s] -- Build files have been written to: /home/tamar/ws_moveit/build/moveit_ros_control_interface
[1.693s] Invoked command in '/home/tamar/ws_moveit/build/moveit_ros_control_interface' returned '0': AMENT_PREFIX_PATH=/home/tamar/ws_moveit/install/moveit_simple_controller_manager:/home/tamar/ws_moveit/install/moveit_core:/home/tamar/ws_moveit/install/moveit_resources_pr2_description:/home/tamar/ws_moveit/install/moveit_msgs:/home/tamar/ws_moveit/install/moveit_common:${AMENT_PREFIX_PATH} CMAKE_PREFIX_PATH=/home/tamar/ws_moveit/install/moveit_simple_controller_manager:/home/tamar/ws_moveit/install/moveit_core:/home/tamar/ws_moveit/install/moveit_resources_pr2_description:/home/tamar/ws_moveit/install/moveit_msgs:/home/tamar/ws_moveit/install/moveit_common:/opt/ros/jazzy/opt/gz_sim_vendor:/opt/ros/jazzy/opt/gz_sensors_vendor:/opt/ros/jazzy/opt/gz_physics_vendor:/opt/ros/jazzy/opt/sdformat_vendor:/opt/ros/jazzy/opt/gz_gui_vendor:/opt/ros/jazzy/opt/gz_transport_vendor:/opt/ros/jazzy/opt/gz_rendering_vendor:/opt/ros/jazzy/opt/gz_plugin_vendor:/opt/ros/jazzy/opt/gz_fuel_tools_vendor:/opt/ros/jazzy/opt/gz_msgs_vendor:/opt/ros/jazzy/opt/gz_common_vendor:/opt/ros/jazzy/opt/gz_math_vendor:/opt/ros/jazzy/opt/gz_utils_vendor:/opt/ros/jazzy/opt/gz_tools_vendor:/opt/ros/jazzy/opt/gz_ogre_next_vendor:/opt/ros/jazzy/opt/gz_dartsim_vendor:/opt/ros/jazzy/opt/gz_cmake_vendor:/opt/ros/jazzy LD_LIBRARY_PATH=/home/tamar/ws_moveit/install/moveit_simple_controller_manager/lib:/home/tamar/ws_moveit/install/moveit_core/lib:/home/tamar/ws_moveit/install/moveit_msgs/lib:${LD_LIBRARY_PATH} PATH=/home/tamar/ws_moveit/install/moveit_core/bin:${PATH} PYTHONPATH=/home/tamar/ws_moveit/install/moveit_msgs/lib/python3.12/site-packages:${PYTHONPATH} /usr/bin/cmake /home/tamar/ws_moveit/src/moveit2/moveit_plugins/moveit_ros_control_interface -DCMAKE_BUILD_TYPE=Release -DCMAKE_INSTALL_PREFIX=/home/tamar/ws_moveit/install/moveit_ros_control_interface
[1.694s] Invoking command in '/home/tamar/ws_moveit/build/moveit_ros_control_interface': AMENT_PREFIX_PATH=/home/tamar/ws_moveit/install/moveit_simple_controller_manager:/home/tamar/ws_moveit/install/moveit_core:/home/tamar/ws_moveit/install/moveit_resources_pr2_description:/home/tamar/ws_moveit/install/moveit_msgs:/home/tamar/ws_moveit/install/moveit_common:${AMENT_PREFIX_PATH} CMAKE_PREFIX_PATH=/home/tamar/ws_moveit/install/moveit_simple_controller_manager:/home/tamar/ws_moveit/install/moveit_core:/home/tamar/ws_moveit/install/moveit_resources_pr2_description:/home/tamar/ws_moveit/install/moveit_msgs:/home/tamar/ws_moveit/install/moveit_common:/opt/ros/jazzy/opt/gz_sim_vendor:/opt/ros/jazzy/opt/gz_sensors_vendor:/opt/ros/jazzy/opt/gz_physics_vendor:/opt/ros/jazzy/opt/sdformat_vendor:/opt/ros/jazzy/opt/gz_gui_vendor:/opt/ros/jazzy/opt/gz_transport_vendor:/opt/ros/jazzy/opt/gz_rendering_vendor:/opt/ros/jazzy/opt/gz_plugin_vendor:/opt/ros/jazzy/opt/gz_fuel_tools_vendor:/opt/ros/jazzy/opt/gz_msgs_vendor:/opt/ros/jazzy/opt/gz_common_vendor:/opt/ros/jazzy/opt/gz_math_vendor:/opt/ros/jazzy/opt/gz_utils_vendor:/opt/ros/jazzy/opt/gz_tools_vendor:/opt/ros/jazzy/opt/gz_ogre_next_vendor:/opt/ros/jazzy/opt/gz_dartsim_vendor:/opt/ros/jazzy/opt/gz_cmake_vendor:/opt/ros/jazzy LD_LIBRARY_PATH=/home/tamar/ws_moveit/install/moveit_simple_controller_manager/lib:/home/tamar/ws_moveit/install/moveit_core/lib:/home/tamar/ws_moveit/install/moveit_msgs/lib:${LD_LIBRARY_PATH} PATH=/home/tamar/ws_moveit/install/moveit_core/bin:${PATH} PYTHONPATH=/home/tamar/ws_moveit/install/moveit_msgs/lib/python3.12/site-packages:${PYTHONPATH} /usr/bin/cmake --build /home/tamar/ws_moveit/build/moveit_ros_control_interface -- -j32 -l32
[1.741s] [  6%] [32mBuilding CXX object CMakeFiles/moveit_ros_control_interface_plugin.dir/src/controller_manager_plugin.cpp.o[0m
[1.741s] [ 18%] [32mBuilding CXX object CMakeFiles/moveit_ros_control_interface_gripper_plugin.dir/src/gripper_command_controller_plugin.cpp.o[0m
[1.741s] [ 18%] [32mBuilding CXX object gtest/CMakeFiles/gtest_main.dir/src/gtest_main.cc.o[0m
[1.741s] [ 31%] [32mBuilding CXX object CMakeFiles/moveit_ros_control_interface_empty_plugin.dir/src/empty_controller_plugin.cpp.o[0m
[1.741s] [ 31%] [32mBuilding CXX object gtest/CMakeFiles/gtest.dir/src/gtest-all.cc.o[0m
[1.742s] [ 37%] [32mBuilding CXX object CMakeFiles/moveit_ros_control_interface_trajectory_plugin.dir/src/joint_trajectory_controller_plugin.cpp.o[0m
[1.742s] [ 43%] [32mBuilding CXX object CMakeFiles/moveit_ros_control_interface_parallel_gripper_plugin.dir/src/parallel_gripper_command_controller_plugin.cpp.o[0m
[2.140s] [ 50%] [32m[1mLinking CXX static library libgtest_main.a[0m
[2.184s] [ 50%] Built target gtest_main
[3.358s] [ 56%] [32m[1mLinking CXX shared library libmoveit_ros_control_interface_empty_plugin.so[0m
[3.530s] [ 56%] Built target moveit_ros_control_interface_empty_plugin
[4.532s] [ 62%] [32m[1mLinking CXX shared library libmoveit_ros_control_interface_trajectory_plugin.so[0m
[4.651s] [ 68%] [32m[1mLinking CXX shared library libmoveit_ros_control_interface_gripper_plugin.so[0m
[4.652s] [ 68%] Built target moveit_ros_control_interface_trajectory_plugin
[4.769s] [ 68%] Built target moveit_ros_control_interface_gripper_plugin
[4.796s] [ 75%] [32m[1mLinking CXX shared library libmoveit_ros_control_interface_parallel_gripper_plugin.so[0m
[4.910s] [ 75%] Built target moveit_ros_control_interface_parallel_gripper_plugin
[5.946s] [ 81%] [32m[1mLinking CXX static library libgtest.a[0m
[5.984s] [ 81%] Built target gtest
[8.789s] [ 87%] [32m[1mLinking CXX shared library libmoveit_ros_control_interface_plugin.so[0m
[9.001s] [ 87%] Built target moveit_ros_control_interface_plugin
[9.024s] [ 93%] [32mBuilding CXX object test/CMakeFiles/test_controller_manager_plugin.dir/test_controller_manager_plugin.cpp.o[0m
[16.261s] [100%] [32m[1mLinking CXX executable test_controller_manager_plugin[0m
[16.387s] [100%] Built target test_controller_manager_plugin
[16.397s] Invoked command in '/home/tamar/ws_moveit/build/moveit_ros_control_interface' returned '0': AMENT_PREFIX_PATH=/home/tamar/ws_moveit/install/moveit_simple_controller_manager:/home/tamar/ws_moveit/install/moveit_core:/home/tamar/ws_moveit/install/moveit_resources_pr2_description:/home/tamar/ws_moveit/install/moveit_msgs:/home/tamar/ws_moveit/install/moveit_common:${AMENT_PREFIX_PATH} CMAKE_PREFIX_PATH=/home/tamar/ws_moveit/install/moveit_simple_controller_manager:/home/tamar/ws_moveit/install/moveit_core:/home/tamar/ws_moveit/install/moveit_resources_pr2_description:/home/tamar/ws_moveit/install/moveit_msgs:/home/tamar/ws_moveit/install/moveit_common:/opt/ros/jazzy/opt/gz_sim_vendor:/opt/ros/jazzy/opt/gz_sensors_vendor:/opt/ros/jazzy/opt/gz_physics_vendor:/opt/ros/jazzy/opt/sdformat_vendor:/opt/ros/jazzy/opt/gz_gui_vendor:/opt/ros/jazzy/opt/gz_transport_vendor:/opt/ros/jazzy/opt/gz_rendering_vendor:/opt/ros/jazzy/opt/gz_plugin_vendor:/opt/ros/jazzy/opt/gz_fuel_tools_vendor:/opt/ros/jazzy/opt/gz_msgs_vendor:/opt/ros/jazzy/opt/gz_common_vendor:/opt/ros/jazzy/opt/gz_math_vendor:/opt/ros/jazzy/opt/gz_utils_vendor:/opt/ros/jazzy/opt/gz_tools_vendor:/opt/ros/jazzy/opt/gz_ogre_next_vendor:/opt/ros/jazzy/opt/gz_dartsim_vendor:/opt/ros/jazzy/opt/gz_cmake_vendor:/opt/ros/jazzy LD_LIBRARY_PATH=/home/tamar/ws_moveit/install/moveit_simple_controller_manager/lib:/home/tamar/ws_moveit/install/moveit_core/lib:/home/tamar/ws_moveit/install/moveit_msgs/lib:${LD_LIBRARY_PATH} PATH=/home/tamar/ws_moveit/install/moveit_core/bin:${PATH} PYTHONPATH=/home/tamar/ws_moveit/install/moveit_msgs/lib/python3.12/site-packages:${PYTHONPATH} /usr/bin/cmake --build /home/tamar/ws_moveit/build/moveit_ros_control_interface -- -j32 -l32
[16.398s] Invoking command in '/home/tamar/ws_moveit/build/moveit_ros_control_interface': AMENT_PREFIX_PATH=/home/tamar/ws_moveit/install/moveit_simple_controller_manager:/home/tamar/ws_moveit/install/moveit_core:/home/tamar/ws_moveit/install/moveit_resources_pr2_description:/home/tamar/ws_moveit/install/moveit_msgs:/home/tamar/ws_moveit/install/moveit_common:${AMENT_PREFIX_PATH} CMAKE_PREFIX_PATH=/home/tamar/ws_moveit/install/moveit_simple_controller_manager:/home/tamar/ws_moveit/install/moveit_core:/home/tamar/ws_moveit/install/moveit_resources_pr2_description:/home/tamar/ws_moveit/install/moveit_msgs:/home/tamar/ws_moveit/install/moveit_common:/opt/ros/jazzy/opt/gz_sim_vendor:/opt/ros/jazzy/opt/gz_sensors_vendor:/opt/ros/jazzy/opt/gz_physics_vendor:/opt/ros/jazzy/opt/sdformat_vendor:/opt/ros/jazzy/opt/gz_gui_vendor:/opt/ros/jazzy/opt/gz_transport_vendor:/opt/ros/jazzy/opt/gz_rendering_vendor:/opt/ros/jazzy/opt/gz_plugin_vendor:/opt/ros/jazzy/opt/gz_fuel_tools_vendor:/opt/ros/jazzy/opt/gz_msgs_vendor:/opt/ros/jazzy/opt/gz_common_vendor:/opt/ros/jazzy/opt/gz_math_vendor:/opt/ros/jazzy/opt/gz_utils_vendor:/opt/ros/jazzy/opt/gz_tools_vendor:/opt/ros/jazzy/opt/gz_ogre_next_vendor:/opt/ros/jazzy/opt/gz_dartsim_vendor:/opt/ros/jazzy/opt/gz_cmake_vendor:/opt/ros/jazzy LD_LIBRARY_PATH=/home/tamar/ws_moveit/install/moveit_simple_controller_manager/lib:/home/tamar/ws_moveit/install/moveit_core/lib:/home/tamar/ws_moveit/install/moveit_msgs/lib:${LD_LIBRARY_PATH} PATH=/home/tamar/ws_moveit/install/moveit_core/bin:${PATH} PYTHONPATH=/home/tamar/ws_moveit/install/moveit_msgs/lib/python3.12/site-packages:${PYTHONPATH} /usr/bin/cmake --install /home/tamar/ws_moveit/build/moveit_ros_control_interface
[16.404s] -- Install configuration: "Release"
[16.405s] -- Installing: /home/tamar/ws_moveit/install/moveit_ros_control_interface/lib/libmoveit_ros_control_interface_plugin.so.2.12.3
[16.405s] -- Set non-toolchain portion of runtime path of "/home/tamar/ws_moveit/install/moveit_ros_control_interface/lib/libmoveit_ros_control_interface_plugin.so.2.12.3" to ""
[16.405s] -- Installing: /home/tamar/ws_moveit/install/moveit_ros_control_interface/lib/libmoveit_ros_control_interface_plugin.so
[16.405s] -- Installing: /home/tamar/ws_moveit/install/moveit_ros_control_interface/lib/libmoveit_ros_control_interface_trajectory_plugin.so.2.12.3
[16.406s] -- Set non-toolchain portion of runtime path of "/home/tamar/ws_moveit/install/moveit_ros_control_interface/lib/libmoveit_ros_control_interface_trajectory_plugin.so.2.12.3" to ""
[16.406s] -- Installing: /home/tamar/ws_moveit/install/moveit_ros_control_interface/lib/libmoveit_ros_control_interface_trajectory_plugin.so
[16.406s] -- Installing: /home/tamar/ws_moveit/install/moveit_ros_control_interface/lib/libmoveit_ros_control_interface_gripper_plugin.so.2.12.3
[16.406s] -- Set non-toolchain portion of runtime path of "/home/tamar/ws_moveit/install/moveit_ros_control_interface/lib/libmoveit_ros_control_interface_gripper_plugin.so.2.12.3" to ""
[16.406s] -- Installing: /home/tamar/ws_moveit/install/moveit_ros_control_interface/lib/libmoveit_ros_control_interface_gripper_plugin.so
[16.406s] -- Installing: /home/tamar/ws_moveit/install/moveit_ros_control_interface/lib/libmoveit_ros_control_interface_parallel_gripper_plugin.so.2.12.3
[16.407s] -- Set non-toolchain portion of runtime path of "/home/tamar/ws_moveit/install/moveit_ros_control_interface/lib/libmoveit_ros_control_interface_parallel_gripper_plugin.so.2.12.3" to ""
[16.407s] -- Installing: /home/tamar/ws_moveit/install/moveit_ros_control_interface/lib/libmoveit_ros_control_interface_parallel_gripper_plugin.so
[16.407s] -- Installing: /home/tamar/ws_moveit/install/moveit_ros_control_interface/lib/libmoveit_ros_control_interface_empty_plugin.so.2.12.3
[16.407s] -- Set non-toolchain portion of runtime path of "/home/tamar/ws_moveit/install/moveit_ros_control_interface/lib/libmoveit_ros_control_interface_empty_plugin.so.2.12.3" to ""
[16.407s] -- Installing: /home/tamar/ws_moveit/install/moveit_ros_control_interface/lib/libmoveit_ros_control_interface_empty_plugin.so
[16.407s] -- Installing: /home/tamar/ws_moveit/install/moveit_ros_control_interface/include/moveit_ros_control_interface
[16.407s] -- Installing: /home/tamar/ws_moveit/install/moveit_ros_control_interface/include/moveit_ros_control_interface/moveit_ros_control_interface
[16.408s] -- Installing: /home/tamar/ws_moveit/install/moveit_ros_control_interface/include/moveit_ros_control_interface/moveit_ros_control_interface/ControllerHandle.h
[16.408s] -- Installing: /home/tamar/ws_moveit/install/moveit_ros_control_interface/include/moveit_ros_control_interface/moveit_ros_control_interface/ControllerHandle.hpp
[16.408s] -- Installing: /home/tamar/ws_moveit/install/moveit_ros_control_interface/share/moveit_ros_control_interface/moveit_core_plugins.xml
[16.408s] -- Installing: /home/tamar/ws_moveit/install/moveit_ros_control_interface/share/moveit_ros_control_interface/moveit_ros_control_interface_plugins.xml
[16.408s] -- Installing: /home/tamar/ws_moveit/install/moveit_ros_control_interface/share/moveit_ros_control_interface/environment/library_path.sh
[16.408s] -- Installing: /home/tamar/ws_moveit/install/moveit_ros_control_interface/share/moveit_ros_control_interface/environment/library_path.dsv
[16.408s] -- Installing: /home/tamar/ws_moveit/install/moveit_ros_control_interface/share/ament_index/resource_index/package_run_dependencies/moveit_ros_control_interface
[16.409s] -- Installing: /home/tamar/ws_moveit/install/moveit_ros_control_interface/share/ament_index/resource_index/parent_prefix_path/moveit_ros_control_interface
[16.409s] -- Installing: /home/tamar/ws_moveit/install/moveit_ros_control_interface/share/moveit_ros_control_interface/environment/ament_prefix_path.sh
[16.409s] -- Installing: /home/tamar/ws_moveit/install/moveit_ros_control_interface/share/moveit_ros_control_interface/environment/ament_prefix_path.dsv
[16.409s] -- Installing: /home/tamar/ws_moveit/install/moveit_ros_control_interface/share/moveit_ros_control_interface/environment/path.sh
[16.409s] -- Installing: /home/tamar/ws_moveit/install/moveit_ros_control_interface/share/moveit_ros_control_interface/environment/path.dsv
[16.409s] -- Installing: /home/tamar/ws_moveit/install/moveit_ros_control_interface/share/moveit_ros_control_interface/local_setup.bash
[16.409s] -- Installing: /home/tamar/ws_moveit/install/moveit_ros_control_interface/share/moveit_ros_control_interface/local_setup.sh
[16.409s] -- Installing: /home/tamar/ws_moveit/install/moveit_ros_control_interface/share/moveit_ros_control_interface/local_setup.zsh
[16.410s] -- Installing: /home/tamar/ws_moveit/install/moveit_ros_control_interface/share/moveit_ros_control_interface/local_setup.dsv
[16.410s] -- Installing: /home/tamar/ws_moveit/install/moveit_ros_control_interface/share/moveit_ros_control_interface/package.dsv
[16.410s] -- Installing: /home/tamar/ws_moveit/install/moveit_ros_control_interface/share/ament_index/resource_index/packages/moveit_ros_control_interface
[16.410s] -- Installing: /home/tamar/ws_moveit/install/moveit_ros_control_interface/share/ament_index/resource_index/moveit_core__pluginlib__plugin/moveit_ros_control_interface
[16.410s] -- Installing: /home/tamar/ws_moveit/install/moveit_ros_control_interface/share/ament_index/resource_index/moveit_ros_control_interface__pluginlib__plugin/moveit_ros_control_interface
[16.410s] -- Installing: /home/tamar/ws_moveit/install/moveit_ros_control_interface/share/moveit_ros_control_interface/cmake/moveit_ros_control_interfaceTargetsExport.cmake
[16.410s] -- Installing: /home/tamar/ws_moveit/install/moveit_ros_control_interface/share/moveit_ros_control_interface/cmake/moveit_ros_control_interfaceTargetsExport-release.cmake
[16.410s] -- Installing: /home/tamar/ws_moveit/install/moveit_ros_control_interface/share/moveit_ros_control_interface/cmake/ConfigExtras.cmake
[16.411s] -- Installing: /home/tamar/ws_moveit/install/moveit_ros_control_interface/share/moveit_ros_control_interface/cmake/ament_cmake_export_targets-extras.cmake
[16.411s] -- Installing: /home/tamar/ws_moveit/install/moveit_ros_control_interface/share/moveit_ros_control_interface/cmake/ament_cmake_export_dependencies-extras.cmake
[16.411s] -- Installing: /home/tamar/ws_moveit/install/moveit_ros_control_interface/share/moveit_ros_control_interface/cmake/moveit_ros_control_interfaceConfig.cmake
[16.411s] -- Installing: /home/tamar/ws_moveit/install/moveit_ros_control_interface/share/moveit_ros_control_interface/cmake/moveit_ros_control_interfaceConfig-version.cmake
[16.411s] -- Installing: /home/tamar/ws_moveit/install/moveit_ros_control_interface/share/moveit_ros_control_interface/package.xml
[16.412s] Invoked command in '/home/tamar/ws_moveit/build/moveit_ros_control_interface' returned '0': AMENT_PREFIX_PATH=/home/tamar/ws_moveit/install/moveit_simple_controller_manager:/home/tamar/ws_moveit/install/moveit_core:/home/tamar/ws_moveit/install/moveit_resources_pr2_description:/home/tamar/ws_moveit/install/moveit_msgs:/home/tamar/ws_moveit/install/moveit_common:${AMENT_PREFIX_PATH} CMAKE_PREFIX_PATH=/home/tamar/ws_moveit/install/moveit_simple_controller_manager:/home/tamar/ws_moveit/install/moveit_core:/home/tamar/ws_moveit/install/moveit_resources_pr2_description:/home/tamar/ws_moveit/install/moveit_msgs:/home/tamar/ws_moveit/install/moveit_common:/opt/ros/jazzy/opt/gz_sim_vendor:/opt/ros/jazzy/opt/gz_sensors_vendor:/opt/ros/jazzy/opt/gz_physics_vendor:/opt/ros/jazzy/opt/sdformat_vendor:/opt/ros/jazzy/opt/gz_gui_vendor:/opt/ros/jazzy/opt/gz_transport_vendor:/opt/ros/jazzy/opt/gz_rendering_vendor:/opt/ros/jazzy/opt/gz_plugin_vendor:/opt/ros/jazzy/opt/gz_fuel_tools_vendor:/opt/ros/jazzy/opt/gz_msgs_vendor:/opt/ros/jazzy/opt/gz_common_vendor:/opt/ros/jazzy/opt/gz_math_vendor:/opt/ros/jazzy/opt/gz_utils_vendor:/opt/ros/jazzy/opt/gz_tools_vendor:/opt/ros/jazzy/opt/gz_ogre_next_vendor:/opt/ros/jazzy/opt/gz_dartsim_vendor:/opt/ros/jazzy/opt/gz_cmake_vendor:/opt/ros/jazzy LD_LIBRARY_PATH=/home/tamar/ws_moveit/install/moveit_simple_controller_manager/lib:/home/tamar/ws_moveit/install/moveit_core/lib:/home/tamar/ws_moveit/install/moveit_msgs/lib:${LD_LIBRARY_PATH} PATH=/home/tamar/ws_moveit/install/moveit_core/bin:${PATH} PYTHONPATH=/home/tamar/ws_moveit/install/moveit_msgs/lib/python3.12/site-packages:${PYTHONPATH} /usr/bin/cmake --install /home/tamar/ws_moveit/build/moveit_ros_control_interface
