[0.133s] Invoking command in '/home/tamar/ws_moveit/build/robotiq_controllers': CMAKE_PREFIX_PATH=${CMAKE_PREFIX_PATH}:/home/tamar/RBE594_ws/install/moveit_configs_utils:/home/tamar/RBE594_ws/install/custom_gear_controllers:/home/tamar/ws_moveit/install/moveit_configs_utils:/opt/ros/jazzy /usr/bin/cmake /home/tamar/ws_moveit/src/ros2_robotiq_gripper/robotiq_controllers -DCMAKE_BUILD_TYPE=Release -DCMAKE_INSTALL_PREFIX=/home/tamar/ws_moveit/install/robotiq_controllers
[0.187s] -- The C compiler identification is GNU 13.3.0
[0.229s] -- The CXX compiler identification is GNU 13.3.0
[0.241s] -- Detecting C compiler ABI info
[0.306s] -- Detecting C compiler ABI info - done
[0.314s] -- Check for working C compiler: /usr/bin/cc - skipped
[0.315s] -- Detecting C compile features
[0.315s] -- Detecting C compile features - done
[0.323s] -- Detecting CXX compiler ABI info
[0.389s] -- Detecting CXX compiler ABI info - done
[0.398s] -- Check for working CXX compiler: /usr/bin/c++ - skipped
[0.398s] -- Detecting CXX compile features
[0.398s] -- Detecting CXX compile features - done
[0.408s] -- Found ament_cmake: 2.5.4 (/opt/ros/jazzy/share/ament_cmake/cmake)
[0.638s] -- Found Python3: /usr/bin/python3 (found version "3.12.3") found components: Interpreter 
[0.780s] -- Found controller_interface: 4.38.0 (/opt/ros/jazzy/share/controller_interface/cmake)
[0.893s] -- Found rosidl_generator_c: 4.6.6 (/opt/ros/jazzy/share/rosidl_generator_c/cmake)
[0.924s] -- Found rosidl_generator_cpp: 4.6.6 (/opt/ros/jazzy/share/rosidl_generator_cpp/cmake)
[0.959s] -- Using all available rosidl_typesupport_c: rosidl_typesupport_fastrtps_c;rosidl_typesupport_introspection_c
[0.997s] -- Using all available rosidl_typesupport_cpp: rosidl_typesupport_fastrtps_cpp;rosidl_typesupport_introspection_cpp
[1.322s] -- Found TinyXML2 via Config file: /usr/lib/x86_64-linux-gnu/cmake/tinyxml2
[1.412s] -- Found rmw_implementation_cmake: 7.3.2 (/opt/ros/jazzy/share/rmw_implementation_cmake/cmake)
[1.423s] -- Found rmw_cyclonedds_cpp: 2.2.3 (/opt/ros/jazzy/share/rmw_cyclonedds_cpp/cmake)
[1.481s] -- Using RMW implementation 'rmw_cyclonedds_cpp' as default
[1.784s] -- Found std_srvs: 5.3.6 (/opt/ros/jazzy/share/std_srvs/cmake)
[1.800s] -- Found ament_lint_auto: 0.17.3 (/opt/ros/jazzy/share/ament_lint_auto/cmake)
[1.871s] -- Added test 'cppcheck' to perform static code analysis on C / C++ code
[1.871s] -- Configured cppcheck include dirs: /home/tamar/ws_moveit/src/ros2_robotiq_gripper/robotiq_controllers/include
[1.871s] -- Configured cppcheck exclude dirs and/or files: 
[1.873s] -- Added test 'lint_cmake' to check CMake code style
[1.876s] -- Configuring done (1.7s)
[1.889s] -- Generating done (0.0s)
[1.892s] -- Build files have been written to: /home/tamar/ws_moveit/build/robotiq_controllers
[1.897s] Invoked command in '/home/tamar/ws_moveit/build/robotiq_controllers' returned '0': CMAKE_PREFIX_PATH=${CMAKE_PREFIX_PATH}:/home/tamar/RBE594_ws/install/moveit_configs_utils:/home/tamar/RBE594_ws/install/custom_gear_controllers:/home/tamar/ws_moveit/install/moveit_configs_utils:/opt/ros/jazzy /usr/bin/cmake /home/tamar/ws_moveit/src/ros2_robotiq_gripper/robotiq_controllers -DCMAKE_BUILD_TYPE=Release -DCMAKE_INSTALL_PREFIX=/home/tamar/ws_moveit/install/robotiq_controllers
[1.898s] Invoking command in '/home/tamar/ws_moveit/build/robotiq_controllers': CMAKE_PREFIX_PATH=${CMAKE_PREFIX_PATH}:/home/tamar/RBE594_ws/install/moveit_configs_utils:/home/tamar/RBE594_ws/install/custom_gear_controllers:/home/tamar/ws_moveit/install/moveit_configs_utils:/opt/ros/jazzy /usr/bin/cmake --build /home/tamar/ws_moveit/build/robotiq_controllers -- -j32 -l32
[1.939s] [ 50%] [32mBuilding CXX object CMakeFiles/robotiq_controllers.dir/src/robotiq_activation_controller.cpp.o[0m
[3.496s] [01m[K/home/tamar/ws_moveit/src/ros2_robotiq_gripper/robotiq_controllers/src/robotiq_activation_controller.cpp:[m[K In member function ‘[01m[Kbool robotiq_controllers::RobotiqActivationController::[01;32m[KreactivateGripper[m[K(std_srvs::srv::Trigger_Request_<std::allocator<void> >::SharedPtr, std_srvs::srv::Trigger_Response_<std::allocator<void> >::SharedPtr)[m[K’:
[3.496s] [01m[K/home/tamar/ws_moveit/src/ros2_robotiq_gripper/robotiq_controllers/src/robotiq_activation_controller.cpp:108:61:[m[K [01;35m[Kwarning: [m[Kignoring return value of ‘[01m[Kbool hardware_interface::LoanedCommandInterface::[01;32m[Kset_value[m[K(const T&, unsigned int) [35m[K[with T = double][m[K[m[K’, declared with attribute ‘[01m[Knodiscard[m[K’ [[01;35m[K-Wunused-result[m[K]
[3.496s]   108 |   [01;35m[Kcommand_interfaces_[REACTIVATE_GRIPPER_RESPONSE].set_value(ASYNC_WAITING)[m[K;
[3.496s]       |   [01;35m[K~~~~~~~~~~~~~~~~~~~~~~~~~~~~~~~~~~~~~~~~~~~~~~~~~~~~~~~~~~^~~~~~~~~~~~~~~[m[K
[3.496s] In file included from [01m[K/opt/ros/jazzy/include/controller_interface/controller_interface/controller_interface_base.hpp:29[m[K,
[3.496s]                  from [01m[K/opt/ros/jazzy/include/controller_interface/controller_interface/controller_interface.hpp:21[m[K,
[3.496s]                  from [01m[K/home/tamar/ws_moveit/src/ros2_robotiq_gripper/robotiq_controllers/include/robotiq_controllers/robotiq_activation_controller.hpp:31[m[K,
[3.496s]                  from [01m[K/home/tamar/ws_moveit/src/ros2_robotiq_gripper/robotiq_controllers/src/robotiq_activation_controller.cpp:29[m[K:
[3.496s] [01m[K/opt/ros/jazzy/include/hardware_interface/hardware_interface/loaned_command_interface.hpp:113:22:[m[K [01;36m[Knote: [m[Kdeclared here
[3.496s]   113 |   [[nodiscard]] bool [01;36m[Kset_value[m[K(const T & value, unsigned int max_tries = 10)
[3.496s]       |                      [01;36m[K^~~~~~~~~[m[K
[3.496s] [01m[K/home/tamar/ws_moveit/src/ros2_robotiq_gripper/robotiq_controllers/src/robotiq_activation_controller.cpp:109:56:[m[K [01;35m[Kwarning: [m[Kignoring return value of ‘[01m[Kbool hardware_interface::LoanedCommandInterface::[01;32m[Kset_value[m[K(const T&, unsigned int) [35m[K[with T = double][m[K[m[K’, declared with attribute ‘[01m[Knodiscard[m[K’ [[01;35m[K-Wunused-result[m[K]
[3.497s]   109 |   [01;35m[Kcommand_interfaces_[REACTIVATE_GRIPPER_CMD].set_value(1.0)[m[K;
[3.497s]       |   [01;35m[K~~~~~~~~~~~~~~~~~~~~~~~~~~~~~~~~~~~~~~~~~~~~~~~~~~~~~^~~~~[m[K
[3.497s] [01m[K/opt/ros/jazzy/include/hardware_interface/hardware_interface/loaned_command_interface.hpp:113:22:[m[K [01;36m[Knote: [m[Kdeclared here
[3.497s]   113 |   [[nodiscard]] bool [01;36m[Kset_value[m[K(const T & value, unsigned int max_tries = 10)
[3.497s]       |                      [01;36m[K^~~~~~~~~[m[K
[3.497s] [01m[K/home/tamar/ws_moveit/src/ros2_robotiq_gripper/robotiq_controllers/src/robotiq_activation_controller.cpp:111:68:[m[K [01;35m[Kwarning: [m[K‘[01m[Kdouble hardware_interface::LoanedCommandInterface::[01;32m[Kget_value[m[K() const[m[K’ is deprecated: Use std::optional<T> get_optional() instead to retrieve the value. This method will be removed by the ROS 2 Kilted Kaiju release. [[01;35m[K-Wdeprecated-declarations[m[K]
[3.497s]   111 |  ([01;35m[Kcommand_interfaces_[REACTIVATE_GRIPPER_RESPONSE].get_value()[m[K == ASYNC_WAITING)
[3.497s]       |   [01;35m[K~~~~~~~~~~~~~~~~~~~~~~~~~~~~~~~~~~~~~~~~~~~~~~~~~~~~~~~~~~^~[m[K
[3.497s] 
[3.497s] [01m[K/opt/ros/jazzy/include/hardware_interface/hardware_interface/loaned_command_interface.hpp:134:10:[m[K [01;36m[Knote: [m[Kdeclared here
[3.497s]   134 |   double [01;36m[Kget_value[m[K() const
[3.497s]       |          [01;36m[K^~~~~~~~~[m[K
[3.497s] [01m[K/home/tamar/ws_moveit/src/ros2_robotiq_gripper/robotiq_controllers/src/robotiq_activation_controller.cpp:115:77:[m[K [01;35m[Kwarning: [m[K‘[01m[Kdouble hardware_interface::LoanedCommandInterface::[01;32m[Kget_value[m[K() const[m[K’ is deprecated: Use std::optional<T> get_optional() instead to retrieve the value. This method will be removed by the ROS 2 Kilted Kaiju release. [[01;35m[K-Wdeprecated-declarations[m[K]
[3.497s]   115 | success = [01;35m[Kcommand_interfaces_[REACTIVATE_GRIPPER_RESPONSE].get_value()[m[K;
[3.497s]       |           [01;35m[K~~~~~~~~~~~~~~~~~~~~~~~~~~~~~~~~~~~~~~~~~~~~~~~~~~~~~~~~~~^~[m[K
[3.497s] 
[3.498s] [01m[K/opt/ros/jazzy/include/hardware_interface/hardware_interface/loaned_command_interface.hpp:134:10:[m[K [01;36m[Knote: [m[Kdeclared here
[3.498s]   134 |   double [01;36m[Kget_value[m[K() const
[3.498s]       |          [01;36m[K^~~~~~~~~[m[K
[5.634s] [100%] [32m[1mLinking CXX shared library librobotiq_controllers.so[0m
[5.755s] [100%] Built target robotiq_controllers
[5.765s] Invoked command in '/home/tamar/ws_moveit/build/robotiq_controllers' returned '0': CMAKE_PREFIX_PATH=${CMAKE_PREFIX_PATH}:/home/tamar/RBE594_ws/install/moveit_configs_utils:/home/tamar/RBE594_ws/install/custom_gear_controllers:/home/tamar/ws_moveit/install/moveit_configs_utils:/opt/ros/jazzy /usr/bin/cmake --build /home/tamar/ws_moveit/build/robotiq_controllers -- -j32 -l32
[5.766s] Invoking command in '/home/tamar/ws_moveit/build/robotiq_controllers': CMAKE_PREFIX_PATH=${CMAKE_PREFIX_PATH}:/home/tamar/RBE594_ws/install/moveit_configs_utils:/home/tamar/RBE594_ws/install/custom_gear_controllers:/home/tamar/ws_moveit/install/moveit_configs_utils:/opt/ros/jazzy /usr/bin/cmake --install /home/tamar/ws_moveit/build/robotiq_controllers
[5.774s] -- Install configuration: "Release"
[5.774s] -- Installing: /home/tamar/ws_moveit/install/robotiq_controllers/share/robotiq_controllers/controller_plugins.xml
[5.774s] -- Installing: /home/tamar/ws_moveit/install/robotiq_controllers/lib/librobotiq_controllers.so
[5.774s] -- Set non-toolchain portion of runtime path of "/home/tamar/ws_moveit/install/robotiq_controllers/lib/librobotiq_controllers.so" to ""
[5.774s] -- Installing: /home/tamar/ws_moveit/install/robotiq_controllers/include
[5.774s] -- Installing: /home/tamar/ws_moveit/install/robotiq_controllers/include/robotiq_controllers
[5.775s] -- Installing: /home/tamar/ws_moveit/install/robotiq_controllers/include/robotiq_controllers/robotiq_activation_controller.hpp
[5.775s] -- Installing: /home/tamar/ws_moveit/install/robotiq_controllers/share/robotiq_controllers/environment/library_path.sh
[5.775s] -- Installing: /home/tamar/ws_moveit/install/robotiq_controllers/share/robotiq_controllers/environment/library_path.dsv
[5.775s] -- Installing: /home/tamar/ws_moveit/install/robotiq_controllers/share/ament_index/resource_index/package_run_dependencies/robotiq_controllers
[5.775s] -- Installing: /home/tamar/ws_moveit/install/robotiq_controllers/share/ament_index/resource_index/parent_prefix_path/robotiq_controllers
[5.775s] -- Installing: /home/tamar/ws_moveit/install/robotiq_controllers/share/robotiq_controllers/environment/ament_prefix_path.sh
[5.775s] -- Installing: /home/tamar/ws_moveit/install/robotiq_controllers/share/robotiq_controllers/environment/ament_prefix_path.dsv
[5.775s] -- Installing: /home/tamar/ws_moveit/install/robotiq_controllers/share/robotiq_controllers/environment/path.sh
[5.776s] -- Installing: /home/tamar/ws_moveit/install/robotiq_controllers/share/robotiq_controllers/environment/path.dsv
[5.776s] -- Installing: /home/tamar/ws_moveit/install/robotiq_controllers/share/robotiq_controllers/local_setup.bash
[5.776s] -- Installing: /home/tamar/ws_moveit/install/robotiq_controllers/share/robotiq_controllers/local_setup.sh
[5.776s] -- Installing: /home/tamar/ws_moveit/install/robotiq_controllers/share/robotiq_controllers/local_setup.zsh
[5.776s] -- Installing: /home/tamar/ws_moveit/install/robotiq_controllers/share/robotiq_controllers/local_setup.dsv
[5.776s] -- Installing: /home/tamar/ws_moveit/install/robotiq_controllers/share/robotiq_controllers/package.dsv
[5.776s] -- Installing: /home/tamar/ws_moveit/install/robotiq_controllers/share/ament_index/resource_index/packages/robotiq_controllers
[5.776s] -- Installing: /home/tamar/ws_moveit/install/robotiq_controllers/share/ament_index/resource_index/controller_interface__pluginlib__plugin/robotiq_controllers
[5.777s] -- Installing: /home/tamar/ws_moveit/install/robotiq_controllers/share/robotiq_controllers/cmake/export_robotiq_controllersExport.cmake
[5.777s] -- Installing: /home/tamar/ws_moveit/install/robotiq_controllers/share/robotiq_controllers/cmake/export_robotiq_controllersExport-release.cmake
[5.777s] -- Installing: /home/tamar/ws_moveit/install/robotiq_controllers/share/robotiq_controllers/cmake/ament_cmake_export_include_directories-extras.cmake
[5.777s] -- Installing: /home/tamar/ws_moveit/install/robotiq_controllers/share/robotiq_controllers/cmake/ament_cmake_export_libraries-extras.cmake
[5.777s] -- Installing: /home/tamar/ws_moveit/install/robotiq_controllers/share/robotiq_controllers/cmake/ament_cmake_export_targets-extras.cmake
[5.777s] -- Installing: /home/tamar/ws_moveit/install/robotiq_controllers/share/robotiq_controllers/cmake/ament_cmake_export_dependencies-extras.cmake
[5.777s] -- Installing: /home/tamar/ws_moveit/install/robotiq_controllers/share/robotiq_controllers/cmake/robotiq_controllersConfig.cmake
[5.778s] -- Installing: /home/tamar/ws_moveit/install/robotiq_controllers/share/robotiq_controllers/cmake/robotiq_controllersConfig-version.cmake
[5.778s] -- Installing: /home/tamar/ws_moveit/install/robotiq_controllers/share/robotiq_controllers/package.xml
[5.779s] Invoked command in '/home/tamar/ws_moveit/build/robotiq_controllers' returned '0': CMAKE_PREFIX_PATH=${CMAKE_PREFIX_PATH}:/home/tamar/RBE594_ws/install/moveit_configs_utils:/home/tamar/RBE594_ws/install/custom_gear_controllers:/home/tamar/ws_moveit/install/moveit_configs_utils:/opt/ros/jazzy /usr/bin/cmake --install /home/tamar/ws_moveit/build/robotiq_controllers
