[0.000000] (-) TimerEvent: {}
[0.000111] (custom_gear_controllers) JobQueued: {'identifier': 'custom_gear_controllers', 'dependencies': OrderedDict()}
[0.000261] (sirgas_apriltag_detector) JobQueued: {'identifier': 'sirgas_apriltag_detector', 'dependencies': OrderedDict()}
[0.000297] (sirgas_description) JobQueued: {'identifier': 'sirgas_description', 'dependencies': OrderedDict()}
[0.000403] (custom_gear_controllers) JobStarted: {'identifier': 'custom_gear_controllers'}
[0.014493] (sirgas_apriltag_detector) JobStarted: {'identifier': 'sirgas_apriltag_detector'}
[0.021676] (sirgas_description) JobStarted: {'identifier': 'sirgas_description'}
[0.099459] (-) TimerEvent: {}
[0.199691] (-) TimerEvent: {}
[0.299979] (-) TimerEvent: {}
[0.400217] (-) TimerEvent: {}
[0.429613] (sirgas_description) JobProgress: {'identifier': 'sirgas_description', 'progress': 'cmake'}
[0.430175] (sirgas_description) JobProgress: {'identifier': 'sirgas_description', 'progress': 'build'}
[0.430807] (sirgas_description) Command: {'cmd': ['/usr/bin/cmake', '--build', '/home/tamar/RBE594_ws/build/sirgas_description', '--', '-j12', '-l12'], 'cwd': '/home/tamar/RBE594_ws/build/sirgas_description', 'env': OrderedDict({'GZ_SIM_RESOURCE_PATH': '/opt/ros/jazzy/share:/home/tamar/RBE594_ws/src/gazebo_apriltag/models', 'GZ_CONFIG_PATH': '/opt/ros/jazzy/opt/gz_sim_vendor/share/gz:/opt/ros/jazzy/opt/sdformat_vendor/share/gz:/opt/ros/jazzy/opt/gz_gui_vendor/share/gz:/opt/ros/jazzy/opt/gz_transport_vendor/share/gz:/opt/ros/jazzy/opt/gz_rendering_vendor/share/gz:/opt/ros/jazzy/opt/gz_plugin_vendor/share/gz:/opt/ros/jazzy/opt/gz_fuel_tools_vendor/share/gz:/opt/ros/jazzy/opt/gz_msgs_vendor/share/gz:/opt/ros/jazzy/opt/gz_common_vendor/share/gz', 'HOSTNAME': 'f35654c561c7', 'SHLVL': '1', 'LIBGL_ALWAYS_SOFTWARE': '1', 'LD_LIBRARY_PATH': '/opt/ros/jazzy/opt/gz_sim_vendor/lib:/opt/ros/jazzy/opt/gz_sensors_vendor/lib:/opt/ros/jazzy/opt/gz_physics_vendor/lib:/opt/ros/jazzy/opt/sdformat_vendor/lib:/opt/ros/jazzy/opt/rviz_ogre_vendor/lib:/opt/ros/jazzy/lib/x86_64-linux-gnu:/opt/ros/jazzy/opt/gz_gui_vendor/lib:/opt/ros/jazzy/opt/gz_transport_vendor/lib:/opt/ros/jazzy/opt/gz_rendering_vendor/lib:/opt/ros/jazzy/opt/gz_plugin_vendor/lib:/opt/ros/jazzy/opt/gz_fuel_tools_vendor/lib:/opt/ros/jazzy/opt/gz_msgs_vendor/lib:/opt/ros/jazzy/opt/gz_common_vendor/lib:/opt/ros/jazzy/opt/gz_math_vendor/lib:/opt/ros/jazzy/opt/gz_utils_vendor/lib:/opt/ros/jazzy/opt/gz_tools_vendor/lib:/opt/ros/jazzy/opt/gz_ogre_next_vendor/lib:/opt/ros/jazzy/opt/gz_dartsim_vendor/lib:/opt/ros/jazzy/opt/gz_cmake_vendor/lib:/opt/ros/jazzy/lib', 'HOME': '/home/tamar', 'OLDPWD': '/home/tamar/RBE594_ws/src/gazebo_apriltag', 'ROS_PYTHON_VERSION': '3', 'COLCON_PREFIX_PATH': '/home/tamar/RBE594_ws/install', 'ROS_DISTRO': 'jazzy', '_': '/usr/bin/colcon', 'ROS_VERSION': '2', 'TERM': 'xterm', 'GAZEBO_MODEL_PATH': ':/home/tamar/RBE594_ws/src/gazebo_apriltag/models', 'QT_X11_NO_MITSHM': '1', 'PATH': '/opt/ros/jazzy/opt/gz_msgs_vendor/bin:/opt/ros/jazzy/opt/gz_tools_vendor/bin:/opt/ros/jazzy/opt/gz_ogre_next_vendor/bin:/opt/ros/jazzy/bin:/usr/local/sbin:/usr/local/bin:/usr/sbin:/usr/bin:/sbin:/bin', 'DISPLAY': ':1', 'LANG': 'C.UTF-8', 'RMW_IMPLEMENTATION': 'rmw_cyclonedds_cpp', 'AMENT_PREFIX_PATH': '/home/tamar/RBE594_ws/install/sirgas_description:/home/tamar/RBE594_ws/install/sirgas_apriltag_detector:/home/tamar/RBE594_ws/install/custom_gear_controllers:/opt/ros/jazzy', 'ROS_AUTOMATIC_DISCOVERY_RANGE': 'SUBNET', 'PWD': '/home/tamar/RBE594_ws/build/sirgas_description', 'TURTLEBOT3_MODEL': 'waffle', 'LC_ALL': 'C.UTF-8', 'PYTHONPATH': '/home/tamar/RBE594_ws/build/sirgas_apriltag_detector:/home/tamar/RBE594_ws/install/sirgas_apriltag_detector/lib/python3.12/site-packages:/home/tamar/RBE594_ws/build/custom_gear_controllers:/home/tamar/RBE594_ws/install/custom_gear_controllers/lib/python3.12/site-packages:/opt/ros/jazzy/lib/python3.12/site-packages', 'NVIDIA_VISIBLE_DEVICES': 'all', 'COLCON': '1', 'CMAKE_PREFIX_PATH': '/home/tamar/RBE594_ws/install/sirgas_description:/opt/ros/jazzy/opt/gz_sim_vendor:/opt/ros/jazzy/opt/gz_sensors_vendor:/opt/ros/jazzy/opt/gz_physics_vendor:/opt/ros/jazzy/opt/sdformat_vendor:/opt/ros/jazzy/opt/gz_gui_vendor:/opt/ros/jazzy/opt/gz_transport_vendor:/opt/ros/jazzy/opt/gz_rendering_vendor:/opt/ros/jazzy/opt/gz_plugin_vendor:/opt/ros/jazzy/opt/gz_fuel_tools_vendor:/opt/ros/jazzy/opt/gz_msgs_vendor:/opt/ros/jazzy/opt/gz_common_vendor:/opt/ros/jazzy/opt/gz_math_vendor:/opt/ros/jazzy/opt/gz_utils_vendor:/opt/ros/jazzy/opt/gz_tools_vendor:/opt/ros/jazzy/opt/gz_ogre_next_vendor:/opt/ros/jazzy/opt/gz_dartsim_vendor:/opt/ros/jazzy/opt/gz_cmake_vendor:/home/tamar/RBE594_ws/install/sirgas_apriltag_detector:/home/tamar/RBE594_ws/install/custom_gear_controllers:/opt/ros/jazzy'}), 'shell': False}
[0.476484] (sirgas_description) CommandEnded: {'returncode': 0}
[0.476825] (sirgas_description) JobProgress: {'identifier': 'sirgas_description', 'progress': 'install'}
[0.486355] (sirgas_description) Command: {'cmd': ['/usr/bin/cmake', '--install', '/home/tamar/RBE594_ws/build/sirgas_description'], 'cwd': '/home/tamar/RBE594_ws/build/sirgas_description', 'env': OrderedDict({'GZ_SIM_RESOURCE_PATH': '/opt/ros/jazzy/share:/home/tamar/RBE594_ws/src/gazebo_apriltag/models', 'GZ_CONFIG_PATH': '/opt/ros/jazzy/opt/gz_sim_vendor/share/gz:/opt/ros/jazzy/opt/sdformat_vendor/share/gz:/opt/ros/jazzy/opt/gz_gui_vendor/share/gz:/opt/ros/jazzy/opt/gz_transport_vendor/share/gz:/opt/ros/jazzy/opt/gz_rendering_vendor/share/gz:/opt/ros/jazzy/opt/gz_plugin_vendor/share/gz:/opt/ros/jazzy/opt/gz_fuel_tools_vendor/share/gz:/opt/ros/jazzy/opt/gz_msgs_vendor/share/gz:/opt/ros/jazzy/opt/gz_common_vendor/share/gz', 'HOSTNAME': 'f35654c561c7', 'SHLVL': '1', 'LIBGL_ALWAYS_SOFTWARE': '1', 'LD_LIBRARY_PATH': '/opt/ros/jazzy/opt/gz_sim_vendor/lib:/opt/ros/jazzy/opt/gz_sensors_vendor/lib:/opt/ros/jazzy/opt/gz_physics_vendor/lib:/opt/ros/jazzy/opt/sdformat_vendor/lib:/opt/ros/jazzy/opt/rviz_ogre_vendor/lib:/opt/ros/jazzy/lib/x86_64-linux-gnu:/opt/ros/jazzy/opt/gz_gui_vendor/lib:/opt/ros/jazzy/opt/gz_transport_vendor/lib:/opt/ros/jazzy/opt/gz_rendering_vendor/lib:/opt/ros/jazzy/opt/gz_plugin_vendor/lib:/opt/ros/jazzy/opt/gz_fuel_tools_vendor/lib:/opt/ros/jazzy/opt/gz_msgs_vendor/lib:/opt/ros/jazzy/opt/gz_common_vendor/lib:/opt/ros/jazzy/opt/gz_math_vendor/lib:/opt/ros/jazzy/opt/gz_utils_vendor/lib:/opt/ros/jazzy/opt/gz_tools_vendor/lib:/opt/ros/jazzy/opt/gz_ogre_next_vendor/lib:/opt/ros/jazzy/opt/gz_dartsim_vendor/lib:/opt/ros/jazzy/opt/gz_cmake_vendor/lib:/opt/ros/jazzy/lib', 'HOME': '/home/tamar', 'OLDPWD': '/home/tamar/RBE594_ws/src/gazebo_apriltag', 'ROS_PYTHON_VERSION': '3', 'COLCON_PREFIX_PATH': '/home/tamar/RBE594_ws/install', 'ROS_DISTRO': 'jazzy', '_': '/usr/bin/colcon', 'ROS_VERSION': '2', 'TERM': 'xterm', 'GAZEBO_MODEL_PATH': ':/home/tamar/RBE594_ws/src/gazebo_apriltag/models', 'QT_X11_NO_MITSHM': '1', 'PATH': '/opt/ros/jazzy/opt/gz_msgs_vendor/bin:/opt/ros/jazzy/opt/gz_tools_vendor/bin:/opt/ros/jazzy/opt/gz_ogre_next_vendor/bin:/opt/ros/jazzy/bin:/usr/local/sbin:/usr/local/bin:/usr/sbin:/usr/bin:/sbin:/bin', 'DISPLAY': ':1', 'LANG': 'C.UTF-8', 'RMW_IMPLEMENTATION': 'rmw_cyclonedds_cpp', 'AMENT_PREFIX_PATH': '/home/tamar/RBE594_ws/install/sirgas_description:/home/tamar/RBE594_ws/install/sirgas_apriltag_detector:/home/tamar/RBE594_ws/install/custom_gear_controllers:/opt/ros/jazzy', 'ROS_AUTOMATIC_DISCOVERY_RANGE': 'SUBNET', 'PWD': '/home/tamar/RBE594_ws/build/sirgas_description', 'TURTLEBOT3_MODEL': 'waffle', 'LC_ALL': 'C.UTF-8', 'PYTHONPATH': '/home/tamar/RBE594_ws/build/sirgas_apriltag_detector:/home/tamar/RBE594_ws/install/sirgas_apriltag_detector/lib/python3.12/site-packages:/home/tamar/RBE594_ws/build/custom_gear_controllers:/home/tamar/RBE594_ws/install/custom_gear_controllers/lib/python3.12/site-packages:/opt/ros/jazzy/lib/python3.12/site-packages', 'NVIDIA_VISIBLE_DEVICES': 'all', 'COLCON': '1', 'CMAKE_PREFIX_PATH': '/home/tamar/RBE594_ws/install/sirgas_description:/opt/ros/jazzy/opt/gz_sim_vendor:/opt/ros/jazzy/opt/gz_sensors_vendor:/opt/ros/jazzy/opt/gz_physics_vendor:/opt/ros/jazzy/opt/sdformat_vendor:/opt/ros/jazzy/opt/gz_gui_vendor:/opt/ros/jazzy/opt/gz_transport_vendor:/opt/ros/jazzy/opt/gz_rendering_vendor:/opt/ros/jazzy/opt/gz_plugin_vendor:/opt/ros/jazzy/opt/gz_fuel_tools_vendor:/opt/ros/jazzy/opt/gz_msgs_vendor:/opt/ros/jazzy/opt/gz_common_vendor:/opt/ros/jazzy/opt/gz_math_vendor:/opt/ros/jazzy/opt/gz_utils_vendor:/opt/ros/jazzy/opt/gz_tools_vendor:/opt/ros/jazzy/opt/gz_ogre_next_vendor:/opt/ros/jazzy/opt/gz_dartsim_vendor:/opt/ros/jazzy/opt/gz_cmake_vendor:/home/tamar/RBE594_ws/install/sirgas_apriltag_detector:/home/tamar/RBE594_ws/install/custom_gear_controllers:/opt/ros/jazzy'}), 'shell': False}
[0.494853] (sirgas_description) StdoutLine: {'line': b'-- Install configuration: ""\n'}
[0.495385] (sirgas_description) StdoutLine: {'line': b'-- Execute custom install script\n'}
[0.496013] (sirgas_description) StdoutLine: {'line': b'-- Up-to-date symlink: /home/tamar/RBE594_ws/install/sirgas_description/share/sirgas_description//urdf/apriltags/tag_1.png\n'}
[0.496238] (sirgas_description) StdoutLine: {'line': b'-- Up-to-date symlink: /home/tamar/RBE594_ws/install/sirgas_description/share/sirgas_description//urdf/camera.urdf.xacro\n'}
[0.496491] (sirgas_description) StdoutLine: {'line': b'-- Up-to-date symlink: /home/tamar/RBE594_ws/install/sirgas_description/share/sirgas_description//urdf/camera_mount.urdf.xacro\n'}
[0.496708] (sirgas_description) StdoutLine: {'line': b'-- Up-to-date symlink: /home/tamar/RBE594_ws/install/sirgas_description/share/sirgas_description//urdf/gear_starter_motor.urdf.xacro\n'}
[0.496824] (sirgas_description) StdoutLine: {'line': b'-- Up-to-date symlink: /home/tamar/RBE594_ws/install/sirgas_description/share/sirgas_description//urdf/inc/ur_common.xacro\n'}
[0.496912] (sirgas_description) StdoutLine: {'line': b'-- Up-to-date symlink: /home/tamar/RBE594_ws/install/sirgas_description/share/sirgas_description//urdf/inc/ur_transmissions.xacro\n'}
[0.497067] (sirgas_description) StdoutLine: {'line': b'-- Up-to-date symlink: /home/tamar/RBE594_ws/install/sirgas_description/share/sirgas_description//urdf/pba.urdf.xacro\n'}
[0.497164] (sirgas_description) StdoutLine: {'line': b'-- Up-to-date symlink: /home/tamar/RBE594_ws/install/sirgas_description/share/sirgas_description//urdf/pba2.urdf.xacro\n'}
[0.497288] (sirgas_description) StdoutLine: {'line': b'-- Up-to-date symlink: /home/tamar/RBE594_ws/install/sirgas_description/share/sirgas_description//urdf/robotiq_arg85_description.urdf.xacro\n'}
[0.497412] (sirgas_description) StdoutLine: {'line': b'-- Up-to-date symlink: /home/tamar/RBE594_ws/install/sirgas_description/share/sirgas_description//urdf/sim_cam.urdf.xacro\n'}
[0.497589] (sirgas_description) StdoutLine: {'line': b'-- Up-to-date symlink: /home/tamar/RBE594_ws/install/sirgas_description/share/sirgas_description//urdf/tag_1.urdf.xacro\n'}
[0.497688] (sirgas_description) StdoutLine: {'line': b'-- Up-to-date symlink: /home/tamar/RBE594_ws/install/sirgas_description/share/sirgas_description//urdf/ur20.ros2_control.xacro\n'}
[0.497810] (sirgas_description) StdoutLine: {'line': b'-- Up-to-date symlink: /home/tamar/RBE594_ws/install/sirgas_description/share/sirgas_description//urdf/ur20_macro.xacro\n'}
[0.497932] (sirgas_description) StdoutLine: {'line': b'-- Up-to-date symlink: /home/tamar/RBE594_ws/install/sirgas_description/share/sirgas_description//urdf/ur20_pba.urdf.xacro\n'}
[0.498115] (sirgas_description) StdoutLine: {'line': b'-- Up-to-date symlink: /home/tamar/RBE594_ws/install/sirgas_description/share/sirgas_description//urdf/ur20_picker.urdf.xacro\n'}
[0.498266] (sirgas_description) StdoutLine: {'line': b'-- Up-to-date symlink: /home/tamar/RBE594_ws/install/sirgas_description/share/sirgas_description//urdf/ur20_starter.urdf.xacro\n'}
[0.498362] (sirgas_description) StdoutLine: {'line': b'-- Up-to-date symlink: /home/tamar/RBE594_ws/install/sirgas_description/share/sirgas_description//urdf/ur20_starter2.urdf.xacro\n'}
[0.498727] (sirgas_description) StdoutLine: {'line': b'-- Up-to-date symlink: /home/tamar/RBE594_ws/install/sirgas_description/share/sirgas_description//launch/apriltag_detector.py\n'}
[0.498856] (sirgas_description) StdoutLine: {'line': b'-- Up-to-date symlink: /home/tamar/RBE594_ws/install/sirgas_description/share/sirgas_description//launch/camera.launch.py\n'}
[0.499093] (sirgas_description) StdoutLine: {'line': b'-- Up-to-date symlink: /home/tamar/RBE594_ws/install/sirgas_description/share/sirgas_description//launch/gr.launch.py\n'}
[0.499274] (sirgas_description) StdoutLine: {'line': b'-- Up-to-date symlink: /home/tamar/RBE594_ws/install/sirgas_description/share/sirgas_description//launch/gripper.launch.py\n'}
[0.499376] (sirgas_description) StdoutLine: {'line': b'-- Up-to-date symlink: /home/tamar/RBE594_ws/install/sirgas_description/share/sirgas_description//launch/pba.launch.py\n'}
[0.499496] (sirgas_description) StdoutLine: {'line': b'-- Up-to-date symlink: /home/tamar/RBE594_ws/install/sirgas_description/share/sirgas_description//launch/pba.launch.xml\n'}
[0.499617] (sirgas_description) StdoutLine: {'line': b'-- Up-to-date symlink: /home/tamar/RBE594_ws/install/sirgas_description/share/sirgas_description//launch/sim.launch.py\n'}
[0.499739] (sirgas_description) StdoutLine: {'line': b'-- Up-to-date symlink: /home/tamar/RBE594_ws/install/sirgas_description/share/sirgas_description//launch/sim2.launch.py\n'}
[0.499860] (sirgas_description) StdoutLine: {'line': b'-- Up-to-date symlink: /home/tamar/RBE594_ws/install/sirgas_description/share/sirgas_description//launch/sim3.launch.py\n'}
[0.499987] (sirgas_description) StdoutLine: {'line': b'-- Up-to-date symlink: /home/tamar/RBE594_ws/install/sirgas_description/share/sirgas_description//launch/sim4.launch.py\n'}
[0.500106] (sirgas_description) StdoutLine: {'line': b'-- Up-to-date symlink: /home/tamar/RBE594_ws/install/sirgas_description/share/sirgas_description//launch/sim5.launch.py\n'}
[0.500294] (sirgas_description) StdoutLine: {'line': b'-- Up-to-date symlink: /home/tamar/RBE594_ws/install/sirgas_description/share/sirgas_description//launch/ur20_starter.launch.py\n'}
[0.500382] (-) TimerEvent: {}
[0.500520] (sirgas_description) StdoutLine: {'line': b'-- Up-to-date symlink: /home/tamar/RBE594_ws/install/sirgas_description/share/sirgas_description//launch/ur20_starter_spawn.launch.py\n'}
[0.501128] (sirgas_description) StdoutLine: {'line': b'-- Up-to-date symlink: /home/tamar/RBE594_ws/install/sirgas_description/share/sirgas_description//meshes/Assembly 1.stl\n'}
[0.501377] (sirgas_description) StdoutLine: {'line': b'-- Up-to-date symlink: /home/tamar/RBE594_ws/install/sirgas_description/share/sirgas_description//meshes/First_Gear.stl\n'}
[0.501612] (sirgas_description) StdoutLine: {'line': b'-- Up-to-date symlink: /home/tamar/RBE594_ws/install/sirgas_description/share/sirgas_description//meshes/Gear_Rotator.stl\n'}
[0.501827] (sirgas_description) StdoutLine: {'line': b'-- Up-to-date symlink: /home/tamar/RBE594_ws/install/sirgas_description/share/sirgas_description//meshes/Motor_Housing.stl\n'}
[0.502077] (sirgas_description) StdoutLine: {'line': b'-- Up-to-date symlink: /home/tamar/RBE594_ws/install/sirgas_description/share/sirgas_description//meshes/Peg_Board.stl\n'}
[0.502309] (sirgas_description) StdoutLine: {'line': b'-- Up-to-date symlink: /home/tamar/RBE594_ws/install/sirgas_description/share/sirgas_description//meshes/Second_Gear.stl\n'}
[0.502562] (sirgas_description) StdoutLine: {'line': b'-- Up-to-date symlink: /home/tamar/RBE594_ws/install/sirgas_description/share/sirgas_description//meshes/Starter_Gear.stl\n'}
[0.502812] (sirgas_description) StdoutLine: {'line': b'-- Up-to-date symlink: /home/tamar/RBE594_ws/install/sirgas_description/share/sirgas_description//meshes/Third_Gear.stl\n'}
[0.503174] (sirgas_description) StdoutLine: {'line': b'-- Up-to-date symlink: /home/tamar/RBE594_ws/install/sirgas_description/share/sirgas_description//meshes/apriltag_cube/materials/scripts/apriltag.material\n'}
[0.503512] (sirgas_description) StdoutLine: {'line': b'-- Up-to-date symlink: /home/tamar/RBE594_ws/install/sirgas_description/share/sirgas_description//meshes/apriltag_cube/materials/textures/tag_1.png\n'}
[0.503822] (sirgas_description) StdoutLine: {'line': b'-- Up-to-date symlink: /home/tamar/RBE594_ws/install/sirgas_description/share/sirgas_description//meshes/apriltag_cube/model.sdf\n'}
[0.504119] (sirgas_description) StdoutLine: {'line': b'-- Up-to-date symlink: /home/tamar/RBE594_ws/install/sirgas_description/share/sirgas_description//meshes/gripper_meshes/inner_finger_coarse.STL\n'}
[0.504486] (sirgas_description) StdoutLine: {'line': b'-- Up-to-date symlink: /home/tamar/RBE594_ws/install/sirgas_description/share/sirgas_description//meshes/gripper_meshes/inner_finger_fine.STL\n'}
[0.504780] (sirgas_description) StdoutLine: {'line': b'-- Up-to-date symlink: /home/tamar/RBE594_ws/install/sirgas_description/share/sirgas_description//meshes/gripper_meshes/inner_knuckle_coarse.STL\n'}
[0.505129] (sirgas_description) StdoutLine: {'line': b'-- Up-to-date symlink: /home/tamar/RBE594_ws/install/sirgas_description/share/sirgas_description//meshes/gripper_meshes/inner_knuckle_fine.STL\n'}
[0.505433] (sirgas_description) StdoutLine: {'line': b'-- Up-to-date symlink: /home/tamar/RBE594_ws/install/sirgas_description/share/sirgas_description//meshes/gripper_meshes/outer_finger_coarse.STL\n'}
[0.505733] (sirgas_description) StdoutLine: {'line': b'-- Up-to-date symlink: /home/tamar/RBE594_ws/install/sirgas_description/share/sirgas_description//meshes/gripper_meshes/outer_finger_fine.STL\n'}
[0.506085] (sirgas_description) StdoutLine: {'line': b'-- Up-to-date symlink: /home/tamar/RBE594_ws/install/sirgas_description/share/sirgas_description//meshes/gripper_meshes/outer_knuckle_coarse.STL\n'}
[0.506338] (sirgas_description) StdoutLine: {'line': b'-- Up-to-date symlink: /home/tamar/RBE594_ws/install/sirgas_description/share/sirgas_description//meshes/gripper_meshes/outer_knuckle_fine.STL\n'}
[0.506616] (sirgas_description) StdoutLine: {'line': b'-- Up-to-date symlink: /home/tamar/RBE594_ws/install/sirgas_description/share/sirgas_description//meshes/gripper_meshes/robotiq_85_base_link_coarse.STL\n'}
[0.506890] (sirgas_description) StdoutLine: {'line': b'-- Up-to-date symlink: /home/tamar/RBE594_ws/install/sirgas_description/share/sirgas_description//meshes/gripper_meshes/robotiq_85_base_link_fine.STL\n'}
[0.507266] (sirgas_description) StdoutLine: {'line': b'-- Up-to-date symlink: /home/tamar/RBE594_ws/install/sirgas_description/share/sirgas_description//meshes/sim_cam/model.sdf\n'}
[0.507700] (sirgas_description) StdoutLine: {'line': b'-- Up-to-date symlink: /home/tamar/RBE594_ws/install/sirgas_description/share/sirgas_description//world/.keep\n'}
[0.508265] (sirgas_description) StdoutLine: {'line': b'-- Up-to-date symlink: /home/tamar/RBE594_ws/install/sirgas_description/share/sirgas_description//rviz/camera.rviz\n'}
[0.508528] (sirgas_description) StdoutLine: {'line': b'-- Up-to-date symlink: /home/tamar/RBE594_ws/install/sirgas_description/share/sirgas_description//rviz/config.rviz\n'}
[0.508788] (sirgas_description) StdoutLine: {'line': b'-- Up-to-date symlink: /home/tamar/RBE594_ws/install/sirgas_description/share/sirgas_description//rviz/config2.rviz\n'}
[0.509103] (sirgas_description) StdoutLine: {'line': b'-- Up-to-date symlink: /home/tamar/RBE594_ws/install/sirgas_description/share/sirgas_description//rviz/gsm.rviz\n'}
[0.509418] (sirgas_description) StdoutLine: {'line': b'-- Up-to-date symlink: /home/tamar/RBE594_ws/install/sirgas_description/share/sirgas_description//rviz/ur20_view.rviz\n'}
[0.509902] (sirgas_description) StdoutLine: {'line': b'-- Up-to-date symlink: /home/tamar/RBE594_ws/install/sirgas_description/share/sirgas_description//config/gear_coupling_controller.yaml\n'}
[0.510268] (sirgas_description) StdoutLine: {'line': b'-- Up-to-date symlink: /home/tamar/RBE594_ws/install/sirgas_description/share/sirgas_description//config/gsm_controller.yaml\n'}
[0.510549] (sirgas_description) StdoutLine: {'line': b'-- Up-to-date symlink: /home/tamar/RBE594_ws/install/sirgas_description/share/sirgas_description//config/initial_positions.yaml\n'}
[0.510755] (sirgas_description) StdoutLine: {'line': b'-- Up-to-date symlink: /home/tamar/RBE594_ws/install/sirgas_description/share/sirgas_description//config/load_controllers.sh\n'}
[0.511096] (sirgas_description) StdoutLine: {'line': b'-- Up-to-date symlink: /home/tamar/RBE594_ws/install/sirgas_description/share/sirgas_description//config/pba_controller.yaml\n'}
[0.511327] (sirgas_description) StdoutLine: {'line': b'-- Up-to-date symlink: /home/tamar/RBE594_ws/install/sirgas_description/share/sirgas_description//config/test.yaml\n'}
[0.511602] (sirgas_description) StdoutLine: {'line': b'-- Up-to-date symlink: /home/tamar/RBE594_ws/install/sirgas_description/share/sirgas_description//config/ur20_controllers.yaml\n'}
[0.511872] (sirgas_description) StdoutLine: {'line': b'-- Up-to-date symlink: /home/tamar/RBE594_ws/install/sirgas_description/share/sirgas_description//config/ur20_picker_controllers.yaml\n'}
[0.512214] (sirgas_description) StdoutLine: {'line': b'-- Up-to-date symlink: /home/tamar/RBE594_ws/install/sirgas_description/share/sirgas_description//config/ur20_starter_controllers.yaml\n'}
[0.512595] (sirgas_description) StdoutLine: {'line': b'-- Up-to-date symlink: /home/tamar/RBE594_ws/install/sirgas_description/share/ament_index/resource_index/package_run_dependencies/sirgas_description\n'}
[0.512964] (sirgas_description) StdoutLine: {'line': b'-- Up-to-date symlink: /home/tamar/RBE594_ws/install/sirgas_description/share/ament_index/resource_index/parent_prefix_path/sirgas_description\n'}
[0.513366] (sirgas_description) StdoutLine: {'line': b'-- Up-to-date symlink: /home/tamar/RBE594_ws/install/sirgas_description/share/sirgas_description/environment/ament_prefix_path.sh\n'}
[0.513698] (sirgas_description) StdoutLine: {'line': b'-- Up-to-date symlink: /home/tamar/RBE594_ws/install/sirgas_description/share/sirgas_description/environment/ament_prefix_path.dsv\n'}
[0.514090] (sirgas_description) StdoutLine: {'line': b'-- Up-to-date symlink: /home/tamar/RBE594_ws/install/sirgas_description/share/sirgas_description/environment/path.sh\n'}
[0.514413] (sirgas_description) StdoutLine: {'line': b'-- Up-to-date symlink: /home/tamar/RBE594_ws/install/sirgas_description/share/sirgas_description/environment/path.dsv\n'}
[0.514739] (sirgas_description) StdoutLine: {'line': b'-- Up-to-date symlink: /home/tamar/RBE594_ws/install/sirgas_description/share/sirgas_description/local_setup.bash\n'}
[0.515151] (sirgas_description) StdoutLine: {'line': b'-- Up-to-date symlink: /home/tamar/RBE594_ws/install/sirgas_description/share/sirgas_description/local_setup.sh\n'}
[0.515458] (sirgas_description) StdoutLine: {'line': b'-- Up-to-date symlink: /home/tamar/RBE594_ws/install/sirgas_description/share/sirgas_description/local_setup.zsh\n'}
[0.515773] (sirgas_description) StdoutLine: {'line': b'-- Up-to-date symlink: /home/tamar/RBE594_ws/install/sirgas_description/share/sirgas_description/local_setup.dsv\n'}
[0.516084] (sirgas_description) StdoutLine: {'line': b'-- Symlinking: /home/tamar/RBE594_ws/install/sirgas_description/share/sirgas_description/package.dsv\n'}
[0.526325] (sirgas_description) StdoutLine: {'line': b'-- Up-to-date symlink: /home/tamar/RBE594_ws/install/sirgas_description/share/ament_index/resource_index/packages/sirgas_description\n'}
[0.526693] (sirgas_description) StdoutLine: {'line': b'-- Up-to-date symlink: /home/tamar/RBE594_ws/install/sirgas_description/share/sirgas_description/cmake/sirgas_descriptionConfig.cmake\n'}
[0.526914] (sirgas_description) StdoutLine: {'line': b'-- Up-to-date symlink: /home/tamar/RBE594_ws/install/sirgas_description/share/sirgas_description/cmake/sirgas_descriptionConfig-version.cmake\n'}
[0.527197] (sirgas_description) StdoutLine: {'line': b'-- Up-to-date symlink: /home/tamar/RBE594_ws/install/sirgas_description/share/sirgas_description/package.xml\n'}
[0.528889] (sirgas_description) CommandEnded: {'returncode': 0}
[0.544495] (sirgas_description) JobEnded: {'identifier': 'sirgas_description', 'rc': 0}
[0.600502] (-) TimerEvent: {}
[0.700714] (-) TimerEvent: {}
[0.800989] (-) TimerEvent: {}
[0.901254] (-) TimerEvent: {}
[0.989048] (sirgas_apriltag_detector) Command: {'cmd': ['/usr/bin/python3', '-W', 'ignore:setup.py install is deprecated', '-W', 'ignore:easy_install command is deprecated', 'setup.py', 'develop', '--editable', '--build-directory', '/home/tamar/RBE594_ws/build/sirgas_apriltag_detector/build', '--no-deps', 'symlink_data'], 'cwd': '/home/tamar/RBE594_ws/build/sirgas_apriltag_detector', 'env': {'GZ_SIM_RESOURCE_PATH': '/opt/ros/jazzy/share:/home/tamar/RBE594_ws/src/gazebo_apriltag/models', 'GZ_CONFIG_PATH': '/opt/ros/jazzy/opt/gz_sim_vendor/share/gz:/opt/ros/jazzy/opt/sdformat_vendor/share/gz:/opt/ros/jazzy/opt/gz_gui_vendor/share/gz:/opt/ros/jazzy/opt/gz_transport_vendor/share/gz:/opt/ros/jazzy/opt/gz_rendering_vendor/share/gz:/opt/ros/jazzy/opt/gz_plugin_vendor/share/gz:/opt/ros/jazzy/opt/gz_fuel_tools_vendor/share/gz:/opt/ros/jazzy/opt/gz_msgs_vendor/share/gz:/opt/ros/jazzy/opt/gz_common_vendor/share/gz', 'HOSTNAME': 'f35654c561c7', 'SHLVL': '1', 'LIBGL_ALWAYS_SOFTWARE': '1', 'LD_LIBRARY_PATH': '/opt/ros/jazzy/opt/gz_sim_vendor/lib:/opt/ros/jazzy/opt/gz_sensors_vendor/lib:/opt/ros/jazzy/opt/gz_physics_vendor/lib:/opt/ros/jazzy/opt/sdformat_vendor/lib:/opt/ros/jazzy/opt/rviz_ogre_vendor/lib:/opt/ros/jazzy/lib/x86_64-linux-gnu:/opt/ros/jazzy/opt/gz_gui_vendor/lib:/opt/ros/jazzy/opt/gz_transport_vendor/lib:/opt/ros/jazzy/opt/gz_rendering_vendor/lib:/opt/ros/jazzy/opt/gz_plugin_vendor/lib:/opt/ros/jazzy/opt/gz_fuel_tools_vendor/lib:/opt/ros/jazzy/opt/gz_msgs_vendor/lib:/opt/ros/jazzy/opt/gz_common_vendor/lib:/opt/ros/jazzy/opt/gz_math_vendor/lib:/opt/ros/jazzy/opt/gz_utils_vendor/lib:/opt/ros/jazzy/opt/gz_tools_vendor/lib:/opt/ros/jazzy/opt/gz_ogre_next_vendor/lib:/opt/ros/jazzy/opt/gz_dartsim_vendor/lib:/opt/ros/jazzy/opt/gz_cmake_vendor/lib:/opt/ros/jazzy/lib', 'HOME': '/home/tamar', 'OLDPWD': '/home/tamar/RBE594_ws/src/gazebo_apriltag', 'ROS_PYTHON_VERSION': '3', 'COLCON_PREFIX_PATH': '/home/tamar/RBE594_ws/install', 'ROS_DISTRO': 'jazzy', '_': '/usr/bin/colcon', 'ROS_VERSION': '2', 'TERM': 'xterm', 'GAZEBO_MODEL_PATH': ':/home/tamar/RBE594_ws/src/gazebo_apriltag/models', 'QT_X11_NO_MITSHM': '1', 'PATH': '/opt/ros/jazzy/opt/gz_msgs_vendor/bin:/opt/ros/jazzy/opt/gz_tools_vendor/bin:/opt/ros/jazzy/opt/gz_ogre_next_vendor/bin:/opt/ros/jazzy/bin:/usr/local/sbin:/usr/local/bin:/usr/sbin:/usr/bin:/sbin:/bin', 'DISPLAY': ':1', 'LANG': 'C.UTF-8', 'RMW_IMPLEMENTATION': 'rmw_cyclonedds_cpp', 'AMENT_PREFIX_PATH': '/home/tamar/RBE594_ws/install/sirgas_description:/home/tamar/RBE594_ws/install/sirgas_apriltag_detector:/home/tamar/RBE594_ws/install/custom_gear_controllers:/opt/ros/jazzy', 'ROS_AUTOMATIC_DISCOVERY_RANGE': 'SUBNET', 'PWD': '/home/tamar/RBE594_ws/build/sirgas_apriltag_detector', 'TURTLEBOT3_MODEL': 'waffle', 'LC_ALL': 'C.UTF-8', 'PYTHONPATH': '/home/tamar/RBE594_ws/build/sirgas_apriltag_detector/prefix_override:/usr/lib/python3/dist-packages/colcon_core/task/python/colcon_distutils_commands:/home/tamar/RBE594_ws/install/sirgas_apriltag_detector/lib/python3.12/site-packages:/home/tamar/RBE594_ws/build/sirgas_apriltag_detector:/home/tamar/RBE594_ws/install/sirgas_apriltag_detector/lib/python3.12/site-packages:/home/tamar/RBE594_ws/build/custom_gear_controllers:/home/tamar/RBE594_ws/install/custom_gear_controllers/lib/python3.12/site-packages:/opt/ros/jazzy/lib/python3.12/site-packages', 'NVIDIA_VISIBLE_DEVICES': 'all', 'COLCON': '1', 'CMAKE_PREFIX_PATH': '/home/tamar/RBE594_ws/install/sirgas_description:/opt/ros/jazzy/opt/gz_sim_vendor:/opt/ros/jazzy/opt/gz_sensors_vendor:/opt/ros/jazzy/opt/gz_physics_vendor:/opt/ros/jazzy/opt/sdformat_vendor:/opt/ros/jazzy/opt/gz_gui_vendor:/opt/ros/jazzy/opt/gz_transport_vendor:/opt/ros/jazzy/opt/gz_rendering_vendor:/opt/ros/jazzy/opt/gz_plugin_vendor:/opt/ros/jazzy/opt/gz_fuel_tools_vendor:/opt/ros/jazzy/opt/gz_msgs_vendor:/opt/ros/jazzy/opt/gz_common_vendor:/opt/ros/jazzy/opt/gz_math_vendor:/opt/ros/jazzy/opt/gz_utils_vendor:/opt/ros/jazzy/opt/gz_tools_vendor:/opt/ros/jazzy/opt/gz_ogre_next_vendor:/opt/ros/jazzy/opt/gz_dartsim_vendor:/opt/ros/jazzy/opt/gz_cmake_vendor'}, 'shell': False}
[0.992010] (custom_gear_controllers) Command: {'cmd': ['/usr/bin/python3', '-W', 'ignore:setup.py install is deprecated', '-W', 'ignore:easy_install command is deprecated', 'setup.py', 'develop', '--editable', '--build-directory', '/home/tamar/RBE594_ws/build/custom_gear_controllers/build', '--no-deps', 'symlink_data'], 'cwd': '/home/tamar/RBE594_ws/build/custom_gear_controllers', 'env': {'GZ_SIM_RESOURCE_PATH': '/opt/ros/jazzy/share:/home/tamar/RBE594_ws/src/gazebo_apriltag/models', 'GZ_CONFIG_PATH': '/opt/ros/jazzy/opt/gz_sim_vendor/share/gz:/opt/ros/jazzy/opt/sdformat_vendor/share/gz:/opt/ros/jazzy/opt/gz_gui_vendor/share/gz:/opt/ros/jazzy/opt/gz_transport_vendor/share/gz:/opt/ros/jazzy/opt/gz_rendering_vendor/share/gz:/opt/ros/jazzy/opt/gz_plugin_vendor/share/gz:/opt/ros/jazzy/opt/gz_fuel_tools_vendor/share/gz:/opt/ros/jazzy/opt/gz_msgs_vendor/share/gz:/opt/ros/jazzy/opt/gz_common_vendor/share/gz', 'HOSTNAME': 'f35654c561c7', 'SHLVL': '1', 'LIBGL_ALWAYS_SOFTWARE': '1', 'LD_LIBRARY_PATH': '/opt/ros/jazzy/opt/gz_sim_vendor/lib:/opt/ros/jazzy/opt/gz_sensors_vendor/lib:/opt/ros/jazzy/opt/gz_physics_vendor/lib:/opt/ros/jazzy/opt/sdformat_vendor/lib:/opt/ros/jazzy/opt/rviz_ogre_vendor/lib:/opt/ros/jazzy/lib/x86_64-linux-gnu:/opt/ros/jazzy/opt/gz_gui_vendor/lib:/opt/ros/jazzy/opt/gz_transport_vendor/lib:/opt/ros/jazzy/opt/gz_rendering_vendor/lib:/opt/ros/jazzy/opt/gz_plugin_vendor/lib:/opt/ros/jazzy/opt/gz_fuel_tools_vendor/lib:/opt/ros/jazzy/opt/gz_msgs_vendor/lib:/opt/ros/jazzy/opt/gz_common_vendor/lib:/opt/ros/jazzy/opt/gz_math_vendor/lib:/opt/ros/jazzy/opt/gz_utils_vendor/lib:/opt/ros/jazzy/opt/gz_tools_vendor/lib:/opt/ros/jazzy/opt/gz_ogre_next_vendor/lib:/opt/ros/jazzy/opt/gz_dartsim_vendor/lib:/opt/ros/jazzy/opt/gz_cmake_vendor/lib:/opt/ros/jazzy/lib', 'HOME': '/home/tamar', 'OLDPWD': '/home/tamar/RBE594_ws/src/gazebo_apriltag', 'ROS_PYTHON_VERSION': '3', 'COLCON_PREFIX_PATH': '/home/tamar/RBE594_ws/install', 'ROS_DISTRO': 'jazzy', '_': '/usr/bin/colcon', 'ROS_VERSION': '2', 'TERM': 'xterm', 'GAZEBO_MODEL_PATH': ':/home/tamar/RBE594_ws/src/gazebo_apriltag/models', 'QT_X11_NO_MITSHM': '1', 'PATH': '/opt/ros/jazzy/opt/gz_msgs_vendor/bin:/opt/ros/jazzy/opt/gz_tools_vendor/bin:/opt/ros/jazzy/opt/gz_ogre_next_vendor/bin:/opt/ros/jazzy/bin:/usr/local/sbin:/usr/local/bin:/usr/sbin:/usr/bin:/sbin:/bin', 'DISPLAY': ':1', 'LANG': 'C.UTF-8', 'RMW_IMPLEMENTATION': 'rmw_cyclonedds_cpp', 'AMENT_PREFIX_PATH': '/home/tamar/RBE594_ws/install/sirgas_description:/home/tamar/RBE594_ws/install/sirgas_apriltag_detector:/home/tamar/RBE594_ws/install/custom_gear_controllers:/opt/ros/jazzy', 'ROS_AUTOMATIC_DISCOVERY_RANGE': 'SUBNET', 'PWD': '/home/tamar/RBE594_ws/build/custom_gear_controllers', 'TURTLEBOT3_MODEL': 'waffle', 'LC_ALL': 'C.UTF-8', 'PYTHONPATH': '/home/tamar/RBE594_ws/build/custom_gear_controllers/prefix_override:/usr/lib/python3/dist-packages/colcon_core/task/python/colcon_distutils_commands:/home/tamar/RBE594_ws/install/custom_gear_controllers/lib/python3.12/site-packages:/home/tamar/RBE594_ws/build/sirgas_apriltag_detector:/home/tamar/RBE594_ws/install/sirgas_apriltag_detector/lib/python3.12/site-packages:/home/tamar/RBE594_ws/build/custom_gear_controllers:/home/tamar/RBE594_ws/install/custom_gear_controllers/lib/python3.12/site-packages:/opt/ros/jazzy/lib/python3.12/site-packages', 'NVIDIA_VISIBLE_DEVICES': 'all', 'COLCON': '1', 'CMAKE_PREFIX_PATH': '/home/tamar/RBE594_ws/install/sirgas_description:/opt/ros/jazzy/opt/gz_sim_vendor:/opt/ros/jazzy/opt/gz_sensors_vendor:/opt/ros/jazzy/opt/gz_physics_vendor:/opt/ros/jazzy/opt/sdformat_vendor:/opt/ros/jazzy/opt/gz_gui_vendor:/opt/ros/jazzy/opt/gz_transport_vendor:/opt/ros/jazzy/opt/gz_rendering_vendor:/opt/ros/jazzy/opt/gz_plugin_vendor:/opt/ros/jazzy/opt/gz_fuel_tools_vendor:/opt/ros/jazzy/opt/gz_msgs_vendor:/opt/ros/jazzy/opt/gz_common_vendor:/opt/ros/jazzy/opt/gz_math_vendor:/opt/ros/jazzy/opt/gz_utils_vendor:/opt/ros/jazzy/opt/gz_tools_vendor:/opt/ros/jazzy/opt/gz_ogre_next_vendor:/opt/ros/jazzy/opt/gz_dartsim_vendor:/opt/ros/jazzy/opt/gz_cmake_vendor'}, 'shell': False}
[1.001349] (-) TimerEvent: {}
[1.101591] (-) TimerEvent: {}
[1.201851] (-) TimerEvent: {}
[1.283728] (sirgas_apriltag_detector) StdoutLine: {'line': b'running develop\n'}
[1.293360] (custom_gear_controllers) StdoutLine: {'line': b'running develop\n'}
[1.301943] (-) TimerEvent: {}
[1.402186] (-) TimerEvent: {}
[1.473360] (sirgas_apriltag_detector) StdoutLine: {'line': b'running egg_info\n'}
[1.486866] (custom_gear_controllers) StdoutLine: {'line': b'running egg_info\n'}
[1.491374] (sirgas_apriltag_detector) StdoutLine: {'line': b'writing sirgas_apriltag_detector.egg-info/PKG-INFO\n'}
[1.491632] (sirgas_apriltag_detector) StdoutLine: {'line': b'writing dependency_links to sirgas_apriltag_detector.egg-info/dependency_links.txt\n'}
[1.491820] (sirgas_apriltag_detector) StdoutLine: {'line': b'writing entry points to sirgas_apriltag_detector.egg-info/entry_points.txt\n'}
[1.492064] (sirgas_apriltag_detector) StdoutLine: {'line': b'writing requirements to sirgas_apriltag_detector.egg-info/requires.txt\n'}
[1.492225] (sirgas_apriltag_detector) StdoutLine: {'line': b'writing top-level names to sirgas_apriltag_detector.egg-info/top_level.txt\n'}
[1.502286] (-) TimerEvent: {}
[1.506013] (custom_gear_controllers) StdoutLine: {'line': b'writing custom_gear_controllers.egg-info/PKG-INFO\n'}
[1.506471] (custom_gear_controllers) StdoutLine: {'line': b'writing dependency_links to custom_gear_controllers.egg-info/dependency_links.txt\n'}
[1.506850] (custom_gear_controllers) StdoutLine: {'line': b'writing entry points to custom_gear_controllers.egg-info/entry_points.txt\n'}
[1.507261] (custom_gear_controllers) StdoutLine: {'line': b'writing requirements to custom_gear_controllers.egg-info/requires.txt\n'}
[1.507402] (custom_gear_controllers) StdoutLine: {'line': b'writing top-level names to custom_gear_controllers.egg-info/top_level.txt\n'}
[1.531279] (sirgas_apriltag_detector) StdoutLine: {'line': b"reading manifest file 'sirgas_apriltag_detector.egg-info/SOURCES.txt'\n"}
[1.532040] (sirgas_apriltag_detector) StdoutLine: {'line': b"writing manifest file 'sirgas_apriltag_detector.egg-info/SOURCES.txt'\n"}
[1.544976] (custom_gear_controllers) StdoutLine: {'line': b"reading manifest file 'custom_gear_controllers.egg-info/SOURCES.txt'\n"}
[1.545810] (custom_gear_controllers) StdoutLine: {'line': b"writing manifest file 'custom_gear_controllers.egg-info/SOURCES.txt'\n"}
[1.550501] (sirgas_apriltag_detector) StdoutLine: {'line': b'running build_ext\n'}
[1.550716] (sirgas_apriltag_detector) StdoutLine: {'line': b'Creating /home/tamar/RBE594_ws/install/sirgas_apriltag_detector/lib/python3.12/site-packages/sirgas-apriltag-detector.egg-link (link to .)\n'}
[1.551331] (sirgas_apriltag_detector) StdoutLine: {'line': b'Installing apriltag_detector script to /home/tamar/RBE594_ws/install/sirgas_apriltag_detector/lib/sirgas_apriltag_detector\n'}
[1.551644] (sirgas_apriltag_detector) StdoutLine: {'line': b'\n'}
[1.551849] (sirgas_apriltag_detector) StdoutLine: {'line': b'Installed /home/tamar/RBE594_ws/build/sirgas_apriltag_detector\n'}
[1.551986] (sirgas_apriltag_detector) StdoutLine: {'line': b'running symlink_data\n'}
[1.565238] (custom_gear_controllers) StdoutLine: {'line': b'running build_ext\n'}
[1.565441] (custom_gear_controllers) StdoutLine: {'line': b'Creating /home/tamar/RBE594_ws/install/custom_gear_controllers/lib/python3.12/site-packages/custom-gear-controllers.egg-link (link to .)\n'}
[1.566094] (custom_gear_controllers) StdoutLine: {'line': b'\n'}
[1.566274] (custom_gear_controllers) StdoutLine: {'line': b'Installed /home/tamar/RBE594_ws/build/custom_gear_controllers\n'}
[1.566501] (custom_gear_controllers) StdoutLine: {'line': b'running symlink_data\n'}
[1.574842] (sirgas_apriltag_detector) CommandEnded: {'returncode': 0}
[1.582084] (sirgas_apriltag_detector) JobEnded: {'identifier': 'sirgas_apriltag_detector', 'rc': 0}
[1.595180] (custom_gear_controllers) CommandEnded: {'returncode': 0}
[1.601899] (custom_gear_controllers) JobEnded: {'identifier': 'custom_gear_controllers', 'rc': 0}
[1.602772] (-) TimerEvent: {}
[1.602841] (-) EventReactorShutdown: {}
