[0mCMake Deprecation Warning at CMakeLists.txt:1 (cmake_minimum_required):
  Compatibility with CMake < 3.10 will be removed from a future version of
  CMake.

  Update the VERSION argument <min> value.  Or, use the <min>...<max> syntax
  to tell CMake that the project requires at least <min> but has been updated
  to work with policies introduced by <max> or earlier.

[0m
-- Found ament_cmake: 1.3.11 (/opt/ros/humble/share/ament_cmake/cmake)
-- Override CMake install command with custom implementation using symlinks instead of copying resources
-- Found angles: 1.15.0 (/opt/ros/humble/share/angles/cmake)
-- Found controller_interface: 2.49.0 (/opt/ros/humble/share/controller_interface/cmake)
-- Found rosidl_generator_c: 3.1.6 (/opt/ros/humble/share/rosidl_generator_c/cmake)
-- Found rosidl_adapter: 3.1.6 (/opt/ros/humble/share/rosidl_adapter/cmake)
-- Found rosidl_generator_cpp: 3.1.6 (/opt/ros/humble/share/rosidl_generator_cpp/cmake)
-- Using all available rosidl_typesupport_c: rosidl_typesupport_fastrtps_c;rosidl_typesupport_introspection_c
-- Using all available rosidl_typesupport_cpp: rosidl_typesupport_fastrtps_cpp;rosidl_typesupport_introspection_cpp
-- Found rmw_implementation_cmake: 6.1.2 (/opt/ros/humble/share/rmw_implementation_cmake/cmake)
-- Found rmw_cyclonedds_cpp: 1.3.4 (/opt/ros/humble/share/rmw_cyclonedds_cpp/cmake)
-- Using RMW implementation 'rmw_cyclonedds_cpp' as default
-- Found joint_trajectory_controller: 2.43.0 (/opt/ros/humble/share/joint_trajectory_controller/cmake)
-- Found std_srvs: 4.8.0 (/opt/ros/humble/share/std_srvs/cmake)
-- Found tf2_geometry_msgs: 0.25.12 (/opt/ros/humble/share/tf2_geometry_msgs/cmake)
-- Found eigen3_cmake_module: 0.1.1 (/opt/ros/humble/share/eigen3_cmake_module/cmake)
-- Ensuring Eigen3 include directory is part of orocos-kdl CMake target
-- Found ur_dashboard_msgs: 2.8.1 (/home/tamar/RBE594_ws/install/ur_dashboard_msgs/share/ur_dashboard_msgs/cmake)
-- Found ur_msgs: 2.2.0 (/home/tamar/RBE594_ws/install/ur_msgs/share/ur_msgs/cmake)
-- Found ament_cmake_gmock: 1.3.11 (/opt/ros/humble/share/ament_cmake_gmock/cmake)
-- Found controller_manager: 2.49.0 (/opt/ros/humble/share/controller_manager/cmake)
-- Found ros2_control_test_assets: 2.49.0 (/opt/ros/humble/share/ros2_control_test_assets/cmake)
-- Found gmock sources under '/opt/ros/humble/src/gmock_vendor': C++ tests using 'Google Mock' will be built
[0mCMake Deprecation Warning at /opt/ros/humble/src/gmock_vendor/CMakeLists.txt:2 (cmake_minimum_required):
  Compatibility with CMake < 3.10 will be removed from a future version of
  CMake.

  Update the VERSION argument <min> value.  Or, use the <min>...<max> syntax
  to tell CMake that the project requires at least <min> but has been updated
  to work with policies introduced by <max> or earlier.

[0m
-- Found ament_cmake_gtest: 1.3.11 (/opt/ros/humble/share/ament_cmake_gtest/cmake)
-- Found gtest sources under '/opt/ros/humble/src/gtest_vendor': C++ tests using 'Google Test' will be built
[0mCMake Deprecation Warning at /opt/ros/humble/src/gtest_vendor/CMakeLists.txt:2 (cmake_minimum_required):
  Compatibility with CMake < 3.10 will be removed from a future version of
  CMake.

  Update the VERSION argument <min> value.  Or, use the <min>...<max> syntax
  to tell CMake that the project requires at least <min> but has been updated
  to work with policies introduced by <max> or earlier.

[0m
-- Configuring done (0.5s)
-- Generating done (0.1s)
-- Build files have been written to: /home/tamar/RBE594_ws/build/ur_controllers
[  2%] [1m[34mRunning `/opt/ros/humble/bin/generate_parameter_library_cpp /home/tamar/RBE594_ws/build/ur_controllers/include/ur_controllers/gpio_controller_parameters.hpp /home/tamar/RBE594_ws/src/Universal_Robots_ROS2_Driver/ur_controllers/src/gpio_controller_parameters.yaml `[0m
[  5%] [1m[34mRunning `/opt/ros/humble/bin/generate_parameter_library_cpp /home/tamar/RBE594_ws/build/ur_controllers/include/ur_controllers/tool_contact_controller_parameters.hpp /home/tamar/RBE594_ws/src/Universal_Robots_ROS2_Driver/ur_controllers/src/tool_contact_controller_parameters.yaml `[0m
[  8%] [32mBuilding CXX object gmock/CMakeFiles/gmock.dir/opt/ros/humble/src/gtest_vendor/src/gtest-all.cc.o[0m
[ 11%] [32mBuilding CXX object gmock/CMakeFiles/gmock.dir/src/gmock-all.cc.o[0m
[ 14%] [1m[34mRunning `/opt/ros/humble/bin/generate_parameter_library_cpp /home/tamar/RBE594_ws/build/ur_controllers/include/ur_controllers/ur_configuration_controller_parameters.hpp /home/tamar/RBE594_ws/src/Universal_Robots_ROS2_Driver/ur_controllers/src/ur_configuration_controller_parameters.yaml `[0m
[ 17%] [1m[34mRunning `/opt/ros/humble/bin/generate_parameter_library_cpp /home/tamar/RBE594_ws/build/ur_controllers/include/ur_controllers/force_mode_controller_parameters.hpp /home/tamar/RBE594_ws/src/Universal_Robots_ROS2_Driver/ur_controllers/src/force_mode_controller_parameters.yaml `[0m
[ 20%] [1m[34mRunning `/opt/ros/humble/bin/generate_parameter_library_cpp /home/tamar/RBE594_ws/build/ur_controllers/include/ur_controllers/speed_scaling_state_broadcaster_parameters.hpp /home/tamar/RBE594_ws/src/Universal_Robots_ROS2_Driver/ur_controllers/src/speed_scaling_state_broadcaster_parameters.yaml `[0m
[ 23%] [1m[34mRunning `/opt/ros/humble/bin/generate_parameter_library_cpp /home/tamar/RBE594_ws/build/ur_controllers/include/ur_controllers/freedrive_mode_controller_parameters.hpp /home/tamar/RBE594_ws/src/Universal_Robots_ROS2_Driver/ur_controllers/src/freedrive_mode_controller_parameters.yaml `[0m
[ 26%] [1m[34mRunning `/opt/ros/humble/bin/generate_parameter_library_cpp /home/tamar/RBE594_ws/build/ur_controllers/include/ur_controllers/scaled_joint_trajectory_controller_parameters.hpp /home/tamar/RBE594_ws/src/Universal_Robots_ROS2_Driver/ur_controllers/src/scaled_joint_trajectory_controller_parameters.yaml `[0m
[ 29%] [1m[34mRunning `/opt/ros/humble/bin/generate_parameter_library_cpp /home/tamar/RBE594_ws/build/ur_controllers/include/ur_controllers/passthrough_trajectory_controller_parameters.hpp /home/tamar/RBE594_ws/src/Universal_Robots_ROS2_Driver/ur_controllers/src/passthrough_trajectory_controller_parameters.yaml `[0m
[ 32%] [32mBuilding CXX object gmock/CMakeFiles/gmock_main.dir/src/gmock_main.cc.o[0m
[ 35%] [1m[34mCreating deprecated header file /home/tamar/RBE594_ws/build/ur_controllers/include/ur_configuration_controller_parameters.hpp[0m
[ 38%] [1m[34mCreating deprecated header file /home/tamar/RBE594_ws/build/ur_controllers/include/gpio_controller_parameters.hpp[0m
[ 44%] [1m[34mCreating deprecated header file /home/tamar/RBE594_ws/build/ur_controllers/include/force_mode_controller_parameters.hpp[0m
[ 44%] [1m[34mCreating deprecated header file /home/tamar/RBE594_ws/build/ur_controllers/include/tool_contact_controller_parameters.hpp[0m
[ 47%] [1m[34mCreating deprecated header file /home/tamar/RBE594_ws/build/ur_controllers/include/scaled_joint_trajectory_controller_parameters.hpp[0m
[ 47%] [0mBuilt target ur_configuration_controller_parameters[0m
[ 50%] [1m[34mCreating deprecated header file /home/tamar/RBE594_ws/build/ur_controllers/include/speed_scaling_state_broadcaster_parameters.hpp[0m
[ 50%] [0mBuilt target force_mode_controller_parameters[0m
[ 50%] [0mBuilt target gpio_controller_parameters[0m
[ 50%] [0mBuilt target tool_contact_controller_parameters[0m
[ 50%] [0mBuilt target scaled_joint_trajectory_controller_parameters[0m
[ 52%] [1m[34mCreating deprecated header file /home/tamar/RBE594_ws/build/ur_controllers/include/freedrive_mode_controller_parameters.hpp[0m
[ 55%] [0mBuilt target speed_scaling_state_broadcaster_parameters[0m
[ 55%] [1m[34mCreating deprecated header file /home/tamar/RBE594_ws/build/ur_controllers/include/passthrough_trajectory_controller_parameters.hpp[0m
[ 55%] [0mBuilt target freedrive_mode_controller_parameters[0m
[ 55%] [0mBuilt target passthrough_trajectory_controller_parameters[0m
[ 61%] [32mBuilding CXX object CMakeFiles/ur_controllers.dir/src/tool_contact_controller.cpp.o[0m
[ 61%] [32mBuilding CXX object CMakeFiles/ur_controllers.dir/src/force_mode_controller.cpp.o[0m
[ 70%] [32mBuilding CXX object CMakeFiles/ur_controllers.dir/src/scaled_joint_trajectory_controller.cpp.o[0m
[ 70%] [32mBuilding CXX object CMakeFiles/ur_controllers.dir/src/ur_configuration_controller.cpp.o[0m
[ 70%] [32mBuilding CXX object CMakeFiles/ur_controllers.dir/src/passthrough_trajectory_controller.cpp.o[0m
[ 73%] [32mBuilding CXX object CMakeFiles/ur_controllers.dir/src/speed_scaling_state_broadcaster.cpp.o[0m
[ 76%] [32mBuilding CXX object CMakeFiles/ur_controllers.dir/src/freedrive_mode_controller.cpp.o[0m
[ 79%] [32mBuilding CXX object CMakeFiles/ur_controllers.dir/src/gpio_controller.cpp.o[0m
[ 82%] [1m[32mLinking CXX static library libgmock_main.a[0m
[ 82%] [0mBuilt target gmock_main[0m
[ 85%] [1m[32mLinking CXX static library libgmock.a[0m
[ 85%] [0mBuilt target gmock[0m
[01m[K/home/tamar/RBE594_ws/src/Universal_Robots_ROS2_Driver/ur_controllers/src/scaled_joint_trajectory_controller.cpp:[m[K In member function ‘[01m[Kvirtual controller_interface::return_type ur_controllers::ScaledJointTrajectoryController::update(const rclcpp::Time&, const rclcpp::Duration&)[m[K’:
[01m[K/home/tamar/RBE594_ws/src/Universal_Robots_ROS2_Driver/ur_controllers/src/scaled_joint_trajectory_controller.cpp:140:74:[m[K [01;31m[Kerror: [m[Kno match for ‘[01m[Koperator&&[m[K’ (operand types are ‘[01m[Krealtime_tools::RealtimeBuffer<bool>[m[K’ and ‘[01m[Kbool[m[K’)
  140 |   if (current_external_msg != *new_external_msg && ([32m[Krt_has_pending_goal_[m[K [01;31m[K&&[m[K [34m[K!active_goal[m[K) == false) {
      |                                                     [32m[K~~~~~~~~~~~~~~~~~~~~[m[K [01;31m[K^~[m[K [34m[K~~~~~~~~~~~~[m[K
      |                                                     [32m[K|[m[K                       [34m[K|[m[K
      |                                                     [32m[K|[m[K                       [34m[Kbool[m[K
      |                                                     [32m[Krealtime_tools::RealtimeBuffer<bool>[m[K
[01m[K/home/tamar/RBE594_ws/src/Universal_Robots_ROS2_Driver/ur_controllers/src/scaled_joint_trajectory_controller.cpp:140:74:[m[K [01;36m[Knote: [m[Kcandidate: ‘[01m[Koperator&&(bool, bool)[m[K’ (built-in)
  140 |   if (current_external_msg != *new_external_msg && ([01;36m[Krt_has_pending_goal_ && !active_goal[m[K) == false) {
      |                                                     [01;36m[K~~~~~~~~~~~~~~~~~~~~~^~~~~~~~~~~~~~~[m[K
[01m[K/home/tamar/RBE594_ws/src/Universal_Robots_ROS2_Driver/ur_controllers/src/scaled_joint_trajectory_controller.cpp:140:74:[m[K [01;36m[Knote: [m[K  no known conversion for argument 1 from ‘[01m[Krealtime_tools::RealtimeBuffer<bool>[m[K’ to ‘[01m[Kbool[m[K’
[01m[K/home/tamar/RBE594_ws/src/Universal_Robots_ROS2_Driver/ur_controllers/src/scaled_joint_trajectory_controller.cpp:207:33:[m[K [01;31m[Kerror: [m[Kno match for ‘[01m[Koperator![m[K’ (operand type is ‘[01m[Krealtime_tools::RealtimeBuffer<bool>[m[K’)
  207 |       if (!before_last_point && [01;31m[K!rt_is_holding_[m[K && cmd_timeout_ > 0.0 && time_difference > cmd_timeout_) {
      |                                 [01;31m[K^~~~~~~~~~~~~~~[m[K
[01m[K/home/tamar/RBE594_ws/src/Universal_Robots_ROS2_Driver/ur_controllers/src/scaled_joint_trajectory_controller.cpp:207:33:[m[K [01;36m[Knote: [m[Kcandidate: ‘[01m[Koperator!(bool)[m[K’ (built-in)
[01m[K/home/tamar/RBE594_ws/src/Universal_Robots_ROS2_Driver/ur_controllers/src/scaled_joint_trajectory_controller.cpp:207:33:[m[K [01;36m[Knote: [m[K  no known conversion for argument 1 from ‘[01m[Krealtime_tools::RealtimeBuffer<bool>[m[K’ to ‘[01m[Kbool[m[K’
In file included from [01m[K/opt/ros/humble/include/libstatistics_collector/libstatistics_collector/moving_average_statistics/moving_average.hpp:30[m[K,
                 from [01m[K/opt/ros/humble/include/libstatistics_collector/libstatistics_collector/collector/collector.hpp:22[m[K,
                 from [01m[K/opt/ros/humble/include/libstatistics_collector/libstatistics_collector/topic_statistics_collector/topic_statistics_collector.hpp:24[m[K,
                 from [01m[K/opt/ros/humble/include/libstatistics_collector/libstatistics_collector/topic_statistics_collector/received_message_age.hpp:26[m[K,
                 from [01m[K/opt/ros/humble/include/rclcpp/rclcpp/topic_statistics/subscription_topic_statistics.hpp:26[m[K,
                 from [01m[K/opt/ros/humble/include/rclcpp/rclcpp/subscription.hpp:50[m[K,
                 from [01m[K/opt/ros/humble/include/rclcpp/rclcpp/any_executable.hpp:25[m[K,
                 from [01m[K/opt/ros/humble/include/rclcpp/rclcpp/memory_strategy.hpp:25[m[K,
                 from [01m[K/opt/ros/humble/include/rclcpp/rclcpp/memory_strategies.hpp:18[m[K,
                 from [01m[K/opt/ros/humble/include/rclcpp/rclcpp/executor_options.hpp:20[m[K,
                 from [01m[K/opt/ros/humble/include/rclcpp/rclcpp/executor.hpp:37[m[K,
                 from [01m[K/opt/ros/humble/include/rclcpp/rclcpp/executors/multi_threaded_executor.hpp:25[m[K,
                 from [01m[K/opt/ros/humble/include/rclcpp/rclcpp/executors.hpp:21[m[K,
                 from [01m[K/opt/ros/humble/include/rclcpp/rclcpp/rclcpp.hpp:155[m[K,
                 from [01m[K/opt/ros/humble/include/controller_interface/controller_interface_base.hpp:28[m[K,
                 from [01m[K/opt/ros/humble/include/controller_interface/controller_interface.hpp:22[m[K,
                 from [01m[K/opt/ros/humble/include/joint_trajectory_controller/joint_trajectory_controller/joint_trajectory_controller.hpp:28[m[K,
                 from [01m[K/home/tamar/RBE594_ws/src/Universal_Robots_ROS2_Driver/ur_controllers/include/ur_controllers/scaled_joint_trajectory_controller.hpp:43[m[K,
                 from [01m[K/home/tamar/RBE594_ws/src/Universal_Robots_ROS2_Driver/ur_controllers/src/scaled_joint_trajectory_controller.cpp:41[m[K:
[01m[K/opt/ros/humble/include/rcpputils/rcpputils/thread_safety_annotations.hpp:55:27:[m[K [01;36m[Knote: [m[Kcandidate: ‘[01m[Kconst std::mutex& operator!(const std::mutex&)[m[K’
   55 | inline const std::mutex & [01;36m[Koperator[m[K!(const std::mutex & a)
      |                           [01;36m[K^~~~~~~~[m[K
[01m[K/opt/ros/humble/include/rcpputils/rcpputils/thread_safety_annotations.hpp:55:56:[m[K [01;36m[Knote: [m[K  no known conversion for argument 1 from ‘[01m[Krealtime_tools::RealtimeBuffer<bool>[m[K’ to ‘[01m[Kconst std::mutex&[m[K’
   55 | inline const std::mutex & operator!([01;36m[Kconst std::mutex & a[m[K)
      |                                     [01;36m[K~~~~~~~~~~~~~~~~~~~^[m[K
[01m[K/home/tamar/RBE594_ws/src/Universal_Robots_ROS2_Driver/ur_controllers/src/scaled_joint_trajectory_controller.cpp:221:52:[m[K [01;31m[Kerror: [m[Kno match for ‘[01m[Koperator![m[K’ (operand type is ‘[01m[Krealtime_tools::RealtimeBuffer<bool>[m[K’)
  221 |         if ((before_last_point || first_sample) && [01;31m[K!rt_is_holding_[m[K &&
      |                                                    [01;31m[K^~~~~~~~~~~~~~~[m[K
[01m[K/home/tamar/RBE594_ws/src/Universal_Robots_ROS2_Driver/ur_controllers/src/scaled_joint_trajectory_controller.cpp:221:52:[m[K [01;36m[Knote: [m[Kcandidate: ‘[01m[Koperator!(bool)[m[K’ (built-in)
[01m[K/home/tamar/RBE594_ws/src/Universal_Robots_ROS2_Driver/ur_controllers/src/scaled_joint_trajectory_controller.cpp:221:52:[m[K [01;36m[Knote: [m[K  no known conversion for argument 1 from ‘[01m[Krealtime_tools::RealtimeBuffer<bool>[m[K’ to ‘[01m[Kbool[m[K’
In file included from [01m[K/opt/ros/humble/include/libstatistics_collector/libstatistics_collector/moving_average_statistics/moving_average.hpp:30[m[K,
                 from [01m[K/opt/ros/humble/include/libstatistics_collector/libstatistics_collector/collector/collector.hpp:22[m[K,
                 from [01m[K/opt/ros/humble/include/libstatistics_collector/libstatistics_collector/topic_statistics_collector/topic_statistics_collector.hpp:24[m[K,
                 from [01m[K/opt/ros/humble/include/libstatistics_collector/libstatistics_collector/topic_statistics_collector/received_message_age.hpp:26[m[K,
                 from [01m[K/opt/ros/humble/include/rclcpp/rclcpp/topic_statistics/subscription_topic_statistics.hpp:26[m[K,
                 from [01m[K/opt/ros/humble/include/rclcpp/rclcpp/subscription.hpp:50[m[K,
                 from [01m[K/opt/ros/humble/include/rclcpp/rclcpp/any_executable.hpp:25[m[K,
                 from [01m[K/opt/ros/humble/include/rclcpp/rclcpp/memory_strategy.hpp:25[m[K,
                 from [01m[K/opt/ros/humble/include/rclcpp/rclcpp/memory_strategies.hpp:18[m[K,
                 from [01m[K/opt/ros/humble/include/rclcpp/rclcpp/executor_options.hpp:20[m[K,
                 from [01m[K/opt/ros/humble/include/rclcpp/rclcpp/executor.hpp:37[m[K,
                 from [01m[K/opt/ros/humble/include/rclcpp/rclcpp/executors/multi_threaded_executor.hpp:25[m[K,
                 from [01m[K/opt/ros/humble/include/rclcpp/rclcpp/executors.hpp:21[m[K,
                 from [01m[K/opt/ros/humble/include/rclcpp/rclcpp/rclcpp.hpp:155[m[K,
                 from [01m[K/opt/ros/humble/include/controller_interface/controller_interface_base.hpp:28[m[K,
                 from [01m[K/opt/ros/humble/include/controller_interface/controller_interface.hpp:22[m[K,
                 from [01m[K/opt/ros/humble/include/joint_trajectory_controller/joint_trajectory_controller/joint_trajectory_controller.hpp:28[m[K,
                 from [01m[K/home/tamar/RBE594_ws/src/Universal_Robots_ROS2_Driver/ur_controllers/include/ur_controllers/scaled_joint_trajectory_controller.hpp:43[m[K,
                 from [01m[K/home/tamar/RBE594_ws/src/Universal_Robots_ROS2_Driver/ur_controllers/src/scaled_joint_trajectory_controller.cpp:41[m[K:
[01m[K/opt/ros/humble/include/rcpputils/rcpputils/thread_safety_annotations.hpp:55:27:[m[K [01;36m[Knote: [m[Kcandidate: ‘[01m[Kconst std::mutex& operator!(const std::mutex&)[m[K’
   55 | inline const std::mutex & [01;36m[Koperator[m[K!(const std::mutex & a)
      |                           [01;36m[K^~~~~~~~[m[K
[01m[K/opt/ros/humble/include/rcpputils/rcpputils/thread_safety_annotations.hpp:55:56:[m[K [01;36m[Knote: [m[K  no known conversion for argument 1 from ‘[01m[Krealtime_tools::RealtimeBuffer<bool>[m[K’ to ‘[01m[Kconst std::mutex&[m[K’
   55 | inline const std::mutex & operator!([01;36m[Kconst std::mutex & a[m[K)
      |                                     [01;36m[K~~~~~~~~~~~~~~~~~~~^[m[K
[01m[K/home/tamar/RBE594_ws/src/Universal_Robots_ROS2_Driver/ur_controllers/src/scaled_joint_trajectory_controller.cpp:227:35:[m[K [01;31m[Kerror: [m[Kno match for ‘[01m[Koperator![m[K’ (operand type is ‘[01m[Krealtime_tools::RealtimeBuffer<bool>[m[K’)
  227 |         if (!before_last_point && [01;31m[K!rt_is_holding_[m[K &&
      |                                   [01;31m[K^~~~~~~~~~~~~~~[m[K
[01m[K/home/tamar/RBE594_ws/src/Universal_Robots_ROS2_Driver/ur_controllers/src/scaled_joint_trajectory_controller.cpp:227:35:[m[K [01;36m[Knote: [m[Kcandidate: ‘[01m[Koperator!(bool)[m[K’ (built-in)
[01m[K/home/tamar/RBE594_ws/src/Universal_Robots_ROS2_Driver/ur_controllers/src/scaled_joint_trajectory_controller.cpp:227:35:[m[K [01;36m[Knote: [m[K  no known conversion for argument 1 from ‘[01m[Krealtime_tools::RealtimeBuffer<bool>[m[K’ to ‘[01m[Kbool[m[K’
In file included from [01m[K/opt/ros/humble/include/libstatistics_collector/libstatistics_collector/moving_average_statistics/moving_average.hpp:30[m[K,
                 from [01m[K/opt/ros/humble/include/libstatistics_collector/libstatistics_collector/collector/collector.hpp:22[m[K,
                 from [01m[K/opt/ros/humble/include/libstatistics_collector/libstatistics_collector/topic_statistics_collector/topic_statistics_collector.hpp:24[m[K,
                 from [01m[K/opt/ros/humble/include/libstatistics_collector/libstatistics_collector/topic_statistics_collector/received_message_age.hpp:26[m[K,
                 from [01m[K/opt/ros/humble/include/rclcpp/rclcpp/topic_statistics/subscription_topic_statistics.hpp:26[m[K,
                 from [01m[K/opt/ros/humble/include/rclcpp/rclcpp/subscription.hpp:50[m[K,
                 from [01m[K/opt/ros/humble/include/rclcpp/rclcpp/any_executable.hpp:25[m[K,
                 from [01m[K/opt/ros/humble/include/rclcpp/rclcpp/memory_strategy.hpp:25[m[K,
                 from [01m[K/opt/ros/humble/include/rclcpp/rclcpp/memory_strategies.hpp:18[m[K,
                 from [01m[K/opt/ros/humble/include/rclcpp/rclcpp/executor_options.hpp:20[m[K,
                 from [01m[K/opt/ros/humble/include/rclcpp/rclcpp/executor.hpp:37[m[K,
                 from [01m[K/opt/ros/humble/include/rclcpp/rclcpp/executors/multi_threaded_executor.hpp:25[m[K,
                 from [01m[K/opt/ros/humble/include/rclcpp/rclcpp/executors.hpp:21[m[K,
                 from [01m[K/opt/ros/humble/include/rclcpp/rclcpp/rclcpp.hpp:155[m[K,
                 from [01m[K/opt/ros/humble/include/controller_interface/controller_interface_base.hpp:28[m[K,
                 from [01m[K/opt/ros/humble/include/controller_interface/controller_interface.hpp:22[m[K,
                 from [01m[K/opt/ros/humble/include/joint_trajectory_controller/joint_trajectory_controller/joint_trajectory_controller.hpp:28[m[K,
                 from [01m[K/home/tamar/RBE594_ws/src/Universal_Robots_ROS2_Driver/ur_controllers/include/ur_controllers/scaled_joint_trajectory_controller.hpp:43[m[K,
                 from [01m[K/home/tamar/RBE594_ws/src/Universal_Robots_ROS2_Driver/ur_controllers/src/scaled_joint_trajectory_controller.cpp:41[m[K:
[01m[K/opt/ros/humble/include/rcpputils/rcpputils/thread_safety_annotations.hpp:55:27:[m[K [01;36m[Knote: [m[Kcandidate: ‘[01m[Kconst std::mutex& operator!(const std::mutex&)[m[K’
   55 | inline const std::mutex & [01;36m[Koperator[m[K!(const std::mutex & a)
      |                           [01;36m[K^~~~~~~~[m[K
[01m[K/opt/ros/humble/include/rcpputils/rcpputils/thread_safety_annotations.hpp:55:56:[m[K [01;36m[Knote: [m[K  no known conversion for argument 1 from ‘[01m[Krealtime_tools::RealtimeBuffer<bool>[m[K’ to ‘[01m[Kconst std::mutex&[m[K’
   55 | inline const std::mutex & operator!([01;36m[Kconst std::mutex & a[m[K)
      |                                     [01;36m[K~~~~~~~~~~~~~~~~~~~^[m[K
[01m[K/home/tamar/RBE594_ws/src/Universal_Robots_ROS2_Driver/ur_controllers/src/scaled_joint_trajectory_controller.cpp:297:34:[m[K [01;31m[Kerror: [m[Kno match for ‘[01m[Koperator=[m[K’ (operand types are ‘[01m[Krealtime_tools::RealtimeBuffer<bool>[m[K’ and ‘[01m[Kbool[m[K’)
  297 |           rt_has_pending_goal_ = [01;31m[Kfalse[m[K;
      |                                  [01;31m[K^~~~~[m[K
In file included from [01m[K/opt/ros/humble/include/control_toolbox/control_toolbox/pid.hpp:41[m[K,
                 from [01m[K/opt/ros/humble/include/joint_trajectory_controller/joint_trajectory_controller/joint_trajectory_controller.hpp:27[m[K,
                 from [01m[K/home/tamar/RBE594_ws/src/Universal_Robots_ROS2_Driver/ur_controllers/include/ur_controllers/scaled_joint_trajectory_controller.hpp:43[m[K,
                 from [01m[K/home/tamar/RBE594_ws/src/Universal_Robots_ROS2_Driver/ur_controllers/src/scaled_joint_trajectory_controller.cpp:41[m[K:
[01m[K/opt/ros/humble/include/realtime_tools/realtime_tools/realtime_buffer.hpp:88:20:[m[K [01;36m[Knote: [m[Kcandidate: ‘[01m[Krealtime_tools::RealtimeBuffer<T>& realtime_tools::RealtimeBuffer<T>::operator=(const realtime_tools::RealtimeBuffer<T>&) [with T = bool][m[K’
   88 |   RealtimeBuffer & [01;36m[Koperator[m[K=(const RealtimeBuffer & source)
      |                    [01;36m[K^~~~~~~~[m[K
[01m[K/opt/ros/humble/include/realtime_tools/realtime_tools/realtime_buffer.hpp:88:53:[m[K [01;36m[Knote: [m[K  no known conversion for argument 1 from ‘[01m[Kbool[m[K’ to ‘[01m[Kconst realtime_tools::RealtimeBuffer<bool>&[m[K’
   88 |   RealtimeBuffer & operator=([01;36m[Kconst RealtimeBuffer & source[m[K)
      |                              [01;36m[K~~~~~~~~~~~~~~~~~~~~~~~^~~~~~[m[K
[01m[K/home/tamar/RBE594_ws/src/Universal_Robots_ROS2_Driver/ur_controllers/src/scaled_joint_trajectory_controller.cpp:313:36:[m[K [01;31m[Kerror: [m[Kno match for ‘[01m[Koperator=[m[K’ (operand types are ‘[01m[Krealtime_tools::RealtimeBuffer<bool>[m[K’ and ‘[01m[Kbool[m[K’)
  313 |             rt_has_pending_goal_ = [01;31m[Kfalse[m[K;
      |                                    [01;31m[K^~~~~[m[K
In file included from [01m[K/opt/ros/humble/include/control_toolbox/control_toolbox/pid.hpp:41[m[K,
                 from [01m[K/opt/ros/humble/include/joint_trajectory_controller/joint_trajectory_controller/joint_trajectory_controller.hpp:27[m[K,
                 from [01m[K/home/tamar/RBE594_ws/src/Universal_Robots_ROS2_Driver/ur_controllers/include/ur_controllers/scaled_joint_trajectory_controller.hpp:43[m[K,
                 from [01m[K/home/tamar/RBE594_ws/src/Universal_Robots_ROS2_Driver/ur_controllers/src/scaled_joint_trajectory_controller.cpp:41[m[K:
[01m[K/opt/ros/humble/include/realtime_tools/realtime_tools/realtime_buffer.hpp:88:20:[m[K [01;36m[Knote: [m[Kcandidate: ‘[01m[Krealtime_tools::RealtimeBuffer<T>& realtime_tools::RealtimeBuffer<T>::operator=(const realtime_tools::RealtimeBuffer<T>&) [with T = bool][m[K’
   88 |   RealtimeBuffer & [01;36m[Koperator[m[K=(const RealtimeBuffer & source)
      |                    [01;36m[K^~~~~~~~[m[K
[01m[K/opt/ros/humble/include/realtime_tools/realtime_tools/realtime_buffer.hpp:88:53:[m[K [01;36m[Knote: [m[K  no known conversion for argument 1 from ‘[01m[Kbool[m[K’ to ‘[01m[Kconst realtime_tools::RealtimeBuffer<bool>&[m[K’
   88 |   RealtimeBuffer & operator=([01;36m[Kconst RealtimeBuffer & source[m[K)
      |                              [01;36m[K~~~~~~~~~~~~~~~~~~~~~~~^~~~~~[m[K
[01m[K/home/tamar/RBE594_ws/src/Universal_Robots_ROS2_Driver/ur_controllers/src/scaled_joint_trajectory_controller.cpp:330:36:[m[K [01;31m[Kerror: [m[Kno match for ‘[01m[Koperator=[m[K’ (operand types are ‘[01m[Krealtime_tools::RealtimeBuffer<bool>[m[K’ and ‘[01m[Kbool[m[K’)
  330 |             rt_has_pending_goal_ = [01;31m[Kfalse[m[K;
      |                                    [01;31m[K^~~~~[m[K
In file included from [01m[K/opt/ros/humble/include/control_toolbox/control_toolbox/pid.hpp:41[m[K,
                 from [01m[K/opt/ros/humble/include/joint_trajectory_controller/joint_trajectory_controller/joint_trajectory_controller.hpp:27[m[K,
                 from [01m[K/home/tamar/RBE594_ws/src/Universal_Robots_ROS2_Driver/ur_controllers/include/ur_controllers/scaled_joint_trajectory_controller.hpp:43[m[K,
                 from [01m[K/home/tamar/RBE594_ws/src/Universal_Robots_ROS2_Driver/ur_controllers/src/scaled_joint_trajectory_controller.cpp:41[m[K:
[01m[K/opt/ros/humble/include/realtime_tools/realtime_tools/realtime_buffer.hpp:88:20:[m[K [01;36m[Knote: [m[Kcandidate: ‘[01m[Krealtime_tools::RealtimeBuffer<T>& realtime_tools::RealtimeBuffer<T>::operator=(const realtime_tools::RealtimeBuffer<T>&) [with T = bool][m[K’
   88 |   RealtimeBuffer & [01;36m[Koperator[m[K=(const RealtimeBuffer & source)
      |                    [01;36m[K^~~~~~~~[m[K
[01m[K/opt/ros/humble/include/realtime_tools/realtime_tools/realtime_buffer.hpp:88:53:[m[K [01;36m[Knote: [m[K  no known conversion for argument 1 from ‘[01m[Kbool[m[K’ to ‘[01m[Kconst realtime_tools::RealtimeBuffer<bool>&[m[K’
   88 |   RealtimeBuffer & operator=([01;36m[Kconst RealtimeBuffer & source[m[K)
      |                              [01;36m[K~~~~~~~~~~~~~~~~~~~~~~~^~~~~~[m[K
[01m[K/home/tamar/RBE594_ws/src/Universal_Robots_ROS2_Driver/ur_controllers/src/scaled_joint_trajectory_controller.cpp:338:53:[m[K [01;31m[Kerror: [m[Kno match for ‘[01m[Koperator![m[K’ (operand type is ‘[01m[Krealtime_tools::RealtimeBuffer<bool>[m[K’)
  338 |       } else if (tolerance_violated_while_moving && [01;31m[K!rt_has_pending_goal_[m[K) {
      |                                                     [01;31m[K^~~~~~~~~~~~~~~~~~~~~[m[K
[01m[K/home/tamar/RBE594_ws/src/Universal_Robots_ROS2_Driver/ur_controllers/src/scaled_joint_trajectory_controller.cpp:338:53:[m[K [01;36m[Knote: [m[Kcandidate: ‘[01m[Koperator!(bool)[m[K’ (built-in)
[01m[K/home/tamar/RBE594_ws/src/Universal_Robots_ROS2_Driver/ur_controllers/src/scaled_joint_trajectory_controller.cpp:338:53:[m[K [01;36m[Knote: [m[K  no known conversion for argument 1 from ‘[01m[Krealtime_tools::RealtimeBuffer<bool>[m[K’ to ‘[01m[Kbool[m[K’
In file included from [01m[K/opt/ros/humble/include/libstatistics_collector/libstatistics_collector/moving_average_statistics/moving_average.hpp:30[m[K,
                 from [01m[K/opt/ros/humble/include/libstatistics_collector/libstatistics_collector/collector/collector.hpp:22[m[K,
                 from [01m[K/opt/ros/humble/include/libstatistics_collector/libstatistics_collector/topic_statistics_collector/topic_statistics_collector.hpp:24[m[K,
                 from [01m[K/opt/ros/humble/include/libstatistics_collector/libstatistics_collector/topic_statistics_collector/received_message_age.hpp:26[m[K,
                 from [01m[K/opt/ros/humble/include/rclcpp/rclcpp/topic_statistics/subscription_topic_statistics.hpp:26[m[K,
                 from [01m[K/opt/ros/humble/include/rclcpp/rclcpp/subscription.hpp:50[m[K,
                 from [01m[K/opt/ros/humble/include/rclcpp/rclcpp/any_executable.hpp:25[m[K,
                 from [01m[K/opt/ros/humble/include/rclcpp/rclcpp/memory_strategy.hpp:25[m[K,
                 from [01m[K/opt/ros/humble/include/rclcpp/rclcpp/memory_strategies.hpp:18[m[K,
                 from [01m[K/opt/ros/humble/include/rclcpp/rclcpp/executor_options.hpp:20[m[K,
                 from [01m[K/opt/ros/humble/include/rclcpp/rclcpp/executor.hpp:37[m[K,
                 from [01m[K/opt/ros/humble/include/rclcpp/rclcpp/executors/multi_threaded_executor.hpp:25[m[K,
                 from [01m[K/opt/ros/humble/include/rclcpp/rclcpp/executors.hpp:21[m[K,
                 from [01m[K/opt/ros/humble/include/rclcpp/rclcpp/rclcpp.hpp:155[m[K,
                 from [01m[K/opt/ros/humble/include/controller_interface/controller_interface_base.hpp:28[m[K,
                 from [01m[K/opt/ros/humble/include/controller_interface/controller_interface.hpp:22[m[K,
                 from [01m[K/opt/ros/humble/include/joint_trajectory_controller/joint_trajectory_controller/joint_trajectory_controller.hpp:28[m[K,
                 from [01m[K/home/tamar/RBE594_ws/src/Universal_Robots_ROS2_Driver/ur_controllers/include/ur_controllers/scaled_joint_trajectory_controller.hpp:43[m[K,
                 from [01m[K/home/tamar/RBE594_ws/src/Universal_Robots_ROS2_Driver/ur_controllers/src/scaled_joint_trajectory_controller.cpp:41[m[K:
[01m[K/opt/ros/humble/include/rcpputils/rcpputils/thread_safety_annotations.hpp:55:27:[m[K [01;36m[Knote: [m[Kcandidate: ‘[01m[Kconst std::mutex& operator!(const std::mutex&)[m[K’
   55 | inline const std::mutex & [01;36m[Koperator[m[K!(const std::mutex & a)
      |                           [01;36m[K^~~~~~~~[m[K
[01m[K/opt/ros/humble/include/rcpputils/rcpputils/thread_safety_annotations.hpp:55:56:[m[K [01;36m[Knote: [m[K  no known conversion for argument 1 from ‘[01m[Krealtime_tools::RealtimeBuffer<bool>[m[K’ to ‘[01m[Kconst std::mutex&[m[K’
   55 | inline const std::mutex & operator!([01;36m[Kconst std::mutex & a[m[K)
      |                                     [01;36m[K~~~~~~~~~~~~~~~~~~~^[m[K
[01m[K/home/tamar/RBE594_ws/src/Universal_Robots_ROS2_Driver/ur_controllers/src/scaled_joint_trajectory_controller.cpp:344:61:[m[K [01;31m[Kerror: [m[Kno match for ‘[01m[Koperator![m[K’ (operand type is ‘[01m[Krealtime_tools::RealtimeBuffer<bool>[m[K’)
  344 |       } else if (!before_last_point && !within_goal_time && [01;31m[K!rt_has_pending_goal_[m[K) {
      |                                                             [01;31m[K^~~~~~~~~~~~~~~~~~~~~[m[K
[01m[K/home/tamar/RBE594_ws/src/Universal_Robots_ROS2_Driver/ur_controllers/src/scaled_joint_trajectory_controller.cpp:344:61:[m[K [01;36m[Knote: [m[Kcandidate: ‘[01m[Koperator!(bool)[m[K’ (built-in)
[01m[K/home/tamar/RBE594_ws/src/Universal_Robots_ROS2_Driver/ur_controllers/src/scaled_joint_trajectory_controller.cpp:344:61:[m[K [01;36m[Knote: [m[K  no known conversion for argument 1 from ‘[01m[Krealtime_tools::RealtimeBuffer<bool>[m[K’ to ‘[01m[Kbool[m[K’
In file included from [01m[K/opt/ros/humble/include/libstatistics_collector/libstatistics_collector/moving_average_statistics/moving_average.hpp:30[m[K,
                 from [01m[K/opt/ros/humble/include/libstatistics_collector/libstatistics_collector/collector/collector.hpp:22[m[K,
                 from [01m[K/opt/ros/humble/include/libstatistics_collector/libstatistics_collector/topic_statistics_collector/topic_statistics_collector.hpp:24[m[K,
                 from [01m[K/opt/ros/humble/include/libstatistics_collector/libstatistics_collector/topic_statistics_collector/received_message_age.hpp:26[m[K,
                 from [01m[K/opt/ros/humble/include/rclcpp/rclcpp/topic_statistics/subscription_topic_statistics.hpp:26[m[K,
                 from [01m[K/opt/ros/humble/include/rclcpp/rclcpp/subscription.hpp:50[m[K,
                 from [01m[K/opt/ros/humble/include/rclcpp/rclcpp/any_executable.hpp:25[m[K,
                 from [01m[K/opt/ros/humble/include/rclcpp/rclcpp/memory_strategy.hpp:25[m[K,
                 from [01m[K/opt/ros/humble/include/rclcpp/rclcpp/memory_strategies.hpp:18[m[K,
                 from [01m[K/opt/ros/humble/include/rclcpp/rclcpp/executor_options.hpp:20[m[K,
                 from [01m[K/opt/ros/humble/include/rclcpp/rclcpp/executor.hpp:37[m[K,
                 from [01m[K/opt/ros/humble/include/rclcpp/rclcpp/executors/multi_threaded_executor.hpp:25[m[K,
                 from [01m[K/opt/ros/humble/include/rclcpp/rclcpp/executors.hpp:21[m[K,
                 from [01m[K/opt/ros/humble/include/rclcpp/rclcpp/rclcpp.hpp:155[m[K,
                 from [01m[K/opt/ros/humble/include/controller_interface/controller_interface_base.hpp:28[m[K,
                 from [01m[K/opt/ros/humble/include/controller_interface/controller_interface.hpp:22[m[K,
                 from [01m[K/opt/ros/humble/include/joint_trajectory_controller/joint_trajectory_controller/joint_trajectory_controller.hpp:28[m[K,
                 from [01m[K/home/tamar/RBE594_ws/src/Universal_Robots_ROS2_Driver/ur_controllers/include/ur_controllers/scaled_joint_trajectory_controller.hpp:43[m[K,
                 from [01m[K/home/tamar/RBE594_ws/src/Universal_Robots_ROS2_Driver/ur_controllers/src/scaled_joint_trajectory_controller.cpp:41[m[K:
[01m[K/opt/ros/humble/include/rcpputils/rcpputils/thread_safety_annotations.hpp:55:27:[m[K [01;36m[Knote: [m[Kcandidate: ‘[01m[Kconst std::mutex& operator!(const std::mutex&)[m[K’
   55 | inline const std::mutex & [01;36m[Koperator[m[K!(const std::mutex & a)
      |                           [01;36m[K^~~~~~~~[m[K
[01m[K/opt/ros/humble/include/rcpputils/rcpputils/thread_safety_annotations.hpp:55:56:[m[K [01;36m[Knote: [m[K  no known conversion for argument 1 from ‘[01m[Krealtime_tools::RealtimeBuffer<bool>[m[K’ to ‘[01m[Kconst std::mutex&[m[K’
   55 | inline const std::mutex & operator!([01;36m[Kconst std::mutex & a[m[K)
      |                                     [01;36m[K~~~~~~~~~~~~~~~~~~~^[m[K
gmake[2]: *** [CMakeFiles/ur_controllers.dir/build.make:107: CMakeFiles/ur_controllers.dir/src/scaled_joint_trajectory_controller.cpp.o] Error 1
gmake[2]: *** Waiting for unfinished jobs....
gmake[1]: *** [CMakeFiles/Makefile2:493: CMakeFiles/ur_controllers.dir/all] Error 2
gmake: *** [Makefile:146: all] Error 2
