-- Found ament_cmake: 1.3.11 (/opt/ros/humble/share/ament_cmake/cmake)
-- Override CMake install command with custom implementation using symlinks instead of copying resources
-- Found angles: 1.15.0 (/opt/ros/humble/share/angles/cmake)
-- Found controller_interface: 2.49.0 (/opt/ros/humble/share/controller_interface/cmake)
-- Found rosidl_generator_c: 3.1.6 (/opt/ros/humble/share/rosidl_generator_c/cmake)
-- Found rosidl_adapter: 3.1.6 (/opt/ros/humble/share/rosidl_adapter/cmake)
-- Found rosidl_generator_cpp: 3.1.6 (/opt/ros/humble/share/rosidl_generator_cpp/cmake)
-- Using all available rosidl_typesupport_c: rosidl_typesupport_fastrtps_c;rosidl_typesupport_introspection_c
-- Using all available rosidl_typesupport_cpp: rosidl_typesupport_fastrtps_cpp;rosidl_typesupport_introspection_cpp
-- Found rmw_implementation_cmake: 6.1.2 (/opt/ros/humble/share/rmw_implementation_cmake/cmake)
-- Found rmw_cyclonedds_cpp: 1.3.4 (/opt/ros/humble/share/rmw_cyclonedds_cpp/cmake)
-- Using RMW implementation 'rmw_cyclonedds_cpp' as default
-- Found joint_trajectory_controller: 2.43.0 (/opt/ros/humble/share/joint_trajectory_controller/cmake)
-- Found std_srvs: 4.8.0 (/opt/ros/humble/share/std_srvs/cmake)
-- Found tf2_geometry_msgs: 0.25.12 (/opt/ros/humble/share/tf2_geometry_msgs/cmake)
-- Found eigen3_cmake_module: 0.1.1 (/opt/ros/humble/share/eigen3_cmake_module/cmake)
-- Ensuring Eigen3 include directory is part of orocos-kdl CMake target
-- Found ur_dashboard_msgs: 2.8.1 (/home/tamar/RBE594_ws/install/ur_dashboard_msgs/share/ur_dashboard_msgs/cmake)
-- Found ur_msgs: 2.2.0 (/home/tamar/RBE594_ws/install/ur_msgs/share/ur_msgs/cmake)
-- Found ament_cmake_gmock: 1.3.11 (/opt/ros/humble/share/ament_cmake_gmock/cmake)
-- Found controller_manager: 2.49.0 (/opt/ros/humble/share/controller_manager/cmake)
-- Found ros2_control_test_assets: 2.49.0 (/opt/ros/humble/share/ros2_control_test_assets/cmake)
-- Found gmock sources under '/opt/ros/humble/src/gmock_vendor': C++ tests using 'Google Mock' will be built
-- Found ament_cmake_gtest: 1.3.11 (/opt/ros/humble/share/ament_cmake_gtest/cmake)
-- Found gtest sources under '/opt/ros/humble/src/gtest_vendor': C++ tests using 'Google Test' will be built
-- Configuring done (0.5s)
-- Generating done (0.1s)
-- Build files have been written to: /home/tamar/RBE594_ws/build/ur_controllers
[  2%] [1m[34mRunning `/opt/ros/humble/bin/generate_parameter_library_cpp /home/tamar/RBE594_ws/build/ur_controllers/include/ur_controllers/gpio_controller_parameters.hpp /home/tamar/RBE594_ws/src/Universal_Robots_ROS2_Driver/ur_controllers/src/gpio_controller_parameters.yaml `[0m
[  5%] [1m[34mRunning `/opt/ros/humble/bin/generate_parameter_library_cpp /home/tamar/RBE594_ws/build/ur_controllers/include/ur_controllers/tool_contact_controller_parameters.hpp /home/tamar/RBE594_ws/src/Universal_Robots_ROS2_Driver/ur_controllers/src/tool_contact_controller_parameters.yaml `[0m
[  8%] [32mBuilding CXX object gmock/CMakeFiles/gmock.dir/opt/ros/humble/src/gtest_vendor/src/gtest-all.cc.o[0m
[ 11%] [32mBuilding CXX object gmock/CMakeFiles/gmock.dir/src/gmock-all.cc.o[0m
[ 14%] [1m[34mRunning `/opt/ros/humble/bin/generate_parameter_library_cpp /home/tamar/RBE594_ws/build/ur_controllers/include/ur_controllers/ur_configuration_controller_parameters.hpp /home/tamar/RBE594_ws/src/Universal_Robots_ROS2_Driver/ur_controllers/src/ur_configuration_controller_parameters.yaml `[0m
[ 17%] [1m[34mRunning `/opt/ros/humble/bin/generate_parameter_library_cpp /home/tamar/RBE594_ws/build/ur_controllers/include/ur_controllers/force_mode_controller_parameters.hpp /home/tamar/RBE594_ws/src/Universal_Robots_ROS2_Driver/ur_controllers/src/force_mode_controller_parameters.yaml `[0m
[ 20%] [1m[34mRunning `/opt/ros/humble/bin/generate_parameter_library_cpp /home/tamar/RBE594_ws/build/ur_controllers/include/ur_controllers/speed_scaling_state_broadcaster_parameters.hpp /home/tamar/RBE594_ws/src/Universal_Robots_ROS2_Driver/ur_controllers/src/speed_scaling_state_broadcaster_parameters.yaml `[0m
[ 23%] [1m[34mRunning `/opt/ros/humble/bin/generate_parameter_library_cpp /home/tamar/RBE594_ws/build/ur_controllers/include/ur_controllers/freedrive_mode_controller_parameters.hpp /home/tamar/RBE594_ws/src/Universal_Robots_ROS2_Driver/ur_controllers/src/freedrive_mode_controller_parameters.yaml `[0m
[ 26%] [1m[34mRunning `/opt/ros/humble/bin/generate_parameter_library_cpp /home/tamar/RBE594_ws/build/ur_controllers/include/ur_controllers/scaled_joint_trajectory_controller_parameters.hpp /home/tamar/RBE594_ws/src/Universal_Robots_ROS2_Driver/ur_controllers/src/scaled_joint_trajectory_controller_parameters.yaml `[0m
[ 29%] [1m[34mRunning `/opt/ros/humble/bin/generate_parameter_library_cpp /home/tamar/RBE594_ws/build/ur_controllers/include/ur_controllers/passthrough_trajectory_controller_parameters.hpp /home/tamar/RBE594_ws/src/Universal_Robots_ROS2_Driver/ur_controllers/src/passthrough_trajectory_controller_parameters.yaml `[0m
[ 32%] [32mBuilding CXX object gmock/CMakeFiles/gmock_main.dir/src/gmock_main.cc.o[0m
[ 35%] [1m[34mCreating deprecated header file /home/tamar/RBE594_ws/build/ur_controllers/include/ur_configuration_controller_parameters.hpp[0m
[ 38%] [1m[34mCreating deprecated header file /home/tamar/RBE594_ws/build/ur_controllers/include/gpio_controller_parameters.hpp[0m
[ 44%] [1m[34mCreating deprecated header file /home/tamar/RBE594_ws/build/ur_controllers/include/force_mode_controller_parameters.hpp[0m
[ 44%] [1m[34mCreating deprecated header file /home/tamar/RBE594_ws/build/ur_controllers/include/tool_contact_controller_parameters.hpp[0m
[ 47%] [1m[34mCreating deprecated header file /home/tamar/RBE594_ws/build/ur_controllers/include/scaled_joint_trajectory_controller_parameters.hpp[0m
[ 47%] [0mBuilt target ur_configuration_controller_parameters[0m
[ 50%] [1m[34mCreating deprecated header file /home/tamar/RBE594_ws/build/ur_controllers/include/speed_scaling_state_broadcaster_parameters.hpp[0m
[ 50%] [0mBuilt target force_mode_controller_parameters[0m
[ 50%] [0mBuilt target gpio_controller_parameters[0m
[ 50%] [0mBuilt target tool_contact_controller_parameters[0m
[ 50%] [0mBuilt target scaled_joint_trajectory_controller_parameters[0m
[ 52%] [1m[34mCreating deprecated header file /home/tamar/RBE594_ws/build/ur_controllers/include/freedrive_mode_controller_parameters.hpp[0m
[ 55%] [0mBuilt target speed_scaling_state_broadcaster_parameters[0m
[ 55%] [1m[34mCreating deprecated header file /home/tamar/RBE594_ws/build/ur_controllers/include/passthrough_trajectory_controller_parameters.hpp[0m
[ 55%] [0mBuilt target freedrive_mode_controller_parameters[0m
[ 55%] [0mBuilt target passthrough_trajectory_controller_parameters[0m
[ 61%] [32mBuilding CXX object CMakeFiles/ur_controllers.dir/src/tool_contact_controller.cpp.o[0m
[ 61%] [32mBuilding CXX object CMakeFiles/ur_controllers.dir/src/force_mode_controller.cpp.o[0m
[ 70%] [32mBuilding CXX object CMakeFiles/ur_controllers.dir/src/scaled_joint_trajectory_controller.cpp.o[0m
[ 70%] [32mBuilding CXX object CMakeFiles/ur_controllers.dir/src/ur_configuration_controller.cpp.o[0m
[ 70%] [32mBuilding CXX object CMakeFiles/ur_controllers.dir/src/passthrough_trajectory_controller.cpp.o[0m
[ 73%] [32mBuilding CXX object CMakeFiles/ur_controllers.dir/src/speed_scaling_state_broadcaster.cpp.o[0m
[ 76%] [32mBuilding CXX object CMakeFiles/ur_controllers.dir/src/freedrive_mode_controller.cpp.o[0m
[ 79%] [32mBuilding CXX object CMakeFiles/ur_controllers.dir/src/gpio_controller.cpp.o[0m
[ 82%] [1m[32mLinking CXX static library libgmock_main.a[0m
[ 82%] [0mBuilt target gmock_main[0m
[ 85%] [1m[32mLinking CXX static library libgmock.a[0m
[ 85%] [0mBuilt target gmock[0m
