[0.016s] Invoking command in '/home/ev/RBE594_ws/build/sirgas_description': CMAKE_PREFIX_PATH=${CMAKE_PREFIX_PATH}:/opt/ros/jazzy /usr/bin/cmake /home/ev/RBE594_ws/src/sirgas_description -DCMAKE_INSTALL_PREFIX=/home/ev/RBE594_ws/install/sirgas_description
[0.032s] -- Found ament_cmake: 2.5.4 (/opt/ros/jazzy/share/ament_cmake/cmake)
[0.211s] -- Override CMake install command with custom implementation using symlinks instead of copying resources
[0.219s] -- Found xacro: 2.1.1 (/opt/ros/jazzy/share/xacro/cmake)
[0.220s] -- Found rclcpp: 28.1.12 (/opt/ros/jazzy/share/rclcpp/cmake)
[0.246s] -- Found rosidl_generator_c: 4.6.6 (/opt/ros/jazzy/share/rosidl_generator_c/cmake)
[0.254s] -- Found rosidl_generator_cpp: 4.6.6 (/opt/ros/jazzy/share/rosidl_generator_cpp/cmake)
[0.265s] -- Using all available rosidl_typesupport_c: rosidl_typesupport_fastrtps_c;rosidl_typesupport_introspection_c
[0.279s] -- Using all available rosidl_typesupport_cpp: rosidl_typesupport_fastrtps_cpp;rosidl_typesupport_introspection_cpp
[0.341s] -- Found rmw_implementation_cmake: 7.3.2 (/opt/ros/jazzy/share/rmw_implementation_cmake/cmake)
[0.342s] -- Found rmw_fastrtps_cpp: 8.4.3 (/opt/ros/jazzy/share/rmw_fastrtps_cpp/cmake)
[0.401s] -- Using RMW implementation 'rmw_fastrtps_cpp' as default
[0.463s] -- Found std_msgs: 5.3.6 (/opt/ros/jazzy/share/std_msgs/cmake)
[0.479s] -- Found trajectory_msgs: 5.3.6 (/opt/ros/jazzy/share/trajectory_msgs/cmake)
[0.607s] -- Configuring done (0.6s)
[0.614s] -- Generating done (0.0s)
[0.616s] -- Build files have been written to: /home/ev/RBE594_ws/build/sirgas_description
[0.621s] Invoked command in '/home/ev/RBE594_ws/build/sirgas_description' returned '0': CMAKE_PREFIX_PATH=${CMAKE_PREFIX_PATH}:/opt/ros/jazzy /usr/bin/cmake /home/ev/RBE594_ws/src/sirgas_description -DCMAKE_INSTALL_PREFIX=/home/ev/RBE594_ws/install/sirgas_description
[0.622s] Invoking command in '/home/ev/RBE594_ws/build/sirgas_description': CMAKE_PREFIX_PATH=${CMAKE_PREFIX_PATH}:/opt/ros/jazzy /usr/bin/cmake --build /home/ev/RBE594_ws/build/sirgas_description -- -j12 -l12
[0.665s] Invoked command in '/home/ev/RBE594_ws/build/sirgas_description' returned '0': CMAKE_PREFIX_PATH=${CMAKE_PREFIX_PATH}:/opt/ros/jazzy /usr/bin/cmake --build /home/ev/RBE594_ws/build/sirgas_description -- -j12 -l12
[0.675s] Invoking command in '/home/ev/RBE594_ws/build/sirgas_description': CMAKE_PREFIX_PATH=${CMAKE_PREFIX_PATH}:/opt/ros/jazzy /usr/bin/cmake --install /home/ev/RBE594_ws/build/sirgas_description
[0.683s] -- Install configuration: ""
[0.683s] -- Execute custom install script
[0.684s] -- Up-to-date symlink: /home/ev/RBE594_ws/install/sirgas_description/share/sirgas_description//urdf/apriltag_panel.xacro
[0.684s] -- Up-to-date symlink: /home/ev/RBE594_ws/install/sirgas_description/share/sirgas_description//urdf/gear_starter_motor.urdf.xacro
[0.684s] -- Up-to-date symlink: /home/ev/RBE594_ws/install/sirgas_description/share/sirgas_description//urdf/pba.urdf.xacro
[0.684s] -- Up-to-date symlink: /home/ev/RBE594_ws/install/sirgas_description/share/sirgas_description//urdf/ur20.ros2_control.xacro
[0.684s] -- Up-to-date symlink: /home/ev/RBE594_ws/install/sirgas_description/share/sirgas_description//urdf/ur20_macro.xacro
[0.684s] -- Up-to-date symlink: /home/ev/RBE594_ws/install/sirgas_description/share/sirgas_description//urdf/ur20_picker.urdf.xacro
[0.684s] -- Up-to-date symlink: /home/ev/RBE594_ws/install/sirgas_description/share/sirgas_description//urdf/ur20_starter.urdf.xacro
[0.685s] -- Up-to-date symlink: /home/ev/RBE594_ws/install/sirgas_description/share/sirgas_description//launch/gr.launch.py
[0.685s] -- Up-to-date symlink: /home/ev/RBE594_ws/install/sirgas_description/share/sirgas_description//launch/pba.launch.py
[0.685s] -- Up-to-date symlink: /home/ev/RBE594_ws/install/sirgas_description/share/sirgas_description//launch/pba.launch.xml
[0.685s] -- Up-to-date symlink: /home/ev/RBE594_ws/install/sirgas_description/share/sirgas_description//launch/pba2.launch.py
[0.685s] -- Up-to-date symlink: /home/ev/RBE594_ws/install/sirgas_description/share/sirgas_description//launch/sim.launch.py
[0.685s] -- Up-to-date symlink: /home/ev/RBE594_ws/install/sirgas_description/share/sirgas_description//launch/sim2.launch.py
[0.686s] -- Up-to-date symlink: /home/ev/RBE594_ws/install/sirgas_description/share/sirgas_description//launch/sim3.launch.py
[0.686s] -- Up-to-date symlink: /home/ev/RBE594_ws/install/sirgas_description/share/sirgas_description//launch/ur20_starter.launch.py
[0.686s] -- Up-to-date symlink: /home/ev/RBE594_ws/install/sirgas_description/share/sirgas_description//launch/ur20_starter_spawn.launch.py
[0.686s] -- Up-to-date symlink: /home/ev/RBE594_ws/install/sirgas_description/share/sirgas_description//meshes/Assembly 1.stl
[0.686s] -- Up-to-date symlink: /home/ev/RBE594_ws/install/sirgas_description/share/sirgas_description//meshes/First_Gear.stl
[0.687s] -- Up-to-date symlink: /home/ev/RBE594_ws/install/sirgas_description/share/sirgas_description//meshes/Gear_Rotator.stl
[0.687s] -- Up-to-date symlink: /home/ev/RBE594_ws/install/sirgas_description/share/sirgas_description//meshes/Motor_Housing.stl
[0.687s] -- Up-to-date symlink: /home/ev/RBE594_ws/install/sirgas_description/share/sirgas_description//meshes/Peg_Board.stl
[0.687s] -- Up-to-date symlink: /home/ev/RBE594_ws/install/sirgas_description/share/sirgas_description//meshes/Second_Gear.stl
[0.687s] -- Up-to-date symlink: /home/ev/RBE594_ws/install/sirgas_description/share/sirgas_description//meshes/Starter_Gear.stl
[0.687s] -- Up-to-date symlink: /home/ev/RBE594_ws/install/sirgas_description/share/sirgas_description//meshes/Third_Gear.stl
[0.687s] -- Up-to-date symlink: /home/ev/RBE594_ws/install/sirgas_description/share/sirgas_description//meshes/apriltags/tag_1.png
[0.687s] -- Up-to-date symlink: /home/ev/RBE594_ws/install/sirgas_description/share/sirgas_description//meshes/sim_cam/model.sdf
[0.688s] -- Up-to-date symlink: /home/ev/RBE594_ws/install/sirgas_description/share/sirgas_description//world/.keep
[0.688s] -- Up-to-date symlink: /home/ev/RBE594_ws/install/sirgas_description/share/sirgas_description//rviz/config.rviz
[0.688s] -- Up-to-date symlink: /home/ev/RBE594_ws/install/sirgas_description/share/sirgas_description//rviz/ur20_view.rviz
[0.688s] -- Up-to-date symlink: /home/ev/RBE594_ws/install/sirgas_description/share/sirgas_description//config/initial_positions.yaml
[0.689s] -- Up-to-date symlink: /home/ev/RBE594_ws/install/sirgas_description/share/sirgas_description//config/pba_controller.yaml
[0.689s] -- Up-to-date symlink: /home/ev/RBE594_ws/install/sirgas_description/share/sirgas_description//config/ur20_controllers.yaml
[0.689s] -- Up-to-date symlink: /home/ev/RBE594_ws/install/sirgas_description/share/ament_index/resource_index/package_run_dependencies/sirgas_description
[0.689s] -- Up-to-date symlink: /home/ev/RBE594_ws/install/sirgas_description/share/ament_index/resource_index/parent_prefix_path/sirgas_description
[0.689s] -- Up-to-date symlink: /home/ev/RBE594_ws/install/sirgas_description/share/sirgas_description/environment/ament_prefix_path.sh
[0.690s] -- Up-to-date symlink: /home/ev/RBE594_ws/install/sirgas_description/share/sirgas_description/environment/ament_prefix_path.dsv
[0.690s] -- Up-to-date symlink: /home/ev/RBE594_ws/install/sirgas_description/share/sirgas_description/environment/path.sh
[0.690s] -- Up-to-date symlink: /home/ev/RBE594_ws/install/sirgas_description/share/sirgas_description/environment/path.dsv
[0.690s] -- Up-to-date symlink: /home/ev/RBE594_ws/install/sirgas_description/share/sirgas_description/local_setup.bash
[0.690s] -- Up-to-date symlink: /home/ev/RBE594_ws/install/sirgas_description/share/sirgas_description/local_setup.sh
[0.691s] -- Up-to-date symlink: /home/ev/RBE594_ws/install/sirgas_description/share/sirgas_description/local_setup.zsh
[0.691s] -- Up-to-date symlink: /home/ev/RBE594_ws/install/sirgas_description/share/sirgas_description/local_setup.dsv
[0.691s] -- Symlinking: /home/ev/RBE594_ws/install/sirgas_description/share/sirgas_description/package.dsv
[0.700s] -- Up-to-date symlink: /home/ev/RBE594_ws/install/sirgas_description/share/ament_index/resource_index/packages/sirgas_description
[0.700s] -- Up-to-date symlink: /home/ev/RBE594_ws/install/sirgas_description/share/sirgas_description/cmake/sirgas_descriptionConfig.cmake
[0.701s] -- Up-to-date symlink: /home/ev/RBE594_ws/install/sirgas_description/share/sirgas_description/cmake/sirgas_descriptionConfig-version.cmake
[0.701s] -- Up-to-date symlink: /home/ev/RBE594_ws/install/sirgas_description/share/sirgas_description/package.xml
[0.704s] Invoked command in '/home/ev/RBE594_ws/build/sirgas_description' returned '0': CMAKE_PREFIX_PATH=${CMAKE_PREFIX_PATH}:/opt/ros/jazzy /usr/bin/cmake --install /home/ev/RBE594_ws/build/sirgas_description
