[0.087s] Invoking command in '/home/tamar/ws_moveit/build/moveit_task_constructor_core': AMENT_PREFIX_PATH=/home/tamar/ws_moveit/install/moveit_planners:/home/tamar/ws_moveit/install/pilz_industrial_motion_planner:/home/tamar/ws_moveit/install/moveit_resources_prbt_pg70_support:/home/tamar/ws_moveit/install/moveit_ros_planning_interface:/home/tamar/ws_moveit/install/moveit_resources_prbt_moveit_config:/home/tamar/ws_moveit/install/moveit_ros_move_group:/home/tamar/ws_moveit/install/moveit_ros_warehouse:/home/tamar/ws_moveit/install/moveit_planners_ompl:/home/tamar/ws_moveit/install/moveit_kinematics:/home/tamar/ws_moveit/install/moveit_ros_planning:/home/tamar/ws_moveit/install/moveit_planners_chomp:/home/tamar/ws_moveit/install/pilz_industrial_motion_planner_testutils:/home/tamar/ws_moveit/install/moveit_simple_controller_manager:/home/tamar/ws_moveit/install/moveit_ros_occupancy_map_monitor:/home/tamar/ws_moveit/install/moveit_resources_prbt_ikfast_manipulator_plugin:/home/tamar/ws_moveit/install/moveit_planners_stomp:/home/tamar/ws_moveit/install/chomp_motion_planner:/home/tamar/ws_moveit/install/rviz_marker_tools:/home/tamar/ws_moveit/install/moveit_task_constructor_msgs:/home/tamar/ws_moveit/install/moveit_resources_fanuc_moveit_config:/home/tamar/ws_moveit/install/moveit_core:/home/tamar/ws_moveit/install/moveit_resources_prbt_support:/home/tamar/ws_moveit/install/moveit_resources_pr2_description:/home/tamar/ws_moveit/install/moveit_resources_panda_description:/home/tamar/ws_moveit/install/moveit_resources_fanuc_description:/home/tamar/ws_moveit/install/moveit_msgs:/home/tamar/ws_moveit/install/moveit_configs_utils:/home/tamar/ws_moveit/install/moveit_common:${AMENT_PREFIX_PATH} CMAKE_PREFIX_PATH=/home/tamar/ws_moveit/install/moveit_planners:/home/tamar/ws_moveit/install/pilz_industrial_motion_planner:/home/tamar/ws_moveit/install/moveit_resources_prbt_pg70_support:/home/tamar/ws_moveit/install/moveit_ros_planning_interface:/home/tamar/ws_moveit/install/moveit_resources_prbt_moveit_config:/home/tamar/ws_moveit/install/moveit_ros_move_group:/home/tamar/ws_moveit/install/moveit_ros_warehouse:/home/tamar/ws_moveit/install/moveit_planners_ompl:/home/tamar/ws_moveit/install/moveit_kinematics:/home/tamar/ws_moveit/install/moveit_ros_planning:/home/tamar/ws_moveit/install/moveit_planners_chomp:/home/tamar/ws_moveit/install/pilz_industrial_motion_planner_testutils:/home/tamar/ws_moveit/install/moveit_simple_controller_manager:/home/tamar/ws_moveit/install/moveit_ros_occupancy_map_monitor:/home/tamar/ws_moveit/install/moveit_resources_prbt_ikfast_manipulator_plugin:/home/tamar/ws_moveit/install/moveit_planners_stomp:/home/tamar/ws_moveit/install/chomp_motion_planner:/home/tamar/ws_moveit/install/rviz_marker_tools:/home/tamar/ws_moveit/install/moveit_task_constructor_msgs:/home/tamar/ws_moveit/install/moveit_resources_fanuc_moveit_config:/home/tamar/ws_moveit/install/moveit_core:/home/tamar/ws_moveit/install/moveit_resources_prbt_support:/home/tamar/ws_moveit/install/moveit_resources_pr2_description:/home/tamar/ws_moveit/install/moveit_resources_panda_description:/home/tamar/ws_moveit/install/moveit_resources_fanuc_description:/home/tamar/ws_moveit/install/moveit_msgs:/home/tamar/ws_moveit/install/moveit_common:/opt/ros/jazzy/opt/gz_sim_vendor:/opt/ros/jazzy/opt/gz_sensors_vendor:/opt/ros/jazzy/opt/gz_physics_vendor:/opt/ros/jazzy/opt/sdformat_vendor:/opt/ros/jazzy/opt/gz_gui_vendor:/opt/ros/jazzy/opt/gz_transport_vendor:/opt/ros/jazzy/opt/gz_rendering_vendor:/opt/ros/jazzy/opt/gz_plugin_vendor:/opt/ros/jazzy/opt/gz_fuel_tools_vendor:/opt/ros/jazzy/opt/gz_msgs_vendor:/opt/ros/jazzy/opt/gz_common_vendor:/opt/ros/jazzy/opt/gz_math_vendor:/opt/ros/jazzy/opt/gz_utils_vendor:/opt/ros/jazzy/opt/gz_tools_vendor:/opt/ros/jazzy/opt/gz_ogre_next_vendor:/opt/ros/jazzy/opt/gz_dartsim_vendor:/opt/ros/jazzy/opt/gz_cmake_vendor:/opt/ros/jazzy LD_LIBRARY_PATH=/home/tamar/ws_moveit/install/pilz_industrial_motion_planner/lib:/home/tamar/ws_moveit/install/moveit_ros_planning_interface/lib:/home/tamar/ws_moveit/install/moveit_ros_move_group/lib:/home/tamar/ws_moveit/install/moveit_ros_warehouse/lib:/home/tamar/ws_moveit/install/moveit_planners_ompl/lib:/home/tamar/ws_moveit/install/moveit_kinematics/lib:/home/tamar/ws_moveit/install/moveit_ros_planning/lib:/home/tamar/ws_moveit/install/moveit_planners_chomp/lib:/home/tamar/ws_moveit/install/pilz_industrial_motion_planner_testutils/lib:/home/tamar/ws_moveit/install/moveit_simple_controller_manager/lib:/home/tamar/ws_moveit/install/moveit_ros_occupancy_map_monitor/lib:/home/tamar/ws_moveit/install/moveit_resources_prbt_ikfast_manipulator_plugin/lib:/home/tamar/ws_moveit/install/moveit_planners_stomp/lib:/home/tamar/ws_moveit/install/chomp_motion_planner/lib:/home/tamar/ws_moveit/install/rviz_marker_tools/lib:/home/tamar/ws_moveit/install/moveit_task_constructor_msgs/lib:/home/tamar/ws_moveit/install/moveit_core/lib:/home/tamar/ws_moveit/install/moveit_msgs/lib:${LD_LIBRARY_PATH} PATH=/home/tamar/ws_moveit/install/moveit_core/bin:${PATH} PYTHONPATH=/home/tamar/ws_moveit/install/moveit_task_constructor_msgs/lib/python3.12/site-packages:/home/tamar/ws_moveit/install/moveit_msgs/lib/python3.12/site-packages:/home/tamar/ws_moveit/install/moveit_configs_utils/lib/python3.12/site-packages:${PYTHONPATH} /usr/bin/cmake /home/tamar/ws_moveit/src/moveit_task_constructor/core -DCMAKE_BUILD_TYPE=Release -DCMAKE_INSTALL_PREFIX=/home/tamar/ws_moveit/install/moveit_task_constructor_core
[0.151s] -- The C compiler identification is GNU 13.3.0
[0.213s] -- The CXX compiler identification is GNU 13.3.0
[0.231s] -- Detecting C compiler ABI info
[0.331s] -- Detecting C compiler ABI info - done
[0.341s] -- Check for working C compiler: /usr/bin/cc - skipped
[0.341s] -- Detecting C compile features
[0.342s] -- Detecting C compile features - done
[0.352s] -- Detecting CXX compiler ABI info
[0.467s] -- Detecting CXX compiler ABI info - done
[0.478s] -- Check for working CXX compiler: /usr/bin/c++ - skipped
[0.478s] -- Detecting CXX compile features
[0.479s] -- Detecting CXX compile features - done
[0.493s] -- Found ament_cmake: 2.5.4 (/opt/ros/jazzy/share/ament_cmake/cmake)
[0.715s] -- Found Python3: /usr/bin/python3 (found version "3.12.3") found components: Interpreter 
[0.981s] -- Found Boost: /usr/lib/x86_64-linux-gnu/cmake/Boost-1.83.0/BoostConfig.cmake (found version "1.83.0")  
[1.004s] -- Found geometry_msgs: 5.3.6 (/opt/ros/jazzy/share/geometry_msgs/cmake)
[1.142s] -- Found rosidl_generator_c: 4.6.6 (/opt/ros/jazzy/share/rosidl_generator_c/cmake)
[1.182s] -- Found rosidl_generator_cpp: 4.6.6 (/opt/ros/jazzy/share/rosidl_generator_cpp/cmake)
[1.231s] -- Using all available rosidl_typesupport_c: rosidl_typesupport_fastrtps_c;rosidl_typesupport_introspection_c
[1.286s] -- Using all available rosidl_typesupport_cpp: rosidl_typesupport_fastrtps_cpp;rosidl_typesupport_introspection_cpp
[1.381s] -- Found moveit_common: 2.12.3 (/home/tamar/ws_moveit/install/moveit_common/share/moveit_common/cmake)
[1.501s] -- Found moveit_core: 2.12.3 (/home/tamar/ws_moveit/install/moveit_core/share/moveit_core/cmake)
[1.752s] -- Found Boost: /usr/lib/x86_64-linux-gnu/cmake/Boost-1.83.0/BoostConfig.cmake (found version "1.83.0") found components: chrono date_time filesystem iostreams program_options regex serialization system thread 
[1.912s] -- Found parameter_traits: 0.5.0 (/opt/ros/jazzy/share/parameter_traits/cmake)
[2.054s] -- Found rmw_implementation_cmake: 7.3.2 (/opt/ros/jazzy/share/rmw_implementation_cmake/cmake)
[2.069s] -- Found rmw_cyclonedds_cpp: 2.2.3 (/opt/ros/jazzy/share/rmw_cyclonedds_cpp/cmake)
[2.156s] -- Using RMW implementation 'rmw_cyclonedds_cpp' as default
[2.336s] -- Found rclcpp_lifecycle: 28.1.12 (/opt/ros/jazzy/share/rclcpp_lifecycle/cmake)
[2.414s] -- Found Boost: /usr/lib/x86_64-linux-gnu/cmake/Boost-1.83.0/BoostConfig.cmake (found version "1.83.0") found components: filesystem 
[2.661s] -- Found Eigen3: TRUE (found version "3.4.0") 
[2.661s] -- Ensuring Eigen3 include directory is part of orocos-kdl CMake target
[2.925s] -- Found TinyXML2 via Config file: /usr/lib/x86_64-linux-gnu/cmake/tinyxml2
[3.101s] -- Found moveit_ros_planning: 2.12.3 (/home/tamar/ws_moveit/install/moveit_ros_planning/share/moveit_ros_planning/cmake)
[3.105s] -- Found Boost: /usr/lib/x86_64-linux-gnu/cmake/Boost-1.83.0/BoostConfig.cmake (found version "1.83.0") found components: system filesystem date_time program_options thread chrono 
[3.133s] -- Found moveit_ros_planning_interface: 2.12.3 (/home/tamar/ws_moveit/install/moveit_ros_planning_interface/share/moveit_ros_planning_interface/cmake)
[3.137s] -- Found Boost: /usr/lib/x86_64-linux-gnu/cmake/Boost-1.83.0/BoostConfig.cmake (found version "1.83.0") found components: date_time filesystem program_options system thread 
[3.148s] -- Found Boost: /usr/lib/x86_64-linux-gnu/cmake/Boost-1.83.0/BoostConfig.cmake (found version "1.83.0") found components: thread system filesystem regex date_time program_options 
[3.244s] -- Found Boost: /usr/lib/x86_64-linux-gnu/cmake/Boost-1.83.0/BoostConfig.cmake (found version "1.83.0") found components: system filesystem date_time program_options thread 
[3.311s] -- Found moveit_task_constructor_msgs: 0.1.4 (/home/tamar/ws_moveit/install/moveit_task_constructor_msgs/share/moveit_task_constructor_msgs/cmake)
[3.384s] -- Found py_binding_tools: 2.0.1 (/opt/ros/jazzy/share/py_binding_tools/cmake)
[3.390s] -- Found rviz_marker_tools: 0.1.4 (/home/tamar/ws_moveit/install/rviz_marker_tools/share/rviz_marker_tools/cmake)
[3.648s] -- Found Python3: /usr/bin/python3 (found version "3.12.3") found components: Interpreter Development Development.Module Development.Embed 
[3.655s] -- pybind11 v2.13.0 dev1
[3.682s] -- Found PythonInterp: /usr/bin/python3 (found suitable version "3.12.3", minimum required is "3.6") 
[3.708s] -- Found PythonLibs: /usr/lib/x86_64-linux-gnu/libpython3.12.so
[3.710s] -- Performing Test HAS_FLTO
[3.825s] -- Performing Test HAS_FLTO - Success
[3.842s] -- Found ament_cmake_pytest: 2.5.4 (/opt/ros/jazzy/share/ament_cmake_pytest/cmake)
[3.851s] -- Found launch_testing_ament_cmake: 3.4.7 (/opt/ros/jazzy/share/launch_testing_ament_cmake/cmake)
[3.858s] -- Found python_cmake_module: 0.11.1 (/opt/ros/jazzy/share/python_cmake_module/cmake)
[3.876s] -- Found Python3: /usr/bin/python3 (found version "3.12.3") found components: Interpreter 
[3.877s] -- Found PythonExtra: /usr/bin/python3  
[4.116s] -- Found ament_cmake_gtest: 2.5.4 (/opt/ros/jazzy/share/ament_cmake_gtest/cmake)
[4.129s] -- Found ament_cmake_gmock: 2.5.4 (/opt/ros/jazzy/share/ament_cmake_gmock/cmake)
[4.130s] -- Found launch_testing_ament_cmake: 3.4.7 (/opt/ros/jazzy/share/launch_testing_ament_cmake/cmake)
[4.130s] -- Found python_cmake_module: 0.11.1 (/opt/ros/jazzy/share/python_cmake_module/cmake)
[4.173s] -- Found gmock sources under '/opt/ros/jazzy/src/gmock_vendor': C++ tests using 'Google Mock' will be built
[4.189s] -- Found gtest sources under '/opt/ros/jazzy/src/gtest_vendor': C++ tests using 'Google Test' will be built
[4.192s] -- Found Threads: TRUE  
[4.209s] -- Configuring done (4.1s)
[4.532s] -- Generating done (0.3s)
[4.591s] -- Build files have been written to: /home/tamar/ws_moveit/build/moveit_task_constructor_core
[4.607s] Invoked command in '/home/tamar/ws_moveit/build/moveit_task_constructor_core' returned '0': AMENT_PREFIX_PATH=/home/tamar/ws_moveit/install/moveit_planners:/home/tamar/ws_moveit/install/pilz_industrial_motion_planner:/home/tamar/ws_moveit/install/moveit_resources_prbt_pg70_support:/home/tamar/ws_moveit/install/moveit_ros_planning_interface:/home/tamar/ws_moveit/install/moveit_resources_prbt_moveit_config:/home/tamar/ws_moveit/install/moveit_ros_move_group:/home/tamar/ws_moveit/install/moveit_ros_warehouse:/home/tamar/ws_moveit/install/moveit_planners_ompl:/home/tamar/ws_moveit/install/moveit_kinematics:/home/tamar/ws_moveit/install/moveit_ros_planning:/home/tamar/ws_moveit/install/moveit_planners_chomp:/home/tamar/ws_moveit/install/pilz_industrial_motion_planner_testutils:/home/tamar/ws_moveit/install/moveit_simple_controller_manager:/home/tamar/ws_moveit/install/moveit_ros_occupancy_map_monitor:/home/tamar/ws_moveit/install/moveit_resources_prbt_ikfast_manipulator_plugin:/home/tamar/ws_moveit/install/moveit_planners_stomp:/home/tamar/ws_moveit/install/chomp_motion_planner:/home/tamar/ws_moveit/install/rviz_marker_tools:/home/tamar/ws_moveit/install/moveit_task_constructor_msgs:/home/tamar/ws_moveit/install/moveit_resources_fanuc_moveit_config:/home/tamar/ws_moveit/install/moveit_core:/home/tamar/ws_moveit/install/moveit_resources_prbt_support:/home/tamar/ws_moveit/install/moveit_resources_pr2_description:/home/tamar/ws_moveit/install/moveit_resources_panda_description:/home/tamar/ws_moveit/install/moveit_resources_fanuc_description:/home/tamar/ws_moveit/install/moveit_msgs:/home/tamar/ws_moveit/install/moveit_configs_utils:/home/tamar/ws_moveit/install/moveit_common:${AMENT_PREFIX_PATH} CMAKE_PREFIX_PATH=/home/tamar/ws_moveit/install/moveit_planners:/home/tamar/ws_moveit/install/pilz_industrial_motion_planner:/home/tamar/ws_moveit/install/moveit_resources_prbt_pg70_support:/home/tamar/ws_moveit/install/moveit_ros_planning_interface:/home/tamar/ws_moveit/install/moveit_resources_prbt_moveit_config:/home/tamar/ws_moveit/install/moveit_ros_move_group:/home/tamar/ws_moveit/install/moveit_ros_warehouse:/home/tamar/ws_moveit/install/moveit_planners_ompl:/home/tamar/ws_moveit/install/moveit_kinematics:/home/tamar/ws_moveit/install/moveit_ros_planning:/home/tamar/ws_moveit/install/moveit_planners_chomp:/home/tamar/ws_moveit/install/pilz_industrial_motion_planner_testutils:/home/tamar/ws_moveit/install/moveit_simple_controller_manager:/home/tamar/ws_moveit/install/moveit_ros_occupancy_map_monitor:/home/tamar/ws_moveit/install/moveit_resources_prbt_ikfast_manipulator_plugin:/home/tamar/ws_moveit/install/moveit_planners_stomp:/home/tamar/ws_moveit/install/chomp_motion_planner:/home/tamar/ws_moveit/install/rviz_marker_tools:/home/tamar/ws_moveit/install/moveit_task_constructor_msgs:/home/tamar/ws_moveit/install/moveit_resources_fanuc_moveit_config:/home/tamar/ws_moveit/install/moveit_core:/home/tamar/ws_moveit/install/moveit_resources_prbt_support:/home/tamar/ws_moveit/install/moveit_resources_pr2_description:/home/tamar/ws_moveit/install/moveit_resources_panda_description:/home/tamar/ws_moveit/install/moveit_resources_fanuc_description:/home/tamar/ws_moveit/install/moveit_msgs:/home/tamar/ws_moveit/install/moveit_common:/opt/ros/jazzy/opt/gz_sim_vendor:/opt/ros/jazzy/opt/gz_sensors_vendor:/opt/ros/jazzy/opt/gz_physics_vendor:/opt/ros/jazzy/opt/sdformat_vendor:/opt/ros/jazzy/opt/gz_gui_vendor:/opt/ros/jazzy/opt/gz_transport_vendor:/opt/ros/jazzy/opt/gz_rendering_vendor:/opt/ros/jazzy/opt/gz_plugin_vendor:/opt/ros/jazzy/opt/gz_fuel_tools_vendor:/opt/ros/jazzy/opt/gz_msgs_vendor:/opt/ros/jazzy/opt/gz_common_vendor:/opt/ros/jazzy/opt/gz_math_vendor:/opt/ros/jazzy/opt/gz_utils_vendor:/opt/ros/jazzy/opt/gz_tools_vendor:/opt/ros/jazzy/opt/gz_ogre_next_vendor:/opt/ros/jazzy/opt/gz_dartsim_vendor:/opt/ros/jazzy/opt/gz_cmake_vendor:/opt/ros/jazzy LD_LIBRARY_PATH=/home/tamar/ws_moveit/install/pilz_industrial_motion_planner/lib:/home/tamar/ws_moveit/install/moveit_ros_planning_interface/lib:/home/tamar/ws_moveit/install/moveit_ros_move_group/lib:/home/tamar/ws_moveit/install/moveit_ros_warehouse/lib:/home/tamar/ws_moveit/install/moveit_planners_ompl/lib:/home/tamar/ws_moveit/install/moveit_kinematics/lib:/home/tamar/ws_moveit/install/moveit_ros_planning/lib:/home/tamar/ws_moveit/install/moveit_planners_chomp/lib:/home/tamar/ws_moveit/install/pilz_industrial_motion_planner_testutils/lib:/home/tamar/ws_moveit/install/moveit_simple_controller_manager/lib:/home/tamar/ws_moveit/install/moveit_ros_occupancy_map_monitor/lib:/home/tamar/ws_moveit/install/moveit_resources_prbt_ikfast_manipulator_plugin/lib:/home/tamar/ws_moveit/install/moveit_planners_stomp/lib:/home/tamar/ws_moveit/install/chomp_motion_planner/lib:/home/tamar/ws_moveit/install/rviz_marker_tools/lib:/home/tamar/ws_moveit/install/moveit_task_constructor_msgs/lib:/home/tamar/ws_moveit/install/moveit_core/lib:/home/tamar/ws_moveit/install/moveit_msgs/lib:${LD_LIBRARY_PATH} PATH=/home/tamar/ws_moveit/install/moveit_core/bin:${PATH} PYTHONPATH=/home/tamar/ws_moveit/install/moveit_task_constructor_msgs/lib/python3.12/site-packages:/home/tamar/ws_moveit/install/moveit_msgs/lib/python3.12/site-packages:/home/tamar/ws_moveit/install/moveit_configs_utils/lib/python3.12/site-packages:${PYTHONPATH} /usr/bin/cmake /home/tamar/ws_moveit/src/moveit_task_constructor/core -DCMAKE_BUILD_TYPE=Release -DCMAKE_INSTALL_PREFIX=/home/tamar/ws_moveit/install/moveit_task_constructor_core
[4.608s] Invoking command in '/home/tamar/ws_moveit/build/moveit_task_constructor_core': AMENT_PREFIX_PATH=/home/tamar/ws_moveit/install/moveit_planners:/home/tamar/ws_moveit/install/pilz_industrial_motion_planner:/home/tamar/ws_moveit/install/moveit_resources_prbt_pg70_support:/home/tamar/ws_moveit/install/moveit_ros_planning_interface:/home/tamar/ws_moveit/install/moveit_resources_prbt_moveit_config:/home/tamar/ws_moveit/install/moveit_ros_move_group:/home/tamar/ws_moveit/install/moveit_ros_warehouse:/home/tamar/ws_moveit/install/moveit_planners_ompl:/home/tamar/ws_moveit/install/moveit_kinematics:/home/tamar/ws_moveit/install/moveit_ros_planning:/home/tamar/ws_moveit/install/moveit_planners_chomp:/home/tamar/ws_moveit/install/pilz_industrial_motion_planner_testutils:/home/tamar/ws_moveit/install/moveit_simple_controller_manager:/home/tamar/ws_moveit/install/moveit_ros_occupancy_map_monitor:/home/tamar/ws_moveit/install/moveit_resources_prbt_ikfast_manipulator_plugin:/home/tamar/ws_moveit/install/moveit_planners_stomp:/home/tamar/ws_moveit/install/chomp_motion_planner:/home/tamar/ws_moveit/install/rviz_marker_tools:/home/tamar/ws_moveit/install/moveit_task_constructor_msgs:/home/tamar/ws_moveit/install/moveit_resources_fanuc_moveit_config:/home/tamar/ws_moveit/install/moveit_core:/home/tamar/ws_moveit/install/moveit_resources_prbt_support:/home/tamar/ws_moveit/install/moveit_resources_pr2_description:/home/tamar/ws_moveit/install/moveit_resources_panda_description:/home/tamar/ws_moveit/install/moveit_resources_fanuc_description:/home/tamar/ws_moveit/install/moveit_msgs:/home/tamar/ws_moveit/install/moveit_configs_utils:/home/tamar/ws_moveit/install/moveit_common:${AMENT_PREFIX_PATH} CMAKE_PREFIX_PATH=/home/tamar/ws_moveit/install/moveit_planners:/home/tamar/ws_moveit/install/pilz_industrial_motion_planner:/home/tamar/ws_moveit/install/moveit_resources_prbt_pg70_support:/home/tamar/ws_moveit/install/moveit_ros_planning_interface:/home/tamar/ws_moveit/install/moveit_resources_prbt_moveit_config:/home/tamar/ws_moveit/install/moveit_ros_move_group:/home/tamar/ws_moveit/install/moveit_ros_warehouse:/home/tamar/ws_moveit/install/moveit_planners_ompl:/home/tamar/ws_moveit/install/moveit_kinematics:/home/tamar/ws_moveit/install/moveit_ros_planning:/home/tamar/ws_moveit/install/moveit_planners_chomp:/home/tamar/ws_moveit/install/pilz_industrial_motion_planner_testutils:/home/tamar/ws_moveit/install/moveit_simple_controller_manager:/home/tamar/ws_moveit/install/moveit_ros_occupancy_map_monitor:/home/tamar/ws_moveit/install/moveit_resources_prbt_ikfast_manipulator_plugin:/home/tamar/ws_moveit/install/moveit_planners_stomp:/home/tamar/ws_moveit/install/chomp_motion_planner:/home/tamar/ws_moveit/install/rviz_marker_tools:/home/tamar/ws_moveit/install/moveit_task_constructor_msgs:/home/tamar/ws_moveit/install/moveit_resources_fanuc_moveit_config:/home/tamar/ws_moveit/install/moveit_core:/home/tamar/ws_moveit/install/moveit_resources_prbt_support:/home/tamar/ws_moveit/install/moveit_resources_pr2_description:/home/tamar/ws_moveit/install/moveit_resources_panda_description:/home/tamar/ws_moveit/install/moveit_resources_fanuc_description:/home/tamar/ws_moveit/install/moveit_msgs:/home/tamar/ws_moveit/install/moveit_common:/opt/ros/jazzy/opt/gz_sim_vendor:/opt/ros/jazzy/opt/gz_sensors_vendor:/opt/ros/jazzy/opt/gz_physics_vendor:/opt/ros/jazzy/opt/sdformat_vendor:/opt/ros/jazzy/opt/gz_gui_vendor:/opt/ros/jazzy/opt/gz_transport_vendor:/opt/ros/jazzy/opt/gz_rendering_vendor:/opt/ros/jazzy/opt/gz_plugin_vendor:/opt/ros/jazzy/opt/gz_fuel_tools_vendor:/opt/ros/jazzy/opt/gz_msgs_vendor:/opt/ros/jazzy/opt/gz_common_vendor:/opt/ros/jazzy/opt/gz_math_vendor:/opt/ros/jazzy/opt/gz_utils_vendor:/opt/ros/jazzy/opt/gz_tools_vendor:/opt/ros/jazzy/opt/gz_ogre_next_vendor:/opt/ros/jazzy/opt/gz_dartsim_vendor:/opt/ros/jazzy/opt/gz_cmake_vendor:/opt/ros/jazzy LD_LIBRARY_PATH=/home/tamar/ws_moveit/install/pilz_industrial_motion_planner/lib:/home/tamar/ws_moveit/install/moveit_ros_planning_interface/lib:/home/tamar/ws_moveit/install/moveit_ros_move_group/lib:/home/tamar/ws_moveit/install/moveit_ros_warehouse/lib:/home/tamar/ws_moveit/install/moveit_planners_ompl/lib:/home/tamar/ws_moveit/install/moveit_kinematics/lib:/home/tamar/ws_moveit/install/moveit_ros_planning/lib:/home/tamar/ws_moveit/install/moveit_planners_chomp/lib:/home/tamar/ws_moveit/install/pilz_industrial_motion_planner_testutils/lib:/home/tamar/ws_moveit/install/moveit_simple_controller_manager/lib:/home/tamar/ws_moveit/install/moveit_ros_occupancy_map_monitor/lib:/home/tamar/ws_moveit/install/moveit_resources_prbt_ikfast_manipulator_plugin/lib:/home/tamar/ws_moveit/install/moveit_planners_stomp/lib:/home/tamar/ws_moveit/install/chomp_motion_planner/lib:/home/tamar/ws_moveit/install/rviz_marker_tools/lib:/home/tamar/ws_moveit/install/moveit_task_constructor_msgs/lib:/home/tamar/ws_moveit/install/moveit_core/lib:/home/tamar/ws_moveit/install/moveit_msgs/lib:${LD_LIBRARY_PATH} PATH=/home/tamar/ws_moveit/install/moveit_core/bin:${PATH} PYTHONPATH=/home/tamar/ws_moveit/install/moveit_task_constructor_msgs/lib/python3.12/site-packages:/home/tamar/ws_moveit/install/moveit_msgs/lib/python3.12/site-packages:/home/tamar/ws_moveit/install/moveit_configs_utils/lib/python3.12/site-packages:${PYTHONPATH} /usr/bin/cmake --build /home/tamar/ws_moveit/build/moveit_task_constructor_core -- -j32 -l32
[4.658s] [  1%] [32mBuilding CXX object gmock/CMakeFiles/gmock.dir/opt/ros/jazzy/src/gtest_vendor/src/gtest-all.cc.o[0m
[4.661s] [  2%] [32mBuilding CXX object gmock/CMakeFiles/gmock.dir/src/gmock-all.cc.o[0m
[4.671s] [  3%] [32mBuilding CXX object gmock/CMakeFiles/gmock_main.dir/src/gmock_main.cc.o[0m
[4.672s] [  4%] [32mBuilding CXX object src/CMakeFiles/moveit_task_constructor_core.dir/merge.cpp.o[0m
[4.672s] [  5%] [32mBuilding CXX object gtest/CMakeFiles/gtest_main.dir/src/gtest_main.cc.o[0m
[4.673s] [  6%] [32mBuilding CXX object src/CMakeFiles/moveit_task_constructor_core.dir/introspection.cpp.o[0m
[4.673s] [  7%] [32mBuilding CXX object gtest/CMakeFiles/gtest.dir/src/gtest-all.cc.o[0m
[4.673s] [  8%] [32mBuilding CXX object src/CMakeFiles/moveit_task_constructor_core.dir/marker_tools.cpp.o[0m
[4.675s] [  9%] [32mBuilding CXX object src/CMakeFiles/moveit_task_constructor_core.dir/task.cpp.o[0m
[4.675s] [ 10%] [32mBuilding CXX object src/CMakeFiles/moveit_task_constructor_core.dir/cost_terms.cpp.o[0m
[4.676s] [ 11%] [32mBuilding CXX object src/CMakeFiles/moveit_task_constructor_core.dir/stage.cpp.o[0m
[4.676s] [ 13%] [32mBuilding CXX object src/CMakeFiles/moveit_task_constructor_core.dir/container.cpp.o[0m
[4.676s] [ 13%] [32mBuilding CXX object src/CMakeFiles/moveit_task_constructor_core.dir/properties.cpp.o[0m
[4.678s] [ 15%] [32mBuilding CXX object src/CMakeFiles/moveit_task_constructor_core.dir/storage.cpp.o[0m
[4.681s] [ 16%] [32mBuilding CXX object src/CMakeFiles/moveit_task_constructor_core.dir/utils.cpp.o[0m
[4.683s] [ 17%] [32mBuilding CXX object src/CMakeFiles/moveit_task_constructor_core.dir/solvers/planner_interface.cpp.o[0m
[4.686s] [ 17%] Built target ament_cmake_python_copy_moveit
[4.692s] [ 18%] [32mBuilding CXX object src/CMakeFiles/moveit_task_constructor_core.dir/solvers/cartesian_path.cpp.o[0m
[4.722s] [ 19%] [32mBuilding CXX object src/CMakeFiles/moveit_task_constructor_core.dir/solvers/pipeline_planner.cpp.o[0m
[4.722s] [ 20%] [32mBuilding CXX object src/CMakeFiles/moveit_task_constructor_core.dir/solvers/joint_interpolation.cpp.o[0m
[4.740s] [ 21%] [32mBuilding CXX object src/CMakeFiles/moveit_task_constructor_core.dir/solvers/multi_planner.cpp.o[0m
[5.022s] running egg_info
[5.023s] creating moveit.egg-info
[5.046s] writing moveit.egg-info/PKG-INFO
[5.046s] writing dependency_links to moveit.egg-info/dependency_links.txt
[5.047s] writing top-level names to moveit.egg-info/top_level.txt
[5.047s] writing manifest file 'moveit.egg-info/SOURCES.txt'
[5.116s] reading manifest file 'moveit.egg-info/SOURCES.txt'
[5.116s] writing manifest file 'moveit.egg-info/SOURCES.txt'
[5.160s] [ 21%] Built target ament_cmake_python_build_moveit_egg
[5.457s] [ 22%] [32m[1mLinking CXX static library libgtest_main.a[0m
[5.624s] [ 22%] Built target gtest_main
[6.082s] [ 23%] [32m[1mLinking CXX static library libgmock_main.a[0m
[6.151s] [ 23%] Built target gmock_main
[11.405s] [ 24%] [32m[1mLinking CXX static library libgmock.a[0m
[11.452s] [ 24%] Built target gmock
[13.680s] [ 25%] [32m[1mLinking CXX static library libgtest.a[0m
[13.747s] [ 25%] Built target gtest
[17.426s] [ 26%] [32m[1mLinking CXX shared library libmoveit_task_constructor_core.so[0m
[17.607s] [ 26%] Built target moveit_task_constructor_core
[17.633s] [ 27%] [32mBuilding CXX object src/stages/CMakeFiles/moveit_task_constructor_core_stages.dir/fixed_state.cpp.o[0m
[17.637s] [ 29%] [32mBuilding CXX object src/stages/CMakeFiles/moveit_task_constructor_core_stages.dir/passthrough.cpp.o[0m
[17.641s] [ 31%] [32mBuilding CXX object src/stages/CMakeFiles/moveit_task_constructor_core_stages.dir/predicate_filter.cpp.o[0m
[17.641s] [ 31%] [32mBuilding CXX object src/stages/CMakeFiles/moveit_task_constructor_core_stages.dir/generate_place_pose.cpp.o[0m
[17.641s] [ 32%] [32mBuilding CXX object src/stages/CMakeFiles/moveit_task_constructor_core_stages.dir/limit_solutions.cpp.o[0m
[17.641s] [ 33%] [32mBuilding CXX object src/stages/CMakeFiles/moveit_task_constructor_core_stages.dir/move_to.cpp.o[0m
[17.650s] [ 35%] [32mBuilding CXX object test/CMakeFiles/gtest_utils.dir/gtest_value_printers.cpp.o[0m
[17.650s] [ 35%] [32mBuilding CXX object python/bindings/CMakeFiles/moveit_task_constructor_core_python_tools.dir/src/properties.cpp.o[0m
[17.650s] [ 36%] [32mBuilding CXX object test/CMakeFiles/gtest_utils.dir/models.cpp.o[0m
[17.651s] [ 38%] [32mBuilding CXX object test/CMakeFiles/gtest_utils.dir/stage_mockups.cpp.o[0m
[17.652s] [ 38%] [32mBuilding CXX object src/stages/CMakeFiles/moveit_task_constructor_core_stages.dir/current_state.cpp.o[0m
[17.652s] [ 43%] [32mBuilding CXX object src/stages/CMakeFiles/moveit_task_constructor_core_stages.dir/simple_grasp.cpp.o[0m
[17.652s] [ 43%] [32mBuilding CXX object src/stages/CMakeFiles/moveit_task_constructor_core_stages.dir/fix_collision_objects.cpp.o[0m
[17.652s] [ 43%] [32mBuilding CXX object src/stages/CMakeFiles/moveit_task_constructor_core_stages.dir/modify_planning_scene.cpp.o[0m
[17.653s] [ 43%] [32mBuilding CXX object src/stages/CMakeFiles/moveit_task_constructor_core_stages.dir/generate_pose.cpp.o[0m
[17.653s] [ 44%] [32mBuilding CXX object src/stages/CMakeFiles/moveit_task_constructor_core_stages.dir/generate_grasp_pose.cpp.o[0m
[17.653s] [ 46%] [32mBuilding CXX object src/stages/CMakeFiles/moveit_task_constructor_core_stages.dir/fixed_cartesian_poses.cpp.o[0m
[17.653s] [ 46%] [32mBuilding CXX object src/stages/CMakeFiles/moveit_task_constructor_core_stages.dir/generate_random_pose.cpp.o[0m
[17.653s] [ 48%] [32mBuilding CXX object src/stages/CMakeFiles/moveit_task_constructor_core_stages.dir/pick.cpp.o[0m
[17.653s] [ 48%] [32mBuilding CXX object src/stages/CMakeFiles/moveit_task_constructor_core_stages.dir/compute_ik.cpp.o[0m
[17.653s] [ 50%] [32mBuilding CXX object src/stages/CMakeFiles/moveit_task_constructor_core_stages.dir/connect.cpp.o[0m
[17.653s] [ 50%] [32mBuilding CXX object src/stages/CMakeFiles/moveit_task_constructor_core_stages.dir/move_relative.cpp.o[0m
[24.440s] [ 51%] [32m[1mLinking CXX shared library libgtest_utils.so[0m
[24.585s] [ 51%] Built target gtest_utils
[27.552s] [ 52%] [32m[1mLinking CXX shared library libmoveit_task_constructor_core_python_tools.so[0m
[27.670s] [ 52%] Built target moveit_task_constructor_core_python_tools
[30.621s] [ 53%] [32m[1mLinking CXX shared library libmoveit_task_constructor_core_stages.so[0m
[30.775s] [ 53%] Built target moveit_task_constructor_core_stages
[30.802s] [ 54%] [32mBuilding CXX object test/CMakeFiles/moveit_task_constructor_core-test-pipeline-planner.dir/test_pipeline_planner.cpp.o[0m
[30.803s] [ 55%] [32mBuilding CXX object test/CMakeFiles/moveit_task_constructor_core-test-storage.dir/test_storage.cpp.o[0m
[30.805s] [ 56%] [32mBuilding CXX object test/CMakeFiles/moveit_task_constructor_core-test-cost-terms.dir/test_cost_terms.cpp.o[0m
[30.808s] [ 58%] [32mBuilding CXX object python/bindings/CMakeFiles/pymoveit_mtc.dir/src/solvers.cpp.o[0m
[30.809s] [ 59%] [32mBuilding CXX object test/CMakeFiles/moveit_task_constructor_core-test-fallback.dir/test_fallback.cpp.o[0m
[30.810s] [ 60%] [32mBuilding CXX object python/bindings/CMakeFiles/pymoveit_mtc.dir/src/stages.cpp.o[0m
[30.812s] [ 61%] [32mBuilding CXX object python/bindings/CMakeFiles/pymoveit_mtc.dir/src/core.cpp.o[0m
[30.812s] [ 62%] [32mBuilding CXX object test/CMakeFiles/moveit_task_constructor_core-test-stage.dir/test_stage.cpp.o[0m
[30.813s] [ 63%] [32mBuilding CXX object test/CMakeFiles/pick_pa10.dir/pick_pa10.cpp.o[0m
[30.814s] [ 64%] [32mBuilding CXX object python/bindings/CMakeFiles/pymoveit_mtc.dir/src/module.cpp.o[0m
[30.815s] [ 65%] [32mBuilding CXX object src/stages/CMakeFiles/moveit_task_constructor_core_stage_plugins.dir/plugins.cpp.o[0m
[30.823s] [ 66%] [32mBuilding CXX object test/CMakeFiles/pick_pr2.dir/pick_pr2.cpp.o[0m
[30.827s] [ 67%] [32mBuilding CXX object test/CMakeFiles/moveit_task_constructor_core-test-serial.dir/test_serial.cpp.o[0m
[30.827s] [ 68%] [32mBuilding CXX object test/CMakeFiles/moveit_task_constructor_core-test-properties.dir/test_properties.cpp.o[0m
[30.827s] [ 69%] [32mBuilding CXX object test/CMakeFiles/moveit_task_constructor_core-test-move-relative.dir/test_move_relative.cpp.o[0m
[30.830s] [ 70%] [32mBuilding CXX object test/CMakeFiles/moveit_task_constructor_core-test-interface-state.dir/test_interface_state.cpp.o[0m
[30.831s] [ 72%] [32mBuilding CXX object test/CMakeFiles/pick_ur5.dir/pick_ur5.cpp.o[0m
[30.832s] [ 73%] [32mBuilding CXX object test/CMakeFiles/moveit_task_constructor_core-test-mockups.dir/test_mockups.cpp.o[0m
[30.834s] [ 74%] [32mBuilding CXX object test/CMakeFiles/moveit_task_constructor_core-test-pruning.dir/test_pruning.cpp.o[0m
[30.837s] [ 75%] [32mBuilding CXX object test/CMakeFiles/moveit_task_constructor_core-test-container.dir/test_container.cpp.o[0m
[30.840s] [ 76%] [32mBuilding CXX object test/CMakeFiles/moveit_task_constructor_core-test-cost-queue.dir/test_cost_queue.cpp.o[0m
[30.851s] [ 77%] [32mBuilding CXX object test/CMakeFiles/moveit_task_constructor_core-test-move-to.dir/test_move_to.cpp.o[0m
[30.853s] [ 78%] [32mBuilding CXX object test/CMakeFiles/moveit_task_constructor_core-test-limit-solutions.dir/test_limit_solutions.cpp.o[0m
[32.978s] [ 79%] [32m[1mLinking CXX executable moveit_task_constructor_core-test-properties[0m
[33.343s] [ 79%] Built target moveit_task_constructor_core-test-properties
[35.876s] [ 80%] [32m[1mLinking CXX shared library libmoveit_task_constructor_core_stage_plugins.so[0m
[36.268s] [ 80%] Built target moveit_task_constructor_core_stage_plugins
[37.695s] [ 81%] [32m[1mLinking CXX executable moveit_task_constructor_core-test-storage[0m
[38.075s] [ 81%] Built target moveit_task_constructor_core-test-storage
[39.600s] [ 82%] [32m[1mLinking CXX executable moveit_task_constructor_core-test-interface-state[0m
[39.995s] [ 82%] Built target moveit_task_constructor_core-test-interface-state
[41.472s] [ 83%] [32m[1mLinking CXX executable pick_pa10[0m
[41.872s] [ 83%] Built target pick_pa10
[42.107s] [ 84%] [32m[1mLinking CXX executable moveit_task_constructor_core-test-cost-terms[0m
[42.437s] [ 86%] [32m[1mLinking CXX executable moveit_task_constructor_core-test-pruning[0m
[42.519s] [ 86%] Built target moveit_task_constructor_core-test-cost-terms
[42.742s] [ 87%] [32m[1mLinking CXX executable moveit_task_constructor_core-test-mockups[0m
[42.792s] [ 87%] Built target moveit_task_constructor_core-test-pruning
[42.955s] [ 88%] [32m[1mLinking CXX executable moveit_task_constructor_core-test-limit-solutions[0m
[42.987s] [ 88%] Built target moveit_task_constructor_core-test-mockups
[43.336s] [ 88%] Built target moveit_task_constructor_core-test-limit-solutions
[43.811s] [ 89%] [32m[1mLinking CXX executable moveit_task_constructor_core-test-cost-queue[0m
[44.032s] [ 89%] Built target moveit_task_constructor_core-test-cost-queue
[45.443s] [ 90%] [32m[1mLinking CXX executable moveit_task_constructor_core-test-stage[0m
[45.459s] [ 91%] [32m[1mLinking CXX executable moveit_task_constructor_core-test-pipeline-planner[0m
[45.697s] [ 91%] Built target moveit_task_constructor_core-test-stage
[45.714s] [ 91%] Built target moveit_task_constructor_core-test-pipeline-planner
[45.878s] [ 92%] [32m[1mLinking CXX executable moveit_task_constructor_core-test-serial[0m
[46.140s] [ 92%] Built target moveit_task_constructor_core-test-serial
[46.375s] [ 93%] [32m[1mLinking CXX executable pick_ur5[0m
[46.754s] [ 93%] Built target pick_ur5
[47.176s] [ 94%] [32m[1mLinking CXX executable pick_pr2[0m
[47.267s] [ 95%] [32m[1mLinking CXX executable moveit_task_constructor_core-test-fallback[0m
[47.382s] [ 96%] [32m[1mLinking CXX executable moveit_task_constructor_core-test-move-to[0m
[47.484s] [ 96%] Built target pick_pr2
[47.516s] [ 96%] Built target moveit_task_constructor_core-test-fallback
[47.585s] [ 97%] [32m[1mLinking CXX executable moveit_task_constructor_core-test-move-relative[0m
[47.680s] [ 97%] Built target moveit_task_constructor_core-test-move-to
[47.835s] [ 97%] Built target moveit_task_constructor_core-test-move-relative
[48.089s] [ 98%] [32m[1mLinking CXX shared module pymoveit_mtc.cpython-312-x86_64-linux-gnu.so[0m
[48.162s] [100%] [32m[1mLinking CXX executable moveit_task_constructor_core-test-container[0m
[48.388s] [100%] Built target moveit_task_constructor_core-test-container
[49.038s] [01m[Klto-wrapper:[m[K [01;35m[Kwarning: [m[Kusing serial compilation of 12 LTRANS jobs
[49.038s] [01m[Klto-wrapper:[m[K [01;36m[Knote: [m[Ksee the ‘[01m[K-flto[m[K’ option documentation for more information
[55.049s] [100%] Built target pymoveit_mtc
[55.057s] Invoked command in '/home/tamar/ws_moveit/build/moveit_task_constructor_core' returned '0': AMENT_PREFIX_PATH=/home/tamar/ws_moveit/install/moveit_planners:/home/tamar/ws_moveit/install/pilz_industrial_motion_planner:/home/tamar/ws_moveit/install/moveit_resources_prbt_pg70_support:/home/tamar/ws_moveit/install/moveit_ros_planning_interface:/home/tamar/ws_moveit/install/moveit_resources_prbt_moveit_config:/home/tamar/ws_moveit/install/moveit_ros_move_group:/home/tamar/ws_moveit/install/moveit_ros_warehouse:/home/tamar/ws_moveit/install/moveit_planners_ompl:/home/tamar/ws_moveit/install/moveit_kinematics:/home/tamar/ws_moveit/install/moveit_ros_planning:/home/tamar/ws_moveit/install/moveit_planners_chomp:/home/tamar/ws_moveit/install/pilz_industrial_motion_planner_testutils:/home/tamar/ws_moveit/install/moveit_simple_controller_manager:/home/tamar/ws_moveit/install/moveit_ros_occupancy_map_monitor:/home/tamar/ws_moveit/install/moveit_resources_prbt_ikfast_manipulator_plugin:/home/tamar/ws_moveit/install/moveit_planners_stomp:/home/tamar/ws_moveit/install/chomp_motion_planner:/home/tamar/ws_moveit/install/rviz_marker_tools:/home/tamar/ws_moveit/install/moveit_task_constructor_msgs:/home/tamar/ws_moveit/install/moveit_resources_fanuc_moveit_config:/home/tamar/ws_moveit/install/moveit_core:/home/tamar/ws_moveit/install/moveit_resources_prbt_support:/home/tamar/ws_moveit/install/moveit_resources_pr2_description:/home/tamar/ws_moveit/install/moveit_resources_panda_description:/home/tamar/ws_moveit/install/moveit_resources_fanuc_description:/home/tamar/ws_moveit/install/moveit_msgs:/home/tamar/ws_moveit/install/moveit_configs_utils:/home/tamar/ws_moveit/install/moveit_common:${AMENT_PREFIX_PATH} CMAKE_PREFIX_PATH=/home/tamar/ws_moveit/install/moveit_planners:/home/tamar/ws_moveit/install/pilz_industrial_motion_planner:/home/tamar/ws_moveit/install/moveit_resources_prbt_pg70_support:/home/tamar/ws_moveit/install/moveit_ros_planning_interface:/home/tamar/ws_moveit/install/moveit_resources_prbt_moveit_config:/home/tamar/ws_moveit/install/moveit_ros_move_group:/home/tamar/ws_moveit/install/moveit_ros_warehouse:/home/tamar/ws_moveit/install/moveit_planners_ompl:/home/tamar/ws_moveit/install/moveit_kinematics:/home/tamar/ws_moveit/install/moveit_ros_planning:/home/tamar/ws_moveit/install/moveit_planners_chomp:/home/tamar/ws_moveit/install/pilz_industrial_motion_planner_testutils:/home/tamar/ws_moveit/install/moveit_simple_controller_manager:/home/tamar/ws_moveit/install/moveit_ros_occupancy_map_monitor:/home/tamar/ws_moveit/install/moveit_resources_prbt_ikfast_manipulator_plugin:/home/tamar/ws_moveit/install/moveit_planners_stomp:/home/tamar/ws_moveit/install/chomp_motion_planner:/home/tamar/ws_moveit/install/rviz_marker_tools:/home/tamar/ws_moveit/install/moveit_task_constructor_msgs:/home/tamar/ws_moveit/install/moveit_resources_fanuc_moveit_config:/home/tamar/ws_moveit/install/moveit_core:/home/tamar/ws_moveit/install/moveit_resources_prbt_support:/home/tamar/ws_moveit/install/moveit_resources_pr2_description:/home/tamar/ws_moveit/install/moveit_resources_panda_description:/home/tamar/ws_moveit/install/moveit_resources_fanuc_description:/home/tamar/ws_moveit/install/moveit_msgs:/home/tamar/ws_moveit/install/moveit_common:/opt/ros/jazzy/opt/gz_sim_vendor:/opt/ros/jazzy/opt/gz_sensors_vendor:/opt/ros/jazzy/opt/gz_physics_vendor:/opt/ros/jazzy/opt/sdformat_vendor:/opt/ros/jazzy/opt/gz_gui_vendor:/opt/ros/jazzy/opt/gz_transport_vendor:/opt/ros/jazzy/opt/gz_rendering_vendor:/opt/ros/jazzy/opt/gz_plugin_vendor:/opt/ros/jazzy/opt/gz_fuel_tools_vendor:/opt/ros/jazzy/opt/gz_msgs_vendor:/opt/ros/jazzy/opt/gz_common_vendor:/opt/ros/jazzy/opt/gz_math_vendor:/opt/ros/jazzy/opt/gz_utils_vendor:/opt/ros/jazzy/opt/gz_tools_vendor:/opt/ros/jazzy/opt/gz_ogre_next_vendor:/opt/ros/jazzy/opt/gz_dartsim_vendor:/opt/ros/jazzy/opt/gz_cmake_vendor:/opt/ros/jazzy LD_LIBRARY_PATH=/home/tamar/ws_moveit/install/pilz_industrial_motion_planner/lib:/home/tamar/ws_moveit/install/moveit_ros_planning_interface/lib:/home/tamar/ws_moveit/install/moveit_ros_move_group/lib:/home/tamar/ws_moveit/install/moveit_ros_warehouse/lib:/home/tamar/ws_moveit/install/moveit_planners_ompl/lib:/home/tamar/ws_moveit/install/moveit_kinematics/lib:/home/tamar/ws_moveit/install/moveit_ros_planning/lib:/home/tamar/ws_moveit/install/moveit_planners_chomp/lib:/home/tamar/ws_moveit/install/pilz_industrial_motion_planner_testutils/lib:/home/tamar/ws_moveit/install/moveit_simple_controller_manager/lib:/home/tamar/ws_moveit/install/moveit_ros_occupancy_map_monitor/lib:/home/tamar/ws_moveit/install/moveit_resources_prbt_ikfast_manipulator_plugin/lib:/home/tamar/ws_moveit/install/moveit_planners_stomp/lib:/home/tamar/ws_moveit/install/chomp_motion_planner/lib:/home/tamar/ws_moveit/install/rviz_marker_tools/lib:/home/tamar/ws_moveit/install/moveit_task_constructor_msgs/lib:/home/tamar/ws_moveit/install/moveit_core/lib:/home/tamar/ws_moveit/install/moveit_msgs/lib:${LD_LIBRARY_PATH} PATH=/home/tamar/ws_moveit/install/moveit_core/bin:${PATH} PYTHONPATH=/home/tamar/ws_moveit/install/moveit_task_constructor_msgs/lib/python3.12/site-packages:/home/tamar/ws_moveit/install/moveit_msgs/lib/python3.12/site-packages:/home/tamar/ws_moveit/install/moveit_configs_utils/lib/python3.12/site-packages:${PYTHONPATH} /usr/bin/cmake --build /home/tamar/ws_moveit/build/moveit_task_constructor_core -- -j32 -l32
[55.058s] Invoking command in '/home/tamar/ws_moveit/build/moveit_task_constructor_core': AMENT_PREFIX_PATH=/home/tamar/ws_moveit/install/moveit_planners:/home/tamar/ws_moveit/install/pilz_industrial_motion_planner:/home/tamar/ws_moveit/install/moveit_resources_prbt_pg70_support:/home/tamar/ws_moveit/install/moveit_ros_planning_interface:/home/tamar/ws_moveit/install/moveit_resources_prbt_moveit_config:/home/tamar/ws_moveit/install/moveit_ros_move_group:/home/tamar/ws_moveit/install/moveit_ros_warehouse:/home/tamar/ws_moveit/install/moveit_planners_ompl:/home/tamar/ws_moveit/install/moveit_kinematics:/home/tamar/ws_moveit/install/moveit_ros_planning:/home/tamar/ws_moveit/install/moveit_planners_chomp:/home/tamar/ws_moveit/install/pilz_industrial_motion_planner_testutils:/home/tamar/ws_moveit/install/moveit_simple_controller_manager:/home/tamar/ws_moveit/install/moveit_ros_occupancy_map_monitor:/home/tamar/ws_moveit/install/moveit_resources_prbt_ikfast_manipulator_plugin:/home/tamar/ws_moveit/install/moveit_planners_stomp:/home/tamar/ws_moveit/install/chomp_motion_planner:/home/tamar/ws_moveit/install/rviz_marker_tools:/home/tamar/ws_moveit/install/moveit_task_constructor_msgs:/home/tamar/ws_moveit/install/moveit_resources_fanuc_moveit_config:/home/tamar/ws_moveit/install/moveit_core:/home/tamar/ws_moveit/install/moveit_resources_prbt_support:/home/tamar/ws_moveit/install/moveit_resources_pr2_description:/home/tamar/ws_moveit/install/moveit_resources_panda_description:/home/tamar/ws_moveit/install/moveit_resources_fanuc_description:/home/tamar/ws_moveit/install/moveit_msgs:/home/tamar/ws_moveit/install/moveit_configs_utils:/home/tamar/ws_moveit/install/moveit_common:${AMENT_PREFIX_PATH} CMAKE_PREFIX_PATH=/home/tamar/ws_moveit/install/moveit_planners:/home/tamar/ws_moveit/install/pilz_industrial_motion_planner:/home/tamar/ws_moveit/install/moveit_resources_prbt_pg70_support:/home/tamar/ws_moveit/install/moveit_ros_planning_interface:/home/tamar/ws_moveit/install/moveit_resources_prbt_moveit_config:/home/tamar/ws_moveit/install/moveit_ros_move_group:/home/tamar/ws_moveit/install/moveit_ros_warehouse:/home/tamar/ws_moveit/install/moveit_planners_ompl:/home/tamar/ws_moveit/install/moveit_kinematics:/home/tamar/ws_moveit/install/moveit_ros_planning:/home/tamar/ws_moveit/install/moveit_planners_chomp:/home/tamar/ws_moveit/install/pilz_industrial_motion_planner_testutils:/home/tamar/ws_moveit/install/moveit_simple_controller_manager:/home/tamar/ws_moveit/install/moveit_ros_occupancy_map_monitor:/home/tamar/ws_moveit/install/moveit_resources_prbt_ikfast_manipulator_plugin:/home/tamar/ws_moveit/install/moveit_planners_stomp:/home/tamar/ws_moveit/install/chomp_motion_planner:/home/tamar/ws_moveit/install/rviz_marker_tools:/home/tamar/ws_moveit/install/moveit_task_constructor_msgs:/home/tamar/ws_moveit/install/moveit_resources_fanuc_moveit_config:/home/tamar/ws_moveit/install/moveit_core:/home/tamar/ws_moveit/install/moveit_resources_prbt_support:/home/tamar/ws_moveit/install/moveit_resources_pr2_description:/home/tamar/ws_moveit/install/moveit_resources_panda_description:/home/tamar/ws_moveit/install/moveit_resources_fanuc_description:/home/tamar/ws_moveit/install/moveit_msgs:/home/tamar/ws_moveit/install/moveit_common:/opt/ros/jazzy/opt/gz_sim_vendor:/opt/ros/jazzy/opt/gz_sensors_vendor:/opt/ros/jazzy/opt/gz_physics_vendor:/opt/ros/jazzy/opt/sdformat_vendor:/opt/ros/jazzy/opt/gz_gui_vendor:/opt/ros/jazzy/opt/gz_transport_vendor:/opt/ros/jazzy/opt/gz_rendering_vendor:/opt/ros/jazzy/opt/gz_plugin_vendor:/opt/ros/jazzy/opt/gz_fuel_tools_vendor:/opt/ros/jazzy/opt/gz_msgs_vendor:/opt/ros/jazzy/opt/gz_common_vendor:/opt/ros/jazzy/opt/gz_math_vendor:/opt/ros/jazzy/opt/gz_utils_vendor:/opt/ros/jazzy/opt/gz_tools_vendor:/opt/ros/jazzy/opt/gz_ogre_next_vendor:/opt/ros/jazzy/opt/gz_dartsim_vendor:/opt/ros/jazzy/opt/gz_cmake_vendor:/opt/ros/jazzy LD_LIBRARY_PATH=/home/tamar/ws_moveit/install/pilz_industrial_motion_planner/lib:/home/tamar/ws_moveit/install/moveit_ros_planning_interface/lib:/home/tamar/ws_moveit/install/moveit_ros_move_group/lib:/home/tamar/ws_moveit/install/moveit_ros_warehouse/lib:/home/tamar/ws_moveit/install/moveit_planners_ompl/lib:/home/tamar/ws_moveit/install/moveit_kinematics/lib:/home/tamar/ws_moveit/install/moveit_ros_planning/lib:/home/tamar/ws_moveit/install/moveit_planners_chomp/lib:/home/tamar/ws_moveit/install/pilz_industrial_motion_planner_testutils/lib:/home/tamar/ws_moveit/install/moveit_simple_controller_manager/lib:/home/tamar/ws_moveit/install/moveit_ros_occupancy_map_monitor/lib:/home/tamar/ws_moveit/install/moveit_resources_prbt_ikfast_manipulator_plugin/lib:/home/tamar/ws_moveit/install/moveit_planners_stomp/lib:/home/tamar/ws_moveit/install/chomp_motion_planner/lib:/home/tamar/ws_moveit/install/rviz_marker_tools/lib:/home/tamar/ws_moveit/install/moveit_task_constructor_msgs/lib:/home/tamar/ws_moveit/install/moveit_core/lib:/home/tamar/ws_moveit/install/moveit_msgs/lib:${LD_LIBRARY_PATH} PATH=/home/tamar/ws_moveit/install/moveit_core/bin:${PATH} PYTHONPATH=/home/tamar/ws_moveit/install/moveit_task_constructor_msgs/lib/python3.12/site-packages:/home/tamar/ws_moveit/install/moveit_msgs/lib/python3.12/site-packages:/home/tamar/ws_moveit/install/moveit_configs_utils/lib/python3.12/site-packages:${PYTHONPATH} /usr/bin/cmake --install /home/tamar/ws_moveit/build/moveit_task_constructor_core
[55.065s] -- Install configuration: "Release"
[55.065s] -- Installing: /home/tamar/ws_moveit/install/moveit_task_constructor_core/lib/libmoveit_task_constructor_core_stages.so
[55.066s] -- Set non-toolchain portion of runtime path of "/home/tamar/ws_moveit/install/moveit_task_constructor_core/lib/libmoveit_task_constructor_core_stages.so" to ""
[55.066s] -- Installing: /home/tamar/ws_moveit/install/moveit_task_constructor_core/lib/libmoveit_task_constructor_core_stage_plugins.so
[55.066s] -- Set non-toolchain portion of runtime path of "/home/tamar/ws_moveit/install/moveit_task_constructor_core/lib/libmoveit_task_constructor_core_stage_plugins.so" to ""
[55.066s] -- Installing: /home/tamar/ws_moveit/install/moveit_task_constructor_core/lib/libmoveit_task_constructor_core.so
[55.067s] -- Set non-toolchain portion of runtime path of "/home/tamar/ws_moveit/install/moveit_task_constructor_core/lib/libmoveit_task_constructor_core.so" to ""
[55.067s] -- Installing: /home/tamar/ws_moveit/install/moveit_task_constructor_core/share/moveit_task_constructor_core/environment/pythonpath.sh
[55.067s] -- Installing: /home/tamar/ws_moveit/install/moveit_task_constructor_core/share/moveit_task_constructor_core/environment/pythonpath.dsv
[55.067s] -- Installing: /home/tamar/ws_moveit/install/moveit_task_constructor_core/lib/python3.12/site-packages/moveit-0.1.4-py3.12.egg-info
[55.067s] -- Installing: /home/tamar/ws_moveit/install/moveit_task_constructor_core/lib/python3.12/site-packages/moveit-0.1.4-py3.12.egg-info/dependency_links.txt
[55.067s] -- Installing: /home/tamar/ws_moveit/install/moveit_task_constructor_core/lib/python3.12/site-packages/moveit-0.1.4-py3.12.egg-info/SOURCES.txt
[55.067s] -- Installing: /home/tamar/ws_moveit/install/moveit_task_constructor_core/lib/python3.12/site-packages/moveit-0.1.4-py3.12.egg-info/PKG-INFO
[55.067s] -- Installing: /home/tamar/ws_moveit/install/moveit_task_constructor_core/lib/python3.12/site-packages/moveit-0.1.4-py3.12.egg-info/top_level.txt
[55.067s] -- Installing: /home/tamar/ws_moveit/install/moveit_task_constructor_core/lib/python3.12/site-packages/moveit
[55.067s] -- Installing: /home/tamar/ws_moveit/install/moveit_task_constructor_core/lib/python3.12/site-packages/moveit/task_constructor
[55.067s] -- Installing: /home/tamar/ws_moveit/install/moveit_task_constructor_core/lib/python3.12/site-packages/moveit/task_constructor/__init__.py
[55.067s] -- Installing: /home/tamar/ws_moveit/install/moveit_task_constructor_core/lib/python3.12/site-packages/moveit/task_constructor/core.py
[55.067s] -- Installing: /home/tamar/ws_moveit/install/moveit_task_constructor_core/lib/python3.12/site-packages/moveit/task_constructor/stages.py
[55.067s] -- Installing: /home/tamar/ws_moveit/install/moveit_task_constructor_core/lib/python3.12/site-packages/moveit/__init__.py
[55.086s] Listing '/home/tamar/ws_moveit/install/moveit_task_constructor_core/lib/python3.12/site-packages/moveit'...
[55.086s] Compiling '/home/tamar/ws_moveit/install/moveit_task_constructor_core/lib/python3.12/site-packages/moveit/__init__.py'...
[55.086s] Listing '/home/tamar/ws_moveit/install/moveit_task_constructor_core/lib/python3.12/site-packages/moveit/task_constructor'...
[55.086s] Compiling '/home/tamar/ws_moveit/install/moveit_task_constructor_core/lib/python3.12/site-packages/moveit/task_constructor/__init__.py'...
[55.086s] Compiling '/home/tamar/ws_moveit/install/moveit_task_constructor_core/lib/python3.12/site-packages/moveit/task_constructor/core.py'...
[55.086s] Compiling '/home/tamar/ws_moveit/install/moveit_task_constructor_core/lib/python3.12/site-packages/moveit/task_constructor/stages.py'...
[55.089s] -- Installing: /home/tamar/ws_moveit/install/moveit_task_constructor_core/include/moveit/python/pybind11
[55.089s] -- Installing: /home/tamar/ws_moveit/install/moveit_task_constructor_core/include/moveit/python/pybind11/iostream.h
[55.089s] -- Installing: /home/tamar/ws_moveit/install/moveit_task_constructor_core/include/moveit/python/pybind11/trampoline_self_life_support.h
[55.089s] -- Installing: /home/tamar/ws_moveit/install/moveit_task_constructor_core/include/moveit/python/pybind11/eigen
[55.089s] -- Installing: /home/tamar/ws_moveit/install/moveit_task_constructor_core/include/moveit/python/pybind11/eigen/tensor.h
[55.089s] -- Installing: /home/tamar/ws_moveit/install/moveit_task_constructor_core/include/moveit/python/pybind11/eigen/common.h
[55.089s] -- Installing: /home/tamar/ws_moveit/install/moveit_task_constructor_core/include/moveit/python/pybind11/eigen/matrix.h
[55.089s] -- Installing: /home/tamar/ws_moveit/install/moveit_task_constructor_core/include/moveit/python/pybind11/buffer_info.h
[55.090s] -- Installing: /home/tamar/ws_moveit/install/moveit_task_constructor_core/include/moveit/python/pybind11/eval.h
[55.090s] -- Installing: /home/tamar/ws_moveit/install/moveit_task_constructor_core/include/moveit/python/pybind11/detail
[55.090s] -- Installing: /home/tamar/ws_moveit/install/moveit_task_constructor_core/include/moveit/python/pybind11/detail/type_caster_base.h
[55.090s] -- Installing: /home/tamar/ws_moveit/install/moveit_task_constructor_core/include/moveit/python/pybind11/detail/smart_holder_sfinae_hooks_only.h
[55.090s] -- Installing: /home/tamar/ws_moveit/install/moveit_task_constructor_core/include/moveit/python/pybind11/detail/smart_holder_poc.h
[55.090s] -- Installing: /home/tamar/ws_moveit/install/moveit_task_constructor_core/include/moveit/python/pybind11/detail/common.h
[55.090s] -- Installing: /home/tamar/ws_moveit/install/moveit_task_constructor_core/include/moveit/python/pybind11/detail/internals.h
[55.090s] -- Installing: /home/tamar/ws_moveit/install/moveit_task_constructor_core/include/moveit/python/pybind11/detail/smart_holder_type_casters.h
[55.091s] -- Installing: /home/tamar/ws_moveit/install/moveit_task_constructor_core/include/moveit/python/pybind11/detail/descr.h
[55.091s] -- Installing: /home/tamar/ws_moveit/install/moveit_task_constructor_core/include/moveit/python/pybind11/detail/dynamic_raw_ptr_cast_if_possible.h
[55.091s] -- Installing: /home/tamar/ws_moveit/install/moveit_task_constructor_core/include/moveit/python/pybind11/detail/init.h
[55.091s] -- Installing: /home/tamar/ws_moveit/install/moveit_task_constructor_core/include/moveit/python/pybind11/detail/typeid.h
[55.091s] -- Installing: /home/tamar/ws_moveit/install/moveit_task_constructor_core/include/moveit/python/pybind11/detail/class.h
[55.091s] -- Installing: /home/tamar/ws_moveit/install/moveit_task_constructor_core/include/moveit/python/pybind11/detail/type_caster_odr_guard.h
[55.091s] -- Installing: /home/tamar/ws_moveit/install/moveit_task_constructor_core/include/moveit/python/pybind11/smart_holder.h
[55.091s] -- Installing: /home/tamar/ws_moveit/install/moveit_task_constructor_core/include/moveit/python/pybind11/typing.h
[55.091s] -- Installing: /home/tamar/ws_moveit/install/moveit_task_constructor_core/include/moveit/python/pybind11/gil_safe_call_once.h
[55.091s] -- Installing: /home/tamar/ws_moveit/install/moveit_task_constructor_core/include/moveit/python/pybind11/complex.h
[55.092s] -- Installing: /home/tamar/ws_moveit/install/moveit_task_constructor_core/include/moveit/python/pybind11/common.h
[55.092s] -- Installing: /home/tamar/ws_moveit/install/moveit_task_constructor_core/include/moveit/python/pybind11/numpy.h
[55.092s] -- Installing: /home/tamar/ws_moveit/install/moveit_task_constructor_core/include/moveit/python/pybind11/pytypes.h
[55.092s] -- Installing: /home/tamar/ws_moveit/install/moveit_task_constructor_core/include/moveit/python/pybind11/stl
[55.092s] -- Installing: /home/tamar/ws_moveit/install/moveit_task_constructor_core/include/moveit/python/pybind11/stl/filesystem.h
[55.092s] -- Installing: /home/tamar/ws_moveit/install/moveit_task_constructor_core/include/moveit/python/pybind11/type_caster_pyobject_ptr.h
[55.092s] -- Installing: /home/tamar/ws_moveit/install/moveit_task_constructor_core/include/moveit/python/pybind11/operators.h
[55.092s] -- Installing: /home/tamar/ws_moveit/install/moveit_task_constructor_core/include/moveit/python/pybind11/pybind11.h
[55.093s] -- Installing: /home/tamar/ws_moveit/install/moveit_task_constructor_core/include/moveit/python/pybind11/stl.h
[55.093s] -- Installing: /home/tamar/ws_moveit/install/moveit_task_constructor_core/include/moveit/python/pybind11/attr.h
[55.093s] -- Installing: /home/tamar/ws_moveit/install/moveit_task_constructor_core/include/moveit/python/pybind11/chrono.h
[55.093s] -- Installing: /home/tamar/ws_moveit/install/moveit_task_constructor_core/include/moveit/python/pybind11/options.h
[55.093s] -- Installing: /home/tamar/ws_moveit/install/moveit_task_constructor_core/include/moveit/python/pybind11/gil.h
[55.093s] -- Installing: /home/tamar/ws_moveit/install/moveit_task_constructor_core/include/moveit/python/pybind11/stl_bind.h
[55.093s] -- Installing: /home/tamar/ws_moveit/install/moveit_task_constructor_core/include/moveit/python/pybind11/eigen.h
[55.093s] -- Installing: /home/tamar/ws_moveit/install/moveit_task_constructor_core/include/moveit/python/pybind11/functional.h
[55.093s] -- Installing: /home/tamar/ws_moveit/install/moveit_task_constructor_core/include/moveit/python/pybind11/embed.h
[55.094s] -- Installing: /home/tamar/ws_moveit/install/moveit_task_constructor_core/include/moveit/python/pybind11/cast.h
[55.094s] -- Installing: /home/tamar/ws_moveit/install/moveit_task_constructor_core/share/moveit_task_constructor_core/cmake/pybind11Config.cmake
[55.094s] -- Installing: /home/tamar/ws_moveit/install/moveit_task_constructor_core/share/moveit_task_constructor_core/cmake/pybind11ConfigVersion.cmake
[55.094s] -- Installing: /home/tamar/ws_moveit/install/moveit_task_constructor_core/share/moveit_task_constructor_core/cmake/FindPythonLibsNew.cmake
[55.094s] -- Installing: /home/tamar/ws_moveit/install/moveit_task_constructor_core/share/moveit_task_constructor_core/cmake/pybind11Common.cmake
[55.094s] -- Installing: /home/tamar/ws_moveit/install/moveit_task_constructor_core/share/moveit_task_constructor_core/cmake/pybind11Tools.cmake
[55.094s] -- Installing: /home/tamar/ws_moveit/install/moveit_task_constructor_core/share/moveit_task_constructor_core/cmake/pybind11NewTools.cmake
[55.094s] -- Installing: /home/tamar/ws_moveit/install/moveit_task_constructor_core/share/moveit_task_constructor_core/cmake/pybind11Targets.cmake
[55.095s] -- Installing: /home/tamar/ws_moveit/install/moveit_task_constructor_core/share/pkgconfig/pybind11.pc
[55.095s] -- Installing: /home/tamar/ws_moveit/install/moveit_task_constructor_core/lib/libmoveit_task_constructor_core_python_tools.so
[55.095s] -- Set non-toolchain portion of runtime path of "/home/tamar/ws_moveit/install/moveit_task_constructor_core/lib/libmoveit_task_constructor_core_python_tools.so" to ""
[55.095s] -- Installing: /home/tamar/ws_moveit/install/moveit_task_constructor_core/lib/python3.12/site-packages/pymoveit_mtc.cpython-312-x86_64-linux-gnu.so
[55.096s] -- Set non-toolchain portion of runtime path of "/home/tamar/ws_moveit/install/moveit_task_constructor_core/lib/python3.12/site-packages/pymoveit_mtc.cpython-312-x86_64-linux-gnu.so" to ""
[55.097s] -- Up-to-date: /home/tamar/ws_moveit/install/moveit_task_constructor_core/include
[55.097s] -- Up-to-date: /home/tamar/ws_moveit/install/moveit_task_constructor_core/include/moveit
[55.097s] -- Installing: /home/tamar/ws_moveit/install/moveit_task_constructor_core/include/moveit/task_constructor
[55.097s] -- Installing: /home/tamar/ws_moveit/install/moveit_task_constructor_core/include/moveit/task_constructor/solvers.h
[55.097s] -- Installing: /home/tamar/ws_moveit/install/moveit_task_constructor_core/include/moveit/task_constructor/marker_tools.h
[55.097s] -- Installing: /home/tamar/ws_moveit/install/moveit_task_constructor_core/include/moveit/task_constructor/merge.h
[55.097s] -- Installing: /home/tamar/ws_moveit/install/moveit_task_constructor_core/include/moveit/task_constructor/stage.h
[55.097s] -- Installing: /home/tamar/ws_moveit/install/moveit_task_constructor_core/include/moveit/task_constructor/introspection.h
[55.097s] -- Installing: /home/tamar/ws_moveit/install/moveit_task_constructor_core/include/moveit/task_constructor/properties.h
[55.097s] -- Installing: /home/tamar/ws_moveit/install/moveit_task_constructor_core/include/moveit/task_constructor/trajectory_execution_info.h
[55.097s] -- Installing: /home/tamar/ws_moveit/install/moveit_task_constructor_core/include/moveit/task_constructor/stages.h
[55.098s] -- Installing: /home/tamar/ws_moveit/install/moveit_task_constructor_core/include/moveit/task_constructor/container.h
[55.098s] -- Installing: /home/tamar/ws_moveit/install/moveit_task_constructor_core/include/moveit/task_constructor/moveit_compat.h
[55.098s] -- Installing: /home/tamar/ws_moveit/install/moveit_task_constructor_core/include/moveit/task_constructor/solvers
[55.098s] -- Installing: /home/tamar/ws_moveit/install/moveit_task_constructor_core/include/moveit/task_constructor/solvers/multi_planner.h
[55.098s] -- Installing: /home/tamar/ws_moveit/install/moveit_task_constructor_core/include/moveit/task_constructor/solvers/pipeline_planner.h
[55.098s] -- Installing: /home/tamar/ws_moveit/install/moveit_task_constructor_core/include/moveit/task_constructor/solvers/cartesian_path.h
[55.098s] -- Installing: /home/tamar/ws_moveit/install/moveit_task_constructor_core/include/moveit/task_constructor/solvers/joint_interpolation.h
[55.098s] -- Installing: /home/tamar/ws_moveit/install/moveit_task_constructor_core/include/moveit/task_constructor/solvers/planner_interface.h
[55.098s] -- Installing: /home/tamar/ws_moveit/install/moveit_task_constructor_core/include/moveit/task_constructor/type_traits.h
[55.098s] -- Installing: /home/tamar/ws_moveit/install/moveit_task_constructor_core/include/moveit/task_constructor/storage.h
[55.098s] -- Installing: /home/tamar/ws_moveit/install/moveit_task_constructor_core/include/moveit/task_constructor/utils.h
[55.098s] -- Installing: /home/tamar/ws_moveit/install/moveit_task_constructor_core/include/moveit/task_constructor/cost_terms.h
[55.098s] -- Installing: /home/tamar/ws_moveit/install/moveit_task_constructor_core/include/moveit/task_constructor/cost_queue.h
[55.098s] -- Installing: /home/tamar/ws_moveit/install/moveit_task_constructor_core/include/moveit/task_constructor/stages
[55.098s] -- Installing: /home/tamar/ws_moveit/install/moveit_task_constructor_core/include/moveit/task_constructor/stages/generate_pose.h
[55.098s] -- Installing: /home/tamar/ws_moveit/install/moveit_task_constructor_core/include/moveit/task_constructor/stages/predicate_filter.h
[55.098s] -- Installing: /home/tamar/ws_moveit/install/moveit_task_constructor_core/include/moveit/task_constructor/stages/fix_collision_objects.h
[55.099s] -- Installing: /home/tamar/ws_moveit/install/moveit_task_constructor_core/include/moveit/task_constructor/stages/move_relative.h
[55.099s] -- Installing: /home/tamar/ws_moveit/install/moveit_task_constructor_core/include/moveit/task_constructor/stages/compute_ik.h
[55.099s] -- Installing: /home/tamar/ws_moveit/install/moveit_task_constructor_core/include/moveit/task_constructor/stages/generate_random_pose.h
[55.099s] -- Installing: /home/tamar/ws_moveit/install/moveit_task_constructor_core/include/moveit/task_constructor/stages/passthrough.h
[55.099s] -- Installing: /home/tamar/ws_moveit/install/moveit_task_constructor_core/include/moveit/task_constructor/stages/generate_grasp_pose.h
[55.099s] -- Installing: /home/tamar/ws_moveit/install/moveit_task_constructor_core/include/moveit/task_constructor/stages/move_to.h
[55.099s] -- Installing: /home/tamar/ws_moveit/install/moveit_task_constructor_core/include/moveit/task_constructor/stages/generate_place_pose.h
[55.099s] -- Installing: /home/tamar/ws_moveit/install/moveit_task_constructor_core/include/moveit/task_constructor/stages/modify_planning_scene.h
[55.099s] -- Installing: /home/tamar/ws_moveit/install/moveit_task_constructor_core/include/moveit/task_constructor/stages/fixed_cartesian_poses.h
[55.099s] -- Installing: /home/tamar/ws_moveit/install/moveit_task_constructor_core/include/moveit/task_constructor/stages/fixed_state.h
[55.099s] -- Installing: /home/tamar/ws_moveit/install/moveit_task_constructor_core/include/moveit/task_constructor/stages/noop.h
[55.099s] -- Installing: /home/tamar/ws_moveit/install/moveit_task_constructor_core/include/moveit/task_constructor/stages/simple_grasp.h
[55.099s] -- Installing: /home/tamar/ws_moveit/install/moveit_task_constructor_core/include/moveit/task_constructor/stages/pick.h
[55.099s] -- Installing: /home/tamar/ws_moveit/install/moveit_task_constructor_core/include/moveit/task_constructor/stages/current_state.h
[55.099s] -- Installing: /home/tamar/ws_moveit/install/moveit_task_constructor_core/include/moveit/task_constructor/stages/limit_solutions.h
[55.099s] -- Installing: /home/tamar/ws_moveit/install/moveit_task_constructor_core/include/moveit/task_constructor/stages/connect.h
[55.099s] -- Installing: /home/tamar/ws_moveit/install/moveit_task_constructor_core/include/moveit/task_constructor/task.h
[55.099s] -- Up-to-date: /home/tamar/ws_moveit/install/moveit_task_constructor_core/include/moveit/python
[55.099s] -- Installing: /home/tamar/ws_moveit/install/moveit_task_constructor_core/include/moveit/python/task_constructor
[55.099s] -- Installing: /home/tamar/ws_moveit/install/moveit_task_constructor_core/include/moveit/python/task_constructor/properties.h
[55.100s] -- Installing: /home/tamar/ws_moveit/install/moveit_task_constructor_core/share/moveit_task_constructor_core/motion_planning_stages_plugin_description.xml
[55.100s] -- Installing: /home/tamar/ws_moveit/install/moveit_task_constructor_core/share/moveit_task_constructor_core/environment/library_path.sh
[55.100s] -- Installing: /home/tamar/ws_moveit/install/moveit_task_constructor_core/share/moveit_task_constructor_core/environment/library_path.dsv
[55.100s] -- Installing: /home/tamar/ws_moveit/install/moveit_task_constructor_core/share/ament_index/resource_index/package_run_dependencies/moveit_task_constructor_core
[55.100s] -- Installing: /home/tamar/ws_moveit/install/moveit_task_constructor_core/share/ament_index/resource_index/parent_prefix_path/moveit_task_constructor_core
[55.100s] -- Installing: /home/tamar/ws_moveit/install/moveit_task_constructor_core/share/moveit_task_constructor_core/environment/ament_prefix_path.sh
[55.100s] -- Installing: /home/tamar/ws_moveit/install/moveit_task_constructor_core/share/moveit_task_constructor_core/environment/ament_prefix_path.dsv
[55.100s] -- Installing: /home/tamar/ws_moveit/install/moveit_task_constructor_core/share/moveit_task_constructor_core/environment/path.sh
[55.100s] -- Installing: /home/tamar/ws_moveit/install/moveit_task_constructor_core/share/moveit_task_constructor_core/environment/path.dsv
[55.100s] -- Installing: /home/tamar/ws_moveit/install/moveit_task_constructor_core/share/moveit_task_constructor_core/local_setup.bash
[55.100s] -- Installing: /home/tamar/ws_moveit/install/moveit_task_constructor_core/share/moveit_task_constructor_core/local_setup.sh
[55.100s] -- Installing: /home/tamar/ws_moveit/install/moveit_task_constructor_core/share/moveit_task_constructor_core/local_setup.zsh
[55.100s] -- Installing: /home/tamar/ws_moveit/install/moveit_task_constructor_core/share/moveit_task_constructor_core/local_setup.dsv
[55.100s] -- Installing: /home/tamar/ws_moveit/install/moveit_task_constructor_core/share/moveit_task_constructor_core/package.dsv
[55.100s] -- Installing: /home/tamar/ws_moveit/install/moveit_task_constructor_core/share/ament_index/resource_index/packages/moveit_task_constructor_core
[55.100s] -- Installing: /home/tamar/ws_moveit/install/moveit_task_constructor_core/share/ament_index/resource_index/moveit_task_constructor_core__pluginlib__plugin/moveit_task_constructor_core
[55.101s] -- Installing: /home/tamar/ws_moveit/install/moveit_task_constructor_core/share/moveit_task_constructor_core/cmake/moveit_task_constructor_coreTargetsExport.cmake
[55.101s] -- Installing: /home/tamar/ws_moveit/install/moveit_task_constructor_core/share/moveit_task_constructor_core/cmake/moveit_task_constructor_coreTargetsExport-release.cmake
[55.101s] -- Installing: /home/tamar/ws_moveit/install/moveit_task_constructor_core/share/moveit_task_constructor_core/cmake/ament_cmake_export_targets-extras.cmake
[55.101s] -- Installing: /home/tamar/ws_moveit/install/moveit_task_constructor_core/share/moveit_task_constructor_core/cmake/ament_cmake_export_dependencies-extras.cmake
[55.101s] -- Installing: /home/tamar/ws_moveit/install/moveit_task_constructor_core/share/moveit_task_constructor_core/cmake/moveit_task_constructor_coreConfig.cmake
[55.101s] -- Installing: /home/tamar/ws_moveit/install/moveit_task_constructor_core/share/moveit_task_constructor_core/cmake/moveit_task_constructor_coreConfig-version.cmake
[55.101s] -- Installing: /home/tamar/ws_moveit/install/moveit_task_constructor_core/share/moveit_task_constructor_core/package.xml
[55.102s] Invoked command in '/home/tamar/ws_moveit/build/moveit_task_constructor_core' returned '0': AMENT_PREFIX_PATH=/home/tamar/ws_moveit/install/moveit_planners:/home/tamar/ws_moveit/install/pilz_industrial_motion_planner:/home/tamar/ws_moveit/install/moveit_resources_prbt_pg70_support:/home/tamar/ws_moveit/install/moveit_ros_planning_interface:/home/tamar/ws_moveit/install/moveit_resources_prbt_moveit_config:/home/tamar/ws_moveit/install/moveit_ros_move_group:/home/tamar/ws_moveit/install/moveit_ros_warehouse:/home/tamar/ws_moveit/install/moveit_planners_ompl:/home/tamar/ws_moveit/install/moveit_kinematics:/home/tamar/ws_moveit/install/moveit_ros_planning:/home/tamar/ws_moveit/install/moveit_planners_chomp:/home/tamar/ws_moveit/install/pilz_industrial_motion_planner_testutils:/home/tamar/ws_moveit/install/moveit_simple_controller_manager:/home/tamar/ws_moveit/install/moveit_ros_occupancy_map_monitor:/home/tamar/ws_moveit/install/moveit_resources_prbt_ikfast_manipulator_plugin:/home/tamar/ws_moveit/install/moveit_planners_stomp:/home/tamar/ws_moveit/install/chomp_motion_planner:/home/tamar/ws_moveit/install/rviz_marker_tools:/home/tamar/ws_moveit/install/moveit_task_constructor_msgs:/home/tamar/ws_moveit/install/moveit_resources_fanuc_moveit_config:/home/tamar/ws_moveit/install/moveit_core:/home/tamar/ws_moveit/install/moveit_resources_prbt_support:/home/tamar/ws_moveit/install/moveit_resources_pr2_description:/home/tamar/ws_moveit/install/moveit_resources_panda_description:/home/tamar/ws_moveit/install/moveit_resources_fanuc_description:/home/tamar/ws_moveit/install/moveit_msgs:/home/tamar/ws_moveit/install/moveit_configs_utils:/home/tamar/ws_moveit/install/moveit_common:${AMENT_PREFIX_PATH} CMAKE_PREFIX_PATH=/home/tamar/ws_moveit/install/moveit_planners:/home/tamar/ws_moveit/install/pilz_industrial_motion_planner:/home/tamar/ws_moveit/install/moveit_resources_prbt_pg70_support:/home/tamar/ws_moveit/install/moveit_ros_planning_interface:/home/tamar/ws_moveit/install/moveit_resources_prbt_moveit_config:/home/tamar/ws_moveit/install/moveit_ros_move_group:/home/tamar/ws_moveit/install/moveit_ros_warehouse:/home/tamar/ws_moveit/install/moveit_planners_ompl:/home/tamar/ws_moveit/install/moveit_kinematics:/home/tamar/ws_moveit/install/moveit_ros_planning:/home/tamar/ws_moveit/install/moveit_planners_chomp:/home/tamar/ws_moveit/install/pilz_industrial_motion_planner_testutils:/home/tamar/ws_moveit/install/moveit_simple_controller_manager:/home/tamar/ws_moveit/install/moveit_ros_occupancy_map_monitor:/home/tamar/ws_moveit/install/moveit_resources_prbt_ikfast_manipulator_plugin:/home/tamar/ws_moveit/install/moveit_planners_stomp:/home/tamar/ws_moveit/install/chomp_motion_planner:/home/tamar/ws_moveit/install/rviz_marker_tools:/home/tamar/ws_moveit/install/moveit_task_constructor_msgs:/home/tamar/ws_moveit/install/moveit_resources_fanuc_moveit_config:/home/tamar/ws_moveit/install/moveit_core:/home/tamar/ws_moveit/install/moveit_resources_prbt_support:/home/tamar/ws_moveit/install/moveit_resources_pr2_description:/home/tamar/ws_moveit/install/moveit_resources_panda_description:/home/tamar/ws_moveit/install/moveit_resources_fanuc_description:/home/tamar/ws_moveit/install/moveit_msgs:/home/tamar/ws_moveit/install/moveit_common:/opt/ros/jazzy/opt/gz_sim_vendor:/opt/ros/jazzy/opt/gz_sensors_vendor:/opt/ros/jazzy/opt/gz_physics_vendor:/opt/ros/jazzy/opt/sdformat_vendor:/opt/ros/jazzy/opt/gz_gui_vendor:/opt/ros/jazzy/opt/gz_transport_vendor:/opt/ros/jazzy/opt/gz_rendering_vendor:/opt/ros/jazzy/opt/gz_plugin_vendor:/opt/ros/jazzy/opt/gz_fuel_tools_vendor:/opt/ros/jazzy/opt/gz_msgs_vendor:/opt/ros/jazzy/opt/gz_common_vendor:/opt/ros/jazzy/opt/gz_math_vendor:/opt/ros/jazzy/opt/gz_utils_vendor:/opt/ros/jazzy/opt/gz_tools_vendor:/opt/ros/jazzy/opt/gz_ogre_next_vendor:/opt/ros/jazzy/opt/gz_dartsim_vendor:/opt/ros/jazzy/opt/gz_cmake_vendor:/opt/ros/jazzy LD_LIBRARY_PATH=/home/tamar/ws_moveit/install/pilz_industrial_motion_planner/lib:/home/tamar/ws_moveit/install/moveit_ros_planning_interface/lib:/home/tamar/ws_moveit/install/moveit_ros_move_group/lib:/home/tamar/ws_moveit/install/moveit_ros_warehouse/lib:/home/tamar/ws_moveit/install/moveit_planners_ompl/lib:/home/tamar/ws_moveit/install/moveit_kinematics/lib:/home/tamar/ws_moveit/install/moveit_ros_planning/lib:/home/tamar/ws_moveit/install/moveit_planners_chomp/lib:/home/tamar/ws_moveit/install/pilz_industrial_motion_planner_testutils/lib:/home/tamar/ws_moveit/install/moveit_simple_controller_manager/lib:/home/tamar/ws_moveit/install/moveit_ros_occupancy_map_monitor/lib:/home/tamar/ws_moveit/install/moveit_resources_prbt_ikfast_manipulator_plugin/lib:/home/tamar/ws_moveit/install/moveit_planners_stomp/lib:/home/tamar/ws_moveit/install/chomp_motion_planner/lib:/home/tamar/ws_moveit/install/rviz_marker_tools/lib:/home/tamar/ws_moveit/install/moveit_task_constructor_msgs/lib:/home/tamar/ws_moveit/install/moveit_core/lib:/home/tamar/ws_moveit/install/moveit_msgs/lib:${LD_LIBRARY_PATH} PATH=/home/tamar/ws_moveit/install/moveit_core/bin:${PATH} PYTHONPATH=/home/tamar/ws_moveit/install/moveit_task_constructor_msgs/lib/python3.12/site-packages:/home/tamar/ws_moveit/install/moveit_msgs/lib/python3.12/site-packages:/home/tamar/ws_moveit/install/moveit_configs_utils/lib/python3.12/site-packages:${PYTHONPATH} /usr/bin/cmake --install /home/tamar/ws_moveit/build/moveit_task_constructor_core
