-- The C compiler identification is GNU 13.3.0
-- The CXX compiler identification is GNU 13.3.0
-- Detecting C compiler ABI info
-- Detecting C compiler ABI info - done
-- Check for working C compiler: /usr/bin/cc - skipped
-- Detecting C compile features
-- Detecting C compile features - done
-- Detecting CXX compiler ABI info
-- Detecting CXX compiler ABI info - done
-- Check for working CXX compiler: /usr/bin/c++ - skipped
-- Detecting CXX compile features
-- Detecting CXX compile features - done
-- Found ament_cmake: 2.5.4 (/opt/ros/jazzy/share/ament_cmake/cmake)
-- Found Python3: /home/tamar/vEnv/bin/python3 (found version "3.12.3") found components: Interpreter 
-- Found xacro: 2.0.13 (/opt/ros/jazzy/share/xacro/cmake)
-- Found rclcpp: 28.1.12 (/opt/ros/jazzy/share/rclcpp/cmake)
-- Found rosidl_generator_c: 4.6.6 (/opt/ros/jazzy/share/rosidl_generator_c/cmake)
-- Found rosidl_generator_cpp: 4.6.6 (/opt/ros/jazzy/share/rosidl_generator_cpp/cmake)
-- Using all available rosidl_typesupport_c: rosidl_typesupport_fastrtps_c;rosidl_typesupport_introspection_c
-- Using all available rosidl_typesupport_cpp: rosidl_typesupport_fastrtps_cpp;rosidl_typesupport_introspection_cpp
-- Found rmw_implementation_cmake: 7.3.2 (/opt/ros/jazzy/share/rmw_implementation_cmake/cmake)
-- Found rmw_cyclonedds_cpp: 2.2.3 (/opt/ros/jazzy/share/rmw_cyclonedds_cpp/cmake)
-- Using RMW implementation 'rmw_cyclonedds_cpp' as default
-- Found std_msgs: 5.3.6 (/opt/ros/jazzy/share/std_msgs/cmake)
-- Found trajectory_msgs: 5.3.6 (/opt/ros/jazzy/share/trajectory_msgs/cmake)
-- Configuring done (1.3s)
-- Generating done (0.0s)
-- Build files have been written to: /home/tamar/RBE594_ws/build/sirgas_description
-- Install configuration: ""
-- Installing: /home/tamar/RBE594_ws/install/sirgas_description/share/sirgas_description//urdf
-- Installing: /home/tamar/RBE594_ws/install/sirgas_description/share/sirgas_description//urdf/pba.urdf.xacro
-- Installing: /home/tamar/RBE594_ws/install/sirgas_description/share/sirgas_description//urdf/ur20_macro.xacro
-- Installing: /home/tamar/RBE594_ws/install/sirgas_description/share/sirgas_description//urdf/ur20_picker.urdf.xacro
-- Installing: /home/tamar/RBE594_ws/install/sirgas_description/share/sirgas_description//urdf/inc
-- Installing: /home/tamar/RBE594_ws/install/sirgas_description/share/sirgas_description//urdf/inc/ur_common.xacro
-- Installing: /home/tamar/RBE594_ws/install/sirgas_description/share/sirgas_description//urdf/inc/ur_transmissions.xacro
-- Installing: /home/tamar/RBE594_ws/install/sirgas_description/share/sirgas_description//urdf/gear_starter_motor.urdf.xacro
-- Installing: /home/tamar/RBE594_ws/install/sirgas_description/share/sirgas_description//urdf/ur20_starter.urdf.xacro
-- Installing: /home/tamar/RBE594_ws/install/sirgas_description/share/sirgas_description//urdf/ur20.ros2_control.xacro
-- Installing: /home/tamar/RBE594_ws/install/sirgas_description/share/sirgas_description//launch
-- Installing: /home/tamar/RBE594_ws/install/sirgas_description/share/sirgas_description//launch/ur20_starter_spawn.launch.py
-- Installing: /home/tamar/RBE594_ws/install/sirgas_description/share/sirgas_description//launch/sim2.launch.py
-- Installing: /home/tamar/RBE594_ws/install/sirgas_description/share/sirgas_description//launch/ur20_starter.launch.py
-- Installing: /home/tamar/RBE594_ws/install/sirgas_description/share/sirgas_description//launch/sim.launch.py
-- Installing: /home/tamar/RBE594_ws/install/sirgas_description/share/sirgas_description//launch/pba.launch.py
-- Installing: /home/tamar/RBE594_ws/install/sirgas_description/share/sirgas_description//launch/gr.launch.py
-- Installing: /home/tamar/RBE594_ws/install/sirgas_description/share/sirgas_description//launch/sim3.launch.py
-- Installing: /home/tamar/RBE594_ws/install/sirgas_description/share/sirgas_description//meshes
-- Installing: /home/tamar/RBE594_ws/install/sirgas_description/share/sirgas_description//meshes/Motor_Housing.stl
-- Installing: /home/tamar/RBE594_ws/install/sirgas_description/share/sirgas_description//meshes/Peg_Board.stl
-- Installing: /home/tamar/RBE594_ws/install/sirgas_description/share/sirgas_description//meshes/First_Gear.stl
-- Installing: /home/tamar/RBE594_ws/install/sirgas_description/share/sirgas_description//meshes/Second_Gear.stl
-- Installing: /home/tamar/RBE594_ws/install/sirgas_description/share/sirgas_description//meshes/Assembly 1.stl
-- Installing: /home/tamar/RBE594_ws/install/sirgas_description/share/sirgas_description//meshes/Gear_Rotator.stl
-- Installing: /home/tamar/RBE594_ws/install/sirgas_description/share/sirgas_description//meshes/Third_Gear.stl
-- Installing: /home/tamar/RBE594_ws/install/sirgas_description/share/sirgas_description//meshes/Starter_Gear.stl
-- Installing: /home/tamar/RBE594_ws/install/sirgas_description/share/sirgas_description//world
-- Installing: /home/tamar/RBE594_ws/install/sirgas_description/share/sirgas_description//rviz
-- Installing: /home/tamar/RBE594_ws/install/sirgas_description/share/sirgas_description//rviz/ur20_view.rviz
-- Installing: /home/tamar/RBE594_ws/install/sirgas_description/share/sirgas_description//rviz/config.rviz
-- Installing: /home/tamar/RBE594_ws/install/sirgas_description/share/sirgas_description//config
-- Installing: /home/tamar/RBE594_ws/install/sirgas_description/share/sirgas_description//config/pba_controller.yaml
-- Installing: /home/tamar/RBE594_ws/install/sirgas_description/share/sirgas_description//config/ur20_picker_controllers.yaml
-- Installing: /home/tamar/RBE594_ws/install/sirgas_description/share/sirgas_description//config/ur20_starter_controllers.yaml
-- Installing: /home/tamar/RBE594_ws/install/sirgas_description/share/sirgas_description//config/initial_positions.yaml
-- Installing: /home/tamar/RBE594_ws/install/sirgas_description/share/sirgas_description//config/ur20_controllers.yaml
-- Installing: /home/tamar/RBE594_ws/install/sirgas_description/share/sirgas_description//config/gear_coupling_controller.yaml
-- Installing: /home/tamar/RBE594_ws/install/sirgas_description/share/ament_index/resource_index/package_run_dependencies/sirgas_description
-- Installing: /home/tamar/RBE594_ws/install/sirgas_description/share/ament_index/resource_index/parent_prefix_path/sirgas_description
-- Installing: /home/tamar/RBE594_ws/install/sirgas_description/share/sirgas_description/environment/ament_prefix_path.sh
-- Installing: /home/tamar/RBE594_ws/install/sirgas_description/share/sirgas_description/environment/ament_prefix_path.dsv
-- Installing: /home/tamar/RBE594_ws/install/sirgas_description/share/sirgas_description/environment/path.sh
-- Installing: /home/tamar/RBE594_ws/install/sirgas_description/share/sirgas_description/environment/path.dsv
-- Installing: /home/tamar/RBE594_ws/install/sirgas_description/share/sirgas_description/local_setup.bash
-- Installing: /home/tamar/RBE594_ws/install/sirgas_description/share/sirgas_description/local_setup.sh
-- Installing: /home/tamar/RBE594_ws/install/sirgas_description/share/sirgas_description/local_setup.zsh
-- Installing: /home/tamar/RBE594_ws/install/sirgas_description/share/sirgas_description/local_setup.dsv
-- Installing: /home/tamar/RBE594_ws/install/sirgas_description/share/sirgas_description/package.dsv
-- Installing: /home/tamar/RBE594_ws/install/sirgas_description/share/ament_index/resource_index/packages/sirgas_description
-- Installing: /home/tamar/RBE594_ws/install/sirgas_description/share/sirgas_description/cmake/sirgas_descriptionConfig.cmake
-- Installing: /home/tamar/RBE594_ws/install/sirgas_description/share/sirgas_description/cmake/sirgas_descriptionConfig-version.cmake
-- Installing: /home/tamar/RBE594_ws/install/sirgas_description/share/sirgas_description/package.xml
