[0.005s] Invoking command in '/home/tamar/RBE594_ws/build/moveit_resources': AMENT_PREFIX_PATH=/home/tamar/RBE594_ws/install/moveit_resources_panda_moveit_config:/home/tamar/RBE594_ws/install/moveit_resources_fanuc_moveit_config:/home/tamar/RBE594_ws/install/moveit_resources_pr2_description:/home/tamar/RBE594_ws/install/moveit_resources_panda_description:/home/tamar/RBE594_ws/install/moveit_resources_fanuc_description:${AMENT_PREFIX_PATH} CMAKE_PREFIX_PATH=/home/tamar/RBE594_ws/install/moveit_resources_panda_moveit_config:/home/tamar/RBE594_ws/install/moveit_resources_fanuc_moveit_config:/home/tamar/RBE594_ws/install/moveit_resources_pr2_description:/home/tamar/RBE594_ws/install/moveit_resources_panda_description:/home/tamar/RBE594_ws/install/moveit_resources_fanuc_description:/opt/ros/humble /home/tamar/.local/bin/cmake --build /home/tamar/RBE594_ws/build/moveit_resources -- -j32 -l32
[0.048s] Invoked command in '/home/tamar/RBE594_ws/build/moveit_resources' returned '0': AMENT_PREFIX_PATH=/home/tamar/RBE594_ws/install/moveit_resources_panda_moveit_config:/home/tamar/RBE594_ws/install/moveit_resources_fanuc_moveit_config:/home/tamar/RBE594_ws/install/moveit_resources_pr2_description:/home/tamar/RBE594_ws/install/moveit_resources_panda_description:/home/tamar/RBE594_ws/install/moveit_resources_fanuc_description:${AMENT_PREFIX_PATH} CMAKE_PREFIX_PATH=/home/tamar/RBE594_ws/install/moveit_resources_panda_moveit_config:/home/tamar/RBE594_ws/install/moveit_resources_fanuc_moveit_config:/home/tamar/RBE594_ws/install/moveit_resources_pr2_description:/home/tamar/RBE594_ws/install/moveit_resources_panda_description:/home/tamar/RBE594_ws/install/moveit_resources_fanuc_description:/opt/ros/humble /home/tamar/.local/bin/cmake --build /home/tamar/RBE594_ws/build/moveit_resources -- -j32 -l32
[0.048s] Invoking command in '/home/tamar/RBE594_ws/build/moveit_resources': AMENT_PREFIX_PATH=/home/tamar/RBE594_ws/install/moveit_resources_panda_moveit_config:/home/tamar/RBE594_ws/install/moveit_resources_fanuc_moveit_config:/home/tamar/RBE594_ws/install/moveit_resources_pr2_description:/home/tamar/RBE594_ws/install/moveit_resources_panda_description:/home/tamar/RBE594_ws/install/moveit_resources_fanuc_description:${AMENT_PREFIX_PATH} CMAKE_PREFIX_PATH=/home/tamar/RBE594_ws/install/moveit_resources_panda_moveit_config:/home/tamar/RBE594_ws/install/moveit_resources_fanuc_moveit_config:/home/tamar/RBE594_ws/install/moveit_resources_pr2_description:/home/tamar/RBE594_ws/install/moveit_resources_panda_description:/home/tamar/RBE594_ws/install/moveit_resources_fanuc_description:/opt/ros/humble /home/tamar/.local/bin/cmake --install /home/tamar/RBE594_ws/build/moveit_resources
[0.083s] -- Install configuration: ""
[0.083s] -- Execute custom install script
[0.083s] -- Up-to-date symlink: /home/tamar/RBE594_ws/install/moveit_resources/share/ament_index/resource_index/package_run_dependencies/moveit_resources
[0.083s] -- Up-to-date symlink: /home/tamar/RBE594_ws/install/moveit_resources/share/ament_index/resource_index/parent_prefix_path/moveit_resources
[0.083s] -- Up-to-date symlink: /home/tamar/RBE594_ws/install/moveit_resources/share/moveit_resources/environment/ament_prefix_path.sh
[0.083s] -- Up-to-date symlink: /home/tamar/RBE594_ws/install/moveit_resources/share/moveit_resources/environment/ament_prefix_path.dsv
[0.083s] -- Up-to-date symlink: /home/tamar/RBE594_ws/install/moveit_resources/share/moveit_resources/environment/path.sh
[0.084s] -- Up-to-date symlink: /home/tamar/RBE594_ws/install/moveit_resources/share/moveit_resources/environment/path.dsv
[0.084s] -- Up-to-date symlink: /home/tamar/RBE594_ws/install/moveit_resources/share/moveit_resources/local_setup.bash
[0.084s] -- Up-to-date symlink: /home/tamar/RBE594_ws/install/moveit_resources/share/moveit_resources/local_setup.sh
[0.084s] -- Up-to-date symlink: /home/tamar/RBE594_ws/install/moveit_resources/share/moveit_resources/local_setup.zsh
[0.084s] -- Up-to-date symlink: /home/tamar/RBE594_ws/install/moveit_resources/share/moveit_resources/local_setup.dsv
[0.084s] -- Symlinking: /home/tamar/RBE594_ws/install/moveit_resources/share/moveit_resources/package.dsv
[0.086s] -- Up-to-date symlink: /home/tamar/RBE594_ws/install/moveit_resources/share/ament_index/resource_index/packages/moveit_resources
[0.086s] -- Up-to-date symlink: /home/tamar/RBE594_ws/install/moveit_resources/share/moveit_resources/cmake/moveit_resourcesConfig.cmake
[0.086s] -- Up-to-date symlink: /home/tamar/RBE594_ws/install/moveit_resources/share/moveit_resources/cmake/moveit_resourcesConfig-version.cmake
[0.086s] -- Up-to-date symlink: /home/tamar/RBE594_ws/install/moveit_resources/share/moveit_resources/package.xml
[0.087s] Invoked command in '/home/tamar/RBE594_ws/build/moveit_resources' returned '0': AMENT_PREFIX_PATH=/home/tamar/RBE594_ws/install/moveit_resources_panda_moveit_config:/home/tamar/RBE594_ws/install/moveit_resources_fanuc_moveit_config:/home/tamar/RBE594_ws/install/moveit_resources_pr2_description:/home/tamar/RBE594_ws/install/moveit_resources_panda_description:/home/tamar/RBE594_ws/install/moveit_resources_fanuc_description:${AMENT_PREFIX_PATH} CMAKE_PREFIX_PATH=/home/tamar/RBE594_ws/install/moveit_resources_panda_moveit_config:/home/tamar/RBE594_ws/install/moveit_resources_fanuc_moveit_config:/home/tamar/RBE594_ws/install/moveit_resources_pr2_description:/home/tamar/RBE594_ws/install/moveit_resources_panda_description:/home/tamar/RBE594_ws/install/moveit_resources_fanuc_description:/opt/ros/humble /home/tamar/.local/bin/cmake --install /home/tamar/RBE594_ws/build/moveit_resources
