[0.000000] (-) TimerEvent: {}
[0.000325] (custom_gear_controllers) JobQueued: {'identifier': 'custom_gear_controllers', 'dependencies': OrderedDict()}
[0.000757] (sirgas_apriltag_detector) JobQueued: {'identifier': 'sirgas_apriltag_detector', 'dependencies': OrderedDict()}
[0.000781] (sirgas_description) JobQueued: {'identifier': 'sirgas_description', 'dependencies': OrderedDict()}
[0.000795] (custom_gear_controllers) JobStarted: {'identifier': 'custom_gear_controllers'}
[0.014361] (sirgas_apriltag_detector) JobStarted: {'identifier': 'sirgas_apriltag_detector'}
[0.021402] (sirgas_description) JobStarted: {'identifier': 'sirgas_description'}
[0.099910] (-) TimerEvent: {}
[0.200177] (-) TimerEvent: {}
[0.300391] (-) TimerEvent: {}
[0.400684] (-) TimerEvent: {}
[0.428678] (sirgas_description) JobProgress: {'identifier': 'sirgas_description', 'progress': 'cmake'}
[0.430145] (sirgas_description) JobProgress: {'identifier': 'sirgas_description', 'progress': 'build'}
[0.430234] (sirgas_description) Command: {'cmd': ['/usr/bin/cmake', '--build', '/home/tamar/RBE594_ws/build/sirgas_description', '--', '-j12', '-l12'], 'cwd': '/home/tamar/RBE594_ws/build/sirgas_description', 'env': OrderedDict({'GZ_SIM_RESOURCE_PATH': '/opt/ros/jazzy/share', 'GZ_CONFIG_PATH': '/opt/ros/jazzy/opt/gz_sim_vendor/share/gz:/opt/ros/jazzy/opt/sdformat_vendor/share/gz:/opt/ros/jazzy/opt/gz_gui_vendor/share/gz:/opt/ros/jazzy/opt/gz_transport_vendor/share/gz:/opt/ros/jazzy/opt/gz_rendering_vendor/share/gz:/opt/ros/jazzy/opt/gz_plugin_vendor/share/gz:/opt/ros/jazzy/opt/gz_fuel_tools_vendor/share/gz:/opt/ros/jazzy/opt/gz_msgs_vendor/share/gz:/opt/ros/jazzy/opt/gz_common_vendor/share/gz', 'HOSTNAME': 'f35654c561c7', 'SHLVL': '1', 'LIBGL_ALWAYS_SOFTWARE': '1', 'LD_LIBRARY_PATH': '/opt/ros/jazzy/opt/gz_sim_vendor/lib:/opt/ros/jazzy/opt/gz_sensors_vendor/lib:/opt/ros/jazzy/opt/gz_physics_vendor/lib:/opt/ros/jazzy/opt/sdformat_vendor/lib:/opt/ros/jazzy/opt/rviz_ogre_vendor/lib:/opt/ros/jazzy/lib/x86_64-linux-gnu:/opt/ros/jazzy/opt/gz_gui_vendor/lib:/opt/ros/jazzy/opt/gz_transport_vendor/lib:/opt/ros/jazzy/opt/gz_rendering_vendor/lib:/opt/ros/jazzy/opt/gz_plugin_vendor/lib:/opt/ros/jazzy/opt/gz_fuel_tools_vendor/lib:/opt/ros/jazzy/opt/gz_msgs_vendor/lib:/opt/ros/jazzy/opt/gz_common_vendor/lib:/opt/ros/jazzy/opt/gz_math_vendor/lib:/opt/ros/jazzy/opt/gz_utils_vendor/lib:/opt/ros/jazzy/opt/gz_tools_vendor/lib:/opt/ros/jazzy/opt/gz_ogre_next_vendor/lib:/opt/ros/jazzy/opt/gz_dartsim_vendor/lib:/opt/ros/jazzy/opt/gz_cmake_vendor/lib:/opt/ros/jazzy/lib', 'HOME': '/home/tamar', 'OLDPWD': '/', 'ROS_PYTHON_VERSION': '3', 'COLCON_PREFIX_PATH': '/home/tamar/RBE594_ws/install', 'ROS_DISTRO': 'jazzy', '_': '/usr/bin/colcon', 'ROS_VERSION': '2', 'TERM': 'xterm', 'QT_X11_NO_MITSHM': '1', 'PATH': '/opt/ros/jazzy/opt/gz_msgs_vendor/bin:/opt/ros/jazzy/opt/gz_tools_vendor/bin:/opt/ros/jazzy/opt/gz_ogre_next_vendor/bin:/opt/ros/jazzy/bin:/usr/local/sbin:/usr/local/bin:/usr/sbin:/usr/bin:/sbin:/bin', 'DISPLAY': ':1', 'LANG': 'C.UTF-8', 'RMW_IMPLEMENTATION': 'rmw_cyclonedds_cpp', 'AMENT_PREFIX_PATH': '/home/tamar/RBE594_ws/install/sirgas_description:/home/tamar/RBE594_ws/install/sirgas_apriltag_detector:/home/tamar/RBE594_ws/install/custom_gear_controllers:/opt/ros/jazzy', 'ROS_AUTOMATIC_DISCOVERY_RANGE': 'SUBNET', 'PWD': '/home/tamar/RBE594_ws/build/sirgas_description', 'TURTLEBOT3_MODEL': 'waffle', 'LC_ALL': 'C.UTF-8', 'PYTHONPATH': '/home/tamar/RBE594_ws/build/sirgas_apriltag_detector:/home/tamar/RBE594_ws/install/sirgas_apriltag_detector/lib/python3.12/site-packages:/home/tamar/RBE594_ws/build/custom_gear_controllers:/home/tamar/RBE594_ws/install/custom_gear_controllers/lib/python3.12/site-packages:/opt/ros/jazzy/lib/python3.12/site-packages', 'NVIDIA_VISIBLE_DEVICES': 'all', 'COLCON': '1', 'CMAKE_PREFIX_PATH': '/home/tamar/RBE594_ws/install/sirgas_description:/opt/ros/jazzy/opt/gz_sim_vendor:/opt/ros/jazzy/opt/gz_sensors_vendor:/opt/ros/jazzy/opt/gz_physics_vendor:/opt/ros/jazzy/opt/sdformat_vendor:/opt/ros/jazzy/opt/gz_gui_vendor:/opt/ros/jazzy/opt/gz_transport_vendor:/opt/ros/jazzy/opt/gz_rendering_vendor:/opt/ros/jazzy/opt/gz_plugin_vendor:/opt/ros/jazzy/opt/gz_fuel_tools_vendor:/opt/ros/jazzy/opt/gz_msgs_vendor:/opt/ros/jazzy/opt/gz_common_vendor:/opt/ros/jazzy/opt/gz_math_vendor:/opt/ros/jazzy/opt/gz_utils_vendor:/opt/ros/jazzy/opt/gz_tools_vendor:/opt/ros/jazzy/opt/gz_ogre_next_vendor:/opt/ros/jazzy/opt/gz_dartsim_vendor:/opt/ros/jazzy/opt/gz_cmake_vendor:/home/tamar/RBE594_ws/install/sirgas_apriltag_detector:/home/tamar/RBE594_ws/install/custom_gear_controllers:/opt/ros/jazzy'}), 'shell': False}
[0.468113] (sirgas_description) StdoutLine: {'line': b'-- Found ament_cmake: 2.5.4 (/opt/ros/jazzy/share/ament_cmake/cmake)\n'}
[0.500804] (-) TimerEvent: {}
[0.601105] (-) TimerEvent: {}
[0.701494] (-) TimerEvent: {}
[0.703707] (sirgas_description) StdoutLine: {'line': b'-- Override CMake install command with custom implementation using symlinks instead of copying resources\n'}
[0.720004] (sirgas_description) StdoutLine: {'line': b'-- Found xacro: 2.1.1 (/opt/ros/jazzy/share/xacro/cmake)\n'}
[0.720701] (sirgas_description) StdoutLine: {'line': b'-- Found rclcpp: 28.1.12 (/opt/ros/jazzy/share/rclcpp/cmake)\n'}
[0.757003] (sirgas_description) StdoutLine: {'line': b'-- Found rosidl_generator_c: 4.6.6 (/opt/ros/jazzy/share/rosidl_generator_c/cmake)\n'}
[0.769193] (sirgas_description) StdoutLine: {'line': b'-- Found rosidl_generator_cpp: 4.6.6 (/opt/ros/jazzy/share/rosidl_generator_cpp/cmake)\n'}
[0.784174] (sirgas_description) StdoutLine: {'line': b'-- Using all available rosidl_typesupport_c: rosidl_typesupport_fastrtps_c;rosidl_typesupport_introspection_c\n'}
[0.801634] (sirgas_description) StdoutLine: {'line': b'-- Using all available rosidl_typesupport_cpp: rosidl_typesupport_fastrtps_cpp;rosidl_typesupport_introspection_cpp\n'}
[0.801796] (-) TimerEvent: {}
[0.880882] (sirgas_description) StdoutLine: {'line': b'-- Found rmw_implementation_cmake: 7.3.2 (/opt/ros/jazzy/share/rmw_implementation_cmake/cmake)\n'}
[0.883486] (sirgas_description) StdoutLine: {'line': b'-- Found rmw_cyclonedds_cpp: 2.2.3 (/opt/ros/jazzy/share/rmw_cyclonedds_cpp/cmake)\n'}
[0.901905] (-) TimerEvent: {}
[0.914096] (sirgas_description) StdoutLine: {'line': b"-- Using RMW implementation 'rmw_cyclonedds_cpp' as default\n"}
[0.995337] (sirgas_description) StdoutLine: {'line': b'-- Found std_msgs: 5.3.6 (/opt/ros/jazzy/share/std_msgs/cmake)\n'}
[1.001997] (-) TimerEvent: {}
[1.016626] (sirgas_description) StdoutLine: {'line': b'-- Found trajectory_msgs: 5.3.6 (/opt/ros/jazzy/share/trajectory_msgs/cmake)\n'}
[1.087706] (custom_gear_controllers) Command: {'cmd': ['/usr/bin/python3', '-W', 'ignore:setup.py install is deprecated', '-W', 'ignore:easy_install command is deprecated', 'setup.py', 'develop', '--editable', '--build-directory', '/home/tamar/RBE594_ws/build/custom_gear_controllers/build', '--no-deps', 'symlink_data'], 'cwd': '/home/tamar/RBE594_ws/build/custom_gear_controllers', 'env': {'GZ_SIM_RESOURCE_PATH': '/opt/ros/jazzy/share', 'GZ_CONFIG_PATH': '/opt/ros/jazzy/opt/gz_sim_vendor/share/gz:/opt/ros/jazzy/opt/sdformat_vendor/share/gz:/opt/ros/jazzy/opt/gz_gui_vendor/share/gz:/opt/ros/jazzy/opt/gz_transport_vendor/share/gz:/opt/ros/jazzy/opt/gz_rendering_vendor/share/gz:/opt/ros/jazzy/opt/gz_plugin_vendor/share/gz:/opt/ros/jazzy/opt/gz_fuel_tools_vendor/share/gz:/opt/ros/jazzy/opt/gz_msgs_vendor/share/gz:/opt/ros/jazzy/opt/gz_common_vendor/share/gz', 'HOSTNAME': 'f35654c561c7', 'SHLVL': '1', 'LIBGL_ALWAYS_SOFTWARE': '1', 'LD_LIBRARY_PATH': '/opt/ros/jazzy/opt/gz_sim_vendor/lib:/opt/ros/jazzy/opt/gz_sensors_vendor/lib:/opt/ros/jazzy/opt/gz_physics_vendor/lib:/opt/ros/jazzy/opt/sdformat_vendor/lib:/opt/ros/jazzy/opt/rviz_ogre_vendor/lib:/opt/ros/jazzy/lib/x86_64-linux-gnu:/opt/ros/jazzy/opt/gz_gui_vendor/lib:/opt/ros/jazzy/opt/gz_transport_vendor/lib:/opt/ros/jazzy/opt/gz_rendering_vendor/lib:/opt/ros/jazzy/opt/gz_plugin_vendor/lib:/opt/ros/jazzy/opt/gz_fuel_tools_vendor/lib:/opt/ros/jazzy/opt/gz_msgs_vendor/lib:/opt/ros/jazzy/opt/gz_common_vendor/lib:/opt/ros/jazzy/opt/gz_math_vendor/lib:/opt/ros/jazzy/opt/gz_utils_vendor/lib:/opt/ros/jazzy/opt/gz_tools_vendor/lib:/opt/ros/jazzy/opt/gz_ogre_next_vendor/lib:/opt/ros/jazzy/opt/gz_dartsim_vendor/lib:/opt/ros/jazzy/opt/gz_cmake_vendor/lib:/opt/ros/jazzy/lib', 'HOME': '/home/tamar', 'OLDPWD': '/', 'ROS_PYTHON_VERSION': '3', 'COLCON_PREFIX_PATH': '/home/tamar/RBE594_ws/install', 'ROS_DISTRO': 'jazzy', '_': '/usr/bin/colcon', 'ROS_VERSION': '2', 'TERM': 'xterm', 'QT_X11_NO_MITSHM': '1', 'PATH': '/opt/ros/jazzy/opt/gz_msgs_vendor/bin:/opt/ros/jazzy/opt/gz_tools_vendor/bin:/opt/ros/jazzy/opt/gz_ogre_next_vendor/bin:/opt/ros/jazzy/bin:/usr/local/sbin:/usr/local/bin:/usr/sbin:/usr/bin:/sbin:/bin', 'DISPLAY': ':1', 'LANG': 'C.UTF-8', 'RMW_IMPLEMENTATION': 'rmw_cyclonedds_cpp', 'AMENT_PREFIX_PATH': '/home/tamar/RBE594_ws/install/sirgas_description:/home/tamar/RBE594_ws/install/sirgas_apriltag_detector:/home/tamar/RBE594_ws/install/custom_gear_controllers:/opt/ros/jazzy', 'ROS_AUTOMATIC_DISCOVERY_RANGE': 'SUBNET', 'PWD': '/home/tamar/RBE594_ws/build/custom_gear_controllers', 'TURTLEBOT3_MODEL': 'waffle', 'LC_ALL': 'C.UTF-8', 'PYTHONPATH': '/home/tamar/RBE594_ws/build/custom_gear_controllers/prefix_override:/usr/lib/python3/dist-packages/colcon_core/task/python/colcon_distutils_commands:/home/tamar/RBE594_ws/install/custom_gear_controllers/lib/python3.12/site-packages:/home/tamar/RBE594_ws/build/sirgas_apriltag_detector:/home/tamar/RBE594_ws/install/sirgas_apriltag_detector/lib/python3.12/site-packages:/home/tamar/RBE594_ws/build/custom_gear_controllers:/home/tamar/RBE594_ws/install/custom_gear_controllers/lib/python3.12/site-packages:/opt/ros/jazzy/lib/python3.12/site-packages', 'NVIDIA_VISIBLE_DEVICES': 'all', 'COLCON': '1', 'CMAKE_PREFIX_PATH': '/home/tamar/RBE594_ws/install/sirgas_description:/opt/ros/jazzy/opt/gz_sim_vendor:/opt/ros/jazzy/opt/gz_sensors_vendor:/opt/ros/jazzy/opt/gz_physics_vendor:/opt/ros/jazzy/opt/sdformat_vendor:/opt/ros/jazzy/opt/gz_gui_vendor:/opt/ros/jazzy/opt/gz_transport_vendor:/opt/ros/jazzy/opt/gz_rendering_vendor:/opt/ros/jazzy/opt/gz_plugin_vendor:/opt/ros/jazzy/opt/gz_fuel_tools_vendor:/opt/ros/jazzy/opt/gz_msgs_vendor:/opt/ros/jazzy/opt/gz_common_vendor:/opt/ros/jazzy/opt/gz_math_vendor:/opt/ros/jazzy/opt/gz_utils_vendor:/opt/ros/jazzy/opt/gz_tools_vendor:/opt/ros/jazzy/opt/gz_ogre_next_vendor:/opt/ros/jazzy/opt/gz_dartsim_vendor:/opt/ros/jazzy/opt/gz_cmake_vendor'}, 'shell': False}
[1.095721] (sirgas_apriltag_detector) Command: {'cmd': ['/usr/bin/python3', '-W', 'ignore:setup.py install is deprecated', '-W', 'ignore:easy_install command is deprecated', 'setup.py', 'develop', '--editable', '--build-directory', '/home/tamar/RBE594_ws/build/sirgas_apriltag_detector/build', '--no-deps', 'symlink_data'], 'cwd': '/home/tamar/RBE594_ws/build/sirgas_apriltag_detector', 'env': {'GZ_SIM_RESOURCE_PATH': '/opt/ros/jazzy/share', 'GZ_CONFIG_PATH': '/opt/ros/jazzy/opt/gz_sim_vendor/share/gz:/opt/ros/jazzy/opt/sdformat_vendor/share/gz:/opt/ros/jazzy/opt/gz_gui_vendor/share/gz:/opt/ros/jazzy/opt/gz_transport_vendor/share/gz:/opt/ros/jazzy/opt/gz_rendering_vendor/share/gz:/opt/ros/jazzy/opt/gz_plugin_vendor/share/gz:/opt/ros/jazzy/opt/gz_fuel_tools_vendor/share/gz:/opt/ros/jazzy/opt/gz_msgs_vendor/share/gz:/opt/ros/jazzy/opt/gz_common_vendor/share/gz', 'HOSTNAME': 'f35654c561c7', 'SHLVL': '1', 'LIBGL_ALWAYS_SOFTWARE': '1', 'LD_LIBRARY_PATH': '/opt/ros/jazzy/opt/gz_sim_vendor/lib:/opt/ros/jazzy/opt/gz_sensors_vendor/lib:/opt/ros/jazzy/opt/gz_physics_vendor/lib:/opt/ros/jazzy/opt/sdformat_vendor/lib:/opt/ros/jazzy/opt/rviz_ogre_vendor/lib:/opt/ros/jazzy/lib/x86_64-linux-gnu:/opt/ros/jazzy/opt/gz_gui_vendor/lib:/opt/ros/jazzy/opt/gz_transport_vendor/lib:/opt/ros/jazzy/opt/gz_rendering_vendor/lib:/opt/ros/jazzy/opt/gz_plugin_vendor/lib:/opt/ros/jazzy/opt/gz_fuel_tools_vendor/lib:/opt/ros/jazzy/opt/gz_msgs_vendor/lib:/opt/ros/jazzy/opt/gz_common_vendor/lib:/opt/ros/jazzy/opt/gz_math_vendor/lib:/opt/ros/jazzy/opt/gz_utils_vendor/lib:/opt/ros/jazzy/opt/gz_tools_vendor/lib:/opt/ros/jazzy/opt/gz_ogre_next_vendor/lib:/opt/ros/jazzy/opt/gz_dartsim_vendor/lib:/opt/ros/jazzy/opt/gz_cmake_vendor/lib:/opt/ros/jazzy/lib', 'HOME': '/home/tamar', 'OLDPWD': '/', 'ROS_PYTHON_VERSION': '3', 'COLCON_PREFIX_PATH': '/home/tamar/RBE594_ws/install', 'ROS_DISTRO': 'jazzy', '_': '/usr/bin/colcon', 'ROS_VERSION': '2', 'TERM': 'xterm', 'QT_X11_NO_MITSHM': '1', 'PATH': '/opt/ros/jazzy/opt/gz_msgs_vendor/bin:/opt/ros/jazzy/opt/gz_tools_vendor/bin:/opt/ros/jazzy/opt/gz_ogre_next_vendor/bin:/opt/ros/jazzy/bin:/usr/local/sbin:/usr/local/bin:/usr/sbin:/usr/bin:/sbin:/bin', 'DISPLAY': ':1', 'LANG': 'C.UTF-8', 'RMW_IMPLEMENTATION': 'rmw_cyclonedds_cpp', 'AMENT_PREFIX_PATH': '/home/tamar/RBE594_ws/install/sirgas_description:/home/tamar/RBE594_ws/install/sirgas_apriltag_detector:/home/tamar/RBE594_ws/install/custom_gear_controllers:/opt/ros/jazzy', 'ROS_AUTOMATIC_DISCOVERY_RANGE': 'SUBNET', 'PWD': '/home/tamar/RBE594_ws/build/sirgas_apriltag_detector', 'TURTLEBOT3_MODEL': 'waffle', 'LC_ALL': 'C.UTF-8', 'PYTHONPATH': '/home/tamar/RBE594_ws/build/sirgas_apriltag_detector/prefix_override:/usr/lib/python3/dist-packages/colcon_core/task/python/colcon_distutils_commands:/home/tamar/RBE594_ws/install/sirgas_apriltag_detector/lib/python3.12/site-packages:/home/tamar/RBE594_ws/build/sirgas_apriltag_detector:/home/tamar/RBE594_ws/install/sirgas_apriltag_detector/lib/python3.12/site-packages:/home/tamar/RBE594_ws/build/custom_gear_controllers:/home/tamar/RBE594_ws/install/custom_gear_controllers/lib/python3.12/site-packages:/opt/ros/jazzy/lib/python3.12/site-packages', 'NVIDIA_VISIBLE_DEVICES': 'all', 'COLCON': '1', 'CMAKE_PREFIX_PATH': '/home/tamar/RBE594_ws/install/sirgas_description:/opt/ros/jazzy/opt/gz_sim_vendor:/opt/ros/jazzy/opt/gz_sensors_vendor:/opt/ros/jazzy/opt/gz_physics_vendor:/opt/ros/jazzy/opt/sdformat_vendor:/opt/ros/jazzy/opt/gz_gui_vendor:/opt/ros/jazzy/opt/gz_transport_vendor:/opt/ros/jazzy/opt/gz_rendering_vendor:/opt/ros/jazzy/opt/gz_plugin_vendor:/opt/ros/jazzy/opt/gz_fuel_tools_vendor:/opt/ros/jazzy/opt/gz_msgs_vendor:/opt/ros/jazzy/opt/gz_common_vendor:/opt/ros/jazzy/opt/gz_math_vendor:/opt/ros/jazzy/opt/gz_utils_vendor:/opt/ros/jazzy/opt/gz_tools_vendor:/opt/ros/jazzy/opt/gz_ogre_next_vendor:/opt/ros/jazzy/opt/gz_dartsim_vendor:/opt/ros/jazzy/opt/gz_cmake_vendor'}, 'shell': False}
[1.102091] (-) TimerEvent: {}
[1.195212] (sirgas_description) StdoutLine: {'line': b'-- Configuring done (0.7s)\n'}
[1.202190] (-) TimerEvent: {}
[1.207365] (sirgas_description) StdoutLine: {'line': b'-- Generating done (0.0s)\n'}
[1.212816] (sirgas_description) StdoutLine: {'line': b'-- Build files have been written to: /home/tamar/RBE594_ws/build/sirgas_description\n'}
[1.253557] (sirgas_description) CommandEnded: {'returncode': 0}
[1.254236] (sirgas_description) JobProgress: {'identifier': 'sirgas_description', 'progress': 'install'}
[1.266966] (sirgas_description) Command: {'cmd': ['/usr/bin/cmake', '--install', '/home/tamar/RBE594_ws/build/sirgas_description'], 'cwd': '/home/tamar/RBE594_ws/build/sirgas_description', 'env': OrderedDict({'GZ_SIM_RESOURCE_PATH': '/opt/ros/jazzy/share', 'GZ_CONFIG_PATH': '/opt/ros/jazzy/opt/gz_sim_vendor/share/gz:/opt/ros/jazzy/opt/sdformat_vendor/share/gz:/opt/ros/jazzy/opt/gz_gui_vendor/share/gz:/opt/ros/jazzy/opt/gz_transport_vendor/share/gz:/opt/ros/jazzy/opt/gz_rendering_vendor/share/gz:/opt/ros/jazzy/opt/gz_plugin_vendor/share/gz:/opt/ros/jazzy/opt/gz_fuel_tools_vendor/share/gz:/opt/ros/jazzy/opt/gz_msgs_vendor/share/gz:/opt/ros/jazzy/opt/gz_common_vendor/share/gz', 'HOSTNAME': 'f35654c561c7', 'SHLVL': '1', 'LIBGL_ALWAYS_SOFTWARE': '1', 'LD_LIBRARY_PATH': '/opt/ros/jazzy/opt/gz_sim_vendor/lib:/opt/ros/jazzy/opt/gz_sensors_vendor/lib:/opt/ros/jazzy/opt/gz_physics_vendor/lib:/opt/ros/jazzy/opt/sdformat_vendor/lib:/opt/ros/jazzy/opt/rviz_ogre_vendor/lib:/opt/ros/jazzy/lib/x86_64-linux-gnu:/opt/ros/jazzy/opt/gz_gui_vendor/lib:/opt/ros/jazzy/opt/gz_transport_vendor/lib:/opt/ros/jazzy/opt/gz_rendering_vendor/lib:/opt/ros/jazzy/opt/gz_plugin_vendor/lib:/opt/ros/jazzy/opt/gz_fuel_tools_vendor/lib:/opt/ros/jazzy/opt/gz_msgs_vendor/lib:/opt/ros/jazzy/opt/gz_common_vendor/lib:/opt/ros/jazzy/opt/gz_math_vendor/lib:/opt/ros/jazzy/opt/gz_utils_vendor/lib:/opt/ros/jazzy/opt/gz_tools_vendor/lib:/opt/ros/jazzy/opt/gz_ogre_next_vendor/lib:/opt/ros/jazzy/opt/gz_dartsim_vendor/lib:/opt/ros/jazzy/opt/gz_cmake_vendor/lib:/opt/ros/jazzy/lib', 'HOME': '/home/tamar', 'OLDPWD': '/', 'ROS_PYTHON_VERSION': '3', 'COLCON_PREFIX_PATH': '/home/tamar/RBE594_ws/install', 'ROS_DISTRO': 'jazzy', '_': '/usr/bin/colcon', 'ROS_VERSION': '2', 'TERM': 'xterm', 'QT_X11_NO_MITSHM': '1', 'PATH': '/opt/ros/jazzy/opt/gz_msgs_vendor/bin:/opt/ros/jazzy/opt/gz_tools_vendor/bin:/opt/ros/jazzy/opt/gz_ogre_next_vendor/bin:/opt/ros/jazzy/bin:/usr/local/sbin:/usr/local/bin:/usr/sbin:/usr/bin:/sbin:/bin', 'DISPLAY': ':1', 'LANG': 'C.UTF-8', 'RMW_IMPLEMENTATION': 'rmw_cyclonedds_cpp', 'AMENT_PREFIX_PATH': '/home/tamar/RBE594_ws/install/sirgas_description:/home/tamar/RBE594_ws/install/sirgas_apriltag_detector:/home/tamar/RBE594_ws/install/custom_gear_controllers:/opt/ros/jazzy', 'ROS_AUTOMATIC_DISCOVERY_RANGE': 'SUBNET', 'PWD': '/home/tamar/RBE594_ws/build/sirgas_description', 'TURTLEBOT3_MODEL': 'waffle', 'LC_ALL': 'C.UTF-8', 'PYTHONPATH': '/home/tamar/RBE594_ws/build/sirgas_apriltag_detector:/home/tamar/RBE594_ws/install/sirgas_apriltag_detector/lib/python3.12/site-packages:/home/tamar/RBE594_ws/build/custom_gear_controllers:/home/tamar/RBE594_ws/install/custom_gear_controllers/lib/python3.12/site-packages:/opt/ros/jazzy/lib/python3.12/site-packages', 'NVIDIA_VISIBLE_DEVICES': 'all', 'COLCON': '1', 'CMAKE_PREFIX_PATH': '/home/tamar/RBE594_ws/install/sirgas_description:/opt/ros/jazzy/opt/gz_sim_vendor:/opt/ros/jazzy/opt/gz_sensors_vendor:/opt/ros/jazzy/opt/gz_physics_vendor:/opt/ros/jazzy/opt/sdformat_vendor:/opt/ros/jazzy/opt/gz_gui_vendor:/opt/ros/jazzy/opt/gz_transport_vendor:/opt/ros/jazzy/opt/gz_rendering_vendor:/opt/ros/jazzy/opt/gz_plugin_vendor:/opt/ros/jazzy/opt/gz_fuel_tools_vendor:/opt/ros/jazzy/opt/gz_msgs_vendor:/opt/ros/jazzy/opt/gz_common_vendor:/opt/ros/jazzy/opt/gz_math_vendor:/opt/ros/jazzy/opt/gz_utils_vendor:/opt/ros/jazzy/opt/gz_tools_vendor:/opt/ros/jazzy/opt/gz_ogre_next_vendor:/opt/ros/jazzy/opt/gz_dartsim_vendor:/opt/ros/jazzy/opt/gz_cmake_vendor:/home/tamar/RBE594_ws/install/sirgas_apriltag_detector:/home/tamar/RBE594_ws/install/custom_gear_controllers:/opt/ros/jazzy'}), 'shell': False}
[1.276749] (sirgas_description) StdoutLine: {'line': b'-- Install configuration: ""\n'}
[1.277587] (sirgas_description) StdoutLine: {'line': b'-- Execute custom install script\n'}
[1.278675] (sirgas_description) StdoutLine: {'line': b'-- Up-to-date symlink: /home/tamar/RBE594_ws/install/sirgas_description/share/sirgas_description//urdf/apriltags/tag_1.png\n'}
[1.279097] (sirgas_description) StdoutLine: {'line': b'-- Up-to-date symlink: /home/tamar/RBE594_ws/install/sirgas_description/share/sirgas_description//urdf/camera.urdf.xacro\n'}
[1.279416] (sirgas_description) StdoutLine: {'line': b'-- Up-to-date symlink: /home/tamar/RBE594_ws/install/sirgas_description/share/sirgas_description//urdf/camera_mount.urdf.xacro\n'}
[1.279710] (sirgas_description) StdoutLine: {'line': b'-- Up-to-date symlink: /home/tamar/RBE594_ws/install/sirgas_description/share/sirgas_description//urdf/gear_starter_motor.urdf.xacro\n'}
[1.279882] (sirgas_description) StdoutLine: {'line': b'-- Up-to-date symlink: /home/tamar/RBE594_ws/install/sirgas_description/share/sirgas_description//urdf/inc/ur_common.xacro\n'}
[1.280105] (sirgas_description) StdoutLine: {'line': b'-- Up-to-date symlink: /home/tamar/RBE594_ws/install/sirgas_description/share/sirgas_description//urdf/inc/ur_transmissions.xacro\n'}
[1.280267] (sirgas_description) StdoutLine: {'line': b'-- Up-to-date symlink: /home/tamar/RBE594_ws/install/sirgas_description/share/sirgas_description//urdf/pba.urdf.xacro\n'}
[1.280446] (sirgas_description) StdoutLine: {'line': b'-- Up-to-date symlink: /home/tamar/RBE594_ws/install/sirgas_description/share/sirgas_description//urdf/pba2.urdf.xacro\n'}
[1.280589] (sirgas_description) StdoutLine: {'line': b'-- Up-to-date symlink: /home/tamar/RBE594_ws/install/sirgas_description/share/sirgas_description//urdf/robotiq_arg85_description.urdf.xacro\n'}
[1.280773] (sirgas_description) StdoutLine: {'line': b'-- Up-to-date symlink: /home/tamar/RBE594_ws/install/sirgas_description/share/sirgas_description//urdf/sim_cam.urdf.xacro\n'}
[1.280933] (sirgas_description) StdoutLine: {'line': b'-- Up-to-date symlink: /home/tamar/RBE594_ws/install/sirgas_description/share/sirgas_description//urdf/tag_1.urdf.xacro\n'}
[1.281162] (sirgas_description) StdoutLine: {'line': b'-- Up-to-date symlink: /home/tamar/RBE594_ws/install/sirgas_description/share/sirgas_description//urdf/ur20.ros2_control.xacro\n'}
[1.281330] (sirgas_description) StdoutLine: {'line': b'-- Up-to-date symlink: /home/tamar/RBE594_ws/install/sirgas_description/share/sirgas_description//urdf/ur20_macro.xacro\n'}
[1.281495] (sirgas_description) StdoutLine: {'line': b'-- Up-to-date symlink: /home/tamar/RBE594_ws/install/sirgas_description/share/sirgas_description//urdf/ur20_pba.urdf.xacro\n'}
[1.281620] (sirgas_description) StdoutLine: {'line': b'-- Up-to-date symlink: /home/tamar/RBE594_ws/install/sirgas_description/share/sirgas_description//urdf/ur20_picker.urdf.xacro\n'}
[1.281749] (sirgas_description) StdoutLine: {'line': b'-- Up-to-date symlink: /home/tamar/RBE594_ws/install/sirgas_description/share/sirgas_description//urdf/ur20_starter.urdf.xacro\n'}
[1.281918] (sirgas_description) StdoutLine: {'line': b'-- Up-to-date symlink: /home/tamar/RBE594_ws/install/sirgas_description/share/sirgas_description//urdf/ur20_starter2.urdf.xacro\n'}
[1.282107] (sirgas_description) StdoutLine: {'line': b'-- Up-to-date symlink: /home/tamar/RBE594_ws/install/sirgas_description/share/sirgas_description//launch/apriltag_detector.py\n'}
[1.282237] (sirgas_description) StdoutLine: {'line': b'-- Up-to-date symlink: /home/tamar/RBE594_ws/install/sirgas_description/share/sirgas_description//launch/camera.launch.py\n'}
[1.282350] (sirgas_description) StdoutLine: {'line': b'-- Up-to-date symlink: /home/tamar/RBE594_ws/install/sirgas_description/share/sirgas_description//launch/gr.launch.py\n'}
[1.282498] (sirgas_description) StdoutLine: {'line': b'-- Up-to-date symlink: /home/tamar/RBE594_ws/install/sirgas_description/share/sirgas_description//launch/gripper.launch.py\n'}
[1.282656] (sirgas_description) StdoutLine: {'line': b'-- Up-to-date symlink: /home/tamar/RBE594_ws/install/sirgas_description/share/sirgas_description//launch/pba.launch.py\n'}
[1.282819] (sirgas_description) StdoutLine: {'line': b'-- Up-to-date symlink: /home/tamar/RBE594_ws/install/sirgas_description/share/sirgas_description//launch/pba.launch.xml\n'}
[1.283010] (sirgas_description) StdoutLine: {'line': b'-- Up-to-date symlink: /home/tamar/RBE594_ws/install/sirgas_description/share/sirgas_description//launch/sim.launch.py\n'}
[1.283201] (sirgas_description) StdoutLine: {'line': b'-- Up-to-date symlink: /home/tamar/RBE594_ws/install/sirgas_description/share/sirgas_description//launch/sim2.launch.py\n'}
[1.283358] (sirgas_description) StdoutLine: {'line': b'-- Up-to-date symlink: /home/tamar/RBE594_ws/install/sirgas_description/share/sirgas_description//launch/sim3.launch.py\n'}
[1.283516] (sirgas_description) StdoutLine: {'line': b'-- Up-to-date symlink: /home/tamar/RBE594_ws/install/sirgas_description/share/sirgas_description//launch/sim4.launch.py\n'}
[1.283673] (sirgas_description) StdoutLine: {'line': b'-- Up-to-date symlink: /home/tamar/RBE594_ws/install/sirgas_description/share/sirgas_description//launch/sim5.launch.py\n'}
[1.283817] (sirgas_description) StdoutLine: {'line': b'-- Up-to-date symlink: /home/tamar/RBE594_ws/install/sirgas_description/share/sirgas_description//launch/ur20_starter.launch.py\n'}
[1.283947] (sirgas_description) StdoutLine: {'line': b'-- Up-to-date symlink: /home/tamar/RBE594_ws/install/sirgas_description/share/sirgas_description//launch/ur20_starter_spawn.launch.py\n'}
[1.284357] (sirgas_description) StdoutLine: {'line': b'-- Up-to-date symlink: /home/tamar/RBE594_ws/install/sirgas_description/share/sirgas_description//meshes/Assembly 1.stl\n'}
[1.284498] (sirgas_description) StdoutLine: {'line': b'-- Up-to-date symlink: /home/tamar/RBE594_ws/install/sirgas_description/share/sirgas_description//meshes/First_Gear.stl\n'}
[1.284675] (sirgas_description) StdoutLine: {'line': b'-- Up-to-date symlink: /home/tamar/RBE594_ws/install/sirgas_description/share/sirgas_description//meshes/Gear_Rotator.stl\n'}
[1.284819] (sirgas_description) StdoutLine: {'line': b'-- Up-to-date symlink: /home/tamar/RBE594_ws/install/sirgas_description/share/sirgas_description//meshes/Motor_Housing.stl\n'}
[1.284963] (sirgas_description) StdoutLine: {'line': b'-- Up-to-date symlink: /home/tamar/RBE594_ws/install/sirgas_description/share/sirgas_description//meshes/Peg_Board.stl\n'}
[1.285166] (sirgas_description) StdoutLine: {'line': b'-- Up-to-date symlink: /home/tamar/RBE594_ws/install/sirgas_description/share/sirgas_description//meshes/Second_Gear.stl\n'}
[1.285325] (sirgas_description) StdoutLine: {'line': b'-- Up-to-date symlink: /home/tamar/RBE594_ws/install/sirgas_description/share/sirgas_description//meshes/Starter_Gear.stl\n'}
[1.285465] (sirgas_description) StdoutLine: {'line': b'-- Up-to-date symlink: /home/tamar/RBE594_ws/install/sirgas_description/share/sirgas_description//meshes/Third_Gear.stl\n'}
[1.285610] (sirgas_description) StdoutLine: {'line': b'-- Symlinking: /home/tamar/RBE594_ws/install/sirgas_description/share/sirgas_description//meshes/apriltag_cube/model.sdf\n'}
[1.298180] (sirgas_description) StdoutLine: {'line': b'-- Up-to-date symlink: /home/tamar/RBE594_ws/install/sirgas_description/share/sirgas_description//meshes/gripper_meshes/inner_finger_coarse.STL\n'}
[1.298419] (sirgas_description) StdoutLine: {'line': b'-- Up-to-date symlink: /home/tamar/RBE594_ws/install/sirgas_description/share/sirgas_description//meshes/gripper_meshes/inner_finger_fine.STL\n'}
[1.298555] (sirgas_description) StdoutLine: {'line': b'-- Up-to-date symlink: /home/tamar/RBE594_ws/install/sirgas_description/share/sirgas_description//meshes/gripper_meshes/inner_knuckle_coarse.STL\n'}
[1.298678] (sirgas_description) StdoutLine: {'line': b'-- Up-to-date symlink: /home/tamar/RBE594_ws/install/sirgas_description/share/sirgas_description//meshes/gripper_meshes/inner_knuckle_fine.STL\n'}
[1.298811] (sirgas_description) StdoutLine: {'line': b'-- Up-to-date symlink: /home/tamar/RBE594_ws/install/sirgas_description/share/sirgas_description//meshes/gripper_meshes/outer_finger_coarse.STL\n'}
[1.298982] (sirgas_description) StdoutLine: {'line': b'-- Up-to-date symlink: /home/tamar/RBE594_ws/install/sirgas_description/share/sirgas_description//meshes/gripper_meshes/outer_finger_fine.STL\n'}
[1.299209] (sirgas_description) StdoutLine: {'line': b'-- Up-to-date symlink: /home/tamar/RBE594_ws/install/sirgas_description/share/sirgas_description//meshes/gripper_meshes/outer_knuckle_coarse.STL\n'}
[1.299374] (sirgas_description) StdoutLine: {'line': b'-- Up-to-date symlink: /home/tamar/RBE594_ws/install/sirgas_description/share/sirgas_description//meshes/gripper_meshes/outer_knuckle_fine.STL\n'}
[1.299540] (sirgas_description) StdoutLine: {'line': b'-- Up-to-date symlink: /home/tamar/RBE594_ws/install/sirgas_description/share/sirgas_description//meshes/gripper_meshes/robotiq_85_base_link_coarse.STL\n'}
[1.299708] (sirgas_description) StdoutLine: {'line': b'-- Up-to-date symlink: /home/tamar/RBE594_ws/install/sirgas_description/share/sirgas_description//meshes/gripper_meshes/robotiq_85_base_link_fine.STL\n'}
[1.299860] (sirgas_description) StdoutLine: {'line': b'-- Up-to-date symlink: /home/tamar/RBE594_ws/install/sirgas_description/share/sirgas_description//meshes/sim_cam/model.sdf\n'}
[1.300084] (sirgas_description) StdoutLine: {'line': b'-- Up-to-date symlink: /home/tamar/RBE594_ws/install/sirgas_description/share/sirgas_description//world/.keep\n'}
[1.300442] (sirgas_description) StdoutLine: {'line': b'-- Up-to-date symlink: /home/tamar/RBE594_ws/install/sirgas_description/share/sirgas_description//rviz/camera.rviz\n'}
[1.300610] (sirgas_description) StdoutLine: {'line': b'-- Up-to-date symlink: /home/tamar/RBE594_ws/install/sirgas_description/share/sirgas_description//rviz/config.rviz\n'}
[1.300787] (sirgas_description) StdoutLine: {'line': b'-- Up-to-date symlink: /home/tamar/RBE594_ws/install/sirgas_description/share/sirgas_description//rviz/config2.rviz\n'}
[1.300945] (sirgas_description) StdoutLine: {'line': b'-- Up-to-date symlink: /home/tamar/RBE594_ws/install/sirgas_description/share/sirgas_description//rviz/gsm.rviz\n'}
[1.301143] (sirgas_description) StdoutLine: {'line': b'-- Up-to-date symlink: /home/tamar/RBE594_ws/install/sirgas_description/share/sirgas_description//rviz/ur20_view.rviz\n'}
[1.301508] (sirgas_description) StdoutLine: {'line': b'-- Up-to-date symlink: /home/tamar/RBE594_ws/install/sirgas_description/share/sirgas_description//config/gear_coupling_controller.yaml\n'}
[1.301806] (sirgas_description) StdoutLine: {'line': b'-- Up-to-date symlink: /home/tamar/RBE594_ws/install/sirgas_description/share/sirgas_description//config/gsm_controller.yaml\n'}
[1.301951] (sirgas_description) StdoutLine: {'line': b'-- Up-to-date symlink: /home/tamar/RBE594_ws/install/sirgas_description/share/sirgas_description//config/initial_positions.yaml\n'}
[1.302131] (sirgas_description) StdoutLine: {'line': b'-- Up-to-date symlink: /home/tamar/RBE594_ws/install/sirgas_description/share/sirgas_description//config/load_controllers.sh\n'}
[1.302254] (-) TimerEvent: {}
[1.302358] (sirgas_description) StdoutLine: {'line': b'-- Up-to-date symlink: /home/tamar/RBE594_ws/install/sirgas_description/share/sirgas_description//config/pba_controller.yaml\n'}
[1.302585] (sirgas_description) StdoutLine: {'line': b'-- Up-to-date symlink: /home/tamar/RBE594_ws/install/sirgas_description/share/sirgas_description//config/test.yaml\n'}
[1.302748] (sirgas_description) StdoutLine: {'line': b'-- Up-to-date symlink: /home/tamar/RBE594_ws/install/sirgas_description/share/sirgas_description//config/ur20_controllers.yaml\n'}
[1.302931] (sirgas_description) StdoutLine: {'line': b'-- Up-to-date symlink: /home/tamar/RBE594_ws/install/sirgas_description/share/sirgas_description//config/ur20_picker_controllers.yaml\n'}
[1.303082] (sirgas_description) StdoutLine: {'line': b'-- Up-to-date symlink: /home/tamar/RBE594_ws/install/sirgas_description/share/sirgas_description//config/ur20_starter_controllers.yaml\n'}
[1.303416] (sirgas_description) StdoutLine: {'line': b'-- Up-to-date symlink: /home/tamar/RBE594_ws/install/sirgas_description/share/ament_index/resource_index/package_run_dependencies/sirgas_description\n'}
[1.303687] (sirgas_description) StdoutLine: {'line': b'-- Up-to-date symlink: /home/tamar/RBE594_ws/install/sirgas_description/share/ament_index/resource_index/parent_prefix_path/sirgas_description\n'}
[1.303927] (sirgas_description) StdoutLine: {'line': b'-- Up-to-date symlink: /home/tamar/RBE594_ws/install/sirgas_description/share/sirgas_description/environment/ament_prefix_path.sh\n'}
[1.304273] (sirgas_description) StdoutLine: {'line': b'-- Up-to-date symlink: /home/tamar/RBE594_ws/install/sirgas_description/share/sirgas_description/environment/ament_prefix_path.dsv\n'}
[1.304478] (sirgas_description) StdoutLine: {'line': b'-- Up-to-date symlink: /home/tamar/RBE594_ws/install/sirgas_description/share/sirgas_description/environment/path.sh\n'}
[1.304713] (sirgas_description) StdoutLine: {'line': b'-- Up-to-date symlink: /home/tamar/RBE594_ws/install/sirgas_description/share/sirgas_description/environment/path.dsv\n'}
[1.304912] (sirgas_description) StdoutLine: {'line': b'-- Up-to-date symlink: /home/tamar/RBE594_ws/install/sirgas_description/share/sirgas_description/local_setup.bash\n'}
[1.305172] (sirgas_description) StdoutLine: {'line': b'-- Up-to-date symlink: /home/tamar/RBE594_ws/install/sirgas_description/share/sirgas_description/local_setup.sh\n'}
[1.305415] (sirgas_description) StdoutLine: {'line': b'-- Up-to-date symlink: /home/tamar/RBE594_ws/install/sirgas_description/share/sirgas_description/local_setup.zsh\n'}
[1.305656] (sirgas_description) StdoutLine: {'line': b'-- Up-to-date symlink: /home/tamar/RBE594_ws/install/sirgas_description/share/sirgas_description/local_setup.dsv\n'}
[1.305845] (sirgas_description) StdoutLine: {'line': b'-- Symlinking: /home/tamar/RBE594_ws/install/sirgas_description/share/sirgas_description/package.dsv\n'}
[1.320155] (sirgas_description) StdoutLine: {'line': b'-- Up-to-date symlink: /home/tamar/RBE594_ws/install/sirgas_description/share/ament_index/resource_index/packages/sirgas_description\n'}
[1.320460] (sirgas_description) StdoutLine: {'line': b'-- Up-to-date symlink: /home/tamar/RBE594_ws/install/sirgas_description/share/sirgas_description/cmake/sirgas_descriptionConfig.cmake\n'}
[1.320602] (sirgas_description) StdoutLine: {'line': b'-- Up-to-date symlink: /home/tamar/RBE594_ws/install/sirgas_description/share/sirgas_description/cmake/sirgas_descriptionConfig-version.cmake\n'}
[1.320810] (sirgas_description) StdoutLine: {'line': b'-- Up-to-date symlink: /home/tamar/RBE594_ws/install/sirgas_description/share/sirgas_description/package.xml\n'}
[1.323608] (sirgas_description) CommandEnded: {'returncode': 0}
[1.354614] (sirgas_description) JobEnded: {'identifier': 'sirgas_description', 'rc': 0}
[1.402385] (-) TimerEvent: {}
[1.502628] (-) TimerEvent: {}
[1.510197] (custom_gear_controllers) StdoutLine: {'line': b'running develop\n'}
[1.532571] (sirgas_apriltag_detector) StdoutLine: {'line': b'running develop\n'}
[1.602745] (-) TimerEvent: {}
[1.702983] (-) TimerEvent: {}
[1.748860] (custom_gear_controllers) StdoutLine: {'line': b'running egg_info\n'}
[1.763846] (sirgas_apriltag_detector) StdoutLine: {'line': b'running egg_info\n'}
[1.767414] (custom_gear_controllers) StdoutLine: {'line': b'writing custom_gear_controllers.egg-info/PKG-INFO\n'}
[1.767679] (custom_gear_controllers) StdoutLine: {'line': b'writing dependency_links to custom_gear_controllers.egg-info/dependency_links.txt\n'}
[1.767911] (custom_gear_controllers) StdoutLine: {'line': b'writing entry points to custom_gear_controllers.egg-info/entry_points.txt\n'}
[1.768169] (custom_gear_controllers) StdoutLine: {'line': b'writing requirements to custom_gear_controllers.egg-info/requires.txt\n'}
[1.768307] (custom_gear_controllers) StdoutLine: {'line': b'writing top-level names to custom_gear_controllers.egg-info/top_level.txt\n'}
[1.783353] (sirgas_apriltag_detector) StdoutLine: {'line': b'writing sirgas_apriltag_detector.egg-info/PKG-INFO\n'}
[1.783678] (sirgas_apriltag_detector) StdoutLine: {'line': b'writing dependency_links to sirgas_apriltag_detector.egg-info/dependency_links.txt\n'}
[1.783885] (sirgas_apriltag_detector) StdoutLine: {'line': b'writing entry points to sirgas_apriltag_detector.egg-info/entry_points.txt\n'}
[1.784117] (sirgas_apriltag_detector) StdoutLine: {'line': b'writing requirements to sirgas_apriltag_detector.egg-info/requires.txt\n'}
[1.784357] (sirgas_apriltag_detector) StdoutLine: {'line': b'writing top-level names to sirgas_apriltag_detector.egg-info/top_level.txt\n'}
[1.803091] (-) TimerEvent: {}
[1.805175] (custom_gear_controllers) StdoutLine: {'line': b"reading manifest file 'custom_gear_controllers.egg-info/SOURCES.txt'\n"}
[1.806310] (custom_gear_controllers) StdoutLine: {'line': b"writing manifest file 'custom_gear_controllers.egg-info/SOURCES.txt'\n"}
[1.824483] (sirgas_apriltag_detector) StdoutLine: {'line': b"reading manifest file 'sirgas_apriltag_detector.egg-info/SOURCES.txt'\n"}
[1.825121] (sirgas_apriltag_detector) StdoutLine: {'line': b"writing manifest file 'sirgas_apriltag_detector.egg-info/SOURCES.txt'\n"}
[1.826679] (custom_gear_controllers) StdoutLine: {'line': b'running build_ext\n'}
[1.826933] (custom_gear_controllers) StdoutLine: {'line': b'Creating /home/tamar/RBE594_ws/install/custom_gear_controllers/lib/python3.12/site-packages/custom-gear-controllers.egg-link (link to .)\n'}
[1.827500] (custom_gear_controllers) StdoutLine: {'line': b'\n'}
[1.827634] (custom_gear_controllers) StdoutLine: {'line': b'Installed /home/tamar/RBE594_ws/build/custom_gear_controllers\n'}
[1.827706] (custom_gear_controllers) StdoutLine: {'line': b'running symlink_data\n'}
[1.845279] (sirgas_apriltag_detector) StdoutLine: {'line': b'running build_ext\n'}
[1.845497] (sirgas_apriltag_detector) StdoutLine: {'line': b'Creating /home/tamar/RBE594_ws/install/sirgas_apriltag_detector/lib/python3.12/site-packages/sirgas-apriltag-detector.egg-link (link to .)\n'}
[1.846231] (sirgas_apriltag_detector) StdoutLine: {'line': b'Installing apriltag_detector script to /home/tamar/RBE594_ws/install/sirgas_apriltag_detector/lib/sirgas_apriltag_detector\n'}
[1.846519] (sirgas_apriltag_detector) StdoutLine: {'line': b'\n'}
[1.846719] (sirgas_apriltag_detector) StdoutLine: {'line': b'Installed /home/tamar/RBE594_ws/build/sirgas_apriltag_detector\n'}
[1.846843] (sirgas_apriltag_detector) StdoutLine: {'line': b'running symlink_data\n'}
[1.850006] (custom_gear_controllers) CommandEnded: {'returncode': 0}
[1.857103] (custom_gear_controllers) JobEnded: {'identifier': 'custom_gear_controllers', 'rc': 0}
[1.879137] (sirgas_apriltag_detector) CommandEnded: {'returncode': 0}
[1.887453] (sirgas_apriltag_detector) JobEnded: {'identifier': 'sirgas_apriltag_detector', 'rc': 0}
[1.888946] (-) EventReactorShutdown: {}
