[0.127s] Invoking command in '/home/tamar/ws_moveit/build/robotiq_controllers': CMAKE_PREFIX_PATH=${CMAKE_PREFIX_PATH}:/opt/ros/jazzy /usr/bin/cmake /home/tamar/ws_moveit/src/ros2_robotiq_gripper/robotiq_controllers -DCMAKE_BUILD_TYPE=Release -DCMAKE_INSTALL_PREFIX=/home/tamar/ws_moveit/install/robotiq_controllers
[0.168s] -- The C compiler identification is GNU 13.3.0
[0.199s] -- The CXX compiler identification is GNU 13.3.0
[0.211s] -- Detecting C compiler ABI info
[0.274s] -- Detecting C compiler ABI info - done
[0.279s] -- Check for working C compiler: /usr/bin/cc - skipped
[0.279s] -- Detecting C compile features
[0.279s] -- Detecting C compile features - done
[0.285s] -- Detecting CXX compiler ABI info
[0.353s] -- Detecting CXX compiler ABI info - done
[0.361s] -- Check for working CXX compiler: /usr/bin/c++ - skipped
[0.361s] -- Detecting CXX compile features
[0.362s] -- Detecting CXX compile features - done
[0.370s] -- Found ament_cmake: 2.5.4 (/opt/ros/jazzy/share/ament_cmake/cmake)
[0.477s] -- Found Python3: /usr/bin/python3 (found version "3.12.3") found components: Interpreter 
[0.578s] -- Found controller_interface: 4.38.0 (/opt/ros/jazzy/share/controller_interface/cmake)
[0.649s] -- Found rosidl_generator_c: 4.6.6 (/opt/ros/jazzy/share/rosidl_generator_c/cmake)
[0.665s] -- Found rosidl_generator_cpp: 4.6.6 (/opt/ros/jazzy/share/rosidl_generator_cpp/cmake)
[0.683s] -- Using all available rosidl_typesupport_c: rosidl_typesupport_fastrtps_c;rosidl_typesupport_introspection_c
[0.707s] -- Using all available rosidl_typesupport_cpp: rosidl_typesupport_fastrtps_cpp;rosidl_typesupport_introspection_cpp
[0.947s] -- Found TinyXML2 via Config file: /usr/lib/x86_64-linux-gnu/cmake/tinyxml2
[1.027s] -- Found rmw_implementation_cmake: 7.3.2 (/opt/ros/jazzy/share/rmw_implementation_cmake/cmake)
[1.033s] -- Found rmw_cyclonedds_cpp: 2.2.3 (/opt/ros/jazzy/share/rmw_cyclonedds_cpp/cmake)
[1.080s] -- Using RMW implementation 'rmw_cyclonedds_cpp' as default
[1.313s] -- Found std_srvs: 5.3.6 (/opt/ros/jazzy/share/std_srvs/cmake)
[1.327s] -- Found ament_lint_auto: 0.17.3 (/opt/ros/jazzy/share/ament_lint_auto/cmake)
[1.396s] -- Added test 'cppcheck' to perform static code analysis on C / C++ code
[1.396s] -- Configured cppcheck include dirs: /home/tamar/ws_moveit/src/ros2_robotiq_gripper/robotiq_controllers/include
[1.396s] -- Configured cppcheck exclude dirs and/or files: 
[1.396s] -- Added test 'lint_cmake' to check CMake code style
[1.398s] -- Configuring done (1.3s)
[1.411s] -- Generating done (0.0s)
[1.413s] -- Build files have been written to: /home/tamar/ws_moveit/build/robotiq_controllers
[1.418s] Invoked command in '/home/tamar/ws_moveit/build/robotiq_controllers' returned '0': CMAKE_PREFIX_PATH=${CMAKE_PREFIX_PATH}:/opt/ros/jazzy /usr/bin/cmake /home/tamar/ws_moveit/src/ros2_robotiq_gripper/robotiq_controllers -DCMAKE_BUILD_TYPE=Release -DCMAKE_INSTALL_PREFIX=/home/tamar/ws_moveit/install/robotiq_controllers
[1.419s] Invoking command in '/home/tamar/ws_moveit/build/robotiq_controllers': CMAKE_PREFIX_PATH=${CMAKE_PREFIX_PATH}:/opt/ros/jazzy /usr/bin/cmake --build /home/tamar/ws_moveit/build/robotiq_controllers -- -j32 -l32
[1.453s] [ 50%] [32mBuilding CXX object CMakeFiles/robotiq_controllers.dir/src/robotiq_activation_controller.cpp.o[0m
[2.629s] [01m[K/home/tamar/ws_moveit/src/ros2_robotiq_gripper/robotiq_controllers/src/robotiq_activation_controller.cpp:[m[K In member function ‘[01m[Kbool robotiq_controllers::RobotiqActivationController::[01;32m[KreactivateGripper[m[K(std_srvs::srv::Trigger_Request_<std::allocator<void> >::SharedPtr, std_srvs::srv::Trigger_Response_<std::allocator<void> >::SharedPtr)[m[K’:
[2.629s] [01m[K/home/tamar/ws_moveit/src/ros2_robotiq_gripper/robotiq_controllers/src/robotiq_activation_controller.cpp:108:61:[m[K [01;35m[Kwarning: [m[Kignoring return value of ‘[01m[Kbool hardware_interface::LoanedCommandInterface::[01;32m[Kset_value[m[K(const T&, unsigned int) [35m[K[with T = double][m[K[m[K’, declared with attribute ‘[01m[Knodiscard[m[K’ [[01;35m[K-Wunused-result[m[K]
[2.629s]   108 |   [01;35m[Kcommand_interfaces_[REACTIVATE_GRIPPER_RESPONSE].set_value(ASYNC_WAITING)[m[K;
[2.629s]       |   [01;35m[K~~~~~~~~~~~~~~~~~~~~~~~~~~~~~~~~~~~~~~~~~~~~~~~~~~~~~~~~~~^~~~~~~~~~~~~~~[m[K
[2.630s] In file included from [01m[K/opt/ros/jazzy/include/controller_interface/controller_interface/controller_interface_base.hpp:29[m[K,
[2.630s]                  from [01m[K/opt/ros/jazzy/include/controller_interface/controller_interface/controller_interface.hpp:21[m[K,
[2.630s]                  from [01m[K/home/tamar/ws_moveit/src/ros2_robotiq_gripper/robotiq_controllers/include/robotiq_controllers/robotiq_activation_controller.hpp:31[m[K,
[2.630s]                  from [01m[K/home/tamar/ws_moveit/src/ros2_robotiq_gripper/robotiq_controllers/src/robotiq_activation_controller.cpp:29[m[K:
[2.630s] [01m[K/opt/ros/jazzy/include/hardware_interface/hardware_interface/loaned_command_interface.hpp:113:22:[m[K [01;36m[Knote: [m[Kdeclared here
[2.630s]   113 |   [[nodiscard]] bool [01;36m[Kset_value[m[K(const T & value, unsigned int max_tries = 10)
[2.630s]       |                      [01;36m[K^~~~~~~~~[m[K
[2.630s] [01m[K/home/tamar/ws_moveit/src/ros2_robotiq_gripper/robotiq_controllers/src/robotiq_activation_controller.cpp:109:56:[m[K [01;35m[Kwarning: [m[Kignoring return value of ‘[01m[Kbool hardware_interface::LoanedCommandInterface::[01;32m[Kset_value[m[K(const T&, unsigned int) [35m[K[with T = double][m[K[m[K’, declared with attribute ‘[01m[Knodiscard[m[K’ [[01;35m[K-Wunused-result[m[K]
[2.630s]   109 |   [01;35m[Kcommand_interfaces_[REACTIVATE_GRIPPER_CMD].set_value(1.0)[m[K;
[2.630s]       |   [01;35m[K~~~~~~~~~~~~~~~~~~~~~~~~~~~~~~~~~~~~~~~~~~~~~~~~~~~~~^~~~~[m[K
[2.630s] [01m[K/opt/ros/jazzy/include/hardware_interface/hardware_interface/loaned_command_interface.hpp:113:22:[m[K [01;36m[Knote: [m[Kdeclared here
[2.630s]   113 |   [[nodiscard]] bool [01;36m[Kset_value[m[K(const T & value, unsigned int max_tries = 10)
[2.630s]       |                      [01;36m[K^~~~~~~~~[m[K
[2.630s] [01m[K/home/tamar/ws_moveit/src/ros2_robotiq_gripper/robotiq_controllers/src/robotiq_activation_controller.cpp:111:68:[m[K [01;35m[Kwarning: [m[K‘[01m[Kdouble hardware_interface::LoanedCommandInterface::[01;32m[Kget_value[m[K() const[m[K’ is deprecated: Use std::optional<T> get_optional() instead to retrieve the value. This method will be removed by the ROS 2 Kilted Kaiju release. [[01;35m[K-Wdeprecated-declarations[m[K]
[2.630s]   111 |  ([01;35m[Kcommand_interfaces_[REACTIVATE_GRIPPER_RESPONSE].get_value()[m[K == ASYNC_WAITING)
[2.630s]       |   [01;35m[K~~~~~~~~~~~~~~~~~~~~~~~~~~~~~~~~~~~~~~~~~~~~~~~~~~~~~~~~~~^~[m[K
[2.631s] 
[2.631s] [01m[K/opt/ros/jazzy/include/hardware_interface/hardware_interface/loaned_command_interface.hpp:134:10:[m[K [01;36m[Knote: [m[Kdeclared here
[2.631s]   134 |   double [01;36m[Kget_value[m[K() const
[2.631s]       |          [01;36m[K^~~~~~~~~[m[K
[2.631s] [01m[K/home/tamar/ws_moveit/src/ros2_robotiq_gripper/robotiq_controllers/src/robotiq_activation_controller.cpp:115:77:[m[K [01;35m[Kwarning: [m[K‘[01m[Kdouble hardware_interface::LoanedCommandInterface::[01;32m[Kget_value[m[K() const[m[K’ is deprecated: Use std::optional<T> get_optional() instead to retrieve the value. This method will be removed by the ROS 2 Kilted Kaiju release. [[01;35m[K-Wdeprecated-declarations[m[K]
[2.631s]   115 | success = [01;35m[Kcommand_interfaces_[REACTIVATE_GRIPPER_RESPONSE].get_value()[m[K;
[2.631s]       |           [01;35m[K~~~~~~~~~~~~~~~~~~~~~~~~~~~~~~~~~~~~~~~~~~~~~~~~~~~~~~~~~~^~[m[K
[2.631s] 
[2.631s] [01m[K/opt/ros/jazzy/include/hardware_interface/hardware_interface/loaned_command_interface.hpp:134:10:[m[K [01;36m[Knote: [m[Kdeclared here
[2.631s]   134 |   double [01;36m[Kget_value[m[K() const
[2.631s]       |          [01;36m[K^~~~~~~~~[m[K
[3.902s] [100%] [32m[1mLinking CXX shared library librobotiq_controllers.so[0m
[4.028s] [100%] Built target robotiq_controllers
[4.038s] Invoked command in '/home/tamar/ws_moveit/build/robotiq_controllers' returned '0': CMAKE_PREFIX_PATH=${CMAKE_PREFIX_PATH}:/opt/ros/jazzy /usr/bin/cmake --build /home/tamar/ws_moveit/build/robotiq_controllers -- -j32 -l32
[4.039s] Invoking command in '/home/tamar/ws_moveit/build/robotiq_controllers': CMAKE_PREFIX_PATH=${CMAKE_PREFIX_PATH}:/opt/ros/jazzy /usr/bin/cmake --install /home/tamar/ws_moveit/build/robotiq_controllers
[4.045s] -- Install configuration: "Release"
[4.045s] -- Installing: /home/tamar/ws_moveit/install/robotiq_controllers/share/robotiq_controllers/controller_plugins.xml
[4.045s] -- Installing: /home/tamar/ws_moveit/install/robotiq_controllers/lib/librobotiq_controllers.so
[4.045s] -- Set non-toolchain portion of runtime path of "/home/tamar/ws_moveit/install/robotiq_controllers/lib/librobotiq_controllers.so" to ""
[4.045s] -- Installing: /home/tamar/ws_moveit/install/robotiq_controllers/include
[4.045s] -- Installing: /home/tamar/ws_moveit/install/robotiq_controllers/include/robotiq_controllers
[4.045s] -- Installing: /home/tamar/ws_moveit/install/robotiq_controllers/include/robotiq_controllers/robotiq_activation_controller.hpp
[4.046s] -- Installing: /home/tamar/ws_moveit/install/robotiq_controllers/share/robotiq_controllers/environment/library_path.sh
[4.046s] -- Installing: /home/tamar/ws_moveit/install/robotiq_controllers/share/robotiq_controllers/environment/library_path.dsv
[4.046s] -- Installing: /home/tamar/ws_moveit/install/robotiq_controllers/share/ament_index/resource_index/package_run_dependencies/robotiq_controllers
[4.046s] -- Installing: /home/tamar/ws_moveit/install/robotiq_controllers/share/ament_index/resource_index/parent_prefix_path/robotiq_controllers
[4.046s] -- Installing: /home/tamar/ws_moveit/install/robotiq_controllers/share/robotiq_controllers/environment/ament_prefix_path.sh
[4.046s] -- Installing: /home/tamar/ws_moveit/install/robotiq_controllers/share/robotiq_controllers/environment/ament_prefix_path.dsv
[4.046s] -- Installing: /home/tamar/ws_moveit/install/robotiq_controllers/share/robotiq_controllers/environment/path.sh
[4.046s] -- Installing: /home/tamar/ws_moveit/install/robotiq_controllers/share/robotiq_controllers/environment/path.dsv
[4.046s] -- Installing: /home/tamar/ws_moveit/install/robotiq_controllers/share/robotiq_controllers/local_setup.bash
[4.046s] -- Installing: /home/tamar/ws_moveit/install/robotiq_controllers/share/robotiq_controllers/local_setup.sh
[4.046s] -- Installing: /home/tamar/ws_moveit/install/robotiq_controllers/share/robotiq_controllers/local_setup.zsh
[4.046s] -- Installing: /home/tamar/ws_moveit/install/robotiq_controllers/share/robotiq_controllers/local_setup.dsv
[4.046s] -- Installing: /home/tamar/ws_moveit/install/robotiq_controllers/share/robotiq_controllers/package.dsv
[4.046s] -- Installing: /home/tamar/ws_moveit/install/robotiq_controllers/share/ament_index/resource_index/packages/robotiq_controllers
[4.047s] -- Installing: /home/tamar/ws_moveit/install/robotiq_controllers/share/ament_index/resource_index/controller_interface__pluginlib__plugin/robotiq_controllers
[4.047s] -- Installing: /home/tamar/ws_moveit/install/robotiq_controllers/share/robotiq_controllers/cmake/export_robotiq_controllersExport.cmake
[4.047s] -- Installing: /home/tamar/ws_moveit/install/robotiq_controllers/share/robotiq_controllers/cmake/export_robotiq_controllersExport-release.cmake
[4.047s] -- Installing: /home/tamar/ws_moveit/install/robotiq_controllers/share/robotiq_controllers/cmake/ament_cmake_export_include_directories-extras.cmake
[4.047s] -- Installing: /home/tamar/ws_moveit/install/robotiq_controllers/share/robotiq_controllers/cmake/ament_cmake_export_libraries-extras.cmake
[4.047s] -- Installing: /home/tamar/ws_moveit/install/robotiq_controllers/share/robotiq_controllers/cmake/ament_cmake_export_targets-extras.cmake
[4.047s] -- Installing: /home/tamar/ws_moveit/install/robotiq_controllers/share/robotiq_controllers/cmake/ament_cmake_export_dependencies-extras.cmake
[4.047s] -- Installing: /home/tamar/ws_moveit/install/robotiq_controllers/share/robotiq_controllers/cmake/robotiq_controllersConfig.cmake
[4.047s] -- Installing: /home/tamar/ws_moveit/install/robotiq_controllers/share/robotiq_controllers/cmake/robotiq_controllersConfig-version.cmake
[4.048s] -- Installing: /home/tamar/ws_moveit/install/robotiq_controllers/share/robotiq_controllers/package.xml
[4.049s] Invoked command in '/home/tamar/ws_moveit/build/robotiq_controllers' returned '0': CMAKE_PREFIX_PATH=${CMAKE_PREFIX_PATH}:/opt/ros/jazzy /usr/bin/cmake --install /home/tamar/ws_moveit/build/robotiq_controllers
