[0.014s] Invoking command in '/home/tamar/RBE594_ws/build/ur_description': CMAKE_PREFIX_PATH=${CMAKE_PREFIX_PATH}:/opt/ros/humble /home/tamar/.local/bin/cmake /home/tamar/RBE594_ws/src/Universal_Robots_ROS2_Description -DAMENT_CMAKE_SYMLINK_INSTALL=1 -DCMAKE_INSTALL_PREFIX=/home/tamar/RBE594_ws/install/ur_description
[0.051s] [0mCMake Deprecation Warning at CMakeLists.txt:1 (cmake_minimum_required):
[0.051s]   Compatibility with CMake < 3.10 will be removed from a future version of
[0.051s]   CMake.
[0.051s] 
[0.051s]   Update the VERSION argument <min> value.  Or, use the <min>...<max> syntax
[0.051s]   to tell CMake that the project requires at least <min> but has been updated
[0.051s]   to work with policies introduced by <max> or earlier.
[0.051s] 
[0.051s] [0m
[0.205s] -- The C compiler identification is GNU 11.4.0
[0.334s] -- The CXX compiler identification is GNU 11.4.0
[0.340s] -- Detecting C compiler ABI info
[0.377s] -- Detecting C compiler ABI info - done
[0.391s] -- Check for working C compiler: /usr/bin/cc - skipped
[0.391s] -- Detecting C compile features
[0.391s] -- Detecting C compile features - done
[0.399s] -- Detecting CXX compiler ABI info
[0.438s] -- Detecting CXX compiler ABI info - done
[0.447s] -- Check for working CXX compiler: /usr/bin/c++ - skipped
[0.448s] -- Detecting CXX compile features
[0.448s] -- Detecting CXX compile features - done
[0.452s] -- Found ament_cmake: 1.3.11 (/opt/ros/humble/share/ament_cmake/cmake)
[0.529s] -- Found Python3: /usr/bin/python3 (found version "3.10.12") found components: Interpreter
[0.560s] -- Override CMake install command with custom implementation using symlinks instead of copying resources
[0.591s] -- Found ament_cmake_pytest: 1.3.11 (/opt/ros/humble/share/ament_cmake_pytest/cmake)
[1.374s] -- Configuring done (1.3s)
[1.381s] -- Generating done (0.0s)
[1.382s] -- Build files have been written to: /home/tamar/RBE594_ws/build/ur_description
[1.387s] Invoked command in '/home/tamar/RBE594_ws/build/ur_description' returned '0': CMAKE_PREFIX_PATH=${CMAKE_PREFIX_PATH}:/opt/ros/humble /home/tamar/.local/bin/cmake /home/tamar/RBE594_ws/src/Universal_Robots_ROS2_Description -DAMENT_CMAKE_SYMLINK_INSTALL=1 -DCMAKE_INSTALL_PREFIX=/home/tamar/RBE594_ws/install/ur_description
[1.388s] Invoking command in '/home/tamar/RBE594_ws/build/ur_description': CMAKE_PREFIX_PATH=${CMAKE_PREFIX_PATH}:/opt/ros/humble /home/tamar/.local/bin/cmake --build /home/tamar/RBE594_ws/build/ur_description -- -j32 -l32
[1.435s] Invoked command in '/home/tamar/RBE594_ws/build/ur_description' returned '0': CMAKE_PREFIX_PATH=${CMAKE_PREFIX_PATH}:/opt/ros/humble /home/tamar/.local/bin/cmake --build /home/tamar/RBE594_ws/build/ur_description -- -j32 -l32
[1.436s] Invoking command in '/home/tamar/RBE594_ws/build/ur_description': CMAKE_PREFIX_PATH=${CMAKE_PREFIX_PATH}:/opt/ros/humble /home/tamar/.local/bin/cmake --install /home/tamar/RBE594_ws/build/ur_description
[1.473s] -- Install configuration: ""
[1.473s] -- Execute custom install script
[1.474s] -- Symlinking: /home/tamar/RBE594_ws/install/ur_description/share/ur_description/config/initial_positions.yaml
[1.475s] -- Symlinking: /home/tamar/RBE594_ws/install/ur_description/share/ur_description/config/ur10/default_kinematics.yaml
[1.477s] -- Symlinking: /home/tamar/RBE594_ws/install/ur_description/share/ur_description/config/ur10/joint_limits.yaml
[1.478s] -- Symlinking: /home/tamar/RBE594_ws/install/ur_description/share/ur_description/config/ur10/physical_parameters.yaml
[1.480s] -- Symlinking: /home/tamar/RBE594_ws/install/ur_description/share/ur_description/config/ur10/visual_parameters.yaml
[1.481s] -- Symlinking: /home/tamar/RBE594_ws/install/ur_description/share/ur_description/config/ur10e/default_kinematics.yaml
[1.483s] -- Symlinking: /home/tamar/RBE594_ws/install/ur_description/share/ur_description/config/ur10e/joint_limits.yaml
[1.485s] -- Symlinking: /home/tamar/RBE594_ws/install/ur_description/share/ur_description/config/ur10e/physical_parameters.yaml
[1.487s] -- Symlinking: /home/tamar/RBE594_ws/install/ur_description/share/ur_description/config/ur10e/visual_parameters.yaml
[1.489s] -- Symlinking: /home/tamar/RBE594_ws/install/ur_description/share/ur_description/config/ur12e/default_kinematics.yaml
[1.491s] -- Symlinking: /home/tamar/RBE594_ws/install/ur_description/share/ur_description/config/ur12e/joint_limits.yaml
[1.493s] -- Symlinking: /home/tamar/RBE594_ws/install/ur_description/share/ur_description/config/ur12e/physical_parameters.yaml
[1.496s] -- Symlinking: /home/tamar/RBE594_ws/install/ur_description/share/ur_description/config/ur12e/visual_parameters.yaml
[1.498s] -- Symlinking: /home/tamar/RBE594_ws/install/ur_description/share/ur_description/config/ur15/default_kinematics.yaml
[1.500s] -- Symlinking: /home/tamar/RBE594_ws/install/ur_description/share/ur_description/config/ur15/joint_limits.yaml
[1.501s] -- Symlinking: /home/tamar/RBE594_ws/install/ur_description/share/ur_description/config/ur15/physical_parameters.yaml
[1.503s] -- Symlinking: /home/tamar/RBE594_ws/install/ur_description/share/ur_description/config/ur15/visual_parameters.yaml
[1.504s] -- Symlinking: /home/tamar/RBE594_ws/install/ur_description/share/ur_description/config/ur16e/default_kinematics.yaml
[1.505s] -- Symlinking: /home/tamar/RBE594_ws/install/ur_description/share/ur_description/config/ur16e/joint_limits.yaml
[1.507s] -- Symlinking: /home/tamar/RBE594_ws/install/ur_description/share/ur_description/config/ur16e/physical_parameters.yaml
[1.508s] -- Symlinking: /home/tamar/RBE594_ws/install/ur_description/share/ur_description/config/ur16e/visual_parameters.yaml
[1.510s] -- Symlinking: /home/tamar/RBE594_ws/install/ur_description/share/ur_description/config/ur20/default_kinematics.yaml
[1.512s] -- Symlinking: /home/tamar/RBE594_ws/install/ur_description/share/ur_description/config/ur20/joint_limits.yaml
[1.514s] -- Symlinking: /home/tamar/RBE594_ws/install/ur_description/share/ur_description/config/ur20/physical_parameters.yaml
[1.516s] -- Symlinking: /home/tamar/RBE594_ws/install/ur_description/share/ur_description/config/ur20/visual_parameters.yaml
[1.517s] -- Symlinking: /home/tamar/RBE594_ws/install/ur_description/share/ur_description/config/ur3/default_kinematics.yaml
[1.518s] -- Symlinking: /home/tamar/RBE594_ws/install/ur_description/share/ur_description/config/ur3/joint_limits.yaml
[1.520s] -- Symlinking: /home/tamar/RBE594_ws/install/ur_description/share/ur_description/config/ur3/physical_parameters.yaml
[1.521s] -- Symlinking: /home/tamar/RBE594_ws/install/ur_description/share/ur_description/config/ur3/visual_parameters.yaml
[1.523s] -- Symlinking: /home/tamar/RBE594_ws/install/ur_description/share/ur_description/config/ur30/default_kinematics.yaml
[1.524s] -- Symlinking: /home/tamar/RBE594_ws/install/ur_description/share/ur_description/config/ur30/joint_limits.yaml
[1.526s] -- Symlinking: /home/tamar/RBE594_ws/install/ur_description/share/ur_description/config/ur30/physical_parameters.yaml
[1.527s] -- Symlinking: /home/tamar/RBE594_ws/install/ur_description/share/ur_description/config/ur30/visual_parameters.yaml
[1.529s] -- Symlinking: /home/tamar/RBE594_ws/install/ur_description/share/ur_description/config/ur3e/default_kinematics.yaml
[1.530s] -- Symlinking: /home/tamar/RBE594_ws/install/ur_description/share/ur_description/config/ur3e/joint_limits.yaml
[1.533s] -- Symlinking: /home/tamar/RBE594_ws/install/ur_description/share/ur_description/config/ur3e/physical_parameters.yaml
[1.535s] -- Symlinking: /home/tamar/RBE594_ws/install/ur_description/share/ur_description/config/ur3e/visual_parameters.yaml
[1.537s] -- Symlinking: /home/tamar/RBE594_ws/install/ur_description/share/ur_description/config/ur5/default_kinematics.yaml
[1.539s] -- Symlinking: /home/tamar/RBE594_ws/install/ur_description/share/ur_description/config/ur5/joint_limits.yaml
[1.541s] -- Symlinking: /home/tamar/RBE594_ws/install/ur_description/share/ur_description/config/ur5/physical_parameters.yaml
[1.542s] -- Symlinking: /home/tamar/RBE594_ws/install/ur_description/share/ur_description/config/ur5/visual_parameters.yaml
[1.544s] -- Symlinking: /home/tamar/RBE594_ws/install/ur_description/share/ur_description/config/ur5e/default_kinematics.yaml
[1.546s] -- Symlinking: /home/tamar/RBE594_ws/install/ur_description/share/ur_description/config/ur5e/joint_limits.yaml
[1.548s] -- Symlinking: /home/tamar/RBE594_ws/install/ur_description/share/ur_description/config/ur5e/physical_parameters.yaml
[1.550s] -- Symlinking: /home/tamar/RBE594_ws/install/ur_description/share/ur_description/config/ur5e/visual_parameters.yaml
[1.552s] -- Symlinking: /home/tamar/RBE594_ws/install/ur_description/share/ur_description/config/ur7e/default_kinematics.yaml
[1.554s] -- Symlinking: /home/tamar/RBE594_ws/install/ur_description/share/ur_description/config/ur7e/joint_limits.yaml
[1.557s] -- Symlinking: /home/tamar/RBE594_ws/install/ur_description/share/ur_description/config/ur7e/physical_parameters.yaml
[1.558s] -- Symlinking: /home/tamar/RBE594_ws/install/ur_description/share/ur_description/config/ur7e/visual_parameters.yaml
[1.560s] -- Symlinking: /home/tamar/RBE594_ws/install/ur_description/share/ur_description/launch/view_ur.launch.py
[1.563s] -- Symlinking: /home/tamar/RBE594_ws/install/ur_description/share/ur_description/meshes/ur10/collision/base.stl
[1.565s] -- Symlinking: /home/tamar/RBE594_ws/install/ur_description/share/ur_description/meshes/ur10/collision/forearm.stl
[1.566s] -- Symlinking: /home/tamar/RBE594_ws/install/ur_description/share/ur_description/meshes/ur10/collision/shoulder.stl
[1.568s] -- Symlinking: /home/tamar/RBE594_ws/install/ur_description/share/ur_description/meshes/ur10/collision/upperarm.stl
[1.569s] -- Symlinking: /home/tamar/RBE594_ws/install/ur_description/share/ur_description/meshes/ur10/collision/wrist1.stl
[1.570s] -- Symlinking: /home/tamar/RBE594_ws/install/ur_description/share/ur_description/meshes/ur10/collision/wrist2.stl
[1.572s] -- Symlinking: /home/tamar/RBE594_ws/install/ur_description/share/ur_description/meshes/ur10/collision/wrist3.stl
[1.573s] -- Symlinking: /home/tamar/RBE594_ws/install/ur_description/share/ur_description/meshes/ur10/visual/base.dae
[1.575s] -- Symlinking: /home/tamar/RBE594_ws/install/ur_description/share/ur_description/meshes/ur10/visual/forearm.dae
[1.577s] -- Symlinking: /home/tamar/RBE594_ws/install/ur_description/share/ur_description/meshes/ur10/visual/shoulder.dae
[1.579s] -- Symlinking: /home/tamar/RBE594_ws/install/ur_description/share/ur_description/meshes/ur10/visual/upperarm.dae
[1.580s] -- Symlinking: /home/tamar/RBE594_ws/install/ur_description/share/ur_description/meshes/ur10/visual/wrist1.dae
[1.581s] -- Symlinking: /home/tamar/RBE594_ws/install/ur_description/share/ur_description/meshes/ur10/visual/wrist2.dae
[1.583s] -- Symlinking: /home/tamar/RBE594_ws/install/ur_description/share/ur_description/meshes/ur10/visual/wrist3.dae
[1.585s] -- Symlinking: /home/tamar/RBE594_ws/install/ur_description/share/ur_description/meshes/ur10e/collision/base.stl
[1.587s] -- Symlinking: /home/tamar/RBE594_ws/install/ur_description/share/ur_description/meshes/ur10e/collision/forearm.stl
[1.588s] -- Symlinking: /home/tamar/RBE594_ws/install/ur_description/share/ur_description/meshes/ur10e/collision/shoulder.stl
[1.590s] -- Symlinking: /home/tamar/RBE594_ws/install/ur_description/share/ur_description/meshes/ur10e/collision/upperarm.stl
[1.592s] -- Symlinking: /home/tamar/RBE594_ws/install/ur_description/share/ur_description/meshes/ur10e/collision/wrist1.stl
[1.593s] -- Symlinking: /home/tamar/RBE594_ws/install/ur_description/share/ur_description/meshes/ur10e/collision/wrist2.stl
[1.595s] -- Symlinking: /home/tamar/RBE594_ws/install/ur_description/share/ur_description/meshes/ur10e/collision/wrist3.stl
[1.596s] -- Symlinking: /home/tamar/RBE594_ws/install/ur_description/share/ur_description/meshes/ur10e/visual/base.dae
[1.598s] -- Symlinking: /home/tamar/RBE594_ws/install/ur_description/share/ur_description/meshes/ur10e/visual/forearm.dae
[1.599s] -- Symlinking: /home/tamar/RBE594_ws/install/ur_description/share/ur_description/meshes/ur10e/visual/shoulder.dae
[1.601s] -- Symlinking: /home/tamar/RBE594_ws/install/ur_description/share/ur_description/meshes/ur10e/visual/upperarm.dae
[1.602s] -- Symlinking: /home/tamar/RBE594_ws/install/ur_description/share/ur_description/meshes/ur10e/visual/wrist1.dae
[1.604s] -- Symlinking: /home/tamar/RBE594_ws/install/ur_description/share/ur_description/meshes/ur10e/visual/wrist2.dae
[1.605s] -- Symlinking: /home/tamar/RBE594_ws/install/ur_description/share/ur_description/meshes/ur10e/visual/wrist3.dae
[1.608s] -- Symlinking: /home/tamar/RBE594_ws/install/ur_description/share/ur_description/meshes/ur15/LICENSE.txt
[1.609s] -- Symlinking: /home/tamar/RBE594_ws/install/ur_description/share/ur_description/meshes/ur15/collision/base.stl
[1.610s] -- Symlinking: /home/tamar/RBE594_ws/install/ur_description/share/ur_description/meshes/ur15/collision/forearm.stl
[1.612s] -- Symlinking: /home/tamar/RBE594_ws/install/ur_description/share/ur_description/meshes/ur15/collision/shoulder.stl
[1.613s] -- Symlinking: /home/tamar/RBE594_ws/install/ur_description/share/ur_description/meshes/ur15/collision/upperarm.stl
[1.615s] -- Symlinking: /home/tamar/RBE594_ws/install/ur_description/share/ur_description/meshes/ur15/collision/wrist1.stl
[1.616s] -- Symlinking: /home/tamar/RBE594_ws/install/ur_description/share/ur_description/meshes/ur15/collision/wrist2.stl
[1.618s] -- Symlinking: /home/tamar/RBE594_ws/install/ur_description/share/ur_description/meshes/ur15/collision/wrist3.stl
[1.619s] -- Symlinking: /home/tamar/RBE594_ws/install/ur_description/share/ur_description/meshes/ur15/visual/UR15_DIFF_8bit_2K.jpg
[1.621s] -- Symlinking: /home/tamar/RBE594_ws/install/ur_description/share/ur_description/meshes/ur15/visual/base.dae
[1.622s] -- Symlinking: /home/tamar/RBE594_ws/install/ur_description/share/ur_description/meshes/ur15/visual/forearm.dae
[1.624s] -- Symlinking: /home/tamar/RBE594_ws/install/ur_description/share/ur_description/meshes/ur15/visual/shoulder.dae
[1.627s] -- Symlinking: /home/tamar/RBE594_ws/install/ur_description/share/ur_description/meshes/ur15/visual/upperarm.dae
[1.629s] -- Symlinking: /home/tamar/RBE594_ws/install/ur_description/share/ur_description/meshes/ur15/visual/wrist1.dae
[1.631s] -- Symlinking: /home/tamar/RBE594_ws/install/ur_description/share/ur_description/meshes/ur15/visual/wrist2.dae
[1.633s] -- Symlinking: /home/tamar/RBE594_ws/install/ur_description/share/ur_description/meshes/ur15/visual/wrist3.dae
[1.635s] -- Symlinking: /home/tamar/RBE594_ws/install/ur_description/share/ur_description/meshes/ur16e/collision/forearm.stl
[1.637s] -- Symlinking: /home/tamar/RBE594_ws/install/ur_description/share/ur_description/meshes/ur16e/collision/upperarm.stl
[1.639s] -- Symlinking: /home/tamar/RBE594_ws/install/ur_description/share/ur_description/meshes/ur16e/visual/forearm.dae
[1.640s] -- Symlinking: /home/tamar/RBE594_ws/install/ur_description/share/ur_description/meshes/ur16e/visual/upperarm.dae
[1.642s] -- Symlinking: /home/tamar/RBE594_ws/install/ur_description/share/ur_description/meshes/ur20/LICENSE.txt
[1.644s] -- Symlinking: /home/tamar/RBE594_ws/install/ur_description/share/ur_description/meshes/ur20/collision/base.stl
[1.646s] -- Symlinking: /home/tamar/RBE594_ws/install/ur_description/share/ur_description/meshes/ur20/collision/forearm.stl
[1.648s] -- Symlinking: /home/tamar/RBE594_ws/install/ur_description/share/ur_description/meshes/ur20/collision/shoulder.stl
[1.650s] -- Symlinking: /home/tamar/RBE594_ws/install/ur_description/share/ur_description/meshes/ur20/collision/upperarm.stl
[1.652s] -- Symlinking: /home/tamar/RBE594_ws/install/ur_description/share/ur_description/meshes/ur20/collision/wrist1.stl
[1.653s] -- Symlinking: /home/tamar/RBE594_ws/install/ur_description/share/ur_description/meshes/ur20/collision/wrist2.stl
[1.655s] -- Symlinking: /home/tamar/RBE594_ws/install/ur_description/share/ur_description/meshes/ur20/collision/wrist3.stl
[1.658s] -- Symlinking: /home/tamar/RBE594_ws/install/ur_description/share/ur_description/meshes/ur20/visual/UR20_DIFF_8bit_2K.png
[1.660s] -- Symlinking: /home/tamar/RBE594_ws/install/ur_description/share/ur_description/meshes/ur20/visual/base.dae
[1.661s] -- Symlinking: /home/tamar/RBE594_ws/install/ur_description/share/ur_description/meshes/ur20/visual/forearm.dae
[1.663s] -- Symlinking: /home/tamar/RBE594_ws/install/ur_description/share/ur_description/meshes/ur20/visual/shoulder.dae
[1.665s] -- Symlinking: /home/tamar/RBE594_ws/install/ur_description/share/ur_description/meshes/ur20/visual/upperarm.dae
[1.667s] -- Symlinking: /home/tamar/RBE594_ws/install/ur_description/share/ur_description/meshes/ur20/visual/wrist1.dae
[1.669s] -- Symlinking: /home/tamar/RBE594_ws/install/ur_description/share/ur_description/meshes/ur20/visual/wrist2.dae
[1.670s] -- Symlinking: /home/tamar/RBE594_ws/install/ur_description/share/ur_description/meshes/ur20/visual/wrist3.dae
[1.672s] -- Symlinking: /home/tamar/RBE594_ws/install/ur_description/share/ur_description/meshes/ur3/collision/base.stl
[1.674s] -- Symlinking: /home/tamar/RBE594_ws/install/ur_description/share/ur_description/meshes/ur3/collision/forearm.stl
[1.675s] -- Symlinking: /home/tamar/RBE594_ws/install/ur_description/share/ur_description/meshes/ur3/collision/shoulder.stl
[1.676s] -- Symlinking: /home/tamar/RBE594_ws/install/ur_description/share/ur_description/meshes/ur3/collision/upperarm.stl
[1.678s] -- Symlinking: /home/tamar/RBE594_ws/install/ur_description/share/ur_description/meshes/ur3/collision/wrist1.stl
[1.679s] -- Symlinking: /home/tamar/RBE594_ws/install/ur_description/share/ur_description/meshes/ur3/collision/wrist2.stl
[1.681s] -- Symlinking: /home/tamar/RBE594_ws/install/ur_description/share/ur_description/meshes/ur3/collision/wrist3.stl
[1.682s] -- Symlinking: /home/tamar/RBE594_ws/install/ur_description/share/ur_description/meshes/ur3/visual/base.dae
[1.684s] -- Symlinking: /home/tamar/RBE594_ws/install/ur_description/share/ur_description/meshes/ur3/visual/forearm.dae
[1.686s] -- Symlinking: /home/tamar/RBE594_ws/install/ur_description/share/ur_description/meshes/ur3/visual/shoulder.dae
[1.688s] -- Symlinking: /home/tamar/RBE594_ws/install/ur_description/share/ur_description/meshes/ur3/visual/upperarm.dae
[1.690s] -- Symlinking: /home/tamar/RBE594_ws/install/ur_description/share/ur_description/meshes/ur3/visual/wrist1.dae
[1.692s] -- Symlinking: /home/tamar/RBE594_ws/install/ur_description/share/ur_description/meshes/ur3/visual/wrist2.dae
[1.694s] -- Symlinking: /home/tamar/RBE594_ws/install/ur_description/share/ur_description/meshes/ur3/visual/wrist3.dae
[1.697s] -- Symlinking: /home/tamar/RBE594_ws/install/ur_description/share/ur_description/meshes/ur30/LICENSE.txt
[1.699s] -- Symlinking: /home/tamar/RBE594_ws/install/ur_description/share/ur_description/meshes/ur30/collision/forearm.stl
[1.701s] -- Symlinking: /home/tamar/RBE594_ws/install/ur_description/share/ur_description/meshes/ur30/collision/upperarm.stl
[1.703s] -- Symlinking: /home/tamar/RBE594_ws/install/ur_description/share/ur_description/meshes/ur30/visual/UR30_DIFF_8bit_2K.png
[1.705s] -- Symlinking: /home/tamar/RBE594_ws/install/ur_description/share/ur_description/meshes/ur30/visual/forearm.dae
[1.707s] -- Symlinking: /home/tamar/RBE594_ws/install/ur_description/share/ur_description/meshes/ur30/visual/upperarm.dae
[1.709s] -- Symlinking: /home/tamar/RBE594_ws/install/ur_description/share/ur_description/meshes/ur3e/collision/base.stl
[1.711s] -- Symlinking: /home/tamar/RBE594_ws/install/ur_description/share/ur_description/meshes/ur3e/collision/forearm.stl
[1.713s] -- Symlinking: /home/tamar/RBE594_ws/install/ur_description/share/ur_description/meshes/ur3e/collision/shoulder.stl
[1.715s] -- Symlinking: /home/tamar/RBE594_ws/install/ur_description/share/ur_description/meshes/ur3e/collision/upperarm.stl
[1.717s] -- Symlinking: /home/tamar/RBE594_ws/install/ur_description/share/ur_description/meshes/ur3e/collision/wrist1.stl
[1.719s] -- Symlinking: /home/tamar/RBE594_ws/install/ur_description/share/ur_description/meshes/ur3e/collision/wrist2.stl
[1.721s] -- Symlinking: /home/tamar/RBE594_ws/install/ur_description/share/ur_description/meshes/ur3e/collision/wrist3.stl
[1.724s] -- Symlinking: /home/tamar/RBE594_ws/install/ur_description/share/ur_description/meshes/ur3e/visual/base.dae
[1.726s] -- Symlinking: /home/tamar/RBE594_ws/install/ur_description/share/ur_description/meshes/ur3e/visual/forearm.dae
[1.728s] -- Symlinking: /home/tamar/RBE594_ws/install/ur_description/share/ur_description/meshes/ur3e/visual/shoulder.dae
[1.730s] -- Symlinking: /home/tamar/RBE594_ws/install/ur_description/share/ur_description/meshes/ur3e/visual/upperarm.dae
[1.732s] -- Symlinking: /home/tamar/RBE594_ws/install/ur_description/share/ur_description/meshes/ur3e/visual/wrist1.dae
[1.734s] -- Symlinking: /home/tamar/RBE594_ws/install/ur_description/share/ur_description/meshes/ur3e/visual/wrist2.dae
[1.736s] -- Symlinking: /home/tamar/RBE594_ws/install/ur_description/share/ur_description/meshes/ur3e/visual/wrist3.dae
[1.738s] -- Symlinking: /home/tamar/RBE594_ws/install/ur_description/share/ur_description/meshes/ur5/collision/base.stl
[1.739s] -- Symlinking: /home/tamar/RBE594_ws/install/ur_description/share/ur_description/meshes/ur5/collision/forearm.stl
[1.741s] -- Symlinking: /home/tamar/RBE594_ws/install/ur_description/share/ur_description/meshes/ur5/collision/shoulder.stl
[1.743s] -- Symlinking: /home/tamar/RBE594_ws/install/ur_description/share/ur_description/meshes/ur5/collision/upperarm.stl
[1.745s] -- Symlinking: /home/tamar/RBE594_ws/install/ur_description/share/ur_description/meshes/ur5/collision/wrist1.stl
[1.748s] -- Symlinking: /home/tamar/RBE594_ws/install/ur_description/share/ur_description/meshes/ur5/collision/wrist2.stl
[1.750s] -- Symlinking: /home/tamar/RBE594_ws/install/ur_description/share/ur_description/meshes/ur5/collision/wrist3.stl
[1.751s] -- Symlinking: /home/tamar/RBE594_ws/install/ur_description/share/ur_description/meshes/ur5/visual/base.dae
[1.753s] -- Symlinking: /home/tamar/RBE594_ws/install/ur_description/share/ur_description/meshes/ur5/visual/forearm.dae
[1.755s] -- Symlinking: /home/tamar/RBE594_ws/install/ur_description/share/ur_description/meshes/ur5/visual/shoulder.dae
[1.758s] -- Symlinking: /home/tamar/RBE594_ws/install/ur_description/share/ur_description/meshes/ur5/visual/upperarm.dae
[1.759s] -- Symlinking: /home/tamar/RBE594_ws/install/ur_description/share/ur_description/meshes/ur5/visual/wrist1.dae
[1.761s] -- Symlinking: /home/tamar/RBE594_ws/install/ur_description/share/ur_description/meshes/ur5/visual/wrist2.dae
[1.764s] -- Symlinking: /home/tamar/RBE594_ws/install/ur_description/share/ur_description/meshes/ur5/visual/wrist3.dae
[1.766s] -- Symlinking: /home/tamar/RBE594_ws/install/ur_description/share/ur_description/meshes/ur5e/collision/base.stl
[1.768s] -- Symlinking: /home/tamar/RBE594_ws/install/ur_description/share/ur_description/meshes/ur5e/collision/forearm.stl
[1.770s] -- Symlinking: /home/tamar/RBE594_ws/install/ur_description/share/ur_description/meshes/ur5e/collision/shoulder.stl
[1.772s] -- Symlinking: /home/tamar/RBE594_ws/install/ur_description/share/ur_description/meshes/ur5e/collision/upperarm.stl
[1.774s] -- Symlinking: /home/tamar/RBE594_ws/install/ur_description/share/ur_description/meshes/ur5e/collision/wrist1.stl
[1.775s] -- Symlinking: /home/tamar/RBE594_ws/install/ur_description/share/ur_description/meshes/ur5e/collision/wrist2.stl
[1.778s] -- Symlinking: /home/tamar/RBE594_ws/install/ur_description/share/ur_description/meshes/ur5e/collision/wrist3.stl
[1.780s] -- Symlinking: /home/tamar/RBE594_ws/install/ur_description/share/ur_description/meshes/ur5e/visual/base.dae
[1.782s] -- Symlinking: /home/tamar/RBE594_ws/install/ur_description/share/ur_description/meshes/ur5e/visual/forearm.dae
[1.785s] -- Symlinking: /home/tamar/RBE594_ws/install/ur_description/share/ur_description/meshes/ur5e/visual/shoulder.dae
[1.786s] -- Symlinking: /home/tamar/RBE594_ws/install/ur_description/share/ur_description/meshes/ur5e/visual/upperarm.dae
[1.788s] -- Symlinking: /home/tamar/RBE594_ws/install/ur_description/share/ur_description/meshes/ur5e/visual/wrist1.dae
[1.790s] -- Symlinking: /home/tamar/RBE594_ws/install/ur_description/share/ur_description/meshes/ur5e/visual/wrist2.dae
[1.792s] -- Symlinking: /home/tamar/RBE594_ws/install/ur_description/share/ur_description/meshes/ur5e/visual/wrist3.dae
[1.794s] -- Symlinking: /home/tamar/RBE594_ws/install/ur_description/share/ur_description/rviz/view_robot.rviz
[1.796s] -- Symlinking: /home/tamar/RBE594_ws/install/ur_description/share/ur_description/urdf/inc/ur_common.xacro
[1.798s] -- Symlinking: /home/tamar/RBE594_ws/install/ur_description/share/ur_description/urdf/inc/ur_transmissions.xacro
[1.800s] -- Symlinking: /home/tamar/RBE594_ws/install/ur_description/share/ur_description/urdf/ur.ros2_control.xacro
[1.802s] -- Symlinking: /home/tamar/RBE594_ws/install/ur_description/share/ur_description/urdf/ur.urdf.xacro
[1.804s] -- Symlinking: /home/tamar/RBE594_ws/install/ur_description/share/ur_description/urdf/ur_macro.xacro
[1.806s] -- Symlinking: /home/tamar/RBE594_ws/install/ur_description/share/ur_description/test/test_ur_urdf_xacro.py
[1.808s] -- Symlinking: /home/tamar/RBE594_ws/install/ur_description/share/ur_description/test/test_view_ur_launch.py
[1.810s] -- Symlinking: /home/tamar/RBE594_ws/install/ur_description/share/ament_index/resource_index/package_run_dependencies/ur_description
[1.813s] -- Symlinking: /home/tamar/RBE594_ws/install/ur_description/share/ament_index/resource_index/parent_prefix_path/ur_description
[1.815s] -- Symlinking: /home/tamar/RBE594_ws/install/ur_description/share/ur_description/environment/ament_prefix_path.sh
[1.816s] -- Symlinking: /home/tamar/RBE594_ws/install/ur_description/share/ur_description/environment/ament_prefix_path.dsv
[1.818s] -- Symlinking: /home/tamar/RBE594_ws/install/ur_description/share/ur_description/environment/path.sh
[1.821s] -- Symlinking: /home/tamar/RBE594_ws/install/ur_description/share/ur_description/environment/path.dsv
[1.822s] -- Symlinking: /home/tamar/RBE594_ws/install/ur_description/share/ur_description/local_setup.bash
[1.824s] -- Symlinking: /home/tamar/RBE594_ws/install/ur_description/share/ur_description/local_setup.sh
[1.827s] -- Symlinking: /home/tamar/RBE594_ws/install/ur_description/share/ur_description/local_setup.zsh
[1.828s] -- Symlinking: /home/tamar/RBE594_ws/install/ur_description/share/ur_description/local_setup.dsv
[1.830s] -- Symlinking: /home/tamar/RBE594_ws/install/ur_description/share/ur_description/package.dsv
[1.832s] -- Symlinking: /home/tamar/RBE594_ws/install/ur_description/share/ament_index/resource_index/packages/ur_description
[1.835s] -- Symlinking: /home/tamar/RBE594_ws/install/ur_description/share/ur_description/cmake/ur_descriptionConfig.cmake
[1.836s] -- Symlinking: /home/tamar/RBE594_ws/install/ur_description/share/ur_description/cmake/ur_descriptionConfig-version.cmake
[1.838s] -- Symlinking: /home/tamar/RBE594_ws/install/ur_description/share/ur_description/package.xml
[1.842s] Invoked command in '/home/tamar/RBE594_ws/build/ur_description' returned '0': CMAKE_PREFIX_PATH=${CMAKE_PREFIX_PATH}:/opt/ros/humble /home/tamar/.local/bin/cmake --install /home/tamar/RBE594_ws/build/ur_description
