[0.126s] Invoking command in '/home/tamar/ws_moveit/build/robotiq_description': CMAKE_PREFIX_PATH=${CMAKE_PREFIX_PATH}:/opt/ros/jazzy /usr/bin/cmake /home/tamar/ws_moveit/src/ros2_robotiq_gripper/robotiq_description -DCMAKE_BUILD_TYPE=Release -DCMAKE_INSTALL_PREFIX=/home/tamar/ws_moveit/install/robotiq_description
[0.165s] -- The C compiler identification is GNU 13.3.0
[0.208s] -- The CXX compiler identification is GNU 13.3.0
[0.219s] -- Detecting C compiler ABI info
[0.283s] -- Detecting C compiler ABI info - done
[0.288s] -- Check for working C compiler: /usr/bin/cc - skipped
[0.288s] -- Detecting C compile features
[0.288s] -- Detecting C compile features - done
[0.295s] -- Detecting CXX compiler ABI info
[0.359s] -- Detecting CXX compiler ABI info - done
[0.367s] -- Check for working CXX compiler: /usr/bin/c++ - skipped
[0.368s] -- Detecting CXX compile features
[0.368s] -- Detecting CXX compile features - done
[0.376s] -- Found ament_cmake: 2.5.4 (/opt/ros/jazzy/share/ament_cmake/cmake)
[0.497s] -- Found Python3: /usr/bin/python3 (found version "3.12.3") found components: Interpreter 
[0.663s] -- Configuring done (0.5s)
[0.665s] -- Generating done (0.0s)
[0.666s] -- Build files have been written to: /home/tamar/ws_moveit/build/robotiq_description
[0.668s] Invoked command in '/home/tamar/ws_moveit/build/robotiq_description' returned '0': CMAKE_PREFIX_PATH=${CMAKE_PREFIX_PATH}:/opt/ros/jazzy /usr/bin/cmake /home/tamar/ws_moveit/src/ros2_robotiq_gripper/robotiq_description -DCMAKE_BUILD_TYPE=Release -DCMAKE_INSTALL_PREFIX=/home/tamar/ws_moveit/install/robotiq_description
[0.668s] Invoking command in '/home/tamar/ws_moveit/build/robotiq_description': CMAKE_PREFIX_PATH=${CMAKE_PREFIX_PATH}:/opt/ros/jazzy /usr/bin/cmake --build /home/tamar/ws_moveit/build/robotiq_description -- -j32 -l32
[0.692s] Invoked command in '/home/tamar/ws_moveit/build/robotiq_description' returned '0': CMAKE_PREFIX_PATH=${CMAKE_PREFIX_PATH}:/opt/ros/jazzy /usr/bin/cmake --build /home/tamar/ws_moveit/build/robotiq_description -- -j32 -l32
[0.693s] Invoking command in '/home/tamar/ws_moveit/build/robotiq_description': CMAKE_PREFIX_PATH=${CMAKE_PREFIX_PATH}:/opt/ros/jazzy /usr/bin/cmake --install /home/tamar/ws_moveit/build/robotiq_description
[0.698s] -- Install configuration: "Release"
[0.698s] -- Installing: /home/tamar/ws_moveit/install/robotiq_description/share/robotiq_description/config
[0.698s] -- Installing: /home/tamar/ws_moveit/install/robotiq_description/share/robotiq_description/config/robotiq_controllers.yaml
[0.698s] -- Installing: /home/tamar/ws_moveit/install/robotiq_description/share/robotiq_description/launch
[0.699s] -- Installing: /home/tamar/ws_moveit/install/robotiq_description/share/robotiq_description/launch/view_gripper.launch.py
[0.699s] -- Installing: /home/tamar/ws_moveit/install/robotiq_description/share/robotiq_description/launch/robotiq_control.launch.py
[0.699s] -- Installing: /home/tamar/ws_moveit/install/robotiq_description/share/robotiq_description/meshes
[0.699s] -- Installing: /home/tamar/ws_moveit/install/robotiq_description/share/robotiq_description/meshes/visual
[0.699s] -- Installing: /home/tamar/ws_moveit/install/robotiq_description/share/robotiq_description/meshes/visual/2f_140
[0.699s] -- Installing: /home/tamar/ws_moveit/install/robotiq_description/share/robotiq_description/meshes/visual/2f_140/robotiq_2f_140_base_link.stl
[0.699s] -- Installing: /home/tamar/ws_moveit/install/robotiq_description/share/robotiq_description/meshes/visual/2f_140/robotiq_2f_140_outer_finger.stl
[0.699s] -- Installing: /home/tamar/ws_moveit/install/robotiq_description/share/robotiq_description/meshes/visual/2f_140/robotiq_2f_140_coupling.stl
[0.699s] -- Installing: /home/tamar/ws_moveit/install/robotiq_description/share/robotiq_description/meshes/visual/2f_140/robotiq_2f_140_outer_knuckle.stl
[0.699s] -- Installing: /home/tamar/ws_moveit/install/robotiq_description/share/robotiq_description/meshes/visual/2f_140/robotiq_2f_140_inner_knuckle.stl
[0.699s] -- Installing: /home/tamar/ws_moveit/install/robotiq_description/share/robotiq_description/meshes/visual/2f_140/robotiq_2f_140_inner_finger.stl
[0.699s] -- Installing: /home/tamar/ws_moveit/install/robotiq_description/share/robotiq_description/meshes/visual/2f_85
[0.699s] -- Installing: /home/tamar/ws_moveit/install/robotiq_description/share/robotiq_description/meshes/visual/2f_85/right_finger_tip.dae
[0.699s] -- Installing: /home/tamar/ws_moveit/install/robotiq_description/share/robotiq_description/meshes/visual/2f_85/left_inner_knuckle.dae
[0.700s] -- Installing: /home/tamar/ws_moveit/install/robotiq_description/share/robotiq_description/meshes/visual/2f_85/left_finger.dae
[0.700s] -- Installing: /home/tamar/ws_moveit/install/robotiq_description/share/robotiq_description/meshes/visual/2f_85/left_knuckle.dae
[0.700s] -- Installing: /home/tamar/ws_moveit/install/robotiq_description/share/robotiq_description/meshes/visual/2f_85/ur_to_robotiq_adapter.dae
[0.700s] -- Installing: /home/tamar/ws_moveit/install/robotiq_description/share/robotiq_description/meshes/visual/2f_85/right_finger.dae
[0.700s] -- Installing: /home/tamar/ws_moveit/install/robotiq_description/share/robotiq_description/meshes/visual/2f_85/right_inner_knuckle.dae
[0.700s] -- Installing: /home/tamar/ws_moveit/install/robotiq_description/share/robotiq_description/meshes/visual/2f_85/left_finger_tip.dae
[0.700s] -- Installing: /home/tamar/ws_moveit/install/robotiq_description/share/robotiq_description/meshes/visual/2f_85/right_knuckle.dae
[0.700s] -- Installing: /home/tamar/ws_moveit/install/robotiq_description/share/robotiq_description/meshes/visual/2f_85/robotiq_base.dae
[0.701s] -- Installing: /home/tamar/ws_moveit/install/robotiq_description/share/robotiq_description/meshes/collision
[0.701s] -- Installing: /home/tamar/ws_moveit/install/robotiq_description/share/robotiq_description/meshes/collision/2f_140
[0.701s] -- Installing: /home/tamar/ws_moveit/install/robotiq_description/share/robotiq_description/meshes/collision/2f_140/robotiq_2f_140_base_link.stl
[0.701s] -- Installing: /home/tamar/ws_moveit/install/robotiq_description/share/robotiq_description/meshes/collision/2f_140/robotiq_2f_140_outer_finger.stl
[0.701s] -- Installing: /home/tamar/ws_moveit/install/robotiq_description/share/robotiq_description/meshes/collision/2f_140/robotiq_2f_140_coupling.stl
[0.702s] -- Installing: /home/tamar/ws_moveit/install/robotiq_description/share/robotiq_description/meshes/collision/2f_140/robotiq_2f_140_outer_knuckle.stl
[0.702s] -- Installing: /home/tamar/ws_moveit/install/robotiq_description/share/robotiq_description/meshes/collision/2f_140/robotiq_2f_140_inner_knuckle.stl
[0.702s] -- Installing: /home/tamar/ws_moveit/install/robotiq_description/share/robotiq_description/meshes/collision/2f_140/robotiq_2f_140_inner_finger.stl
[0.702s] -- Installing: /home/tamar/ws_moveit/install/robotiq_description/share/robotiq_description/meshes/collision/2f_85
[0.702s] -- Installing: /home/tamar/ws_moveit/install/robotiq_description/share/robotiq_description/meshes/collision/2f_85/ur_to_robotiq_adapter.stl
[0.702s] -- Installing: /home/tamar/ws_moveit/install/robotiq_description/share/robotiq_description/meshes/collision/2f_85/right_inner_knuckle.stl
[0.702s] -- Installing: /home/tamar/ws_moveit/install/robotiq_description/share/robotiq_description/meshes/collision/2f_85/left_finger_tip.stl
[0.702s] -- Installing: /home/tamar/ws_moveit/install/robotiq_description/share/robotiq_description/meshes/collision/2f_85/left_inner_knuckle.stl
[0.702s] -- Installing: /home/tamar/ws_moveit/install/robotiq_description/share/robotiq_description/meshes/collision/2f_85/right_finger_tip.stl
[0.702s] -- Installing: /home/tamar/ws_moveit/install/robotiq_description/share/robotiq_description/meshes/collision/2f_85/left_finger.stl
[0.702s] -- Installing: /home/tamar/ws_moveit/install/robotiq_description/share/robotiq_description/meshes/collision/2f_85/right_knuckle.stl
[0.702s] -- Installing: /home/tamar/ws_moveit/install/robotiq_description/share/robotiq_description/meshes/collision/2f_85/left_knuckle.stl
[0.703s] -- Installing: /home/tamar/ws_moveit/install/robotiq_description/share/robotiq_description/meshes/collision/2f_85/right_finger.stl
[0.703s] -- Installing: /home/tamar/ws_moveit/install/robotiq_description/share/robotiq_description/meshes/collision/2f_85/robotiq_base.stl
[0.703s] -- Installing: /home/tamar/ws_moveit/install/robotiq_description/share/robotiq_description/rviz
[0.703s] -- Installing: /home/tamar/ws_moveit/install/robotiq_description/share/robotiq_description/rviz/view_urdf.rviz
[0.703s] -- Installing: /home/tamar/ws_moveit/install/robotiq_description/share/robotiq_description/urdf
[0.703s] -- Installing: /home/tamar/ws_moveit/install/robotiq_description/share/robotiq_description/urdf/2f_140.ros2_control.xacro
[0.703s] -- Installing: /home/tamar/ws_moveit/install/robotiq_description/share/robotiq_description/urdf/robotiq_2f_140.xacro
[0.704s] -- Installing: /home/tamar/ws_moveit/install/robotiq_description/share/robotiq_description/urdf/robotiq_2f_140_macro.urdf.xacro
[0.704s] -- Installing: /home/tamar/ws_moveit/install/robotiq_description/share/robotiq_description/urdf/robotiq_2f_85_gripper.urdf.xacro
[0.704s] -- Installing: /home/tamar/ws_moveit/install/robotiq_description/share/robotiq_description/urdf/2f_85.ros2_control.xacro
[0.704s] -- Installing: /home/tamar/ws_moveit/install/robotiq_description/share/robotiq_description/urdf/ur_to_robotiq_adapter.urdf.xacro
[0.704s] -- Installing: /home/tamar/ws_moveit/install/robotiq_description/share/robotiq_description/urdf/robotiq_2f_85_macro.urdf.xacro
[0.704s] -- Installing: /home/tamar/ws_moveit/install/robotiq_description/share/robotiq_description/urdf/robotiq_2f_140_gripper.urdf.xacro
[0.704s] -- Installing: /home/tamar/ws_moveit/install/robotiq_description/share/ament_index/resource_index/package_run_dependencies/robotiq_description
[0.704s] -- Installing: /home/tamar/ws_moveit/install/robotiq_description/share/ament_index/resource_index/parent_prefix_path/robotiq_description
[0.704s] -- Installing: /home/tamar/ws_moveit/install/robotiq_description/share/robotiq_description/environment/ament_prefix_path.sh
[0.704s] -- Installing: /home/tamar/ws_moveit/install/robotiq_description/share/robotiq_description/environment/ament_prefix_path.dsv
[0.704s] -- Installing: /home/tamar/ws_moveit/install/robotiq_description/share/robotiq_description/environment/path.sh
[0.704s] -- Installing: /home/tamar/ws_moveit/install/robotiq_description/share/robotiq_description/environment/path.dsv
[0.704s] -- Installing: /home/tamar/ws_moveit/install/robotiq_description/share/robotiq_description/local_setup.bash
[0.705s] -- Installing: /home/tamar/ws_moveit/install/robotiq_description/share/robotiq_description/local_setup.sh
[0.705s] -- Installing: /home/tamar/ws_moveit/install/robotiq_description/share/robotiq_description/local_setup.zsh
[0.705s] -- Installing: /home/tamar/ws_moveit/install/robotiq_description/share/robotiq_description/local_setup.dsv
[0.705s] -- Installing: /home/tamar/ws_moveit/install/robotiq_description/share/robotiq_description/package.dsv
[0.705s] -- Installing: /home/tamar/ws_moveit/install/robotiq_description/share/ament_index/resource_index/packages/robotiq_description
[0.705s] -- Installing: /home/tamar/ws_moveit/install/robotiq_description/share/robotiq_description/cmake/robotiq_descriptionConfig.cmake
[0.705s] -- Installing: /home/tamar/ws_moveit/install/robotiq_description/share/robotiq_description/cmake/robotiq_descriptionConfig-version.cmake
[0.705s] -- Installing: /home/tamar/ws_moveit/install/robotiq_description/share/robotiq_description/package.xml
[0.722s] Invoked command in '/home/tamar/ws_moveit/build/robotiq_description' returned '0': CMAKE_PREFIX_PATH=${CMAKE_PREFIX_PATH}:/opt/ros/jazzy /usr/bin/cmake --install /home/tamar/ws_moveit/build/robotiq_description
