[0.012s] Invoking command in '/home/tamar/RBE594_ws/build/moveit_resources_panda_description': CMAKE_PREFIX_PATH=${CMAKE_PREFIX_PATH}:/opt/ros/humble /home/tamar/.local/bin/cmake --build /home/tamar/RBE594_ws/build/moveit_resources_panda_description -- -j32 -l32
[0.099s] Invoked command in '/home/tamar/RBE594_ws/build/moveit_resources_panda_description' returned '0': CMAKE_PREFIX_PATH=${CMAKE_PREFIX_PATH}:/opt/ros/humble /home/tamar/.local/bin/cmake --build /home/tamar/RBE594_ws/build/moveit_resources_panda_description -- -j32 -l32
[0.100s] Invoking command in '/home/tamar/RBE594_ws/build/moveit_resources_panda_description': CMAKE_PREFIX_PATH=${CMAKE_PREFIX_PATH}:/opt/ros/humble /home/tamar/.local/bin/cmake --install /home/tamar/RBE594_ws/build/moveit_resources_panda_description
[0.135s] -- Install configuration: ""
[0.136s] -- Execute custom install script
[0.136s] -- Up-to-date symlink: /home/tamar/RBE594_ws/install/moveit_resources_panda_description/share/ament_index/resource_index/package_run_dependencies/moveit_resources_panda_description
[0.137s] -- Up-to-date symlink: /home/tamar/RBE594_ws/install/moveit_resources_panda_description/share/ament_index/resource_index/parent_prefix_path/moveit_resources_panda_description
[0.137s] -- Up-to-date symlink: /home/tamar/RBE594_ws/install/moveit_resources_panda_description/share/moveit_resources_panda_description/environment/ament_prefix_path.sh
[0.137s] -- Up-to-date symlink: /home/tamar/RBE594_ws/install/moveit_resources_panda_description/share/moveit_resources_panda_description/environment/ament_prefix_path.dsv
[0.137s] -- Up-to-date symlink: /home/tamar/RBE594_ws/install/moveit_resources_panda_description/share/moveit_resources_panda_description/environment/path.sh
[0.137s] -- Up-to-date symlink: /home/tamar/RBE594_ws/install/moveit_resources_panda_description/share/moveit_resources_panda_description/environment/path.dsv
[0.137s] -- Up-to-date symlink: /home/tamar/RBE594_ws/install/moveit_resources_panda_description/share/moveit_resources_panda_description/local_setup.bash
[0.137s] -- Up-to-date symlink: /home/tamar/RBE594_ws/install/moveit_resources_panda_description/share/moveit_resources_panda_description/local_setup.sh
[0.137s] -- Up-to-date symlink: /home/tamar/RBE594_ws/install/moveit_resources_panda_description/share/moveit_resources_panda_description/local_setup.zsh
[0.137s] -- Up-to-date symlink: /home/tamar/RBE594_ws/install/moveit_resources_panda_description/share/moveit_resources_panda_description/local_setup.dsv
[0.137s] -- Symlinking: /home/tamar/RBE594_ws/install/moveit_resources_panda_description/share/moveit_resources_panda_description/package.dsv
[0.139s] -- Up-to-date symlink: /home/tamar/RBE594_ws/install/moveit_resources_panda_description/share/ament_index/resource_index/packages/moveit_resources_panda_description
[0.139s] -- Up-to-date symlink: /home/tamar/RBE594_ws/install/moveit_resources_panda_description/share/moveit_resources_panda_description/cmake/moveit_resources_panda_descriptionConfig.cmake
[0.140s] -- Up-to-date symlink: /home/tamar/RBE594_ws/install/moveit_resources_panda_description/share/moveit_resources_panda_description/cmake/moveit_resources_panda_descriptionConfig-version.cmake
[0.140s] -- Up-to-date symlink: /home/tamar/RBE594_ws/install/moveit_resources_panda_description/share/moveit_resources_panda_description/package.xml
[0.140s] -- Up-to-date symlink: /home/tamar/RBE594_ws/install/moveit_resources_panda_description/share/moveit_resources_panda_description/meshes/collision/finger.stl
[0.140s] -- Up-to-date symlink: /home/tamar/RBE594_ws/install/moveit_resources_panda_description/share/moveit_resources_panda_description/meshes/collision/hand.stl
[0.143s] -- Up-to-date symlink: /home/tamar/RBE594_ws/install/moveit_resources_panda_description/share/moveit_resources_panda_description/meshes/collision/link0.stl
[0.143s] -- Up-to-date symlink: /home/tamar/RBE594_ws/install/moveit_resources_panda_description/share/moveit_resources_panda_description/meshes/collision/link1.stl
[0.143s] -- Up-to-date symlink: /home/tamar/RBE594_ws/install/moveit_resources_panda_description/share/moveit_resources_panda_description/meshes/collision/link2.stl
[0.143s] -- Up-to-date symlink: /home/tamar/RBE594_ws/install/moveit_resources_panda_description/share/moveit_resources_panda_description/meshes/collision/link3.stl
[0.143s] -- Up-to-date symlink: /home/tamar/RBE594_ws/install/moveit_resources_panda_description/share/moveit_resources_panda_description/meshes/collision/link4.stl
[0.143s] -- Up-to-date symlink: /home/tamar/RBE594_ws/install/moveit_resources_panda_description/share/moveit_resources_panda_description/meshes/collision/link5.stl
[0.143s] -- Up-to-date symlink: /home/tamar/RBE594_ws/install/moveit_resources_panda_description/share/moveit_resources_panda_description/meshes/collision/link6.stl
[0.144s] -- Up-to-date symlink: /home/tamar/RBE594_ws/install/moveit_resources_panda_description/share/moveit_resources_panda_description/meshes/collision/link7.stl
[0.144s] -- Up-to-date symlink: /home/tamar/RBE594_ws/install/moveit_resources_panda_description/share/moveit_resources_panda_description/meshes/visual/finger.dae
[0.144s] -- Up-to-date symlink: /home/tamar/RBE594_ws/install/moveit_resources_panda_description/share/moveit_resources_panda_description/meshes/visual/hand.dae
[0.144s] -- Up-to-date symlink: /home/tamar/RBE594_ws/install/moveit_resources_panda_description/share/moveit_resources_panda_description/meshes/visual/link0.dae
[0.144s] -- Up-to-date symlink: /home/tamar/RBE594_ws/install/moveit_resources_panda_description/share/moveit_resources_panda_description/meshes/visual/link1.dae
[0.144s] -- Up-to-date symlink: /home/tamar/RBE594_ws/install/moveit_resources_panda_description/share/moveit_resources_panda_description/meshes/visual/link2.dae
[0.144s] -- Up-to-date symlink: /home/tamar/RBE594_ws/install/moveit_resources_panda_description/share/moveit_resources_panda_description/meshes/visual/link3.dae
[0.144s] -- Up-to-date symlink: /home/tamar/RBE594_ws/install/moveit_resources_panda_description/share/moveit_resources_panda_description/meshes/visual/link4.dae
[0.144s] -- Up-to-date symlink: /home/tamar/RBE594_ws/install/moveit_resources_panda_description/share/moveit_resources_panda_description/meshes/visual/link5.dae
[0.144s] -- Up-to-date symlink: /home/tamar/RBE594_ws/install/moveit_resources_panda_description/share/moveit_resources_panda_description/meshes/visual/link6.dae
[0.144s] -- Up-to-date symlink: /home/tamar/RBE594_ws/install/moveit_resources_panda_description/share/moveit_resources_panda_description/meshes/visual/link7.dae
[0.144s] -- Up-to-date symlink: /home/tamar/RBE594_ws/install/moveit_resources_panda_description/share/moveit_resources_panda_description/urdf/panda.urdf
[0.147s] Invoked command in '/home/tamar/RBE594_ws/build/moveit_resources_panda_description' returned '0': CMAKE_PREFIX_PATH=${CMAKE_PREFIX_PATH}:/opt/ros/humble /home/tamar/.local/bin/cmake --install /home/tamar/RBE594_ws/build/moveit_resources_panda_description
