[0.012s] Invoking command in '/home/tamar/RBE594_ws/build/ur_client_library': CMAKE_PREFIX_PATH=${CMAKE_PREFIX_PATH}:/opt/ros/humble /home/tamar/.local/bin/cmake /home/tamar/RBE594_ws/src/Universal_Robots_Client_Library -DCMAKE_INSTALL_PREFIX=/home/tamar/RBE594_ws/install/ur_client_library
[0.200s] -- The C compiler identification is GNU 11.4.0
[0.331s] -- The CXX compiler identification is GNU 11.4.0
[0.337s] -- Detecting C compiler ABI info
[0.370s] -- Detecting C compiler ABI info - done
[0.380s] -- Check for working C compiler: /usr/bin/cc - skipped
[0.381s] -- Detecting C compile features
[0.381s] -- Detecting C compile features - done
[0.390s] -- Detecting CXX compiler ABI info
[0.432s] -- Detecting CXX compiler ABI info - done
[0.440s] -- Check for working CXX compiler: /usr/bin/c++ - skipped
[0.440s] -- Detecting CXX compile features
[0.441s] -- Detecting CXX compile features - done
[0.444s] [0mur_client_library: You did not request a specific build type: selecting 'RelWithDebInfo'.[0m
[0.446s] -- Performing Test CMAKE_HAVE_LIBC_PTHREAD
[0.495s] -- Performing Test CMAKE_HAVE_LIBC_PTHREAD - Success
[0.496s] -- Found Threads: TRUE
[0.496s] -- Building tests disabled.
[0.501s] -- Configuring done (0.4s)
[0.511s] -- Generating done (0.0s)
[0.513s] -- Build files have been written to: /home/tamar/RBE594_ws/build/ur_client_library
[0.515s] Invoked command in '/home/tamar/RBE594_ws/build/ur_client_library' returned '0': CMAKE_PREFIX_PATH=${CMAKE_PREFIX_PATH}:/opt/ros/humble /home/tamar/.local/bin/cmake /home/tamar/RBE594_ws/src/Universal_Robots_Client_Library -DCMAKE_INSTALL_PREFIX=/home/tamar/RBE594_ws/install/ur_client_library
[0.516s] Invoking command in '/home/tamar/RBE594_ws/build/ur_client_library': CMAKE_PREFIX_PATH=${CMAKE_PREFIX_PATH}:/opt/ros/humble /home/tamar/.local/bin/cmake --build /home/tamar/RBE594_ws/build/ur_client_library -- -j32 -l32
[0.564s] [  1%] [32mBuilding CXX object CMakeFiles/urcl.dir/src/comm/tcp_socket.cpp.o[0m
[0.564s] [  3%] [32mBuilding CXX object CMakeFiles/urcl.dir/src/comm/tcp_server.cpp.o[0m
[0.564s] [  4%] [32mBuilding CXX object CMakeFiles/urcl.dir/src/control/motion_primitives.cpp.o[0m
[0.564s] [  6%] [32mBuilding CXX object CMakeFiles/urcl.dir/src/control/script_sender.cpp.o[0m
[0.564s] [  7%] [32mBuilding CXX object CMakeFiles/urcl.dir/src/control/script_command_interface.cpp.o[0m
[0.565s] [  9%] [32mBuilding CXX object CMakeFiles/urcl.dir/src/control/script_reader.cpp.o[0m
[0.565s] [ 10%] [32mBuilding CXX object CMakeFiles/urcl.dir/src/control/reverse_interface.cpp.o[0m
[0.565s] [ 12%] [32mBuilding CXX object CMakeFiles/urcl.dir/src/primary/primary_client.cpp.o[0m
[0.565s] [ 15%] [32mBuilding CXX object CMakeFiles/urcl.dir/src/control/trajectory_point_interface.cpp.o[0m
[0.565s] [ 15%] [32mBuilding CXX object CMakeFiles/urcl.dir/src/primary/robot_message.cpp.o[0m
[0.565s] [ 20%] [32mBuilding CXX object CMakeFiles/urcl.dir/src/primary/robot_state.cpp.o[0m
[0.565s] [ 20%] [32mBuilding CXX object CMakeFiles/urcl.dir/src/primary/primary_package.cpp.o[0m
[0.565s] [ 20%] [32mBuilding CXX object CMakeFiles/urcl.dir/src/primary/robot_message/version_message.cpp.o[0m
[0.565s] [ 21%] [32mBuilding CXX object CMakeFiles/urcl.dir/src/primary/robot_message/error_code_message.cpp.o[0m
[0.566s] [ 23%] [32mBuilding CXX object CMakeFiles/urcl.dir/src/primary/robot_state/kinematics_info.cpp.o[0m
[0.566s] [ 25%] [32mBuilding CXX object CMakeFiles/urcl.dir/src/primary/robot_state/configuration_data.cpp.o[0m
[0.566s] [ 26%] [32mBuilding CXX object CMakeFiles/urcl.dir/src/primary/robot_state/robot_mode_data.cpp.o[0m
[0.566s] [ 28%] [32mBuilding CXX object CMakeFiles/urcl.dir/src/rtde/control_package_setup_inputs.cpp.o[0m
[0.566s] [ 29%] [32mBuilding CXX object CMakeFiles/urcl.dir/src/rtde/control_package_pause.cpp.o[0m
[0.569s] [ 34%] [32mBuilding CXX object CMakeFiles/urcl.dir/src/rtde/control_package_start.cpp.o[0m
[0.569s] [ 34%] [32mBuilding CXX object CMakeFiles/urcl.dir/src/rtde/data_package.cpp.o[0m
[0.569s] [ 34%] [32mBuilding CXX object CMakeFiles/urcl.dir/src/rtde/control_package_setup_outputs.cpp.o[0m
[0.569s] [ 35%] [32mBuilding CXX object CMakeFiles/urcl.dir/src/rtde/get_urcontrol_version.cpp.o[0m
[0.569s] [ 37%] [32mBuilding CXX object CMakeFiles/urcl.dir/src/rtde/request_protocol_version.cpp.o[0m
[0.569s] [ 39%] [32mBuilding CXX object CMakeFiles/urcl.dir/src/rtde/rtde_package.cpp.o[0m
[0.569s] [ 40%] [32mBuilding CXX object CMakeFiles/urcl.dir/src/rtde/text_message.cpp.o[0m
[0.571s] [ 42%] [32mBuilding CXX object CMakeFiles/urcl.dir/src/rtde/rtde_client.cpp.o[0m
[0.572s] [ 43%] [32mBuilding CXX object CMakeFiles/urcl.dir/src/ur/calibration_checker.cpp.o[0m
[0.572s] [ 45%] [32mBuilding CXX object CMakeFiles/urcl.dir/src/ur/ur_driver.cpp.o[0m
[0.572s] [ 48%] [32mBuilding CXX object CMakeFiles/urcl.dir/src/ur/dashboard_client.cpp.o[0m
[0.572s] [ 48%] [32mBuilding CXX object CMakeFiles/urcl.dir/src/ur/instruction_executor.cpp.o[0m
[0.573s] [ 50%] [32mBuilding CXX object CMakeFiles/urcl.dir/src/ur/tool_communication.cpp.o[0m
[1.045s] [ 51%] [32mBuilding CXX object CMakeFiles/urcl.dir/src/ur/robot_receive_timeout.cpp.o[0m
[1.075s] [ 53%] [32mBuilding CXX object CMakeFiles/urcl.dir/src/ur/version_information.cpp.o[0m
[1.089s] [ 54%] [32mBuilding CXX object CMakeFiles/urcl.dir/src/rtde/rtde_writer.cpp.o[0m
[1.093s] [ 56%] [32mBuilding CXX object CMakeFiles/urcl.dir/src/default_log_handler.cpp.o[0m
[1.103s] [ 57%] [32mBuilding CXX object CMakeFiles/urcl.dir/src/example_robot_wrapper.cpp.o[0m
[1.106s] [ 59%] [32mBuilding CXX object CMakeFiles/urcl.dir/src/log.cpp.o[0m
[1.109s] [ 60%] [32mBuilding CXX object CMakeFiles/urcl.dir/src/helpers.cpp.o[0m
[5.245s] [ 62%] [1m[32mLinking CXX shared library liburcl.so[0m
[5.375s] [ 62%] [0mBuilt target urcl[0m
[5.381s] [ 67%] [32mBuilding CXX object examples/CMakeFiles/driver_example.dir/full_driver.cpp.o[0m
[5.381s] [ 65%] [32mBuilding CXX object examples/CMakeFiles/primary_pipeline_example.dir/primary_pipeline.cpp.o[0m
[5.381s] [ 67%] [32mBuilding CXX object examples/CMakeFiles/rtde_client_example.dir/rtde_client.cpp.o[0m
[5.382s] [ 68%] [32mBuilding CXX object examples/CMakeFiles/spline_example.dir/spline_example.cpp.o[0m
[5.382s] [ 70%] [32mBuilding CXX object examples/CMakeFiles/dashboard_example.dir/dashboard_example.cpp.o[0m
[5.382s] [ 71%] [32mBuilding CXX object examples/CMakeFiles/primary_pipeline_calibration_example.dir/primary_pipeline_calibration.cpp.o[0m
[5.382s] [ 75%] [32mBuilding CXX object examples/CMakeFiles/force_mode_example.dir/force_mode_example.cpp.o[0m
[5.382s] [ 75%] [32mBuilding CXX object examples/CMakeFiles/instruction_executor.dir/instruction_executor.cpp.o[0m
[5.382s] [ 76%] [32mBuilding CXX object examples/CMakeFiles/script_sender_example.dir/script_sender.cpp.o[0m
[5.382s] [ 78%] [32mBuilding CXX object examples/CMakeFiles/freedrive_example.dir/freedrive_example.cpp.o[0m
[5.383s] [ 79%] [32mBuilding CXX object examples/CMakeFiles/trajectory_point_interface_example.dir/trajectory_point_interface.cpp.o[0m
[5.383s] [ 81%] [32mBuilding CXX object examples/CMakeFiles/tool_contact_example.dir/tool_contact_example.cpp.o[0m
[5.856s] [ 82%] [1m[32mLinking CXX executable script_sender_example[0m
[5.914s] [ 82%] [0mBuilt target script_sender_example[0m
[5.982s] [ 84%] [1m[32mLinking CXX executable primary_pipeline_calibration_example[0m
[5.990s] [ 85%] [1m[32mLinking CXX executable primary_pipeline_example[0m
[5.994s] [ 87%] [1m[32mLinking CXX executable rtde_client_example[0m
[6.020s] [ 87%] [0mBuilt target primary_pipeline_calibration_example[0m
[6.026s] [ 87%] [0mBuilt target primary_pipeline_example[0m
[6.031s] [ 87%] [0mBuilt target rtde_client_example[0m
[6.091s] [ 89%] [1m[32mLinking CXX executable freedrive_example[0m
[6.112s] [ 90%] [1m[32mLinking CXX executable tool_contact_example[0m
[6.137s] [ 92%] [1m[32mLinking CXX executable dashboard_example[0m
[6.138s] [ 92%] [0mBuilt target freedrive_example[0m
[6.164s] [ 92%] [0mBuilt target tool_contact_example[0m
[6.174s] [ 92%] [0mBuilt target dashboard_example[0m
[6.326s] [ 93%] [1m[32mLinking CXX executable force_mode_example[0m
[6.363s] [ 93%] [0mBuilt target force_mode_example[0m
[6.428s] [ 95%] [1m[32mLinking CXX executable instruction_executor[0m
[6.469s] [ 96%] [1m[32mLinking CXX executable trajectory_point_interface_example[0m
[6.471s] [ 96%] [0mBuilt target instruction_executor[0m
[6.527s] [ 96%] [0mBuilt target trajectory_point_interface_example[0m
[6.561s] [ 98%] [1m[32mLinking CXX executable driver_example[0m
[6.599s] [ 98%] [0mBuilt target driver_example[0m
[6.682s] [100%] [1m[32mLinking CXX executable spline_example[0m
[6.731s] [100%] [0mBuilt target spline_example[0m
[6.735s] Invoked command in '/home/tamar/RBE594_ws/build/ur_client_library' returned '0': CMAKE_PREFIX_PATH=${CMAKE_PREFIX_PATH}:/opt/ros/humble /home/tamar/.local/bin/cmake --build /home/tamar/RBE594_ws/build/ur_client_library -- -j32 -l32
[6.736s] Invoking command in '/home/tamar/RBE594_ws/build/ur_client_library': CMAKE_PREFIX_PATH=${CMAKE_PREFIX_PATH}:/opt/ros/humble /home/tamar/.local/bin/cmake --install /home/tamar/RBE594_ws/build/ur_client_library
[6.770s] -- Install configuration: "RelWithDebInfo"
[6.770s] -- Installing: /home/tamar/RBE594_ws/install/ur_client_library/lib/liburcl.so
[6.775s] -- Installing: /home/tamar/RBE594_ws/install/ur_client_library/include
[6.775s] -- Installing: /home/tamar/RBE594_ws/install/ur_client_library/include/ur_client_library
[6.775s] -- Installing: /home/tamar/RBE594_ws/install/ur_client_library/include/ur_client_library/exceptions.h
[6.775s] -- Installing: /home/tamar/RBE594_ws/install/ur_client_library/include/ur_client_library/types.h
[6.775s] -- Installing: /home/tamar/RBE594_ws/install/ur_client_library/include/ur_client_library/control
[6.776s] -- Installing: /home/tamar/RBE594_ws/install/ur_client_library/include/ur_client_library/control/script_command_interface.h
[6.776s] -- Installing: /home/tamar/RBE594_ws/install/ur_client_library/include/ur_client_library/control/script_reader.h
[6.776s] -- Installing: /home/tamar/RBE594_ws/install/ur_client_library/include/ur_client_library/control/script_sender.h
[6.776s] -- Installing: /home/tamar/RBE594_ws/install/ur_client_library/include/ur_client_library/control/trajectory_point_interface.h
[6.776s] -- Installing: /home/tamar/RBE594_ws/install/ur_client_library/include/ur_client_library/control/reverse_interface.h
[6.776s] -- Installing: /home/tamar/RBE594_ws/install/ur_client_library/include/ur_client_library/control/motion_primitives.h
[6.776s] -- Installing: /home/tamar/RBE594_ws/install/ur_client_library/include/ur_client_library/primary
[6.776s] -- Installing: /home/tamar/RBE594_ws/install/ur_client_library/include/ur_client_library/primary/primary_consumer.h
[6.776s] -- Installing: /home/tamar/RBE594_ws/install/ur_client_library/include/ur_client_library/primary/robot_state.h
[6.776s] -- Installing: /home/tamar/RBE594_ws/install/ur_client_library/include/ur_client_library/primary/robot_message
[6.776s] -- Installing: /home/tamar/RBE594_ws/install/ur_client_library/include/ur_client_library/primary/robot_message/error_code_message.h
[6.776s] -- Installing: /home/tamar/RBE594_ws/install/ur_client_library/include/ur_client_library/primary/robot_message/version_message.h
[6.776s] -- Installing: /home/tamar/RBE594_ws/install/ur_client_library/include/ur_client_library/primary/abstract_primary_consumer.h
[6.776s] -- Installing: /home/tamar/RBE594_ws/install/ur_client_library/include/ur_client_library/primary/robot_state
[6.776s] -- Installing: /home/tamar/RBE594_ws/install/ur_client_library/include/ur_client_library/primary/robot_state/kinematics_info.h
[6.776s] -- Installing: /home/tamar/RBE594_ws/install/ur_client_library/include/ur_client_library/primary/robot_state/robot_mode_data.h
[6.776s] -- Installing: /home/tamar/RBE594_ws/install/ur_client_library/include/ur_client_library/primary/robot_state/configuration_data.h
[6.776s] -- Installing: /home/tamar/RBE594_ws/install/ur_client_library/include/ur_client_library/primary/primary_client.h
[6.776s] -- Installing: /home/tamar/RBE594_ws/install/ur_client_library/include/ur_client_library/primary/package_header.h
[6.776s] -- Installing: /home/tamar/RBE594_ws/install/ur_client_library/include/ur_client_library/primary/primary_parser.h
[6.777s] -- Installing: /home/tamar/RBE594_ws/install/ur_client_library/include/ur_client_library/primary/.clang-tidy
[6.777s] -- Installing: /home/tamar/RBE594_ws/install/ur_client_library/include/ur_client_library/primary/robot_message.h
[6.777s] -- Installing: /home/tamar/RBE594_ws/install/ur_client_library/include/ur_client_library/primary/primary_package.h
[6.777s] -- Installing: /home/tamar/RBE594_ws/install/ur_client_library/include/ur_client_library/comm
[6.777s] -- Installing: /home/tamar/RBE594_ws/install/ur_client_library/include/ur_client_library/comm/parser.h
[6.777s] -- Installing: /home/tamar/RBE594_ws/install/ur_client_library/include/ur_client_library/comm/producer.h
[6.777s] -- Installing: /home/tamar/RBE594_ws/install/ur_client_library/include/ur_client_library/comm/tcp_socket.h
[6.777s] -- Installing: /home/tamar/RBE594_ws/install/ur_client_library/include/ur_client_library/comm/shell_consumer.h
[6.777s] -- Installing: /home/tamar/RBE594_ws/install/ur_client_library/include/ur_client_library/comm/pipeline.h
[6.777s] -- Installing: /home/tamar/RBE594_ws/install/ur_client_library/include/ur_client_library/comm/package.h
[6.777s] -- Installing: /home/tamar/RBE594_ws/install/ur_client_library/include/ur_client_library/comm/bin_parser.h
[6.777s] -- Installing: /home/tamar/RBE594_ws/install/ur_client_library/include/ur_client_library/comm/socket_t.h
[6.777s] -- Installing: /home/tamar/RBE594_ws/install/ur_client_library/include/ur_client_library/comm/stream.h
[6.777s] -- Installing: /home/tamar/RBE594_ws/install/ur_client_library/include/ur_client_library/comm/control_mode.h
[6.777s] -- Installing: /home/tamar/RBE594_ws/install/ur_client_library/include/ur_client_library/comm/package_serializer.h
[6.777s] -- Installing: /home/tamar/RBE594_ws/install/ur_client_library/include/ur_client_library/comm/tcp_server.h
[6.777s] -- Installing: /home/tamar/RBE594_ws/install/ur_client_library/include/ur_client_library/default_log_handler.h
[6.777s] -- Installing: /home/tamar/RBE594_ws/install/ur_client_library/include/ur_client_library/ur
[6.777s] -- Installing: /home/tamar/RBE594_ws/install/ur_client_library/include/ur_client_library/ur/calibration_checker.h
[6.777s] -- Installing: /home/tamar/RBE594_ws/install/ur_client_library/include/ur_client_library/ur/ur_driver.h
[6.778s] -- Installing: /home/tamar/RBE594_ws/install/ur_client_library/include/ur_client_library/ur/dashboard_client.h
[6.778s] -- Installing: /home/tamar/RBE594_ws/install/ur_client_library/include/ur_client_library/ur/robot_receive_timeout.h
[6.778s] -- Installing: /home/tamar/RBE594_ws/install/ur_client_library/include/ur_client_library/ur/tool_communication.h
[6.778s] -- Installing: /home/tamar/RBE594_ws/install/ur_client_library/include/ur_client_library/ur/version_information.h
[6.778s] -- Installing: /home/tamar/RBE594_ws/install/ur_client_library/include/ur_client_library/ur/datatypes.h
[6.778s] -- Installing: /home/tamar/RBE594_ws/install/ur_client_library/include/ur_client_library/ur/instruction_executor.h
[6.778s] -- Installing: /home/tamar/RBE594_ws/install/ur_client_library/include/ur_client_library/log.h
[6.778s] -- Installing: /home/tamar/RBE594_ws/install/ur_client_library/include/ur_client_library/queue
[6.778s] -- Installing: /home/tamar/RBE594_ws/install/ur_client_library/include/ur_client_library/queue/atomicops.h
[6.778s] -- Installing: /home/tamar/RBE594_ws/install/ur_client_library/include/ur_client_library/queue/readerwriterqueue.h
[6.778s] -- Installing: /home/tamar/RBE594_ws/install/ur_client_library/include/ur_client_library/queue/LICENSE.md
[6.778s] -- Installing: /home/tamar/RBE594_ws/install/ur_client_library/include/ur_client_library/queue/.clang-tidy
[6.778s] -- Installing: /home/tamar/RBE594_ws/install/ur_client_library/include/ur_client_library/helpers.h
[6.778s] -- Installing: /home/tamar/RBE594_ws/install/ur_client_library/include/ur_client_library/example_robot_wrapper.h
[6.778s] -- Installing: /home/tamar/RBE594_ws/install/ur_client_library/include/ur_client_library/rtde
[6.778s] -- Installing: /home/tamar/RBE594_ws/install/ur_client_library/include/ur_client_library/rtde/rtde_package.h
[6.778s] -- Installing: /home/tamar/RBE594_ws/install/ur_client_library/include/ur_client_library/rtde/rtde_parser.h
[6.778s] -- Installing: /home/tamar/RBE594_ws/install/ur_client_library/include/ur_client_library/rtde/rtde_client.h
[6.779s] -- Installing: /home/tamar/RBE594_ws/install/ur_client_library/include/ur_client_library/rtde/request_protocol_version.h
[6.779s] -- Installing: /home/tamar/RBE594_ws/install/ur_client_library/include/ur_client_library/rtde/rtde_writer.h
[6.779s] -- Installing: /home/tamar/RBE594_ws/install/ur_client_library/include/ur_client_library/rtde/control_package_setup_inputs.h
[6.779s] -- Installing: /home/tamar/RBE594_ws/install/ur_client_library/include/ur_client_library/rtde/get_urcontrol_version.h
[6.779s] -- Installing: /home/tamar/RBE594_ws/install/ur_client_library/include/ur_client_library/rtde/package_header.h
[6.779s] -- Installing: /home/tamar/RBE594_ws/install/ur_client_library/include/ur_client_library/rtde/.clang-tidy
[6.779s] -- Installing: /home/tamar/RBE594_ws/install/ur_client_library/include/ur_client_library/rtde/data_package.h
[6.779s] -- Installing: /home/tamar/RBE594_ws/install/ur_client_library/include/ur_client_library/rtde/control_package_setup_outputs.h
[6.779s] -- Installing: /home/tamar/RBE594_ws/install/ur_client_library/include/ur_client_library/rtde/text_message.h
[6.779s] -- Installing: /home/tamar/RBE594_ws/install/ur_client_library/include/ur_client_library/rtde/control_package_start.h
[6.779s] -- Installing: /home/tamar/RBE594_ws/install/ur_client_library/include/ur_client_library/rtde/control_package_pause.h
[6.779s] -- Installing: /home/tamar/RBE594_ws/install/ur_client_library/include/ur_client_library/3rdparty
[6.779s] -- Installing: /home/tamar/RBE594_ws/install/ur_client_library/include/ur_client_library/3rdparty/endian.h
[6.779s] -- Installing: /home/tamar/RBE594_ws/install/ur_client_library/lib/cmake/ur_client_library/urclTargets.cmake
[6.779s] -- Installing: /home/tamar/RBE594_ws/install/ur_client_library/lib/cmake/ur_client_library/urclTargets-relwithdebinfo.cmake
[6.779s] -- Installing: /home/tamar/RBE594_ws/install/ur_client_library/lib/ur_client_library/start_ursim.sh
[6.779s] -- Installing: /home/tamar/RBE594_ws/install/ur_client_library/lib/cmake/ur_client_library/ur_client_libraryConfig.cmake
[6.779s] -- Installing: /home/tamar/RBE594_ws/install/ur_client_library/share/ur_client_library/package.xml
[6.779s] -- Installing: /home/tamar/RBE594_ws/install/ur_client_library/share/ament_index/resource_index/packages/ur_client_library
[6.779s] -- Installing: /home/tamar/RBE594_ws/install/ur_client_library/share/ur_client_library/hook/ament_prefix_path.dsv
[6.780s] -- Installing: /home/tamar/RBE594_ws/install/ur_client_library/share/ur_client_library/hook/ros_package_path.dsv
[6.780s] -- Installing: /home/tamar/RBE594_ws/install/ur_client_library/share/ur_client_library/resources
[6.780s] -- Installing: /home/tamar/RBE594_ws/install/ur_client_library/share/ur_client_library/resources/external_control.urscript
[6.780s] Invoked command in '/home/tamar/RBE594_ws/build/ur_client_library' returned '0': CMAKE_PREFIX_PATH=${CMAKE_PREFIX_PATH}:/opt/ros/humble /home/tamar/.local/bin/cmake --install /home/tamar/RBE594_ws/build/ur_client_library
