[0.579s] Invoking command in '/home/tamar/RBE594_ws/build/custom_gear_controllers': PYTHONPATH=/home/tamar/RBE594_ws/build/custom_gear_controllers/prefix_override:/usr/lib/python3/dist-packages/colcon_core/task/python/colcon_distutils_commands:/home/tamar/RBE594_ws/install/custom_gear_controllers/lib/python3.12/site-packages:${PYTHONPATH} /usr/bin/python3 -W ignore:setup.py install is deprecated -W ignore:easy_install command is deprecated setup.py develop --editable --build-directory /home/tamar/RBE594_ws/build/custom_gear_controllers/build --no-deps symlink_data
[0.762s] running develop
[0.879s] running egg_info
[0.879s] creating custom_gear_controllers.egg-info
[0.890s] writing custom_gear_controllers.egg-info/PKG-INFO
[0.890s] writing dependency_links to custom_gear_controllers.egg-info/dependency_links.txt
[0.890s] writing entry points to custom_gear_controllers.egg-info/entry_points.txt
[0.890s] writing requirements to custom_gear_controllers.egg-info/requires.txt
[0.890s] writing top-level names to custom_gear_controllers.egg-info/top_level.txt
[0.890s] writing manifest file 'custom_gear_controllers.egg-info/SOURCES.txt'
[0.912s] reading manifest file 'custom_gear_controllers.egg-info/SOURCES.txt'
[0.912s] writing manifest file 'custom_gear_controllers.egg-info/SOURCES.txt'
[0.924s] running build_ext
[0.924s] Creating /home/tamar/RBE594_ws/install/custom_gear_controllers/lib/python3.12/site-packages/custom-gear-controllers.egg-link (link to .)
[0.924s] 
[0.924s] Installed /home/tamar/RBE594_ws/build/custom_gear_controllers
[0.924s] running symlink_data
[0.924s] creating /home/tamar/RBE594_ws/install/custom_gear_controllers/share/ament_index
[0.924s] creating /home/tamar/RBE594_ws/install/custom_gear_controllers/share/ament_index/resource_index
[0.924s] creating /home/tamar/RBE594_ws/install/custom_gear_controllers/share/ament_index/resource_index/packages
[0.924s] symbolically linking /home/tamar/RBE594_ws/build/custom_gear_controllers/resource/custom_gear_controllers -> /home/tamar/RBE594_ws/install/custom_gear_controllers/share/ament_index/resource_index/packages
[0.924s] symbolically linking /home/tamar/RBE594_ws/build/custom_gear_controllers/package.xml -> /home/tamar/RBE594_ws/install/custom_gear_controllers/share/custom_gear_controllers
[0.924s] symbolically linking /home/tamar/RBE594_ws/build/custom_gear_controllers/resource/gear_constraint_controller_plugin.xml -> /home/tamar/RBE594_ws/install/custom_gear_controllers/share/custom_gear_controllers
[0.939s] Invoked command in '/home/tamar/RBE594_ws/build/custom_gear_controllers' returned '0': PYTHONPATH=/home/tamar/RBE594_ws/build/custom_gear_controllers/prefix_override:/usr/lib/python3/dist-packages/colcon_core/task/python/colcon_distutils_commands:/home/tamar/RBE594_ws/install/custom_gear_controllers/lib/python3.12/site-packages:${PYTHONPATH} /usr/bin/python3 -W ignore:setup.py install is deprecated -W ignore:easy_install command is deprecated setup.py develop --editable --build-directory /home/tamar/RBE594_ws/build/custom_gear_controllers/build --no-deps symlink_data
