[0.006s] Invoking command in '/home/tamar/RBE594_ws/build/sirgas_description': CMAKE_PREFIX_PATH=/opt/ros/humble /home/tamar/.local/bin/cmake /home/tamar/RBE594_ws/src/sirgas_description -DAMENT_CMAKE_SYMLINK_INSTALL=1 -DCMAKE_INSTALL_PREFIX=/home/tamar/RBE594_ws/install/sirgas_description
[0.055s] [0mCMake Deprecation Warning at CMakeLists.txt:1 (cmake_minimum_required):
[0.055s]   Compatibility with CMake < 3.10 will be removed from a future version of
[0.055s]   CMake.
[0.055s] 
[0.055s]   Update the VERSION argument <min> value.  Or, use the <min>...<max> syntax
[0.055s]   to tell CMake that the project requires at least <min> but has been updated
[0.055s]   to work with policies introduced by <max> or earlier.
[0.055s] 
[0.055s] [0m
[0.251s] -- The C compiler identification is GNU 11.4.0
[0.441s] -- The CXX compiler identification is GNU 11.4.0
[0.465s] -- Detecting C compiler ABI info
[0.580s] -- Detecting C compiler ABI info - done
[0.596s] -- Check for working C compiler: /usr/bin/cc - skipped
[0.597s] -- Detecting C compile features
[0.599s] -- Detecting C compile features - done
[0.636s] -- Detecting CXX compiler ABI info
[0.755s] -- Detecting CXX compiler ABI info - done
[0.774s] -- Check for working CXX compiler: /usr/bin/c++ - skipped
[0.775s] -- Detecting CXX compile features
[0.776s] -- Detecting CXX compile features - done
[0.802s] -- Found ament_cmake: 1.3.11 (/opt/ros/humble/share/ament_cmake/cmake)
[0.941s] -- Found Python3: /usr/bin/python3 (found version "3.10.12") found components: Interpreter
[0.983s] -- Override CMake install command with custom implementation using symlinks instead of copying resources
[1.070s] -- Configuring done (1.0s)
[1.071s] -- Generating done (0.0s)
[1.072s] -- Build files have been written to: /home/tamar/RBE594_ws/build/sirgas_description
[1.075s] Invoked command in '/home/tamar/RBE594_ws/build/sirgas_description' returned '0': CMAKE_PREFIX_PATH=/opt/ros/humble /home/tamar/.local/bin/cmake /home/tamar/RBE594_ws/src/sirgas_description -DAMENT_CMAKE_SYMLINK_INSTALL=1 -DCMAKE_INSTALL_PREFIX=/home/tamar/RBE594_ws/install/sirgas_description
[1.075s] Invoking command in '/home/tamar/RBE594_ws/build/sirgas_description': CMAKE_PREFIX_PATH=/opt/ros/humble /home/tamar/.local/bin/cmake --build /home/tamar/RBE594_ws/build/sirgas_description -- -j32 -l32
[1.129s] Invoked command in '/home/tamar/RBE594_ws/build/sirgas_description' returned '0': CMAKE_PREFIX_PATH=/opt/ros/humble /home/tamar/.local/bin/cmake --build /home/tamar/RBE594_ws/build/sirgas_description -- -j32 -l32
[1.166s] Invoking command in '/home/tamar/RBE594_ws/build/sirgas_description': CMAKE_PREFIX_PATH=/opt/ros/humble /home/tamar/.local/bin/cmake --install /home/tamar/RBE594_ws/build/sirgas_description
[1.210s] -- Install configuration: ""
[1.211s] -- Execute custom install script
[1.211s] -- Symlinking: /home/tamar/RBE594_ws/install/sirgas_description/share/sirgas_description//urdf/pba.urdf.xacro
[1.213s] -- Symlinking: /home/tamar/RBE594_ws/install/sirgas_description/share/sirgas_description//launch/peg_board.launch.py
[1.215s] -- Symlinking: /home/tamar/RBE594_ws/install/sirgas_description/share/sirgas_description//meshes/Assembly 1.stl
[1.217s] -- Symlinking: /home/tamar/RBE594_ws/install/sirgas_description/share/sirgas_description//meshes/First_Gear.stl
[1.218s] -- Symlinking: /home/tamar/RBE594_ws/install/sirgas_description/share/sirgas_description//meshes/Peg_Board.stl
[1.220s] -- Symlinking: /home/tamar/RBE594_ws/install/sirgas_description/share/sirgas_description//meshes/Second_Gear.stl
[1.222s] -- Symlinking: /home/tamar/RBE594_ws/install/sirgas_description/share/sirgas_description//meshes/Starter_Gear.stl
[1.223s] -- Symlinking: /home/tamar/RBE594_ws/install/sirgas_description/share/sirgas_description//meshes/Third_Gear.stl
[1.225s] [31mCMake Error at ament_cmake_symlink_install/ament_cmake_symlink_install.cmake:100 (message):
[1.226s]   ament_cmake_symlink_install_directory() can't find
[1.226s]   '/home/tamar/RBE594_ws/src/sirgas_description/maps'
[1.226s] Call Stack (most recent call first):
[1.226s]   ament_cmake_symlink_install/ament_cmake_symlink_install.cmake:314 (ament_cmake_symlink_install_directory)
[1.226s]   cmake_install.cmake:46 (include)
[1.226s] 
[1.226s] [0m
[1.227s] Invoked command in '/home/tamar/RBE594_ws/build/sirgas_description' returned '1': CMAKE_PREFIX_PATH=/opt/ros/humble /home/tamar/.local/bin/cmake --install /home/tamar/RBE594_ws/build/sirgas_description
