[0.009s] Invoking command in '/home/tamar/ws_moveit/build/kortex_bringup': AMENT_PREFIX_PATH=/home/tamar/ws_moveit/install/kortex_driver:/home/tamar/ws_moveit/install/kortex_description:/home/tamar/ws_moveit/install/robotiq_description:/home/tamar/ws_moveit/install/kortex_api:${AMENT_PREFIX_PATH} CMAKE_PREFIX_PATH=/home/tamar/ws_moveit/install/kortex_driver:/home/tamar/ws_moveit/install/kortex_description:/home/tamar/ws_moveit/install/robotiq_description:/home/tamar/ws_moveit/install/kortex_api:/opt/ros/jazzy/opt/gz_sim_vendor:/opt/ros/jazzy/opt/gz_sensors_vendor:/opt/ros/jazzy/opt/gz_physics_vendor:/opt/ros/jazzy/opt/sdformat_vendor:/opt/ros/jazzy/opt/gz_gui_vendor:/opt/ros/jazzy/opt/gz_transport_vendor:/opt/ros/jazzy/opt/gz_rendering_vendor:/opt/ros/jazzy/opt/gz_plugin_vendor:/opt/ros/jazzy/opt/gz_fuel_tools_vendor:/opt/ros/jazzy/opt/gz_msgs_vendor:/opt/ros/jazzy/opt/gz_common_vendor:/opt/ros/jazzy/opt/gz_math_vendor:/opt/ros/jazzy/opt/gz_utils_vendor:/opt/ros/jazzy/opt/gz_tools_vendor:/opt/ros/jazzy/opt/gz_ogre_next_vendor:/opt/ros/jazzy/opt/gz_dartsim_vendor:/opt/ros/jazzy/opt/gz_cmake_vendor:/opt/ros/jazzy LD_LIBRARY_PATH=/home/tamar/ws_moveit/install/kortex_driver/lib:${LD_LIBRARY_PATH} /usr/bin/cmake /home/tamar/ws_moveit/src/ros2_kortex/kortex_bringup -DCMAKE_BUILD_TYPE=Release -DCMAKE_INSTALL_PREFIX=/home/tamar/ws_moveit/install/kortex_bringup
[0.052s] -- The C compiler identification is GNU 13.3.0
[0.090s] -- The CXX compiler identification is GNU 13.3.0
[0.102s] -- Detecting C compiler ABI info
[0.167s] -- Detecting C compiler ABI info - done
[0.175s] -- Check for working C compiler: /usr/bin/cc - skipped
[0.175s] -- Detecting C compile features
[0.175s] -- Detecting C compile features - done
[0.182s] -- Detecting CXX compiler ABI info
[0.252s] -- Detecting CXX compiler ABI info - done
[0.260s] -- Check for working CXX compiler: /usr/bin/c++ - skipped
[0.261s] -- Detecting CXX compile features
[0.261s] -- Detecting CXX compile features - done
[0.269s] -- Found ament_cmake: 2.5.4 (/opt/ros/jazzy/share/ament_cmake/cmake)
[0.420s] -- Found Python3: /usr/bin/python3 (found version "3.12.3") found components: Interpreter 
[0.590s] -- Configuring done (0.6s)
[0.591s] -- Generating done (0.0s)
[0.592s] -- Build files have been written to: /home/tamar/ws_moveit/build/kortex_bringup
[0.595s] Invoked command in '/home/tamar/ws_moveit/build/kortex_bringup' returned '0': AMENT_PREFIX_PATH=/home/tamar/ws_moveit/install/kortex_driver:/home/tamar/ws_moveit/install/kortex_description:/home/tamar/ws_moveit/install/robotiq_description:/home/tamar/ws_moveit/install/kortex_api:${AMENT_PREFIX_PATH} CMAKE_PREFIX_PATH=/home/tamar/ws_moveit/install/kortex_driver:/home/tamar/ws_moveit/install/kortex_description:/home/tamar/ws_moveit/install/robotiq_description:/home/tamar/ws_moveit/install/kortex_api:/opt/ros/jazzy/opt/gz_sim_vendor:/opt/ros/jazzy/opt/gz_sensors_vendor:/opt/ros/jazzy/opt/gz_physics_vendor:/opt/ros/jazzy/opt/sdformat_vendor:/opt/ros/jazzy/opt/gz_gui_vendor:/opt/ros/jazzy/opt/gz_transport_vendor:/opt/ros/jazzy/opt/gz_rendering_vendor:/opt/ros/jazzy/opt/gz_plugin_vendor:/opt/ros/jazzy/opt/gz_fuel_tools_vendor:/opt/ros/jazzy/opt/gz_msgs_vendor:/opt/ros/jazzy/opt/gz_common_vendor:/opt/ros/jazzy/opt/gz_math_vendor:/opt/ros/jazzy/opt/gz_utils_vendor:/opt/ros/jazzy/opt/gz_tools_vendor:/opt/ros/jazzy/opt/gz_ogre_next_vendor:/opt/ros/jazzy/opt/gz_dartsim_vendor:/opt/ros/jazzy/opt/gz_cmake_vendor:/opt/ros/jazzy LD_LIBRARY_PATH=/home/tamar/ws_moveit/install/kortex_driver/lib:${LD_LIBRARY_PATH} /usr/bin/cmake /home/tamar/ws_moveit/src/ros2_kortex/kortex_bringup -DCMAKE_BUILD_TYPE=Release -DCMAKE_INSTALL_PREFIX=/home/tamar/ws_moveit/install/kortex_bringup
[0.595s] Invoking command in '/home/tamar/ws_moveit/build/kortex_bringup': AMENT_PREFIX_PATH=/home/tamar/ws_moveit/install/kortex_driver:/home/tamar/ws_moveit/install/kortex_description:/home/tamar/ws_moveit/install/robotiq_description:/home/tamar/ws_moveit/install/kortex_api:${AMENT_PREFIX_PATH} CMAKE_PREFIX_PATH=/home/tamar/ws_moveit/install/kortex_driver:/home/tamar/ws_moveit/install/kortex_description:/home/tamar/ws_moveit/install/robotiq_description:/home/tamar/ws_moveit/install/kortex_api:/opt/ros/jazzy/opt/gz_sim_vendor:/opt/ros/jazzy/opt/gz_sensors_vendor:/opt/ros/jazzy/opt/gz_physics_vendor:/opt/ros/jazzy/opt/sdformat_vendor:/opt/ros/jazzy/opt/gz_gui_vendor:/opt/ros/jazzy/opt/gz_transport_vendor:/opt/ros/jazzy/opt/gz_rendering_vendor:/opt/ros/jazzy/opt/gz_plugin_vendor:/opt/ros/jazzy/opt/gz_fuel_tools_vendor:/opt/ros/jazzy/opt/gz_msgs_vendor:/opt/ros/jazzy/opt/gz_common_vendor:/opt/ros/jazzy/opt/gz_math_vendor:/opt/ros/jazzy/opt/gz_utils_vendor:/opt/ros/jazzy/opt/gz_tools_vendor:/opt/ros/jazzy/opt/gz_ogre_next_vendor:/opt/ros/jazzy/opt/gz_dartsim_vendor:/opt/ros/jazzy/opt/gz_cmake_vendor:/opt/ros/jazzy LD_LIBRARY_PATH=/home/tamar/ws_moveit/install/kortex_driver/lib:${LD_LIBRARY_PATH} /usr/bin/cmake --build /home/tamar/ws_moveit/build/kortex_bringup -- -j32 -l32
[0.625s] Invoked command in '/home/tamar/ws_moveit/build/kortex_bringup' returned '0': AMENT_PREFIX_PATH=/home/tamar/ws_moveit/install/kortex_driver:/home/tamar/ws_moveit/install/kortex_description:/home/tamar/ws_moveit/install/robotiq_description:/home/tamar/ws_moveit/install/kortex_api:${AMENT_PREFIX_PATH} CMAKE_PREFIX_PATH=/home/tamar/ws_moveit/install/kortex_driver:/home/tamar/ws_moveit/install/kortex_description:/home/tamar/ws_moveit/install/robotiq_description:/home/tamar/ws_moveit/install/kortex_api:/opt/ros/jazzy/opt/gz_sim_vendor:/opt/ros/jazzy/opt/gz_sensors_vendor:/opt/ros/jazzy/opt/gz_physics_vendor:/opt/ros/jazzy/opt/sdformat_vendor:/opt/ros/jazzy/opt/gz_gui_vendor:/opt/ros/jazzy/opt/gz_transport_vendor:/opt/ros/jazzy/opt/gz_rendering_vendor:/opt/ros/jazzy/opt/gz_plugin_vendor:/opt/ros/jazzy/opt/gz_fuel_tools_vendor:/opt/ros/jazzy/opt/gz_msgs_vendor:/opt/ros/jazzy/opt/gz_common_vendor:/opt/ros/jazzy/opt/gz_math_vendor:/opt/ros/jazzy/opt/gz_utils_vendor:/opt/ros/jazzy/opt/gz_tools_vendor:/opt/ros/jazzy/opt/gz_ogre_next_vendor:/opt/ros/jazzy/opt/gz_dartsim_vendor:/opt/ros/jazzy/opt/gz_cmake_vendor:/opt/ros/jazzy LD_LIBRARY_PATH=/home/tamar/ws_moveit/install/kortex_driver/lib:${LD_LIBRARY_PATH} /usr/bin/cmake --build /home/tamar/ws_moveit/build/kortex_bringup -- -j32 -l32
[0.626s] Invoking command in '/home/tamar/ws_moveit/build/kortex_bringup': AMENT_PREFIX_PATH=/home/tamar/ws_moveit/install/kortex_driver:/home/tamar/ws_moveit/install/kortex_description:/home/tamar/ws_moveit/install/robotiq_description:/home/tamar/ws_moveit/install/kortex_api:${AMENT_PREFIX_PATH} CMAKE_PREFIX_PATH=/home/tamar/ws_moveit/install/kortex_driver:/home/tamar/ws_moveit/install/kortex_description:/home/tamar/ws_moveit/install/robotiq_description:/home/tamar/ws_moveit/install/kortex_api:/opt/ros/jazzy/opt/gz_sim_vendor:/opt/ros/jazzy/opt/gz_sensors_vendor:/opt/ros/jazzy/opt/gz_physics_vendor:/opt/ros/jazzy/opt/sdformat_vendor:/opt/ros/jazzy/opt/gz_gui_vendor:/opt/ros/jazzy/opt/gz_transport_vendor:/opt/ros/jazzy/opt/gz_rendering_vendor:/opt/ros/jazzy/opt/gz_plugin_vendor:/opt/ros/jazzy/opt/gz_fuel_tools_vendor:/opt/ros/jazzy/opt/gz_msgs_vendor:/opt/ros/jazzy/opt/gz_common_vendor:/opt/ros/jazzy/opt/gz_math_vendor:/opt/ros/jazzy/opt/gz_utils_vendor:/opt/ros/jazzy/opt/gz_tools_vendor:/opt/ros/jazzy/opt/gz_ogre_next_vendor:/opt/ros/jazzy/opt/gz_dartsim_vendor:/opt/ros/jazzy/opt/gz_cmake_vendor:/opt/ros/jazzy LD_LIBRARY_PATH=/home/tamar/ws_moveit/install/kortex_driver/lib:${LD_LIBRARY_PATH} /usr/bin/cmake --install /home/tamar/ws_moveit/build/kortex_bringup
[0.633s] -- Install configuration: "Release"
[0.633s] -- Installing: /home/tamar/ws_moveit/install/kortex_bringup/lib/kortex_bringup/test_huge_joint_space_jump.py
[0.633s] -- Installing: /home/tamar/ws_moveit/install/kortex_bringup/share/kortex_bringup/config
[0.633s] -- Installing: /home/tamar/ws_moveit/install/kortex_bringup/share/kortex_bringup/config/test_huge_joint_space_jump_config.yaml
[0.633s] -- Installing: /home/tamar/ws_moveit/install/kortex_bringup/share/kortex_bringup/config/test_trajectory_goal_publishers_config.yaml
[0.634s] -- Installing: /home/tamar/ws_moveit/install/kortex_bringup/share/kortex_bringup/config/servo.yaml
[0.634s] -- Installing: /home/tamar/ws_moveit/install/kortex_bringup/share/kortex_bringup/launch
[0.634s] -- Installing: /home/tamar/ws_moveit/install/kortex_bringup/share/kortex_bringup/launch/test_joint_trajectory_controller.launch.py
[0.634s] -- Installing: /home/tamar/ws_moveit/install/kortex_bringup/share/kortex_bringup/launch/gen3_lite.launch.py
[0.634s] -- Installing: /home/tamar/ws_moveit/install/kortex_bringup/share/kortex_bringup/launch/kortex_sim_control.launch.py
[0.634s] -- Installing: /home/tamar/ws_moveit/install/kortex_bringup/share/kortex_bringup/launch/gen3.launch.py
[0.634s] -- Installing: /home/tamar/ws_moveit/install/kortex_bringup/share/kortex_bringup/launch/test_huge_joint_space_jump.launch.py
[0.634s] -- Installing: /home/tamar/ws_moveit/install/kortex_bringup/share/kortex_bringup/launch/kortex_control.launch.py
[0.634s] -- Installing: /home/tamar/ws_moveit/install/kortex_bringup/share/ament_index/resource_index/package_run_dependencies/kortex_bringup
[0.634s] -- Installing: /home/tamar/ws_moveit/install/kortex_bringup/share/ament_index/resource_index/parent_prefix_path/kortex_bringup
[0.635s] -- Installing: /home/tamar/ws_moveit/install/kortex_bringup/share/kortex_bringup/environment/ament_prefix_path.sh
[0.635s] -- Installing: /home/tamar/ws_moveit/install/kortex_bringup/share/kortex_bringup/environment/ament_prefix_path.dsv
[0.635s] -- Installing: /home/tamar/ws_moveit/install/kortex_bringup/share/kortex_bringup/environment/path.sh
[0.635s] -- Installing: /home/tamar/ws_moveit/install/kortex_bringup/share/kortex_bringup/environment/path.dsv
[0.635s] -- Installing: /home/tamar/ws_moveit/install/kortex_bringup/share/kortex_bringup/local_setup.bash
[0.635s] -- Installing: /home/tamar/ws_moveit/install/kortex_bringup/share/kortex_bringup/local_setup.sh
[0.635s] -- Installing: /home/tamar/ws_moveit/install/kortex_bringup/share/kortex_bringup/local_setup.zsh
[0.636s] -- Installing: /home/tamar/ws_moveit/install/kortex_bringup/share/kortex_bringup/local_setup.dsv
[0.636s] -- Installing: /home/tamar/ws_moveit/install/kortex_bringup/share/kortex_bringup/package.dsv
[0.636s] -- Installing: /home/tamar/ws_moveit/install/kortex_bringup/share/ament_index/resource_index/packages/kortex_bringup
[0.636s] -- Installing: /home/tamar/ws_moveit/install/kortex_bringup/share/kortex_bringup/cmake/kortex_bringupConfig.cmake
[0.636s] -- Installing: /home/tamar/ws_moveit/install/kortex_bringup/share/kortex_bringup/cmake/kortex_bringupConfig-version.cmake
[0.636s] -- Installing: /home/tamar/ws_moveit/install/kortex_bringup/share/kortex_bringup/package.xml
[0.638s] Invoked command in '/home/tamar/ws_moveit/build/kortex_bringup' returned '0': AMENT_PREFIX_PATH=/home/tamar/ws_moveit/install/kortex_driver:/home/tamar/ws_moveit/install/kortex_description:/home/tamar/ws_moveit/install/robotiq_description:/home/tamar/ws_moveit/install/kortex_api:${AMENT_PREFIX_PATH} CMAKE_PREFIX_PATH=/home/tamar/ws_moveit/install/kortex_driver:/home/tamar/ws_moveit/install/kortex_description:/home/tamar/ws_moveit/install/robotiq_description:/home/tamar/ws_moveit/install/kortex_api:/opt/ros/jazzy/opt/gz_sim_vendor:/opt/ros/jazzy/opt/gz_sensors_vendor:/opt/ros/jazzy/opt/gz_physics_vendor:/opt/ros/jazzy/opt/sdformat_vendor:/opt/ros/jazzy/opt/gz_gui_vendor:/opt/ros/jazzy/opt/gz_transport_vendor:/opt/ros/jazzy/opt/gz_rendering_vendor:/opt/ros/jazzy/opt/gz_plugin_vendor:/opt/ros/jazzy/opt/gz_fuel_tools_vendor:/opt/ros/jazzy/opt/gz_msgs_vendor:/opt/ros/jazzy/opt/gz_common_vendor:/opt/ros/jazzy/opt/gz_math_vendor:/opt/ros/jazzy/opt/gz_utils_vendor:/opt/ros/jazzy/opt/gz_tools_vendor:/opt/ros/jazzy/opt/gz_ogre_next_vendor:/opt/ros/jazzy/opt/gz_dartsim_vendor:/opt/ros/jazzy/opt/gz_cmake_vendor:/opt/ros/jazzy LD_LIBRARY_PATH=/home/tamar/ws_moveit/install/kortex_driver/lib:${LD_LIBRARY_PATH} /usr/bin/cmake --install /home/tamar/ws_moveit/build/kortex_bringup
