[0.000000] (-) TimerEvent: {}
[0.000401] (-) JobUnselected: {'identifier': 'moveit_resources'}
[0.000533] (-) JobUnselected: {'identifier': 'moveit_resources_fanuc_description'}
[0.000548] (-) JobUnselected: {'identifier': 'moveit_resources_fanuc_moveit_config'}
[0.000555] (-) JobUnselected: {'identifier': 'moveit_resources_panda_description'}
[0.000561] (-) JobUnselected: {'identifier': 'moveit_resources_panda_moveit_config'}
[0.000566] (-) JobUnselected: {'identifier': 'moveit_resources_pr2_description'}
[0.000570] (-) JobUnselected: {'identifier': 'ur'}
[0.000574] (-) JobUnselected: {'identifier': 'ur_bringup'}
[0.000578] (-) JobUnselected: {'identifier': 'ur_calibration'}
[0.000583] (-) JobUnselected: {'identifier': 'ur_client_library'}
[0.000587] (-) JobUnselected: {'identifier': 'ur_controllers'}
[0.000592] (-) JobUnselected: {'identifier': 'ur_dashboard_msgs'}
[0.000596] (-) JobUnselected: {'identifier': 'ur_description'}
[0.000600] (-) JobUnselected: {'identifier': 'ur_moveit_config'}
[0.000605] (-) JobUnselected: {'identifier': 'ur_msgs'}
[0.000609] (-) JobUnselected: {'identifier': 'ur_robot_driver'}
[0.000615] (sirgas_description) JobQueued: {'identifier': 'sirgas_description', 'dependencies': OrderedDict()}
[0.000623] (sirgas_description) JobStarted: {'identifier': 'sirgas_description'}
[0.003417] (sirgas_description) JobProgress: {'identifier': 'sirgas_description', 'progress': 'cmake'}
[0.003760] (sirgas_description) JobProgress: {'identifier': 'sirgas_description', 'progress': 'build'}
[0.004103] (sirgas_description) Command: {'cmd': ['/usr/bin/cmake', '--build', '/home/tamar/RBE594_ws/build/sirgas_description', '--', '-j32', '-l32'], 'cwd': '/home/tamar/RBE594_ws/build/sirgas_description', 'env': OrderedDict({'SUDO_GID': '1000', 'MAIL': '/var/mail/root', 'USER': 'root', 'HOSTNAME': '822b9d7f9e91', 'HOME': '/root', 'PS1': '${debian_chroot:+($debian_chroot)}\\u@\\h:\\w\\$', 'SUDO_UID': '1000', 'LOGNAME': 'root', 'TERM': 'xterm', 'PATH': '/usr/local/sbin:/usr/local/bin:/usr/sbin:/usr/bin:/sbin:/bin:/snap/bin', 'DISPLAY': ':0', 'LANG': 'C.UTF-8', 'SUDO_COMMAND': '/usr/bin/colcon build --packages-select sirgas_description --symlink-install', 'SHELL': '/bin/bash', 'SUDO_USER': 'tamar', 'LC_ALL': 'C.UTF-8', 'PWD': '/home/tamar/RBE594_ws/build/sirgas_description', 'COLCON': '1'}), 'shell': False}
[0.010986] (sirgas_description) StderrLine: {'line': b'gmake: /home/tamar/.local/lib/python3.10/site-packages/cmake/data/bin/cmake: No such file or directory\n'}
[0.011030] (sirgas_description) StderrLine: {'line': b'gmake: *** [Makefile:226: cmake_check_build_system] Error 127\n'}
[0.012031] (sirgas_description) CommandEnded: {'returncode': 2}
[0.016906] (sirgas_description) JobEnded: {'identifier': 'sirgas_description', 'rc': 2}
[0.027235] (-) EventReactorShutdown: {}
