[0.008s] Invoking command in '/home/tamar/ws_moveit/build/robotiq_driver': AMENT_PREFIX_PATH=/home/tamar/ws_moveit/install/serial:${AMENT_PREFIX_PATH} CMAKE_PREFIX_PATH=/home/tamar/ws_moveit/install/serial:/opt/ros/jazzy/opt/gz_sim_vendor:/opt/ros/jazzy/opt/gz_sensors_vendor:/opt/ros/jazzy/opt/gz_physics_vendor:/opt/ros/jazzy/opt/sdformat_vendor:/opt/ros/jazzy/opt/gz_gui_vendor:/opt/ros/jazzy/opt/gz_transport_vendor:/opt/ros/jazzy/opt/gz_rendering_vendor:/opt/ros/jazzy/opt/gz_plugin_vendor:/opt/ros/jazzy/opt/gz_fuel_tools_vendor:/opt/ros/jazzy/opt/gz_msgs_vendor:/opt/ros/jazzy/opt/gz_common_vendor:/opt/ros/jazzy/opt/gz_math_vendor:/opt/ros/jazzy/opt/gz_utils_vendor:/opt/ros/jazzy/opt/gz_tools_vendor:/opt/ros/jazzy/opt/gz_ogre_next_vendor:/opt/ros/jazzy/opt/gz_dartsim_vendor:/opt/ros/jazzy/opt/gz_cmake_vendor:/opt/ros/jazzy LD_LIBRARY_PATH=/home/tamar/ws_moveit/install/serial/lib:${LD_LIBRARY_PATH} /usr/bin/cmake /home/tamar/ws_moveit/src/ros2_robotiq_gripper/robotiq_driver -DCMAKE_BUILD_TYPE=Release -DCMAKE_INSTALL_PREFIX=/home/tamar/ws_moveit/install/robotiq_driver
[0.056s] -- The CXX compiler identification is GNU 13.3.0
[0.067s] -- Detecting CXX compiler ABI info
[0.128s] -- Detecting CXX compiler ABI info - done
[0.134s] -- Check for working CXX compiler: /usr/bin/c++ - skipped
[0.134s] -- Detecting CXX compile features
[0.134s] -- Detecting CXX compile features - done
[0.140s] -- Found ament_cmake: 2.5.4 (/opt/ros/jazzy/share/ament_cmake/cmake)
[0.239s] -- Found Python3: /usr/bin/python3 (found version "3.12.3") found components: Interpreter 
[0.336s] -- Found hardware_interface: 4.38.0 (/opt/ros/jazzy/share/hardware_interface/cmake)
[0.392s] -- Found rosidl_generator_c: 4.6.6 (/opt/ros/jazzy/share/rosidl_generator_c/cmake)
[0.407s] -- Found rosidl_generator_cpp: 4.6.6 (/opt/ros/jazzy/share/rosidl_generator_cpp/cmake)
[0.423s] -- Using all available rosidl_typesupport_c: rosidl_typesupport_fastrtps_c;rosidl_typesupport_introspection_c
[0.441s] -- Using all available rosidl_typesupport_cpp: rosidl_typesupport_fastrtps_cpp;rosidl_typesupport_introspection_cpp
[0.637s] -- Found TinyXML2 via Config file: /usr/lib/x86_64-linux-gnu/cmake/tinyxml2
[0.680s] -- Found rmw_implementation_cmake: 7.3.2 (/opt/ros/jazzy/share/rmw_implementation_cmake/cmake)
[0.685s] -- Found rmw_cyclonedds_cpp: 2.2.3 (/opt/ros/jazzy/share/rmw_cyclonedds_cpp/cmake)
[0.724s] -- Using RMW implementation 'rmw_cyclonedds_cpp' as default
[0.927s] -- Found serial: 1.2.1 (/home/tamar/ws_moveit/install/serial/share/serial/cmake)
[0.939s] -- Found ament_cmake_gtest: 2.5.4 (/opt/ros/jazzy/share/ament_cmake_gtest/cmake)
[0.943s] -- Found ament_cmake_gmock: 2.5.4 (/opt/ros/jazzy/share/ament_cmake_gmock/cmake)
[0.947s] -- Found ament_lint_auto: 0.17.3 (/opt/ros/jazzy/share/ament_lint_auto/cmake)
[1.071s] -- Found gmock sources under '/opt/ros/jazzy/src/gmock_vendor': C++ tests using 'Google Mock' will be built
[1.101s] -- The C compiler identification is GNU 13.3.0
[1.111s] -- Detecting C compiler ABI info
[1.180s] -- Detecting C compiler ABI info - done
[1.188s] -- Check for working C compiler: /usr/bin/cc - skipped
[1.188s] -- Detecting C compile features
[1.189s] -- Detecting C compile features - done
[1.197s] -- Found gtest sources under '/opt/ros/jazzy/src/gtest_vendor': C++ tests using 'Google Test' will be built
[1.249s] -- Configuring done (1.2s)
[1.306s] -- Generating done (0.0s)
[1.317s] -- Build files have been written to: /home/tamar/ws_moveit/build/robotiq_driver
[1.324s] Invoked command in '/home/tamar/ws_moveit/build/robotiq_driver' returned '0': AMENT_PREFIX_PATH=/home/tamar/ws_moveit/install/serial:${AMENT_PREFIX_PATH} CMAKE_PREFIX_PATH=/home/tamar/ws_moveit/install/serial:/opt/ros/jazzy/opt/gz_sim_vendor:/opt/ros/jazzy/opt/gz_sensors_vendor:/opt/ros/jazzy/opt/gz_physics_vendor:/opt/ros/jazzy/opt/sdformat_vendor:/opt/ros/jazzy/opt/gz_gui_vendor:/opt/ros/jazzy/opt/gz_transport_vendor:/opt/ros/jazzy/opt/gz_rendering_vendor:/opt/ros/jazzy/opt/gz_plugin_vendor:/opt/ros/jazzy/opt/gz_fuel_tools_vendor:/opt/ros/jazzy/opt/gz_msgs_vendor:/opt/ros/jazzy/opt/gz_common_vendor:/opt/ros/jazzy/opt/gz_math_vendor:/opt/ros/jazzy/opt/gz_utils_vendor:/opt/ros/jazzy/opt/gz_tools_vendor:/opt/ros/jazzy/opt/gz_ogre_next_vendor:/opt/ros/jazzy/opt/gz_dartsim_vendor:/opt/ros/jazzy/opt/gz_cmake_vendor:/opt/ros/jazzy LD_LIBRARY_PATH=/home/tamar/ws_moveit/install/serial/lib:${LD_LIBRARY_PATH} /usr/bin/cmake /home/tamar/ws_moveit/src/ros2_robotiq_gripper/robotiq_driver -DCMAKE_BUILD_TYPE=Release -DCMAKE_INSTALL_PREFIX=/home/tamar/ws_moveit/install/robotiq_driver
[1.325s] Invoking command in '/home/tamar/ws_moveit/build/robotiq_driver': AMENT_PREFIX_PATH=/home/tamar/ws_moveit/install/serial:${AMENT_PREFIX_PATH} CMAKE_PREFIX_PATH=/home/tamar/ws_moveit/install/serial:/opt/ros/jazzy/opt/gz_sim_vendor:/opt/ros/jazzy/opt/gz_sensors_vendor:/opt/ros/jazzy/opt/gz_physics_vendor:/opt/ros/jazzy/opt/sdformat_vendor:/opt/ros/jazzy/opt/gz_gui_vendor:/opt/ros/jazzy/opt/gz_transport_vendor:/opt/ros/jazzy/opt/gz_rendering_vendor:/opt/ros/jazzy/opt/gz_plugin_vendor:/opt/ros/jazzy/opt/gz_fuel_tools_vendor:/opt/ros/jazzy/opt/gz_msgs_vendor:/opt/ros/jazzy/opt/gz_common_vendor:/opt/ros/jazzy/opt/gz_math_vendor:/opt/ros/jazzy/opt/gz_utils_vendor:/opt/ros/jazzy/opt/gz_tools_vendor:/opt/ros/jazzy/opt/gz_ogre_next_vendor:/opt/ros/jazzy/opt/gz_dartsim_vendor:/opt/ros/jazzy/opt/gz_cmake_vendor:/opt/ros/jazzy LD_LIBRARY_PATH=/home/tamar/ws_moveit/install/serial/lib:${LD_LIBRARY_PATH} /usr/bin/cmake --build /home/tamar/ws_moveit/build/robotiq_driver -- -j32 -l32
[1.367s] [  4%] [32mBuilding CXX object CMakeFiles/robotiq_driver.dir/src/default_driver_factory.cpp.o[0m
[1.368s] [ 12%] [32mBuilding CXX object CMakeFiles/robotiq_driver.dir/src/default_serial_factory.cpp.o[0m
[1.368s] [ 12%] [32mBuilding CXX object CMakeFiles/robotiq_driver.dir/src/hardware_interface.cpp.o[0m
[1.369s] [ 16%] [32mBuilding CXX object CMakeFiles/robotiq_driver.dir/src/data_utils.cpp.o[0m
[1.370s] [ 20%] [32mBuilding CXX object CMakeFiles/robotiq_driver.dir/src/crc_utils.cpp.o[0m
[1.370s] [ 25%] [32mBuilding CXX object CMakeFiles/robotiq_driver.dir/src/default_driver.cpp.o[0m
[1.370s] [ 29%] [32mBuilding CXX object CMakeFiles/robotiq_driver.dir/src/fake/fake_driver.cpp.o[0m
[1.371s] [ 33%] [32mBuilding CXX object gmock/CMakeFiles/gmock.dir/opt/ros/jazzy/src/gtest_vendor/src/gtest-all.cc.o[0m
[1.371s] [ 37%] [32mBuilding CXX object gmock/CMakeFiles/gmock_main.dir/src/gmock_main.cc.o[0m
[1.371s] [ 41%] [32mBuilding CXX object gmock/CMakeFiles/gmock.dir/src/gmock-all.cc.o[0m
[1.371s] [ 45%] [32mBuilding CXX object CMakeFiles/robotiq_driver.dir/src/default_serial.cpp.o[0m
[1.900s] [ 50%] [32m[1mLinking CXX static library libgmock_main.a[0m
[1.953s] [ 50%] Built target gmock_main
[3.277s] [01m[K/home/tamar/ws_moveit/src/ros2_robotiq_gripper/robotiq_driver/src/hardware_interface.cpp:[m[K In member function ‘[01m[Kvirtual hardware_interface::CallbackReturn robotiq_driver::RobotiqGripperHardwareInterface::[01;32m[Kon_init[m[K(const hardware_interface::HardwareInfo&)[m[K’:
[3.277s] [01m[K/home/tamar/ws_moveit/src/ros2_robotiq_gripper/robotiq_driver/src/hardware_interface.cpp:79:51:[m[K [01;35m[Kwarning: [m[K‘[01m[Kvirtual rclcpp_lifecycle::node_interfaces::LifecycleNodeInterface::CallbackReturn hardware_interface::HardwareComponentInterface::[01;32m[Kon_init[m[K(const hardware_interface::HardwareInfo&)[m[K’ is deprecated: Use on_init(const HardwareComponentInterfaceParams & params) instead. [[01;35m[K-Wdeprecated-declarations[m[K]
[3.277s]    79 |   if ([01;35m[Khardware_interface::SystemInterface::on_init(info)[m[K != CallbackReturn::SUCCESS)
[3.277s]       |       [01;35m[K~~~~~~~~~~~~~~~~~~~~~~~~~~~~~~~~~~~~~~~~~~~~^~~~~~[m[K
[3.277s] In file included from [01m[K/opt/ros/jazzy/include/hardware_interface/hardware_interface/system_interface.hpp:18[m[K,
[3.277s]                  from [01m[K/home/tamar/ws_moveit/src/ros2_robotiq_gripper/robotiq_driver/include/robotiq_driver/hardware_interface.hpp:44[m[K,
[3.277s]                  from [01m[K/home/tamar/ws_moveit/src/ros2_robotiq_gripper/robotiq_driver/src/hardware_interface.cpp:36[m[K:
[3.278s] [01m[K/opt/ros/jazzy/include/hardware_interface/hardware_interface/hardware_component_interface.hpp:226:26:[m[K [01;36m[Knote: [m[Kdeclared here
[3.278s]   226 |   virtual CallbackReturn [01;36m[Kon_init[m[K(const HardwareInfo & hardware_info)
[3.278s]       |                          [01;36m[K^~~~~~~[m[K
[5.127s] [ 54%] [32m[1mLinking CXX shared library librobotiq_driver.so[0m
[5.241s] [ 54%] Built target robotiq_driver
[5.667s] [ 58%] [32m[1mLinking CXX static library libgmock.a[0m
[5.714s] [ 58%] Built target gmock
[5.734s] [ 79%] [32mBuilding CXX object tests/CMakeFiles/test_data_utils.dir/test_data_utils.cpp.o[0m
[5.734s] [ 79%] [32mBuilding CXX object tests/CMakeFiles/test_robotiq_gripper_hardware_interface.dir/test_robotiq_gripper_hardware_interface.cpp.o[0m
[5.734s] [ 79%] [32mBuilding CXX object tests/CMakeFiles/test_default_driver_factory.dir/test_default_driver_factory.cpp.o[0m
[5.734s] [ 79%] [32mBuilding CXX object tests/CMakeFiles/test_default_serial_factory.dir/test_default_serial_factory.cpp.o[0m
[5.734s] [ 79%] [32mBuilding CXX object tests/CMakeFiles/test_crc_utils.dir/test_crc_utils.cpp.o[0m
[6.522s] [ 83%] [32m[1mLinking CXX executable test_crc_utils[0m
[6.628s] [ 83%] Built target test_crc_utils
[6.728s] [ 87%] [32m[1mLinking CXX executable test_data_utils[0m
[6.830s] [ 87%] Built target test_data_utils
[7.889s] [ 91%] [32m[1mLinking CXX executable test_robotiq_gripper_hardware_interface[0m
[8.091s] [ 91%] Built target test_robotiq_gripper_hardware_interface
[8.154s] [ 95%] [32m[1mLinking CXX executable test_default_serial_factory[0m
[8.245s] [ 95%] Built target test_default_serial_factory
[8.436s] [100%] [32m[1mLinking CXX executable test_default_driver_factory[0m
[8.527s] [100%] Built target test_default_driver_factory
[8.534s] Invoked command in '/home/tamar/ws_moveit/build/robotiq_driver' returned '0': AMENT_PREFIX_PATH=/home/tamar/ws_moveit/install/serial:${AMENT_PREFIX_PATH} CMAKE_PREFIX_PATH=/home/tamar/ws_moveit/install/serial:/opt/ros/jazzy/opt/gz_sim_vendor:/opt/ros/jazzy/opt/gz_sensors_vendor:/opt/ros/jazzy/opt/gz_physics_vendor:/opt/ros/jazzy/opt/sdformat_vendor:/opt/ros/jazzy/opt/gz_gui_vendor:/opt/ros/jazzy/opt/gz_transport_vendor:/opt/ros/jazzy/opt/gz_rendering_vendor:/opt/ros/jazzy/opt/gz_plugin_vendor:/opt/ros/jazzy/opt/gz_fuel_tools_vendor:/opt/ros/jazzy/opt/gz_msgs_vendor:/opt/ros/jazzy/opt/gz_common_vendor:/opt/ros/jazzy/opt/gz_math_vendor:/opt/ros/jazzy/opt/gz_utils_vendor:/opt/ros/jazzy/opt/gz_tools_vendor:/opt/ros/jazzy/opt/gz_ogre_next_vendor:/opt/ros/jazzy/opt/gz_dartsim_vendor:/opt/ros/jazzy/opt/gz_cmake_vendor:/opt/ros/jazzy LD_LIBRARY_PATH=/home/tamar/ws_moveit/install/serial/lib:${LD_LIBRARY_PATH} /usr/bin/cmake --build /home/tamar/ws_moveit/build/robotiq_driver -- -j32 -l32
[8.535s] Invoking command in '/home/tamar/ws_moveit/build/robotiq_driver': AMENT_PREFIX_PATH=/home/tamar/ws_moveit/install/serial:${AMENT_PREFIX_PATH} CMAKE_PREFIX_PATH=/home/tamar/ws_moveit/install/serial:/opt/ros/jazzy/opt/gz_sim_vendor:/opt/ros/jazzy/opt/gz_sensors_vendor:/opt/ros/jazzy/opt/gz_physics_vendor:/opt/ros/jazzy/opt/sdformat_vendor:/opt/ros/jazzy/opt/gz_gui_vendor:/opt/ros/jazzy/opt/gz_transport_vendor:/opt/ros/jazzy/opt/gz_rendering_vendor:/opt/ros/jazzy/opt/gz_plugin_vendor:/opt/ros/jazzy/opt/gz_fuel_tools_vendor:/opt/ros/jazzy/opt/gz_msgs_vendor:/opt/ros/jazzy/opt/gz_common_vendor:/opt/ros/jazzy/opt/gz_math_vendor:/opt/ros/jazzy/opt/gz_utils_vendor:/opt/ros/jazzy/opt/gz_tools_vendor:/opt/ros/jazzy/opt/gz_ogre_next_vendor:/opt/ros/jazzy/opt/gz_dartsim_vendor:/opt/ros/jazzy/opt/gz_cmake_vendor:/opt/ros/jazzy LD_LIBRARY_PATH=/home/tamar/ws_moveit/install/serial/lib:${LD_LIBRARY_PATH} /usr/bin/cmake --install /home/tamar/ws_moveit/build/robotiq_driver
[8.541s] -- Install configuration: "Release"
[8.542s] -- Installing: /home/tamar/ws_moveit/install/robotiq_driver/share/robotiq_driver/hardware_interface_plugin.xml
[8.542s] -- Installing: /home/tamar/ws_moveit/install/robotiq_driver/share/robotiq_driver/environment/library_path.sh
[8.542s] -- Installing: /home/tamar/ws_moveit/install/robotiq_driver/share/robotiq_driver/environment/library_path.dsv
[8.542s] -- Installing: /home/tamar/ws_moveit/install/robotiq_driver/include
[8.542s] -- Installing: /home/tamar/ws_moveit/install/robotiq_driver/include/robotiq_driver
[8.542s] -- Installing: /home/tamar/ws_moveit/install/robotiq_driver/include/robotiq_driver/visibility_control.hpp
[8.542s] -- Installing: /home/tamar/ws_moveit/install/robotiq_driver/include/robotiq_driver/serial_factory.hpp
[8.542s] -- Installing: /home/tamar/ws_moveit/install/robotiq_driver/include/robotiq_driver/crc_utils.hpp
[8.542s] -- Installing: /home/tamar/ws_moveit/install/robotiq_driver/include/robotiq_driver/default_serial.hpp
[8.542s] -- Installing: /home/tamar/ws_moveit/install/robotiq_driver/include/robotiq_driver/driver.hpp
[8.543s] -- Installing: /home/tamar/ws_moveit/install/robotiq_driver/include/robotiq_driver/driver_exception.hpp
[8.543s] -- Installing: /home/tamar/ws_moveit/install/robotiq_driver/include/robotiq_driver/hardware_interface.hpp
[8.543s] -- Installing: /home/tamar/ws_moveit/install/robotiq_driver/include/robotiq_driver/default_serial_factory.hpp
[8.543s] -- Installing: /home/tamar/ws_moveit/install/robotiq_driver/include/robotiq_driver/data_utils.hpp
[8.543s] -- Installing: /home/tamar/ws_moveit/install/robotiq_driver/include/robotiq_driver/driver_factory.hpp
[8.543s] -- Installing: /home/tamar/ws_moveit/install/robotiq_driver/include/robotiq_driver/fake
[8.543s] -- Installing: /home/tamar/ws_moveit/install/robotiq_driver/include/robotiq_driver/fake/fake_driver.hpp
[8.543s] -- Installing: /home/tamar/ws_moveit/install/robotiq_driver/include/robotiq_driver/default_driver_factory.hpp
[8.543s] -- Installing: /home/tamar/ws_moveit/install/robotiq_driver/include/robotiq_driver/serial.hpp
[8.543s] -- Installing: /home/tamar/ws_moveit/install/robotiq_driver/include/robotiq_driver/default_driver.hpp
[8.543s] -- Installing: /home/tamar/ws_moveit/install/robotiq_driver/lib/librobotiq_driver.so
[8.544s] -- Set non-toolchain portion of runtime path of "/home/tamar/ws_moveit/install/robotiq_driver/lib/librobotiq_driver.so" to ""
[8.544s] -- Installing: /home/tamar/ws_moveit/install/robotiq_driver/share/ament_index/resource_index/package_run_dependencies/robotiq_driver
[8.544s] -- Installing: /home/tamar/ws_moveit/install/robotiq_driver/share/ament_index/resource_index/parent_prefix_path/robotiq_driver
[8.544s] -- Installing: /home/tamar/ws_moveit/install/robotiq_driver/share/robotiq_driver/environment/ament_prefix_path.sh
[8.545s] -- Installing: /home/tamar/ws_moveit/install/robotiq_driver/share/robotiq_driver/environment/ament_prefix_path.dsv
[8.545s] -- Installing: /home/tamar/ws_moveit/install/robotiq_driver/share/robotiq_driver/environment/path.sh
[8.545s] -- Installing: /home/tamar/ws_moveit/install/robotiq_driver/share/robotiq_driver/environment/path.dsv
[8.545s] -- Installing: /home/tamar/ws_moveit/install/robotiq_driver/share/robotiq_driver/local_setup.bash
[8.545s] -- Installing: /home/tamar/ws_moveit/install/robotiq_driver/share/robotiq_driver/local_setup.sh
[8.545s] -- Installing: /home/tamar/ws_moveit/install/robotiq_driver/share/robotiq_driver/local_setup.zsh
[8.545s] -- Installing: /home/tamar/ws_moveit/install/robotiq_driver/share/robotiq_driver/local_setup.dsv
[8.545s] -- Installing: /home/tamar/ws_moveit/install/robotiq_driver/share/robotiq_driver/package.dsv
[8.545s] -- Installing: /home/tamar/ws_moveit/install/robotiq_driver/share/ament_index/resource_index/packages/robotiq_driver
[8.546s] -- Installing: /home/tamar/ws_moveit/install/robotiq_driver/share/ament_index/resource_index/hardware_interface__pluginlib__plugin/robotiq_driver
[8.546s] -- Installing: /home/tamar/ws_moveit/install/robotiq_driver/share/robotiq_driver/cmake/robotiq_driver_targetsExport.cmake
[8.546s] -- Installing: /home/tamar/ws_moveit/install/robotiq_driver/share/robotiq_driver/cmake/robotiq_driver_targetsExport-release.cmake
[8.546s] -- Installing: /home/tamar/ws_moveit/install/robotiq_driver/share/robotiq_driver/cmake/ament_cmake_export_targets-extras.cmake
[8.546s] -- Installing: /home/tamar/ws_moveit/install/robotiq_driver/share/robotiq_driver/cmake/ament_cmake_export_dependencies-extras.cmake
[8.546s] -- Installing: /home/tamar/ws_moveit/install/robotiq_driver/share/robotiq_driver/cmake/ament_cmake_export_include_directories-extras.cmake
[8.546s] -- Installing: /home/tamar/ws_moveit/install/robotiq_driver/share/robotiq_driver/cmake/ament_cmake_export_libraries-extras.cmake
[8.547s] -- Installing: /home/tamar/ws_moveit/install/robotiq_driver/share/robotiq_driver/cmake/robotiq_driverConfig.cmake
[8.547s] -- Installing: /home/tamar/ws_moveit/install/robotiq_driver/share/robotiq_driver/cmake/robotiq_driverConfig-version.cmake
[8.547s] -- Installing: /home/tamar/ws_moveit/install/robotiq_driver/share/robotiq_driver/package.xml
[8.548s] Invoked command in '/home/tamar/ws_moveit/build/robotiq_driver' returned '0': AMENT_PREFIX_PATH=/home/tamar/ws_moveit/install/serial:${AMENT_PREFIX_PATH} CMAKE_PREFIX_PATH=/home/tamar/ws_moveit/install/serial:/opt/ros/jazzy/opt/gz_sim_vendor:/opt/ros/jazzy/opt/gz_sensors_vendor:/opt/ros/jazzy/opt/gz_physics_vendor:/opt/ros/jazzy/opt/sdformat_vendor:/opt/ros/jazzy/opt/gz_gui_vendor:/opt/ros/jazzy/opt/gz_transport_vendor:/opt/ros/jazzy/opt/gz_rendering_vendor:/opt/ros/jazzy/opt/gz_plugin_vendor:/opt/ros/jazzy/opt/gz_fuel_tools_vendor:/opt/ros/jazzy/opt/gz_msgs_vendor:/opt/ros/jazzy/opt/gz_common_vendor:/opt/ros/jazzy/opt/gz_math_vendor:/opt/ros/jazzy/opt/gz_utils_vendor:/opt/ros/jazzy/opt/gz_tools_vendor:/opt/ros/jazzy/opt/gz_ogre_next_vendor:/opt/ros/jazzy/opt/gz_dartsim_vendor:/opt/ros/jazzy/opt/gz_cmake_vendor:/opt/ros/jazzy LD_LIBRARY_PATH=/home/tamar/ws_moveit/install/serial/lib:${LD_LIBRARY_PATH} /usr/bin/cmake --install /home/tamar/ws_moveit/build/robotiq_driver
