[0.009s] Invoking command in '/home/tamar/ws_moveit/build/moveit_planners_stomp': AMENT_PREFIX_PATH=/home/tamar/ws_moveit/install/moveit_core:/home/tamar/ws_moveit/install/moveit_resources_pr2_description:/home/tamar/ws_moveit/install/moveit_msgs:/home/tamar/ws_moveit/install/moveit_common:${AMENT_PREFIX_PATH} CMAKE_PREFIX_PATH=/home/tamar/ws_moveit/install/moveit_core:/home/tamar/ws_moveit/install/moveit_resources_pr2_description:/home/tamar/ws_moveit/install/moveit_msgs:/home/tamar/ws_moveit/install/moveit_common:/opt/ros/jazzy/opt/gz_sim_vendor:/opt/ros/jazzy/opt/gz_sensors_vendor:/opt/ros/jazzy/opt/gz_physics_vendor:/opt/ros/jazzy/opt/sdformat_vendor:/opt/ros/jazzy/opt/gz_gui_vendor:/opt/ros/jazzy/opt/gz_transport_vendor:/opt/ros/jazzy/opt/gz_rendering_vendor:/opt/ros/jazzy/opt/gz_plugin_vendor:/opt/ros/jazzy/opt/gz_fuel_tools_vendor:/opt/ros/jazzy/opt/gz_msgs_vendor:/opt/ros/jazzy/opt/gz_common_vendor:/opt/ros/jazzy/opt/gz_math_vendor:/opt/ros/jazzy/opt/gz_utils_vendor:/opt/ros/jazzy/opt/gz_tools_vendor:/opt/ros/jazzy/opt/gz_ogre_next_vendor:/opt/ros/jazzy/opt/gz_dartsim_vendor:/opt/ros/jazzy/opt/gz_cmake_vendor:/opt/ros/jazzy LD_LIBRARY_PATH=/home/tamar/ws_moveit/install/moveit_core/lib:/home/tamar/ws_moveit/install/moveit_msgs/lib:${LD_LIBRARY_PATH} PATH=/home/tamar/ws_moveit/install/moveit_core/bin:${PATH} PYTHONPATH=/home/tamar/ws_moveit/install/moveit_msgs/lib/python3.12/site-packages:${PYTHONPATH} /usr/bin/cmake /home/tamar/ws_moveit/src/moveit2/moveit_planners/stomp -DCMAKE_BUILD_TYPE=Release -DCMAKE_INSTALL_PREFIX=/home/tamar/ws_moveit/install/moveit_planners_stomp
[0.048s] -- The C compiler identification is GNU 13.3.0
[0.088s] -- The CXX compiler identification is GNU 13.3.0
[0.100s] -- Detecting C compiler ABI info
[0.155s] -- Detecting C compiler ABI info - done
[0.159s] -- Check for working C compiler: /usr/bin/cc - skipped
[0.160s] -- Detecting C compile features
[0.160s] -- Detecting C compile features - done
[0.166s] -- Detecting CXX compiler ABI info
[0.230s] -- Detecting CXX compiler ABI info - done
[0.238s] -- Check for working CXX compiler: /usr/bin/c++ - skipped
[0.239s] -- Detecting CXX compile features
[0.239s] -- Detecting CXX compile features - done
[0.240s] -- Found moveit_common: 2.12.3 (/home/tamar/ws_moveit/install/moveit_common/share/moveit_common/cmake)
[0.245s] -- Found ament_cmake: 2.5.4 (/opt/ros/jazzy/share/ament_cmake/cmake)
[0.338s] -- Found Python3: /usr/bin/python3 (found version "3.12.3") found components: Interpreter 
[0.484s] -- Found generate_parameter_library: 0.5.0 (/opt/ros/jazzy/share/generate_parameter_library/cmake)
[0.491s] -- Found parameter_traits: 0.5.0 (/opt/ros/jazzy/share/parameter_traits/cmake)
[0.545s] -- Found rosidl_generator_c: 4.6.6 (/opt/ros/jazzy/share/rosidl_generator_c/cmake)
[0.560s] -- Found rosidl_generator_cpp: 4.6.6 (/opt/ros/jazzy/share/rosidl_generator_cpp/cmake)
[0.578s] -- Using all available rosidl_typesupport_c: rosidl_typesupport_fastrtps_c;rosidl_typesupport_introspection_c
[0.596s] -- Using all available rosidl_typesupport_cpp: rosidl_typesupport_fastrtps_cpp;rosidl_typesupport_introspection_cpp
[0.672s] -- Found rmw_implementation_cmake: 7.3.2 (/opt/ros/jazzy/share/rmw_implementation_cmake/cmake)
[0.676s] -- Found rmw_cyclonedds_cpp: 2.2.3 (/opt/ros/jazzy/share/rmw_cyclonedds_cpp/cmake)
[0.705s] -- Using RMW implementation 'rmw_cyclonedds_cpp' as default
[0.780s] -- Found rclcpp_lifecycle: 28.1.12 (/opt/ros/jazzy/share/rclcpp_lifecycle/cmake)
[0.802s] -- Found moveit_core: 2.12.3 (/home/tamar/ws_moveit/install/moveit_core/share/moveit_core/cmake)
[0.931s] -- Found Boost: /usr/lib/x86_64-linux-gnu/cmake/Boost-1.83.0/BoostConfig.cmake (found version "1.83.0") found components: chrono date_time filesystem iostreams program_options regex serialization system thread 
[0.991s] -- Found Boost: /usr/lib/x86_64-linux-gnu/cmake/Boost-1.83.0/BoostConfig.cmake (found version "1.83.0") found components: filesystem 
[1.098s] -- Found Eigen3: TRUE (found version "3.4.0") 
[1.098s] -- Ensuring Eigen3 include directory is part of orocos-kdl CMake target
[1.241s] -- Found TinyXML2 via Config file: /usr/lib/x86_64-linux-gnu/cmake/tinyxml2
[1.373s] -- Found ament_cmake_gtest: 2.5.4 (/opt/ros/jazzy/share/ament_cmake_gtest/cmake)
[1.378s] -- Found gtest sources under '/opt/ros/jazzy/src/gtest_vendor': C++ tests using 'Google Test' will be built
[1.380s] -- Found Threads: TRUE  
[1.385s] -- Configuring done (1.4s)
[1.422s] -- Generating done (0.0s)
[1.428s] -- Build files have been written to: /home/tamar/ws_moveit/build/moveit_planners_stomp
[1.435s] Invoked command in '/home/tamar/ws_moveit/build/moveit_planners_stomp' returned '0': AMENT_PREFIX_PATH=/home/tamar/ws_moveit/install/moveit_core:/home/tamar/ws_moveit/install/moveit_resources_pr2_description:/home/tamar/ws_moveit/install/moveit_msgs:/home/tamar/ws_moveit/install/moveit_common:${AMENT_PREFIX_PATH} CMAKE_PREFIX_PATH=/home/tamar/ws_moveit/install/moveit_core:/home/tamar/ws_moveit/install/moveit_resources_pr2_description:/home/tamar/ws_moveit/install/moveit_msgs:/home/tamar/ws_moveit/install/moveit_common:/opt/ros/jazzy/opt/gz_sim_vendor:/opt/ros/jazzy/opt/gz_sensors_vendor:/opt/ros/jazzy/opt/gz_physics_vendor:/opt/ros/jazzy/opt/sdformat_vendor:/opt/ros/jazzy/opt/gz_gui_vendor:/opt/ros/jazzy/opt/gz_transport_vendor:/opt/ros/jazzy/opt/gz_rendering_vendor:/opt/ros/jazzy/opt/gz_plugin_vendor:/opt/ros/jazzy/opt/gz_fuel_tools_vendor:/opt/ros/jazzy/opt/gz_msgs_vendor:/opt/ros/jazzy/opt/gz_common_vendor:/opt/ros/jazzy/opt/gz_math_vendor:/opt/ros/jazzy/opt/gz_utils_vendor:/opt/ros/jazzy/opt/gz_tools_vendor:/opt/ros/jazzy/opt/gz_ogre_next_vendor:/opt/ros/jazzy/opt/gz_dartsim_vendor:/opt/ros/jazzy/opt/gz_cmake_vendor:/opt/ros/jazzy LD_LIBRARY_PATH=/home/tamar/ws_moveit/install/moveit_core/lib:/home/tamar/ws_moveit/install/moveit_msgs/lib:${LD_LIBRARY_PATH} PATH=/home/tamar/ws_moveit/install/moveit_core/bin:${PATH} PYTHONPATH=/home/tamar/ws_moveit/install/moveit_msgs/lib/python3.12/site-packages:${PYTHONPATH} /usr/bin/cmake /home/tamar/ws_moveit/src/moveit2/moveit_planners/stomp -DCMAKE_BUILD_TYPE=Release -DCMAKE_INSTALL_PREFIX=/home/tamar/ws_moveit/install/moveit_planners_stomp
[1.436s] Invoking command in '/home/tamar/ws_moveit/build/moveit_planners_stomp': AMENT_PREFIX_PATH=/home/tamar/ws_moveit/install/moveit_core:/home/tamar/ws_moveit/install/moveit_resources_pr2_description:/home/tamar/ws_moveit/install/moveit_msgs:/home/tamar/ws_moveit/install/moveit_common:${AMENT_PREFIX_PATH} CMAKE_PREFIX_PATH=/home/tamar/ws_moveit/install/moveit_core:/home/tamar/ws_moveit/install/moveit_resources_pr2_description:/home/tamar/ws_moveit/install/moveit_msgs:/home/tamar/ws_moveit/install/moveit_common:/opt/ros/jazzy/opt/gz_sim_vendor:/opt/ros/jazzy/opt/gz_sensors_vendor:/opt/ros/jazzy/opt/gz_physics_vendor:/opt/ros/jazzy/opt/sdformat_vendor:/opt/ros/jazzy/opt/gz_gui_vendor:/opt/ros/jazzy/opt/gz_transport_vendor:/opt/ros/jazzy/opt/gz_rendering_vendor:/opt/ros/jazzy/opt/gz_plugin_vendor:/opt/ros/jazzy/opt/gz_fuel_tools_vendor:/opt/ros/jazzy/opt/gz_msgs_vendor:/opt/ros/jazzy/opt/gz_common_vendor:/opt/ros/jazzy/opt/gz_math_vendor:/opt/ros/jazzy/opt/gz_utils_vendor:/opt/ros/jazzy/opt/gz_tools_vendor:/opt/ros/jazzy/opt/gz_ogre_next_vendor:/opt/ros/jazzy/opt/gz_dartsim_vendor:/opt/ros/jazzy/opt/gz_cmake_vendor:/opt/ros/jazzy LD_LIBRARY_PATH=/home/tamar/ws_moveit/install/moveit_core/lib:/home/tamar/ws_moveit/install/moveit_msgs/lib:${LD_LIBRARY_PATH} PATH=/home/tamar/ws_moveit/install/moveit_core/bin:${PATH} PYTHONPATH=/home/tamar/ws_moveit/install/moveit_msgs/lib/python3.12/site-packages:${PYTHONPATH} /usr/bin/cmake --build /home/tamar/ws_moveit/build/moveit_planners_stomp -- -j32 -l32
[1.499s] [  7%] [34m[1mRunning `/opt/ros/jazzy/bin/generate_parameter_library_cpp /home/tamar/ws_moveit/build/moveit_planners_stomp/include/moveit_planners_stomp/stomp_moveit_parameters.hpp /home/tamar/ws_moveit/src/moveit2/moveit_planners/stomp/res/stomp_moveit.yaml `[0m
[1.500s] [ 15%] [32mBuilding CXX object gtest/CMakeFiles/gtest.dir/src/gtest-all.cc.o[0m
[1.501s] [ 23%] [32mBuilding CXX object gtest/CMakeFiles/gtest_main.dir/src/gtest_main.cc.o[0m
[2.087s] [ 30%] [34m[1mCreating deprecated header file /home/tamar/ws_moveit/build/moveit_planners_stomp/include/stomp_moveit_parameters.hpp[0m
[2.113s] [ 30%] Built target stomp_moveit_parameters
[2.138s] [ 38%] [32mBuilding CXX object CMakeFiles/stomp_moveit_plugin.dir/src/stomp_moveit_planner_plugin.cpp.o[0m
[2.139s] [ 46%] [32mBuilding CXX object CMakeFiles/stomp_moveit_plugin.dir/src/stomp_moveit_planning_context.cpp.o[0m
[2.260s] [ 53%] [32m[1mLinking CXX static library libgtest_main.a[0m
[2.319s] [ 53%] Built target gtest_main
[6.428s] [ 61%] [32m[1mLinking CXX static library libgtest.a[0m
[6.481s] [ 61%] Built target gtest
[6.499s] [ 69%] [32mBuilding CXX object test/CMakeFiles/test_cost_functions.dir/test_cost_functions.cpp.o[0m
[6.499s] [ 76%] [32mBuilding CXX object test/CMakeFiles/test_noise_generator.dir/test_noise_generator.cpp.o[0m
[10.028s] [ 84%] [32m[1mLinking CXX executable test_noise_generator[0m
[10.123s] [ 84%] Built target test_noise_generator
[10.416s] [ 92%] [32m[1mLinking CXX shared library libstomp_moveit_plugin.so[0m
[10.520s] [ 92%] Built target stomp_moveit_plugin
[11.024s] [100%] [32m[1mLinking CXX executable test_cost_functions[0m
[11.159s] [100%] Built target test_cost_functions
[11.169s] Invoked command in '/home/tamar/ws_moveit/build/moveit_planners_stomp' returned '0': AMENT_PREFIX_PATH=/home/tamar/ws_moveit/install/moveit_core:/home/tamar/ws_moveit/install/moveit_resources_pr2_description:/home/tamar/ws_moveit/install/moveit_msgs:/home/tamar/ws_moveit/install/moveit_common:${AMENT_PREFIX_PATH} CMAKE_PREFIX_PATH=/home/tamar/ws_moveit/install/moveit_core:/home/tamar/ws_moveit/install/moveit_resources_pr2_description:/home/tamar/ws_moveit/install/moveit_msgs:/home/tamar/ws_moveit/install/moveit_common:/opt/ros/jazzy/opt/gz_sim_vendor:/opt/ros/jazzy/opt/gz_sensors_vendor:/opt/ros/jazzy/opt/gz_physics_vendor:/opt/ros/jazzy/opt/sdformat_vendor:/opt/ros/jazzy/opt/gz_gui_vendor:/opt/ros/jazzy/opt/gz_transport_vendor:/opt/ros/jazzy/opt/gz_rendering_vendor:/opt/ros/jazzy/opt/gz_plugin_vendor:/opt/ros/jazzy/opt/gz_fuel_tools_vendor:/opt/ros/jazzy/opt/gz_msgs_vendor:/opt/ros/jazzy/opt/gz_common_vendor:/opt/ros/jazzy/opt/gz_math_vendor:/opt/ros/jazzy/opt/gz_utils_vendor:/opt/ros/jazzy/opt/gz_tools_vendor:/opt/ros/jazzy/opt/gz_ogre_next_vendor:/opt/ros/jazzy/opt/gz_dartsim_vendor:/opt/ros/jazzy/opt/gz_cmake_vendor:/opt/ros/jazzy LD_LIBRARY_PATH=/home/tamar/ws_moveit/install/moveit_core/lib:/home/tamar/ws_moveit/install/moveit_msgs/lib:${LD_LIBRARY_PATH} PATH=/home/tamar/ws_moveit/install/moveit_core/bin:${PATH} PYTHONPATH=/home/tamar/ws_moveit/install/moveit_msgs/lib/python3.12/site-packages:${PYTHONPATH} /usr/bin/cmake --build /home/tamar/ws_moveit/build/moveit_planners_stomp -- -j32 -l32
[11.169s] Invoking command in '/home/tamar/ws_moveit/build/moveit_planners_stomp': AMENT_PREFIX_PATH=/home/tamar/ws_moveit/install/moveit_core:/home/tamar/ws_moveit/install/moveit_resources_pr2_description:/home/tamar/ws_moveit/install/moveit_msgs:/home/tamar/ws_moveit/install/moveit_common:${AMENT_PREFIX_PATH} CMAKE_PREFIX_PATH=/home/tamar/ws_moveit/install/moveit_core:/home/tamar/ws_moveit/install/moveit_resources_pr2_description:/home/tamar/ws_moveit/install/moveit_msgs:/home/tamar/ws_moveit/install/moveit_common:/opt/ros/jazzy/opt/gz_sim_vendor:/opt/ros/jazzy/opt/gz_sensors_vendor:/opt/ros/jazzy/opt/gz_physics_vendor:/opt/ros/jazzy/opt/sdformat_vendor:/opt/ros/jazzy/opt/gz_gui_vendor:/opt/ros/jazzy/opt/gz_transport_vendor:/opt/ros/jazzy/opt/gz_rendering_vendor:/opt/ros/jazzy/opt/gz_plugin_vendor:/opt/ros/jazzy/opt/gz_fuel_tools_vendor:/opt/ros/jazzy/opt/gz_msgs_vendor:/opt/ros/jazzy/opt/gz_common_vendor:/opt/ros/jazzy/opt/gz_math_vendor:/opt/ros/jazzy/opt/gz_utils_vendor:/opt/ros/jazzy/opt/gz_tools_vendor:/opt/ros/jazzy/opt/gz_ogre_next_vendor:/opt/ros/jazzy/opt/gz_dartsim_vendor:/opt/ros/jazzy/opt/gz_cmake_vendor:/opt/ros/jazzy LD_LIBRARY_PATH=/home/tamar/ws_moveit/install/moveit_core/lib:/home/tamar/ws_moveit/install/moveit_msgs/lib:${LD_LIBRARY_PATH} PATH=/home/tamar/ws_moveit/install/moveit_core/bin:${PATH} PYTHONPATH=/home/tamar/ws_moveit/install/moveit_msgs/lib/python3.12/site-packages:${PYTHONPATH} /usr/bin/cmake --install /home/tamar/ws_moveit/build/moveit_planners_stomp
[11.176s] -- Install configuration: "Release"
[11.176s] -- Installing: /home/tamar/ws_moveit/install/moveit_planners_stomp/include/moveit_planners_stomp
[11.176s] -- Installing: /home/tamar/ws_moveit/install/moveit_planners_stomp/include/moveit_planners_stomp/stomp_moveit_parameters.hpp
[11.176s] -- Installing: /home/tamar/ws_moveit/install/moveit_planners_stomp/share/moveit_planners_stomp/stomp_moveit_plugin_description.xml
[11.176s] -- Installing: /home/tamar/ws_moveit/install/moveit_planners_stomp/lib/libstomp_moveit_plugin.so
[11.177s] -- Set non-toolchain portion of runtime path of "/home/tamar/ws_moveit/install/moveit_planners_stomp/lib/libstomp_moveit_plugin.so" to ""
[11.177s] -- Installing: /home/tamar/ws_moveit/install/moveit_planners_stomp/share/moveit_planners_stomp/environment/library_path.sh
[11.177s] -- Installing: /home/tamar/ws_moveit/install/moveit_planners_stomp/share/moveit_planners_stomp/environment/library_path.dsv
[11.178s] -- Installing: /home/tamar/ws_moveit/install/moveit_planners_stomp/share/ament_index/resource_index/package_run_dependencies/moveit_planners_stomp
[11.178s] -- Installing: /home/tamar/ws_moveit/install/moveit_planners_stomp/share/ament_index/resource_index/parent_prefix_path/moveit_planners_stomp
[11.178s] -- Installing: /home/tamar/ws_moveit/install/moveit_planners_stomp/share/moveit_planners_stomp/environment/ament_prefix_path.sh
[11.178s] -- Installing: /home/tamar/ws_moveit/install/moveit_planners_stomp/share/moveit_planners_stomp/environment/ament_prefix_path.dsv
[11.178s] -- Installing: /home/tamar/ws_moveit/install/moveit_planners_stomp/share/moveit_planners_stomp/environment/path.sh
[11.178s] -- Installing: /home/tamar/ws_moveit/install/moveit_planners_stomp/share/moveit_planners_stomp/environment/path.dsv
[11.178s] -- Installing: /home/tamar/ws_moveit/install/moveit_planners_stomp/share/moveit_planners_stomp/local_setup.bash
[11.178s] -- Installing: /home/tamar/ws_moveit/install/moveit_planners_stomp/share/moveit_planners_stomp/local_setup.sh
[11.179s] -- Installing: /home/tamar/ws_moveit/install/moveit_planners_stomp/share/moveit_planners_stomp/local_setup.zsh
[11.179s] -- Installing: /home/tamar/ws_moveit/install/moveit_planners_stomp/share/moveit_planners_stomp/local_setup.dsv
[11.179s] -- Installing: /home/tamar/ws_moveit/install/moveit_planners_stomp/share/moveit_planners_stomp/package.dsv
[11.179s] -- Installing: /home/tamar/ws_moveit/install/moveit_planners_stomp/share/ament_index/resource_index/packages/moveit_planners_stomp
[11.179s] -- Installing: /home/tamar/ws_moveit/install/moveit_planners_stomp/share/ament_index/resource_index/moveit_core__pluginlib__plugin/moveit_planners_stomp
[11.179s] -- Installing: /home/tamar/ws_moveit/install/moveit_planners_stomp/share/moveit_planners_stomp/cmake/moveit_planners_stompTargetsExport.cmake
[11.179s] -- Installing: /home/tamar/ws_moveit/install/moveit_planners_stomp/share/moveit_planners_stomp/cmake/moveit_planners_stompTargetsExport-release.cmake
[11.180s] -- Installing: /home/tamar/ws_moveit/install/moveit_planners_stomp/share/moveit_planners_stomp/cmake/ament_cmake_export_dependencies-extras.cmake
[11.180s] -- Installing: /home/tamar/ws_moveit/install/moveit_planners_stomp/share/moveit_planners_stomp/cmake/ament_cmake_export_targets-extras.cmake
[11.180s] -- Installing: /home/tamar/ws_moveit/install/moveit_planners_stomp/share/moveit_planners_stomp/cmake/moveit_planners_stompConfig.cmake
[11.180s] -- Installing: /home/tamar/ws_moveit/install/moveit_planners_stomp/share/moveit_planners_stomp/cmake/moveit_planners_stompConfig-version.cmake
[11.180s] -- Installing: /home/tamar/ws_moveit/install/moveit_planners_stomp/share/moveit_planners_stomp/package.xml
[11.182s] Invoked command in '/home/tamar/ws_moveit/build/moveit_planners_stomp' returned '0': AMENT_PREFIX_PATH=/home/tamar/ws_moveit/install/moveit_core:/home/tamar/ws_moveit/install/moveit_resources_pr2_description:/home/tamar/ws_moveit/install/moveit_msgs:/home/tamar/ws_moveit/install/moveit_common:${AMENT_PREFIX_PATH} CMAKE_PREFIX_PATH=/home/tamar/ws_moveit/install/moveit_core:/home/tamar/ws_moveit/install/moveit_resources_pr2_description:/home/tamar/ws_moveit/install/moveit_msgs:/home/tamar/ws_moveit/install/moveit_common:/opt/ros/jazzy/opt/gz_sim_vendor:/opt/ros/jazzy/opt/gz_sensors_vendor:/opt/ros/jazzy/opt/gz_physics_vendor:/opt/ros/jazzy/opt/sdformat_vendor:/opt/ros/jazzy/opt/gz_gui_vendor:/opt/ros/jazzy/opt/gz_transport_vendor:/opt/ros/jazzy/opt/gz_rendering_vendor:/opt/ros/jazzy/opt/gz_plugin_vendor:/opt/ros/jazzy/opt/gz_fuel_tools_vendor:/opt/ros/jazzy/opt/gz_msgs_vendor:/opt/ros/jazzy/opt/gz_common_vendor:/opt/ros/jazzy/opt/gz_math_vendor:/opt/ros/jazzy/opt/gz_utils_vendor:/opt/ros/jazzy/opt/gz_tools_vendor:/opt/ros/jazzy/opt/gz_ogre_next_vendor:/opt/ros/jazzy/opt/gz_dartsim_vendor:/opt/ros/jazzy/opt/gz_cmake_vendor:/opt/ros/jazzy LD_LIBRARY_PATH=/home/tamar/ws_moveit/install/moveit_core/lib:/home/tamar/ws_moveit/install/moveit_msgs/lib:${LD_LIBRARY_PATH} PATH=/home/tamar/ws_moveit/install/moveit_core/bin:${PATH} PYTHONPATH=/home/tamar/ws_moveit/install/moveit_msgs/lib/python3.12/site-packages:${PYTHONPATH} /usr/bin/cmake --install /home/tamar/ws_moveit/build/moveit_planners_stomp
