[0.016s] Invoking command in '/home/tamar/ws_moveit/build/moveit_kinematics': AMENT_PREFIX_PATH=/home/tamar/ws_moveit/install/moveit_ros_planning:/home/tamar/ws_moveit/install/moveit_ros_occupancy_map_monitor:/home/tamar/ws_moveit/install/moveit_resources_fanuc_moveit_config:/home/tamar/ws_moveit/install/moveit_core:/home/tamar/ws_moveit/install/moveit_resources_pr2_description:/home/tamar/ws_moveit/install/moveit_resources_panda_description:/home/tamar/ws_moveit/install/moveit_resources_fanuc_description:/home/tamar/ws_moveit/install/moveit_msgs:/home/tamar/ws_moveit/install/moveit_configs_utils:/home/tamar/ws_moveit/install/moveit_common:${AMENT_PREFIX_PATH} CMAKE_PREFIX_PATH=/home/tamar/ws_moveit/install/moveit_ros_planning:/home/tamar/ws_moveit/install/moveit_ros_occupancy_map_monitor:/home/tamar/ws_moveit/install/moveit_resources_fanuc_moveit_config:/home/tamar/ws_moveit/install/moveit_core:/home/tamar/ws_moveit/install/moveit_resources_pr2_description:/home/tamar/ws_moveit/install/moveit_resources_panda_description:/home/tamar/ws_moveit/install/moveit_resources_fanuc_description:/home/tamar/ws_moveit/install/moveit_msgs:/home/tamar/ws_moveit/install/moveit_common:/opt/ros/jazzy/opt/gz_sim_vendor:/opt/ros/jazzy/opt/gz_sensors_vendor:/opt/ros/jazzy/opt/gz_physics_vendor:/opt/ros/jazzy/opt/sdformat_vendor:/opt/ros/jazzy/opt/gz_gui_vendor:/opt/ros/jazzy/opt/gz_transport_vendor:/opt/ros/jazzy/opt/gz_rendering_vendor:/opt/ros/jazzy/opt/gz_plugin_vendor:/opt/ros/jazzy/opt/gz_fuel_tools_vendor:/opt/ros/jazzy/opt/gz_msgs_vendor:/opt/ros/jazzy/opt/gz_common_vendor:/opt/ros/jazzy/opt/gz_math_vendor:/opt/ros/jazzy/opt/gz_utils_vendor:/opt/ros/jazzy/opt/gz_tools_vendor:/opt/ros/jazzy/opt/gz_ogre_next_vendor:/opt/ros/jazzy/opt/gz_dartsim_vendor:/opt/ros/jazzy/opt/gz_cmake_vendor:/opt/ros/jazzy LD_LIBRARY_PATH=/home/tamar/ws_moveit/install/moveit_ros_planning/lib:/home/tamar/ws_moveit/install/moveit_ros_occupancy_map_monitor/lib:/home/tamar/ws_moveit/install/moveit_core/lib:/home/tamar/ws_moveit/install/moveit_msgs/lib:${LD_LIBRARY_PATH} PATH=/home/tamar/ws_moveit/install/moveit_core/bin:${PATH} PYTHONPATH=/home/tamar/ws_moveit/install/moveit_msgs/lib/python3.12/site-packages:/home/tamar/ws_moveit/install/moveit_configs_utils/lib/python3.12/site-packages:${PYTHONPATH} /usr/bin/cmake /home/tamar/ws_moveit/src/moveit2/moveit_kinematics -DCMAKE_BUILD_TYPE=Release -DCMAKE_INSTALL_PREFIX=/home/tamar/ws_moveit/install/moveit_kinematics
[0.063s] -- The CXX compiler identification is GNU 13.3.0
[0.074s] -- Detecting CXX compiler ABI info
[0.146s] -- Detecting CXX compiler ABI info - done
[0.154s] -- Check for working CXX compiler: /usr/bin/c++ - skipped
[0.154s] -- Detecting CXX compile features
[0.154s] -- Detecting CXX compile features - done
[0.155s] -- Found moveit_common: 2.12.3 (/home/tamar/ws_moveit/install/moveit_common/share/moveit_common/cmake)
[0.160s] -- Found ament_cmake: 2.5.4 (/opt/ros/jazzy/share/ament_cmake/cmake)
[0.276s] -- Found Python3: /usr/bin/python3 (found version "3.12.3") found components: Interpreter 
[0.456s] -- Found class_loader: 2.7.0 (/opt/ros/jazzy/share/class_loader/cmake)
[0.484s] -- Found generate_parameter_library: 0.5.0 (/opt/ros/jazzy/share/generate_parameter_library/cmake)
[0.493s] -- Found parameter_traits: 0.5.0 (/opt/ros/jazzy/share/parameter_traits/cmake)
[0.536s] -- Found rosidl_generator_c: 4.6.6 (/opt/ros/jazzy/share/rosidl_generator_c/cmake)
[0.552s] -- Found rosidl_generator_cpp: 4.6.6 (/opt/ros/jazzy/share/rosidl_generator_cpp/cmake)
[0.571s] -- Using all available rosidl_typesupport_c: rosidl_typesupport_fastrtps_c;rosidl_typesupport_introspection_c
[0.585s] -- Using all available rosidl_typesupport_cpp: rosidl_typesupport_fastrtps_cpp;rosidl_typesupport_introspection_cpp
[0.657s] -- Found rmw_implementation_cmake: 7.3.2 (/opt/ros/jazzy/share/rmw_implementation_cmake/cmake)
[0.662s] -- Found rmw_cyclonedds_cpp: 2.2.3 (/opt/ros/jazzy/share/rmw_cyclonedds_cpp/cmake)
[0.694s] -- Using RMW implementation 'rmw_cyclonedds_cpp' as default
[0.771s] -- Found rclcpp_lifecycle: 28.1.12 (/opt/ros/jazzy/share/rclcpp_lifecycle/cmake)
[0.800s] -- Found kdl_parser: 2.11.0 (/opt/ros/jazzy/share/kdl_parser/cmake)
[0.813s] -- Found eigen3_cmake_module: 0.3.0 (/opt/ros/jazzy/share/eigen3_cmake_module/cmake)
[0.814s] -- Found Eigen3: TRUE (found version "3.4.0") 
[0.814s] -- Ensuring Eigen3 include directory is part of orocos-kdl CMake target
[0.818s] -- Found moveit_core: 2.12.3 (/home/tamar/ws_moveit/install/moveit_core/share/moveit_core/cmake)
[0.953s] -- Found Boost: /usr/lib/x86_64-linux-gnu/cmake/Boost-1.83.0/BoostConfig.cmake (found version "1.83.0") found components: chrono date_time filesystem iostreams program_options regex serialization system thread 
[1.011s] -- Found Boost: /usr/lib/x86_64-linux-gnu/cmake/Boost-1.83.0/BoostConfig.cmake (found version "1.83.0") found components: filesystem 
[1.237s] -- Found TinyXML2 via Config file: /usr/lib/x86_64-linux-gnu/cmake/tinyxml2
[1.363s] -- Found moveit_ros_planning: 2.12.3 (/home/tamar/ws_moveit/install/moveit_ros_planning/share/moveit_ros_planning/cmake)
[1.365s] -- Found Boost: /usr/lib/x86_64-linux-gnu/cmake/Boost-1.83.0/BoostConfig.cmake (found version "1.83.0") found components: system filesystem date_time program_options thread chrono 
[1.391s] -- Found Boost: /usr/lib/x86_64-linux-gnu/cmake/Boost-1.83.0/BoostConfig.cmake (found version "1.83.0") found components: program_options system 
[1.431s] -- Found ament_cmake_gtest: 2.5.4 (/opt/ros/jazzy/share/ament_cmake_gtest/cmake)
[1.436s] -- Found ros_testing: 0.6.0 (/opt/ros/jazzy/share/ros_testing/cmake)
[1.440s] -- Found launch_testing_ament_cmake: 3.4.7 (/opt/ros/jazzy/share/launch_testing_ament_cmake/cmake)
[1.444s] -- Found python_cmake_module: 0.11.1 (/opt/ros/jazzy/share/python_cmake_module/cmake)
[1.534s] -- Found PythonExtra: /usr/bin/python3  
[1.535s] -- Found moveit_resources_fanuc_description: 3.1.1 (/home/tamar/ws_moveit/install/moveit_resources_fanuc_description/share/moveit_resources_fanuc_description/cmake)
[1.535s] -- Found moveit_resources_fanuc_moveit_config: 3.1.1 (/home/tamar/ws_moveit/install/moveit_resources_fanuc_moveit_config/share/moveit_resources_fanuc_moveit_config/cmake)
[1.536s] -- Found moveit_resources_panda_description: 3.1.1 (/home/tamar/ws_moveit/install/moveit_resources_panda_description/share/moveit_resources_panda_description/cmake)
[1.541s] -- Found moveit_resources_panda_moveit_config: 3.1.0 (/opt/ros/jazzy/share/moveit_resources_panda_moveit_config/cmake)
[1.545s] -- Found gtest sources under '/opt/ros/jazzy/src/gtest_vendor': C++ tests using 'Google Test' will be built
[1.572s] -- The C compiler identification is GNU 13.3.0
[1.581s] -- Detecting C compiler ABI info
[1.656s] -- Detecting C compiler ABI info - done
[1.665s] -- Check for working C compiler: /usr/bin/cc - skipped
[1.665s] -- Detecting C compile features
[1.666s] -- Detecting C compile features - done
[1.668s] -- Found Threads: TRUE  
[1.676s] -- Configuring done (1.7s)
[1.729s] -- Generating done (0.0s)
[1.741s] -- Build files have been written to: /home/tamar/ws_moveit/build/moveit_kinematics
[1.750s] Invoked command in '/home/tamar/ws_moveit/build/moveit_kinematics' returned '0': AMENT_PREFIX_PATH=/home/tamar/ws_moveit/install/moveit_ros_planning:/home/tamar/ws_moveit/install/moveit_ros_occupancy_map_monitor:/home/tamar/ws_moveit/install/moveit_resources_fanuc_moveit_config:/home/tamar/ws_moveit/install/moveit_core:/home/tamar/ws_moveit/install/moveit_resources_pr2_description:/home/tamar/ws_moveit/install/moveit_resources_panda_description:/home/tamar/ws_moveit/install/moveit_resources_fanuc_description:/home/tamar/ws_moveit/install/moveit_msgs:/home/tamar/ws_moveit/install/moveit_configs_utils:/home/tamar/ws_moveit/install/moveit_common:${AMENT_PREFIX_PATH} CMAKE_PREFIX_PATH=/home/tamar/ws_moveit/install/moveit_ros_planning:/home/tamar/ws_moveit/install/moveit_ros_occupancy_map_monitor:/home/tamar/ws_moveit/install/moveit_resources_fanuc_moveit_config:/home/tamar/ws_moveit/install/moveit_core:/home/tamar/ws_moveit/install/moveit_resources_pr2_description:/home/tamar/ws_moveit/install/moveit_resources_panda_description:/home/tamar/ws_moveit/install/moveit_resources_fanuc_description:/home/tamar/ws_moveit/install/moveit_msgs:/home/tamar/ws_moveit/install/moveit_common:/opt/ros/jazzy/opt/gz_sim_vendor:/opt/ros/jazzy/opt/gz_sensors_vendor:/opt/ros/jazzy/opt/gz_physics_vendor:/opt/ros/jazzy/opt/sdformat_vendor:/opt/ros/jazzy/opt/gz_gui_vendor:/opt/ros/jazzy/opt/gz_transport_vendor:/opt/ros/jazzy/opt/gz_rendering_vendor:/opt/ros/jazzy/opt/gz_plugin_vendor:/opt/ros/jazzy/opt/gz_fuel_tools_vendor:/opt/ros/jazzy/opt/gz_msgs_vendor:/opt/ros/jazzy/opt/gz_common_vendor:/opt/ros/jazzy/opt/gz_math_vendor:/opt/ros/jazzy/opt/gz_utils_vendor:/opt/ros/jazzy/opt/gz_tools_vendor:/opt/ros/jazzy/opt/gz_ogre_next_vendor:/opt/ros/jazzy/opt/gz_dartsim_vendor:/opt/ros/jazzy/opt/gz_cmake_vendor:/opt/ros/jazzy LD_LIBRARY_PATH=/home/tamar/ws_moveit/install/moveit_ros_planning/lib:/home/tamar/ws_moveit/install/moveit_ros_occupancy_map_monitor/lib:/home/tamar/ws_moveit/install/moveit_core/lib:/home/tamar/ws_moveit/install/moveit_msgs/lib:${LD_LIBRARY_PATH} PATH=/home/tamar/ws_moveit/install/moveit_core/bin:${PATH} PYTHONPATH=/home/tamar/ws_moveit/install/moveit_msgs/lib/python3.12/site-packages:/home/tamar/ws_moveit/install/moveit_configs_utils/lib/python3.12/site-packages:${PYTHONPATH} /usr/bin/cmake /home/tamar/ws_moveit/src/moveit2/moveit_kinematics -DCMAKE_BUILD_TYPE=Release -DCMAKE_INSTALL_PREFIX=/home/tamar/ws_moveit/install/moveit_kinematics
[1.750s] Invoking command in '/home/tamar/ws_moveit/build/moveit_kinematics': AMENT_PREFIX_PATH=/home/tamar/ws_moveit/install/moveit_ros_planning:/home/tamar/ws_moveit/install/moveit_ros_occupancy_map_monitor:/home/tamar/ws_moveit/install/moveit_resources_fanuc_moveit_config:/home/tamar/ws_moveit/install/moveit_core:/home/tamar/ws_moveit/install/moveit_resources_pr2_description:/home/tamar/ws_moveit/install/moveit_resources_panda_description:/home/tamar/ws_moveit/install/moveit_resources_fanuc_description:/home/tamar/ws_moveit/install/moveit_msgs:/home/tamar/ws_moveit/install/moveit_configs_utils:/home/tamar/ws_moveit/install/moveit_common:${AMENT_PREFIX_PATH} CMAKE_PREFIX_PATH=/home/tamar/ws_moveit/install/moveit_ros_planning:/home/tamar/ws_moveit/install/moveit_ros_occupancy_map_monitor:/home/tamar/ws_moveit/install/moveit_resources_fanuc_moveit_config:/home/tamar/ws_moveit/install/moveit_core:/home/tamar/ws_moveit/install/moveit_resources_pr2_description:/home/tamar/ws_moveit/install/moveit_resources_panda_description:/home/tamar/ws_moveit/install/moveit_resources_fanuc_description:/home/tamar/ws_moveit/install/moveit_msgs:/home/tamar/ws_moveit/install/moveit_common:/opt/ros/jazzy/opt/gz_sim_vendor:/opt/ros/jazzy/opt/gz_sensors_vendor:/opt/ros/jazzy/opt/gz_physics_vendor:/opt/ros/jazzy/opt/sdformat_vendor:/opt/ros/jazzy/opt/gz_gui_vendor:/opt/ros/jazzy/opt/gz_transport_vendor:/opt/ros/jazzy/opt/gz_rendering_vendor:/opt/ros/jazzy/opt/gz_plugin_vendor:/opt/ros/jazzy/opt/gz_fuel_tools_vendor:/opt/ros/jazzy/opt/gz_msgs_vendor:/opt/ros/jazzy/opt/gz_common_vendor:/opt/ros/jazzy/opt/gz_math_vendor:/opt/ros/jazzy/opt/gz_utils_vendor:/opt/ros/jazzy/opt/gz_tools_vendor:/opt/ros/jazzy/opt/gz_ogre_next_vendor:/opt/ros/jazzy/opt/gz_dartsim_vendor:/opt/ros/jazzy/opt/gz_cmake_vendor:/opt/ros/jazzy LD_LIBRARY_PATH=/home/tamar/ws_moveit/install/moveit_ros_planning/lib:/home/tamar/ws_moveit/install/moveit_ros_occupancy_map_monitor/lib:/home/tamar/ws_moveit/install/moveit_core/lib:/home/tamar/ws_moveit/install/moveit_msgs/lib:${LD_LIBRARY_PATH} PATH=/home/tamar/ws_moveit/install/moveit_core/bin:${PATH} PYTHONPATH=/home/tamar/ws_moveit/install/moveit_msgs/lib/python3.12/site-packages:/home/tamar/ws_moveit/install/moveit_configs_utils/lib/python3.12/site-packages:${PYTHONPATH} /usr/bin/cmake --build /home/tamar/ws_moveit/build/moveit_kinematics -- -j32 -l32
[1.801s] [  4%] [32mBuilding CXX object gtest/CMakeFiles/gtest.dir/src/gtest-all.cc.o[0m
[1.803s] [  8%] [34m[1mRunning `/opt/ros/jazzy/bin/generate_parameter_library_cpp /home/tamar/ws_moveit/build/moveit_kinematics/srv_kinematics_plugin/include/moveit_kinematics/srv_kinematics_parameters.hpp /home/tamar/ws_moveit/src/moveit2/moveit_kinematics/srv_kinematics_plugin/src/srv_kinematics_parameters.yaml `[0m
[1.807s] [ 13%] [32mBuilding CXX object gtest/CMakeFiles/gtest_main.dir/src/gtest_main.cc.o[0m
[1.809s] [ 17%] [34m[1mRunning `/opt/ros/jazzy/bin/generate_parameter_library_cpp /home/tamar/ws_moveit/build/moveit_kinematics/kdl_kinematics_plugin/include/moveit_kinematics/kdl_kinematics_parameters.hpp /home/tamar/ws_moveit/src/moveit2/moveit_kinematics/kdl_kinematics_plugin/src/kdl_kinematics_parameters.yaml `[0m
[1.813s] [ 21%] [34m[1mRunning `/opt/ros/jazzy/bin/generate_parameter_library_cpp /home/tamar/ws_moveit/build/moveit_kinematics/cached_ik_kinematics_plugin/include/moveit_kinematics/cached_ik_kinematics_parameters.hpp /home/tamar/ws_moveit/src/moveit2/moveit_kinematics/cached_ik_kinematics_plugin/include/moveit/cached_ik_kinematics_plugin/cached_ik_kinematics_parameters.yaml `[0m
[1.821s] [ 26%] [32mBuilding CXX object test/CMakeFiles/benchmark_ik.dir/benchmark_ik.cpp.o[0m
[2.395s] [ 30%] [34m[1mCreating deprecated header file /home/tamar/ws_moveit/build/moveit_kinematics/cached_ik_kinematics_plugin/include/cached_ik_kinematics_parameters.hpp[0m
[2.510s] [ 34%] [34m[1mCreating deprecated header file /home/tamar/ws_moveit/build/moveit_kinematics/srv_kinematics_plugin/include/srv_kinematics_parameters.hpp[0m
[2.518s] [ 34%] Built target cached_ik_kinematics_parameters
[2.568s] [ 34%] Built target srv_kinematics_parameters
[2.573s] [ 39%] [34m[1mCreating deprecated header file /home/tamar/ws_moveit/build/moveit_kinematics/kdl_kinematics_plugin/include/kdl_kinematics_parameters.hpp[0m
[2.642s] [ 43%] [32m[1mLinking CXX static library libgtest_main.a[0m
[2.666s] [ 43%] Built target kdl_kinematics_parameters
[2.685s] [ 47%] [32mBuilding CXX object srv_kinematics_plugin/CMakeFiles/moveit_srv_kinematics_plugin.dir/src/srv_kinematics_plugin.cpp.o[0m
[2.743s] [ 52%] [32mBuilding CXX object kdl_kinematics_plugin/CMakeFiles/moveit_kdl_kinematics_plugin.dir/src/chainiksolver_vel_mimic_svd.cpp.o[0m
[2.744s] [ 56%] [32mBuilding CXX object kdl_kinematics_plugin/CMakeFiles/moveit_kdl_kinematics_plugin.dir/src/kdl_kinematics_plugin.cpp.o[0m
[2.774s] [ 60%] [32mBuilding CXX object cached_ik_kinematics_plugin/CMakeFiles/moveit_cached_ik_kinematics_base.dir/src/ik_cache.cpp.o[0m
[2.833s] [ 60%] Built target gtest_main
[12.155s] [ 65%] [32m[1mLinking CXX static library libgtest.a[0m
[12.265s] [ 65%] Built target gtest
[13.104s] [ 69%] [32m[1mLinking CXX shared library libmoveit_srv_kinematics_plugin.so[0m
[13.229s] [ 69%] Built target moveit_srv_kinematics_plugin
[14.323s] [ 73%] [32m[1mLinking CXX shared library libmoveit_cached_ik_kinematics_base.so[0m
[14.379s] [ 78%] [32m[1mLinking CXX shared library libmoveit_kdl_kinematics_plugin.so[0m
[14.456s] [ 78%] Built target moveit_cached_ik_kinematics_base
[14.548s] [ 78%] Built target moveit_kdl_kinematics_plugin
[14.572s] [ 86%] [32mBuilding CXX object cached_ik_kinematics_plugin/CMakeFiles/moveit_cached_ik_kinematics_plugin.dir/src/cached_ik_kinematics_plugin.cpp.o[0m
[14.572s] [ 86%] [32mBuilding CXX object test/CMakeFiles/test_kinematics_plugin.dir/test_kinematics_plugin.cpp.o[0m
[14.911s] [ 91%] [32m[1mLinking CXX executable benchmark_ik[0m
[15.170s] [ 91%] Built target benchmark_ik
[19.484s] [ 95%] [32m[1mLinking CXX shared library libmoveit_cached_ik_kinematics_plugin.so[0m
[19.651s] [ 95%] Built target moveit_cached_ik_kinematics_plugin
[25.408s] [100%] [32m[1mLinking CXX executable test_kinematics_plugin[0m
[25.754s] [100%] Built target test_kinematics_plugin
[25.765s] Invoked command in '/home/tamar/ws_moveit/build/moveit_kinematics' returned '0': AMENT_PREFIX_PATH=/home/tamar/ws_moveit/install/moveit_ros_planning:/home/tamar/ws_moveit/install/moveit_ros_occupancy_map_monitor:/home/tamar/ws_moveit/install/moveit_resources_fanuc_moveit_config:/home/tamar/ws_moveit/install/moveit_core:/home/tamar/ws_moveit/install/moveit_resources_pr2_description:/home/tamar/ws_moveit/install/moveit_resources_panda_description:/home/tamar/ws_moveit/install/moveit_resources_fanuc_description:/home/tamar/ws_moveit/install/moveit_msgs:/home/tamar/ws_moveit/install/moveit_configs_utils:/home/tamar/ws_moveit/install/moveit_common:${AMENT_PREFIX_PATH} CMAKE_PREFIX_PATH=/home/tamar/ws_moveit/install/moveit_ros_planning:/home/tamar/ws_moveit/install/moveit_ros_occupancy_map_monitor:/home/tamar/ws_moveit/install/moveit_resources_fanuc_moveit_config:/home/tamar/ws_moveit/install/moveit_core:/home/tamar/ws_moveit/install/moveit_resources_pr2_description:/home/tamar/ws_moveit/install/moveit_resources_panda_description:/home/tamar/ws_moveit/install/moveit_resources_fanuc_description:/home/tamar/ws_moveit/install/moveit_msgs:/home/tamar/ws_moveit/install/moveit_common:/opt/ros/jazzy/opt/gz_sim_vendor:/opt/ros/jazzy/opt/gz_sensors_vendor:/opt/ros/jazzy/opt/gz_physics_vendor:/opt/ros/jazzy/opt/sdformat_vendor:/opt/ros/jazzy/opt/gz_gui_vendor:/opt/ros/jazzy/opt/gz_transport_vendor:/opt/ros/jazzy/opt/gz_rendering_vendor:/opt/ros/jazzy/opt/gz_plugin_vendor:/opt/ros/jazzy/opt/gz_fuel_tools_vendor:/opt/ros/jazzy/opt/gz_msgs_vendor:/opt/ros/jazzy/opt/gz_common_vendor:/opt/ros/jazzy/opt/gz_math_vendor:/opt/ros/jazzy/opt/gz_utils_vendor:/opt/ros/jazzy/opt/gz_tools_vendor:/opt/ros/jazzy/opt/gz_ogre_next_vendor:/opt/ros/jazzy/opt/gz_dartsim_vendor:/opt/ros/jazzy/opt/gz_cmake_vendor:/opt/ros/jazzy LD_LIBRARY_PATH=/home/tamar/ws_moveit/install/moveit_ros_planning/lib:/home/tamar/ws_moveit/install/moveit_ros_occupancy_map_monitor/lib:/home/tamar/ws_moveit/install/moveit_core/lib:/home/tamar/ws_moveit/install/moveit_msgs/lib:${LD_LIBRARY_PATH} PATH=/home/tamar/ws_moveit/install/moveit_core/bin:${PATH} PYTHONPATH=/home/tamar/ws_moveit/install/moveit_msgs/lib/python3.12/site-packages:/home/tamar/ws_moveit/install/moveit_configs_utils/lib/python3.12/site-packages:${PYTHONPATH} /usr/bin/cmake --build /home/tamar/ws_moveit/build/moveit_kinematics -- -j32 -l32
[25.766s] Invoking command in '/home/tamar/ws_moveit/build/moveit_kinematics': AMENT_PREFIX_PATH=/home/tamar/ws_moveit/install/moveit_ros_planning:/home/tamar/ws_moveit/install/moveit_ros_occupancy_map_monitor:/home/tamar/ws_moveit/install/moveit_resources_fanuc_moveit_config:/home/tamar/ws_moveit/install/moveit_core:/home/tamar/ws_moveit/install/moveit_resources_pr2_description:/home/tamar/ws_moveit/install/moveit_resources_panda_description:/home/tamar/ws_moveit/install/moveit_resources_fanuc_description:/home/tamar/ws_moveit/install/moveit_msgs:/home/tamar/ws_moveit/install/moveit_configs_utils:/home/tamar/ws_moveit/install/moveit_common:${AMENT_PREFIX_PATH} CMAKE_PREFIX_PATH=/home/tamar/ws_moveit/install/moveit_ros_planning:/home/tamar/ws_moveit/install/moveit_ros_occupancy_map_monitor:/home/tamar/ws_moveit/install/moveit_resources_fanuc_moveit_config:/home/tamar/ws_moveit/install/moveit_core:/home/tamar/ws_moveit/install/moveit_resources_pr2_description:/home/tamar/ws_moveit/install/moveit_resources_panda_description:/home/tamar/ws_moveit/install/moveit_resources_fanuc_description:/home/tamar/ws_moveit/install/moveit_msgs:/home/tamar/ws_moveit/install/moveit_common:/opt/ros/jazzy/opt/gz_sim_vendor:/opt/ros/jazzy/opt/gz_sensors_vendor:/opt/ros/jazzy/opt/gz_physics_vendor:/opt/ros/jazzy/opt/sdformat_vendor:/opt/ros/jazzy/opt/gz_gui_vendor:/opt/ros/jazzy/opt/gz_transport_vendor:/opt/ros/jazzy/opt/gz_rendering_vendor:/opt/ros/jazzy/opt/gz_plugin_vendor:/opt/ros/jazzy/opt/gz_fuel_tools_vendor:/opt/ros/jazzy/opt/gz_msgs_vendor:/opt/ros/jazzy/opt/gz_common_vendor:/opt/ros/jazzy/opt/gz_math_vendor:/opt/ros/jazzy/opt/gz_utils_vendor:/opt/ros/jazzy/opt/gz_tools_vendor:/opt/ros/jazzy/opt/gz_ogre_next_vendor:/opt/ros/jazzy/opt/gz_dartsim_vendor:/opt/ros/jazzy/opt/gz_cmake_vendor:/opt/ros/jazzy LD_LIBRARY_PATH=/home/tamar/ws_moveit/install/moveit_ros_planning/lib:/home/tamar/ws_moveit/install/moveit_ros_occupancy_map_monitor/lib:/home/tamar/ws_moveit/install/moveit_core/lib:/home/tamar/ws_moveit/install/moveit_msgs/lib:${LD_LIBRARY_PATH} PATH=/home/tamar/ws_moveit/install/moveit_core/bin:${PATH} PYTHONPATH=/home/tamar/ws_moveit/install/moveit_msgs/lib/python3.12/site-packages:/home/tamar/ws_moveit/install/moveit_configs_utils/lib/python3.12/site-packages:${PYTHONPATH} /usr/bin/cmake --install /home/tamar/ws_moveit/build/moveit_kinematics
[25.774s] -- Install configuration: "Release"
[25.774s] -- Installing: /home/tamar/ws_moveit/install/moveit_kinematics/share/moveit_kinematics/kdl_kinematics_plugin_description.xml
[25.774s] -- Installing: /home/tamar/ws_moveit/install/moveit_kinematics/share/moveit_kinematics/srv_kinematics_plugin_description.xml
[25.774s] -- Installing: /home/tamar/ws_moveit/install/moveit_kinematics/share/moveit_kinematics/cached_ik_kinematics_plugin_description.xml
[25.775s] -- Installing: /home/tamar/ws_moveit/install/moveit_kinematics/include/moveit_kinematics
[25.775s] -- Installing: /home/tamar/ws_moveit/install/moveit_kinematics/include/moveit_kinematics/cached_ik_kinematics_parameters.hpp
[25.775s] -- Up-to-date: /home/tamar/ws_moveit/install/moveit_kinematics/include/moveit_kinematics
[25.775s] -- Installing: /home/tamar/ws_moveit/install/moveit_kinematics/include/moveit_kinematics/moveit
[25.775s] -- Installing: /home/tamar/ws_moveit/install/moveit_kinematics/include/moveit_kinematics/moveit/cached_ik_kinematics_plugin
[25.775s] -- Installing: /home/tamar/ws_moveit/install/moveit_kinematics/include/moveit_kinematics/moveit/cached_ik_kinematics_plugin/cached_ik_kinematics_plugin.h
[25.775s] -- Installing: /home/tamar/ws_moveit/install/moveit_kinematics/include/moveit_kinematics/moveit/cached_ik_kinematics_plugin/detail
[25.775s] -- Installing: /home/tamar/ws_moveit/install/moveit_kinematics/include/moveit_kinematics/moveit/cached_ik_kinematics_plugin/detail/NearestNeighborsGNAT.h
[25.775s] -- Installing: /home/tamar/ws_moveit/install/moveit_kinematics/include/moveit_kinematics/moveit/cached_ik_kinematics_plugin/detail/NearestNeighborsGNAT.hpp
[25.775s] -- Installing: /home/tamar/ws_moveit/install/moveit_kinematics/include/moveit_kinematics/moveit/cached_ik_kinematics_plugin/detail/NearestNeighbors.h
[25.776s] -- Installing: /home/tamar/ws_moveit/install/moveit_kinematics/include/moveit_kinematics/moveit/cached_ik_kinematics_plugin/detail/NearestNeighbors.hpp
[25.776s] -- Installing: /home/tamar/ws_moveit/install/moveit_kinematics/include/moveit_kinematics/moveit/cached_ik_kinematics_plugin/detail/GreedyKCenters.h
[25.776s] -- Installing: /home/tamar/ws_moveit/install/moveit_kinematics/include/moveit_kinematics/moveit/cached_ik_kinematics_plugin/detail/GreedyKCenters.hpp
[25.776s] -- Installing: /home/tamar/ws_moveit/install/moveit_kinematics/include/moveit_kinematics/moveit/cached_ik_kinematics_plugin/cached_ik_kinematics_plugin-inl.hpp
[25.776s] -- Installing: /home/tamar/ws_moveit/install/moveit_kinematics/include/moveit_kinematics/moveit/cached_ik_kinematics_plugin/cached_ik_kinematics_plugin.hpp
[25.776s] -- Installing: /home/tamar/ws_moveit/install/moveit_kinematics/include/moveit_kinematics/moveit/cached_ik_kinematics_plugin/cached_ik_kinematics_plugin-inl.h
[25.776s] -- Installing: /home/tamar/ws_moveit/install/moveit_kinematics/include/moveit_kinematics/moveit/cached_ik_kinematics_plugin/cached_ik_kinematics_parameters.yaml
[25.776s] -- Installing: /home/tamar/ws_moveit/install/moveit_kinematics/share/moveit_kinematics/launch
[25.776s] -- Installing: /home/tamar/ws_moveit/install/moveit_kinematics/share/moveit_kinematics/launch/measure_ik_call_cost.launch
[25.777s] -- Installing: /home/tamar/ws_moveit/install/moveit_kinematics/lib/moveit_kinematics/auto_create_ikfast_moveit_plugin.sh
[25.777s] -- Installing: /home/tamar/ws_moveit/install/moveit_kinematics/lib/moveit_kinematics/create_ikfast_moveit_plugin.py
[25.777s] -- Installing: /home/tamar/ws_moveit/install/moveit_kinematics/lib/moveit_kinematics/round_collada_numbers.py
[25.777s] -- Installing: /home/tamar/ws_moveit/install/moveit_kinematics/share/moveit_kinematics/ikfast_kinematics_plugin/templates
[25.777s] -- Installing: /home/tamar/ws_moveit/install/moveit_kinematics/share/moveit_kinematics/ikfast_kinematics_plugin/templates/ikfast61_moveit_plugin_template.cpp
[25.777s] -- Installing: /home/tamar/ws_moveit/install/moveit_kinematics/share/moveit_kinematics/ikfast_kinematics_plugin/templates/CMakeLists.txt
[25.777s] -- Installing: /home/tamar/ws_moveit/install/moveit_kinematics/share/moveit_kinematics/ikfast_kinematics_plugin/templates/ikfast.h
[25.778s] -- Installing: /home/tamar/ws_moveit/install/moveit_kinematics/share/moveit_kinematics/ikfast_kinematics_plugin/templates/ikfast_kinematics_parameters.yaml
[25.778s] -- Up-to-date: /home/tamar/ws_moveit/install/moveit_kinematics/include/moveit_kinematics
[25.778s] -- Installing: /home/tamar/ws_moveit/install/moveit_kinematics/include/moveit_kinematics/kdl_kinematics_parameters.hpp
[25.778s] -- Up-to-date: /home/tamar/ws_moveit/install/moveit_kinematics/include/moveit_kinematics
[25.778s] -- Up-to-date: /home/tamar/ws_moveit/install/moveit_kinematics/include/moveit_kinematics/moveit
[25.778s] -- Installing: /home/tamar/ws_moveit/install/moveit_kinematics/include/moveit_kinematics/moveit/kdl_kinematics_plugin
[25.778s] -- Installing: /home/tamar/ws_moveit/install/moveit_kinematics/include/moveit_kinematics/moveit/kdl_kinematics_plugin/joint_mimic.hpp
[25.778s] -- Installing: /home/tamar/ws_moveit/install/moveit_kinematics/include/moveit_kinematics/moveit/kdl_kinematics_plugin/chainiksolver_vel_mimic_svd.h
[25.778s] -- Installing: /home/tamar/ws_moveit/install/moveit_kinematics/include/moveit_kinematics/moveit/kdl_kinematics_plugin/joint_mimic.h
[25.778s] -- Installing: /home/tamar/ws_moveit/install/moveit_kinematics/include/moveit_kinematics/moveit/kdl_kinematics_plugin/kdl_kinematics_plugin.hpp
[25.779s] -- Installing: /home/tamar/ws_moveit/install/moveit_kinematics/include/moveit_kinematics/moveit/kdl_kinematics_plugin/chainiksolver_vel_mimic_svd.hpp
[25.779s] -- Installing: /home/tamar/ws_moveit/install/moveit_kinematics/include/moveit_kinematics/moveit/kdl_kinematics_plugin/kdl_kinematics_plugin.h
[25.779s] -- Up-to-date: /home/tamar/ws_moveit/install/moveit_kinematics/include/moveit_kinematics
[25.779s] -- Installing: /home/tamar/ws_moveit/install/moveit_kinematics/include/moveit_kinematics/srv_kinematics_parameters.hpp
[25.779s] -- Up-to-date: /home/tamar/ws_moveit/install/moveit_kinematics/include/moveit_kinematics
[25.779s] -- Up-to-date: /home/tamar/ws_moveit/install/moveit_kinematics/include/moveit_kinematics/moveit
[25.779s] -- Installing: /home/tamar/ws_moveit/install/moveit_kinematics/include/moveit_kinematics/moveit/srv_kinematics_plugin
[25.779s] -- Installing: /home/tamar/ws_moveit/install/moveit_kinematics/include/moveit_kinematics/moveit/srv_kinematics_plugin/srv_kinematics_plugin.hpp
[25.779s] -- Installing: /home/tamar/ws_moveit/install/moveit_kinematics/include/moveit_kinematics/moveit/srv_kinematics_plugin/srv_kinematics_plugin.h
[25.780s] -- Installing: /home/tamar/ws_moveit/install/moveit_kinematics/share/moveit_kinematics/config
[25.780s] -- Installing: /home/tamar/ws_moveit/install/moveit_kinematics/share/moveit_kinematics/config/panda-kdl-test.yaml
[25.780s] -- Installing: /home/tamar/ws_moveit/install/moveit_kinematics/share/moveit_kinematics/config/fanuc-kdl-singular-test.yaml
[25.780s] -- Installing: /home/tamar/ws_moveit/install/moveit_kinematics/share/moveit_kinematics/config/fanuc-kdl-test.yaml
[25.780s] -- Installing: /home/tamar/ws_moveit/install/moveit_kinematics/share/moveit_kinematics/config/panda-kdl-singular-test.yaml
[25.780s] -- Up-to-date: /home/tamar/ws_moveit/install/moveit_kinematics/share/moveit_kinematics/launch
[25.780s] -- Installing: /home/tamar/ws_moveit/install/moveit_kinematics/share/moveit_kinematics/launch/fanuc-kdl.test.py
[25.780s] -- Installing: /home/tamar/ws_moveit/install/moveit_kinematics/share/moveit_kinematics/launch/panda-kdl.test.py
[25.780s] -- Installing: /home/tamar/ws_moveit/install/moveit_kinematics/share/moveit_kinematics/launch/panda-kdl-singular.test.py
[25.781s] -- Installing: /home/tamar/ws_moveit/install/moveit_kinematics/share/moveit_kinematics/launch/fanuc-kdl-singular.test.py
[25.781s] -- Installing: /home/tamar/ws_moveit/install/moveit_kinematics/lib/moveit_kinematics/benchmark_ik
[25.781s] -- Set non-toolchain portion of runtime path of "/home/tamar/ws_moveit/install/moveit_kinematics/lib/moveit_kinematics/benchmark_ik" to ""
[25.781s] -- Installing: /home/tamar/ws_moveit/install/moveit_kinematics/lib/moveit_kinematics/test_kinematics_plugin
[25.783s] -- Set non-toolchain portion of runtime path of "/home/tamar/ws_moveit/install/moveit_kinematics/lib/moveit_kinematics/test_kinematics_plugin" to ""
[25.783s] -- Installing: /home/tamar/ws_moveit/install/moveit_kinematics/lib/libmoveit_cached_ik_kinematics_base.so.2.12.3
[25.783s] -- Set non-toolchain portion of runtime path of "/home/tamar/ws_moveit/install/moveit_kinematics/lib/libmoveit_cached_ik_kinematics_base.so.2.12.3" to ""
[25.783s] -- Installing: /home/tamar/ws_moveit/install/moveit_kinematics/lib/libmoveit_cached_ik_kinematics_base.so
[25.783s] -- Installing: /home/tamar/ws_moveit/install/moveit_kinematics/lib/libmoveit_cached_ik_kinematics_plugin.so.2.12.3
[25.784s] -- Set non-toolchain portion of runtime path of "/home/tamar/ws_moveit/install/moveit_kinematics/lib/libmoveit_cached_ik_kinematics_plugin.so.2.12.3" to ""
[25.784s] -- Installing: /home/tamar/ws_moveit/install/moveit_kinematics/lib/libmoveit_cached_ik_kinematics_plugin.so
[25.784s] -- Installing: /home/tamar/ws_moveit/install/moveit_kinematics/lib/libmoveit_kdl_kinematics_plugin.so
[25.784s] -- Set non-toolchain portion of runtime path of "/home/tamar/ws_moveit/install/moveit_kinematics/lib/libmoveit_kdl_kinematics_plugin.so" to ""
[25.784s] -- Installing: /home/tamar/ws_moveit/install/moveit_kinematics/lib/libmoveit_srv_kinematics_plugin.so.2.12.3
[25.785s] -- Set non-toolchain portion of runtime path of "/home/tamar/ws_moveit/install/moveit_kinematics/lib/libmoveit_srv_kinematics_plugin.so.2.12.3" to ""
[25.785s] -- Installing: /home/tamar/ws_moveit/install/moveit_kinematics/lib/libmoveit_srv_kinematics_plugin.so
[25.785s] -- Installing: /home/tamar/ws_moveit/install/moveit_kinematics/share/moveit_kinematics/environment/library_path.sh
[25.785s] -- Installing: /home/tamar/ws_moveit/install/moveit_kinematics/share/moveit_kinematics/environment/library_path.dsv
[25.786s] -- Installing: /home/tamar/ws_moveit/install/moveit_kinematics/share/ament_index/resource_index/package_run_dependencies/moveit_kinematics
[25.786s] -- Installing: /home/tamar/ws_moveit/install/moveit_kinematics/share/ament_index/resource_index/parent_prefix_path/moveit_kinematics
[25.786s] -- Installing: /home/tamar/ws_moveit/install/moveit_kinematics/share/moveit_kinematics/environment/ament_prefix_path.sh
[25.786s] -- Installing: /home/tamar/ws_moveit/install/moveit_kinematics/share/moveit_kinematics/environment/ament_prefix_path.dsv
[25.786s] -- Installing: /home/tamar/ws_moveit/install/moveit_kinematics/share/moveit_kinematics/environment/path.sh
[25.786s] -- Installing: /home/tamar/ws_moveit/install/moveit_kinematics/share/moveit_kinematics/environment/path.dsv
[25.786s] -- Installing: /home/tamar/ws_moveit/install/moveit_kinematics/share/moveit_kinematics/local_setup.bash
[25.787s] -- Installing: /home/tamar/ws_moveit/install/moveit_kinematics/share/moveit_kinematics/local_setup.sh
[25.787s] -- Installing: /home/tamar/ws_moveit/install/moveit_kinematics/share/moveit_kinematics/local_setup.zsh
[25.787s] -- Installing: /home/tamar/ws_moveit/install/moveit_kinematics/share/moveit_kinematics/local_setup.dsv
[25.787s] -- Installing: /home/tamar/ws_moveit/install/moveit_kinematics/share/moveit_kinematics/package.dsv
[25.787s] -- Installing: /home/tamar/ws_moveit/install/moveit_kinematics/share/ament_index/resource_index/packages/moveit_kinematics
[25.787s] -- Installing: /home/tamar/ws_moveit/install/moveit_kinematics/share/ament_index/resource_index/moveit_core__pluginlib__plugin/moveit_kinematics
[25.788s] -- Installing: /home/tamar/ws_moveit/install/moveit_kinematics/share/moveit_kinematics/cmake/moveit_kinematicsTargetsExport.cmake
[25.788s] -- Installing: /home/tamar/ws_moveit/install/moveit_kinematics/share/moveit_kinematics/cmake/moveit_kinematicsTargetsExport-release.cmake
[25.788s] -- Installing: /home/tamar/ws_moveit/install/moveit_kinematics/share/moveit_kinematics/cmake/ConfigExtras.cmake
[25.788s] -- Installing: /home/tamar/ws_moveit/install/moveit_kinematics/share/moveit_kinematics/cmake/ament_cmake_export_targets-extras.cmake
[25.788s] -- Installing: /home/tamar/ws_moveit/install/moveit_kinematics/share/moveit_kinematics/cmake/ament_cmake_export_dependencies-extras.cmake
[25.788s] -- Installing: /home/tamar/ws_moveit/install/moveit_kinematics/share/moveit_kinematics/cmake/moveit_kinematicsConfig.cmake
[25.788s] -- Installing: /home/tamar/ws_moveit/install/moveit_kinematics/share/moveit_kinematics/cmake/moveit_kinematicsConfig-version.cmake
[25.788s] -- Installing: /home/tamar/ws_moveit/install/moveit_kinematics/share/moveit_kinematics/package.xml
[25.790s] Invoked command in '/home/tamar/ws_moveit/build/moveit_kinematics' returned '0': AMENT_PREFIX_PATH=/home/tamar/ws_moveit/install/moveit_ros_planning:/home/tamar/ws_moveit/install/moveit_ros_occupancy_map_monitor:/home/tamar/ws_moveit/install/moveit_resources_fanuc_moveit_config:/home/tamar/ws_moveit/install/moveit_core:/home/tamar/ws_moveit/install/moveit_resources_pr2_description:/home/tamar/ws_moveit/install/moveit_resources_panda_description:/home/tamar/ws_moveit/install/moveit_resources_fanuc_description:/home/tamar/ws_moveit/install/moveit_msgs:/home/tamar/ws_moveit/install/moveit_configs_utils:/home/tamar/ws_moveit/install/moveit_common:${AMENT_PREFIX_PATH} CMAKE_PREFIX_PATH=/home/tamar/ws_moveit/install/moveit_ros_planning:/home/tamar/ws_moveit/install/moveit_ros_occupancy_map_monitor:/home/tamar/ws_moveit/install/moveit_resources_fanuc_moveit_config:/home/tamar/ws_moveit/install/moveit_core:/home/tamar/ws_moveit/install/moveit_resources_pr2_description:/home/tamar/ws_moveit/install/moveit_resources_panda_description:/home/tamar/ws_moveit/install/moveit_resources_fanuc_description:/home/tamar/ws_moveit/install/moveit_msgs:/home/tamar/ws_moveit/install/moveit_common:/opt/ros/jazzy/opt/gz_sim_vendor:/opt/ros/jazzy/opt/gz_sensors_vendor:/opt/ros/jazzy/opt/gz_physics_vendor:/opt/ros/jazzy/opt/sdformat_vendor:/opt/ros/jazzy/opt/gz_gui_vendor:/opt/ros/jazzy/opt/gz_transport_vendor:/opt/ros/jazzy/opt/gz_rendering_vendor:/opt/ros/jazzy/opt/gz_plugin_vendor:/opt/ros/jazzy/opt/gz_fuel_tools_vendor:/opt/ros/jazzy/opt/gz_msgs_vendor:/opt/ros/jazzy/opt/gz_common_vendor:/opt/ros/jazzy/opt/gz_math_vendor:/opt/ros/jazzy/opt/gz_utils_vendor:/opt/ros/jazzy/opt/gz_tools_vendor:/opt/ros/jazzy/opt/gz_ogre_next_vendor:/opt/ros/jazzy/opt/gz_dartsim_vendor:/opt/ros/jazzy/opt/gz_cmake_vendor:/opt/ros/jazzy LD_LIBRARY_PATH=/home/tamar/ws_moveit/install/moveit_ros_planning/lib:/home/tamar/ws_moveit/install/moveit_ros_occupancy_map_monitor/lib:/home/tamar/ws_moveit/install/moveit_core/lib:/home/tamar/ws_moveit/install/moveit_msgs/lib:${LD_LIBRARY_PATH} PATH=/home/tamar/ws_moveit/install/moveit_core/bin:${PATH} PYTHONPATH=/home/tamar/ws_moveit/install/moveit_msgs/lib/python3.12/site-packages:/home/tamar/ws_moveit/install/moveit_configs_utils/lib/python3.12/site-packages:${PYTHONPATH} /usr/bin/cmake --install /home/tamar/ws_moveit/build/moveit_kinematics
