[0.000000] (-) TimerEvent: {}
[0.000109] (custom_gear_controllers) JobQueued: {'identifier': 'custom_gear_controllers', 'dependencies': OrderedDict()}
[0.000135] (sirgas_description) JobQueued: {'identifier': 'sirgas_description', 'dependencies': OrderedDict()}
[0.000152] (ur_description) JobQueued: {'identifier': 'ur_description', 'dependencies': OrderedDict()}
[0.000171] (ur_simulation_gz) JobQueued: {'identifier': 'ur_simulation_gz', 'dependencies': OrderedDict({'ur_description': '/home/tamar/RBE594_ws/install/ur_description'})}
[0.000219] (ur_description) JobStarted: {'identifier': 'ur_description'}
[0.003641] (custom_gear_controllers) JobStarted: {'identifier': 'custom_gear_controllers'}
[0.006569] (sirgas_description) JobStarted: {'identifier': 'sirgas_description'}
[0.009079] (ur_description) JobProgress: {'identifier': 'ur_description', 'progress': 'cmake'}
[0.009284] (ur_description) Command: {'cmd': ['/usr/bin/cmake', '/home/tamar/RBE594_ws/src/Universal_Robots_ROS2_Description', '-DAMENT_CMAKE_SYMLINK_INSTALL=1', '-DCMAKE_INSTALL_PREFIX=/home/tamar/RBE594_ws/install/ur_description'], 'cwd': '/home/tamar/RBE594_ws/build/ur_description', 'env': OrderedDict({'GZ_SIM_RESOURCE_PATH': '/opt/ros/jazzy/share', 'GZ_CONFIG_PATH': '/opt/ros/jazzy/opt/gz_sim_vendor/share/gz:/opt/ros/jazzy/opt/sdformat_vendor/share/gz:/opt/ros/jazzy/opt/gz_gui_vendor/share/gz:/opt/ros/jazzy/opt/gz_transport_vendor/share/gz:/opt/ros/jazzy/opt/gz_rendering_vendor/share/gz:/opt/ros/jazzy/opt/gz_plugin_vendor/share/gz:/opt/ros/jazzy/opt/gz_fuel_tools_vendor/share/gz:/opt/ros/jazzy/opt/gz_msgs_vendor/share/gz:/opt/ros/jazzy/opt/gz_common_vendor/share/gz', 'HOSTNAME': 'cc3e0c1cee19', 'SHLVL': '1', 'LD_LIBRARY_PATH': '/opt/ros/jazzy/opt/gz_sim_vendor/lib:/opt/ros/jazzy/opt/gz_sensors_vendor/lib:/opt/ros/jazzy/opt/gz_physics_vendor/lib:/opt/ros/jazzy/opt/sdformat_vendor/lib:/opt/ros/jazzy/opt/rviz_ogre_vendor/lib:/opt/ros/jazzy/lib/x86_64-linux-gnu:/opt/ros/jazzy/opt/gz_gui_vendor/lib:/opt/ros/jazzy/opt/gz_transport_vendor/lib:/opt/ros/jazzy/opt/gz_rendering_vendor/lib:/opt/ros/jazzy/opt/gz_plugin_vendor/lib:/opt/ros/jazzy/opt/gz_fuel_tools_vendor/lib:/opt/ros/jazzy/opt/gz_msgs_vendor/lib:/opt/ros/jazzy/opt/gz_common_vendor/lib:/opt/ros/jazzy/opt/gz_math_vendor/lib:/opt/ros/jazzy/opt/gz_utils_vendor/lib:/opt/ros/jazzy/opt/gz_tools_vendor/lib:/opt/ros/jazzy/opt/gz_ogre_next_vendor/lib:/opt/ros/jazzy/opt/gz_dartsim_vendor/lib:/opt/ros/jazzy/opt/gz_cmake_vendor/lib:/opt/ros/jazzy/lib', 'HOME': '/home/tamar', 'OLDPWD': '/home/tamar/RBE594_ws', 'ROS_PYTHON_VERSION': '3', 'PS1': '(vEnv) ${debian_chroot:+($debian_chroot)}\\u@\\h:\\w\\$', 'COLCON_PREFIX_PATH': '/home/tamar/RBE594_ws/install', 'ROS_DISTRO': 'jazzy', '_': '/usr/bin/colcon', 'ROS_VERSION': '2', 'TERM': 'xterm', 'QT_X11_NO_MITSHM': '1', 'PATH': '/home/tamar/vEnv/bin:/opt/ros/jazzy/opt/gz_msgs_vendor/bin:/opt/ros/jazzy/opt/gz_tools_vendor/bin:/opt/ros/jazzy/opt/gz_ogre_next_vendor/bin:/opt/ros/jazzy/bin:/usr/local/sbin:/usr/local/bin:/usr/sbin:/usr/bin:/sbin:/bin', 'DISPLAY': ':0', 'LANG': 'C.UTF-8', 'VIRTUAL_ENV_PROMPT': '(vEnv)', 'RMW_IMPLEMENTATION': 'rmw_cyclonedds_cpp', 'AMENT_PREFIX_PATH': '/home/tamar/RBE594_ws/install/ur_simulation_gz:/home/tamar/RBE594_ws/install/ur_description:/home/tamar/RBE594_ws/install/sirgas_description:/home/tamar/RBE594_ws/install/custom_gear_controllers:/opt/ros/jazzy', 'VIRTUAL_ENV': '/home/tamar/vEnv', 'ROS_AUTOMATIC_DISCOVERY_RANGE': 'SUBNET', 'PWD': '/home/tamar/RBE594_ws/build/ur_description', 'TURTLEBOT3_MODEL': 'waffle', 'LC_ALL': 'C.UTF-8', 'PYTHONPATH': '/home/tamar/RBE594_ws/build/custom_gear_controllers:/home/tamar/RBE594_ws/install/custom_gear_controllers/lib/python3.12/site-packages:/opt/ros/jazzy/lib/python3.12/site-packages', 'NVIDIA_VISIBLE_DEVICES': 'all', 'COLCON': '1', 'CMAKE_PREFIX_PATH': '/home/tamar/RBE594_ws/install/ur_simulation_gz:/home/tamar/RBE594_ws/install/ur_description:/home/tamar/RBE594_ws/install/sirgas_description:/opt/ros/jazzy/opt/gz_sim_vendor:/opt/ros/jazzy/opt/gz_sensors_vendor:/opt/ros/jazzy/opt/gz_physics_vendor:/opt/ros/jazzy/opt/sdformat_vendor:/opt/ros/jazzy/opt/gz_gui_vendor:/opt/ros/jazzy/opt/gz_transport_vendor:/opt/ros/jazzy/opt/gz_rendering_vendor:/opt/ros/jazzy/opt/gz_plugin_vendor:/opt/ros/jazzy/opt/gz_fuel_tools_vendor:/opt/ros/jazzy/opt/gz_msgs_vendor:/opt/ros/jazzy/opt/gz_common_vendor:/opt/ros/jazzy/opt/gz_math_vendor:/opt/ros/jazzy/opt/gz_utils_vendor:/opt/ros/jazzy/opt/gz_tools_vendor:/opt/ros/jazzy/opt/gz_ogre_next_vendor:/opt/ros/jazzy/opt/gz_dartsim_vendor:/opt/ros/jazzy/opt/gz_cmake_vendor:/home/tamar/RBE594_ws/install/custom_gear_controllers:/opt/ros/jazzy'}), 'shell': False}
[0.099676] (-) TimerEvent: {}
[0.107230] (ur_description) StdoutLine: {'line': b'-- The C compiler identification is GNU 13.3.0\n'}
[0.107879] (ur_description) StdoutLine: {'line': b'-- The CXX compiler identification is GNU 13.3.0\n'}
[0.107971] (ur_description) StdoutLine: {'line': b'-- Detecting C compiler ABI info\n'}
[0.108095] (sirgas_description) JobProgress: {'identifier': 'sirgas_description', 'progress': 'cmake'}
[0.108479] (sirgas_description) Command: {'cmd': ['/usr/bin/cmake', '/home/tamar/RBE594_ws/src/sirgas_description', '-DAMENT_CMAKE_SYMLINK_INSTALL=1', '-DCMAKE_INSTALL_PREFIX=/home/tamar/RBE594_ws/install/sirgas_description'], 'cwd': '/home/tamar/RBE594_ws/build/sirgas_description', 'env': OrderedDict({'GZ_SIM_RESOURCE_PATH': '/opt/ros/jazzy/share', 'GZ_CONFIG_PATH': '/opt/ros/jazzy/opt/gz_sim_vendor/share/gz:/opt/ros/jazzy/opt/sdformat_vendor/share/gz:/opt/ros/jazzy/opt/gz_gui_vendor/share/gz:/opt/ros/jazzy/opt/gz_transport_vendor/share/gz:/opt/ros/jazzy/opt/gz_rendering_vendor/share/gz:/opt/ros/jazzy/opt/gz_plugin_vendor/share/gz:/opt/ros/jazzy/opt/gz_fuel_tools_vendor/share/gz:/opt/ros/jazzy/opt/gz_msgs_vendor/share/gz:/opt/ros/jazzy/opt/gz_common_vendor/share/gz', 'HOSTNAME': 'cc3e0c1cee19', 'SHLVL': '1', 'LD_LIBRARY_PATH': '/opt/ros/jazzy/opt/gz_sim_vendor/lib:/opt/ros/jazzy/opt/gz_sensors_vendor/lib:/opt/ros/jazzy/opt/gz_physics_vendor/lib:/opt/ros/jazzy/opt/sdformat_vendor/lib:/opt/ros/jazzy/opt/rviz_ogre_vendor/lib:/opt/ros/jazzy/lib/x86_64-linux-gnu:/opt/ros/jazzy/opt/gz_gui_vendor/lib:/opt/ros/jazzy/opt/gz_transport_vendor/lib:/opt/ros/jazzy/opt/gz_rendering_vendor/lib:/opt/ros/jazzy/opt/gz_plugin_vendor/lib:/opt/ros/jazzy/opt/gz_fuel_tools_vendor/lib:/opt/ros/jazzy/opt/gz_msgs_vendor/lib:/opt/ros/jazzy/opt/gz_common_vendor/lib:/opt/ros/jazzy/opt/gz_math_vendor/lib:/opt/ros/jazzy/opt/gz_utils_vendor/lib:/opt/ros/jazzy/opt/gz_tools_vendor/lib:/opt/ros/jazzy/opt/gz_ogre_next_vendor/lib:/opt/ros/jazzy/opt/gz_dartsim_vendor/lib:/opt/ros/jazzy/opt/gz_cmake_vendor/lib:/opt/ros/jazzy/lib', 'HOME': '/home/tamar', 'OLDPWD': '/home/tamar/RBE594_ws', 'ROS_PYTHON_VERSION': '3', 'PS1': '(vEnv) ${debian_chroot:+($debian_chroot)}\\u@\\h:\\w\\$', 'COLCON_PREFIX_PATH': '/home/tamar/RBE594_ws/install', 'ROS_DISTRO': 'jazzy', '_': '/usr/bin/colcon', 'ROS_VERSION': '2', 'TERM': 'xterm', 'QT_X11_NO_MITSHM': '1', 'PATH': '/home/tamar/vEnv/bin:/opt/ros/jazzy/opt/gz_msgs_vendor/bin:/opt/ros/jazzy/opt/gz_tools_vendor/bin:/opt/ros/jazzy/opt/gz_ogre_next_vendor/bin:/opt/ros/jazzy/bin:/usr/local/sbin:/usr/local/bin:/usr/sbin:/usr/bin:/sbin:/bin', 'DISPLAY': ':0', 'LANG': 'C.UTF-8', 'VIRTUAL_ENV_PROMPT': '(vEnv)', 'RMW_IMPLEMENTATION': 'rmw_cyclonedds_cpp', 'AMENT_PREFIX_PATH': '/home/tamar/RBE594_ws/install/ur_simulation_gz:/home/tamar/RBE594_ws/install/ur_description:/home/tamar/RBE594_ws/install/sirgas_description:/home/tamar/RBE594_ws/install/custom_gear_controllers:/opt/ros/jazzy', 'VIRTUAL_ENV': '/home/tamar/vEnv', 'ROS_AUTOMATIC_DISCOVERY_RANGE': 'SUBNET', 'PWD': '/home/tamar/RBE594_ws/build/sirgas_description', 'TURTLEBOT3_MODEL': 'waffle', 'LC_ALL': 'C.UTF-8', 'PYTHONPATH': '/home/tamar/RBE594_ws/build/custom_gear_controllers:/home/tamar/RBE594_ws/install/custom_gear_controllers/lib/python3.12/site-packages:/opt/ros/jazzy/lib/python3.12/site-packages', 'NVIDIA_VISIBLE_DEVICES': 'all', 'COLCON': '1', 'CMAKE_PREFIX_PATH': '/home/tamar/RBE594_ws/install/ur_simulation_gz:/home/tamar/RBE594_ws/install/ur_description:/home/tamar/RBE594_ws/install/sirgas_description:/opt/ros/jazzy/opt/gz_sim_vendor:/opt/ros/jazzy/opt/gz_sensors_vendor:/opt/ros/jazzy/opt/gz_physics_vendor:/opt/ros/jazzy/opt/sdformat_vendor:/opt/ros/jazzy/opt/gz_gui_vendor:/opt/ros/jazzy/opt/gz_transport_vendor:/opt/ros/jazzy/opt/gz_rendering_vendor:/opt/ros/jazzy/opt/gz_plugin_vendor:/opt/ros/jazzy/opt/gz_fuel_tools_vendor:/opt/ros/jazzy/opt/gz_msgs_vendor:/opt/ros/jazzy/opt/gz_common_vendor:/opt/ros/jazzy/opt/gz_math_vendor:/opt/ros/jazzy/opt/gz_utils_vendor:/opt/ros/jazzy/opt/gz_tools_vendor:/opt/ros/jazzy/opt/gz_ogre_next_vendor:/opt/ros/jazzy/opt/gz_dartsim_vendor:/opt/ros/jazzy/opt/gz_cmake_vendor:/home/tamar/RBE594_ws/install/custom_gear_controllers:/opt/ros/jazzy'}), 'shell': False}
[0.117061] (sirgas_description) StdoutLine: {'line': b'-- Found ament_cmake: 2.5.4 (/opt/ros/jazzy/share/ament_cmake/cmake)\n'}
[0.149002] (ur_description) StdoutLine: {'line': b'-- Detecting C compiler ABI info - done\n'}
[0.153575] (ur_description) StdoutLine: {'line': b'-- Check for working C compiler: /usr/bin/cc - skipped\n'}
[0.154241] (ur_description) StdoutLine: {'line': b'-- Detecting C compile features\n'}
[0.154310] (ur_description) StdoutLine: {'line': b'-- Detecting C compile features - done\n'}
[0.160305] (ur_description) StdoutLine: {'line': b'-- Detecting CXX compiler ABI info\n'}
[0.199791] (-) TimerEvent: {}
[0.215055] (ur_description) StdoutLine: {'line': b'-- Detecting CXX compiler ABI info - done\n'}
[0.219674] (ur_description) StdoutLine: {'line': b'-- Check for working CXX compiler: /usr/bin/c++ - skipped\n'}
[0.219890] (ur_description) StdoutLine: {'line': b'-- Detecting CXX compile features\n'}
[0.220196] (ur_description) StdoutLine: {'line': b'-- Detecting CXX compile features - done\n'}
[0.223860] (ur_description) StdoutLine: {'line': b'-- Found ament_cmake: 2.5.4 (/opt/ros/jazzy/share/ament_cmake/cmake)\n'}
[0.224288] (sirgas_description) StdoutLine: {'line': b'-- Override CMake install command with custom implementation using symlinks instead of copying resources\n'}
[0.227738] (sirgas_description) StdoutLine: {'line': b'-- Found xacro: 2.0.13 (/opt/ros/jazzy/share/xacro/cmake)\n'}
[0.227855] (sirgas_description) StdoutLine: {'line': b'-- Found rclcpp: 28.1.12 (/opt/ros/jazzy/share/rclcpp/cmake)\n'}
[0.242770] (sirgas_description) StdoutLine: {'line': b'-- Found rosidl_generator_c: 4.6.6 (/opt/ros/jazzy/share/rosidl_generator_c/cmake)\n'}
[0.247018] (sirgas_description) StdoutLine: {'line': b'-- Found rosidl_generator_cpp: 4.6.6 (/opt/ros/jazzy/share/rosidl_generator_cpp/cmake)\n'}
[0.252580] (sirgas_description) StdoutLine: {'line': b'-- Using all available rosidl_typesupport_c: rosidl_typesupport_fastrtps_c;rosidl_typesupport_introspection_c\n'}
[0.259086] (sirgas_description) StdoutLine: {'line': b'-- Using all available rosidl_typesupport_cpp: rosidl_typesupport_fastrtps_cpp;rosidl_typesupport_introspection_cpp\n'}
[0.289718] (sirgas_description) StdoutLine: {'line': b'-- Found rmw_implementation_cmake: 7.3.2 (/opt/ros/jazzy/share/rmw_implementation_cmake/cmake)\n'}
[0.290446] (sirgas_description) StdoutLine: {'line': b'-- Found rmw_cyclonedds_cpp: 2.2.3 (/opt/ros/jazzy/share/rmw_cyclonedds_cpp/cmake)\n'}
[0.294879] (ur_description) StdoutLine: {'line': b'-- Found Python3: /home/tamar/vEnv/bin/python3 (found version "3.12.3") found components: Interpreter \n'}
[0.299930] (-) TimerEvent: {}
[0.301457] (sirgas_description) StdoutLine: {'line': b"-- Using RMW implementation 'rmw_cyclonedds_cpp' as default\n"}
[0.330429] (sirgas_description) StdoutLine: {'line': b'-- Found std_msgs: 5.3.6 (/opt/ros/jazzy/share/std_msgs/cmake)\n'}
[0.331392] (ur_description) StdoutLine: {'line': b'-- Override CMake install command with custom implementation using symlinks instead of copying resources\n'}
[0.337107] (sirgas_description) StdoutLine: {'line': b'-- Found trajectory_msgs: 5.3.6 (/opt/ros/jazzy/share/trajectory_msgs/cmake)\n'}
[0.356001] (custom_gear_controllers) Command: {'cmd': ['/usr/bin/python3', '-W', 'ignore:setup.py install is deprecated', '-W', 'ignore:easy_install command is deprecated', 'setup.py', 'develop', '--editable', '--build-directory', '/home/tamar/RBE594_ws/build/custom_gear_controllers/build', '--no-deps', 'symlink_data'], 'cwd': '/home/tamar/RBE594_ws/build/custom_gear_controllers', 'env': {'GZ_SIM_RESOURCE_PATH': '/opt/ros/jazzy/share', 'GZ_CONFIG_PATH': '/opt/ros/jazzy/opt/gz_sim_vendor/share/gz:/opt/ros/jazzy/opt/sdformat_vendor/share/gz:/opt/ros/jazzy/opt/gz_gui_vendor/share/gz:/opt/ros/jazzy/opt/gz_transport_vendor/share/gz:/opt/ros/jazzy/opt/gz_rendering_vendor/share/gz:/opt/ros/jazzy/opt/gz_plugin_vendor/share/gz:/opt/ros/jazzy/opt/gz_fuel_tools_vendor/share/gz:/opt/ros/jazzy/opt/gz_msgs_vendor/share/gz:/opt/ros/jazzy/opt/gz_common_vendor/share/gz', 'HOSTNAME': 'cc3e0c1cee19', 'SHLVL': '1', 'LD_LIBRARY_PATH': '/opt/ros/jazzy/opt/gz_sim_vendor/lib:/opt/ros/jazzy/opt/gz_sensors_vendor/lib:/opt/ros/jazzy/opt/gz_physics_vendor/lib:/opt/ros/jazzy/opt/sdformat_vendor/lib:/opt/ros/jazzy/opt/rviz_ogre_vendor/lib:/opt/ros/jazzy/lib/x86_64-linux-gnu:/opt/ros/jazzy/opt/gz_gui_vendor/lib:/opt/ros/jazzy/opt/gz_transport_vendor/lib:/opt/ros/jazzy/opt/gz_rendering_vendor/lib:/opt/ros/jazzy/opt/gz_plugin_vendor/lib:/opt/ros/jazzy/opt/gz_fuel_tools_vendor/lib:/opt/ros/jazzy/opt/gz_msgs_vendor/lib:/opt/ros/jazzy/opt/gz_common_vendor/lib:/opt/ros/jazzy/opt/gz_math_vendor/lib:/opt/ros/jazzy/opt/gz_utils_vendor/lib:/opt/ros/jazzy/opt/gz_tools_vendor/lib:/opt/ros/jazzy/opt/gz_ogre_next_vendor/lib:/opt/ros/jazzy/opt/gz_dartsim_vendor/lib:/opt/ros/jazzy/opt/gz_cmake_vendor/lib:/opt/ros/jazzy/lib', 'HOME': '/home/tamar', 'OLDPWD': '/home/tamar/RBE594_ws', 'ROS_PYTHON_VERSION': '3', 'PS1': '(vEnv) ${debian_chroot:+($debian_chroot)}\\u@\\h:\\w\\$', 'COLCON_PREFIX_PATH': '/home/tamar/RBE594_ws/install', 'ROS_DISTRO': 'jazzy', '_': '/usr/bin/colcon', 'ROS_VERSION': '2', 'TERM': 'xterm', 'QT_X11_NO_MITSHM': '1', 'PATH': '/home/tamar/vEnv/bin:/opt/ros/jazzy/opt/gz_msgs_vendor/bin:/opt/ros/jazzy/opt/gz_tools_vendor/bin:/opt/ros/jazzy/opt/gz_ogre_next_vendor/bin:/opt/ros/jazzy/bin:/usr/local/sbin:/usr/local/bin:/usr/sbin:/usr/bin:/sbin:/bin', 'DISPLAY': ':0', 'LANG': 'C.UTF-8', 'VIRTUAL_ENV_PROMPT': '(vEnv)', 'RMW_IMPLEMENTATION': 'rmw_cyclonedds_cpp', 'AMENT_PREFIX_PATH': '/home/tamar/RBE594_ws/install/ur_simulation_gz:/home/tamar/RBE594_ws/install/ur_description:/home/tamar/RBE594_ws/install/sirgas_description:/home/tamar/RBE594_ws/install/custom_gear_controllers:/opt/ros/jazzy', 'VIRTUAL_ENV': '/home/tamar/vEnv', 'ROS_AUTOMATIC_DISCOVERY_RANGE': 'SUBNET', 'PWD': '/home/tamar/RBE594_ws/build/custom_gear_controllers', 'TURTLEBOT3_MODEL': 'waffle', 'LC_ALL': 'C.UTF-8', 'PYTHONPATH': '/home/tamar/RBE594_ws/build/custom_gear_controllers/prefix_override:/usr/lib/python3/dist-packages/colcon_core/task/python/colcon_distutils_commands:/home/tamar/RBE594_ws/install/custom_gear_controllers/lib/python3.12/site-packages:/home/tamar/RBE594_ws/build/custom_gear_controllers:/home/tamar/RBE594_ws/install/custom_gear_controllers/lib/python3.12/site-packages:/opt/ros/jazzy/lib/python3.12/site-packages', 'NVIDIA_VISIBLE_DEVICES': 'all', 'COLCON': '1', 'CMAKE_PREFIX_PATH': '/home/tamar/RBE594_ws/install/ur_simulation_gz:/home/tamar/RBE594_ws/install/ur_description:/home/tamar/RBE594_ws/install/sirgas_description:/opt/ros/jazzy/opt/gz_sim_vendor:/opt/ros/jazzy/opt/gz_sensors_vendor:/opt/ros/jazzy/opt/gz_physics_vendor:/opt/ros/jazzy/opt/sdformat_vendor:/opt/ros/jazzy/opt/gz_gui_vendor:/opt/ros/jazzy/opt/gz_transport_vendor:/opt/ros/jazzy/opt/gz_rendering_vendor:/opt/ros/jazzy/opt/gz_plugin_vendor:/opt/ros/jazzy/opt/gz_fuel_tools_vendor:/opt/ros/jazzy/opt/gz_msgs_vendor:/opt/ros/jazzy/opt/gz_common_vendor:/opt/ros/jazzy/opt/gz_math_vendor:/opt/ros/jazzy/opt/gz_utils_vendor:/opt/ros/jazzy/opt/gz_tools_vendor:/opt/ros/jazzy/opt/gz_ogre_next_vendor:/opt/ros/jazzy/opt/gz_dartsim_vendor:/opt/ros/jazzy/opt/gz_cmake_vendor'}, 'shell': False}
[0.376961] (ur_description) StdoutLine: {'line': b'-- Found ament_cmake_pytest: 2.5.4 (/opt/ros/jazzy/share/ament_cmake_pytest/cmake)\n'}
[0.399293] (sirgas_description) StdoutLine: {'line': b'-- Configuring done (0.3s)\n'}
[0.400070] (-) TimerEvent: {}
[0.401445] (sirgas_description) StdoutLine: {'line': b'-- Generating done (0.0s)\n'}
[0.402426] (sirgas_description) StdoutLine: {'line': b'-- Build files have been written to: /home/tamar/RBE594_ws/build/sirgas_description\n'}
[0.405616] (sirgas_description) CommandEnded: {'returncode': 0}
[0.405840] (sirgas_description) JobProgress: {'identifier': 'sirgas_description', 'progress': 'build'}
[0.406008] (sirgas_description) Command: {'cmd': ['/usr/bin/cmake', '--build', '/home/tamar/RBE594_ws/build/sirgas_description', '--', '-j32', '-l32'], 'cwd': '/home/tamar/RBE594_ws/build/sirgas_description', 'env': OrderedDict({'GZ_SIM_RESOURCE_PATH': '/opt/ros/jazzy/share', 'GZ_CONFIG_PATH': '/opt/ros/jazzy/opt/gz_sim_vendor/share/gz:/opt/ros/jazzy/opt/sdformat_vendor/share/gz:/opt/ros/jazzy/opt/gz_gui_vendor/share/gz:/opt/ros/jazzy/opt/gz_transport_vendor/share/gz:/opt/ros/jazzy/opt/gz_rendering_vendor/share/gz:/opt/ros/jazzy/opt/gz_plugin_vendor/share/gz:/opt/ros/jazzy/opt/gz_fuel_tools_vendor/share/gz:/opt/ros/jazzy/opt/gz_msgs_vendor/share/gz:/opt/ros/jazzy/opt/gz_common_vendor/share/gz', 'HOSTNAME': 'cc3e0c1cee19', 'SHLVL': '1', 'LD_LIBRARY_PATH': '/opt/ros/jazzy/opt/gz_sim_vendor/lib:/opt/ros/jazzy/opt/gz_sensors_vendor/lib:/opt/ros/jazzy/opt/gz_physics_vendor/lib:/opt/ros/jazzy/opt/sdformat_vendor/lib:/opt/ros/jazzy/opt/rviz_ogre_vendor/lib:/opt/ros/jazzy/lib/x86_64-linux-gnu:/opt/ros/jazzy/opt/gz_gui_vendor/lib:/opt/ros/jazzy/opt/gz_transport_vendor/lib:/opt/ros/jazzy/opt/gz_rendering_vendor/lib:/opt/ros/jazzy/opt/gz_plugin_vendor/lib:/opt/ros/jazzy/opt/gz_fuel_tools_vendor/lib:/opt/ros/jazzy/opt/gz_msgs_vendor/lib:/opt/ros/jazzy/opt/gz_common_vendor/lib:/opt/ros/jazzy/opt/gz_math_vendor/lib:/opt/ros/jazzy/opt/gz_utils_vendor/lib:/opt/ros/jazzy/opt/gz_tools_vendor/lib:/opt/ros/jazzy/opt/gz_ogre_next_vendor/lib:/opt/ros/jazzy/opt/gz_dartsim_vendor/lib:/opt/ros/jazzy/opt/gz_cmake_vendor/lib:/opt/ros/jazzy/lib', 'HOME': '/home/tamar', 'OLDPWD': '/home/tamar/RBE594_ws', 'ROS_PYTHON_VERSION': '3', 'PS1': '(vEnv) ${debian_chroot:+($debian_chroot)}\\u@\\h:\\w\\$', 'COLCON_PREFIX_PATH': '/home/tamar/RBE594_ws/install', 'ROS_DISTRO': 'jazzy', '_': '/usr/bin/colcon', 'ROS_VERSION': '2', 'TERM': 'xterm', 'QT_X11_NO_MITSHM': '1', 'PATH': '/home/tamar/vEnv/bin:/opt/ros/jazzy/opt/gz_msgs_vendor/bin:/opt/ros/jazzy/opt/gz_tools_vendor/bin:/opt/ros/jazzy/opt/gz_ogre_next_vendor/bin:/opt/ros/jazzy/bin:/usr/local/sbin:/usr/local/bin:/usr/sbin:/usr/bin:/sbin:/bin', 'DISPLAY': ':0', 'LANG': 'C.UTF-8', 'VIRTUAL_ENV_PROMPT': '(vEnv)', 'RMW_IMPLEMENTATION': 'rmw_cyclonedds_cpp', 'AMENT_PREFIX_PATH': '/home/tamar/RBE594_ws/install/ur_simulation_gz:/home/tamar/RBE594_ws/install/ur_description:/home/tamar/RBE594_ws/install/sirgas_description:/home/tamar/RBE594_ws/install/custom_gear_controllers:/opt/ros/jazzy', 'VIRTUAL_ENV': '/home/tamar/vEnv', 'ROS_AUTOMATIC_DISCOVERY_RANGE': 'SUBNET', 'PWD': '/home/tamar/RBE594_ws/build/sirgas_description', 'TURTLEBOT3_MODEL': 'waffle', 'LC_ALL': 'C.UTF-8', 'PYTHONPATH': '/home/tamar/RBE594_ws/build/custom_gear_controllers:/home/tamar/RBE594_ws/install/custom_gear_controllers/lib/python3.12/site-packages:/opt/ros/jazzy/lib/python3.12/site-packages', 'NVIDIA_VISIBLE_DEVICES': 'all', 'COLCON': '1', 'CMAKE_PREFIX_PATH': '/home/tamar/RBE594_ws/install/ur_simulation_gz:/home/tamar/RBE594_ws/install/ur_description:/home/tamar/RBE594_ws/install/sirgas_description:/opt/ros/jazzy/opt/gz_sim_vendor:/opt/ros/jazzy/opt/gz_sensors_vendor:/opt/ros/jazzy/opt/gz_physics_vendor:/opt/ros/jazzy/opt/sdformat_vendor:/opt/ros/jazzy/opt/gz_gui_vendor:/opt/ros/jazzy/opt/gz_transport_vendor:/opt/ros/jazzy/opt/gz_rendering_vendor:/opt/ros/jazzy/opt/gz_plugin_vendor:/opt/ros/jazzy/opt/gz_fuel_tools_vendor:/opt/ros/jazzy/opt/gz_msgs_vendor:/opt/ros/jazzy/opt/gz_common_vendor:/opt/ros/jazzy/opt/gz_math_vendor:/opt/ros/jazzy/opt/gz_utils_vendor:/opt/ros/jazzy/opt/gz_tools_vendor:/opt/ros/jazzy/opt/gz_ogre_next_vendor:/opt/ros/jazzy/opt/gz_dartsim_vendor:/opt/ros/jazzy/opt/gz_cmake_vendor:/home/tamar/RBE594_ws/install/custom_gear_controllers:/opt/ros/jazzy'}), 'shell': False}
[0.433253] (sirgas_description) CommandEnded: {'returncode': 0}
[0.433594] (sirgas_description) JobProgress: {'identifier': 'sirgas_description', 'progress': 'install'}
[0.439543] (sirgas_description) Command: {'cmd': ['/usr/bin/cmake', '--install', '/home/tamar/RBE594_ws/build/sirgas_description'], 'cwd': '/home/tamar/RBE594_ws/build/sirgas_description', 'env': OrderedDict({'GZ_SIM_RESOURCE_PATH': '/opt/ros/jazzy/share', 'GZ_CONFIG_PATH': '/opt/ros/jazzy/opt/gz_sim_vendor/share/gz:/opt/ros/jazzy/opt/sdformat_vendor/share/gz:/opt/ros/jazzy/opt/gz_gui_vendor/share/gz:/opt/ros/jazzy/opt/gz_transport_vendor/share/gz:/opt/ros/jazzy/opt/gz_rendering_vendor/share/gz:/opt/ros/jazzy/opt/gz_plugin_vendor/share/gz:/opt/ros/jazzy/opt/gz_fuel_tools_vendor/share/gz:/opt/ros/jazzy/opt/gz_msgs_vendor/share/gz:/opt/ros/jazzy/opt/gz_common_vendor/share/gz', 'HOSTNAME': 'cc3e0c1cee19', 'SHLVL': '1', 'LD_LIBRARY_PATH': '/opt/ros/jazzy/opt/gz_sim_vendor/lib:/opt/ros/jazzy/opt/gz_sensors_vendor/lib:/opt/ros/jazzy/opt/gz_physics_vendor/lib:/opt/ros/jazzy/opt/sdformat_vendor/lib:/opt/ros/jazzy/opt/rviz_ogre_vendor/lib:/opt/ros/jazzy/lib/x86_64-linux-gnu:/opt/ros/jazzy/opt/gz_gui_vendor/lib:/opt/ros/jazzy/opt/gz_transport_vendor/lib:/opt/ros/jazzy/opt/gz_rendering_vendor/lib:/opt/ros/jazzy/opt/gz_plugin_vendor/lib:/opt/ros/jazzy/opt/gz_fuel_tools_vendor/lib:/opt/ros/jazzy/opt/gz_msgs_vendor/lib:/opt/ros/jazzy/opt/gz_common_vendor/lib:/opt/ros/jazzy/opt/gz_math_vendor/lib:/opt/ros/jazzy/opt/gz_utils_vendor/lib:/opt/ros/jazzy/opt/gz_tools_vendor/lib:/opt/ros/jazzy/opt/gz_ogre_next_vendor/lib:/opt/ros/jazzy/opt/gz_dartsim_vendor/lib:/opt/ros/jazzy/opt/gz_cmake_vendor/lib:/opt/ros/jazzy/lib', 'HOME': '/home/tamar', 'OLDPWD': '/home/tamar/RBE594_ws', 'ROS_PYTHON_VERSION': '3', 'PS1': '(vEnv) ${debian_chroot:+($debian_chroot)}\\u@\\h:\\w\\$', 'COLCON_PREFIX_PATH': '/home/tamar/RBE594_ws/install', 'ROS_DISTRO': 'jazzy', '_': '/usr/bin/colcon', 'ROS_VERSION': '2', 'TERM': 'xterm', 'QT_X11_NO_MITSHM': '1', 'PATH': '/home/tamar/vEnv/bin:/opt/ros/jazzy/opt/gz_msgs_vendor/bin:/opt/ros/jazzy/opt/gz_tools_vendor/bin:/opt/ros/jazzy/opt/gz_ogre_next_vendor/bin:/opt/ros/jazzy/bin:/usr/local/sbin:/usr/local/bin:/usr/sbin:/usr/bin:/sbin:/bin', 'DISPLAY': ':0', 'LANG': 'C.UTF-8', 'VIRTUAL_ENV_PROMPT': '(vEnv)', 'RMW_IMPLEMENTATION': 'rmw_cyclonedds_cpp', 'AMENT_PREFIX_PATH': '/home/tamar/RBE594_ws/install/ur_simulation_gz:/home/tamar/RBE594_ws/install/ur_description:/home/tamar/RBE594_ws/install/sirgas_description:/home/tamar/RBE594_ws/install/custom_gear_controllers:/opt/ros/jazzy', 'VIRTUAL_ENV': '/home/tamar/vEnv', 'ROS_AUTOMATIC_DISCOVERY_RANGE': 'SUBNET', 'PWD': '/home/tamar/RBE594_ws/build/sirgas_description', 'TURTLEBOT3_MODEL': 'waffle', 'LC_ALL': 'C.UTF-8', 'PYTHONPATH': '/home/tamar/RBE594_ws/build/custom_gear_controllers:/home/tamar/RBE594_ws/install/custom_gear_controllers/lib/python3.12/site-packages:/opt/ros/jazzy/lib/python3.12/site-packages', 'NVIDIA_VISIBLE_DEVICES': 'all', 'COLCON': '1', 'CMAKE_PREFIX_PATH': '/home/tamar/RBE594_ws/install/ur_simulation_gz:/home/tamar/RBE594_ws/install/ur_description:/home/tamar/RBE594_ws/install/sirgas_description:/opt/ros/jazzy/opt/gz_sim_vendor:/opt/ros/jazzy/opt/gz_sensors_vendor:/opt/ros/jazzy/opt/gz_physics_vendor:/opt/ros/jazzy/opt/sdformat_vendor:/opt/ros/jazzy/opt/gz_gui_vendor:/opt/ros/jazzy/opt/gz_transport_vendor:/opt/ros/jazzy/opt/gz_rendering_vendor:/opt/ros/jazzy/opt/gz_plugin_vendor:/opt/ros/jazzy/opt/gz_fuel_tools_vendor:/opt/ros/jazzy/opt/gz_msgs_vendor:/opt/ros/jazzy/opt/gz_common_vendor:/opt/ros/jazzy/opt/gz_math_vendor:/opt/ros/jazzy/opt/gz_utils_vendor:/opt/ros/jazzy/opt/gz_tools_vendor:/opt/ros/jazzy/opt/gz_ogre_next_vendor:/opt/ros/jazzy/opt/gz_dartsim_vendor:/opt/ros/jazzy/opt/gz_cmake_vendor:/home/tamar/RBE594_ws/install/custom_gear_controllers:/opt/ros/jazzy'}), 'shell': False}
[0.443458] (sirgas_description) StdoutLine: {'line': b'-- Install configuration: ""\n'}
[0.443667] (sirgas_description) StdoutLine: {'line': b'-- Execute custom install script\n'}
[0.443861] (sirgas_description) StdoutLine: {'line': b'-- Symlinking: /home/tamar/RBE594_ws/install/sirgas_description/share/sirgas_description//urdf/gear_starter_motor.urdf.xacro\n'}
[0.448854] (sirgas_description) StdoutLine: {'line': b'-- Symlinking: /home/tamar/RBE594_ws/install/sirgas_description/share/sirgas_description//urdf/inc/ur_common.xacro\n'}
[0.455005] (sirgas_description) StdoutLine: {'line': b'-- Symlinking: /home/tamar/RBE594_ws/install/sirgas_description/share/sirgas_description//urdf/inc/ur_transmissions.xacro\n'}
[0.460836] (sirgas_description) StdoutLine: {'line': b'-- Symlinking: /home/tamar/RBE594_ws/install/sirgas_description/share/sirgas_description//urdf/pba.urdf.xacro\n'}
[0.465488] (sirgas_description) StdoutLine: {'line': b'-- Symlinking: /home/tamar/RBE594_ws/install/sirgas_description/share/sirgas_description//urdf/ur20.ros2_control.xacro\n'}
[0.471389] (sirgas_description) StdoutLine: {'line': b'-- Symlinking: /home/tamar/RBE594_ws/install/sirgas_description/share/sirgas_description//urdf/ur20_macro.xacro\n'}
[0.475686] (sirgas_description) StdoutLine: {'line': b'-- Symlinking: /home/tamar/RBE594_ws/install/sirgas_description/share/sirgas_description//urdf/ur20_picker.urdf.xacro\n'}
[0.479754] (sirgas_description) StdoutLine: {'line': b'-- Symlinking: /home/tamar/RBE594_ws/install/sirgas_description/share/sirgas_description//urdf/ur20_starter.urdf.xacro\n'}
[0.485234] (sirgas_description) StdoutLine: {'line': b'-- Symlinking: /home/tamar/RBE594_ws/install/sirgas_description/share/sirgas_description//launch/gr.launch.py\n'}
[0.491199] (sirgas_description) StdoutLine: {'line': b'-- Symlinking: /home/tamar/RBE594_ws/install/sirgas_description/share/sirgas_description//launch/pba.launch.py\n'}
[0.496442] (sirgas_description) StdoutLine: {'line': b'-- Symlinking: /home/tamar/RBE594_ws/install/sirgas_description/share/sirgas_description//launch/sim.launch.py\n'}
[0.499628] (custom_gear_controllers) StdoutLine: {'line': b'running develop\n'}
[0.500130] (-) TimerEvent: {}
[0.502639] (sirgas_description) StdoutLine: {'line': b'-- Symlinking: /home/tamar/RBE594_ws/install/sirgas_description/share/sirgas_description//launch/sim2.launch.py\n'}
[0.506740] (sirgas_description) StdoutLine: {'line': b'-- Symlinking: /home/tamar/RBE594_ws/install/sirgas_description/share/sirgas_description//launch/sim3.launch.py\n'}
[0.511142] (sirgas_description) StdoutLine: {'line': b'-- Symlinking: /home/tamar/RBE594_ws/install/sirgas_description/share/sirgas_description//launch/ur20_starter.launch.py\n'}
[0.516300] (sirgas_description) StdoutLine: {'line': b'-- Symlinking: /home/tamar/RBE594_ws/install/sirgas_description/share/sirgas_description//launch/ur20_starter_spawn.launch.py\n'}
[0.522565] (sirgas_description) StdoutLine: {'line': b'-- Symlinking: /home/tamar/RBE594_ws/install/sirgas_description/share/sirgas_description//meshes/Assembly 1.stl\n'}
[0.528288] (sirgas_description) StdoutLine: {'line': b'-- Symlinking: /home/tamar/RBE594_ws/install/sirgas_description/share/sirgas_description//meshes/First_Gear.stl\n'}
[0.533174] (sirgas_description) StdoutLine: {'line': b'-- Symlinking: /home/tamar/RBE594_ws/install/sirgas_description/share/sirgas_description//meshes/Gear_Rotator.stl\n'}
[0.538283] (sirgas_description) StdoutLine: {'line': b'-- Symlinking: /home/tamar/RBE594_ws/install/sirgas_description/share/sirgas_description//meshes/Motor_Housing.stl\n'}
[0.544941] (sirgas_description) StdoutLine: {'line': b'-- Symlinking: /home/tamar/RBE594_ws/install/sirgas_description/share/sirgas_description//meshes/Peg_Board.stl\n'}
[0.551149] (sirgas_description) StdoutLine: {'line': b'-- Symlinking: /home/tamar/RBE594_ws/install/sirgas_description/share/sirgas_description//meshes/Second_Gear.stl\n'}
[0.556888] (sirgas_description) StdoutLine: {'line': b'-- Symlinking: /home/tamar/RBE594_ws/install/sirgas_description/share/sirgas_description//meshes/Starter_Gear.stl\n'}
[0.561461] (sirgas_description) StdoutLine: {'line': b'-- Symlinking: /home/tamar/RBE594_ws/install/sirgas_description/share/sirgas_description//meshes/Third_Gear.stl\n'}
[0.566336] (sirgas_description) StdoutLine: {'line': b'-- Symlinking: /home/tamar/RBE594_ws/install/sirgas_description/share/sirgas_description//rviz/config.rviz\n'}
[0.570574] (sirgas_description) StdoutLine: {'line': b'-- Symlinking: /home/tamar/RBE594_ws/install/sirgas_description/share/sirgas_description//rviz/ur20_view.rviz\n'}
[0.575601] (sirgas_description) StdoutLine: {'line': b'-- Symlinking: /home/tamar/RBE594_ws/install/sirgas_description/share/sirgas_description//config/gear_coupling_controller.yaml\n'}
[0.581632] (sirgas_description) StdoutLine: {'line': b'-- Symlinking: /home/tamar/RBE594_ws/install/sirgas_description/share/sirgas_description//config/initial_positions.yaml\n'}
[0.587670] (sirgas_description) StdoutLine: {'line': b'-- Symlinking: /home/tamar/RBE594_ws/install/sirgas_description/share/sirgas_description//config/pba_controller.yaml\n'}
[0.592007] (sirgas_description) StdoutLine: {'line': b'-- Symlinking: /home/tamar/RBE594_ws/install/sirgas_description/share/sirgas_description//config/ur20_controllers.yaml\n'}
[0.593077] (custom_gear_controllers) StdoutLine: {'line': b'running egg_info\n'}
[0.593203] (custom_gear_controllers) StdoutLine: {'line': b'creating custom_gear_controllers.egg-info\n'}
[0.595884] (sirgas_description) StdoutLine: {'line': b'-- Symlinking: /home/tamar/RBE594_ws/install/sirgas_description/share/sirgas_description//config/ur20_picker_controllers.yaml\n'}
[0.599688] (sirgas_description) StdoutLine: {'line': b'-- Symlinking: /home/tamar/RBE594_ws/install/sirgas_description/share/sirgas_description//config/ur20_starter_controllers.yaml\n'}
[0.600193] (-) TimerEvent: {}
[0.600591] (custom_gear_controllers) StdoutLine: {'line': b'writing custom_gear_controllers.egg-info/PKG-INFO\n'}
[0.600740] (custom_gear_controllers) StdoutLine: {'line': b'writing dependency_links to custom_gear_controllers.egg-info/dependency_links.txt\n'}
[0.600903] (custom_gear_controllers) StdoutLine: {'line': b'writing entry points to custom_gear_controllers.egg-info/entry_points.txt\n'}
[0.600965] (custom_gear_controllers) StdoutLine: {'line': b'writing requirements to custom_gear_controllers.egg-info/requires.txt\n'}
[0.601021] (custom_gear_controllers) StdoutLine: {'line': b'writing top-level names to custom_gear_controllers.egg-info/top_level.txt\n'}
[0.601076] (custom_gear_controllers) StdoutLine: {'line': b"writing manifest file 'custom_gear_controllers.egg-info/SOURCES.txt'\n"}
[0.603601] (sirgas_description) StdoutLine: {'line': b'-- Symlinking: /home/tamar/RBE594_ws/install/sirgas_description/share/ament_index/resource_index/package_run_dependencies/sirgas_description\n'}
[0.608044] (sirgas_description) StdoutLine: {'line': b'-- Symlinking: /home/tamar/RBE594_ws/install/sirgas_description/share/ament_index/resource_index/parent_prefix_path/sirgas_description\n'}
[0.612793] (sirgas_description) StdoutLine: {'line': b'-- Symlinking: /home/tamar/RBE594_ws/install/sirgas_description/share/sirgas_description/environment/ament_prefix_path.sh\n'}
[0.616103] (custom_gear_controllers) StdoutLine: {'line': b"reading manifest file 'custom_gear_controllers.egg-info/SOURCES.txt'\n"}
[0.616395] (custom_gear_controllers) StdoutLine: {'line': b"writing manifest file 'custom_gear_controllers.egg-info/SOURCES.txt'\n"}
[0.618895] (sirgas_description) StdoutLine: {'line': b'-- Symlinking: /home/tamar/RBE594_ws/install/sirgas_description/share/sirgas_description/environment/ament_prefix_path.dsv\n'}
[0.622747] (sirgas_description) StdoutLine: {'line': b'-- Symlinking: /home/tamar/RBE594_ws/install/sirgas_description/share/sirgas_description/environment/path.sh\n'}
[0.624538] (custom_gear_controllers) StdoutLine: {'line': b'running build_ext\n'}
[0.624663] (custom_gear_controllers) StdoutLine: {'line': b'Creating /home/tamar/RBE594_ws/install/custom_gear_controllers/lib/python3.12/site-packages/custom-gear-controllers.egg-link (link to .)\n'}
[0.624827] (custom_gear_controllers) StdoutLine: {'line': b'\n'}
[0.624964] (custom_gear_controllers) StdoutLine: {'line': b'Installed /home/tamar/RBE594_ws/build/custom_gear_controllers\n'}
[0.625047] (custom_gear_controllers) StdoutLine: {'line': b'running symlink_data\n'}
[0.625106] (custom_gear_controllers) StdoutLine: {'line': b'creating /home/tamar/RBE594_ws/install/custom_gear_controllers/share/ament_index\n'}
[0.625162] (custom_gear_controllers) StdoutLine: {'line': b'creating /home/tamar/RBE594_ws/install/custom_gear_controllers/share/ament_index/resource_index\n'}
[0.625217] (custom_gear_controllers) StdoutLine: {'line': b'creating /home/tamar/RBE594_ws/install/custom_gear_controllers/share/ament_index/resource_index/packages\n'}
[0.625278] (custom_gear_controllers) StdoutLine: {'line': b'symbolically linking /home/tamar/RBE594_ws/build/custom_gear_controllers/resource/custom_gear_controllers -> /home/tamar/RBE594_ws/install/custom_gear_controllers/share/ament_index/resource_index/packages\n'}
[0.625340] (custom_gear_controllers) StdoutLine: {'line': b'symbolically linking /home/tamar/RBE594_ws/build/custom_gear_controllers/package.xml -> /home/tamar/RBE594_ws/install/custom_gear_controllers/share/custom_gear_controllers\n'}
[0.625396] (custom_gear_controllers) StdoutLine: {'line': b'symbolically linking /home/tamar/RBE594_ws/build/custom_gear_controllers/resource/gear_constraint_controller_plugin.xml -> /home/tamar/RBE594_ws/install/custom_gear_controllers/share/custom_gear_controllers\n'}
[0.627204] (sirgas_description) StdoutLine: {'line': b'-- Symlinking: /home/tamar/RBE594_ws/install/sirgas_description/share/sirgas_description/environment/path.dsv\n'}
[0.631546] (sirgas_description) StdoutLine: {'line': b'-- Symlinking: /home/tamar/RBE594_ws/install/sirgas_description/share/sirgas_description/local_setup.bash\n'}
[0.635746] (sirgas_description) StdoutLine: {'line': b'-- Symlinking: /home/tamar/RBE594_ws/install/sirgas_description/share/sirgas_description/local_setup.sh\n'}
[0.639261] (custom_gear_controllers) CommandEnded: {'returncode': 0}
[0.640397] (sirgas_description) StdoutLine: {'line': b'-- Symlinking: /home/tamar/RBE594_ws/install/sirgas_description/share/sirgas_description/local_setup.zsh\n'}
[0.643536] (custom_gear_controllers) JobEnded: {'identifier': 'custom_gear_controllers', 'rc': 0}
[0.644556] (sirgas_description) StdoutLine: {'line': b'-- Symlinking: /home/tamar/RBE594_ws/install/sirgas_description/share/sirgas_description/local_setup.dsv\n'}
[0.649451] (sirgas_description) StdoutLine: {'line': b'-- Symlinking: /home/tamar/RBE594_ws/install/sirgas_description/share/sirgas_description/package.dsv\n'}
[0.654410] (sirgas_description) StdoutLine: {'line': b'-- Symlinking: /home/tamar/RBE594_ws/install/sirgas_description/share/ament_index/resource_index/packages/sirgas_description\n'}
[0.659316] (sirgas_description) StdoutLine: {'line': b'-- Symlinking: /home/tamar/RBE594_ws/install/sirgas_description/share/sirgas_description/cmake/sirgas_descriptionConfig.cmake\n'}
[0.663402] (sirgas_description) StdoutLine: {'line': b'-- Symlinking: /home/tamar/RBE594_ws/install/sirgas_description/share/sirgas_description/cmake/sirgas_descriptionConfig-version.cmake\n'}
[0.667365] (sirgas_description) StdoutLine: {'line': b'-- Symlinking: /home/tamar/RBE594_ws/install/sirgas_description/share/sirgas_description/package.xml\n'}
[0.672477] (sirgas_description) CommandEnded: {'returncode': 0}
[0.677369] (sirgas_description) JobEnded: {'identifier': 'sirgas_description', 'rc': 0}
[0.700343] (-) TimerEvent: {}
[0.743963] (ur_description) StdoutLine: {'line': b'-- Configuring done (0.7s)\n'}
[0.745264] (ur_description) StdoutLine: {'line': b'-- Generating done (0.0s)\n'}
[0.745925] (ur_description) StdoutLine: {'line': b'-- Build files have been written to: /home/tamar/RBE594_ws/build/ur_description\n'}
[0.748072] (ur_description) CommandEnded: {'returncode': 0}
[0.748716] (ur_description) JobProgress: {'identifier': 'ur_description', 'progress': 'build'}
[0.748753] (ur_description) Command: {'cmd': ['/usr/bin/cmake', '--build', '/home/tamar/RBE594_ws/build/ur_description', '--', '-j32', '-l32'], 'cwd': '/home/tamar/RBE594_ws/build/ur_description', 'env': OrderedDict({'GZ_SIM_RESOURCE_PATH': '/opt/ros/jazzy/share', 'GZ_CONFIG_PATH': '/opt/ros/jazzy/opt/gz_sim_vendor/share/gz:/opt/ros/jazzy/opt/sdformat_vendor/share/gz:/opt/ros/jazzy/opt/gz_gui_vendor/share/gz:/opt/ros/jazzy/opt/gz_transport_vendor/share/gz:/opt/ros/jazzy/opt/gz_rendering_vendor/share/gz:/opt/ros/jazzy/opt/gz_plugin_vendor/share/gz:/opt/ros/jazzy/opt/gz_fuel_tools_vendor/share/gz:/opt/ros/jazzy/opt/gz_msgs_vendor/share/gz:/opt/ros/jazzy/opt/gz_common_vendor/share/gz', 'HOSTNAME': 'cc3e0c1cee19', 'SHLVL': '1', 'LD_LIBRARY_PATH': '/opt/ros/jazzy/opt/gz_sim_vendor/lib:/opt/ros/jazzy/opt/gz_sensors_vendor/lib:/opt/ros/jazzy/opt/gz_physics_vendor/lib:/opt/ros/jazzy/opt/sdformat_vendor/lib:/opt/ros/jazzy/opt/rviz_ogre_vendor/lib:/opt/ros/jazzy/lib/x86_64-linux-gnu:/opt/ros/jazzy/opt/gz_gui_vendor/lib:/opt/ros/jazzy/opt/gz_transport_vendor/lib:/opt/ros/jazzy/opt/gz_rendering_vendor/lib:/opt/ros/jazzy/opt/gz_plugin_vendor/lib:/opt/ros/jazzy/opt/gz_fuel_tools_vendor/lib:/opt/ros/jazzy/opt/gz_msgs_vendor/lib:/opt/ros/jazzy/opt/gz_common_vendor/lib:/opt/ros/jazzy/opt/gz_math_vendor/lib:/opt/ros/jazzy/opt/gz_utils_vendor/lib:/opt/ros/jazzy/opt/gz_tools_vendor/lib:/opt/ros/jazzy/opt/gz_ogre_next_vendor/lib:/opt/ros/jazzy/opt/gz_dartsim_vendor/lib:/opt/ros/jazzy/opt/gz_cmake_vendor/lib:/opt/ros/jazzy/lib', 'HOME': '/home/tamar', 'OLDPWD': '/home/tamar/RBE594_ws', 'ROS_PYTHON_VERSION': '3', 'PS1': '(vEnv) ${debian_chroot:+($debian_chroot)}\\u@\\h:\\w\\$', 'COLCON_PREFIX_PATH': '/home/tamar/RBE594_ws/install', 'ROS_DISTRO': 'jazzy', '_': '/usr/bin/colcon', 'ROS_VERSION': '2', 'TERM': 'xterm', 'QT_X11_NO_MITSHM': '1', 'PATH': '/home/tamar/vEnv/bin:/opt/ros/jazzy/opt/gz_msgs_vendor/bin:/opt/ros/jazzy/opt/gz_tools_vendor/bin:/opt/ros/jazzy/opt/gz_ogre_next_vendor/bin:/opt/ros/jazzy/bin:/usr/local/sbin:/usr/local/bin:/usr/sbin:/usr/bin:/sbin:/bin', 'DISPLAY': ':0', 'LANG': 'C.UTF-8', 'VIRTUAL_ENV_PROMPT': '(vEnv)', 'RMW_IMPLEMENTATION': 'rmw_cyclonedds_cpp', 'AMENT_PREFIX_PATH': '/home/tamar/RBE594_ws/install/ur_simulation_gz:/home/tamar/RBE594_ws/install/ur_description:/home/tamar/RBE594_ws/install/sirgas_description:/home/tamar/RBE594_ws/install/custom_gear_controllers:/opt/ros/jazzy', 'VIRTUAL_ENV': '/home/tamar/vEnv', 'ROS_AUTOMATIC_DISCOVERY_RANGE': 'SUBNET', 'PWD': '/home/tamar/RBE594_ws/build/ur_description', 'TURTLEBOT3_MODEL': 'waffle', 'LC_ALL': 'C.UTF-8', 'PYTHONPATH': '/home/tamar/RBE594_ws/build/custom_gear_controllers:/home/tamar/RBE594_ws/install/custom_gear_controllers/lib/python3.12/site-packages:/opt/ros/jazzy/lib/python3.12/site-packages', 'NVIDIA_VISIBLE_DEVICES': 'all', 'COLCON': '1', 'CMAKE_PREFIX_PATH': '/home/tamar/RBE594_ws/install/ur_simulation_gz:/home/tamar/RBE594_ws/install/ur_description:/home/tamar/RBE594_ws/install/sirgas_description:/opt/ros/jazzy/opt/gz_sim_vendor:/opt/ros/jazzy/opt/gz_sensors_vendor:/opt/ros/jazzy/opt/gz_physics_vendor:/opt/ros/jazzy/opt/sdformat_vendor:/opt/ros/jazzy/opt/gz_gui_vendor:/opt/ros/jazzy/opt/gz_transport_vendor:/opt/ros/jazzy/opt/gz_rendering_vendor:/opt/ros/jazzy/opt/gz_plugin_vendor:/opt/ros/jazzy/opt/gz_fuel_tools_vendor:/opt/ros/jazzy/opt/gz_msgs_vendor:/opt/ros/jazzy/opt/gz_common_vendor:/opt/ros/jazzy/opt/gz_math_vendor:/opt/ros/jazzy/opt/gz_utils_vendor:/opt/ros/jazzy/opt/gz_tools_vendor:/opt/ros/jazzy/opt/gz_ogre_next_vendor:/opt/ros/jazzy/opt/gz_dartsim_vendor:/opt/ros/jazzy/opt/gz_cmake_vendor:/home/tamar/RBE594_ws/install/custom_gear_controllers:/opt/ros/jazzy'}), 'shell': False}
[0.797981] (ur_description) CommandEnded: {'returncode': 0}
[0.798364] (ur_description) JobProgress: {'identifier': 'ur_description', 'progress': 'install'}
[0.798376] (ur_description) Command: {'cmd': ['/usr/bin/cmake', '--install', '/home/tamar/RBE594_ws/build/ur_description'], 'cwd': '/home/tamar/RBE594_ws/build/ur_description', 'env': OrderedDict({'GZ_SIM_RESOURCE_PATH': '/opt/ros/jazzy/share', 'GZ_CONFIG_PATH': '/opt/ros/jazzy/opt/gz_sim_vendor/share/gz:/opt/ros/jazzy/opt/sdformat_vendor/share/gz:/opt/ros/jazzy/opt/gz_gui_vendor/share/gz:/opt/ros/jazzy/opt/gz_transport_vendor/share/gz:/opt/ros/jazzy/opt/gz_rendering_vendor/share/gz:/opt/ros/jazzy/opt/gz_plugin_vendor/share/gz:/opt/ros/jazzy/opt/gz_fuel_tools_vendor/share/gz:/opt/ros/jazzy/opt/gz_msgs_vendor/share/gz:/opt/ros/jazzy/opt/gz_common_vendor/share/gz', 'HOSTNAME': 'cc3e0c1cee19', 'SHLVL': '1', 'LD_LIBRARY_PATH': '/opt/ros/jazzy/opt/gz_sim_vendor/lib:/opt/ros/jazzy/opt/gz_sensors_vendor/lib:/opt/ros/jazzy/opt/gz_physics_vendor/lib:/opt/ros/jazzy/opt/sdformat_vendor/lib:/opt/ros/jazzy/opt/rviz_ogre_vendor/lib:/opt/ros/jazzy/lib/x86_64-linux-gnu:/opt/ros/jazzy/opt/gz_gui_vendor/lib:/opt/ros/jazzy/opt/gz_transport_vendor/lib:/opt/ros/jazzy/opt/gz_rendering_vendor/lib:/opt/ros/jazzy/opt/gz_plugin_vendor/lib:/opt/ros/jazzy/opt/gz_fuel_tools_vendor/lib:/opt/ros/jazzy/opt/gz_msgs_vendor/lib:/opt/ros/jazzy/opt/gz_common_vendor/lib:/opt/ros/jazzy/opt/gz_math_vendor/lib:/opt/ros/jazzy/opt/gz_utils_vendor/lib:/opt/ros/jazzy/opt/gz_tools_vendor/lib:/opt/ros/jazzy/opt/gz_ogre_next_vendor/lib:/opt/ros/jazzy/opt/gz_dartsim_vendor/lib:/opt/ros/jazzy/opt/gz_cmake_vendor/lib:/opt/ros/jazzy/lib', 'HOME': '/home/tamar', 'OLDPWD': '/home/tamar/RBE594_ws', 'ROS_PYTHON_VERSION': '3', 'PS1': '(vEnv) ${debian_chroot:+($debian_chroot)}\\u@\\h:\\w\\$', 'COLCON_PREFIX_PATH': '/home/tamar/RBE594_ws/install', 'ROS_DISTRO': 'jazzy', '_': '/usr/bin/colcon', 'ROS_VERSION': '2', 'TERM': 'xterm', 'QT_X11_NO_MITSHM': '1', 'PATH': '/home/tamar/vEnv/bin:/opt/ros/jazzy/opt/gz_msgs_vendor/bin:/opt/ros/jazzy/opt/gz_tools_vendor/bin:/opt/ros/jazzy/opt/gz_ogre_next_vendor/bin:/opt/ros/jazzy/bin:/usr/local/sbin:/usr/local/bin:/usr/sbin:/usr/bin:/sbin:/bin', 'DISPLAY': ':0', 'LANG': 'C.UTF-8', 'VIRTUAL_ENV_PROMPT': '(vEnv)', 'RMW_IMPLEMENTATION': 'rmw_cyclonedds_cpp', 'AMENT_PREFIX_PATH': '/home/tamar/RBE594_ws/install/ur_simulation_gz:/home/tamar/RBE594_ws/install/ur_description:/home/tamar/RBE594_ws/install/sirgas_description:/home/tamar/RBE594_ws/install/custom_gear_controllers:/opt/ros/jazzy', 'VIRTUAL_ENV': '/home/tamar/vEnv', 'ROS_AUTOMATIC_DISCOVERY_RANGE': 'SUBNET', 'PWD': '/home/tamar/RBE594_ws/build/ur_description', 'TURTLEBOT3_MODEL': 'waffle', 'LC_ALL': 'C.UTF-8', 'PYTHONPATH': '/home/tamar/RBE594_ws/build/custom_gear_controllers:/home/tamar/RBE594_ws/install/custom_gear_controllers/lib/python3.12/site-packages:/opt/ros/jazzy/lib/python3.12/site-packages', 'NVIDIA_VISIBLE_DEVICES': 'all', 'COLCON': '1', 'CMAKE_PREFIX_PATH': '/home/tamar/RBE594_ws/install/ur_simulation_gz:/home/tamar/RBE594_ws/install/ur_description:/home/tamar/RBE594_ws/install/sirgas_description:/opt/ros/jazzy/opt/gz_sim_vendor:/opt/ros/jazzy/opt/gz_sensors_vendor:/opt/ros/jazzy/opt/gz_physics_vendor:/opt/ros/jazzy/opt/sdformat_vendor:/opt/ros/jazzy/opt/gz_gui_vendor:/opt/ros/jazzy/opt/gz_transport_vendor:/opt/ros/jazzy/opt/gz_rendering_vendor:/opt/ros/jazzy/opt/gz_plugin_vendor:/opt/ros/jazzy/opt/gz_fuel_tools_vendor:/opt/ros/jazzy/opt/gz_msgs_vendor:/opt/ros/jazzy/opt/gz_common_vendor:/opt/ros/jazzy/opt/gz_math_vendor:/opt/ros/jazzy/opt/gz_utils_vendor:/opt/ros/jazzy/opt/gz_tools_vendor:/opt/ros/jazzy/opt/gz_ogre_next_vendor:/opt/ros/jazzy/opt/gz_dartsim_vendor:/opt/ros/jazzy/opt/gz_cmake_vendor:/home/tamar/RBE594_ws/install/custom_gear_controllers:/opt/ros/jazzy'}), 'shell': False}
[0.800492] (-) TimerEvent: {}
[0.803878] (ur_description) StdoutLine: {'line': b'-- Install configuration: ""\n'}
[0.804068] (ur_description) StdoutLine: {'line': b'-- Execute custom install script\n'}
[0.804831] (ur_description) StdoutLine: {'line': b'-- Symlinking: /home/tamar/RBE594_ws/install/ur_description/share/ur_description/config/initial_positions.yaml\n'}
[0.810287] (ur_description) StdoutLine: {'line': b'-- Symlinking: /home/tamar/RBE594_ws/install/ur_description/share/ur_description/config/ur10/default_kinematics.yaml\n'}
[0.816514] (ur_description) StdoutLine: {'line': b'-- Symlinking: /home/tamar/RBE594_ws/install/ur_description/share/ur_description/config/ur10/joint_limits.yaml\n'}
[0.821733] (ur_description) StdoutLine: {'line': b'-- Symlinking: /home/tamar/RBE594_ws/install/ur_description/share/ur_description/config/ur10/physical_parameters.yaml\n'}
[0.827815] (ur_description) StdoutLine: {'line': b'-- Symlinking: /home/tamar/RBE594_ws/install/ur_description/share/ur_description/config/ur10/visual_parameters.yaml\n'}
[0.832565] (ur_description) StdoutLine: {'line': b'-- Symlinking: /home/tamar/RBE594_ws/install/ur_description/share/ur_description/config/ur10e/default_kinematics.yaml\n'}
[0.837732] (ur_description) StdoutLine: {'line': b'-- Symlinking: /home/tamar/RBE594_ws/install/ur_description/share/ur_description/config/ur10e/joint_limits.yaml\n'}
[0.842740] (ur_description) StdoutLine: {'line': b'-- Symlinking: /home/tamar/RBE594_ws/install/ur_description/share/ur_description/config/ur10e/physical_parameters.yaml\n'}
[0.848757] (ur_description) StdoutLine: {'line': b'-- Symlinking: /home/tamar/RBE594_ws/install/ur_description/share/ur_description/config/ur10e/visual_parameters.yaml\n'}
[0.854141] (ur_description) StdoutLine: {'line': b'-- Symlinking: /home/tamar/RBE594_ws/install/ur_description/share/ur_description/config/ur12e/default_kinematics.yaml\n'}
[0.860935] (ur_description) StdoutLine: {'line': b'-- Symlinking: /home/tamar/RBE594_ws/install/ur_description/share/ur_description/config/ur12e/joint_limits.yaml\n'}
[0.865475] (ur_description) StdoutLine: {'line': b'-- Symlinking: /home/tamar/RBE594_ws/install/ur_description/share/ur_description/config/ur12e/physical_parameters.yaml\n'}
[0.869788] (ur_description) StdoutLine: {'line': b'-- Symlinking: /home/tamar/RBE594_ws/install/ur_description/share/ur_description/config/ur12e/visual_parameters.yaml\n'}
[0.874394] (ur_description) StdoutLine: {'line': b'-- Symlinking: /home/tamar/RBE594_ws/install/ur_description/share/ur_description/config/ur15/default_kinematics.yaml\n'}
[0.880582] (ur_description) StdoutLine: {'line': b'-- Symlinking: /home/tamar/RBE594_ws/install/ur_description/share/ur_description/config/ur15/joint_limits.yaml\n'}
[0.885172] (ur_description) StdoutLine: {'line': b'-- Symlinking: /home/tamar/RBE594_ws/install/ur_description/share/ur_description/config/ur15/physical_parameters.yaml\n'}
[0.889465] (ur_description) StdoutLine: {'line': b'-- Symlinking: /home/tamar/RBE594_ws/install/ur_description/share/ur_description/config/ur15/visual_parameters.yaml\n'}
[0.894173] (ur_description) StdoutLine: {'line': b'-- Symlinking: /home/tamar/RBE594_ws/install/ur_description/share/ur_description/config/ur16e/default_kinematics.yaml\n'}
[0.899981] (ur_description) StdoutLine: {'line': b'-- Symlinking: /home/tamar/RBE594_ws/install/ur_description/share/ur_description/config/ur16e/joint_limits.yaml\n'}
[0.900550] (-) TimerEvent: {}
[0.905928] (ur_description) StdoutLine: {'line': b'-- Symlinking: /home/tamar/RBE594_ws/install/ur_description/share/ur_description/config/ur16e/physical_parameters.yaml\n'}
[0.910663] (ur_description) StdoutLine: {'line': b'-- Symlinking: /home/tamar/RBE594_ws/install/ur_description/share/ur_description/config/ur16e/visual_parameters.yaml\n'}
[0.916821] (ur_description) StdoutLine: {'line': b'-- Symlinking: /home/tamar/RBE594_ws/install/ur_description/share/ur_description/config/ur20/default_kinematics.yaml\n'}
[0.921412] (ur_description) StdoutLine: {'line': b'-- Symlinking: /home/tamar/RBE594_ws/install/ur_description/share/ur_description/config/ur20/joint_limits.yaml\n'}
[0.926192] (ur_description) StdoutLine: {'line': b'-- Symlinking: /home/tamar/RBE594_ws/install/ur_description/share/ur_description/config/ur20/physical_parameters.yaml\n'}
[0.930625] (ur_description) StdoutLine: {'line': b'-- Symlinking: /home/tamar/RBE594_ws/install/ur_description/share/ur_description/config/ur20/visual_parameters.yaml\n'}
[0.934804] (ur_description) StdoutLine: {'line': b'-- Symlinking: /home/tamar/RBE594_ws/install/ur_description/share/ur_description/config/ur3/default_kinematics.yaml\n'}
[0.939279] (ur_description) StdoutLine: {'line': b'-- Symlinking: /home/tamar/RBE594_ws/install/ur_description/share/ur_description/config/ur3/joint_limits.yaml\n'}
[0.945466] (ur_description) StdoutLine: {'line': b'-- Symlinking: /home/tamar/RBE594_ws/install/ur_description/share/ur_description/config/ur3/physical_parameters.yaml\n'}
[0.950530] (ur_description) StdoutLine: {'line': b'-- Symlinking: /home/tamar/RBE594_ws/install/ur_description/share/ur_description/config/ur3/visual_parameters.yaml\n'}
[0.954772] (ur_description) StdoutLine: {'line': b'-- Symlinking: /home/tamar/RBE594_ws/install/ur_description/share/ur_description/config/ur30/default_kinematics.yaml\n'}
[0.959569] (ur_description) StdoutLine: {'line': b'-- Symlinking: /home/tamar/RBE594_ws/install/ur_description/share/ur_description/config/ur30/joint_limits.yaml\n'}
[0.964342] (ur_description) StdoutLine: {'line': b'-- Symlinking: /home/tamar/RBE594_ws/install/ur_description/share/ur_description/config/ur30/physical_parameters.yaml\n'}
[0.968526] (ur_description) StdoutLine: {'line': b'-- Symlinking: /home/tamar/RBE594_ws/install/ur_description/share/ur_description/config/ur30/visual_parameters.yaml\n'}
[0.972619] (ur_description) StdoutLine: {'line': b'-- Symlinking: /home/tamar/RBE594_ws/install/ur_description/share/ur_description/config/ur3e/default_kinematics.yaml\n'}
[0.978835] (ur_description) StdoutLine: {'line': b'-- Symlinking: /home/tamar/RBE594_ws/install/ur_description/share/ur_description/config/ur3e/joint_limits.yaml\n'}
[0.982849] (ur_description) StdoutLine: {'line': b'-- Symlinking: /home/tamar/RBE594_ws/install/ur_description/share/ur_description/config/ur3e/physical_parameters.yaml\n'}
[0.989459] (ur_description) StdoutLine: {'line': b'-- Symlinking: /home/tamar/RBE594_ws/install/ur_description/share/ur_description/config/ur3e/visual_parameters.yaml\n'}
[0.993849] (ur_description) StdoutLine: {'line': b'-- Symlinking: /home/tamar/RBE594_ws/install/ur_description/share/ur_description/config/ur5/default_kinematics.yaml\n'}
[0.997903] (ur_description) StdoutLine: {'line': b'-- Symlinking: /home/tamar/RBE594_ws/install/ur_description/share/ur_description/config/ur5/joint_limits.yaml\n'}
[1.000665] (-) TimerEvent: {}
[1.003215] (ur_description) StdoutLine: {'line': b'-- Symlinking: /home/tamar/RBE594_ws/install/ur_description/share/ur_description/config/ur5/physical_parameters.yaml\n'}
[1.009851] (ur_description) StdoutLine: {'line': b'-- Symlinking: /home/tamar/RBE594_ws/install/ur_description/share/ur_description/config/ur5/visual_parameters.yaml\n'}
[1.015403] (ur_description) StdoutLine: {'line': b'-- Symlinking: /home/tamar/RBE594_ws/install/ur_description/share/ur_description/config/ur5e/default_kinematics.yaml\n'}
[1.021630] (ur_description) StdoutLine: {'line': b'-- Symlinking: /home/tamar/RBE594_ws/install/ur_description/share/ur_description/config/ur5e/joint_limits.yaml\n'}
[1.026423] (ur_description) StdoutLine: {'line': b'-- Symlinking: /home/tamar/RBE594_ws/install/ur_description/share/ur_description/config/ur5e/physical_parameters.yaml\n'}
[1.031029] (ur_description) StdoutLine: {'line': b'-- Symlinking: /home/tamar/RBE594_ws/install/ur_description/share/ur_description/config/ur5e/visual_parameters.yaml\n'}
[1.036564] (ur_description) StdoutLine: {'line': b'-- Symlinking: /home/tamar/RBE594_ws/install/ur_description/share/ur_description/config/ur7e/default_kinematics.yaml\n'}
[1.040958] (ur_description) StdoutLine: {'line': b'-- Symlinking: /home/tamar/RBE594_ws/install/ur_description/share/ur_description/config/ur7e/joint_limits.yaml\n'}
[1.045958] (ur_description) StdoutLine: {'line': b'-- Symlinking: /home/tamar/RBE594_ws/install/ur_description/share/ur_description/config/ur7e/physical_parameters.yaml\n'}
[1.050834] (ur_description) StdoutLine: {'line': b'-- Symlinking: /home/tamar/RBE594_ws/install/ur_description/share/ur_description/config/ur7e/visual_parameters.yaml\n'}
[1.056649] (ur_description) StdoutLine: {'line': b'-- Symlinking: /home/tamar/RBE594_ws/install/ur_description/share/ur_description/config/ur8long/default_kinematics.yaml\n'}
[1.061812] (ur_description) StdoutLine: {'line': b'-- Symlinking: /home/tamar/RBE594_ws/install/ur_description/share/ur_description/config/ur8long/joint_limits.yaml\n'}
[1.067273] (ur_description) StdoutLine: {'line': b'-- Symlinking: /home/tamar/RBE594_ws/install/ur_description/share/ur_description/config/ur8long/physical_parameters.yaml\n'}
[1.071446] (ur_description) StdoutLine: {'line': b'-- Symlinking: /home/tamar/RBE594_ws/install/ur_description/share/ur_description/config/ur8long/visual_parameters.yaml\n'}
[1.077167] (ur_description) StdoutLine: {'line': b'-- Symlinking: /home/tamar/RBE594_ws/install/ur_description/share/ur_description/launch/view_ur.launch.py\n'}
[1.083573] (ur_description) StdoutLine: {'line': b'-- Symlinking: /home/tamar/RBE594_ws/install/ur_description/share/ur_description/meshes/ur10/collision/base.stl\n'}
[1.088556] (ur_description) StdoutLine: {'line': b'-- Symlinking: /home/tamar/RBE594_ws/install/ur_description/share/ur_description/meshes/ur10/collision/forearm.stl\n'}
[1.093372] (ur_description) StdoutLine: {'line': b'-- Symlinking: /home/tamar/RBE594_ws/install/ur_description/share/ur_description/meshes/ur10/collision/shoulder.stl\n'}
[1.098018] (ur_description) StdoutLine: {'line': b'-- Symlinking: /home/tamar/RBE594_ws/install/ur_description/share/ur_description/meshes/ur10/collision/upperarm.stl\n'}
[1.100773] (-) TimerEvent: {}
[1.102678] (ur_description) StdoutLine: {'line': b'-- Symlinking: /home/tamar/RBE594_ws/install/ur_description/share/ur_description/meshes/ur10/collision/wrist1.stl\n'}
[1.106993] (ur_description) StdoutLine: {'line': b'-- Symlinking: /home/tamar/RBE594_ws/install/ur_description/share/ur_description/meshes/ur10/collision/wrist2.stl\n'}
[1.110757] (ur_description) StdoutLine: {'line': b'-- Symlinking: /home/tamar/RBE594_ws/install/ur_description/share/ur_description/meshes/ur10/collision/wrist3.stl\n'}
[1.115238] (ur_description) StdoutLine: {'line': b'-- Symlinking: /home/tamar/RBE594_ws/install/ur_description/share/ur_description/meshes/ur10/visual/base.dae\n'}
[1.123816] (ur_description) StdoutLine: {'line': b'-- Symlinking: /home/tamar/RBE594_ws/install/ur_description/share/ur_description/meshes/ur10/visual/forearm.dae\n'}
[1.133100] (ur_description) StdoutLine: {'line': b'-- Symlinking: /home/tamar/RBE594_ws/install/ur_description/share/ur_description/meshes/ur10/visual/shoulder.dae\n'}
[1.139868] (ur_description) StdoutLine: {'line': b'-- Symlinking: /home/tamar/RBE594_ws/install/ur_description/share/ur_description/meshes/ur10/visual/upperarm.dae\n'}
[1.148380] (ur_description) StdoutLine: {'line': b'-- Symlinking: /home/tamar/RBE594_ws/install/ur_description/share/ur_description/meshes/ur10/visual/wrist1.dae\n'}
[1.156851] (ur_description) StdoutLine: {'line': b'-- Symlinking: /home/tamar/RBE594_ws/install/ur_description/share/ur_description/meshes/ur10/visual/wrist2.dae\n'}
[1.169647] (ur_description) StdoutLine: {'line': b'-- Symlinking: /home/tamar/RBE594_ws/install/ur_description/share/ur_description/meshes/ur10/visual/wrist3.dae\n'}
[1.189237] (ur_description) StdoutLine: {'line': b'-- Symlinking: /home/tamar/RBE594_ws/install/ur_description/share/ur_description/meshes/ur10e/collision/base.stl\n'}
[1.200867] (-) TimerEvent: {}
[1.209598] (ur_description) StdoutLine: {'line': b'-- Symlinking: /home/tamar/RBE594_ws/install/ur_description/share/ur_description/meshes/ur10e/collision/forearm.stl\n'}
[1.227229] (ur_description) StdoutLine: {'line': b'-- Symlinking: /home/tamar/RBE594_ws/install/ur_description/share/ur_description/meshes/ur10e/collision/shoulder.stl\n'}
[1.238453] (ur_description) StdoutLine: {'line': b'-- Symlinking: /home/tamar/RBE594_ws/install/ur_description/share/ur_description/meshes/ur10e/collision/upperarm.stl\n'}
[1.253859] (ur_description) StdoutLine: {'line': b'-- Symlinking: /home/tamar/RBE594_ws/install/ur_description/share/ur_description/meshes/ur10e/collision/wrist1.stl\n'}
[1.274351] (ur_description) StdoutLine: {'line': b'-- Symlinking: /home/tamar/RBE594_ws/install/ur_description/share/ur_description/meshes/ur10e/collision/wrist2.stl\n'}
[1.294594] (ur_description) StdoutLine: {'line': b'-- Symlinking: /home/tamar/RBE594_ws/install/ur_description/share/ur_description/meshes/ur10e/collision/wrist3.stl\n'}
[1.301054] (-) TimerEvent: {}
[1.308832] (ur_description) StdoutLine: {'line': b'-- Symlinking: /home/tamar/RBE594_ws/install/ur_description/share/ur_description/meshes/ur10e/visual/base.dae\n'}
[1.323875] (ur_description) StdoutLine: {'line': b'-- Symlinking: /home/tamar/RBE594_ws/install/ur_description/share/ur_description/meshes/ur10e/visual/forearm.dae\n'}
[1.336578] (ur_description) StdoutLine: {'line': b'-- Symlinking: /home/tamar/RBE594_ws/install/ur_description/share/ur_description/meshes/ur10e/visual/shoulder.dae\n'}
[1.347208] (ur_description) StdoutLine: {'line': b'-- Symlinking: /home/tamar/RBE594_ws/install/ur_description/share/ur_description/meshes/ur10e/visual/upperarm.dae\n'}
[1.356476] (ur_description) StdoutLine: {'line': b'-- Symlinking: /home/tamar/RBE594_ws/install/ur_description/share/ur_description/meshes/ur10e/visual/wrist1.dae\n'}
[1.371027] (ur_description) StdoutLine: {'line': b'-- Symlinking: /home/tamar/RBE594_ws/install/ur_description/share/ur_description/meshes/ur10e/visual/wrist2.dae\n'}
[1.388866] (ur_description) StdoutLine: {'line': b'-- Symlinking: /home/tamar/RBE594_ws/install/ur_description/share/ur_description/meshes/ur10e/visual/wrist3.dae\n'}
[1.401213] (-) TimerEvent: {}
[1.403895] (ur_description) StdoutLine: {'line': b'-- Symlinking: /home/tamar/RBE594_ws/install/ur_description/share/ur_description/meshes/ur15/LICENSE.txt\n'}
[1.419750] (ur_description) StdoutLine: {'line': b'-- Symlinking: /home/tamar/RBE594_ws/install/ur_description/share/ur_description/meshes/ur15/collision/base.stl\n'}
[1.435071] (ur_description) StdoutLine: {'line': b'-- Symlinking: /home/tamar/RBE594_ws/install/ur_description/share/ur_description/meshes/ur15/collision/forearm.stl\n'}
[1.446899] (ur_description) StdoutLine: {'line': b'-- Symlinking: /home/tamar/RBE594_ws/install/ur_description/share/ur_description/meshes/ur15/collision/shoulder.stl\n'}
[1.464174] (ur_description) StdoutLine: {'line': b'-- Symlinking: /home/tamar/RBE594_ws/install/ur_description/share/ur_description/meshes/ur15/collision/upperarm.stl\n'}
[1.481174] (ur_description) StdoutLine: {'line': b'-- Symlinking: /home/tamar/RBE594_ws/install/ur_description/share/ur_description/meshes/ur15/collision/wrist1.stl\n'}
[1.489818] (ur_description) StdoutLine: {'line': b'-- Symlinking: /home/tamar/RBE594_ws/install/ur_description/share/ur_description/meshes/ur15/collision/wrist2.stl\n'}
[1.501219] (ur_description) StdoutLine: {'line': b'-- Symlinking: /home/tamar/RBE594_ws/install/ur_description/share/ur_description/meshes/ur15/collision/wrist3.stl\n'}
[1.501408] (-) TimerEvent: {}
[1.515661] (ur_description) StdoutLine: {'line': b'-- Symlinking: /home/tamar/RBE594_ws/install/ur_description/share/ur_description/meshes/ur15/visual/UR15_DIFF_8bit_2K.jpg\n'}
[1.532662] (ur_description) StdoutLine: {'line': b'-- Symlinking: /home/tamar/RBE594_ws/install/ur_description/share/ur_description/meshes/ur15/visual/base.dae\n'}
[1.544847] (ur_description) StdoutLine: {'line': b'-- Symlinking: /home/tamar/RBE594_ws/install/ur_description/share/ur_description/meshes/ur15/visual/forearm.dae\n'}
[1.554235] (ur_description) StdoutLine: {'line': b'-- Symlinking: /home/tamar/RBE594_ws/install/ur_description/share/ur_description/meshes/ur15/visual/shoulder.dae\n'}
[1.566733] (ur_description) StdoutLine: {'line': b'-- Symlinking: /home/tamar/RBE594_ws/install/ur_description/share/ur_description/meshes/ur15/visual/upperarm.dae\n'}
[1.579990] (ur_description) StdoutLine: {'line': b'-- Symlinking: /home/tamar/RBE594_ws/install/ur_description/share/ur_description/meshes/ur15/visual/wrist1.dae\n'}
[1.589674] (ur_description) StdoutLine: {'line': b'-- Symlinking: /home/tamar/RBE594_ws/install/ur_description/share/ur_description/meshes/ur15/visual/wrist2.dae\n'}
[1.596853] (ur_description) StdoutLine: {'line': b'-- Symlinking: /home/tamar/RBE594_ws/install/ur_description/share/ur_description/meshes/ur15/visual/wrist3.dae\n'}
[1.601576] (-) TimerEvent: {}
[1.607163] (ur_description) StdoutLine: {'line': b'-- Symlinking: /home/tamar/RBE594_ws/install/ur_description/share/ur_description/meshes/ur16e/collision/forearm.stl\n'}
[1.616782] (ur_description) StdoutLine: {'line': b'-- Symlinking: /home/tamar/RBE594_ws/install/ur_description/share/ur_description/meshes/ur16e/collision/upperarm.stl\n'}
[1.625165] (ur_description) StdoutLine: {'line': b'-- Symlinking: /home/tamar/RBE594_ws/install/ur_description/share/ur_description/meshes/ur16e/visual/forearm.dae\n'}
[1.641760] (ur_description) StdoutLine: {'line': b'-- Symlinking: /home/tamar/RBE594_ws/install/ur_description/share/ur_description/meshes/ur16e/visual/upperarm.dae\n'}
[1.660768] (ur_description) StdoutLine: {'line': b'-- Symlinking: /home/tamar/RBE594_ws/install/ur_description/share/ur_description/meshes/ur20/LICENSE.txt\n'}
[1.677670] (ur_description) StdoutLine: {'line': b'-- Symlinking: /home/tamar/RBE594_ws/install/ur_description/share/ur_description/meshes/ur20/collision/base.stl\n'}
[1.692153] (ur_description) StdoutLine: {'line': b'-- Symlinking: /home/tamar/RBE594_ws/install/ur_description/share/ur_description/meshes/ur20/collision/forearm.stl\n'}
[1.701753] (-) TimerEvent: {}
[1.710561] (ur_description) StdoutLine: {'line': b'-- Symlinking: /home/tamar/RBE594_ws/install/ur_description/share/ur_description/meshes/ur20/collision/shoulder.stl\n'}
[1.728099] (ur_description) StdoutLine: {'line': b'-- Symlinking: /home/tamar/RBE594_ws/install/ur_description/share/ur_description/meshes/ur20/collision/upperarm.stl\n'}
[1.747287] (ur_description) StdoutLine: {'line': b'-- Symlinking: /home/tamar/RBE594_ws/install/ur_description/share/ur_description/meshes/ur20/collision/wrist1.stl\n'}
[1.761508] (ur_description) StdoutLine: {'line': b'-- Symlinking: /home/tamar/RBE594_ws/install/ur_description/share/ur_description/meshes/ur20/collision/wrist2.stl\n'}
[1.774232] (ur_description) StdoutLine: {'line': b'-- Symlinking: /home/tamar/RBE594_ws/install/ur_description/share/ur_description/meshes/ur20/collision/wrist3.stl\n'}
[1.789517] (ur_description) StdoutLine: {'line': b'-- Symlinking: /home/tamar/RBE594_ws/install/ur_description/share/ur_description/meshes/ur20/visual/UR20_DIFF_8bit_2K.png\n'}
[1.801148] (ur_description) StdoutLine: {'line': b'-- Symlinking: /home/tamar/RBE594_ws/install/ur_description/share/ur_description/meshes/ur20/visual/base.dae\n'}
[1.801792] (-) TimerEvent: {}
[1.816035] (ur_description) StdoutLine: {'line': b'-- Symlinking: /home/tamar/RBE594_ws/install/ur_description/share/ur_description/meshes/ur20/visual/forearm.dae\n'}
[1.835792] (ur_description) StdoutLine: {'line': b'-- Symlinking: /home/tamar/RBE594_ws/install/ur_description/share/ur_description/meshes/ur20/visual/shoulder.dae\n'}
[1.856542] (ur_description) StdoutLine: {'line': b'-- Symlinking: /home/tamar/RBE594_ws/install/ur_description/share/ur_description/meshes/ur20/visual/upperarm.dae\n'}
[1.873261] (ur_description) StdoutLine: {'line': b'-- Symlinking: /home/tamar/RBE594_ws/install/ur_description/share/ur_description/meshes/ur20/visual/wrist1.dae\n'}
[1.882262] (ur_description) StdoutLine: {'line': b'-- Symlinking: /home/tamar/RBE594_ws/install/ur_description/share/ur_description/meshes/ur20/visual/wrist2.dae\n'}
[1.892752] (ur_description) StdoutLine: {'line': b'-- Symlinking: /home/tamar/RBE594_ws/install/ur_description/share/ur_description/meshes/ur20/visual/wrist3.dae\n'}
[1.901923] (-) TimerEvent: {}
[1.911099] (ur_description) StdoutLine: {'line': b'-- Symlinking: /home/tamar/RBE594_ws/install/ur_description/share/ur_description/meshes/ur3/collision/base.stl\n'}
[1.923873] (ur_description) StdoutLine: {'line': b'-- Symlinking: /home/tamar/RBE594_ws/install/ur_description/share/ur_description/meshes/ur3/collision/forearm.stl\n'}
[1.942394] (ur_description) StdoutLine: {'line': b'-- Symlinking: /home/tamar/RBE594_ws/install/ur_description/share/ur_description/meshes/ur3/collision/shoulder.stl\n'}
[1.961079] (ur_description) StdoutLine: {'line': b'-- Symlinking: /home/tamar/RBE594_ws/install/ur_description/share/ur_description/meshes/ur3/collision/upperarm.stl\n'}
[1.972393] (ur_description) StdoutLine: {'line': b'-- Symlinking: /home/tamar/RBE594_ws/install/ur_description/share/ur_description/meshes/ur3/collision/wrist1.stl\n'}
[1.992408] (ur_description) StdoutLine: {'line': b'-- Symlinking: /home/tamar/RBE594_ws/install/ur_description/share/ur_description/meshes/ur3/collision/wrist2.stl\n'}
[2.002118] (-) TimerEvent: {}
[2.006211] (ur_description) StdoutLine: {'line': b'-- Symlinking: /home/tamar/RBE594_ws/install/ur_description/share/ur_description/meshes/ur3/collision/wrist3.stl\n'}
[2.027062] (ur_description) StdoutLine: {'line': b'-- Symlinking: /home/tamar/RBE594_ws/install/ur_description/share/ur_description/meshes/ur3/visual/base.dae\n'}
[2.042500] (ur_description) StdoutLine: {'line': b'-- Symlinking: /home/tamar/RBE594_ws/install/ur_description/share/ur_description/meshes/ur3/visual/forearm.dae\n'}
[2.059677] (ur_description) StdoutLine: {'line': b'-- Symlinking: /home/tamar/RBE594_ws/install/ur_description/share/ur_description/meshes/ur3/visual/shoulder.dae\n'}
[2.079804] (ur_description) StdoutLine: {'line': b'-- Symlinking: /home/tamar/RBE594_ws/install/ur_description/share/ur_description/meshes/ur3/visual/upperarm.dae\n'}
[2.098462] (ur_description) StdoutLine: {'line': b'-- Symlinking: /home/tamar/RBE594_ws/install/ur_description/share/ur_description/meshes/ur3/visual/wrist1.dae\n'}
[2.102207] (-) TimerEvent: {}
[2.114956] (ur_description) StdoutLine: {'line': b'-- Symlinking: /home/tamar/RBE594_ws/install/ur_description/share/ur_description/meshes/ur3/visual/wrist2.dae\n'}
[2.133322] (ur_description) StdoutLine: {'line': b'-- Symlinking: /home/tamar/RBE594_ws/install/ur_description/share/ur_description/meshes/ur3/visual/wrist3.dae\n'}
[2.155226] (ur_description) StdoutLine: {'line': b'-- Symlinking: /home/tamar/RBE594_ws/install/ur_description/share/ur_description/meshes/ur30/LICENSE.txt\n'}
[2.174638] (ur_description) StdoutLine: {'line': b'-- Symlinking: /home/tamar/RBE594_ws/install/ur_description/share/ur_description/meshes/ur30/collision/forearm.stl\n'}
[2.191843] (ur_description) StdoutLine: {'line': b'-- Symlinking: /home/tamar/RBE594_ws/install/ur_description/share/ur_description/meshes/ur30/collision/upperarm.stl\n'}
[2.202395] (-) TimerEvent: {}
[2.207600] (ur_description) StdoutLine: {'line': b'-- Symlinking: /home/tamar/RBE594_ws/install/ur_description/share/ur_description/meshes/ur30/visual/UR30_DIFF_8bit_2K.png\n'}
[2.220245] (ur_description) StdoutLine: {'line': b'-- Symlinking: /home/tamar/RBE594_ws/install/ur_description/share/ur_description/meshes/ur30/visual/forearm.dae\n'}
[2.232983] (ur_description) StdoutLine: {'line': b'-- Symlinking: /home/tamar/RBE594_ws/install/ur_description/share/ur_description/meshes/ur30/visual/upperarm.dae\n'}
[2.250739] (ur_description) StdoutLine: {'line': b'-- Symlinking: /home/tamar/RBE594_ws/install/ur_description/share/ur_description/meshes/ur3e/collision/base.stl\n'}
[2.270774] (ur_description) StdoutLine: {'line': b'-- Symlinking: /home/tamar/RBE594_ws/install/ur_description/share/ur_description/meshes/ur3e/collision/forearm.stl\n'}
[2.285457] (ur_description) StdoutLine: {'line': b'-- Symlinking: /home/tamar/RBE594_ws/install/ur_description/share/ur_description/meshes/ur3e/collision/shoulder.stl\n'}
[2.297553] (ur_description) StdoutLine: {'line': b'-- Symlinking: /home/tamar/RBE594_ws/install/ur_description/share/ur_description/meshes/ur3e/collision/upperarm.stl\n'}
[2.302645] (-) TimerEvent: {}
[2.319600] (ur_description) StdoutLine: {'line': b'-- Symlinking: /home/tamar/RBE594_ws/install/ur_description/share/ur_description/meshes/ur3e/collision/wrist1.stl\n'}
[2.337993] (ur_description) StdoutLine: {'line': b'-- Symlinking: /home/tamar/RBE594_ws/install/ur_description/share/ur_description/meshes/ur3e/collision/wrist2.stl\n'}
[2.349408] (ur_description) StdoutLine: {'line': b'-- Symlinking: /home/tamar/RBE594_ws/install/ur_description/share/ur_description/meshes/ur3e/collision/wrist3.stl\n'}
[2.365580] (ur_description) StdoutLine: {'line': b'-- Symlinking: /home/tamar/RBE594_ws/install/ur_description/share/ur_description/meshes/ur3e/visual/base.dae\n'}
[2.385192] (ur_description) StdoutLine: {'line': b'-- Symlinking: /home/tamar/RBE594_ws/install/ur_description/share/ur_description/meshes/ur3e/visual/forearm.dae\n'}
[2.401059] (ur_description) StdoutLine: {'line': b'-- Symlinking: /home/tamar/RBE594_ws/install/ur_description/share/ur_description/meshes/ur3e/visual/shoulder.dae\n'}
[2.402717] (-) TimerEvent: {}
[2.413690] (ur_description) StdoutLine: {'line': b'-- Symlinking: /home/tamar/RBE594_ws/install/ur_description/share/ur_description/meshes/ur3e/visual/upperarm.dae\n'}
[2.429243] (ur_description) StdoutLine: {'line': b'-- Symlinking: /home/tamar/RBE594_ws/install/ur_description/share/ur_description/meshes/ur3e/visual/wrist1.dae\n'}
[2.445969] (ur_description) StdoutLine: {'line': b'-- Symlinking: /home/tamar/RBE594_ws/install/ur_description/share/ur_description/meshes/ur3e/visual/wrist2.dae\n'}
[2.459071] (ur_description) StdoutLine: {'line': b'-- Symlinking: /home/tamar/RBE594_ws/install/ur_description/share/ur_description/meshes/ur3e/visual/wrist3.dae\n'}
[2.474084] (ur_description) StdoutLine: {'line': b'-- Symlinking: /home/tamar/RBE594_ws/install/ur_description/share/ur_description/meshes/ur5/collision/base.stl\n'}
[2.485834] (ur_description) StdoutLine: {'line': b'-- Symlinking: /home/tamar/RBE594_ws/install/ur_description/share/ur_description/meshes/ur5/collision/forearm.stl\n'}
[2.497938] (ur_description) StdoutLine: {'line': b'-- Symlinking: /home/tamar/RBE594_ws/install/ur_description/share/ur_description/meshes/ur5/collision/shoulder.stl\n'}
[2.502819] (-) TimerEvent: {}
[2.504535] (ur_description) StdoutLine: {'line': b'-- Symlinking: /home/tamar/RBE594_ws/install/ur_description/share/ur_description/meshes/ur5/collision/upperarm.stl\n'}
[2.520635] (ur_description) StdoutLine: {'line': b'-- Symlinking: /home/tamar/RBE594_ws/install/ur_description/share/ur_description/meshes/ur5/collision/wrist1.stl\n'}
[2.544056] (ur_description) StdoutLine: {'line': b'-- Symlinking: /home/tamar/RBE594_ws/install/ur_description/share/ur_description/meshes/ur5/collision/wrist2.stl\n'}
[2.561083] (ur_description) StdoutLine: {'line': b'-- Symlinking: /home/tamar/RBE594_ws/install/ur_description/share/ur_description/meshes/ur5/collision/wrist3.stl\n'}
[2.579129] (ur_description) StdoutLine: {'line': b'-- Symlinking: /home/tamar/RBE594_ws/install/ur_description/share/ur_description/meshes/ur5/visual/base.dae\n'}
[2.590436] (ur_description) StdoutLine: {'line': b'-- Symlinking: /home/tamar/RBE594_ws/install/ur_description/share/ur_description/meshes/ur5/visual/forearm.dae\n'}
[2.602036] (ur_description) StdoutLine: {'line': b'-- Symlinking: /home/tamar/RBE594_ws/install/ur_description/share/ur_description/meshes/ur5/visual/shoulder.dae\n'}
[2.602996] (-) TimerEvent: {}
[2.618352] (ur_description) StdoutLine: {'line': b'-- Symlinking: /home/tamar/RBE594_ws/install/ur_description/share/ur_description/meshes/ur5/visual/upperarm.dae\n'}
[2.634371] (ur_description) StdoutLine: {'line': b'-- Symlinking: /home/tamar/RBE594_ws/install/ur_description/share/ur_description/meshes/ur5/visual/wrist1.dae\n'}
[2.651460] (ur_description) StdoutLine: {'line': b'-- Symlinking: /home/tamar/RBE594_ws/install/ur_description/share/ur_description/meshes/ur5/visual/wrist2.dae\n'}
[2.670887] (ur_description) StdoutLine: {'line': b'-- Symlinking: /home/tamar/RBE594_ws/install/ur_description/share/ur_description/meshes/ur5/visual/wrist3.dae\n'}
[2.689727] (ur_description) StdoutLine: {'line': b'-- Symlinking: /home/tamar/RBE594_ws/install/ur_description/share/ur_description/meshes/ur5e/collision/base.stl\n'}
[2.703149] (-) TimerEvent: {}
[2.704687] (ur_description) StdoutLine: {'line': b'-- Symlinking: /home/tamar/RBE594_ws/install/ur_description/share/ur_description/meshes/ur5e/collision/forearm.stl\n'}
[2.719019] (ur_description) StdoutLine: {'line': b'-- Symlinking: /home/tamar/RBE594_ws/install/ur_description/share/ur_description/meshes/ur5e/collision/shoulder.stl\n'}
[2.734946] (ur_description) StdoutLine: {'line': b'-- Symlinking: /home/tamar/RBE594_ws/install/ur_description/share/ur_description/meshes/ur5e/collision/upperarm.stl\n'}
[2.745262] (ur_description) StdoutLine: {'line': b'-- Symlinking: /home/tamar/RBE594_ws/install/ur_description/share/ur_description/meshes/ur5e/collision/wrist1.stl\n'}
[2.754650] (ur_description) StdoutLine: {'line': b'-- Symlinking: /home/tamar/RBE594_ws/install/ur_description/share/ur_description/meshes/ur5e/collision/wrist2.stl\n'}
[2.762014] (ur_description) StdoutLine: {'line': b'-- Symlinking: /home/tamar/RBE594_ws/install/ur_description/share/ur_description/meshes/ur5e/collision/wrist3.stl\n'}
[2.775923] (ur_description) StdoutLine: {'line': b'-- Symlinking: /home/tamar/RBE594_ws/install/ur_description/share/ur_description/meshes/ur5e/visual/base.dae\n'}
[2.785928] (ur_description) StdoutLine: {'line': b'-- Symlinking: /home/tamar/RBE594_ws/install/ur_description/share/ur_description/meshes/ur5e/visual/forearm.dae\n'}
[2.801671] (ur_description) StdoutLine: {'line': b'-- Symlinking: /home/tamar/RBE594_ws/install/ur_description/share/ur_description/meshes/ur5e/visual/shoulder.dae\n'}
[2.803265] (-) TimerEvent: {}
[2.816504] (ur_description) StdoutLine: {'line': b'-- Symlinking: /home/tamar/RBE594_ws/install/ur_description/share/ur_description/meshes/ur5e/visual/upperarm.dae\n'}
[2.826836] (ur_description) StdoutLine: {'line': b'-- Symlinking: /home/tamar/RBE594_ws/install/ur_description/share/ur_description/meshes/ur5e/visual/wrist1.dae\n'}
[2.844006] (ur_description) StdoutLine: {'line': b'-- Symlinking: /home/tamar/RBE594_ws/install/ur_description/share/ur_description/meshes/ur5e/visual/wrist2.dae\n'}
[2.861622] (ur_description) StdoutLine: {'line': b'-- Symlinking: /home/tamar/RBE594_ws/install/ur_description/share/ur_description/meshes/ur5e/visual/wrist3.dae\n'}
[2.874735] (ur_description) StdoutLine: {'line': b'-- Symlinking: /home/tamar/RBE594_ws/install/ur_description/share/ur_description/meshes/ur8long/LICENSE.txt\n'}
[2.894324] (ur_description) StdoutLine: {'line': b'-- Symlinking: /home/tamar/RBE594_ws/install/ur_description/share/ur_description/meshes/ur8long/collision/forearm.stl\n'}
[2.903427] (-) TimerEvent: {}
[2.909536] (ur_description) StdoutLine: {'line': b'-- Symlinking: /home/tamar/RBE594_ws/install/ur_description/share/ur_description/meshes/ur8long/collision/upperarm.stl\n'}
[2.927688] (ur_description) StdoutLine: {'line': b'-- Symlinking: /home/tamar/RBE594_ws/install/ur_description/share/ur_description/meshes/ur8long/visual/UR8Long_DIFF_8bit_2K.jpg\n'}
[2.944602] (ur_description) StdoutLine: {'line': b'-- Symlinking: /home/tamar/RBE594_ws/install/ur_description/share/ur_description/meshes/ur8long/visual/forearm.dae\n'}
[2.956841] (ur_description) StdoutLine: {'line': b'-- Symlinking: /home/tamar/RBE594_ws/install/ur_description/share/ur_description/meshes/ur8long/visual/upperarm.dae\n'}
[2.967965] (ur_description) StdoutLine: {'line': b'-- Symlinking: /home/tamar/RBE594_ws/install/ur_description/share/ur_description/rviz/view_robot.rviz\n'}
[2.984510] (ur_description) StdoutLine: {'line': b'-- Symlinking: /home/tamar/RBE594_ws/install/ur_description/share/ur_description/urdf/inc/ur_common.xacro\n'}
[2.993094] (ur_description) StdoutLine: {'line': b'-- Symlinking: /home/tamar/RBE594_ws/install/ur_description/share/ur_description/urdf/inc/ur_transmissions.xacro\n'}
[3.002489] (ur_description) StdoutLine: {'line': b'-- Symlinking: /home/tamar/RBE594_ws/install/ur_description/share/ur_description/urdf/ur.ros2_control.xacro\n'}
[3.003483] (-) TimerEvent: {}
[3.020467] (ur_description) StdoutLine: {'line': b'-- Symlinking: /home/tamar/RBE594_ws/install/ur_description/share/ur_description/urdf/ur.urdf.xacro\n'}
[3.033695] (ur_description) StdoutLine: {'line': b'-- Symlinking: /home/tamar/RBE594_ws/install/ur_description/share/ur_description/urdf/ur_macro.xacro\n'}
[3.046652] (ur_description) StdoutLine: {'line': b'-- Symlinking: /home/tamar/RBE594_ws/install/ur_description/share/ur_description/test/test_ur_urdf_xacro.py\n'}
[3.053696] (ur_description) StdoutLine: {'line': b'-- Symlinking: /home/tamar/RBE594_ws/install/ur_description/share/ur_description/test/test_view_ur_launch.py\n'}
[3.062436] (ur_description) StdoutLine: {'line': b'-- Symlinking: /home/tamar/RBE594_ws/install/ur_description/share/ament_index/resource_index/package_run_dependencies/ur_description\n'}
[3.072722] (ur_description) StdoutLine: {'line': b'-- Symlinking: /home/tamar/RBE594_ws/install/ur_description/share/ament_index/resource_index/parent_prefix_path/ur_description\n'}
[3.083137] (ur_description) StdoutLine: {'line': b'-- Symlinking: /home/tamar/RBE594_ws/install/ur_description/share/ur_description/environment/ament_prefix_path.sh\n'}
[3.092951] (ur_description) StdoutLine: {'line': b'-- Symlinking: /home/tamar/RBE594_ws/install/ur_description/share/ur_description/environment/ament_prefix_path.dsv\n'}
[3.103556] (-) TimerEvent: {}
[3.108344] (ur_description) StdoutLine: {'line': b'-- Symlinking: /home/tamar/RBE594_ws/install/ur_description/share/ur_description/environment/path.sh\n'}
[3.118947] (ur_description) StdoutLine: {'line': b'-- Symlinking: /home/tamar/RBE594_ws/install/ur_description/share/ur_description/environment/path.dsv\n'}
[3.129836] (ur_description) StdoutLine: {'line': b'-- Symlinking: /home/tamar/RBE594_ws/install/ur_description/share/ur_description/local_setup.bash\n'}
[3.140791] (ur_description) StdoutLine: {'line': b'-- Symlinking: /home/tamar/RBE594_ws/install/ur_description/share/ur_description/local_setup.sh\n'}
[3.152770] (ur_description) StdoutLine: {'line': b'-- Symlinking: /home/tamar/RBE594_ws/install/ur_description/share/ur_description/local_setup.zsh\n'}
[3.164912] (ur_description) StdoutLine: {'line': b'-- Symlinking: /home/tamar/RBE594_ws/install/ur_description/share/ur_description/local_setup.dsv\n'}
[3.178379] (ur_description) StdoutLine: {'line': b'-- Symlinking: /home/tamar/RBE594_ws/install/ur_description/share/ur_description/package.dsv\n'}
[3.197714] (ur_description) StdoutLine: {'line': b'-- Symlinking: /home/tamar/RBE594_ws/install/ur_description/share/ament_index/resource_index/packages/ur_description\n'}
[3.203739] (-) TimerEvent: {}
[3.216319] (ur_description) StdoutLine: {'line': b'-- Symlinking: /home/tamar/RBE594_ws/install/ur_description/share/ur_description/cmake/ur_descriptionConfig.cmake\n'}
[3.233049] (ur_description) StdoutLine: {'line': b'-- Symlinking: /home/tamar/RBE594_ws/install/ur_description/share/ur_description/cmake/ur_descriptionConfig-version.cmake\n'}
[3.247587] (ur_description) StdoutLine: {'line': b'-- Symlinking: /home/tamar/RBE594_ws/install/ur_description/share/ur_description/package.xml\n'}
[3.260536] (ur_description) CommandEnded: {'returncode': 0}
[3.268279] (ur_description) JobEnded: {'identifier': 'ur_description', 'rc': 0}
[3.268610] (ur_simulation_gz) JobStarted: {'identifier': 'ur_simulation_gz'}
[3.272882] (ur_simulation_gz) JobProgress: {'identifier': 'ur_simulation_gz', 'progress': 'cmake'}
[3.273165] (ur_simulation_gz) Command: {'cmd': ['/usr/bin/cmake', '/home/tamar/RBE594_ws/src/Universal_Robots_ROS2_GZ_Simulation/ur_simulation_gz', '-DAMENT_CMAKE_SYMLINK_INSTALL=1', '-DCMAKE_INSTALL_PREFIX=/home/tamar/RBE594_ws/install/ur_simulation_gz'], 'cwd': '/home/tamar/RBE594_ws/build/ur_simulation_gz', 'env': OrderedDict({'GZ_SIM_RESOURCE_PATH': '/opt/ros/jazzy/share', 'GZ_CONFIG_PATH': '/opt/ros/jazzy/opt/gz_sim_vendor/share/gz:/opt/ros/jazzy/opt/sdformat_vendor/share/gz:/opt/ros/jazzy/opt/gz_gui_vendor/share/gz:/opt/ros/jazzy/opt/gz_transport_vendor/share/gz:/opt/ros/jazzy/opt/gz_rendering_vendor/share/gz:/opt/ros/jazzy/opt/gz_plugin_vendor/share/gz:/opt/ros/jazzy/opt/gz_fuel_tools_vendor/share/gz:/opt/ros/jazzy/opt/gz_msgs_vendor/share/gz:/opt/ros/jazzy/opt/gz_common_vendor/share/gz', 'HOSTNAME': 'cc3e0c1cee19', 'SHLVL': '1', 'LD_LIBRARY_PATH': '/opt/ros/jazzy/opt/gz_sim_vendor/lib:/opt/ros/jazzy/opt/gz_sensors_vendor/lib:/opt/ros/jazzy/opt/gz_physics_vendor/lib:/opt/ros/jazzy/opt/sdformat_vendor/lib:/opt/ros/jazzy/opt/rviz_ogre_vendor/lib:/opt/ros/jazzy/lib/x86_64-linux-gnu:/opt/ros/jazzy/opt/gz_gui_vendor/lib:/opt/ros/jazzy/opt/gz_transport_vendor/lib:/opt/ros/jazzy/opt/gz_rendering_vendor/lib:/opt/ros/jazzy/opt/gz_plugin_vendor/lib:/opt/ros/jazzy/opt/gz_fuel_tools_vendor/lib:/opt/ros/jazzy/opt/gz_msgs_vendor/lib:/opt/ros/jazzy/opt/gz_common_vendor/lib:/opt/ros/jazzy/opt/gz_math_vendor/lib:/opt/ros/jazzy/opt/gz_utils_vendor/lib:/opt/ros/jazzy/opt/gz_tools_vendor/lib:/opt/ros/jazzy/opt/gz_ogre_next_vendor/lib:/opt/ros/jazzy/opt/gz_dartsim_vendor/lib:/opt/ros/jazzy/opt/gz_cmake_vendor/lib:/opt/ros/jazzy/lib', 'HOME': '/home/tamar', 'OLDPWD': '/home/tamar/RBE594_ws', 'ROS_PYTHON_VERSION': '3', 'PS1': '(vEnv) ${debian_chroot:+($debian_chroot)}\\u@\\h:\\w\\$', 'COLCON_PREFIX_PATH': '/home/tamar/RBE594_ws/install', 'ROS_DISTRO': 'jazzy', '_': '/usr/bin/colcon', 'ROS_VERSION': '2', 'TERM': 'xterm', 'QT_X11_NO_MITSHM': '1', 'PATH': '/home/tamar/vEnv/bin:/opt/ros/jazzy/opt/gz_msgs_vendor/bin:/opt/ros/jazzy/opt/gz_tools_vendor/bin:/opt/ros/jazzy/opt/gz_ogre_next_vendor/bin:/opt/ros/jazzy/bin:/usr/local/sbin:/usr/local/bin:/usr/sbin:/usr/bin:/sbin:/bin', 'DISPLAY': ':0', 'LANG': 'C.UTF-8', 'VIRTUAL_ENV_PROMPT': '(vEnv)', 'RMW_IMPLEMENTATION': 'rmw_cyclonedds_cpp', 'AMENT_PREFIX_PATH': '/home/tamar/RBE594_ws/install/ur_simulation_gz:/home/tamar/RBE594_ws/install/ur_description:/home/tamar/RBE594_ws/install/sirgas_description:/home/tamar/RBE594_ws/install/custom_gear_controllers:/opt/ros/jazzy', 'VIRTUAL_ENV': '/home/tamar/vEnv', 'ROS_AUTOMATIC_DISCOVERY_RANGE': 'SUBNET', 'PWD': '/home/tamar/RBE594_ws/build/ur_simulation_gz', 'TURTLEBOT3_MODEL': 'waffle', 'LC_ALL': 'C.UTF-8', 'PYTHONPATH': '/home/tamar/RBE594_ws/build/custom_gear_controllers:/home/tamar/RBE594_ws/install/custom_gear_controllers/lib/python3.12/site-packages:/opt/ros/jazzy/lib/python3.12/site-packages', 'NVIDIA_VISIBLE_DEVICES': 'all', 'COLCON': '1', 'CMAKE_PREFIX_PATH': '/home/tamar/RBE594_ws/install/ur_description:/home/tamar/RBE594_ws/install/ur_simulation_gz:/home/tamar/RBE594_ws/install/sirgas_description:/opt/ros/jazzy/opt/gz_sim_vendor:/opt/ros/jazzy/opt/gz_sensors_vendor:/opt/ros/jazzy/opt/gz_physics_vendor:/opt/ros/jazzy/opt/sdformat_vendor:/opt/ros/jazzy/opt/gz_gui_vendor:/opt/ros/jazzy/opt/gz_transport_vendor:/opt/ros/jazzy/opt/gz_rendering_vendor:/opt/ros/jazzy/opt/gz_plugin_vendor:/opt/ros/jazzy/opt/gz_fuel_tools_vendor:/opt/ros/jazzy/opt/gz_msgs_vendor:/opt/ros/jazzy/opt/gz_common_vendor:/opt/ros/jazzy/opt/gz_math_vendor:/opt/ros/jazzy/opt/gz_utils_vendor:/opt/ros/jazzy/opt/gz_tools_vendor:/opt/ros/jazzy/opt/gz_ogre_next_vendor:/opt/ros/jazzy/opt/gz_dartsim_vendor:/opt/ros/jazzy/opt/gz_cmake_vendor:/home/tamar/RBE594_ws/install/custom_gear_controllers:/opt/ros/jazzy'}), 'shell': False}
[3.303815] (-) TimerEvent: {}
[3.318370] (ur_simulation_gz) StdoutLine: {'line': b'-- The C compiler identification is GNU 13.3.0\n'}
[3.357862] (ur_simulation_gz) StdoutLine: {'line': b'-- The CXX compiler identification is GNU 13.3.0\n'}
[3.369774] (ur_simulation_gz) StdoutLine: {'line': b'-- Detecting C compiler ABI info\n'}
[3.403917] (-) TimerEvent: {}
[3.504372] (-) TimerEvent: {}
[3.507942] (ur_simulation_gz) StdoutLine: {'line': b'-- Detecting C compiler ABI info - done\n'}
[3.515486] (ur_simulation_gz) StdoutLine: {'line': b'-- Check for working C compiler: /usr/bin/cc - skipped\n'}
[3.515663] (ur_simulation_gz) StdoutLine: {'line': b'-- Detecting C compile features\n'}
[3.515851] (ur_simulation_gz) StdoutLine: {'line': b'-- Detecting C compile features - done\n'}
[3.527147] (ur_simulation_gz) StdoutLine: {'line': b'-- Detecting CXX compiler ABI info\n'}
[3.604485] (-) TimerEvent: {}
[3.688324] (ur_simulation_gz) StdoutLine: {'line': b'-- Detecting CXX compiler ABI info - done\n'}
[3.696391] (ur_simulation_gz) StdoutLine: {'line': b'-- Check for working CXX compiler: /usr/bin/c++ - skipped\n'}
[3.696505] (ur_simulation_gz) StdoutLine: {'line': b'-- Detecting CXX compile features\n'}
[3.696738] (ur_simulation_gz) StdoutLine: {'line': b'-- Detecting CXX compile features - done\n'}
[3.700225] (ur_simulation_gz) StdoutLine: {'line': b'-- Found ament_cmake: 2.5.4 (/opt/ros/jazzy/share/ament_cmake/cmake)\n'}
[3.704583] (-) TimerEvent: {}
[3.797056] (ur_simulation_gz) StdoutLine: {'line': b'-- Found Python3: /home/tamar/vEnv/bin/python3 (found version "3.12.3") found components: Interpreter \n'}
[3.804771] (-) TimerEvent: {}
[3.845404] (ur_simulation_gz) StdoutLine: {'line': b'-- Override CMake install command with custom implementation using symlinks instead of copying resources\n'}
[3.897685] (ur_simulation_gz) StdoutLine: {'line': b'-- Found launch_testing_ament_cmake: 3.4.6 (/opt/ros/jazzy/share/launch_testing_ament_cmake/cmake)\n'}
[3.900413] (ur_simulation_gz) StdoutLine: {'line': b'-- Found python_cmake_module: 0.11.1 (/opt/ros/jazzy/share/python_cmake_module/cmake)\n'}
[3.904938] (-) TimerEvent: {}
[3.993942] (ur_simulation_gz) StdoutLine: {'line': b'-- Found PythonExtra: /home/tamar/vEnv/bin/python3  \n'}
[3.999837] (ur_simulation_gz) StdoutLine: {'line': b'-- Found ament_cmake_pytest: 2.5.4 (/opt/ros/jazzy/share/ament_cmake_pytest/cmake)\n'}
[4.005137] (-) TimerEvent: {}
[4.048607] (ur_simulation_gz) StdoutLine: {'line': b'-- Configuring done (0.8s)\n'}
[4.049940] (ur_simulation_gz) StdoutLine: {'line': b'-- Generating done (0.0s)\n'}
[4.050655] (ur_simulation_gz) StdoutLine: {'line': b'-- Build files have been written to: /home/tamar/RBE594_ws/build/ur_simulation_gz\n'}
[4.053447] (ur_simulation_gz) CommandEnded: {'returncode': 0}
[4.053705] (ur_simulation_gz) JobProgress: {'identifier': 'ur_simulation_gz', 'progress': 'build'}
[4.053727] (ur_simulation_gz) Command: {'cmd': ['/usr/bin/cmake', '--build', '/home/tamar/RBE594_ws/build/ur_simulation_gz', '--', '-j32', '-l32'], 'cwd': '/home/tamar/RBE594_ws/build/ur_simulation_gz', 'env': OrderedDict({'GZ_SIM_RESOURCE_PATH': '/opt/ros/jazzy/share', 'GZ_CONFIG_PATH': '/opt/ros/jazzy/opt/gz_sim_vendor/share/gz:/opt/ros/jazzy/opt/sdformat_vendor/share/gz:/opt/ros/jazzy/opt/gz_gui_vendor/share/gz:/opt/ros/jazzy/opt/gz_transport_vendor/share/gz:/opt/ros/jazzy/opt/gz_rendering_vendor/share/gz:/opt/ros/jazzy/opt/gz_plugin_vendor/share/gz:/opt/ros/jazzy/opt/gz_fuel_tools_vendor/share/gz:/opt/ros/jazzy/opt/gz_msgs_vendor/share/gz:/opt/ros/jazzy/opt/gz_common_vendor/share/gz', 'HOSTNAME': 'cc3e0c1cee19', 'SHLVL': '1', 'LD_LIBRARY_PATH': '/opt/ros/jazzy/opt/gz_sim_vendor/lib:/opt/ros/jazzy/opt/gz_sensors_vendor/lib:/opt/ros/jazzy/opt/gz_physics_vendor/lib:/opt/ros/jazzy/opt/sdformat_vendor/lib:/opt/ros/jazzy/opt/rviz_ogre_vendor/lib:/opt/ros/jazzy/lib/x86_64-linux-gnu:/opt/ros/jazzy/opt/gz_gui_vendor/lib:/opt/ros/jazzy/opt/gz_transport_vendor/lib:/opt/ros/jazzy/opt/gz_rendering_vendor/lib:/opt/ros/jazzy/opt/gz_plugin_vendor/lib:/opt/ros/jazzy/opt/gz_fuel_tools_vendor/lib:/opt/ros/jazzy/opt/gz_msgs_vendor/lib:/opt/ros/jazzy/opt/gz_common_vendor/lib:/opt/ros/jazzy/opt/gz_math_vendor/lib:/opt/ros/jazzy/opt/gz_utils_vendor/lib:/opt/ros/jazzy/opt/gz_tools_vendor/lib:/opt/ros/jazzy/opt/gz_ogre_next_vendor/lib:/opt/ros/jazzy/opt/gz_dartsim_vendor/lib:/opt/ros/jazzy/opt/gz_cmake_vendor/lib:/opt/ros/jazzy/lib', 'HOME': '/home/tamar', 'OLDPWD': '/home/tamar/RBE594_ws', 'ROS_PYTHON_VERSION': '3', 'PS1': '(vEnv) ${debian_chroot:+($debian_chroot)}\\u@\\h:\\w\\$', 'COLCON_PREFIX_PATH': '/home/tamar/RBE594_ws/install', 'ROS_DISTRO': 'jazzy', '_': '/usr/bin/colcon', 'ROS_VERSION': '2', 'TERM': 'xterm', 'QT_X11_NO_MITSHM': '1', 'PATH': '/home/tamar/vEnv/bin:/opt/ros/jazzy/opt/gz_msgs_vendor/bin:/opt/ros/jazzy/opt/gz_tools_vendor/bin:/opt/ros/jazzy/opt/gz_ogre_next_vendor/bin:/opt/ros/jazzy/bin:/usr/local/sbin:/usr/local/bin:/usr/sbin:/usr/bin:/sbin:/bin', 'DISPLAY': ':0', 'LANG': 'C.UTF-8', 'VIRTUAL_ENV_PROMPT': '(vEnv)', 'RMW_IMPLEMENTATION': 'rmw_cyclonedds_cpp', 'AMENT_PREFIX_PATH': '/home/tamar/RBE594_ws/install/ur_simulation_gz:/home/tamar/RBE594_ws/install/ur_description:/home/tamar/RBE594_ws/install/sirgas_description:/home/tamar/RBE594_ws/install/custom_gear_controllers:/opt/ros/jazzy', 'VIRTUAL_ENV': '/home/tamar/vEnv', 'ROS_AUTOMATIC_DISCOVERY_RANGE': 'SUBNET', 'PWD': '/home/tamar/RBE594_ws/build/ur_simulation_gz', 'TURTLEBOT3_MODEL': 'waffle', 'LC_ALL': 'C.UTF-8', 'PYTHONPATH': '/home/tamar/RBE594_ws/build/custom_gear_controllers:/home/tamar/RBE594_ws/install/custom_gear_controllers/lib/python3.12/site-packages:/opt/ros/jazzy/lib/python3.12/site-packages', 'NVIDIA_VISIBLE_DEVICES': 'all', 'COLCON': '1', 'CMAKE_PREFIX_PATH': '/home/tamar/RBE594_ws/install/ur_description:/home/tamar/RBE594_ws/install/ur_simulation_gz:/home/tamar/RBE594_ws/install/sirgas_description:/opt/ros/jazzy/opt/gz_sim_vendor:/opt/ros/jazzy/opt/gz_sensors_vendor:/opt/ros/jazzy/opt/gz_physics_vendor:/opt/ros/jazzy/opt/sdformat_vendor:/opt/ros/jazzy/opt/gz_gui_vendor:/opt/ros/jazzy/opt/gz_transport_vendor:/opt/ros/jazzy/opt/gz_rendering_vendor:/opt/ros/jazzy/opt/gz_plugin_vendor:/opt/ros/jazzy/opt/gz_fuel_tools_vendor:/opt/ros/jazzy/opt/gz_msgs_vendor:/opt/ros/jazzy/opt/gz_common_vendor:/opt/ros/jazzy/opt/gz_math_vendor:/opt/ros/jazzy/opt/gz_utils_vendor:/opt/ros/jazzy/opt/gz_tools_vendor:/opt/ros/jazzy/opt/gz_ogre_next_vendor:/opt/ros/jazzy/opt/gz_dartsim_vendor:/opt/ros/jazzy/opt/gz_cmake_vendor:/home/tamar/RBE594_ws/install/custom_gear_controllers:/opt/ros/jazzy'}), 'shell': False}
[4.099536] (ur_simulation_gz) CommandEnded: {'returncode': 0}
[4.100024] (ur_simulation_gz) JobProgress: {'identifier': 'ur_simulation_gz', 'progress': 'install'}
[4.100565] (ur_simulation_gz) Command: {'cmd': ['/usr/bin/cmake', '--install', '/home/tamar/RBE594_ws/build/ur_simulation_gz'], 'cwd': '/home/tamar/RBE594_ws/build/ur_simulation_gz', 'env': OrderedDict({'GZ_SIM_RESOURCE_PATH': '/opt/ros/jazzy/share', 'GZ_CONFIG_PATH': '/opt/ros/jazzy/opt/gz_sim_vendor/share/gz:/opt/ros/jazzy/opt/sdformat_vendor/share/gz:/opt/ros/jazzy/opt/gz_gui_vendor/share/gz:/opt/ros/jazzy/opt/gz_transport_vendor/share/gz:/opt/ros/jazzy/opt/gz_rendering_vendor/share/gz:/opt/ros/jazzy/opt/gz_plugin_vendor/share/gz:/opt/ros/jazzy/opt/gz_fuel_tools_vendor/share/gz:/opt/ros/jazzy/opt/gz_msgs_vendor/share/gz:/opt/ros/jazzy/opt/gz_common_vendor/share/gz', 'HOSTNAME': 'cc3e0c1cee19', 'SHLVL': '1', 'LD_LIBRARY_PATH': '/opt/ros/jazzy/opt/gz_sim_vendor/lib:/opt/ros/jazzy/opt/gz_sensors_vendor/lib:/opt/ros/jazzy/opt/gz_physics_vendor/lib:/opt/ros/jazzy/opt/sdformat_vendor/lib:/opt/ros/jazzy/opt/rviz_ogre_vendor/lib:/opt/ros/jazzy/lib/x86_64-linux-gnu:/opt/ros/jazzy/opt/gz_gui_vendor/lib:/opt/ros/jazzy/opt/gz_transport_vendor/lib:/opt/ros/jazzy/opt/gz_rendering_vendor/lib:/opt/ros/jazzy/opt/gz_plugin_vendor/lib:/opt/ros/jazzy/opt/gz_fuel_tools_vendor/lib:/opt/ros/jazzy/opt/gz_msgs_vendor/lib:/opt/ros/jazzy/opt/gz_common_vendor/lib:/opt/ros/jazzy/opt/gz_math_vendor/lib:/opt/ros/jazzy/opt/gz_utils_vendor/lib:/opt/ros/jazzy/opt/gz_tools_vendor/lib:/opt/ros/jazzy/opt/gz_ogre_next_vendor/lib:/opt/ros/jazzy/opt/gz_dartsim_vendor/lib:/opt/ros/jazzy/opt/gz_cmake_vendor/lib:/opt/ros/jazzy/lib', 'HOME': '/home/tamar', 'OLDPWD': '/home/tamar/RBE594_ws', 'ROS_PYTHON_VERSION': '3', 'PS1': '(vEnv) ${debian_chroot:+($debian_chroot)}\\u@\\h:\\w\\$', 'COLCON_PREFIX_PATH': '/home/tamar/RBE594_ws/install', 'ROS_DISTRO': 'jazzy', '_': '/usr/bin/colcon', 'ROS_VERSION': '2', 'TERM': 'xterm', 'QT_X11_NO_MITSHM': '1', 'PATH': '/home/tamar/vEnv/bin:/opt/ros/jazzy/opt/gz_msgs_vendor/bin:/opt/ros/jazzy/opt/gz_tools_vendor/bin:/opt/ros/jazzy/opt/gz_ogre_next_vendor/bin:/opt/ros/jazzy/bin:/usr/local/sbin:/usr/local/bin:/usr/sbin:/usr/bin:/sbin:/bin', 'DISPLAY': ':0', 'LANG': 'C.UTF-8', 'VIRTUAL_ENV_PROMPT': '(vEnv)', 'RMW_IMPLEMENTATION': 'rmw_cyclonedds_cpp', 'AMENT_PREFIX_PATH': '/home/tamar/RBE594_ws/install/ur_simulation_gz:/home/tamar/RBE594_ws/install/ur_description:/home/tamar/RBE594_ws/install/sirgas_description:/home/tamar/RBE594_ws/install/custom_gear_controllers:/opt/ros/jazzy', 'VIRTUAL_ENV': '/home/tamar/vEnv', 'ROS_AUTOMATIC_DISCOVERY_RANGE': 'SUBNET', 'PWD': '/home/tamar/RBE594_ws/build/ur_simulation_gz', 'TURTLEBOT3_MODEL': 'waffle', 'LC_ALL': 'C.UTF-8', 'PYTHONPATH': '/home/tamar/RBE594_ws/build/custom_gear_controllers:/home/tamar/RBE594_ws/install/custom_gear_controllers/lib/python3.12/site-packages:/opt/ros/jazzy/lib/python3.12/site-packages', 'NVIDIA_VISIBLE_DEVICES': 'all', 'COLCON': '1', 'CMAKE_PREFIX_PATH': '/home/tamar/RBE594_ws/install/ur_description:/home/tamar/RBE594_ws/install/ur_simulation_gz:/home/tamar/RBE594_ws/install/sirgas_description:/opt/ros/jazzy/opt/gz_sim_vendor:/opt/ros/jazzy/opt/gz_sensors_vendor:/opt/ros/jazzy/opt/gz_physics_vendor:/opt/ros/jazzy/opt/sdformat_vendor:/opt/ros/jazzy/opt/gz_gui_vendor:/opt/ros/jazzy/opt/gz_transport_vendor:/opt/ros/jazzy/opt/gz_rendering_vendor:/opt/ros/jazzy/opt/gz_plugin_vendor:/opt/ros/jazzy/opt/gz_fuel_tools_vendor:/opt/ros/jazzy/opt/gz_msgs_vendor:/opt/ros/jazzy/opt/gz_common_vendor:/opt/ros/jazzy/opt/gz_math_vendor:/opt/ros/jazzy/opt/gz_utils_vendor:/opt/ros/jazzy/opt/gz_tools_vendor:/opt/ros/jazzy/opt/gz_ogre_next_vendor:/opt/ros/jazzy/opt/gz_dartsim_vendor:/opt/ros/jazzy/opt/gz_cmake_vendor:/home/tamar/RBE594_ws/install/custom_gear_controllers:/opt/ros/jazzy'}), 'shell': False}
[4.105224] (-) TimerEvent: {}
[4.122079] (ur_simulation_gz) StdoutLine: {'line': b'-- Install configuration: ""\n'}
[4.123198] (ur_simulation_gz) StdoutLine: {'line': b'-- Execute custom install script\n'}
[4.124223] (ur_simulation_gz) StdoutLine: {'line': b'-- Symlinking: /home/tamar/RBE594_ws/install/ur_simulation_gz/share/ur_simulation_gz/config/ur_controllers.yaml\n'}
[4.145502] (ur_simulation_gz) StdoutLine: {'line': b'-- Symlinking: /home/tamar/RBE594_ws/install/ur_simulation_gz/share/ur_simulation_gz/launch/ur_sim_control.launch.py\n'}
[4.161206] (ur_simulation_gz) StdoutLine: {'line': b'-- Symlinking: /home/tamar/RBE594_ws/install/ur_simulation_gz/share/ur_simulation_gz/launch/ur_sim_moveit.launch.py\n'}
[4.177714] (ur_simulation_gz) StdoutLine: {'line': b'-- Symlinking: /home/tamar/RBE594_ws/install/ur_simulation_gz/share/ament_index/resource_index/package_run_dependencies/ur_simulation_gz\n'}
[4.192148] (ur_simulation_gz) StdoutLine: {'line': b'-- Symlinking: /home/tamar/RBE594_ws/install/ur_simulation_gz/share/ament_index/resource_index/parent_prefix_path/ur_simulation_gz\n'}
[4.205370] (-) TimerEvent: {}
[4.207126] (ur_simulation_gz) StdoutLine: {'line': b'-- Symlinking: /home/tamar/RBE594_ws/install/ur_simulation_gz/share/ur_simulation_gz/environment/ament_prefix_path.sh\n'}
[4.220307] (ur_simulation_gz) StdoutLine: {'line': b'-- Symlinking: /home/tamar/RBE594_ws/install/ur_simulation_gz/share/ur_simulation_gz/environment/ament_prefix_path.dsv\n'}
[4.233292] (ur_simulation_gz) StdoutLine: {'line': b'-- Symlinking: /home/tamar/RBE594_ws/install/ur_simulation_gz/share/ur_simulation_gz/environment/path.sh\n'}
[4.253701] (ur_simulation_gz) StdoutLine: {'line': b'-- Symlinking: /home/tamar/RBE594_ws/install/ur_simulation_gz/share/ur_simulation_gz/environment/path.dsv\n'}
[4.273484] (ur_simulation_gz) StdoutLine: {'line': b'-- Symlinking: /home/tamar/RBE594_ws/install/ur_simulation_gz/share/ur_simulation_gz/local_setup.bash\n'}
[4.286798] (ur_simulation_gz) StdoutLine: {'line': b'-- Symlinking: /home/tamar/RBE594_ws/install/ur_simulation_gz/share/ur_simulation_gz/local_setup.sh\n'}
[4.296441] (ur_simulation_gz) StdoutLine: {'line': b'-- Symlinking: /home/tamar/RBE594_ws/install/ur_simulation_gz/share/ur_simulation_gz/local_setup.zsh\n'}
[4.305491] (-) TimerEvent: {}
[4.312519] (ur_simulation_gz) StdoutLine: {'line': b'-- Symlinking: /home/tamar/RBE594_ws/install/ur_simulation_gz/share/ur_simulation_gz/local_setup.dsv\n'}
[4.330021] (ur_simulation_gz) StdoutLine: {'line': b'-- Symlinking: /home/tamar/RBE594_ws/install/ur_simulation_gz/share/ur_simulation_gz/package.dsv\n'}
[4.347908] (ur_simulation_gz) StdoutLine: {'line': b'-- Symlinking: /home/tamar/RBE594_ws/install/ur_simulation_gz/share/ament_index/resource_index/packages/ur_simulation_gz\n'}
[4.364665] (ur_simulation_gz) StdoutLine: {'line': b'-- Symlinking: /home/tamar/RBE594_ws/install/ur_simulation_gz/share/ur_simulation_gz/cmake/ur_simulation_gzConfig.cmake\n'}
[4.385688] (ur_simulation_gz) StdoutLine: {'line': b'-- Symlinking: /home/tamar/RBE594_ws/install/ur_simulation_gz/share/ur_simulation_gz/cmake/ur_simulation_gzConfig-version.cmake\n'}
[4.403744] (ur_simulation_gz) StdoutLine: {'line': b'-- Symlinking: /home/tamar/RBE594_ws/install/ur_simulation_gz/share/ur_simulation_gz/package.xml\n'}
[4.405597] (-) TimerEvent: {}
[4.419199] (ur_simulation_gz) CommandEnded: {'returncode': 0}
[4.436173] (ur_simulation_gz) JobEnded: {'identifier': 'ur_simulation_gz', 'rc': 0}
[4.436956] (-) EventReactorShutdown: {}
