[0.045s] DEBUG:colcon:Command line arguments: ['/usr/bin/colcon', 'build', '--symlink-install']
[0.045s] DEBUG:colcon:Parsed command line arguments: Namespace(log_base=None, log_level=None, verb_name='build', build_base='build', install_base='install', merge_install=False, symlink_install=True, test_result_base=None, continue_on_error=False, executor='parallel', parallel_workers=32, event_handlers=None, ignore_user_meta=False, metas=['./colcon.meta'], base_paths=['.'], packages_ignore=None, packages_ignore_regex=None, paths=None, packages_up_to=None, packages_up_to_regex=None, packages_above=None, packages_above_and_dependencies=None, packages_above_depth=None, packages_select_by_dep=None, packages_skip_by_dep=None, packages_skip_up_to=None, packages_select_build_failed=False, packages_skip_build_finished=False, packages_select_test_failures=False, packages_skip_test_passed=False, packages_select=None, packages_skip=None, packages_select_regex=None, packages_skip_regex=None, packages_start=None, packages_end=None, cmake_args=None, cmake_target=None, cmake_target_skip_unavailable=False, cmake_clean_cache=False, cmake_clean_first=False, cmake_force_configure=False, ament_cmake_args=None, catkin_cmake_args=None, catkin_skip_building_tests=False, mixin_files=None, mixin=None, verb_parser=<colcon_mixin.mixin.mixin_argument.MixinArgumentDecorator object at 0x7d90f1777830>, verb_extension=<colcon_core.verb.build.BuildVerb object at 0x7d90f1777500>, main=<bound method BuildVerb.main of <colcon_core.verb.build.BuildVerb object at 0x7d90f1777500>>, mixin_verb=('build',))
[0.061s] Level 1:colcon.colcon_core.package_discovery:discover_packages(colcon_meta) check parameters
[0.062s] Level 1:colcon.colcon_core.package_discovery:discover_packages(recursive) check parameters
[0.062s] Level 1:colcon.colcon_core.package_discovery:discover_packages(ignore) check parameters
[0.062s] Level 1:colcon.colcon_core.package_discovery:discover_packages(path) check parameters
[0.062s] Level 1:colcon.colcon_core.package_discovery:discover_packages(colcon_meta) discover
[0.062s] Level 1:colcon.colcon_core.package_discovery:discover_packages(recursive) discover
[0.062s] INFO:colcon.colcon_core.package_discovery:Crawling recursively for packages in '/home/tamar/RBE594_ws'
[0.062s] Level 1:colcon.colcon_core.package_identification:_identify(.) by extensions ['ignore', 'ignore_ament_install']
[0.062s] Level 1:colcon.colcon_core.package_identification:_identify(.) by extension 'ignore'
[0.062s] Level 1:colcon.colcon_core.package_identification:_identify(.) by extension 'ignore_ament_install'
[0.062s] Level 1:colcon.colcon_core.package_identification:_identify(.) by extensions ['colcon_pkg']
[0.062s] Level 1:colcon.colcon_core.package_identification:_identify(.) by extension 'colcon_pkg'
[0.062s] Level 1:colcon.colcon_core.package_identification:_identify(.) by extensions ['colcon_meta']
[0.062s] Level 1:colcon.colcon_core.package_identification:_identify(.) by extension 'colcon_meta'
[0.062s] Level 1:colcon.colcon_core.package_identification:_identify(.) by extensions ['ros']
[0.062s] Level 1:colcon.colcon_core.package_identification:_identify(.) by extension 'ros'
[0.073s] Level 1:colcon.colcon_core.package_identification:_identify(.) by extensions ['cmake', 'python']
[0.073s] Level 1:colcon.colcon_core.package_identification:_identify(.) by extension 'cmake'
[0.073s] Level 1:colcon.colcon_core.package_identification:_identify(.) by extension 'python'
[0.073s] Level 1:colcon.colcon_core.package_identification:_identify(.) by extensions ['python_setup_py']
[0.073s] Level 1:colcon.colcon_core.package_identification:_identify(.) by extension 'python_setup_py'
[0.073s] Level 1:colcon.colcon_core.package_identification:_identify(Photos) by extensions ['ignore', 'ignore_ament_install']
[0.073s] Level 1:colcon.colcon_core.package_identification:_identify(Photos) by extension 'ignore'
[0.073s] Level 1:colcon.colcon_core.package_identification:_identify(Photos) by extension 'ignore_ament_install'
[0.074s] Level 1:colcon.colcon_core.package_identification:_identify(Photos) by extensions ['colcon_pkg']
[0.074s] Level 1:colcon.colcon_core.package_identification:_identify(Photos) by extension 'colcon_pkg'
[0.074s] Level 1:colcon.colcon_core.package_identification:_identify(Photos) by extensions ['colcon_meta']
[0.074s] Level 1:colcon.colcon_core.package_identification:_identify(Photos) by extension 'colcon_meta'
[0.074s] Level 1:colcon.colcon_core.package_identification:_identify(Photos) by extensions ['ros']
[0.074s] Level 1:colcon.colcon_core.package_identification:_identify(Photos) by extension 'ros'
[0.074s] Level 1:colcon.colcon_core.package_identification:_identify(Photos) by extensions ['cmake', 'python']
[0.074s] Level 1:colcon.colcon_core.package_identification:_identify(Photos) by extension 'cmake'
[0.074s] Level 1:colcon.colcon_core.package_identification:_identify(Photos) by extension 'python'
[0.074s] Level 1:colcon.colcon_core.package_identification:_identify(Photos) by extensions ['python_setup_py']
[0.074s] Level 1:colcon.colcon_core.package_identification:_identify(Photos) by extension 'python_setup_py'
[0.074s] Level 1:colcon.colcon_core.package_identification:_identify(build) by extensions ['ignore', 'ignore_ament_install']
[0.074s] Level 1:colcon.colcon_core.package_identification:_identify(build) by extension 'ignore'
[0.074s] Level 1:colcon.colcon_core.package_identification:_identify(build) ignored
[0.074s] Level 1:colcon.colcon_core.package_identification:_identify(install) by extensions ['ignore', 'ignore_ament_install']
[0.074s] Level 1:colcon.colcon_core.package_identification:_identify(install) by extension 'ignore'
[0.074s] Level 1:colcon.colcon_core.package_identification:_identify(install) ignored
[0.074s] Level 1:colcon.colcon_core.package_identification:_identify(log) by extensions ['ignore', 'ignore_ament_install']
[0.074s] Level 1:colcon.colcon_core.package_identification:_identify(log) by extension 'ignore'
[0.074s] Level 1:colcon.colcon_core.package_identification:_identify(log) ignored
[0.074s] Level 1:colcon.colcon_core.package_identification:_identify(src) by extensions ['ignore', 'ignore_ament_install']
[0.074s] Level 1:colcon.colcon_core.package_identification:_identify(src) by extension 'ignore'
[0.074s] Level 1:colcon.colcon_core.package_identification:_identify(src) by extension 'ignore_ament_install'
[0.074s] Level 1:colcon.colcon_core.package_identification:_identify(src) by extensions ['colcon_pkg']
[0.074s] Level 1:colcon.colcon_core.package_identification:_identify(src) by extension 'colcon_pkg'
[0.074s] Level 1:colcon.colcon_core.package_identification:_identify(src) by extensions ['colcon_meta']
[0.074s] Level 1:colcon.colcon_core.package_identification:_identify(src) by extension 'colcon_meta'
[0.074s] Level 1:colcon.colcon_core.package_identification:_identify(src) by extensions ['ros']
[0.074s] Level 1:colcon.colcon_core.package_identification:_identify(src) by extension 'ros'
[0.074s] Level 1:colcon.colcon_core.package_identification:_identify(src) by extensions ['cmake', 'python']
[0.074s] Level 1:colcon.colcon_core.package_identification:_identify(src) by extension 'cmake'
[0.074s] Level 1:colcon.colcon_core.package_identification:_identify(src) by extension 'python'
[0.074s] Level 1:colcon.colcon_core.package_identification:_identify(src) by extensions ['python_setup_py']
[0.074s] Level 1:colcon.colcon_core.package_identification:_identify(src) by extension 'python_setup_py'
[0.074s] Level 1:colcon.colcon_core.package_identification:_identify(src/Universal_Robots_ROS2_Description) by extensions ['ignore', 'ignore_ament_install']
[0.074s] Level 1:colcon.colcon_core.package_identification:_identify(src/Universal_Robots_ROS2_Description) by extension 'ignore'
[0.074s] Level 1:colcon.colcon_core.package_identification:_identify(src/Universal_Robots_ROS2_Description) by extension 'ignore_ament_install'
[0.074s] Level 1:colcon.colcon_core.package_identification:_identify(src/Universal_Robots_ROS2_Description) by extensions ['colcon_pkg']
[0.074s] Level 1:colcon.colcon_core.package_identification:_identify(src/Universal_Robots_ROS2_Description) by extension 'colcon_pkg'
[0.074s] Level 1:colcon.colcon_core.package_identification:_identify(src/Universal_Robots_ROS2_Description) by extensions ['colcon_meta']
[0.074s] Level 1:colcon.colcon_core.package_identification:_identify(src/Universal_Robots_ROS2_Description) by extension 'colcon_meta'
[0.074s] Level 1:colcon.colcon_core.package_identification:_identify(src/Universal_Robots_ROS2_Description) by extensions ['ros']
[0.074s] Level 1:colcon.colcon_core.package_identification:_identify(src/Universal_Robots_ROS2_Description) by extension 'ros'
[0.075s] DEBUG:colcon.colcon_core.package_identification:Package 'src/Universal_Robots_ROS2_Description' with type 'ros.ament_cmake' and name 'ur_description'
[0.075s] Level 1:colcon.colcon_core.package_identification:_identify(src/Universal_Robots_ROS2_GZ_Simulation) by extensions ['ignore', 'ignore_ament_install']
[0.076s] Level 1:colcon.colcon_core.package_identification:_identify(src/Universal_Robots_ROS2_GZ_Simulation) by extension 'ignore'
[0.076s] Level 1:colcon.colcon_core.package_identification:_identify(src/Universal_Robots_ROS2_GZ_Simulation) by extension 'ignore_ament_install'
[0.076s] Level 1:colcon.colcon_core.package_identification:_identify(src/Universal_Robots_ROS2_GZ_Simulation) by extensions ['colcon_pkg']
[0.076s] Level 1:colcon.colcon_core.package_identification:_identify(src/Universal_Robots_ROS2_GZ_Simulation) by extension 'colcon_pkg'
[0.076s] Level 1:colcon.colcon_core.package_identification:_identify(src/Universal_Robots_ROS2_GZ_Simulation) by extensions ['colcon_meta']
[0.076s] Level 1:colcon.colcon_core.package_identification:_identify(src/Universal_Robots_ROS2_GZ_Simulation) by extension 'colcon_meta'
[0.076s] Level 1:colcon.colcon_core.package_identification:_identify(src/Universal_Robots_ROS2_GZ_Simulation) by extensions ['ros']
[0.076s] Level 1:colcon.colcon_core.package_identification:_identify(src/Universal_Robots_ROS2_GZ_Simulation) by extension 'ros'
[0.076s] Level 1:colcon.colcon_core.package_identification:_identify(src/Universal_Robots_ROS2_GZ_Simulation) by extensions ['cmake', 'python']
[0.076s] Level 1:colcon.colcon_core.package_identification:_identify(src/Universal_Robots_ROS2_GZ_Simulation) by extension 'cmake'
[0.076s] Level 1:colcon.colcon_core.package_identification:_identify(src/Universal_Robots_ROS2_GZ_Simulation) by extension 'python'
[0.076s] Level 1:colcon.colcon_core.package_identification:_identify(src/Universal_Robots_ROS2_GZ_Simulation) by extensions ['python_setup_py']
[0.076s] Level 1:colcon.colcon_core.package_identification:_identify(src/Universal_Robots_ROS2_GZ_Simulation) by extension 'python_setup_py'
[0.076s] Level 1:colcon.colcon_core.package_identification:_identify(src/Universal_Robots_ROS2_GZ_Simulation/ur_simulation_gz) by extensions ['ignore', 'ignore_ament_install']
[0.076s] Level 1:colcon.colcon_core.package_identification:_identify(src/Universal_Robots_ROS2_GZ_Simulation/ur_simulation_gz) by extension 'ignore'
[0.076s] Level 1:colcon.colcon_core.package_identification:_identify(src/Universal_Robots_ROS2_GZ_Simulation/ur_simulation_gz) by extension 'ignore_ament_install'
[0.076s] Level 1:colcon.colcon_core.package_identification:_identify(src/Universal_Robots_ROS2_GZ_Simulation/ur_simulation_gz) by extensions ['colcon_pkg']
[0.076s] Level 1:colcon.colcon_core.package_identification:_identify(src/Universal_Robots_ROS2_GZ_Simulation/ur_simulation_gz) by extension 'colcon_pkg'
[0.076s] Level 1:colcon.colcon_core.package_identification:_identify(src/Universal_Robots_ROS2_GZ_Simulation/ur_simulation_gz) by extensions ['colcon_meta']
[0.076s] Level 1:colcon.colcon_core.package_identification:_identify(src/Universal_Robots_ROS2_GZ_Simulation/ur_simulation_gz) by extension 'colcon_meta'
[0.076s] Level 1:colcon.colcon_core.package_identification:_identify(src/Universal_Robots_ROS2_GZ_Simulation/ur_simulation_gz) by extensions ['ros']
[0.076s] Level 1:colcon.colcon_core.package_identification:_identify(src/Universal_Robots_ROS2_GZ_Simulation/ur_simulation_gz) by extension 'ros'
[0.076s] DEBUG:colcon.colcon_core.package_identification:Package 'src/Universal_Robots_ROS2_GZ_Simulation/ur_simulation_gz' with type 'ros.ament_cmake' and name 'ur_simulation_gz'
[0.076s] Level 1:colcon.colcon_core.package_identification:_identify(src/custom_gear_controllers) by extensions ['ignore', 'ignore_ament_install']
[0.076s] Level 1:colcon.colcon_core.package_identification:_identify(src/custom_gear_controllers) by extension 'ignore'
[0.076s] Level 1:colcon.colcon_core.package_identification:_identify(src/custom_gear_controllers) by extension 'ignore_ament_install'
[0.076s] Level 1:colcon.colcon_core.package_identification:_identify(src/custom_gear_controllers) by extensions ['colcon_pkg']
[0.076s] Level 1:colcon.colcon_core.package_identification:_identify(src/custom_gear_controllers) by extension 'colcon_pkg'
[0.076s] Level 1:colcon.colcon_core.package_identification:_identify(src/custom_gear_controllers) by extensions ['colcon_meta']
[0.076s] Level 1:colcon.colcon_core.package_identification:_identify(src/custom_gear_controllers) by extension 'colcon_meta'
[0.076s] Level 1:colcon.colcon_core.package_identification:_identify(src/custom_gear_controllers) by extensions ['ros']
[0.076s] Level 1:colcon.colcon_core.package_identification:_identify(src/custom_gear_controllers) by extension 'ros'
[0.077s] DEBUG:colcon.colcon_core.package_identification:Package 'src/custom_gear_controllers' with type 'ros.ament_python' and name 'custom_gear_controllers'
[0.077s] Level 1:colcon.colcon_core.package_identification:_identify(src/sirgas_description) by extensions ['ignore', 'ignore_ament_install']
[0.077s] Level 1:colcon.colcon_core.package_identification:_identify(src/sirgas_description) by extension 'ignore'
[0.077s] Level 1:colcon.colcon_core.package_identification:_identify(src/sirgas_description) by extension 'ignore_ament_install'
[0.077s] Level 1:colcon.colcon_core.package_identification:_identify(src/sirgas_description) by extensions ['colcon_pkg']
[0.077s] Level 1:colcon.colcon_core.package_identification:_identify(src/sirgas_description) by extension 'colcon_pkg'
[0.077s] Level 1:colcon.colcon_core.package_identification:_identify(src/sirgas_description) by extensions ['colcon_meta']
[0.077s] Level 1:colcon.colcon_core.package_identification:_identify(src/sirgas_description) by extension 'colcon_meta'
[0.077s] Level 1:colcon.colcon_core.package_identification:_identify(src/sirgas_description) by extensions ['ros']
[0.077s] Level 1:colcon.colcon_core.package_identification:_identify(src/sirgas_description) by extension 'ros'
[0.077s] DEBUG:colcon.colcon_core.package_identification:Package 'src/sirgas_description' with type 'ros.ament_cmake' and name 'sirgas_description'
[0.077s] Level 1:colcon.colcon_core.package_discovery:discover_packages(recursive) using defaults
[0.077s] Level 1:colcon.colcon_core.package_discovery:discover_packages(ignore) discover
[0.077s] Level 1:colcon.colcon_core.package_discovery:discover_packages(ignore) using defaults
[0.077s] Level 1:colcon.colcon_core.package_discovery:discover_packages(path) discover
[0.077s] Level 1:colcon.colcon_core.package_discovery:discover_packages(path) using defaults
[0.085s] Level 5:colcon.colcon_core.verb:set package 'custom_gear_controllers' build argument 'cmake_args' from command line to 'None'
[0.085s] Level 5:colcon.colcon_core.verb:set package 'custom_gear_controllers' build argument 'cmake_target' from command line to 'None'
[0.085s] Level 5:colcon.colcon_core.verb:set package 'custom_gear_controllers' build argument 'cmake_target_skip_unavailable' from command line to 'False'
[0.085s] Level 5:colcon.colcon_core.verb:set package 'custom_gear_controllers' build argument 'cmake_clean_cache' from command line to 'False'
[0.085s] Level 5:colcon.colcon_core.verb:set package 'custom_gear_controllers' build argument 'cmake_clean_first' from command line to 'False'
[0.085s] Level 5:colcon.colcon_core.verb:set package 'custom_gear_controllers' build argument 'cmake_force_configure' from command line to 'False'
[0.085s] Level 5:colcon.colcon_core.verb:set package 'custom_gear_controllers' build argument 'ament_cmake_args' from command line to 'None'
[0.085s] Level 5:colcon.colcon_core.verb:set package 'custom_gear_controllers' build argument 'catkin_cmake_args' from command line to 'None'
[0.085s] Level 5:colcon.colcon_core.verb:set package 'custom_gear_controllers' build argument 'catkin_skip_building_tests' from command line to 'False'
[0.085s] DEBUG:colcon.colcon_core.verb:Building package 'custom_gear_controllers' with the following arguments: {'ament_cmake_args': None, 'build_base': '/home/tamar/RBE594_ws/build/custom_gear_controllers', 'catkin_cmake_args': None, 'catkin_skip_building_tests': False, 'cmake_args': None, 'cmake_clean_cache': False, 'cmake_clean_first': False, 'cmake_force_configure': False, 'cmake_target': None, 'cmake_target_skip_unavailable': False, 'install_base': '/home/tamar/RBE594_ws/install/custom_gear_controllers', 'merge_install': False, 'path': '/home/tamar/RBE594_ws/src/custom_gear_controllers', 'symlink_install': True, 'test_result_base': None}
[0.086s] Level 5:colcon.colcon_core.verb:set package 'sirgas_description' build argument 'cmake_args' from command line to 'None'
[0.086s] Level 5:colcon.colcon_core.verb:set package 'sirgas_description' build argument 'cmake_target' from command line to 'None'
[0.086s] Level 5:colcon.colcon_core.verb:set package 'sirgas_description' build argument 'cmake_target_skip_unavailable' from command line to 'False'
[0.086s] Level 5:colcon.colcon_core.verb:set package 'sirgas_description' build argument 'cmake_clean_cache' from command line to 'False'
[0.086s] Level 5:colcon.colcon_core.verb:set package 'sirgas_description' build argument 'cmake_clean_first' from command line to 'False'
[0.086s] Level 5:colcon.colcon_core.verb:set package 'sirgas_description' build argument 'cmake_force_configure' from command line to 'False'
[0.086s] Level 5:colcon.colcon_core.verb:set package 'sirgas_description' build argument 'ament_cmake_args' from command line to 'None'
[0.086s] Level 5:colcon.colcon_core.verb:set package 'sirgas_description' build argument 'catkin_cmake_args' from command line to 'None'
[0.086s] Level 5:colcon.colcon_core.verb:set package 'sirgas_description' build argument 'catkin_skip_building_tests' from command line to 'False'
[0.086s] DEBUG:colcon.colcon_core.verb:Building package 'sirgas_description' with the following arguments: {'ament_cmake_args': None, 'build_base': '/home/tamar/RBE594_ws/build/sirgas_description', 'catkin_cmake_args': None, 'catkin_skip_building_tests': False, 'cmake_args': None, 'cmake_clean_cache': False, 'cmake_clean_first': False, 'cmake_force_configure': False, 'cmake_target': None, 'cmake_target_skip_unavailable': False, 'install_base': '/home/tamar/RBE594_ws/install/sirgas_description', 'merge_install': False, 'path': '/home/tamar/RBE594_ws/src/sirgas_description', 'symlink_install': True, 'test_result_base': None}
[0.086s] Level 5:colcon.colcon_core.verb:set package 'ur_description' build argument 'cmake_args' from command line to 'None'
[0.086s] Level 5:colcon.colcon_core.verb:set package 'ur_description' build argument 'cmake_target' from command line to 'None'
[0.086s] Level 5:colcon.colcon_core.verb:set package 'ur_description' build argument 'cmake_target_skip_unavailable' from command line to 'False'
[0.086s] Level 5:colcon.colcon_core.verb:set package 'ur_description' build argument 'cmake_clean_cache' from command line to 'False'
[0.086s] Level 5:colcon.colcon_core.verb:set package 'ur_description' build argument 'cmake_clean_first' from command line to 'False'
[0.086s] Level 5:colcon.colcon_core.verb:set package 'ur_description' build argument 'cmake_force_configure' from command line to 'False'
[0.086s] Level 5:colcon.colcon_core.verb:set package 'ur_description' build argument 'ament_cmake_args' from command line to 'None'
[0.086s] Level 5:colcon.colcon_core.verb:set package 'ur_description' build argument 'catkin_cmake_args' from command line to 'None'
[0.086s] Level 5:colcon.colcon_core.verb:set package 'ur_description' build argument 'catkin_skip_building_tests' from command line to 'False'
[0.086s] DEBUG:colcon.colcon_core.verb:Building package 'ur_description' with the following arguments: {'ament_cmake_args': None, 'build_base': '/home/tamar/RBE594_ws/build/ur_description', 'catkin_cmake_args': None, 'catkin_skip_building_tests': False, 'cmake_args': None, 'cmake_clean_cache': False, 'cmake_clean_first': False, 'cmake_force_configure': False, 'cmake_target': None, 'cmake_target_skip_unavailable': False, 'install_base': '/home/tamar/RBE594_ws/install/ur_description', 'merge_install': False, 'path': '/home/tamar/RBE594_ws/src/Universal_Robots_ROS2_Description', 'symlink_install': True, 'test_result_base': None}
[0.086s] Level 5:colcon.colcon_core.verb:set package 'ur_simulation_gz' build argument 'cmake_args' from command line to 'None'
[0.086s] Level 5:colcon.colcon_core.verb:set package 'ur_simulation_gz' build argument 'cmake_target' from command line to 'None'
[0.086s] Level 5:colcon.colcon_core.verb:set package 'ur_simulation_gz' build argument 'cmake_target_skip_unavailable' from command line to 'False'
[0.086s] Level 5:colcon.colcon_core.verb:set package 'ur_simulation_gz' build argument 'cmake_clean_cache' from command line to 'False'
[0.086s] Level 5:colcon.colcon_core.verb:set package 'ur_simulation_gz' build argument 'cmake_clean_first' from command line to 'False'
[0.086s] Level 5:colcon.colcon_core.verb:set package 'ur_simulation_gz' build argument 'cmake_force_configure' from command line to 'False'
[0.086s] Level 5:colcon.colcon_core.verb:set package 'ur_simulation_gz' build argument 'ament_cmake_args' from command line to 'None'
[0.086s] Level 5:colcon.colcon_core.verb:set package 'ur_simulation_gz' build argument 'catkin_cmake_args' from command line to 'None'
[0.086s] Level 5:colcon.colcon_core.verb:set package 'ur_simulation_gz' build argument 'catkin_skip_building_tests' from command line to 'False'
[0.086s] DEBUG:colcon.colcon_core.verb:Building package 'ur_simulation_gz' with the following arguments: {'ament_cmake_args': None, 'build_base': '/home/tamar/RBE594_ws/build/ur_simulation_gz', 'catkin_cmake_args': None, 'catkin_skip_building_tests': False, 'cmake_args': None, 'cmake_clean_cache': False, 'cmake_clean_first': False, 'cmake_force_configure': False, 'cmake_target': None, 'cmake_target_skip_unavailable': False, 'install_base': '/home/tamar/RBE594_ws/install/ur_simulation_gz', 'merge_install': False, 'path': '/home/tamar/RBE594_ws/src/Universal_Robots_ROS2_GZ_Simulation/ur_simulation_gz', 'symlink_install': True, 'test_result_base': None}
[0.086s] INFO:colcon.colcon_core.executor:Executing jobs using 'parallel' executor
[0.086s] DEBUG:colcon.colcon_parallel_executor.executor.parallel:run_until_complete
[0.087s] INFO:colcon.colcon_ros.task.ament_cmake.build:Building ROS package in '/home/tamar/RBE594_ws/src/Universal_Robots_ROS2_Description' with build type 'ament_cmake'
[0.087s] INFO:colcon.colcon_cmake.task.cmake.build:Building CMake package in '/home/tamar/RBE594_ws/src/Universal_Robots_ROS2_Description'
[0.088s] INFO:colcon.colcon_core.plugin_system:Skipping extension 'colcon_core.shell.bat': Not used on non-Windows systems
[0.088s] INFO:colcon.colcon_core.shell:Skip shell extension 'powershell' for command environment: Not usable outside of PowerShell
[0.088s] DEBUG:colcon.colcon_core.shell:Skip shell extension 'dsv' for command environment
[0.088s] WARNING:colcon.colcon_ros.prefix_path.ament:The path '/home/tamar/RBE594_ws/install/ur_simulation_gz' in the environment variable AMENT_PREFIX_PATH doesn't exist
[0.088s] WARNING:colcon.colcon_ros.prefix_path.ament:The path '/home/tamar/RBE594_ws/install/ur_description' in the environment variable AMENT_PREFIX_PATH doesn't exist
[0.088s] WARNING:colcon.colcon_ros.prefix_path.ament:The path '/home/tamar/RBE594_ws/install/custom_gear_controllers' in the environment variable AMENT_PREFIX_PATH doesn't exist
[0.088s] WARNING:colcon.colcon_ros.prefix_path.catkin:The path '/home/tamar/RBE594_ws/install/ur_simulation_gz' in the environment variable CMAKE_PREFIX_PATH doesn't exist
[0.088s] WARNING:colcon.colcon_ros.prefix_path.catkin:The path '/home/tamar/RBE594_ws/install/ur_description' in the environment variable CMAKE_PREFIX_PATH doesn't exist
[0.090s] INFO:colcon.colcon_ros.task.ament_python.build:Building ROS package in '/home/tamar/RBE594_ws/src/custom_gear_controllers' with build type 'ament_python'
[0.090s] Level 1:colcon.colcon_core.shell:create_environment_hook('custom_gear_controllers', 'ament_prefix_path')
[0.090s] INFO:colcon.colcon_core.shell:Creating environment hook '/home/tamar/RBE594_ws/install/custom_gear_controllers/share/custom_gear_controllers/hook/ament_prefix_path.ps1'
[0.091s] INFO:colcon.colcon_core.shell:Creating environment descriptor '/home/tamar/RBE594_ws/install/custom_gear_controllers/share/custom_gear_controllers/hook/ament_prefix_path.dsv'
[0.091s] INFO:colcon.colcon_core.shell:Creating environment hook '/home/tamar/RBE594_ws/install/custom_gear_controllers/share/custom_gear_controllers/hook/ament_prefix_path.sh'
[0.091s] INFO:colcon.colcon_core.shell:Skip shell extension 'powershell' for command environment: Not usable outside of PowerShell
[0.091s] DEBUG:colcon.colcon_core.shell:Skip shell extension 'dsv' for command environment
[0.093s] INFO:colcon.colcon_ros.task.ament_cmake.build:Building ROS package in '/home/tamar/RBE594_ws/src/sirgas_description' with build type 'ament_cmake'
[0.093s] INFO:colcon.colcon_cmake.task.cmake.build:Building CMake package in '/home/tamar/RBE594_ws/src/sirgas_description'
[0.093s] INFO:colcon.colcon_core.shell:Skip shell extension 'powershell' for command environment: Not usable outside of PowerShell
[0.093s] DEBUG:colcon.colcon_core.shell:Skip shell extension 'dsv' for command environment
[0.097s] DEBUG:colcon.colcon_core.event_handler.log_command:Invoking command in '/home/tamar/RBE594_ws/build/ur_description': CMAKE_PREFIX_PATH=${CMAKE_PREFIX_PATH}:/home/tamar/RBE594_ws/install/custom_gear_controllers:/opt/ros/jazzy PS1=(vEnv) ${debian_chroot:+($debian_chroot)}\u@\h:\w\$ VIRTUAL_ENV_PROMPT=(vEnv) /usr/bin/cmake /home/tamar/RBE594_ws/src/Universal_Robots_ROS2_Description -DAMENT_CMAKE_SYMLINK_INSTALL=1 -DCMAKE_INSTALL_PREFIX=/home/tamar/RBE594_ws/install/ur_description
[0.191s] INFO:colcon.colcon_core.task.python.build:Building Python package in '/home/tamar/RBE594_ws/src/custom_gear_controllers'
[0.191s] INFO:colcon.colcon_core.shell:Skip shell extension 'powershell' for command environment: Not usable outside of PowerShell
[0.191s] DEBUG:colcon.colcon_core.shell:Skip shell extension 'dsv' for command environment
[0.196s] DEBUG:colcon.colcon_core.event_handler.log_command:Invoking command in '/home/tamar/RBE594_ws/build/sirgas_description': CMAKE_PREFIX_PATH=${CMAKE_PREFIX_PATH}:/home/tamar/RBE594_ws/install/custom_gear_controllers:/opt/ros/jazzy PS1=(vEnv) ${debian_chroot:+($debian_chroot)}\u@\h:\w\$ VIRTUAL_ENV_PROMPT=(vEnv) /usr/bin/cmake /home/tamar/RBE594_ws/src/sirgas_description -DAMENT_CMAKE_SYMLINK_INSTALL=1 -DCMAKE_INSTALL_PREFIX=/home/tamar/RBE594_ws/install/sirgas_description
[0.444s] DEBUG:colcon.colcon_core.event_handler.log_command:Invoking command in '/home/tamar/RBE594_ws/build/custom_gear_controllers': PS1=(vEnv) ${debian_chroot:+($debian_chroot)}\u@\h:\w\$ PYTHONPATH=/home/tamar/RBE594_ws/build/custom_gear_controllers/prefix_override:/usr/lib/python3/dist-packages/colcon_core/task/python/colcon_distutils_commands:/home/tamar/RBE594_ws/install/custom_gear_controllers/lib/python3.12/site-packages:${PYTHONPATH} VIRTUAL_ENV_PROMPT=(vEnv) /usr/bin/python3 -W ignore:setup.py install is deprecated -W ignore:easy_install command is deprecated setup.py develop --editable --build-directory /home/tamar/RBE594_ws/build/custom_gear_controllers/build --no-deps symlink_data
[0.492s] DEBUG:colcon.colcon_core.event_handler.log_command:Invoked command in '/home/tamar/RBE594_ws/build/sirgas_description' returned '0': CMAKE_PREFIX_PATH=${CMAKE_PREFIX_PATH}:/home/tamar/RBE594_ws/install/custom_gear_controllers:/opt/ros/jazzy PS1=(vEnv) ${debian_chroot:+($debian_chroot)}\u@\h:\w\$ VIRTUAL_ENV_PROMPT=(vEnv) /usr/bin/cmake /home/tamar/RBE594_ws/src/sirgas_description -DAMENT_CMAKE_SYMLINK_INSTALL=1 -DCMAKE_INSTALL_PREFIX=/home/tamar/RBE594_ws/install/sirgas_description
[0.493s] DEBUG:colcon.colcon_core.event_handler.log_command:Invoking command in '/home/tamar/RBE594_ws/build/sirgas_description': CMAKE_PREFIX_PATH=${CMAKE_PREFIX_PATH}:/home/tamar/RBE594_ws/install/custom_gear_controllers:/opt/ros/jazzy PS1=(vEnv) ${debian_chroot:+($debian_chroot)}\u@\h:\w\$ VIRTUAL_ENV_PROMPT=(vEnv) /usr/bin/cmake --build /home/tamar/RBE594_ws/build/sirgas_description -- -j32 -l32
[0.520s] DEBUG:colcon.colcon_core.event_handler.log_command:Invoked command in '/home/tamar/RBE594_ws/build/sirgas_description' returned '0': CMAKE_PREFIX_PATH=${CMAKE_PREFIX_PATH}:/home/tamar/RBE594_ws/install/custom_gear_controllers:/opt/ros/jazzy PS1=(vEnv) ${debian_chroot:+($debian_chroot)}\u@\h:\w\$ VIRTUAL_ENV_PROMPT=(vEnv) /usr/bin/cmake --build /home/tamar/RBE594_ws/build/sirgas_description -- -j32 -l32
[0.526s] DEBUG:colcon.colcon_core.event_handler.log_command:Invoking command in '/home/tamar/RBE594_ws/build/sirgas_description': CMAKE_PREFIX_PATH=${CMAKE_PREFIX_PATH}:/home/tamar/RBE594_ws/install/custom_gear_controllers:/opt/ros/jazzy PS1=(vEnv) ${debian_chroot:+($debian_chroot)}\u@\h:\w\$ VIRTUAL_ENV_PROMPT=(vEnv) /usr/bin/cmake --install /home/tamar/RBE594_ws/build/sirgas_description
[0.726s] Level 1:colcon.colcon_core.shell:create_environment_hook('custom_gear_controllers', 'pythonpath_develop')
[0.726s] INFO:colcon.colcon_core.shell:Creating environment hook '/home/tamar/RBE594_ws/build/custom_gear_controllers/share/custom_gear_controllers/hook/pythonpath_develop.ps1'
[0.726s] INFO:colcon.colcon_core.shell:Creating environment descriptor '/home/tamar/RBE594_ws/build/custom_gear_controllers/share/custom_gear_controllers/hook/pythonpath_develop.dsv'
[0.726s] INFO:colcon.colcon_core.shell:Creating environment hook '/home/tamar/RBE594_ws/build/custom_gear_controllers/share/custom_gear_controllers/hook/pythonpath_develop.sh'
[0.726s] DEBUG:colcon.colcon_core.event_handler.log_command:Invoked command in '/home/tamar/RBE594_ws/build/custom_gear_controllers' returned '0': PS1=(vEnv) ${debian_chroot:+($debian_chroot)}\u@\h:\w\$ PYTHONPATH=/home/tamar/RBE594_ws/build/custom_gear_controllers/prefix_override:/usr/lib/python3/dist-packages/colcon_core/task/python/colcon_distutils_commands:/home/tamar/RBE594_ws/install/custom_gear_controllers/lib/python3.12/site-packages:${PYTHONPATH} VIRTUAL_ENV_PROMPT=(vEnv) /usr/bin/python3 -W ignore:setup.py install is deprecated -W ignore:easy_install command is deprecated setup.py develop --editable --build-directory /home/tamar/RBE594_ws/build/custom_gear_controllers/build --no-deps symlink_data
[0.727s] Level 1:colcon.colcon_core.environment:checking '/home/tamar/RBE594_ws/install/custom_gear_controllers' for CMake module files
[0.728s] Level 1:colcon.colcon_core.environment:checking '/home/tamar/RBE594_ws/install/custom_gear_controllers' for CMake config files
[0.728s] Level 1:colcon.colcon_core.environment:checking '/home/tamar/RBE594_ws/install/custom_gear_controllers/lib'
[0.728s] Level 1:colcon.colcon_core.environment:checking '/home/tamar/RBE594_ws/install/custom_gear_controllers/bin'
[0.728s] Level 1:colcon.colcon_core.environment:checking '/home/tamar/RBE594_ws/install/custom_gear_controllers/lib/pkgconfig/custom_gear_controllers.pc'
[0.728s] Level 1:colcon.colcon_core.environment:checking '/home/tamar/RBE594_ws/install/custom_gear_controllers/lib/python3.12/site-packages'
[0.728s] Level 1:colcon.colcon_core.shell:create_environment_hook('custom_gear_controllers', 'pythonpath')
[0.728s] INFO:colcon.colcon_core.shell:Creating environment hook '/home/tamar/RBE594_ws/install/custom_gear_controllers/share/custom_gear_controllers/hook/pythonpath.ps1'
[0.728s] INFO:colcon.colcon_core.shell:Creating environment descriptor '/home/tamar/RBE594_ws/install/custom_gear_controllers/share/custom_gear_controllers/hook/pythonpath.dsv'
[0.728s] INFO:colcon.colcon_core.shell:Creating environment hook '/home/tamar/RBE594_ws/install/custom_gear_controllers/share/custom_gear_controllers/hook/pythonpath.sh'
[0.729s] Level 1:colcon.colcon_core.environment:checking '/home/tamar/RBE594_ws/install/custom_gear_controllers/bin'
[0.729s] Level 1:colcon.colcon_core.environment:create_environment_scripts_only(custom_gear_controllers)
[0.729s] INFO:colcon.colcon_core.shell:Creating package script '/home/tamar/RBE594_ws/install/custom_gear_controllers/share/custom_gear_controllers/package.ps1'
[0.729s] INFO:colcon.colcon_core.shell:Creating package descriptor '/home/tamar/RBE594_ws/install/custom_gear_controllers/share/custom_gear_controllers/package.dsv'
[0.729s] INFO:colcon.colcon_core.shell:Creating package script '/home/tamar/RBE594_ws/install/custom_gear_controllers/share/custom_gear_controllers/package.sh'
[0.730s] INFO:colcon.colcon_core.shell:Creating package script '/home/tamar/RBE594_ws/install/custom_gear_controllers/share/custom_gear_controllers/package.bash'
[0.730s] INFO:colcon.colcon_core.shell:Creating package script '/home/tamar/RBE594_ws/install/custom_gear_controllers/share/custom_gear_controllers/package.zsh'
[0.730s] Level 1:colcon.colcon_core.environment:create_file_with_runtime_dependencies(/home/tamar/RBE594_ws/install/custom_gear_controllers/share/colcon-core/packages/custom_gear_controllers)
[0.759s] Level 1:colcon.colcon_core.environment:create_environment_scripts_only(sirgas_description)
[0.759s] Level 1:colcon.colcon_core.environment:checking '/home/tamar/RBE594_ws/install/sirgas_description' for CMake module files
[0.759s] DEBUG:colcon.colcon_core.event_handler.log_command:Invoked command in '/home/tamar/RBE594_ws/build/sirgas_description' returned '0': CMAKE_PREFIX_PATH=${CMAKE_PREFIX_PATH}:/home/tamar/RBE594_ws/install/custom_gear_controllers:/opt/ros/jazzy PS1=(vEnv) ${debian_chroot:+($debian_chroot)}\u@\h:\w\$ VIRTUAL_ENV_PROMPT=(vEnv) /usr/bin/cmake --install /home/tamar/RBE594_ws/build/sirgas_description
[0.760s] Level 1:colcon.colcon_core.environment:checking '/home/tamar/RBE594_ws/install/sirgas_description' for CMake config files
[0.760s] Level 1:colcon.colcon_core.shell:create_environment_hook('sirgas_description', 'cmake_prefix_path')
[0.760s] INFO:colcon.colcon_core.shell:Creating environment hook '/home/tamar/RBE594_ws/install/sirgas_description/share/sirgas_description/hook/cmake_prefix_path.ps1'
[0.760s] INFO:colcon.colcon_core.shell:Creating environment descriptor '/home/tamar/RBE594_ws/install/sirgas_description/share/sirgas_description/hook/cmake_prefix_path.dsv'
[0.760s] INFO:colcon.colcon_core.shell:Creating environment hook '/home/tamar/RBE594_ws/install/sirgas_description/share/sirgas_description/hook/cmake_prefix_path.sh'
[0.761s] Level 1:colcon.colcon_core.environment:checking '/home/tamar/RBE594_ws/install/sirgas_description/bin'
[0.761s] Level 1:colcon.colcon_core.environment:checking '/home/tamar/RBE594_ws/install/sirgas_description/lib/pkgconfig/sirgas_description.pc'
[0.761s] Level 1:colcon.colcon_core.environment:checking '/home/tamar/RBE594_ws/install/sirgas_description/lib/python3.12/site-packages'
[0.761s] Level 1:colcon.colcon_core.environment:checking '/home/tamar/RBE594_ws/install/sirgas_description/bin'
[0.761s] INFO:colcon.colcon_core.shell:Creating package script '/home/tamar/RBE594_ws/install/sirgas_description/share/sirgas_description/package.ps1'
[0.761s] INFO:colcon.colcon_core.shell:Creating package descriptor '/home/tamar/RBE594_ws/install/sirgas_description/share/sirgas_description/package.dsv'
[0.761s] INFO:colcon.colcon_core.shell:Creating package script '/home/tamar/RBE594_ws/install/sirgas_description/share/sirgas_description/package.sh'
[0.761s] INFO:colcon.colcon_core.shell:Creating package script '/home/tamar/RBE594_ws/install/sirgas_description/share/sirgas_description/package.bash'
[0.761s] INFO:colcon.colcon_core.shell:Creating package script '/home/tamar/RBE594_ws/install/sirgas_description/share/sirgas_description/package.zsh'
[0.762s] Level 1:colcon.colcon_core.environment:create_file_with_runtime_dependencies(/home/tamar/RBE594_ws/install/sirgas_description/share/colcon-core/packages/sirgas_description)
[0.762s] Level 1:colcon.colcon_core.environment:create_environment_scripts_only(sirgas_description)
[0.762s] Level 1:colcon.colcon_core.environment:checking '/home/tamar/RBE594_ws/install/sirgas_description' for CMake module files
[0.762s] Level 1:colcon.colcon_core.environment:checking '/home/tamar/RBE594_ws/install/sirgas_description' for CMake config files
[0.762s] Level 1:colcon.colcon_core.shell:create_environment_hook('sirgas_description', 'cmake_prefix_path')
[0.762s] INFO:colcon.colcon_core.shell:Creating environment hook '/home/tamar/RBE594_ws/install/sirgas_description/share/sirgas_description/hook/cmake_prefix_path.ps1'
[0.763s] INFO:colcon.colcon_core.shell:Creating environment descriptor '/home/tamar/RBE594_ws/install/sirgas_description/share/sirgas_description/hook/cmake_prefix_path.dsv'
[0.763s] INFO:colcon.colcon_core.shell:Creating environment hook '/home/tamar/RBE594_ws/install/sirgas_description/share/sirgas_description/hook/cmake_prefix_path.sh'
[0.763s] Level 1:colcon.colcon_core.environment:checking '/home/tamar/RBE594_ws/install/sirgas_description/bin'
[0.763s] Level 1:colcon.colcon_core.environment:checking '/home/tamar/RBE594_ws/install/sirgas_description/lib/pkgconfig/sirgas_description.pc'
[0.763s] Level 1:colcon.colcon_core.environment:checking '/home/tamar/RBE594_ws/install/sirgas_description/lib/python3.12/site-packages'
[0.763s] Level 1:colcon.colcon_core.environment:checking '/home/tamar/RBE594_ws/install/sirgas_description/bin'
[0.763s] INFO:colcon.colcon_core.shell:Creating package script '/home/tamar/RBE594_ws/install/sirgas_description/share/sirgas_description/package.ps1'
[0.763s] INFO:colcon.colcon_core.shell:Creating package descriptor '/home/tamar/RBE594_ws/install/sirgas_description/share/sirgas_description/package.dsv'
[0.763s] INFO:colcon.colcon_core.shell:Creating package script '/home/tamar/RBE594_ws/install/sirgas_description/share/sirgas_description/package.sh'
[0.764s] INFO:colcon.colcon_core.shell:Creating package script '/home/tamar/RBE594_ws/install/sirgas_description/share/sirgas_description/package.bash'
[0.764s] INFO:colcon.colcon_core.shell:Creating package script '/home/tamar/RBE594_ws/install/sirgas_description/share/sirgas_description/package.zsh'
[0.764s] Level 1:colcon.colcon_core.environment:create_file_with_runtime_dependencies(/home/tamar/RBE594_ws/install/sirgas_description/share/colcon-core/packages/sirgas_description)
[0.835s] DEBUG:colcon.colcon_core.event_handler.log_command:Invoked command in '/home/tamar/RBE594_ws/build/ur_description' returned '0': CMAKE_PREFIX_PATH=${CMAKE_PREFIX_PATH}:/home/tamar/RBE594_ws/install/custom_gear_controllers:/opt/ros/jazzy PS1=(vEnv) ${debian_chroot:+($debian_chroot)}\u@\h:\w\$ VIRTUAL_ENV_PROMPT=(vEnv) /usr/bin/cmake /home/tamar/RBE594_ws/src/Universal_Robots_ROS2_Description -DAMENT_CMAKE_SYMLINK_INSTALL=1 -DCMAKE_INSTALL_PREFIX=/home/tamar/RBE594_ws/install/ur_description
[0.836s] DEBUG:colcon.colcon_core.event_handler.log_command:Invoking command in '/home/tamar/RBE594_ws/build/ur_description': CMAKE_PREFIX_PATH=${CMAKE_PREFIX_PATH}:/home/tamar/RBE594_ws/install/custom_gear_controllers:/opt/ros/jazzy PS1=(vEnv) ${debian_chroot:+($debian_chroot)}\u@\h:\w\$ VIRTUAL_ENV_PROMPT=(vEnv) /usr/bin/cmake --build /home/tamar/RBE594_ws/build/ur_description -- -j32 -l32
[0.885s] DEBUG:colcon.colcon_core.event_handler.log_command:Invoked command in '/home/tamar/RBE594_ws/build/ur_description' returned '0': CMAKE_PREFIX_PATH=${CMAKE_PREFIX_PATH}:/home/tamar/RBE594_ws/install/custom_gear_controllers:/opt/ros/jazzy PS1=(vEnv) ${debian_chroot:+($debian_chroot)}\u@\h:\w\$ VIRTUAL_ENV_PROMPT=(vEnv) /usr/bin/cmake --build /home/tamar/RBE594_ws/build/ur_description -- -j32 -l32
[0.885s] DEBUG:colcon.colcon_core.event_handler.log_command:Invoking command in '/home/tamar/RBE594_ws/build/ur_description': CMAKE_PREFIX_PATH=${CMAKE_PREFIX_PATH}:/home/tamar/RBE594_ws/install/custom_gear_controllers:/opt/ros/jazzy PS1=(vEnv) ${debian_chroot:+($debian_chroot)}\u@\h:\w\$ VIRTUAL_ENV_PROMPT=(vEnv) /usr/bin/cmake --install /home/tamar/RBE594_ws/build/ur_description
[3.347s] Level 1:colcon.colcon_core.environment:create_environment_scripts_only(ur_description)
[3.347s] Level 1:colcon.colcon_core.environment:checking '/home/tamar/RBE594_ws/install/ur_description' for CMake module files
[3.348s] DEBUG:colcon.colcon_core.event_handler.log_command:Invoked command in '/home/tamar/RBE594_ws/build/ur_description' returned '0': CMAKE_PREFIX_PATH=${CMAKE_PREFIX_PATH}:/home/tamar/RBE594_ws/install/custom_gear_controllers:/opt/ros/jazzy PS1=(vEnv) ${debian_chroot:+($debian_chroot)}\u@\h:\w\$ VIRTUAL_ENV_PROMPT=(vEnv) /usr/bin/cmake --install /home/tamar/RBE594_ws/build/ur_description
[3.348s] Level 1:colcon.colcon_core.environment:checking '/home/tamar/RBE594_ws/install/ur_description' for CMake config files
[3.350s] Level 1:colcon.colcon_core.shell:create_environment_hook('ur_description', 'cmake_prefix_path')
[3.350s] INFO:colcon.colcon_core.shell:Creating environment hook '/home/tamar/RBE594_ws/install/ur_description/share/ur_description/hook/cmake_prefix_path.ps1'
[3.350s] INFO:colcon.colcon_core.shell:Creating environment descriptor '/home/tamar/RBE594_ws/install/ur_description/share/ur_description/hook/cmake_prefix_path.dsv'
[3.350s] INFO:colcon.colcon_core.shell:Creating environment hook '/home/tamar/RBE594_ws/install/ur_description/share/ur_description/hook/cmake_prefix_path.sh'
[3.350s] Level 1:colcon.colcon_core.environment:checking '/home/tamar/RBE594_ws/install/ur_description/bin'
[3.350s] Level 1:colcon.colcon_core.environment:checking '/home/tamar/RBE594_ws/install/ur_description/lib/pkgconfig/ur_description.pc'
[3.351s] Level 1:colcon.colcon_core.environment:checking '/home/tamar/RBE594_ws/install/ur_description/lib/python3.12/site-packages'
[3.351s] Level 1:colcon.colcon_core.environment:checking '/home/tamar/RBE594_ws/install/ur_description/bin'
[3.351s] INFO:colcon.colcon_core.shell:Creating package script '/home/tamar/RBE594_ws/install/ur_description/share/ur_description/package.ps1'
[3.351s] INFO:colcon.colcon_core.shell:Creating package descriptor '/home/tamar/RBE594_ws/install/ur_description/share/ur_description/package.dsv'
[3.351s] INFO:colcon.colcon_core.shell:Creating package script '/home/tamar/RBE594_ws/install/ur_description/share/ur_description/package.sh'
[3.351s] INFO:colcon.colcon_core.shell:Creating package script '/home/tamar/RBE594_ws/install/ur_description/share/ur_description/package.bash'
[3.352s] INFO:colcon.colcon_core.shell:Creating package script '/home/tamar/RBE594_ws/install/ur_description/share/ur_description/package.zsh'
[3.352s] Level 1:colcon.colcon_core.environment:create_file_with_runtime_dependencies(/home/tamar/RBE594_ws/install/ur_description/share/colcon-core/packages/ur_description)
[3.352s] Level 1:colcon.colcon_core.environment:create_environment_scripts_only(ur_description)
[3.352s] Level 1:colcon.colcon_core.environment:checking '/home/tamar/RBE594_ws/install/ur_description' for CMake module files
[3.352s] Level 1:colcon.colcon_core.environment:checking '/home/tamar/RBE594_ws/install/ur_description' for CMake config files
[3.353s] Level 1:colcon.colcon_core.shell:create_environment_hook('ur_description', 'cmake_prefix_path')
[3.353s] INFO:colcon.colcon_core.shell:Creating environment hook '/home/tamar/RBE594_ws/install/ur_description/share/ur_description/hook/cmake_prefix_path.ps1'
[3.353s] INFO:colcon.colcon_core.shell:Creating environment descriptor '/home/tamar/RBE594_ws/install/ur_description/share/ur_description/hook/cmake_prefix_path.dsv'
[3.354s] INFO:colcon.colcon_core.shell:Creating environment hook '/home/tamar/RBE594_ws/install/ur_description/share/ur_description/hook/cmake_prefix_path.sh'
[3.354s] Level 1:colcon.colcon_core.environment:checking '/home/tamar/RBE594_ws/install/ur_description/bin'
[3.354s] Level 1:colcon.colcon_core.environment:checking '/home/tamar/RBE594_ws/install/ur_description/lib/pkgconfig/ur_description.pc'
[3.354s] Level 1:colcon.colcon_core.environment:checking '/home/tamar/RBE594_ws/install/ur_description/lib/python3.12/site-packages'
[3.354s] Level 1:colcon.colcon_core.environment:checking '/home/tamar/RBE594_ws/install/ur_description/bin'
[3.354s] INFO:colcon.colcon_core.shell:Creating package script '/home/tamar/RBE594_ws/install/ur_description/share/ur_description/package.ps1'
[3.354s] INFO:colcon.colcon_core.shell:Creating package descriptor '/home/tamar/RBE594_ws/install/ur_description/share/ur_description/package.dsv'
[3.354s] INFO:colcon.colcon_core.shell:Creating package script '/home/tamar/RBE594_ws/install/ur_description/share/ur_description/package.sh'
[3.355s] INFO:colcon.colcon_core.shell:Creating package script '/home/tamar/RBE594_ws/install/ur_description/share/ur_description/package.bash'
[3.355s] INFO:colcon.colcon_core.shell:Creating package script '/home/tamar/RBE594_ws/install/ur_description/share/ur_description/package.zsh'
[3.355s] Level 1:colcon.colcon_core.environment:create_file_with_runtime_dependencies(/home/tamar/RBE594_ws/install/ur_description/share/colcon-core/packages/ur_description)
[3.355s] INFO:colcon.colcon_ros.task.ament_cmake.build:Building ROS package in '/home/tamar/RBE594_ws/src/Universal_Robots_ROS2_GZ_Simulation/ur_simulation_gz' with build type 'ament_cmake'
[3.355s] INFO:colcon.colcon_cmake.task.cmake.build:Building CMake package in '/home/tamar/RBE594_ws/src/Universal_Robots_ROS2_GZ_Simulation/ur_simulation_gz'
[3.355s] INFO:colcon.colcon_core.shell:Skip shell extension 'powershell' for command environment: Not usable outside of PowerShell
[3.355s] DEBUG:colcon.colcon_core.shell:Skip shell extension 'dsv' for command environment
[3.360s] DEBUG:colcon.colcon_core.event_handler.log_command:Invoking command in '/home/tamar/RBE594_ws/build/ur_simulation_gz': CMAKE_PREFIX_PATH=/home/tamar/RBE594_ws/install/ur_description:/home/tamar/RBE594_ws/install/ur_simulation_gz:/home/tamar/RBE594_ws/install/sirgas_description:/opt/ros/jazzy/opt/gz_sim_vendor:/opt/ros/jazzy/opt/gz_sensors_vendor:/opt/ros/jazzy/opt/gz_physics_vendor:/opt/ros/jazzy/opt/sdformat_vendor:/opt/ros/jazzy/opt/gz_gui_vendor:/opt/ros/jazzy/opt/gz_transport_vendor:/opt/ros/jazzy/opt/gz_rendering_vendor:/opt/ros/jazzy/opt/gz_plugin_vendor:/opt/ros/jazzy/opt/gz_fuel_tools_vendor:/opt/ros/jazzy/opt/gz_msgs_vendor:/opt/ros/jazzy/opt/gz_common_vendor:/opt/ros/jazzy/opt/gz_math_vendor:/opt/ros/jazzy/opt/gz_utils_vendor:/opt/ros/jazzy/opt/gz_tools_vendor:/opt/ros/jazzy/opt/gz_ogre_next_vendor:/opt/ros/jazzy/opt/gz_dartsim_vendor:/opt/ros/jazzy/opt/gz_cmake_vendor:/home/tamar/RBE594_ws/install/custom_gear_controllers:/opt/ros/jazzy PS1=(vEnv) ${debian_chroot:+($debian_chroot)}\u@\h:\w\$ VIRTUAL_ENV_PROMPT=(vEnv) /usr/bin/cmake /home/tamar/RBE594_ws/src/Universal_Robots_ROS2_GZ_Simulation/ur_simulation_gz -DAMENT_CMAKE_SYMLINK_INSTALL=1 -DCMAKE_INSTALL_PREFIX=/home/tamar/RBE594_ws/install/ur_simulation_gz
[4.140s] DEBUG:colcon.colcon_core.event_handler.log_command:Invoked command in '/home/tamar/RBE594_ws/build/ur_simulation_gz' returned '0': CMAKE_PREFIX_PATH=/home/tamar/RBE594_ws/install/ur_description:/home/tamar/RBE594_ws/install/ur_simulation_gz:/home/tamar/RBE594_ws/install/sirgas_description:/opt/ros/jazzy/opt/gz_sim_vendor:/opt/ros/jazzy/opt/gz_sensors_vendor:/opt/ros/jazzy/opt/gz_physics_vendor:/opt/ros/jazzy/opt/sdformat_vendor:/opt/ros/jazzy/opt/gz_gui_vendor:/opt/ros/jazzy/opt/gz_transport_vendor:/opt/ros/jazzy/opt/gz_rendering_vendor:/opt/ros/jazzy/opt/gz_plugin_vendor:/opt/ros/jazzy/opt/gz_fuel_tools_vendor:/opt/ros/jazzy/opt/gz_msgs_vendor:/opt/ros/jazzy/opt/gz_common_vendor:/opt/ros/jazzy/opt/gz_math_vendor:/opt/ros/jazzy/opt/gz_utils_vendor:/opt/ros/jazzy/opt/gz_tools_vendor:/opt/ros/jazzy/opt/gz_ogre_next_vendor:/opt/ros/jazzy/opt/gz_dartsim_vendor:/opt/ros/jazzy/opt/gz_cmake_vendor:/home/tamar/RBE594_ws/install/custom_gear_controllers:/opt/ros/jazzy PS1=(vEnv) ${debian_chroot:+($debian_chroot)}\u@\h:\w\$ VIRTUAL_ENV_PROMPT=(vEnv) /usr/bin/cmake /home/tamar/RBE594_ws/src/Universal_Robots_ROS2_GZ_Simulation/ur_simulation_gz -DAMENT_CMAKE_SYMLINK_INSTALL=1 -DCMAKE_INSTALL_PREFIX=/home/tamar/RBE594_ws/install/ur_simulation_gz
[4.141s] DEBUG:colcon.colcon_core.event_handler.log_command:Invoking command in '/home/tamar/RBE594_ws/build/ur_simulation_gz': CMAKE_PREFIX_PATH=/home/tamar/RBE594_ws/install/ur_description:/home/tamar/RBE594_ws/install/ur_simulation_gz:/home/tamar/RBE594_ws/install/sirgas_description:/opt/ros/jazzy/opt/gz_sim_vendor:/opt/ros/jazzy/opt/gz_sensors_vendor:/opt/ros/jazzy/opt/gz_physics_vendor:/opt/ros/jazzy/opt/sdformat_vendor:/opt/ros/jazzy/opt/gz_gui_vendor:/opt/ros/jazzy/opt/gz_transport_vendor:/opt/ros/jazzy/opt/gz_rendering_vendor:/opt/ros/jazzy/opt/gz_plugin_vendor:/opt/ros/jazzy/opt/gz_fuel_tools_vendor:/opt/ros/jazzy/opt/gz_msgs_vendor:/opt/ros/jazzy/opt/gz_common_vendor:/opt/ros/jazzy/opt/gz_math_vendor:/opt/ros/jazzy/opt/gz_utils_vendor:/opt/ros/jazzy/opt/gz_tools_vendor:/opt/ros/jazzy/opt/gz_ogre_next_vendor:/opt/ros/jazzy/opt/gz_dartsim_vendor:/opt/ros/jazzy/opt/gz_cmake_vendor:/home/tamar/RBE594_ws/install/custom_gear_controllers:/opt/ros/jazzy PS1=(vEnv) ${debian_chroot:+($debian_chroot)}\u@\h:\w\$ VIRTUAL_ENV_PROMPT=(vEnv) /usr/bin/cmake --build /home/tamar/RBE594_ws/build/ur_simulation_gz -- -j32 -l32
[4.187s] DEBUG:colcon.colcon_core.event_handler.log_command:Invoked command in '/home/tamar/RBE594_ws/build/ur_simulation_gz' returned '0': CMAKE_PREFIX_PATH=/home/tamar/RBE594_ws/install/ur_description:/home/tamar/RBE594_ws/install/ur_simulation_gz:/home/tamar/RBE594_ws/install/sirgas_description:/opt/ros/jazzy/opt/gz_sim_vendor:/opt/ros/jazzy/opt/gz_sensors_vendor:/opt/ros/jazzy/opt/gz_physics_vendor:/opt/ros/jazzy/opt/sdformat_vendor:/opt/ros/jazzy/opt/gz_gui_vendor:/opt/ros/jazzy/opt/gz_transport_vendor:/opt/ros/jazzy/opt/gz_rendering_vendor:/opt/ros/jazzy/opt/gz_plugin_vendor:/opt/ros/jazzy/opt/gz_fuel_tools_vendor:/opt/ros/jazzy/opt/gz_msgs_vendor:/opt/ros/jazzy/opt/gz_common_vendor:/opt/ros/jazzy/opt/gz_math_vendor:/opt/ros/jazzy/opt/gz_utils_vendor:/opt/ros/jazzy/opt/gz_tools_vendor:/opt/ros/jazzy/opt/gz_ogre_next_vendor:/opt/ros/jazzy/opt/gz_dartsim_vendor:/opt/ros/jazzy/opt/gz_cmake_vendor:/home/tamar/RBE594_ws/install/custom_gear_controllers:/opt/ros/jazzy PS1=(vEnv) ${debian_chroot:+($debian_chroot)}\u@\h:\w\$ VIRTUAL_ENV_PROMPT=(vEnv) /usr/bin/cmake --build /home/tamar/RBE594_ws/build/ur_simulation_gz -- -j32 -l32
[4.188s] DEBUG:colcon.colcon_core.event_handler.log_command:Invoking command in '/home/tamar/RBE594_ws/build/ur_simulation_gz': CMAKE_PREFIX_PATH=/home/tamar/RBE594_ws/install/ur_description:/home/tamar/RBE594_ws/install/ur_simulation_gz:/home/tamar/RBE594_ws/install/sirgas_description:/opt/ros/jazzy/opt/gz_sim_vendor:/opt/ros/jazzy/opt/gz_sensors_vendor:/opt/ros/jazzy/opt/gz_physics_vendor:/opt/ros/jazzy/opt/sdformat_vendor:/opt/ros/jazzy/opt/gz_gui_vendor:/opt/ros/jazzy/opt/gz_transport_vendor:/opt/ros/jazzy/opt/gz_rendering_vendor:/opt/ros/jazzy/opt/gz_plugin_vendor:/opt/ros/jazzy/opt/gz_fuel_tools_vendor:/opt/ros/jazzy/opt/gz_msgs_vendor:/opt/ros/jazzy/opt/gz_common_vendor:/opt/ros/jazzy/opt/gz_math_vendor:/opt/ros/jazzy/opt/gz_utils_vendor:/opt/ros/jazzy/opt/gz_tools_vendor:/opt/ros/jazzy/opt/gz_ogre_next_vendor:/opt/ros/jazzy/opt/gz_dartsim_vendor:/opt/ros/jazzy/opt/gz_cmake_vendor:/home/tamar/RBE594_ws/install/custom_gear_controllers:/opt/ros/jazzy PS1=(vEnv) ${debian_chroot:+($debian_chroot)}\u@\h:\w\$ VIRTUAL_ENV_PROMPT=(vEnv) /usr/bin/cmake --install /home/tamar/RBE594_ws/build/ur_simulation_gz
[4.506s] Level 1:colcon.colcon_core.environment:create_environment_scripts_only(ur_simulation_gz)
[4.506s] Level 1:colcon.colcon_core.environment:checking '/home/tamar/RBE594_ws/install/ur_simulation_gz' for CMake module files
[4.507s] DEBUG:colcon.colcon_core.event_handler.log_command:Invoked command in '/home/tamar/RBE594_ws/build/ur_simulation_gz' returned '0': CMAKE_PREFIX_PATH=/home/tamar/RBE594_ws/install/ur_description:/home/tamar/RBE594_ws/install/ur_simulation_gz:/home/tamar/RBE594_ws/install/sirgas_description:/opt/ros/jazzy/opt/gz_sim_vendor:/opt/ros/jazzy/opt/gz_sensors_vendor:/opt/ros/jazzy/opt/gz_physics_vendor:/opt/ros/jazzy/opt/sdformat_vendor:/opt/ros/jazzy/opt/gz_gui_vendor:/opt/ros/jazzy/opt/gz_transport_vendor:/opt/ros/jazzy/opt/gz_rendering_vendor:/opt/ros/jazzy/opt/gz_plugin_vendor:/opt/ros/jazzy/opt/gz_fuel_tools_vendor:/opt/ros/jazzy/opt/gz_msgs_vendor:/opt/ros/jazzy/opt/gz_common_vendor:/opt/ros/jazzy/opt/gz_math_vendor:/opt/ros/jazzy/opt/gz_utils_vendor:/opt/ros/jazzy/opt/gz_tools_vendor:/opt/ros/jazzy/opt/gz_ogre_next_vendor:/opt/ros/jazzy/opt/gz_dartsim_vendor:/opt/ros/jazzy/opt/gz_cmake_vendor:/home/tamar/RBE594_ws/install/custom_gear_controllers:/opt/ros/jazzy PS1=(vEnv) ${debian_chroot:+($debian_chroot)}\u@\h:\w\$ VIRTUAL_ENV_PROMPT=(vEnv) /usr/bin/cmake --install /home/tamar/RBE594_ws/build/ur_simulation_gz
[4.507s] Level 1:colcon.colcon_core.environment:checking '/home/tamar/RBE594_ws/install/ur_simulation_gz' for CMake config files
[4.507s] Level 1:colcon.colcon_core.shell:create_environment_hook('ur_simulation_gz', 'cmake_prefix_path')
[4.508s] INFO:colcon.colcon_core.shell:Creating environment hook '/home/tamar/RBE594_ws/install/ur_simulation_gz/share/ur_simulation_gz/hook/cmake_prefix_path.ps1'
[4.508s] INFO:colcon.colcon_core.shell:Creating environment descriptor '/home/tamar/RBE594_ws/install/ur_simulation_gz/share/ur_simulation_gz/hook/cmake_prefix_path.dsv'
[4.509s] INFO:colcon.colcon_core.shell:Creating environment hook '/home/tamar/RBE594_ws/install/ur_simulation_gz/share/ur_simulation_gz/hook/cmake_prefix_path.sh'
[4.509s] Level 1:colcon.colcon_core.environment:checking '/home/tamar/RBE594_ws/install/ur_simulation_gz/bin'
[4.509s] Level 1:colcon.colcon_core.environment:checking '/home/tamar/RBE594_ws/install/ur_simulation_gz/lib/pkgconfig/ur_simulation_gz.pc'
[4.510s] Level 1:colcon.colcon_core.environment:checking '/home/tamar/RBE594_ws/install/ur_simulation_gz/lib/python3.12/site-packages'
[4.510s] Level 1:colcon.colcon_core.environment:checking '/home/tamar/RBE594_ws/install/ur_simulation_gz/bin'
[4.510s] INFO:colcon.colcon_core.shell:Creating package script '/home/tamar/RBE594_ws/install/ur_simulation_gz/share/ur_simulation_gz/package.ps1'
[4.511s] INFO:colcon.colcon_core.shell:Creating package descriptor '/home/tamar/RBE594_ws/install/ur_simulation_gz/share/ur_simulation_gz/package.dsv'
[4.512s] INFO:colcon.colcon_core.shell:Creating package script '/home/tamar/RBE594_ws/install/ur_simulation_gz/share/ur_simulation_gz/package.sh'
[4.512s] INFO:colcon.colcon_core.shell:Creating package script '/home/tamar/RBE594_ws/install/ur_simulation_gz/share/ur_simulation_gz/package.bash'
[4.513s] INFO:colcon.colcon_core.shell:Creating package script '/home/tamar/RBE594_ws/install/ur_simulation_gz/share/ur_simulation_gz/package.zsh'
[4.513s] Level 1:colcon.colcon_core.environment:create_file_with_runtime_dependencies(/home/tamar/RBE594_ws/install/ur_simulation_gz/share/colcon-core/packages/ur_simulation_gz)
[4.514s] Level 1:colcon.colcon_core.environment:create_environment_scripts_only(ur_simulation_gz)
[4.514s] Level 1:colcon.colcon_core.environment:checking '/home/tamar/RBE594_ws/install/ur_simulation_gz' for CMake module files
[4.515s] Level 1:colcon.colcon_core.environment:checking '/home/tamar/RBE594_ws/install/ur_simulation_gz' for CMake config files
[4.516s] Level 1:colcon.colcon_core.shell:create_environment_hook('ur_simulation_gz', 'cmake_prefix_path')
[4.516s] INFO:colcon.colcon_core.shell:Creating environment hook '/home/tamar/RBE594_ws/install/ur_simulation_gz/share/ur_simulation_gz/hook/cmake_prefix_path.ps1'
[4.517s] INFO:colcon.colcon_core.shell:Creating environment descriptor '/home/tamar/RBE594_ws/install/ur_simulation_gz/share/ur_simulation_gz/hook/cmake_prefix_path.dsv'
[4.517s] INFO:colcon.colcon_core.shell:Creating environment hook '/home/tamar/RBE594_ws/install/ur_simulation_gz/share/ur_simulation_gz/hook/cmake_prefix_path.sh'
[4.519s] Level 1:colcon.colcon_core.environment:checking '/home/tamar/RBE594_ws/install/ur_simulation_gz/bin'
[4.519s] Level 1:colcon.colcon_core.environment:checking '/home/tamar/RBE594_ws/install/ur_simulation_gz/lib/pkgconfig/ur_simulation_gz.pc'
[4.519s] Level 1:colcon.colcon_core.environment:checking '/home/tamar/RBE594_ws/install/ur_simulation_gz/lib/python3.12/site-packages'
[4.519s] Level 1:colcon.colcon_core.environment:checking '/home/tamar/RBE594_ws/install/ur_simulation_gz/bin'
[4.520s] INFO:colcon.colcon_core.shell:Creating package script '/home/tamar/RBE594_ws/install/ur_simulation_gz/share/ur_simulation_gz/package.ps1'
[4.521s] INFO:colcon.colcon_core.shell:Creating package descriptor '/home/tamar/RBE594_ws/install/ur_simulation_gz/share/ur_simulation_gz/package.dsv'
[4.521s] INFO:colcon.colcon_core.shell:Creating package script '/home/tamar/RBE594_ws/install/ur_simulation_gz/share/ur_simulation_gz/package.sh'
[4.522s] INFO:colcon.colcon_core.shell:Creating package script '/home/tamar/RBE594_ws/install/ur_simulation_gz/share/ur_simulation_gz/package.bash'
[4.522s] INFO:colcon.colcon_core.shell:Creating package script '/home/tamar/RBE594_ws/install/ur_simulation_gz/share/ur_simulation_gz/package.zsh'
[4.523s] Level 1:colcon.colcon_core.environment:create_file_with_runtime_dependencies(/home/tamar/RBE594_ws/install/ur_simulation_gz/share/colcon-core/packages/ur_simulation_gz)
[4.523s] DEBUG:colcon.colcon_parallel_executor.executor.parallel:closing loop
[4.523s] DEBUG:colcon.colcon_parallel_executor.executor.parallel:loop closed
[4.523s] DEBUG:colcon.colcon_parallel_executor.executor.parallel:run_until_complete finished with '0'
[4.523s] DEBUG:colcon.colcon_core.event_reactor:joining thread
[4.529s] INFO:colcon.colcon_core.plugin_system:Skipping extension 'colcon_notification.desktop_notification.notify_send': Could not find 'notify-send'
[4.529s] INFO:colcon.colcon_core.plugin_system:Skipping extension 'colcon_notification.desktop_notification.terminal_notifier': Not used on non-Darwin systems
[4.529s] INFO:colcon.colcon_core.plugin_system:Skipping extension 'colcon_notification.desktop_notification.win32': Not used on non-Windows systems
[4.529s] INFO:colcon.colcon_notification.desktop_notification:Sending desktop notification using 'notify2'
[4.531s] DEBUG:colcon.colcon_notification.desktop_notification.notify2:Failed to initialize notify2: org.freedesktop.DBus.Error.Spawn.ExecFailed: /usr/bin/dbus-launch terminated abnormally without any error message
[4.531s] DEBUG:colcon.colcon_core.event_reactor:joined thread
[4.531s] INFO:colcon.colcon_core.shell:Creating prefix script '/home/tamar/RBE594_ws/install/local_setup.ps1'
[4.532s] INFO:colcon.colcon_core.shell:Creating prefix util module '/home/tamar/RBE594_ws/install/_local_setup_util_ps1.py'
[4.532s] INFO:colcon.colcon_core.shell:Creating prefix chain script '/home/tamar/RBE594_ws/install/setup.ps1'
[4.533s] INFO:colcon.colcon_core.shell:Creating prefix script '/home/tamar/RBE594_ws/install/local_setup.sh'
[4.533s] INFO:colcon.colcon_core.shell:Creating prefix util module '/home/tamar/RBE594_ws/install/_local_setup_util_sh.py'
[4.533s] INFO:colcon.colcon_core.shell:Creating prefix chain script '/home/tamar/RBE594_ws/install/setup.sh'
[4.534s] INFO:colcon.colcon_core.shell:Creating prefix script '/home/tamar/RBE594_ws/install/local_setup.bash'
[4.534s] INFO:colcon.colcon_core.shell:Creating prefix chain script '/home/tamar/RBE594_ws/install/setup.bash'
[4.535s] INFO:colcon.colcon_core.shell:Creating prefix script '/home/tamar/RBE594_ws/install/local_setup.zsh'
[4.535s] INFO:colcon.colcon_core.shell:Creating prefix chain script '/home/tamar/RBE594_ws/install/setup.zsh'
