[0.000000] (-) TimerEvent: {}
[0.000415] (custom_gear_controllers) JobQueued: {'identifier': 'custom_gear_controllers', 'dependencies': OrderedDict()}
[0.000692] (sirgas_apriltag_detector) JobQueued: {'identifier': 'sirgas_apriltag_detector', 'dependencies': OrderedDict()}
[0.000991] (sirgas_description) JobQueued: {'identifier': 'sirgas_description', 'dependencies': OrderedDict()}
[0.001128] (custom_gear_controllers) JobStarted: {'identifier': 'custom_gear_controllers'}
[0.015412] (sirgas_apriltag_detector) JobStarted: {'identifier': 'sirgas_apriltag_detector'}
[0.020667] (sirgas_description) JobStarted: {'identifier': 'sirgas_description'}
[0.099951] (-) TimerEvent: {}
[0.200196] (-) TimerEvent: {}
[0.300443] (-) TimerEvent: {}
[0.400773] (-) TimerEvent: {}
[0.430294] (sirgas_description) JobProgress: {'identifier': 'sirgas_description', 'progress': 'cmake'}
[0.431620] (sirgas_description) JobProgress: {'identifier': 'sirgas_description', 'progress': 'build'}
[0.432329] (sirgas_description) Command: {'cmd': ['/usr/bin/cmake', '--build', '/home/tamar/RBE594_ws/build/sirgas_description', '--', '-j12', '-l12'], 'cwd': '/home/tamar/RBE594_ws/build/sirgas_description', 'env': OrderedDict({'GZ_SIM_RESOURCE_PATH': '/opt/ros/jazzy/share', 'GZ_CONFIG_PATH': '/opt/ros/jazzy/opt/gz_sim_vendor/share/gz:/opt/ros/jazzy/opt/sdformat_vendor/share/gz:/opt/ros/jazzy/opt/gz_gui_vendor/share/gz:/opt/ros/jazzy/opt/gz_transport_vendor/share/gz:/opt/ros/jazzy/opt/gz_rendering_vendor/share/gz:/opt/ros/jazzy/opt/gz_plugin_vendor/share/gz:/opt/ros/jazzy/opt/gz_fuel_tools_vendor/share/gz:/opt/ros/jazzy/opt/gz_msgs_vendor/share/gz:/opt/ros/jazzy/opt/gz_common_vendor/share/gz', 'HOSTNAME': 'f35654c561c7', 'SHLVL': '1', 'LIBGL_ALWAYS_SOFTWARE': '1', 'LD_LIBRARY_PATH': '/opt/ros/jazzy/opt/gz_sim_vendor/lib:/opt/ros/jazzy/opt/gz_sensors_vendor/lib:/opt/ros/jazzy/opt/gz_physics_vendor/lib:/opt/ros/jazzy/opt/sdformat_vendor/lib:/opt/ros/jazzy/opt/rviz_ogre_vendor/lib:/opt/ros/jazzy/lib/x86_64-linux-gnu:/opt/ros/jazzy/opt/gz_gui_vendor/lib:/opt/ros/jazzy/opt/gz_transport_vendor/lib:/opt/ros/jazzy/opt/gz_rendering_vendor/lib:/opt/ros/jazzy/opt/gz_plugin_vendor/lib:/opt/ros/jazzy/opt/gz_fuel_tools_vendor/lib:/opt/ros/jazzy/opt/gz_msgs_vendor/lib:/opt/ros/jazzy/opt/gz_common_vendor/lib:/opt/ros/jazzy/opt/gz_math_vendor/lib:/opt/ros/jazzy/opt/gz_utils_vendor/lib:/opt/ros/jazzy/opt/gz_tools_vendor/lib:/opt/ros/jazzy/opt/gz_ogre_next_vendor/lib:/opt/ros/jazzy/opt/gz_dartsim_vendor/lib:/opt/ros/jazzy/opt/gz_cmake_vendor/lib:/opt/ros/jazzy/lib', 'HOME': '/home/tamar', 'OLDPWD': '/', 'ROS_PYTHON_VERSION': '3', 'COLCON_PREFIX_PATH': '/home/tamar/RBE594_ws/install', 'ROS_DISTRO': 'jazzy', '_': '/usr/bin/colcon', 'ROS_VERSION': '2', 'TERM': 'xterm', 'QT_X11_NO_MITSHM': '1', 'PATH': '/opt/ros/jazzy/opt/gz_msgs_vendor/bin:/opt/ros/jazzy/opt/gz_tools_vendor/bin:/opt/ros/jazzy/opt/gz_ogre_next_vendor/bin:/opt/ros/jazzy/bin:/usr/local/sbin:/usr/local/bin:/usr/sbin:/usr/bin:/sbin:/bin', 'DISPLAY': ':1', 'LANG': 'C.UTF-8', 'RMW_IMPLEMENTATION': 'rmw_cyclonedds_cpp', 'AMENT_PREFIX_PATH': '/home/tamar/RBE594_ws/install/sirgas_description:/home/tamar/RBE594_ws/install/sirgas_apriltag_detector:/home/tamar/RBE594_ws/install/custom_gear_controllers:/opt/ros/jazzy', 'ROS_AUTOMATIC_DISCOVERY_RANGE': 'SUBNET', 'PWD': '/home/tamar/RBE594_ws/build/sirgas_description', 'TURTLEBOT3_MODEL': 'waffle', 'LC_ALL': 'C.UTF-8', 'PYTHONPATH': '/home/tamar/RBE594_ws/build/sirgas_apriltag_detector:/home/tamar/RBE594_ws/install/sirgas_apriltag_detector/lib/python3.12/site-packages:/home/tamar/RBE594_ws/build/custom_gear_controllers:/home/tamar/RBE594_ws/install/custom_gear_controllers/lib/python3.12/site-packages:/opt/ros/jazzy/lib/python3.12/site-packages', 'NVIDIA_VISIBLE_DEVICES': 'all', 'COLCON': '1', 'CMAKE_PREFIX_PATH': '/home/tamar/RBE594_ws/install/sirgas_description:/opt/ros/jazzy/opt/gz_sim_vendor:/opt/ros/jazzy/opt/gz_sensors_vendor:/opt/ros/jazzy/opt/gz_physics_vendor:/opt/ros/jazzy/opt/sdformat_vendor:/opt/ros/jazzy/opt/gz_gui_vendor:/opt/ros/jazzy/opt/gz_transport_vendor:/opt/ros/jazzy/opt/gz_rendering_vendor:/opt/ros/jazzy/opt/gz_plugin_vendor:/opt/ros/jazzy/opt/gz_fuel_tools_vendor:/opt/ros/jazzy/opt/gz_msgs_vendor:/opt/ros/jazzy/opt/gz_common_vendor:/opt/ros/jazzy/opt/gz_math_vendor:/opt/ros/jazzy/opt/gz_utils_vendor:/opt/ros/jazzy/opt/gz_tools_vendor:/opt/ros/jazzy/opt/gz_ogre_next_vendor:/opt/ros/jazzy/opt/gz_dartsim_vendor:/opt/ros/jazzy/opt/gz_cmake_vendor:/home/tamar/RBE594_ws/install/sirgas_apriltag_detector:/home/tamar/RBE594_ws/install/custom_gear_controllers:/opt/ros/jazzy'}), 'shell': False}
[0.500913] (-) TimerEvent: {}
[0.538800] (sirgas_description) CommandEnded: {'returncode': 0}
[0.539541] (sirgas_description) JobProgress: {'identifier': 'sirgas_description', 'progress': 'install'}
[0.549580] (sirgas_description) Command: {'cmd': ['/usr/bin/cmake', '--install', '/home/tamar/RBE594_ws/build/sirgas_description'], 'cwd': '/home/tamar/RBE594_ws/build/sirgas_description', 'env': OrderedDict({'GZ_SIM_RESOURCE_PATH': '/opt/ros/jazzy/share', 'GZ_CONFIG_PATH': '/opt/ros/jazzy/opt/gz_sim_vendor/share/gz:/opt/ros/jazzy/opt/sdformat_vendor/share/gz:/opt/ros/jazzy/opt/gz_gui_vendor/share/gz:/opt/ros/jazzy/opt/gz_transport_vendor/share/gz:/opt/ros/jazzy/opt/gz_rendering_vendor/share/gz:/opt/ros/jazzy/opt/gz_plugin_vendor/share/gz:/opt/ros/jazzy/opt/gz_fuel_tools_vendor/share/gz:/opt/ros/jazzy/opt/gz_msgs_vendor/share/gz:/opt/ros/jazzy/opt/gz_common_vendor/share/gz', 'HOSTNAME': 'f35654c561c7', 'SHLVL': '1', 'LIBGL_ALWAYS_SOFTWARE': '1', 'LD_LIBRARY_PATH': '/opt/ros/jazzy/opt/gz_sim_vendor/lib:/opt/ros/jazzy/opt/gz_sensors_vendor/lib:/opt/ros/jazzy/opt/gz_physics_vendor/lib:/opt/ros/jazzy/opt/sdformat_vendor/lib:/opt/ros/jazzy/opt/rviz_ogre_vendor/lib:/opt/ros/jazzy/lib/x86_64-linux-gnu:/opt/ros/jazzy/opt/gz_gui_vendor/lib:/opt/ros/jazzy/opt/gz_transport_vendor/lib:/opt/ros/jazzy/opt/gz_rendering_vendor/lib:/opt/ros/jazzy/opt/gz_plugin_vendor/lib:/opt/ros/jazzy/opt/gz_fuel_tools_vendor/lib:/opt/ros/jazzy/opt/gz_msgs_vendor/lib:/opt/ros/jazzy/opt/gz_common_vendor/lib:/opt/ros/jazzy/opt/gz_math_vendor/lib:/opt/ros/jazzy/opt/gz_utils_vendor/lib:/opt/ros/jazzy/opt/gz_tools_vendor/lib:/opt/ros/jazzy/opt/gz_ogre_next_vendor/lib:/opt/ros/jazzy/opt/gz_dartsim_vendor/lib:/opt/ros/jazzy/opt/gz_cmake_vendor/lib:/opt/ros/jazzy/lib', 'HOME': '/home/tamar', 'OLDPWD': '/', 'ROS_PYTHON_VERSION': '3', 'COLCON_PREFIX_PATH': '/home/tamar/RBE594_ws/install', 'ROS_DISTRO': 'jazzy', '_': '/usr/bin/colcon', 'ROS_VERSION': '2', 'TERM': 'xterm', 'QT_X11_NO_MITSHM': '1', 'PATH': '/opt/ros/jazzy/opt/gz_msgs_vendor/bin:/opt/ros/jazzy/opt/gz_tools_vendor/bin:/opt/ros/jazzy/opt/gz_ogre_next_vendor/bin:/opt/ros/jazzy/bin:/usr/local/sbin:/usr/local/bin:/usr/sbin:/usr/bin:/sbin:/bin', 'DISPLAY': ':1', 'LANG': 'C.UTF-8', 'RMW_IMPLEMENTATION': 'rmw_cyclonedds_cpp', 'AMENT_PREFIX_PATH': '/home/tamar/RBE594_ws/install/sirgas_description:/home/tamar/RBE594_ws/install/sirgas_apriltag_detector:/home/tamar/RBE594_ws/install/custom_gear_controllers:/opt/ros/jazzy', 'ROS_AUTOMATIC_DISCOVERY_RANGE': 'SUBNET', 'PWD': '/home/tamar/RBE594_ws/build/sirgas_description', 'TURTLEBOT3_MODEL': 'waffle', 'LC_ALL': 'C.UTF-8', 'PYTHONPATH': '/home/tamar/RBE594_ws/build/sirgas_apriltag_detector:/home/tamar/RBE594_ws/install/sirgas_apriltag_detector/lib/python3.12/site-packages:/home/tamar/RBE594_ws/build/custom_gear_controllers:/home/tamar/RBE594_ws/install/custom_gear_controllers/lib/python3.12/site-packages:/opt/ros/jazzy/lib/python3.12/site-packages', 'NVIDIA_VISIBLE_DEVICES': 'all', 'COLCON': '1', 'CMAKE_PREFIX_PATH': '/home/tamar/RBE594_ws/install/sirgas_description:/opt/ros/jazzy/opt/gz_sim_vendor:/opt/ros/jazzy/opt/gz_sensors_vendor:/opt/ros/jazzy/opt/gz_physics_vendor:/opt/ros/jazzy/opt/sdformat_vendor:/opt/ros/jazzy/opt/gz_gui_vendor:/opt/ros/jazzy/opt/gz_transport_vendor:/opt/ros/jazzy/opt/gz_rendering_vendor:/opt/ros/jazzy/opt/gz_plugin_vendor:/opt/ros/jazzy/opt/gz_fuel_tools_vendor:/opt/ros/jazzy/opt/gz_msgs_vendor:/opt/ros/jazzy/opt/gz_common_vendor:/opt/ros/jazzy/opt/gz_math_vendor:/opt/ros/jazzy/opt/gz_utils_vendor:/opt/ros/jazzy/opt/gz_tools_vendor:/opt/ros/jazzy/opt/gz_ogre_next_vendor:/opt/ros/jazzy/opt/gz_dartsim_vendor:/opt/ros/jazzy/opt/gz_cmake_vendor:/home/tamar/RBE594_ws/install/sirgas_apriltag_detector:/home/tamar/RBE594_ws/install/custom_gear_controllers:/opt/ros/jazzy'}), 'shell': False}
[0.558374] (sirgas_description) StdoutLine: {'line': b'-- Install configuration: ""\n'}
[0.559197] (sirgas_description) StdoutLine: {'line': b'-- Execute custom install script\n'}
[0.560342] (sirgas_description) StdoutLine: {'line': b'-- Up-to-date symlink: /home/tamar/RBE594_ws/install/sirgas_description/share/sirgas_description//urdf/apriltags/tag_1.png\n'}
[0.560538] (sirgas_description) StdoutLine: {'line': b'-- Up-to-date symlink: /home/tamar/RBE594_ws/install/sirgas_description/share/sirgas_description//urdf/camera.urdf.xacro\n'}
[0.560701] (sirgas_description) StdoutLine: {'line': b'-- Up-to-date symlink: /home/tamar/RBE594_ws/install/sirgas_description/share/sirgas_description//urdf/camera_mount.urdf.xacro\n'}
[0.560910] (sirgas_description) StdoutLine: {'line': b'-- Up-to-date symlink: /home/tamar/RBE594_ws/install/sirgas_description/share/sirgas_description//urdf/gear_starter_motor.urdf.xacro\n'}
[0.561089] (sirgas_description) StdoutLine: {'line': b'-- Up-to-date symlink: /home/tamar/RBE594_ws/install/sirgas_description/share/sirgas_description//urdf/inc/ur_common.xacro\n'}
[0.561248] (sirgas_description) StdoutLine: {'line': b'-- Up-to-date symlink: /home/tamar/RBE594_ws/install/sirgas_description/share/sirgas_description//urdf/inc/ur_transmissions.xacro\n'}
[0.561401] (sirgas_description) StdoutLine: {'line': b'-- Up-to-date symlink: /home/tamar/RBE594_ws/install/sirgas_description/share/sirgas_description//urdf/pba.urdf.xacro\n'}
[0.561588] (sirgas_description) StdoutLine: {'line': b'-- Up-to-date symlink: /home/tamar/RBE594_ws/install/sirgas_description/share/sirgas_description//urdf/pba2.urdf.xacro\n'}
[0.561735] (sirgas_description) StdoutLine: {'line': b'-- Up-to-date symlink: /home/tamar/RBE594_ws/install/sirgas_description/share/sirgas_description//urdf/robotiq_arg85_description.urdf.xacro\n'}
[0.561917] (sirgas_description) StdoutLine: {'line': b'-- Up-to-date symlink: /home/tamar/RBE594_ws/install/sirgas_description/share/sirgas_description//urdf/sim_cam.urdf.xacro\n'}
[0.562067] (sirgas_description) StdoutLine: {'line': b'-- Up-to-date symlink: /home/tamar/RBE594_ws/install/sirgas_description/share/sirgas_description//urdf/tag_1.urdf.xacro\n'}
[0.562238] (sirgas_description) StdoutLine: {'line': b'-- Up-to-date symlink: /home/tamar/RBE594_ws/install/sirgas_description/share/sirgas_description//urdf/ur20.ros2_control.xacro\n'}
[0.562386] (sirgas_description) StdoutLine: {'line': b'-- Up-to-date symlink: /home/tamar/RBE594_ws/install/sirgas_description/share/sirgas_description//urdf/ur20_macro.xacro\n'}
[0.562540] (sirgas_description) StdoutLine: {'line': b'-- Up-to-date symlink: /home/tamar/RBE594_ws/install/sirgas_description/share/sirgas_description//urdf/ur20_pba.urdf.xacro\n'}
[0.562659] (sirgas_description) StdoutLine: {'line': b'-- Up-to-date symlink: /home/tamar/RBE594_ws/install/sirgas_description/share/sirgas_description//urdf/ur20_picker.urdf.xacro\n'}
[0.562771] (sirgas_description) StdoutLine: {'line': b'-- Up-to-date symlink: /home/tamar/RBE594_ws/install/sirgas_description/share/sirgas_description//urdf/ur20_starter.urdf.xacro\n'}
[0.562961] (sirgas_description) StdoutLine: {'line': b'-- Up-to-date symlink: /home/tamar/RBE594_ws/install/sirgas_description/share/sirgas_description//urdf/ur20_starter2.urdf.xacro\n'}
[0.563110] (sirgas_description) StdoutLine: {'line': b'-- Up-to-date symlink: /home/tamar/RBE594_ws/install/sirgas_description/share/sirgas_description//launch/apriltag_detector.py\n'}
[0.563264] (sirgas_description) StdoutLine: {'line': b'-- Up-to-date symlink: /home/tamar/RBE594_ws/install/sirgas_description/share/sirgas_description//launch/camera.launch.py\n'}
[0.563435] (sirgas_description) StdoutLine: {'line': b'-- Up-to-date symlink: /home/tamar/RBE594_ws/install/sirgas_description/share/sirgas_description//launch/gr.launch.py\n'}
[0.563595] (sirgas_description) StdoutLine: {'line': b'-- Up-to-date symlink: /home/tamar/RBE594_ws/install/sirgas_description/share/sirgas_description//launch/gripper.launch.py\n'}
[0.563743] (sirgas_description) StdoutLine: {'line': b'-- Up-to-date symlink: /home/tamar/RBE594_ws/install/sirgas_description/share/sirgas_description//launch/pba.launch.py\n'}
[0.563936] (sirgas_description) StdoutLine: {'line': b'-- Up-to-date symlink: /home/tamar/RBE594_ws/install/sirgas_description/share/sirgas_description//launch/pba.launch.xml\n'}
[0.564109] (sirgas_description) StdoutLine: {'line': b'-- Up-to-date symlink: /home/tamar/RBE594_ws/install/sirgas_description/share/sirgas_description//launch/sim.launch.py\n'}
[0.564256] (sirgas_description) StdoutLine: {'line': b'-- Up-to-date symlink: /home/tamar/RBE594_ws/install/sirgas_description/share/sirgas_description//launch/sim2.launch.py\n'}
[0.564409] (sirgas_description) StdoutLine: {'line': b'-- Up-to-date symlink: /home/tamar/RBE594_ws/install/sirgas_description/share/sirgas_description//launch/sim3.launch.py\n'}
[0.564551] (sirgas_description) StdoutLine: {'line': b'-- Up-to-date symlink: /home/tamar/RBE594_ws/install/sirgas_description/share/sirgas_description//launch/sim4.launch.py\n'}
[0.564667] (sirgas_description) StdoutLine: {'line': b'-- Up-to-date symlink: /home/tamar/RBE594_ws/install/sirgas_description/share/sirgas_description//launch/sim5.launch.py\n'}
[0.564782] (sirgas_description) StdoutLine: {'line': b'-- Up-to-date symlink: /home/tamar/RBE594_ws/install/sirgas_description/share/sirgas_description//launch/ur20_starter.launch.py\n'}
[0.564944] (sirgas_description) StdoutLine: {'line': b'-- Up-to-date symlink: /home/tamar/RBE594_ws/install/sirgas_description/share/sirgas_description//launch/ur20_starter_spawn.launch.py\n'}
[0.565118] (sirgas_description) StdoutLine: {'line': b'-- Up-to-date symlink: /home/tamar/RBE594_ws/install/sirgas_description/share/sirgas_description//meshes/Assembly 1.stl\n'}
[0.565266] (sirgas_description) StdoutLine: {'line': b'-- Up-to-date symlink: /home/tamar/RBE594_ws/install/sirgas_description/share/sirgas_description//meshes/First_Gear.stl\n'}
[0.565419] (sirgas_description) StdoutLine: {'line': b'-- Up-to-date symlink: /home/tamar/RBE594_ws/install/sirgas_description/share/sirgas_description//meshes/Gear_Rotator.stl\n'}
[0.565597] (sirgas_description) StdoutLine: {'line': b'-- Up-to-date symlink: /home/tamar/RBE594_ws/install/sirgas_description/share/sirgas_description//meshes/Motor_Housing.stl\n'}
[0.565739] (sirgas_description) StdoutLine: {'line': b'-- Up-to-date symlink: /home/tamar/RBE594_ws/install/sirgas_description/share/sirgas_description//meshes/Peg_Board.stl\n'}
[0.565896] (sirgas_description) StdoutLine: {'line': b'-- Up-to-date symlink: /home/tamar/RBE594_ws/install/sirgas_description/share/sirgas_description//meshes/Second_Gear.stl\n'}
[0.566048] (sirgas_description) StdoutLine: {'line': b'-- Up-to-date symlink: /home/tamar/RBE594_ws/install/sirgas_description/share/sirgas_description//meshes/Starter_Gear.stl\n'}
[0.566204] (sirgas_description) StdoutLine: {'line': b'-- Up-to-date symlink: /home/tamar/RBE594_ws/install/sirgas_description/share/sirgas_description//meshes/Third_Gear.stl\n'}
[0.566376] (sirgas_description) StdoutLine: {'line': b'-- Up-to-date symlink: /home/tamar/RBE594_ws/install/sirgas_description/share/sirgas_description//meshes/gripper_meshes/inner_finger_coarse.STL\n'}
[0.566523] (sirgas_description) StdoutLine: {'line': b'-- Up-to-date symlink: /home/tamar/RBE594_ws/install/sirgas_description/share/sirgas_description//meshes/gripper_meshes/inner_finger_fine.STL\n'}
[0.566675] (sirgas_description) StdoutLine: {'line': b'-- Up-to-date symlink: /home/tamar/RBE594_ws/install/sirgas_description/share/sirgas_description//meshes/gripper_meshes/inner_knuckle_coarse.STL\n'}
[0.566834] (sirgas_description) StdoutLine: {'line': b'-- Up-to-date symlink: /home/tamar/RBE594_ws/install/sirgas_description/share/sirgas_description//meshes/gripper_meshes/inner_knuckle_fine.STL\n'}
[0.567016] (sirgas_description) StdoutLine: {'line': b'-- Up-to-date symlink: /home/tamar/RBE594_ws/install/sirgas_description/share/sirgas_description//meshes/gripper_meshes/outer_finger_coarse.STL\n'}
[0.567192] (sirgas_description) StdoutLine: {'line': b'-- Up-to-date symlink: /home/tamar/RBE594_ws/install/sirgas_description/share/sirgas_description//meshes/gripper_meshes/outer_finger_fine.STL\n'}
[0.567346] (sirgas_description) StdoutLine: {'line': b'-- Up-to-date symlink: /home/tamar/RBE594_ws/install/sirgas_description/share/sirgas_description//meshes/gripper_meshes/outer_knuckle_coarse.STL\n'}
[0.567498] (sirgas_description) StdoutLine: {'line': b'-- Up-to-date symlink: /home/tamar/RBE594_ws/install/sirgas_description/share/sirgas_description//meshes/gripper_meshes/outer_knuckle_fine.STL\n'}
[0.567617] (sirgas_description) StdoutLine: {'line': b'-- Up-to-date symlink: /home/tamar/RBE594_ws/install/sirgas_description/share/sirgas_description//meshes/gripper_meshes/robotiq_85_base_link_coarse.STL\n'}
[0.567776] (sirgas_description) StdoutLine: {'line': b'-- Up-to-date symlink: /home/tamar/RBE594_ws/install/sirgas_description/share/sirgas_description//meshes/gripper_meshes/robotiq_85_base_link_fine.STL\n'}
[0.567910] (sirgas_description) StdoutLine: {'line': b'-- Up-to-date symlink: /home/tamar/RBE594_ws/install/sirgas_description/share/sirgas_description//meshes/sim_cam/model.sdf\n'}
[0.568072] (sirgas_description) StdoutLine: {'line': b'-- Up-to-date symlink: /home/tamar/RBE594_ws/install/sirgas_description/share/sirgas_description//world/.keep\n'}
[0.568248] (sirgas_description) StdoutLine: {'line': b'-- Up-to-date symlink: /home/tamar/RBE594_ws/install/sirgas_description/share/sirgas_description//rviz/camera.rviz\n'}
[0.568414] (sirgas_description) StdoutLine: {'line': b'-- Up-to-date symlink: /home/tamar/RBE594_ws/install/sirgas_description/share/sirgas_description//rviz/config.rviz\n'}
[0.568567] (sirgas_description) StdoutLine: {'line': b'-- Up-to-date symlink: /home/tamar/RBE594_ws/install/sirgas_description/share/sirgas_description//rviz/config2.rviz\n'}
[0.568699] (sirgas_description) StdoutLine: {'line': b'-- Up-to-date symlink: /home/tamar/RBE594_ws/install/sirgas_description/share/sirgas_description//rviz/gsm.rviz\n'}
[0.568873] (sirgas_description) StdoutLine: {'line': b'-- Up-to-date symlink: /home/tamar/RBE594_ws/install/sirgas_description/share/sirgas_description//rviz/ur20_view.rviz\n'}
[0.569028] (sirgas_description) StdoutLine: {'line': b'-- Up-to-date symlink: /home/tamar/RBE594_ws/install/sirgas_description/share/sirgas_description//config/gear_coupling_controller.yaml\n'}
[0.569183] (sirgas_description) StdoutLine: {'line': b'-- Up-to-date symlink: /home/tamar/RBE594_ws/install/sirgas_description/share/sirgas_description//config/gsm_controller.yaml\n'}
[0.569335] (sirgas_description) StdoutLine: {'line': b'-- Up-to-date symlink: /home/tamar/RBE594_ws/install/sirgas_description/share/sirgas_description//config/initial_positions.yaml\n'}
[0.569493] (sirgas_description) StdoutLine: {'line': b'-- Up-to-date symlink: /home/tamar/RBE594_ws/install/sirgas_description/share/sirgas_description//config/load_controllers.sh\n'}
[0.569669] (sirgas_description) StdoutLine: {'line': b'-- Up-to-date symlink: /home/tamar/RBE594_ws/install/sirgas_description/share/sirgas_description//config/pba_controller.yaml\n'}
[0.569833] (sirgas_description) StdoutLine: {'line': b'-- Up-to-date symlink: /home/tamar/RBE594_ws/install/sirgas_description/share/sirgas_description//config/test.yaml\n'}
[0.569986] (sirgas_description) StdoutLine: {'line': b'-- Up-to-date symlink: /home/tamar/RBE594_ws/install/sirgas_description/share/sirgas_description//config/ur20_controllers.yaml\n'}
[0.570111] (sirgas_description) StdoutLine: {'line': b'-- Up-to-date symlink: /home/tamar/RBE594_ws/install/sirgas_description/share/sirgas_description//config/ur20_picker_controllers.yaml\n'}
[0.570268] (sirgas_description) StdoutLine: {'line': b'-- Up-to-date symlink: /home/tamar/RBE594_ws/install/sirgas_description/share/sirgas_description//config/ur20_starter_controllers.yaml\n'}
[0.570428] (sirgas_description) StdoutLine: {'line': b'-- Up-to-date symlink: /home/tamar/RBE594_ws/install/sirgas_description/share/ament_index/resource_index/package_run_dependencies/sirgas_description\n'}
[0.570586] (sirgas_description) StdoutLine: {'line': b'-- Up-to-date symlink: /home/tamar/RBE594_ws/install/sirgas_description/share/ament_index/resource_index/parent_prefix_path/sirgas_description\n'}
[0.570733] (sirgas_description) StdoutLine: {'line': b'-- Up-to-date symlink: /home/tamar/RBE594_ws/install/sirgas_description/share/sirgas_description/environment/ament_prefix_path.sh\n'}
[0.570866] (sirgas_description) StdoutLine: {'line': b'-- Up-to-date symlink: /home/tamar/RBE594_ws/install/sirgas_description/share/sirgas_description/environment/ament_prefix_path.dsv\n'}
[0.571018] (sirgas_description) StdoutLine: {'line': b'-- Up-to-date symlink: /home/tamar/RBE594_ws/install/sirgas_description/share/sirgas_description/environment/path.sh\n'}
[0.571177] (sirgas_description) StdoutLine: {'line': b'-- Up-to-date symlink: /home/tamar/RBE594_ws/install/sirgas_description/share/sirgas_description/environment/path.dsv\n'}
[0.571333] (sirgas_description) StdoutLine: {'line': b'-- Up-to-date symlink: /home/tamar/RBE594_ws/install/sirgas_description/share/sirgas_description/local_setup.bash\n'}
[0.571486] (sirgas_description) StdoutLine: {'line': b'-- Up-to-date symlink: /home/tamar/RBE594_ws/install/sirgas_description/share/sirgas_description/local_setup.sh\n'}
[0.571631] (sirgas_description) StdoutLine: {'line': b'-- Up-to-date symlink: /home/tamar/RBE594_ws/install/sirgas_description/share/sirgas_description/local_setup.zsh\n'}
[0.571783] (sirgas_description) StdoutLine: {'line': b'-- Up-to-date symlink: /home/tamar/RBE594_ws/install/sirgas_description/share/sirgas_description/local_setup.dsv\n'}
[0.571978] (sirgas_description) StdoutLine: {'line': b'-- Symlinking: /home/tamar/RBE594_ws/install/sirgas_description/share/sirgas_description/package.dsv\n'}
[0.582457] (sirgas_description) StdoutLine: {'line': b'-- Up-to-date symlink: /home/tamar/RBE594_ws/install/sirgas_description/share/ament_index/resource_index/packages/sirgas_description\n'}
[0.582645] (sirgas_description) StdoutLine: {'line': b'-- Up-to-date symlink: /home/tamar/RBE594_ws/install/sirgas_description/share/sirgas_description/cmake/sirgas_descriptionConfig.cmake\n'}
[0.582816] (sirgas_description) StdoutLine: {'line': b'-- Up-to-date symlink: /home/tamar/RBE594_ws/install/sirgas_description/share/sirgas_description/cmake/sirgas_descriptionConfig-version.cmake\n'}
[0.582978] (sirgas_description) StdoutLine: {'line': b'-- Up-to-date symlink: /home/tamar/RBE594_ws/install/sirgas_description/share/sirgas_description/package.xml\n'}
[0.584661] (sirgas_description) CommandEnded: {'returncode': 0}
[0.600977] (-) TimerEvent: {}
[0.602162] (sirgas_description) JobEnded: {'identifier': 'sirgas_description', 'rc': 0}
[0.701061] (-) TimerEvent: {}
[0.801315] (-) TimerEvent: {}
[0.901553] (-) TimerEvent: {}
[1.001786] (-) TimerEvent: {}
[1.102013] (-) TimerEvent: {}
[1.115762] (custom_gear_controllers) Command: {'cmd': ['/usr/bin/python3', '-W', 'ignore:setup.py install is deprecated', '-W', 'ignore:easy_install command is deprecated', 'setup.py', 'develop', '--editable', '--build-directory', '/home/tamar/RBE594_ws/build/custom_gear_controllers/build', '--no-deps', 'symlink_data'], 'cwd': '/home/tamar/RBE594_ws/build/custom_gear_controllers', 'env': {'GZ_SIM_RESOURCE_PATH': '/opt/ros/jazzy/share', 'GZ_CONFIG_PATH': '/opt/ros/jazzy/opt/gz_sim_vendor/share/gz:/opt/ros/jazzy/opt/sdformat_vendor/share/gz:/opt/ros/jazzy/opt/gz_gui_vendor/share/gz:/opt/ros/jazzy/opt/gz_transport_vendor/share/gz:/opt/ros/jazzy/opt/gz_rendering_vendor/share/gz:/opt/ros/jazzy/opt/gz_plugin_vendor/share/gz:/opt/ros/jazzy/opt/gz_fuel_tools_vendor/share/gz:/opt/ros/jazzy/opt/gz_msgs_vendor/share/gz:/opt/ros/jazzy/opt/gz_common_vendor/share/gz', 'HOSTNAME': 'f35654c561c7', 'SHLVL': '1', 'LIBGL_ALWAYS_SOFTWARE': '1', 'LD_LIBRARY_PATH': '/opt/ros/jazzy/opt/gz_sim_vendor/lib:/opt/ros/jazzy/opt/gz_sensors_vendor/lib:/opt/ros/jazzy/opt/gz_physics_vendor/lib:/opt/ros/jazzy/opt/sdformat_vendor/lib:/opt/ros/jazzy/opt/rviz_ogre_vendor/lib:/opt/ros/jazzy/lib/x86_64-linux-gnu:/opt/ros/jazzy/opt/gz_gui_vendor/lib:/opt/ros/jazzy/opt/gz_transport_vendor/lib:/opt/ros/jazzy/opt/gz_rendering_vendor/lib:/opt/ros/jazzy/opt/gz_plugin_vendor/lib:/opt/ros/jazzy/opt/gz_fuel_tools_vendor/lib:/opt/ros/jazzy/opt/gz_msgs_vendor/lib:/opt/ros/jazzy/opt/gz_common_vendor/lib:/opt/ros/jazzy/opt/gz_math_vendor/lib:/opt/ros/jazzy/opt/gz_utils_vendor/lib:/opt/ros/jazzy/opt/gz_tools_vendor/lib:/opt/ros/jazzy/opt/gz_ogre_next_vendor/lib:/opt/ros/jazzy/opt/gz_dartsim_vendor/lib:/opt/ros/jazzy/opt/gz_cmake_vendor/lib:/opt/ros/jazzy/lib', 'HOME': '/home/tamar', 'OLDPWD': '/', 'ROS_PYTHON_VERSION': '3', 'COLCON_PREFIX_PATH': '/home/tamar/RBE594_ws/install', 'ROS_DISTRO': 'jazzy', '_': '/usr/bin/colcon', 'ROS_VERSION': '2', 'TERM': 'xterm', 'QT_X11_NO_MITSHM': '1', 'PATH': '/opt/ros/jazzy/opt/gz_msgs_vendor/bin:/opt/ros/jazzy/opt/gz_tools_vendor/bin:/opt/ros/jazzy/opt/gz_ogre_next_vendor/bin:/opt/ros/jazzy/bin:/usr/local/sbin:/usr/local/bin:/usr/sbin:/usr/bin:/sbin:/bin', 'DISPLAY': ':1', 'LANG': 'C.UTF-8', 'RMW_IMPLEMENTATION': 'rmw_cyclonedds_cpp', 'AMENT_PREFIX_PATH': '/home/tamar/RBE594_ws/install/sirgas_description:/home/tamar/RBE594_ws/install/sirgas_apriltag_detector:/home/tamar/RBE594_ws/install/custom_gear_controllers:/opt/ros/jazzy', 'ROS_AUTOMATIC_DISCOVERY_RANGE': 'SUBNET', 'PWD': '/home/tamar/RBE594_ws/build/custom_gear_controllers', 'TURTLEBOT3_MODEL': 'waffle', 'LC_ALL': 'C.UTF-8', 'PYTHONPATH': '/home/tamar/RBE594_ws/build/custom_gear_controllers/prefix_override:/usr/lib/python3/dist-packages/colcon_core/task/python/colcon_distutils_commands:/home/tamar/RBE594_ws/install/custom_gear_controllers/lib/python3.12/site-packages:/home/tamar/RBE594_ws/build/sirgas_apriltag_detector:/home/tamar/RBE594_ws/install/sirgas_apriltag_detector/lib/python3.12/site-packages:/home/tamar/RBE594_ws/build/custom_gear_controllers:/home/tamar/RBE594_ws/install/custom_gear_controllers/lib/python3.12/site-packages:/opt/ros/jazzy/lib/python3.12/site-packages', 'NVIDIA_VISIBLE_DEVICES': 'all', 'COLCON': '1', 'CMAKE_PREFIX_PATH': '/home/tamar/RBE594_ws/install/sirgas_description:/opt/ros/jazzy/opt/gz_sim_vendor:/opt/ros/jazzy/opt/gz_sensors_vendor:/opt/ros/jazzy/opt/gz_physics_vendor:/opt/ros/jazzy/opt/sdformat_vendor:/opt/ros/jazzy/opt/gz_gui_vendor:/opt/ros/jazzy/opt/gz_transport_vendor:/opt/ros/jazzy/opt/gz_rendering_vendor:/opt/ros/jazzy/opt/gz_plugin_vendor:/opt/ros/jazzy/opt/gz_fuel_tools_vendor:/opt/ros/jazzy/opt/gz_msgs_vendor:/opt/ros/jazzy/opt/gz_common_vendor:/opt/ros/jazzy/opt/gz_math_vendor:/opt/ros/jazzy/opt/gz_utils_vendor:/opt/ros/jazzy/opt/gz_tools_vendor:/opt/ros/jazzy/opt/gz_ogre_next_vendor:/opt/ros/jazzy/opt/gz_dartsim_vendor:/opt/ros/jazzy/opt/gz_cmake_vendor'}, 'shell': False}
[1.117738] (sirgas_apriltag_detector) Command: {'cmd': ['/usr/bin/python3', '-W', 'ignore:setup.py install is deprecated', '-W', 'ignore:easy_install command is deprecated', 'setup.py', 'develop', '--editable', '--build-directory', '/home/tamar/RBE594_ws/build/sirgas_apriltag_detector/build', '--no-deps', 'symlink_data'], 'cwd': '/home/tamar/RBE594_ws/build/sirgas_apriltag_detector', 'env': {'GZ_SIM_RESOURCE_PATH': '/opt/ros/jazzy/share', 'GZ_CONFIG_PATH': '/opt/ros/jazzy/opt/gz_sim_vendor/share/gz:/opt/ros/jazzy/opt/sdformat_vendor/share/gz:/opt/ros/jazzy/opt/gz_gui_vendor/share/gz:/opt/ros/jazzy/opt/gz_transport_vendor/share/gz:/opt/ros/jazzy/opt/gz_rendering_vendor/share/gz:/opt/ros/jazzy/opt/gz_plugin_vendor/share/gz:/opt/ros/jazzy/opt/gz_fuel_tools_vendor/share/gz:/opt/ros/jazzy/opt/gz_msgs_vendor/share/gz:/opt/ros/jazzy/opt/gz_common_vendor/share/gz', 'HOSTNAME': 'f35654c561c7', 'SHLVL': '1', 'LIBGL_ALWAYS_SOFTWARE': '1', 'LD_LIBRARY_PATH': '/opt/ros/jazzy/opt/gz_sim_vendor/lib:/opt/ros/jazzy/opt/gz_sensors_vendor/lib:/opt/ros/jazzy/opt/gz_physics_vendor/lib:/opt/ros/jazzy/opt/sdformat_vendor/lib:/opt/ros/jazzy/opt/rviz_ogre_vendor/lib:/opt/ros/jazzy/lib/x86_64-linux-gnu:/opt/ros/jazzy/opt/gz_gui_vendor/lib:/opt/ros/jazzy/opt/gz_transport_vendor/lib:/opt/ros/jazzy/opt/gz_rendering_vendor/lib:/opt/ros/jazzy/opt/gz_plugin_vendor/lib:/opt/ros/jazzy/opt/gz_fuel_tools_vendor/lib:/opt/ros/jazzy/opt/gz_msgs_vendor/lib:/opt/ros/jazzy/opt/gz_common_vendor/lib:/opt/ros/jazzy/opt/gz_math_vendor/lib:/opt/ros/jazzy/opt/gz_utils_vendor/lib:/opt/ros/jazzy/opt/gz_tools_vendor/lib:/opt/ros/jazzy/opt/gz_ogre_next_vendor/lib:/opt/ros/jazzy/opt/gz_dartsim_vendor/lib:/opt/ros/jazzy/opt/gz_cmake_vendor/lib:/opt/ros/jazzy/lib', 'HOME': '/home/tamar', 'OLDPWD': '/', 'ROS_PYTHON_VERSION': '3', 'COLCON_PREFIX_PATH': '/home/tamar/RBE594_ws/install', 'ROS_DISTRO': 'jazzy', '_': '/usr/bin/colcon', 'ROS_VERSION': '2', 'TERM': 'xterm', 'QT_X11_NO_MITSHM': '1', 'PATH': '/opt/ros/jazzy/opt/gz_msgs_vendor/bin:/opt/ros/jazzy/opt/gz_tools_vendor/bin:/opt/ros/jazzy/opt/gz_ogre_next_vendor/bin:/opt/ros/jazzy/bin:/usr/local/sbin:/usr/local/bin:/usr/sbin:/usr/bin:/sbin:/bin', 'DISPLAY': ':1', 'LANG': 'C.UTF-8', 'RMW_IMPLEMENTATION': 'rmw_cyclonedds_cpp', 'AMENT_PREFIX_PATH': '/home/tamar/RBE594_ws/install/sirgas_description:/home/tamar/RBE594_ws/install/sirgas_apriltag_detector:/home/tamar/RBE594_ws/install/custom_gear_controllers:/opt/ros/jazzy', 'ROS_AUTOMATIC_DISCOVERY_RANGE': 'SUBNET', 'PWD': '/home/tamar/RBE594_ws/build/sirgas_apriltag_detector', 'TURTLEBOT3_MODEL': 'waffle', 'LC_ALL': 'C.UTF-8', 'PYTHONPATH': '/home/tamar/RBE594_ws/build/sirgas_apriltag_detector/prefix_override:/usr/lib/python3/dist-packages/colcon_core/task/python/colcon_distutils_commands:/home/tamar/RBE594_ws/install/sirgas_apriltag_detector/lib/python3.12/site-packages:/home/tamar/RBE594_ws/build/sirgas_apriltag_detector:/home/tamar/RBE594_ws/install/sirgas_apriltag_detector/lib/python3.12/site-packages:/home/tamar/RBE594_ws/build/custom_gear_controllers:/home/tamar/RBE594_ws/install/custom_gear_controllers/lib/python3.12/site-packages:/opt/ros/jazzy/lib/python3.12/site-packages', 'NVIDIA_VISIBLE_DEVICES': 'all', 'COLCON': '1', 'CMAKE_PREFIX_PATH': '/home/tamar/RBE594_ws/install/sirgas_description:/opt/ros/jazzy/opt/gz_sim_vendor:/opt/ros/jazzy/opt/gz_sensors_vendor:/opt/ros/jazzy/opt/gz_physics_vendor:/opt/ros/jazzy/opt/sdformat_vendor:/opt/ros/jazzy/opt/gz_gui_vendor:/opt/ros/jazzy/opt/gz_transport_vendor:/opt/ros/jazzy/opt/gz_rendering_vendor:/opt/ros/jazzy/opt/gz_plugin_vendor:/opt/ros/jazzy/opt/gz_fuel_tools_vendor:/opt/ros/jazzy/opt/gz_msgs_vendor:/opt/ros/jazzy/opt/gz_common_vendor:/opt/ros/jazzy/opt/gz_math_vendor:/opt/ros/jazzy/opt/gz_utils_vendor:/opt/ros/jazzy/opt/gz_tools_vendor:/opt/ros/jazzy/opt/gz_ogre_next_vendor:/opt/ros/jazzy/opt/gz_dartsim_vendor:/opt/ros/jazzy/opt/gz_cmake_vendor'}, 'shell': False}
[1.202130] (-) TimerEvent: {}
[1.302370] (-) TimerEvent: {}
[1.402621] (-) TimerEvent: {}
[1.411400] (custom_gear_controllers) StdoutLine: {'line': b'running develop\n'}
[1.416385] (sirgas_apriltag_detector) StdoutLine: {'line': b'running develop\n'}
[1.502735] (-) TimerEvent: {}
[1.601830] (custom_gear_controllers) StdoutLine: {'line': b'running egg_info\n'}
[1.602855] (-) TimerEvent: {}
[1.608241] (sirgas_apriltag_detector) StdoutLine: {'line': b'running egg_info\n'}
[1.620789] (custom_gear_controllers) StdoutLine: {'line': b'writing custom_gear_controllers.egg-info/PKG-INFO\n'}
[1.621080] (custom_gear_controllers) StdoutLine: {'line': b'writing dependency_links to custom_gear_controllers.egg-info/dependency_links.txt\n'}
[1.621314] (custom_gear_controllers) StdoutLine: {'line': b'writing entry points to custom_gear_controllers.egg-info/entry_points.txt\n'}
[1.621569] (custom_gear_controllers) StdoutLine: {'line': b'writing requirements to custom_gear_controllers.egg-info/requires.txt\n'}
[1.621692] (custom_gear_controllers) StdoutLine: {'line': b'writing top-level names to custom_gear_controllers.egg-info/top_level.txt\n'}
[1.626741] (sirgas_apriltag_detector) StdoutLine: {'line': b'writing sirgas_apriltag_detector.egg-info/PKG-INFO\n'}
[1.627032] (sirgas_apriltag_detector) StdoutLine: {'line': b'writing dependency_links to sirgas_apriltag_detector.egg-info/dependency_links.txt\n'}
[1.627278] (sirgas_apriltag_detector) StdoutLine: {'line': b'writing entry points to sirgas_apriltag_detector.egg-info/entry_points.txt\n'}
[1.627429] (sirgas_apriltag_detector) StdoutLine: {'line': b'writing requirements to sirgas_apriltag_detector.egg-info/requires.txt\n'}
[1.627564] (sirgas_apriltag_detector) StdoutLine: {'line': b'writing top-level names to sirgas_apriltag_detector.egg-info/top_level.txt\n'}
[1.656784] (custom_gear_controllers) StdoutLine: {'line': b"reading manifest file 'custom_gear_controllers.egg-info/SOURCES.txt'\n"}
[1.657529] (custom_gear_controllers) StdoutLine: {'line': b"writing manifest file 'custom_gear_controllers.egg-info/SOURCES.txt'\n"}
[1.665177] (sirgas_apriltag_detector) StdoutLine: {'line': b"reading manifest file 'sirgas_apriltag_detector.egg-info/SOURCES.txt'\n"}
[1.665966] (sirgas_apriltag_detector) StdoutLine: {'line': b"writing manifest file 'sirgas_apriltag_detector.egg-info/SOURCES.txt'\n"}
[1.675464] (custom_gear_controllers) StdoutLine: {'line': b'running build_ext\n'}
[1.676848] (custom_gear_controllers) StdoutLine: {'line': b'Creating /home/tamar/RBE594_ws/install/custom_gear_controllers/lib/python3.12/site-packages/custom-gear-controllers.egg-link (link to .)\n'}
[1.677519] (custom_gear_controllers) StdoutLine: {'line': b'\n'}
[1.677690] (custom_gear_controllers) StdoutLine: {'line': b'Installed /home/tamar/RBE594_ws/build/custom_gear_controllers\n'}
[1.677799] (custom_gear_controllers) StdoutLine: {'line': b'running symlink_data\n'}
[1.684932] (sirgas_apriltag_detector) StdoutLine: {'line': b'running build_ext\n'}
[1.685097] (sirgas_apriltag_detector) StdoutLine: {'line': b'Creating /home/tamar/RBE594_ws/install/sirgas_apriltag_detector/lib/python3.12/site-packages/sirgas-apriltag-detector.egg-link (link to .)\n'}
[1.685646] (sirgas_apriltag_detector) StdoutLine: {'line': b'Installing apriltag_detector script to /home/tamar/RBE594_ws/install/sirgas_apriltag_detector/lib/sirgas_apriltag_detector\n'}
[1.685984] (sirgas_apriltag_detector) StdoutLine: {'line': b'\n'}
[1.686114] (sirgas_apriltag_detector) StdoutLine: {'line': b'Installed /home/tamar/RBE594_ws/build/sirgas_apriltag_detector\n'}
[1.686184] (sirgas_apriltag_detector) StdoutLine: {'line': b'running symlink_data\n'}
[1.702942] (-) TimerEvent: {}
[1.704781] (custom_gear_controllers) CommandEnded: {'returncode': 0}
[1.713637] (custom_gear_controllers) JobEnded: {'identifier': 'custom_gear_controllers', 'rc': 0}
[1.717099] (sirgas_apriltag_detector) CommandEnded: {'returncode': 0}
[1.723704] (sirgas_apriltag_detector) JobEnded: {'identifier': 'sirgas_apriltag_detector', 'rc': 0}
[1.724969] (-) EventReactorShutdown: {}
