[0.000000] (-) TimerEvent: {}
[0.000609] (sirgas_description) JobQueued: {'identifier': 'sirgas_description', 'dependencies': OrderedDict()}
[0.000645] (sirgas_description) JobStarted: {'identifier': 'sirgas_description'}
[0.012644] (sirgas_description) JobProgress: {'identifier': 'sirgas_description', 'progress': 'cmake'}
[0.013366] (sirgas_description) Command: {'cmd': ['/usr/bin/cmake', '/home/ev/RBE594_ws/src/sirgas_description', '-DAMENT_CMAKE_SYMLINK_INSTALL=1', '-DCMAKE_INSTALL_PREFIX=/home/ev/RBE594_ws/install/sirgas_description'], 'cwd': '/home/ev/RBE594_ws/build/sirgas_description', 'env': OrderedDict({'GZ_SIM_RESOURCE_PATH': '/opt/ros/jazzy/share', 'GZ_CONFIG_PATH': '/opt/ros/jazzy/opt/gz_sim_vendor/share/gz:/opt/ros/jazzy/opt/sdformat_vendor/share/gz:/opt/ros/jazzy/opt/gz_gui_vendor/share/gz:/opt/ros/jazzy/opt/gz_transport_vendor/share/gz:/opt/ros/jazzy/opt/gz_rendering_vendor/share/gz:/opt/ros/jazzy/opt/gz_plugin_vendor/share/gz:/opt/ros/jazzy/opt/gz_fuel_tools_vendor/share/gz:/opt/ros/jazzy/opt/gz_msgs_vendor/share/gz:/opt/ros/jazzy/opt/gz_common_vendor/share/gz', 'HOSTNAME': 'ev-XPS-15-9570', 'SHLVL': '1', 'LD_LIBRARY_PATH': '/opt/ros/jazzy/opt/gz_sim_vendor/lib:/opt/ros/jazzy/opt/gz_sensors_vendor/lib:/opt/ros/jazzy/opt/gz_physics_vendor/lib:/opt/ros/jazzy/opt/sdformat_vendor/lib:/opt/ros/jazzy/opt/rviz_ogre_vendor/lib:/opt/ros/jazzy/lib/x86_64-linux-gnu:/opt/ros/jazzy/opt/gz_gui_vendor/lib:/opt/ros/jazzy/opt/gz_transport_vendor/lib:/opt/ros/jazzy/opt/gz_rendering_vendor/lib:/opt/ros/jazzy/opt/gz_plugin_vendor/lib:/opt/ros/jazzy/opt/gz_fuel_tools_vendor/lib:/opt/ros/jazzy/opt/gz_msgs_vendor/lib:/opt/ros/jazzy/opt/gz_common_vendor/lib:/opt/ros/jazzy/opt/gz_math_vendor/lib:/opt/ros/jazzy/opt/gz_utils_vendor/lib:/opt/ros/jazzy/opt/gz_tools_vendor/lib:/opt/ros/jazzy/opt/gz_ogre_next_vendor/lib:/opt/ros/jazzy/opt/gz_dartsim_vendor/lib:/opt/ros/jazzy/opt/gz_cmake_vendor/lib:/opt/ros/jazzy/lib', 'HOME': '/home/ev', 'OLDPWD': '/home/ev/RBE594_ws/src/sirgas_description', 'ROS_PYTHON_VERSION': '3', 'ROS_DISTRO': 'jazzy', '_': '/usr/bin/colcon', 'ROS_VERSION': '2', 'TERM': 'xterm', 'QT_X11_NO_MITSHM': '1', 'PATH': '/opt/ros/jazzy/opt/gz_msgs_vendor/bin:/opt/ros/jazzy/opt/gz_tools_vendor/bin:/opt/ros/jazzy/opt/gz_ogre_next_vendor/bin:/opt/ros/jazzy/bin:/usr/local/sbin:/usr/local/bin:/usr/sbin:/usr/bin:/sbin:/bin', 'DISPLAY': ':1', 'LANG': 'C.UTF-8', 'XAUTHORITY': '/home/ev/.Xauthority', 'AMENT_PREFIX_PATH': '/opt/ros/jazzy', 'ROS_AUTOMATIC_DISCOVERY_RANGE': 'SUBNET', 'PWD': '/home/ev/RBE594_ws/build/sirgas_description', 'LC_ALL': 'C.UTF-8', 'PYTHONPATH': '/opt/ros/jazzy/lib/python3.12/site-packages', 'NVIDIA_VISIBLE_DEVICES': 'all', 'COLCON': '1', 'CMAKE_PREFIX_PATH': '/opt/ros/jazzy/opt/gz_sim_vendor:/opt/ros/jazzy/opt/gz_sensors_vendor:/opt/ros/jazzy/opt/gz_physics_vendor:/opt/ros/jazzy/opt/sdformat_vendor:/opt/ros/jazzy/opt/gz_gui_vendor:/opt/ros/jazzy/opt/gz_transport_vendor:/opt/ros/jazzy/opt/gz_rendering_vendor:/opt/ros/jazzy/opt/gz_plugin_vendor:/opt/ros/jazzy/opt/gz_fuel_tools_vendor:/opt/ros/jazzy/opt/gz_msgs_vendor:/opt/ros/jazzy/opt/gz_common_vendor:/opt/ros/jazzy/opt/gz_math_vendor:/opt/ros/jazzy/opt/gz_utils_vendor:/opt/ros/jazzy/opt/gz_tools_vendor:/opt/ros/jazzy/opt/gz_ogre_next_vendor:/opt/ros/jazzy/opt/gz_dartsim_vendor:/opt/ros/jazzy/opt/gz_cmake_vendor:/opt/ros/jazzy'}), 'shell': False}
[0.099787] (-) TimerEvent: {}
[0.134351] (sirgas_description) StdoutLine: {'line': b'-- The C compiler identification is GNU 13.3.0\n'}
[0.199881] (-) TimerEvent: {}
[0.236876] (sirgas_description) StdoutLine: {'line': b'-- The CXX compiler identification is GNU 13.3.0\n'}
[0.253273] (sirgas_description) StdoutLine: {'line': b'-- Detecting C compiler ABI info\n'}
[0.300001] (-) TimerEvent: {}
[0.342248] (sirgas_description) StdoutLine: {'line': b'-- Detecting C compiler ABI info - done\n'}
[0.351471] (sirgas_description) StdoutLine: {'line': b'-- Check for working C compiler: /usr/bin/cc - skipped\n'}
[0.352028] (sirgas_description) StdoutLine: {'line': b'-- Detecting C compile features\n'}
[0.352609] (sirgas_description) StdoutLine: {'line': b'-- Detecting C compile features - done\n'}
[0.361802] (sirgas_description) StdoutLine: {'line': b'-- Detecting CXX compiler ABI info\n'}
[0.400155] (-) TimerEvent: {}
[0.460541] (sirgas_description) StdoutLine: {'line': b'-- Detecting CXX compiler ABI info - done\n'}
[0.470851] (sirgas_description) StdoutLine: {'line': b'-- Check for working CXX compiler: /usr/bin/c++ - skipped\n'}
[0.471071] (sirgas_description) StdoutLine: {'line': b'-- Detecting CXX compile features\n'}
[0.471636] (sirgas_description) StdoutLine: {'line': b'-- Detecting CXX compile features - done\n'}
[0.480731] (sirgas_description) StdoutLine: {'line': b'-- Found ament_cmake: 2.5.4 (/opt/ros/jazzy/share/ament_cmake/cmake)\n'}
[0.500237] (-) TimerEvent: {}
[0.600481] (-) TimerEvent: {}
[0.663007] (sirgas_description) StdoutLine: {'line': b'-- Found Python3: /usr/bin/python3 (found version "3.12.3") found components: Interpreter \n'}
[0.700613] (-) TimerEvent: {}
[0.731359] (sirgas_description) StdoutLine: {'line': b'-- Override CMake install command with custom implementation using symlinks instead of copying resources\n'}
[0.800755] (-) TimerEvent: {}
[0.808034] (sirgas_description) StdoutLine: {'line': b'-- Found xacro: 2.1.1 (/opt/ros/jazzy/share/xacro/cmake)\n'}
[0.814503] (sirgas_description) StdoutLine: {'line': b'-- Found rclcpp: 28.1.12 (/opt/ros/jazzy/share/rclcpp/cmake)\n'}
[0.881652] (sirgas_description) StdoutLine: {'line': b'-- Found rosidl_generator_c: 4.6.6 (/opt/ros/jazzy/share/rosidl_generator_c/cmake)\n'}
[0.900863] (-) TimerEvent: {}
[0.907056] (sirgas_description) StdoutLine: {'line': b'-- Found rosidl_generator_cpp: 4.6.6 (/opt/ros/jazzy/share/rosidl_generator_cpp/cmake)\n'}
[0.935451] (sirgas_description) StdoutLine: {'line': b'-- Using all available rosidl_typesupport_c: rosidl_typesupport_fastrtps_c;rosidl_typesupport_introspection_c\n'}
[0.964015] (sirgas_description) StdoutLine: {'line': b'-- Using all available rosidl_typesupport_cpp: rosidl_typesupport_fastrtps_cpp;rosidl_typesupport_introspection_cpp\n'}
[1.000984] (-) TimerEvent: {}
[1.096848] (sirgas_description) StdoutLine: {'line': b'-- Found rmw_implementation_cmake: 7.3.2 (/opt/ros/jazzy/share/rmw_implementation_cmake/cmake)\n'}
[1.101106] (-) TimerEvent: {}
[1.105024] (sirgas_description) StdoutLine: {'line': b'-- Found rmw_fastrtps_cpp: 8.4.3 (/opt/ros/jazzy/share/rmw_fastrtps_cpp/cmake)\n'}
[1.201221] (-) TimerEvent: {}
[1.241994] (sirgas_description) StdoutLine: {'line': b'-- Found OpenSSL: /usr/lib/x86_64-linux-gnu/libcrypto.so (found version "3.0.13")  \n'}
[1.265459] (sirgas_description) StdoutLine: {'line': b'-- Found FastRTPS: /opt/ros/jazzy/include (Required is at least version "2.13") \n'}
[1.291690] (sirgas_description) StdoutLine: {'line': b"-- Using RMW implementation 'rmw_fastrtps_cpp' as default\n"}
[1.301347] (-) TimerEvent: {}
[1.401576] (-) TimerEvent: {}
[1.405543] (sirgas_description) StdoutLine: {'line': b'-- Found std_msgs: 5.3.6 (/opt/ros/jazzy/share/std_msgs/cmake)\n'}
[1.428772] (sirgas_description) StdoutLine: {'line': b'-- Found trajectory_msgs: 5.3.6 (/opt/ros/jazzy/share/trajectory_msgs/cmake)\n'}
[1.501694] (-) TimerEvent: {}
[1.587223] (sirgas_description) StdoutLine: {'line': b'-- Configuring done (1.6s)\n'}
[1.596711] (sirgas_description) StdoutLine: {'line': b'-- Generating done (0.0s)\n'}
[1.598962] (sirgas_description) StdoutLine: {'line': b'-- Build files have been written to: /home/ev/RBE594_ws/build/sirgas_description\n'}
[1.601806] (-) TimerEvent: {}
[1.610852] (sirgas_description) CommandEnded: {'returncode': 0}
[1.611254] (sirgas_description) JobProgress: {'identifier': 'sirgas_description', 'progress': 'build'}
[1.611450] (sirgas_description) Command: {'cmd': ['/usr/bin/cmake', '--build', '/home/ev/RBE594_ws/build/sirgas_description', '--', '-j12', '-l12'], 'cwd': '/home/ev/RBE594_ws/build/sirgas_description', 'env': OrderedDict({'GZ_SIM_RESOURCE_PATH': '/opt/ros/jazzy/share', 'GZ_CONFIG_PATH': '/opt/ros/jazzy/opt/gz_sim_vendor/share/gz:/opt/ros/jazzy/opt/sdformat_vendor/share/gz:/opt/ros/jazzy/opt/gz_gui_vendor/share/gz:/opt/ros/jazzy/opt/gz_transport_vendor/share/gz:/opt/ros/jazzy/opt/gz_rendering_vendor/share/gz:/opt/ros/jazzy/opt/gz_plugin_vendor/share/gz:/opt/ros/jazzy/opt/gz_fuel_tools_vendor/share/gz:/opt/ros/jazzy/opt/gz_msgs_vendor/share/gz:/opt/ros/jazzy/opt/gz_common_vendor/share/gz', 'HOSTNAME': 'ev-XPS-15-9570', 'SHLVL': '1', 'LD_LIBRARY_PATH': '/opt/ros/jazzy/opt/gz_sim_vendor/lib:/opt/ros/jazzy/opt/gz_sensors_vendor/lib:/opt/ros/jazzy/opt/gz_physics_vendor/lib:/opt/ros/jazzy/opt/sdformat_vendor/lib:/opt/ros/jazzy/opt/rviz_ogre_vendor/lib:/opt/ros/jazzy/lib/x86_64-linux-gnu:/opt/ros/jazzy/opt/gz_gui_vendor/lib:/opt/ros/jazzy/opt/gz_transport_vendor/lib:/opt/ros/jazzy/opt/gz_rendering_vendor/lib:/opt/ros/jazzy/opt/gz_plugin_vendor/lib:/opt/ros/jazzy/opt/gz_fuel_tools_vendor/lib:/opt/ros/jazzy/opt/gz_msgs_vendor/lib:/opt/ros/jazzy/opt/gz_common_vendor/lib:/opt/ros/jazzy/opt/gz_math_vendor/lib:/opt/ros/jazzy/opt/gz_utils_vendor/lib:/opt/ros/jazzy/opt/gz_tools_vendor/lib:/opt/ros/jazzy/opt/gz_ogre_next_vendor/lib:/opt/ros/jazzy/opt/gz_dartsim_vendor/lib:/opt/ros/jazzy/opt/gz_cmake_vendor/lib:/opt/ros/jazzy/lib', 'HOME': '/home/ev', 'OLDPWD': '/home/ev/RBE594_ws/src/sirgas_description', 'ROS_PYTHON_VERSION': '3', 'ROS_DISTRO': 'jazzy', '_': '/usr/bin/colcon', 'ROS_VERSION': '2', 'TERM': 'xterm', 'QT_X11_NO_MITSHM': '1', 'PATH': '/opt/ros/jazzy/opt/gz_msgs_vendor/bin:/opt/ros/jazzy/opt/gz_tools_vendor/bin:/opt/ros/jazzy/opt/gz_ogre_next_vendor/bin:/opt/ros/jazzy/bin:/usr/local/sbin:/usr/local/bin:/usr/sbin:/usr/bin:/sbin:/bin', 'DISPLAY': ':1', 'LANG': 'C.UTF-8', 'XAUTHORITY': '/home/ev/.Xauthority', 'AMENT_PREFIX_PATH': '/opt/ros/jazzy', 'ROS_AUTOMATIC_DISCOVERY_RANGE': 'SUBNET', 'PWD': '/home/ev/RBE594_ws/build/sirgas_description', 'LC_ALL': 'C.UTF-8', 'PYTHONPATH': '/opt/ros/jazzy/lib/python3.12/site-packages', 'NVIDIA_VISIBLE_DEVICES': 'all', 'COLCON': '1', 'CMAKE_PREFIX_PATH': '/opt/ros/jazzy/opt/gz_sim_vendor:/opt/ros/jazzy/opt/gz_sensors_vendor:/opt/ros/jazzy/opt/gz_physics_vendor:/opt/ros/jazzy/opt/sdformat_vendor:/opt/ros/jazzy/opt/gz_gui_vendor:/opt/ros/jazzy/opt/gz_transport_vendor:/opt/ros/jazzy/opt/gz_rendering_vendor:/opt/ros/jazzy/opt/gz_plugin_vendor:/opt/ros/jazzy/opt/gz_fuel_tools_vendor:/opt/ros/jazzy/opt/gz_msgs_vendor:/opt/ros/jazzy/opt/gz_common_vendor:/opt/ros/jazzy/opt/gz_math_vendor:/opt/ros/jazzy/opt/gz_utils_vendor:/opt/ros/jazzy/opt/gz_tools_vendor:/opt/ros/jazzy/opt/gz_ogre_next_vendor:/opt/ros/jazzy/opt/gz_dartsim_vendor:/opt/ros/jazzy/opt/gz_cmake_vendor:/opt/ros/jazzy'}), 'shell': False}
[1.666046] (sirgas_description) CommandEnded: {'returncode': 0}
[1.666576] (sirgas_description) JobProgress: {'identifier': 'sirgas_description', 'progress': 'install'}
[1.678348] (sirgas_description) Command: {'cmd': ['/usr/bin/cmake', '--install', '/home/ev/RBE594_ws/build/sirgas_description'], 'cwd': '/home/ev/RBE594_ws/build/sirgas_description', 'env': OrderedDict({'GZ_SIM_RESOURCE_PATH': '/opt/ros/jazzy/share', 'GZ_CONFIG_PATH': '/opt/ros/jazzy/opt/gz_sim_vendor/share/gz:/opt/ros/jazzy/opt/sdformat_vendor/share/gz:/opt/ros/jazzy/opt/gz_gui_vendor/share/gz:/opt/ros/jazzy/opt/gz_transport_vendor/share/gz:/opt/ros/jazzy/opt/gz_rendering_vendor/share/gz:/opt/ros/jazzy/opt/gz_plugin_vendor/share/gz:/opt/ros/jazzy/opt/gz_fuel_tools_vendor/share/gz:/opt/ros/jazzy/opt/gz_msgs_vendor/share/gz:/opt/ros/jazzy/opt/gz_common_vendor/share/gz', 'HOSTNAME': 'ev-XPS-15-9570', 'SHLVL': '1', 'LD_LIBRARY_PATH': '/opt/ros/jazzy/opt/gz_sim_vendor/lib:/opt/ros/jazzy/opt/gz_sensors_vendor/lib:/opt/ros/jazzy/opt/gz_physics_vendor/lib:/opt/ros/jazzy/opt/sdformat_vendor/lib:/opt/ros/jazzy/opt/rviz_ogre_vendor/lib:/opt/ros/jazzy/lib/x86_64-linux-gnu:/opt/ros/jazzy/opt/gz_gui_vendor/lib:/opt/ros/jazzy/opt/gz_transport_vendor/lib:/opt/ros/jazzy/opt/gz_rendering_vendor/lib:/opt/ros/jazzy/opt/gz_plugin_vendor/lib:/opt/ros/jazzy/opt/gz_fuel_tools_vendor/lib:/opt/ros/jazzy/opt/gz_msgs_vendor/lib:/opt/ros/jazzy/opt/gz_common_vendor/lib:/opt/ros/jazzy/opt/gz_math_vendor/lib:/opt/ros/jazzy/opt/gz_utils_vendor/lib:/opt/ros/jazzy/opt/gz_tools_vendor/lib:/opt/ros/jazzy/opt/gz_ogre_next_vendor/lib:/opt/ros/jazzy/opt/gz_dartsim_vendor/lib:/opt/ros/jazzy/opt/gz_cmake_vendor/lib:/opt/ros/jazzy/lib', 'HOME': '/home/ev', 'OLDPWD': '/home/ev/RBE594_ws/src/sirgas_description', 'ROS_PYTHON_VERSION': '3', 'ROS_DISTRO': 'jazzy', '_': '/usr/bin/colcon', 'ROS_VERSION': '2', 'TERM': 'xterm', 'QT_X11_NO_MITSHM': '1', 'PATH': '/opt/ros/jazzy/opt/gz_msgs_vendor/bin:/opt/ros/jazzy/opt/gz_tools_vendor/bin:/opt/ros/jazzy/opt/gz_ogre_next_vendor/bin:/opt/ros/jazzy/bin:/usr/local/sbin:/usr/local/bin:/usr/sbin:/usr/bin:/sbin:/bin', 'DISPLAY': ':1', 'LANG': 'C.UTF-8', 'XAUTHORITY': '/home/ev/.Xauthority', 'AMENT_PREFIX_PATH': '/opt/ros/jazzy', 'ROS_AUTOMATIC_DISCOVERY_RANGE': 'SUBNET', 'PWD': '/home/ev/RBE594_ws/build/sirgas_description', 'LC_ALL': 'C.UTF-8', 'PYTHONPATH': '/opt/ros/jazzy/lib/python3.12/site-packages', 'NVIDIA_VISIBLE_DEVICES': 'all', 'COLCON': '1', 'CMAKE_PREFIX_PATH': '/opt/ros/jazzy/opt/gz_sim_vendor:/opt/ros/jazzy/opt/gz_sensors_vendor:/opt/ros/jazzy/opt/gz_physics_vendor:/opt/ros/jazzy/opt/sdformat_vendor:/opt/ros/jazzy/opt/gz_gui_vendor:/opt/ros/jazzy/opt/gz_transport_vendor:/opt/ros/jazzy/opt/gz_rendering_vendor:/opt/ros/jazzy/opt/gz_plugin_vendor:/opt/ros/jazzy/opt/gz_fuel_tools_vendor:/opt/ros/jazzy/opt/gz_msgs_vendor:/opt/ros/jazzy/opt/gz_common_vendor:/opt/ros/jazzy/opt/gz_math_vendor:/opt/ros/jazzy/opt/gz_utils_vendor:/opt/ros/jazzy/opt/gz_tools_vendor:/opt/ros/jazzy/opt/gz_ogre_next_vendor:/opt/ros/jazzy/opt/gz_dartsim_vendor:/opt/ros/jazzy/opt/gz_cmake_vendor:/opt/ros/jazzy'}), 'shell': False}
[1.687058] (sirgas_description) StdoutLine: {'line': b'-- Install configuration: ""\n'}
[1.687830] (sirgas_description) StdoutLine: {'line': b'-- Execute custom install script\n'}
[1.688551] (sirgas_description) StdoutLine: {'line': b'-- Symlinking: /home/ev/RBE594_ws/install/sirgas_description/share/sirgas_description//urdf/apriltag_panel.xacro\n'}
[1.699774] (sirgas_description) StdoutLine: {'line': b'-- Symlinking: /home/ev/RBE594_ws/install/sirgas_description/share/sirgas_description//urdf/gear_starter_motor.urdf.xacro\n'}
[1.701916] (-) TimerEvent: {}
[1.711380] (sirgas_description) StdoutLine: {'line': b'-- Symlinking: /home/ev/RBE594_ws/install/sirgas_description/share/sirgas_description//urdf/pba.urdf.xacro\n'}
[1.725568] (sirgas_description) StdoutLine: {'line': b'-- Symlinking: /home/ev/RBE594_ws/install/sirgas_description/share/sirgas_description//urdf/ur20.ros2_control.xacro\n'}
[1.738119] (sirgas_description) StdoutLine: {'line': b'-- Symlinking: /home/ev/RBE594_ws/install/sirgas_description/share/sirgas_description//urdf/ur20_macro.xacro\n'}
[1.749610] (sirgas_description) StdoutLine: {'line': b'-- Symlinking: /home/ev/RBE594_ws/install/sirgas_description/share/sirgas_description//urdf/ur20_picker.urdf.xacro\n'}
[1.760971] (sirgas_description) StdoutLine: {'line': b'-- Symlinking: /home/ev/RBE594_ws/install/sirgas_description/share/sirgas_description//urdf/ur20_starter.urdf.xacro\n'}
[1.771977] (sirgas_description) StdoutLine: {'line': b'-- Symlinking: /home/ev/RBE594_ws/install/sirgas_description/share/sirgas_description//launch/gr.launch.py\n'}
[1.782888] (sirgas_description) StdoutLine: {'line': b'-- Symlinking: /home/ev/RBE594_ws/install/sirgas_description/share/sirgas_description//launch/pba.launch.py\n'}
[1.793933] (sirgas_description) StdoutLine: {'line': b'-- Symlinking: /home/ev/RBE594_ws/install/sirgas_description/share/sirgas_description//launch/pba.launch.xml\n'}
[1.802061] (-) TimerEvent: {}
[1.805693] (sirgas_description) StdoutLine: {'line': b'-- Symlinking: /home/ev/RBE594_ws/install/sirgas_description/share/sirgas_description//launch/pba2.launch.py\n'}
[1.817788] (sirgas_description) StdoutLine: {'line': b'-- Symlinking: /home/ev/RBE594_ws/install/sirgas_description/share/sirgas_description//launch/sim.launch.py\n'}
[1.830427] (sirgas_description) StdoutLine: {'line': b'-- Symlinking: /home/ev/RBE594_ws/install/sirgas_description/share/sirgas_description//launch/sim2.launch.py\n'}
[1.840865] (sirgas_description) StdoutLine: {'line': b'-- Symlinking: /home/ev/RBE594_ws/install/sirgas_description/share/sirgas_description//launch/sim3.launch.py\n'}
[1.849703] (sirgas_description) StdoutLine: {'line': b'-- Symlinking: /home/ev/RBE594_ws/install/sirgas_description/share/sirgas_description//launch/ur20_starter.launch.py\n'}
[1.858607] (sirgas_description) StdoutLine: {'line': b'-- Symlinking: /home/ev/RBE594_ws/install/sirgas_description/share/sirgas_description//launch/ur20_starter_spawn.launch.py\n'}
[1.867489] (sirgas_description) StdoutLine: {'line': b'-- Symlinking: /home/ev/RBE594_ws/install/sirgas_description/share/sirgas_description//meshes/Assembly 1.stl\n'}
[1.875982] (sirgas_description) StdoutLine: {'line': b'-- Symlinking: /home/ev/RBE594_ws/install/sirgas_description/share/sirgas_description//meshes/First_Gear.stl\n'}
[1.884636] (sirgas_description) StdoutLine: {'line': b'-- Symlinking: /home/ev/RBE594_ws/install/sirgas_description/share/sirgas_description//meshes/Gear_Rotator.stl\n'}
[1.893403] (sirgas_description) StdoutLine: {'line': b'-- Symlinking: /home/ev/RBE594_ws/install/sirgas_description/share/sirgas_description//meshes/Motor_Housing.stl\n'}
[1.901968] (sirgas_description) StdoutLine: {'line': b'-- Symlinking: /home/ev/RBE594_ws/install/sirgas_description/share/sirgas_description//meshes/Peg_Board.stl\n'}
[1.902111] (-) TimerEvent: {}
[1.913543] (sirgas_description) StdoutLine: {'line': b'-- Symlinking: /home/ev/RBE594_ws/install/sirgas_description/share/sirgas_description//meshes/Second_Gear.stl\n'}
[1.922939] (sirgas_description) StdoutLine: {'line': b'-- Symlinking: /home/ev/RBE594_ws/install/sirgas_description/share/sirgas_description//meshes/Starter_Gear.stl\n'}
[1.931422] (sirgas_description) StdoutLine: {'line': b'-- Symlinking: /home/ev/RBE594_ws/install/sirgas_description/share/sirgas_description//meshes/Third_Gear.stl\n'}
[1.940023] (sirgas_description) StdoutLine: {'line': b'-- Symlinking: /home/ev/RBE594_ws/install/sirgas_description/share/sirgas_description//meshes/apriltags/tag_1.png\n'}
[1.948822] (sirgas_description) StdoutLine: {'line': b'-- Symlinking: /home/ev/RBE594_ws/install/sirgas_description/share/sirgas_description//meshes/sim_cam/model.sdf\n'}
[1.957545] (sirgas_description) StdoutLine: {'line': b'-- Symlinking: /home/ev/RBE594_ws/install/sirgas_description/share/sirgas_description//world/.keep\n'}
[1.966600] (sirgas_description) StdoutLine: {'line': b'-- Symlinking: /home/ev/RBE594_ws/install/sirgas_description/share/sirgas_description//rviz/config.rviz\n'}
[1.975581] (sirgas_description) StdoutLine: {'line': b'-- Symlinking: /home/ev/RBE594_ws/install/sirgas_description/share/sirgas_description//rviz/ur20_view.rviz\n'}
[1.984770] (sirgas_description) StdoutLine: {'line': b'-- Symlinking: /home/ev/RBE594_ws/install/sirgas_description/share/sirgas_description//config/initial_positions.yaml\n'}
[1.994057] (sirgas_description) StdoutLine: {'line': b'-- Symlinking: /home/ev/RBE594_ws/install/sirgas_description/share/sirgas_description//config/pba_controller.yaml\n'}
[2.002184] (-) TimerEvent: {}
[2.002963] (sirgas_description) StdoutLine: {'line': b'-- Symlinking: /home/ev/RBE594_ws/install/sirgas_description/share/sirgas_description//config/ur20_controllers.yaml\n'}
[2.015401] (sirgas_description) StdoutLine: {'line': b'-- Symlinking: /home/ev/RBE594_ws/install/sirgas_description/share/ament_index/resource_index/package_run_dependencies/sirgas_description\n'}
[2.024322] (sirgas_description) StdoutLine: {'line': b'-- Symlinking: /home/ev/RBE594_ws/install/sirgas_description/share/ament_index/resource_index/parent_prefix_path/sirgas_description\n'}
[2.032815] (sirgas_description) StdoutLine: {'line': b'-- Symlinking: /home/ev/RBE594_ws/install/sirgas_description/share/sirgas_description/environment/ament_prefix_path.sh\n'}
[2.041291] (sirgas_description) StdoutLine: {'line': b'-- Symlinking: /home/ev/RBE594_ws/install/sirgas_description/share/sirgas_description/environment/ament_prefix_path.dsv\n'}
[2.050185] (sirgas_description) StdoutLine: {'line': b'-- Symlinking: /home/ev/RBE594_ws/install/sirgas_description/share/sirgas_description/environment/path.sh\n'}
[2.058996] (sirgas_description) StdoutLine: {'line': b'-- Symlinking: /home/ev/RBE594_ws/install/sirgas_description/share/sirgas_description/environment/path.dsv\n'}
[2.067675] (sirgas_description) StdoutLine: {'line': b'-- Symlinking: /home/ev/RBE594_ws/install/sirgas_description/share/sirgas_description/local_setup.bash\n'}
[2.076365] (sirgas_description) StdoutLine: {'line': b'-- Symlinking: /home/ev/RBE594_ws/install/sirgas_description/share/sirgas_description/local_setup.sh\n'}
[2.084947] (sirgas_description) StdoutLine: {'line': b'-- Symlinking: /home/ev/RBE594_ws/install/sirgas_description/share/sirgas_description/local_setup.zsh\n'}
[2.093725] (sirgas_description) StdoutLine: {'line': b'-- Symlinking: /home/ev/RBE594_ws/install/sirgas_description/share/sirgas_description/local_setup.dsv\n'}
[2.102256] (-) TimerEvent: {}
[2.102612] (sirgas_description) StdoutLine: {'line': b'-- Symlinking: /home/ev/RBE594_ws/install/sirgas_description/share/sirgas_description/package.dsv\n'}
[2.114362] (sirgas_description) StdoutLine: {'line': b'-- Symlinking: /home/ev/RBE594_ws/install/sirgas_description/share/ament_index/resource_index/packages/sirgas_description\n'}
[2.123650] (sirgas_description) StdoutLine: {'line': b'-- Symlinking: /home/ev/RBE594_ws/install/sirgas_description/share/sirgas_description/cmake/sirgas_descriptionConfig.cmake\n'}
[2.131944] (sirgas_description) StdoutLine: {'line': b'-- Symlinking: /home/ev/RBE594_ws/install/sirgas_description/share/sirgas_description/cmake/sirgas_descriptionConfig-version.cmake\n'}
[2.140469] (sirgas_description) StdoutLine: {'line': b'-- Symlinking: /home/ev/RBE594_ws/install/sirgas_description/share/sirgas_description/package.xml\n'}
[2.151720] (sirgas_description) CommandEnded: {'returncode': 0}
[2.166800] (sirgas_description) JobEnded: {'identifier': 'sirgas_description', 'rc': 0}
[2.167275] (-) EventReactorShutdown: {}
